[2024-04-02 13:03:52,067] {taskinstance.py:1159} INFO - Dependencies all met for <TaskInstance: get_stocks_dag.AAPL scheduled__2024-02-06T00:00:00+00:00 [queued]>
[2024-04-02 13:03:52,075] {taskinstance.py:1159} INFO - Dependencies all met for <TaskInstance: get_stocks_dag.AAPL scheduled__2024-02-06T00:00:00+00:00 [queued]>
[2024-04-02 13:03:52,076] {taskinstance.py:1356} INFO - 
--------------------------------------------------------------------------------
[2024-04-02 13:03:52,076] {taskinstance.py:1357} INFO - Starting attempt 1 of 1
[2024-04-02 13:03:52,076] {taskinstance.py:1358} INFO - 
--------------------------------------------------------------------------------
[2024-04-02 13:03:52,098] {taskinstance.py:1377} INFO - Executing <Task(_PythonDecoratedOperator): AAPL> on 2024-02-06 00:00:00+00:00
[2024-04-02 13:03:52,104] {standard_task_runner.py:52} INFO - Started process 10182 to run task
[2024-04-02 13:03:52,111] {standard_task_runner.py:79} INFO - Running: ['airflow', 'tasks', 'run', 'get_stocks_dag', 'AAPL', 'scheduled__2024-02-06T00:00:00+00:00', '--job-id', '107', '--raw', '--subdir', 'DAGS_FOLDER/get_stocks.py', '--cfg-path', '/tmp/tmpi_khl55y', '--error-file', '/tmp/tmpcpcw5zf0']
[2024-04-02 13:03:52,112] {standard_task_runner.py:80} INFO - Job 107: Subtask AAPL
[2024-04-02 13:03:52,182] {task_command.py:370} INFO - Running <TaskInstance: get_stocks_dag.AAPL scheduled__2024-02-06T00:00:00+00:00 [running]> on host alexmend-virtual-machine
[2024-04-02 13:03:52,260] {taskinstance.py:1569} INFO - Exporting the following env vars:
AIRFLOW_CTX_DAG_OWNER=airflow
AIRFLOW_CTX_DAG_ID=get_stocks_dag
AIRFLOW_CTX_TASK_ID=AAPL
AIRFLOW_CTX_EXECUTION_DATE=2024-02-06T00:00:00+00:00
AIRFLOW_CTX_TRY_NUMBER=1
AIRFLOW_CTX_DAG_RUN_ID=scheduled__2024-02-06T00:00:00+00:00
[2024-04-02 13:03:53,098] {python.py:173} INFO - Done. Returned value was: None
[2024-04-02 13:03:53,106] {taskinstance.py:1395} INFO - Marking task as SUCCESS. dag_id=get_stocks_dag, task_id=AAPL, execution_date=20240206T000000, start_date=20240402T160352, end_date=20240402T160353
[2024-04-02 13:03:53,167] {local_task_job.py:156} INFO - Task exited with return code 0
[2024-04-02 13:03:53,191] {local_task_job.py:273} INFO - 0 downstream tasks scheduled from follow-on schedule check
[2024-04-02 17:18:12,953] {taskinstance.py:1159} INFO - Dependencies all met for <TaskInstance: get_stocks_dag.AAPL scheduled__2024-02-06T00:00:00+00:00 [queued]>
[2024-04-02 17:18:13,056] {taskinstance.py:1159} INFO - Dependencies all met for <TaskInstance: get_stocks_dag.AAPL scheduled__2024-02-06T00:00:00+00:00 [queued]>
[2024-04-02 17:18:13,057] {taskinstance.py:1356} INFO - 
--------------------------------------------------------------------------------
[2024-04-02 17:18:13,057] {taskinstance.py:1357} INFO - Starting attempt 1 of 1
[2024-04-02 17:18:13,057] {taskinstance.py:1358} INFO - 
--------------------------------------------------------------------------------
[2024-04-02 17:18:13,208] {taskinstance.py:1377} INFO - Executing <Task(_PythonDecoratedOperator): AAPL> on 2024-02-06 00:00:00+00:00
[2024-04-02 17:18:13,345] {standard_task_runner.py:52} INFO - Started process 5942 to run task
[2024-04-02 17:18:13,399] {standard_task_runner.py:79} INFO - Running: ['airflow', 'tasks', 'run', 'get_stocks_dag', 'AAPL', 'scheduled__2024-02-06T00:00:00+00:00', '--job-id', '86', '--raw', '--subdir', 'DAGS_FOLDER/get_stocks.py', '--cfg-path', '/tmp/tmp1ggpkiad', '--error-file', '/tmp/tmp_x_y_dkh']
[2024-04-02 17:18:13,446] {standard_task_runner.py:80} INFO - Job 86: Subtask AAPL
[2024-04-02 17:18:14,316] {task_command.py:370} INFO - Running <TaskInstance: get_stocks_dag.AAPL scheduled__2024-02-06T00:00:00+00:00 [running]> on host alexmend-virtual-machine
[2024-04-02 17:18:15,077] {taskinstance.py:1569} INFO - Exporting the following env vars:
AIRFLOW_CTX_DAG_OWNER=airflow
AIRFLOW_CTX_DAG_ID=get_stocks_dag
AIRFLOW_CTX_TASK_ID=AAPL
AIRFLOW_CTX_EXECUTION_DATE=2024-02-06T00:00:00+00:00
AIRFLOW_CTX_TRY_NUMBER=1
AIRFLOW_CTX_DAG_RUN_ID=scheduled__2024-02-06T00:00:00+00:00
[2024-04-02 17:18:16,791] {python.py:173} INFO - Done. Returned value was: None
[2024-04-02 17:18:17,282] {taskinstance.py:1395} INFO - Marking task as SUCCESS. dag_id=get_stocks_dag, task_id=AAPL, execution_date=20240206T000000, start_date=20240402T201812, end_date=20240402T201817
[2024-04-02 17:18:17,488] {local_task_job.py:156} INFO - Task exited with return code 0
[2024-04-02 17:18:17,992] {local_task_job.py:273} INFO - 0 downstream tasks scheduled from follow-on schedule check
[2024-04-02 17:44:17,969] {taskinstance.py:1159} INFO - Dependencies all met for <TaskInstance: get_stocks_dag.AAPL scheduled__2024-02-06T00:00:00+00:00 [queued]>
[2024-04-02 17:44:17,992] {taskinstance.py:1159} INFO - Dependencies all met for <TaskInstance: get_stocks_dag.AAPL scheduled__2024-02-06T00:00:00+00:00 [queued]>
[2024-04-02 17:44:17,992] {taskinstance.py:1356} INFO - 
--------------------------------------------------------------------------------
[2024-04-02 17:44:17,992] {taskinstance.py:1357} INFO - Starting attempt 1 of 1
[2024-04-02 17:44:17,992] {taskinstance.py:1358} INFO - 
--------------------------------------------------------------------------------
[2024-04-02 17:44:18,020] {taskinstance.py:1377} INFO - Executing <Task(_PythonDecoratedOperator): AAPL> on 2024-02-06 00:00:00+00:00
[2024-04-02 17:44:18,033] {standard_task_runner.py:52} INFO - Started process 20836 to run task
[2024-04-02 17:44:18,047] {standard_task_runner.py:79} INFO - Running: ['airflow', 'tasks', 'run', 'get_stocks_dag', 'AAPL', 'scheduled__2024-02-06T00:00:00+00:00', '--job-id', '354', '--raw', '--subdir', 'DAGS_FOLDER/get_stocks.py', '--cfg-path', '/tmp/tmp2180nrr8', '--error-file', '/tmp/tmphi8sxm_8']
[2024-04-02 17:44:18,048] {standard_task_runner.py:80} INFO - Job 354: Subtask AAPL
[2024-04-02 17:44:18,208] {task_command.py:370} INFO - Running <TaskInstance: get_stocks_dag.AAPL scheduled__2024-02-06T00:00:00+00:00 [running]> on host alexmend-virtual-machine
[2024-04-02 17:44:18,359] {taskinstance.py:1569} INFO - Exporting the following env vars:
AIRFLOW_CTX_DAG_OWNER=airflow
AIRFLOW_CTX_DAG_ID=get_stocks_dag
AIRFLOW_CTX_TASK_ID=AAPL
AIRFLOW_CTX_EXECUTION_DATE=2024-02-06T00:00:00+00:00
AIRFLOW_CTX_TRY_NUMBER=1
AIRFLOW_CTX_DAG_RUN_ID=scheduled__2024-02-06T00:00:00+00:00
[2024-04-02 17:44:19,454] {python.py:173} INFO - Done. Returned value was: None
[2024-04-02 17:44:19,482] {taskinstance.py:1395} INFO - Marking task as SUCCESS. dag_id=get_stocks_dag, task_id=AAPL, execution_date=20240206T000000, start_date=20240402T204417, end_date=20240402T204419
[2024-04-02 17:44:19,509] {local_task_job.py:156} INFO - Task exited with return code 0
[2024-04-02 17:44:19,568] {local_task_job.py:273} INFO - 0 downstream tasks scheduled from follow-on schedule check
