[2024-04-02 12:56:52,851] {taskinstance.py:1159} INFO - Dependencies all met for <TaskInstance: get_stocks_dag.MSFT scheduled__2024-01-04T00:00:00+00:00 [queued]>
[2024-04-02 12:56:52,865] {taskinstance.py:1159} INFO - Dependencies all met for <TaskInstance: get_stocks_dag.MSFT scheduled__2024-01-04T00:00:00+00:00 [queued]>
[2024-04-02 12:56:52,865] {taskinstance.py:1356} INFO - 
--------------------------------------------------------------------------------
[2024-04-02 12:56:52,865] {taskinstance.py:1357} INFO - Starting attempt 1 of 1
[2024-04-02 12:56:52,865] {taskinstance.py:1358} INFO - 
--------------------------------------------------------------------------------
[2024-04-02 12:56:52,906] {taskinstance.py:1377} INFO - Executing <Task(_PythonDecoratedOperator): MSFT> on 2024-01-04 00:00:00+00:00
[2024-04-02 12:56:52,913] {standard_task_runner.py:52} INFO - Started process 7987 to run task
[2024-04-02 12:56:52,920] {standard_task_runner.py:79} INFO - Running: ['airflow', 'tasks', 'run', 'get_stocks_dag', 'MSFT', 'scheduled__2024-01-04T00:00:00+00:00', '--job-id', '16', '--raw', '--subdir', 'DAGS_FOLDER/get_stocks.py', '--cfg-path', '/tmp/tmpymvzebcz', '--error-file', '/tmp/tmpl4ahg4qf']
[2024-04-02 12:56:52,921] {standard_task_runner.py:80} INFO - Job 16: Subtask MSFT
[2024-04-02 12:56:53,013] {task_command.py:370} INFO - Running <TaskInstance: get_stocks_dag.MSFT scheduled__2024-01-04T00:00:00+00:00 [running]> on host alexmend-virtual-machine
[2024-04-02 12:56:53,099] {taskinstance.py:1569} INFO - Exporting the following env vars:
AIRFLOW_CTX_DAG_OWNER=airflow
AIRFLOW_CTX_DAG_ID=get_stocks_dag
AIRFLOW_CTX_TASK_ID=MSFT
AIRFLOW_CTX_EXECUTION_DATE=2024-01-04T00:00:00+00:00
AIRFLOW_CTX_TRY_NUMBER=1
AIRFLOW_CTX_DAG_RUN_ID=scheduled__2024-01-04T00:00:00+00:00
[2024-04-02 12:56:53,782] {python.py:173} INFO - Done. Returned value was: None
[2024-04-02 12:56:53,801] {taskinstance.py:1395} INFO - Marking task as SUCCESS. dag_id=get_stocks_dag, task_id=MSFT, execution_date=20240104T000000, start_date=20240402T155652, end_date=20240402T155653
[2024-04-02 12:56:53,869] {local_task_job.py:156} INFO - Task exited with return code 0
[2024-04-02 12:56:53,904] {local_task_job.py:273} INFO - 0 downstream tasks scheduled from follow-on schedule check
[2024-04-02 17:41:43,884] {taskinstance.py:1159} INFO - Dependencies all met for <TaskInstance: get_stocks_dag.MSFT scheduled__2024-01-04T00:00:00+00:00 [queued]>
[2024-04-02 17:41:43,921] {taskinstance.py:1159} INFO - Dependencies all met for <TaskInstance: get_stocks_dag.MSFT scheduled__2024-01-04T00:00:00+00:00 [queued]>
[2024-04-02 17:41:43,928] {taskinstance.py:1356} INFO - 
--------------------------------------------------------------------------------
[2024-04-02 17:41:43,933] {taskinstance.py:1357} INFO - Starting attempt 1 of 1
[2024-04-02 17:41:43,934] {taskinstance.py:1358} INFO - 
--------------------------------------------------------------------------------
[2024-04-02 17:41:43,957] {taskinstance.py:1377} INFO - Executing <Task(_PythonDecoratedOperator): MSFT> on 2024-01-04 00:00:00+00:00
[2024-04-02 17:41:43,965] {standard_task_runner.py:52} INFO - Started process 17987 to run task
[2024-04-02 17:41:43,988] {standard_task_runner.py:79} INFO - Running: ['airflow', 'tasks', 'run', 'get_stocks_dag', 'MSFT', 'scheduled__2024-01-04T00:00:00+00:00', '--job-id', '260', '--raw', '--subdir', 'DAGS_FOLDER/get_stocks.py', '--cfg-path', '/tmp/tmpi12v2kj9', '--error-file', '/tmp/tmp53f9mvvi']
[2024-04-02 17:41:43,994] {standard_task_runner.py:80} INFO - Job 260: Subtask MSFT
[2024-04-02 17:41:44,168] {task_command.py:370} INFO - Running <TaskInstance: get_stocks_dag.MSFT scheduled__2024-01-04T00:00:00+00:00 [running]> on host alexmend-virtual-machine
[2024-04-02 17:41:44,336] {taskinstance.py:1569} INFO - Exporting the following env vars:
AIRFLOW_CTX_DAG_OWNER=airflow
AIRFLOW_CTX_DAG_ID=get_stocks_dag
AIRFLOW_CTX_TASK_ID=MSFT
AIRFLOW_CTX_EXECUTION_DATE=2024-01-04T00:00:00+00:00
AIRFLOW_CTX_TRY_NUMBER=1
AIRFLOW_CTX_DAG_RUN_ID=scheduled__2024-01-04T00:00:00+00:00
[2024-04-02 17:41:45,007] {python.py:173} INFO - Done. Returned value was: None
[2024-04-02 17:41:45,056] {taskinstance.py:1395} INFO - Marking task as SUCCESS. dag_id=get_stocks_dag, task_id=MSFT, execution_date=20240104T000000, start_date=20240402T204143, end_date=20240402T204145
[2024-04-02 17:41:45,080] {local_task_job.py:156} INFO - Task exited with return code 0
[2024-04-02 17:41:45,160] {local_task_job.py:273} INFO - 0 downstream tasks scheduled from follow-on schedule check
