[2024-04-02 22:01:15,898] {taskinstance.py:1159} INFO - Dependencies all met for <TaskInstance: get_crypto_dag.DOGE scheduled__2024-03-25T00:00:00+00:00 [queued]>
[2024-04-02 22:01:15,914] {taskinstance.py:1159} INFO - Dependencies all met for <TaskInstance: get_crypto_dag.DOGE scheduled__2024-03-25T00:00:00+00:00 [queued]>
[2024-04-02 22:01:15,914] {taskinstance.py:1356} INFO - 
--------------------------------------------------------------------------------
[2024-04-02 22:01:15,914] {taskinstance.py:1357} INFO - Starting attempt 1 of 1
[2024-04-02 22:01:15,914] {taskinstance.py:1358} INFO - 
--------------------------------------------------------------------------------
[2024-04-02 22:01:15,940] {taskinstance.py:1377} INFO - Executing <Task(_PythonDecoratedOperator): DOGE> on 2024-03-25 00:00:00+00:00
[2024-04-02 22:01:15,950] {standard_task_runner.py:52} INFO - Started process 58521 to run task
[2024-04-02 22:01:15,957] {standard_task_runner.py:79} INFO - Running: ['airflow', 'tasks', 'run', 'get_crypto_dag', 'DOGE', 'scheduled__2024-03-25T00:00:00+00:00', '--job-id', '935', '--raw', '--subdir', 'DAGS_FOLDER/get_crypto.py', '--cfg-path', '/tmp/tmp2chfrirh', '--error-file', '/tmp/tmp5vly5xkw']
[2024-04-02 22:01:15,959] {standard_task_runner.py:80} INFO - Job 935: Subtask DOGE
[2024-04-02 22:01:16,110] {task_command.py:370} INFO - Running <TaskInstance: get_crypto_dag.DOGE scheduled__2024-03-25T00:00:00+00:00 [running]> on host alexmend-virtual-machine
[2024-04-02 22:01:16,247] {taskinstance.py:1569} INFO - Exporting the following env vars:
AIRFLOW_CTX_DAG_OWNER=airflow
AIRFLOW_CTX_DAG_ID=get_crypto_dag
AIRFLOW_CTX_TASK_ID=DOGE
AIRFLOW_CTX_EXECUTION_DATE=2024-03-25T00:00:00+00:00
AIRFLOW_CTX_TRY_NUMBER=1
AIRFLOW_CTX_DAG_RUN_ID=scheduled__2024-03-25T00:00:00+00:00
[2024-04-02 22:01:20,323] {history.py:90} ERROR - DOGE: No timezone found, symbol may be delisted
[2024-04-02 22:01:30,342] {python.py:173} INFO - Done. Returned value was: None
[2024-04-02 22:01:30,375] {taskinstance.py:1395} INFO - Marking task as SUCCESS. dag_id=get_crypto_dag, task_id=DOGE, execution_date=20240325T000000, start_date=20240403T010115, end_date=20240403T010130
[2024-04-02 22:01:30,436] {local_task_job.py:156} INFO - Task exited with return code 0
[2024-04-02 22:01:30,504] {local_task_job.py:273} INFO - 0 downstream tasks scheduled from follow-on schedule check
[2024-04-02 23:13:55,969] {taskinstance.py:1159} INFO - Dependencies all met for <TaskInstance: get_crypto_dag.DOGE scheduled__2024-03-25T00:00:00+00:00 [queued]>
[2024-04-02 23:13:55,995] {taskinstance.py:1159} INFO - Dependencies all met for <TaskInstance: get_crypto_dag.DOGE scheduled__2024-03-25T00:00:00+00:00 [queued]>
[2024-04-02 23:13:55,996] {taskinstance.py:1356} INFO - 
--------------------------------------------------------------------------------
[2024-04-02 23:13:55,996] {taskinstance.py:1357} INFO - Starting attempt 1 of 1
[2024-04-02 23:13:55,996] {taskinstance.py:1358} INFO - 
--------------------------------------------------------------------------------
[2024-04-02 23:13:56,044] {taskinstance.py:1377} INFO - Executing <Task(_PythonDecoratedOperator): DOGE> on 2024-03-25 00:00:00+00:00
[2024-04-02 23:13:56,060] {standard_task_runner.py:52} INFO - Started process 83623 to run task
[2024-04-02 23:13:56,075] {standard_task_runner.py:79} INFO - Running: ['airflow', 'tasks', 'run', 'get_crypto_dag', 'DOGE', 'scheduled__2024-03-25T00:00:00+00:00', '--job-id', '1163', '--raw', '--subdir', 'DAGS_FOLDER/get_crypto.py', '--cfg-path', '/tmp/tmpj1i9z4xv', '--error-file', '/tmp/tmpcdvxc6en']
[2024-04-02 23:13:56,078] {standard_task_runner.py:80} INFO - Job 1163: Subtask DOGE
[2024-04-02 23:13:56,289] {task_command.py:370} INFO - Running <TaskInstance: get_crypto_dag.DOGE scheduled__2024-03-25T00:00:00+00:00 [running]> on host alexmend-virtual-machine
[2024-04-02 23:13:56,540] {taskinstance.py:1569} INFO - Exporting the following env vars:
AIRFLOW_CTX_DAG_OWNER=airflow
AIRFLOW_CTX_DAG_ID=get_crypto_dag
AIRFLOW_CTX_TASK_ID=DOGE
AIRFLOW_CTX_EXECUTION_DATE=2024-03-25T00:00:00+00:00
AIRFLOW_CTX_TRY_NUMBER=1
AIRFLOW_CTX_DAG_RUN_ID=scheduled__2024-03-25T00:00:00+00:00
[2024-04-02 23:14:00,198] {history.py:90} ERROR - DOGE: No timezone found, symbol may be delisted
[2024-04-02 23:14:10,223] {python.py:173} INFO - Done. Returned value was: None
[2024-04-02 23:14:11,897] {taskinstance.py:1395} INFO - Marking task as SUCCESS. dag_id=get_crypto_dag, task_id=DOGE, execution_date=20240325T000000, start_date=20240403T021355, end_date=20240403T021411
[2024-04-02 23:14:11,976] {local_task_job.py:156} INFO - Task exited with return code 0
[2024-04-02 23:14:12,200] {local_task_job.py:273} INFO - 0 downstream tasks scheduled from follow-on schedule check
