[2024-04-02 13:03:59,427] {taskinstance.py:1159} INFO - Dependencies all met for <TaskInstance: get_stocks_dag.GOOG scheduled__2024-02-06T00:00:00+00:00 [queued]>
[2024-04-02 13:03:59,438] {taskinstance.py:1159} INFO - Dependencies all met for <TaskInstance: get_stocks_dag.GOOG scheduled__2024-02-06T00:00:00+00:00 [queued]>
[2024-04-02 13:03:59,438] {taskinstance.py:1356} INFO - 
--------------------------------------------------------------------------------
[2024-04-02 13:03:59,439] {taskinstance.py:1357} INFO - Starting attempt 1 of 1
[2024-04-02 13:03:59,439] {taskinstance.py:1358} INFO - 
--------------------------------------------------------------------------------
[2024-04-02 13:03:59,461] {taskinstance.py:1377} INFO - Executing <Task(_PythonDecoratedOperator): GOOG> on 2024-02-06 00:00:00+00:00
[2024-04-02 13:03:59,468] {standard_task_runner.py:52} INFO - Started process 10220 to run task
[2024-04-02 13:03:59,473] {standard_task_runner.py:79} INFO - Running: ['airflow', 'tasks', 'run', 'get_stocks_dag', 'GOOG', 'scheduled__2024-02-06T00:00:00+00:00', '--job-id', '109', '--raw', '--subdir', 'DAGS_FOLDER/get_stocks.py', '--cfg-path', '/tmp/tmpux81vmq9', '--error-file', '/tmp/tmpzjyd4s6e']
[2024-04-02 13:03:59,475] {standard_task_runner.py:80} INFO - Job 109: Subtask GOOG
[2024-04-02 13:03:59,531] {task_command.py:370} INFO - Running <TaskInstance: get_stocks_dag.GOOG scheduled__2024-02-06T00:00:00+00:00 [running]> on host alexmend-virtual-machine
[2024-04-02 13:03:59,599] {taskinstance.py:1569} INFO - Exporting the following env vars:
AIRFLOW_CTX_DAG_OWNER=airflow
AIRFLOW_CTX_DAG_ID=get_stocks_dag
AIRFLOW_CTX_TASK_ID=GOOG
AIRFLOW_CTX_EXECUTION_DATE=2024-02-06T00:00:00+00:00
AIRFLOW_CTX_TRY_NUMBER=1
AIRFLOW_CTX_DAG_RUN_ID=scheduled__2024-02-06T00:00:00+00:00
[2024-04-02 13:04:00,445] {python.py:173} INFO - Done. Returned value was: None
[2024-04-02 13:04:00,457] {taskinstance.py:1395} INFO - Marking task as SUCCESS. dag_id=get_stocks_dag, task_id=GOOG, execution_date=20240206T000000, start_date=20240402T160359, end_date=20240402T160400
[2024-04-02 13:04:00,493] {local_task_job.py:156} INFO - Task exited with return code 0
[2024-04-02 13:04:00,525] {local_task_job.py:273} INFO - 0 downstream tasks scheduled from follow-on schedule check
[2024-04-02 17:18:16,254] {taskinstance.py:1159} INFO - Dependencies all met for <TaskInstance: get_stocks_dag.GOOG scheduled__2024-02-06T00:00:00+00:00 [queued]>
[2024-04-02 17:18:16,355] {taskinstance.py:1159} INFO - Dependencies all met for <TaskInstance: get_stocks_dag.GOOG scheduled__2024-02-06T00:00:00+00:00 [queued]>
[2024-04-02 17:18:16,356] {taskinstance.py:1356} INFO - 
--------------------------------------------------------------------------------
[2024-04-02 17:18:16,356] {taskinstance.py:1357} INFO - Starting attempt 1 of 1
[2024-04-02 17:18:16,356] {taskinstance.py:1358} INFO - 
--------------------------------------------------------------------------------
[2024-04-02 17:18:16,487] {taskinstance.py:1377} INFO - Executing <Task(_PythonDecoratedOperator): GOOG> on 2024-02-06 00:00:00+00:00
[2024-04-02 17:18:16,528] {standard_task_runner.py:52} INFO - Started process 6080 to run task
[2024-04-02 17:18:16,613] {standard_task_runner.py:79} INFO - Running: ['airflow', 'tasks', 'run', 'get_stocks_dag', 'GOOG', 'scheduled__2024-02-06T00:00:00+00:00', '--job-id', '92', '--raw', '--subdir', 'DAGS_FOLDER/get_stocks.py', '--cfg-path', '/tmp/tmp79h8mw0r', '--error-file', '/tmp/tmphhtc1oct']
[2024-04-02 17:18:16,616] {standard_task_runner.py:80} INFO - Job 92: Subtask GOOG
[2024-04-02 17:18:17,103] {task_command.py:370} INFO - Running <TaskInstance: get_stocks_dag.GOOG scheduled__2024-02-06T00:00:00+00:00 [running]> on host alexmend-virtual-machine
[2024-04-02 17:18:17,477] {taskinstance.py:1569} INFO - Exporting the following env vars:
AIRFLOW_CTX_DAG_OWNER=airflow
AIRFLOW_CTX_DAG_ID=get_stocks_dag
AIRFLOW_CTX_TASK_ID=GOOG
AIRFLOW_CTX_EXECUTION_DATE=2024-02-06T00:00:00+00:00
AIRFLOW_CTX_TRY_NUMBER=1
AIRFLOW_CTX_DAG_RUN_ID=scheduled__2024-02-06T00:00:00+00:00
[2024-04-02 17:18:18,947] {python.py:173} INFO - Done. Returned value was: None
[2024-04-02 17:18:19,040] {taskinstance.py:1395} INFO - Marking task as SUCCESS. dag_id=get_stocks_dag, task_id=GOOG, execution_date=20240206T000000, start_date=20240402T201816, end_date=20240402T201819
[2024-04-02 17:18:19,183] {local_task_job.py:156} INFO - Task exited with return code 0
[2024-04-02 17:18:19,652] {local_task_job.py:273} INFO - 0 downstream tasks scheduled from follow-on schedule check
[2024-04-02 17:44:14,691] {taskinstance.py:1159} INFO - Dependencies all met for <TaskInstance: get_stocks_dag.GOOG scheduled__2024-02-06T00:00:00+00:00 [queued]>
[2024-04-02 17:44:14,712] {taskinstance.py:1159} INFO - Dependencies all met for <TaskInstance: get_stocks_dag.GOOG scheduled__2024-02-06T00:00:00+00:00 [queued]>
[2024-04-02 17:44:14,713] {taskinstance.py:1356} INFO - 
--------------------------------------------------------------------------------
[2024-04-02 17:44:14,713] {taskinstance.py:1357} INFO - Starting attempt 1 of 1
[2024-04-02 17:44:14,713] {taskinstance.py:1358} INFO - 
--------------------------------------------------------------------------------
[2024-04-02 17:44:14,758] {taskinstance.py:1377} INFO - Executing <Task(_PythonDecoratedOperator): GOOG> on 2024-02-06 00:00:00+00:00
[2024-04-02 17:44:14,765] {standard_task_runner.py:52} INFO - Started process 20797 to run task
[2024-04-02 17:44:14,773] {standard_task_runner.py:79} INFO - Running: ['airflow', 'tasks', 'run', 'get_stocks_dag', 'GOOG', 'scheduled__2024-02-06T00:00:00+00:00', '--job-id', '352', '--raw', '--subdir', 'DAGS_FOLDER/get_stocks.py', '--cfg-path', '/tmp/tmp1dnrudp2', '--error-file', '/tmp/tmpu8nq7lka']
[2024-04-02 17:44:14,775] {standard_task_runner.py:80} INFO - Job 352: Subtask GOOG
[2024-04-02 17:44:14,939] {task_command.py:370} INFO - Running <TaskInstance: get_stocks_dag.GOOG scheduled__2024-02-06T00:00:00+00:00 [running]> on host alexmend-virtual-machine
[2024-04-02 17:44:15,085] {taskinstance.py:1569} INFO - Exporting the following env vars:
AIRFLOW_CTX_DAG_OWNER=airflow
AIRFLOW_CTX_DAG_ID=get_stocks_dag
AIRFLOW_CTX_TASK_ID=GOOG
AIRFLOW_CTX_EXECUTION_DATE=2024-02-06T00:00:00+00:00
AIRFLOW_CTX_TRY_NUMBER=1
AIRFLOW_CTX_DAG_RUN_ID=scheduled__2024-02-06T00:00:00+00:00
[2024-04-02 17:44:15,890] {python.py:173} INFO - Done. Returned value was: None
[2024-04-02 17:44:15,916] {taskinstance.py:1395} INFO - Marking task as SUCCESS. dag_id=get_stocks_dag, task_id=GOOG, execution_date=20240206T000000, start_date=20240402T204414, end_date=20240402T204415
[2024-04-02 17:44:15,966] {local_task_job.py:156} INFO - Task exited with return code 0
[2024-04-02 17:44:16,032] {local_task_job.py:273} INFO - 0 downstream tasks scheduled from follow-on schedule check
