[2024-04-02 21:48:47,326] {taskinstance.py:1159} INFO - Dependencies all met for <TaskInstance: get_crypto_dag.AVAX scheduled__2024-03-05T00:00:00+00:00 [queued]>
[2024-04-02 21:48:47,371] {taskinstance.py:1159} INFO - Dependencies all met for <TaskInstance: get_crypto_dag.AVAX scheduled__2024-03-05T00:00:00+00:00 [queued]>
[2024-04-02 21:48:47,371] {taskinstance.py:1356} INFO - 
--------------------------------------------------------------------------------
[2024-04-02 21:48:47,371] {taskinstance.py:1357} INFO - Starting attempt 1 of 1
[2024-04-02 21:48:47,371] {taskinstance.py:1358} INFO - 
--------------------------------------------------------------------------------
[2024-04-02 21:48:47,419] {taskinstance.py:1377} INFO - Executing <Task(_PythonDecoratedOperator): AVAX> on 2024-03-05 00:00:00+00:00
[2024-04-02 21:48:47,436] {standard_task_runner.py:52} INFO - Started process 49898 to run task
[2024-04-02 21:48:47,459] {standard_task_runner.py:79} INFO - Running: ['airflow', 'tasks', 'run', 'get_crypto_dag', 'AVAX', 'scheduled__2024-03-05T00:00:00+00:00', '--job-id', '790', '--raw', '--subdir', 'DAGS_FOLDER/get_crypto.py', '--cfg-path', '/tmp/tmpci_y0sq0', '--error-file', '/tmp/tmpc906ngi1']
[2024-04-02 21:48:47,464] {standard_task_runner.py:80} INFO - Job 790: Subtask AVAX
[2024-04-02 21:48:47,752] {task_command.py:370} INFO - Running <TaskInstance: get_crypto_dag.AVAX scheduled__2024-03-05T00:00:00+00:00 [running]> on host alexmend-virtual-machine
[2024-04-02 21:48:48,008] {taskinstance.py:1569} INFO - Exporting the following env vars:
AIRFLOW_CTX_DAG_OWNER=airflow
AIRFLOW_CTX_DAG_ID=get_crypto_dag
AIRFLOW_CTX_TASK_ID=AVAX
AIRFLOW_CTX_EXECUTION_DATE=2024-03-05T00:00:00+00:00
AIRFLOW_CTX_TRY_NUMBER=1
AIRFLOW_CTX_DAG_RUN_ID=scheduled__2024-03-05T00:00:00+00:00
[2024-04-02 21:48:51,862] {history.py:90} ERROR - AVAX: No timezone found, symbol may be delisted
[2024-04-02 21:49:01,906] {python.py:173} INFO - Done. Returned value was: None
[2024-04-02 21:49:02,000] {taskinstance.py:1395} INFO - Marking task as SUCCESS. dag_id=get_crypto_dag, task_id=AVAX, execution_date=20240305T000000, start_date=20240403T004847, end_date=20240403T004901
[2024-04-02 21:49:02,097] {local_task_job.py:156} INFO - Task exited with return code 0
[2024-04-02 21:49:02,532] {local_task_job.py:273} INFO - 0 downstream tasks scheduled from follow-on schedule check
[2024-04-02 22:54:22,081] {taskinstance.py:1159} INFO - Dependencies all met for <TaskInstance: get_crypto_dag.AVAX scheduled__2024-03-05T00:00:00+00:00 [queued]>
[2024-04-02 22:54:22,118] {taskinstance.py:1159} INFO - Dependencies all met for <TaskInstance: get_crypto_dag.AVAX scheduled__2024-03-05T00:00:00+00:00 [queued]>
[2024-04-02 22:54:22,119] {taskinstance.py:1356} INFO - 
--------------------------------------------------------------------------------
[2024-04-02 22:54:22,120] {taskinstance.py:1357} INFO - Starting attempt 1 of 1
[2024-04-02 22:54:22,120] {taskinstance.py:1358} INFO - 
--------------------------------------------------------------------------------
[2024-04-02 22:54:22,180] {taskinstance.py:1377} INFO - Executing <Task(_PythonDecoratedOperator): AVAX> on 2024-03-05 00:00:00+00:00
[2024-04-02 22:54:22,193] {standard_task_runner.py:52} INFO - Started process 73152 to run task
[2024-04-02 22:54:22,255] {standard_task_runner.py:79} INFO - Running: ['airflow', 'tasks', 'run', 'get_crypto_dag', 'AVAX', 'scheduled__2024-03-05T00:00:00+00:00', '--job-id', '1026', '--raw', '--subdir', 'DAGS_FOLDER/get_crypto.py', '--cfg-path', '/tmp/tmpkoek3tsz', '--error-file', '/tmp/tmp465d4ku8']
[2024-04-02 22:54:22,258] {standard_task_runner.py:80} INFO - Job 1026: Subtask AVAX
[2024-04-02 22:54:22,543] {task_command.py:370} INFO - Running <TaskInstance: get_crypto_dag.AVAX scheduled__2024-03-05T00:00:00+00:00 [running]> on host alexmend-virtual-machine
[2024-04-02 22:54:23,130] {taskinstance.py:1569} INFO - Exporting the following env vars:
AIRFLOW_CTX_DAG_OWNER=airflow
AIRFLOW_CTX_DAG_ID=get_crypto_dag
AIRFLOW_CTX_TASK_ID=AVAX
AIRFLOW_CTX_EXECUTION_DATE=2024-03-05T00:00:00+00:00
AIRFLOW_CTX_TRY_NUMBER=1
AIRFLOW_CTX_DAG_RUN_ID=scheduled__2024-03-05T00:00:00+00:00
[2024-04-02 22:54:26,793] {history.py:90} ERROR - AVAX: No timezone found, symbol may be delisted
[2024-04-02 22:54:36,815] {python.py:173} INFO - Done. Returned value was: None
[2024-04-02 22:54:36,872] {taskinstance.py:1395} INFO - Marking task as SUCCESS. dag_id=get_crypto_dag, task_id=AVAX, execution_date=20240305T000000, start_date=20240403T015422, end_date=20240403T015436
[2024-04-02 22:54:36,925] {local_task_job.py:156} INFO - Task exited with return code 0
[2024-04-02 22:54:37,002] {local_task_job.py:273} INFO - 0 downstream tasks scheduled from follow-on schedule check
