[2024-04-02 22:03:22,484] {taskinstance.py:1159} INFO - Dependencies all met for <TaskInstance: get_crypto_dag.DOGE scheduled__2024-03-29T00:00:00+00:00 [queued]>
[2024-04-02 22:03:22,502] {taskinstance.py:1159} INFO - Dependencies all met for <TaskInstance: get_crypto_dag.DOGE scheduled__2024-03-29T00:00:00+00:00 [queued]>
[2024-04-02 22:03:22,502] {taskinstance.py:1356} INFO - 
--------------------------------------------------------------------------------
[2024-04-02 22:03:22,502] {taskinstance.py:1357} INFO - Starting attempt 1 of 1
[2024-04-02 22:03:22,502] {taskinstance.py:1358} INFO - 
--------------------------------------------------------------------------------
[2024-04-02 22:03:22,527] {taskinstance.py:1377} INFO - Executing <Task(_PythonDecoratedOperator): DOGE> on 2024-03-29 00:00:00+00:00
[2024-04-02 22:03:22,536] {standard_task_runner.py:52} INFO - Started process 59782 to run task
[2024-04-02 22:03:22,554] {standard_task_runner.py:79} INFO - Running: ['airflow', 'tasks', 'run', 'get_crypto_dag', 'DOGE', 'scheduled__2024-03-29T00:00:00+00:00', '--job-id', '951', '--raw', '--subdir', 'DAGS_FOLDER/get_crypto.py', '--cfg-path', '/tmp/tmpuchupq3i', '--error-file', '/tmp/tmp0ylejhga']
[2024-04-02 22:03:22,556] {standard_task_runner.py:80} INFO - Job 951: Subtask DOGE
[2024-04-02 22:03:22,690] {task_command.py:370} INFO - Running <TaskInstance: get_crypto_dag.DOGE scheduled__2024-03-29T00:00:00+00:00 [running]> on host alexmend-virtual-machine
[2024-04-02 22:03:22,824] {taskinstance.py:1569} INFO - Exporting the following env vars:
AIRFLOW_CTX_DAG_OWNER=airflow
AIRFLOW_CTX_DAG_ID=get_crypto_dag
AIRFLOW_CTX_TASK_ID=DOGE
AIRFLOW_CTX_EXECUTION_DATE=2024-03-29T00:00:00+00:00
AIRFLOW_CTX_TRY_NUMBER=1
AIRFLOW_CTX_DAG_RUN_ID=scheduled__2024-03-29T00:00:00+00:00
[2024-04-02 22:03:26,311] {history.py:90} ERROR - DOGE: No timezone found, symbol may be delisted
[2024-04-02 22:03:36,329] {python.py:173} INFO - Done. Returned value was: None
[2024-04-02 22:03:36,364] {taskinstance.py:1395} INFO - Marking task as SUCCESS. dag_id=get_crypto_dag, task_id=DOGE, execution_date=20240329T000000, start_date=20240403T010322, end_date=20240403T010336
[2024-04-02 22:03:36,421] {local_task_job.py:156} INFO - Task exited with return code 0
[2024-04-02 22:03:36,487] {local_task_job.py:273} INFO - 0 downstream tasks scheduled from follow-on schedule check
[2024-04-02 23:18:19,826] {taskinstance.py:1159} INFO - Dependencies all met for <TaskInstance: get_crypto_dag.DOGE scheduled__2024-03-29T00:00:00+00:00 [queued]>
[2024-04-02 23:18:19,860] {taskinstance.py:1159} INFO - Dependencies all met for <TaskInstance: get_crypto_dag.DOGE scheduled__2024-03-29T00:00:00+00:00 [queued]>
[2024-04-02 23:18:19,860] {taskinstance.py:1356} INFO - 
--------------------------------------------------------------------------------
[2024-04-02 23:18:19,860] {taskinstance.py:1357} INFO - Starting attempt 1 of 1
[2024-04-02 23:18:19,860] {taskinstance.py:1358} INFO - 
--------------------------------------------------------------------------------
[2024-04-02 23:18:19,884] {taskinstance.py:1377} INFO - Executing <Task(_PythonDecoratedOperator): DOGE> on 2024-03-29 00:00:00+00:00
[2024-04-02 23:18:19,895] {standard_task_runner.py:52} INFO - Started process 85850 to run task
[2024-04-02 23:18:19,908] {standard_task_runner.py:79} INFO - Running: ['airflow', 'tasks', 'run', 'get_crypto_dag', 'DOGE', 'scheduled__2024-03-29T00:00:00+00:00', '--job-id', '1191', '--raw', '--subdir', 'DAGS_FOLDER/get_crypto.py', '--cfg-path', '/tmp/tmpne4zelgw', '--error-file', '/tmp/tmpx3ugwv6y']
[2024-04-02 23:18:19,912] {standard_task_runner.py:80} INFO - Job 1191: Subtask DOGE
[2024-04-02 23:18:20,090] {task_command.py:370} INFO - Running <TaskInstance: get_crypto_dag.DOGE scheduled__2024-03-29T00:00:00+00:00 [running]> on host alexmend-virtual-machine
[2024-04-02 23:18:20,299] {taskinstance.py:1569} INFO - Exporting the following env vars:
AIRFLOW_CTX_DAG_OWNER=airflow
AIRFLOW_CTX_DAG_ID=get_crypto_dag
AIRFLOW_CTX_TASK_ID=DOGE
AIRFLOW_CTX_EXECUTION_DATE=2024-03-29T00:00:00+00:00
AIRFLOW_CTX_TRY_NUMBER=1
AIRFLOW_CTX_DAG_RUN_ID=scheduled__2024-03-29T00:00:00+00:00
[2024-04-02 23:18:23,612] {history.py:90} ERROR - DOGE: No timezone found, symbol may be delisted
[2024-04-02 23:18:33,627] {python.py:173} INFO - Done. Returned value was: None
[2024-04-02 23:18:33,667] {taskinstance.py:1395} INFO - Marking task as SUCCESS. dag_id=get_crypto_dag, task_id=DOGE, execution_date=20240329T000000, start_date=20240403T021819, end_date=20240403T021833
[2024-04-02 23:18:33,728] {local_task_job.py:156} INFO - Task exited with return code 0
[2024-04-02 23:18:33,806] {local_task_job.py:273} INFO - 0 downstream tasks scheduled from follow-on schedule check
