[2024-04-02 13:09:09,019] {taskinstance.py:1159} INFO - Dependencies all met for <TaskInstance: get_stocks_dag.MSFT scheduled__2024-03-02T00:00:00+00:00 [queued]>
[2024-04-02 13:09:09,031] {taskinstance.py:1159} INFO - Dependencies all met for <TaskInstance: get_stocks_dag.MSFT scheduled__2024-03-02T00:00:00+00:00 [queued]>
[2024-04-02 13:09:09,031] {taskinstance.py:1356} INFO - 
--------------------------------------------------------------------------------
[2024-04-02 13:09:09,032] {taskinstance.py:1357} INFO - Starting attempt 1 of 1
[2024-04-02 13:09:09,032] {taskinstance.py:1358} INFO - 
--------------------------------------------------------------------------------
[2024-04-02 13:09:09,054] {taskinstance.py:1377} INFO - Executing <Task(_PythonDecoratedOperator): MSFT> on 2024-03-02 00:00:00+00:00
[2024-04-02 13:09:09,060] {standard_task_runner.py:52} INFO - Started process 12091 to run task
[2024-04-02 13:09:09,066] {standard_task_runner.py:79} INFO - Running: ['airflow', 'tasks', 'run', 'get_stocks_dag', 'MSFT', 'scheduled__2024-03-02T00:00:00+00:00', '--job-id', '184', '--raw', '--subdir', 'DAGS_FOLDER/get_stocks.py', '--cfg-path', '/tmp/tmp1qdmba79', '--error-file', '/tmp/tmp9k_dhnin']
[2024-04-02 13:09:09,067] {standard_task_runner.py:80} INFO - Job 184: Subtask MSFT
[2024-04-02 13:09:09,127] {task_command.py:370} INFO - Running <TaskInstance: get_stocks_dag.MSFT scheduled__2024-03-02T00:00:00+00:00 [running]> on host alexmend-virtual-machine
[2024-04-02 13:09:09,206] {taskinstance.py:1569} INFO - Exporting the following env vars:
AIRFLOW_CTX_DAG_OWNER=airflow
AIRFLOW_CTX_DAG_ID=get_stocks_dag
AIRFLOW_CTX_TASK_ID=MSFT
AIRFLOW_CTX_EXECUTION_DATE=2024-03-02T00:00:00+00:00
AIRFLOW_CTX_TRY_NUMBER=1
AIRFLOW_CTX_DAG_RUN_ID=scheduled__2024-03-02T00:00:00+00:00
[2024-04-02 13:09:09,883] {python.py:173} INFO - Done. Returned value was: None
[2024-04-02 13:09:09,893] {taskinstance.py:1395} INFO - Marking task as SUCCESS. dag_id=get_stocks_dag, task_id=MSFT, execution_date=20240302T000000, start_date=20240402T160909, end_date=20240402T160909
[2024-04-02 13:09:09,928] {local_task_job.py:156} INFO - Task exited with return code 0
[2024-04-02 13:09:09,950] {local_task_job.py:273} INFO - 0 downstream tasks scheduled from follow-on schedule check
[2024-04-02 17:19:13,413] {taskinstance.py:1159} INFO - Dependencies all met for <TaskInstance: get_stocks_dag.MSFT scheduled__2024-03-02T00:00:00+00:00 [queued]>
[2024-04-02 17:19:13,438] {taskinstance.py:1159} INFO - Dependencies all met for <TaskInstance: get_stocks_dag.MSFT scheduled__2024-03-02T00:00:00+00:00 [queued]>
[2024-04-02 17:19:13,439] {taskinstance.py:1356} INFO - 
--------------------------------------------------------------------------------
[2024-04-02 17:19:13,439] {taskinstance.py:1357} INFO - Starting attempt 1 of 1
[2024-04-02 17:19:13,441] {taskinstance.py:1358} INFO - 
--------------------------------------------------------------------------------
[2024-04-02 17:19:13,481] {taskinstance.py:1377} INFO - Executing <Task(_PythonDecoratedOperator): MSFT> on 2024-03-02 00:00:00+00:00
[2024-04-02 17:19:13,494] {standard_task_runner.py:52} INFO - Started process 7757 to run task
[2024-04-02 17:19:13,518] {standard_task_runner.py:79} INFO - Running: ['airflow', 'tasks', 'run', 'get_stocks_dag', 'MSFT', 'scheduled__2024-03-02T00:00:00+00:00', '--job-id', '164', '--raw', '--subdir', 'DAGS_FOLDER/get_stocks.py', '--cfg-path', '/tmp/tmpi7teltfq', '--error-file', '/tmp/tmpand9_tkg']
[2024-04-02 17:19:13,520] {standard_task_runner.py:80} INFO - Job 164: Subtask MSFT
[2024-04-02 17:19:15,751] {task_command.py:370} INFO - Running <TaskInstance: get_stocks_dag.MSFT scheduled__2024-03-02T00:00:00+00:00 [running]> on host alexmend-virtual-machine
[2024-04-02 17:19:17,462] {taskinstance.py:1569} INFO - Exporting the following env vars:
AIRFLOW_CTX_DAG_OWNER=airflow
AIRFLOW_CTX_DAG_ID=get_stocks_dag
AIRFLOW_CTX_TASK_ID=MSFT
AIRFLOW_CTX_EXECUTION_DATE=2024-03-02T00:00:00+00:00
AIRFLOW_CTX_TRY_NUMBER=1
AIRFLOW_CTX_DAG_RUN_ID=scheduled__2024-03-02T00:00:00+00:00
[2024-04-02 17:19:19,706] {python.py:173} INFO - Done. Returned value was: None
[2024-04-02 17:19:19,936] {taskinstance.py:1395} INFO - Marking task as SUCCESS. dag_id=get_stocks_dag, task_id=MSFT, execution_date=20240302T000000, start_date=20240402T201913, end_date=20240402T201919
[2024-04-02 17:19:20,442] {local_task_job.py:156} INFO - Task exited with return code 0
[2024-04-02 17:19:20,667] {local_task_job.py:273} INFO - 0 downstream tasks scheduled from follow-on schedule check
[2024-04-02 17:45:57,631] {taskinstance.py:1159} INFO - Dependencies all met for <TaskInstance: get_stocks_dag.MSFT scheduled__2024-03-02T00:00:00+00:00 [queued]>
[2024-04-02 17:45:57,642] {taskinstance.py:1159} INFO - Dependencies all met for <TaskInstance: get_stocks_dag.MSFT scheduled__2024-03-02T00:00:00+00:00 [queued]>
[2024-04-02 17:45:57,643] {taskinstance.py:1356} INFO - 
--------------------------------------------------------------------------------
[2024-04-02 17:45:57,643] {taskinstance.py:1357} INFO - Starting attempt 1 of 1
[2024-04-02 17:45:57,643] {taskinstance.py:1358} INFO - 
--------------------------------------------------------------------------------
[2024-04-02 17:45:57,660] {taskinstance.py:1377} INFO - Executing <Task(_PythonDecoratedOperator): MSFT> on 2024-03-02 00:00:00+00:00
[2024-04-02 17:45:57,666] {standard_task_runner.py:52} INFO - Started process 22918 to run task
[2024-04-02 17:45:57,671] {standard_task_runner.py:79} INFO - Running: ['airflow', 'tasks', 'run', 'get_stocks_dag', 'MSFT', 'scheduled__2024-03-02T00:00:00+00:00', '--job-id', '428', '--raw', '--subdir', 'DAGS_FOLDER/get_stocks.py', '--cfg-path', '/tmp/tmpe0i5_mm2', '--error-file', '/tmp/tmpdizbbuz5']
[2024-04-02 17:45:57,672] {standard_task_runner.py:80} INFO - Job 428: Subtask MSFT
[2024-04-02 17:45:57,768] {task_command.py:370} INFO - Running <TaskInstance: get_stocks_dag.MSFT scheduled__2024-03-02T00:00:00+00:00 [running]> on host alexmend-virtual-machine
[2024-04-02 17:45:57,974] {taskinstance.py:1569} INFO - Exporting the following env vars:
AIRFLOW_CTX_DAG_OWNER=airflow
AIRFLOW_CTX_DAG_ID=get_stocks_dag
AIRFLOW_CTX_TASK_ID=MSFT
AIRFLOW_CTX_EXECUTION_DATE=2024-03-02T00:00:00+00:00
AIRFLOW_CTX_TRY_NUMBER=1
AIRFLOW_CTX_DAG_RUN_ID=scheduled__2024-03-02T00:00:00+00:00
[2024-04-02 17:45:58,664] {python.py:173} INFO - Done. Returned value was: None
[2024-04-02 17:45:58,698] {taskinstance.py:1395} INFO - Marking task as SUCCESS. dag_id=get_stocks_dag, task_id=MSFT, execution_date=20240302T000000, start_date=20240402T204557, end_date=20240402T204558
[2024-04-02 17:45:58,741] {local_task_job.py:156} INFO - Task exited with return code 0
[2024-04-02 17:45:58,782] {local_task_job.py:273} INFO - 0 downstream tasks scheduled from follow-on schedule check
[2024-04-02 19:14:39,069] {taskinstance.py:1159} INFO - Dependencies all met for <TaskInstance: get_stocks_dag.MSFT scheduled__2024-03-02T00:00:00+00:00 [queued]>
[2024-04-02 19:14:39,096] {taskinstance.py:1159} INFO - Dependencies all met for <TaskInstance: get_stocks_dag.MSFT scheduled__2024-03-02T00:00:00+00:00 [queued]>
[2024-04-02 19:14:39,096] {taskinstance.py:1356} INFO - 
--------------------------------------------------------------------------------
[2024-04-02 19:14:39,097] {taskinstance.py:1357} INFO - Starting attempt 1 of 1
[2024-04-02 19:14:39,097] {taskinstance.py:1358} INFO - 
--------------------------------------------------------------------------------
[2024-04-02 19:14:39,127] {taskinstance.py:1377} INFO - Executing <Task(_PythonDecoratedOperator): MSFT> on 2024-03-02 00:00:00+00:00
[2024-04-02 19:14:39,136] {standard_task_runner.py:52} INFO - Started process 13831 to run task
[2024-04-02 19:14:39,152] {standard_task_runner.py:79} INFO - Running: ['airflow', 'tasks', 'run', 'get_stocks_dag', 'MSFT', 'scheduled__2024-03-02T00:00:00+00:00', '--job-id', '530', '--raw', '--subdir', 'DAGS_FOLDER/get_stocks.py', '--cfg-path', '/tmp/tmpu01n9_ic', '--error-file', '/tmp/tmp55ud6dsu']
[2024-04-02 19:14:39,155] {standard_task_runner.py:80} INFO - Job 530: Subtask MSFT
[2024-04-02 19:14:39,445] {task_command.py:370} INFO - Running <TaskInstance: get_stocks_dag.MSFT scheduled__2024-03-02T00:00:00+00:00 [running]> on host alexmend-virtual-machine
[2024-04-02 19:14:39,643] {taskinstance.py:1569} INFO - Exporting the following env vars:
AIRFLOW_CTX_DAG_OWNER=airflow
AIRFLOW_CTX_DAG_ID=get_stocks_dag
AIRFLOW_CTX_TASK_ID=MSFT
AIRFLOW_CTX_EXECUTION_DATE=2024-03-02T00:00:00+00:00
AIRFLOW_CTX_TRY_NUMBER=1
AIRFLOW_CTX_DAG_RUN_ID=scheduled__2024-03-02T00:00:00+00:00
[2024-04-02 19:14:40,409] {python.py:173} INFO - Done. Returned value was: None
[2024-04-02 19:14:40,451] {taskinstance.py:1395} INFO - Marking task as SUCCESS. dag_id=get_stocks_dag, task_id=MSFT, execution_date=20240302T000000, start_date=20240402T221439, end_date=20240402T221440
[2024-04-02 19:14:40,509] {local_task_job.py:156} INFO - Task exited with return code 0
[2024-04-02 19:14:40,623] {local_task_job.py:273} INFO - 0 downstream tasks scheduled from follow-on schedule check
[2024-04-02 20:38:18,367] {taskinstance.py:1159} INFO - Dependencies all met for <TaskInstance: get_stocks_dag.MSFT scheduled__2024-03-02T00:00:00+00:00 [queued]>
[2024-04-02 20:38:18,386] {taskinstance.py:1159} INFO - Dependencies all met for <TaskInstance: get_stocks_dag.MSFT scheduled__2024-03-02T00:00:00+00:00 [queued]>
[2024-04-02 20:38:18,386] {taskinstance.py:1356} INFO - 
--------------------------------------------------------------------------------
[2024-04-02 20:38:18,386] {taskinstance.py:1357} INFO - Starting attempt 1 of 1
[2024-04-02 20:38:18,386] {taskinstance.py:1358} INFO - 
--------------------------------------------------------------------------------
[2024-04-02 20:38:18,409] {taskinstance.py:1377} INFO - Executing <Task(_PythonDecoratedOperator): MSFT> on 2024-03-02 00:00:00+00:00
[2024-04-02 20:38:18,419] {standard_task_runner.py:52} INFO - Started process 25108 to run task
[2024-04-02 20:38:18,444] {standard_task_runner.py:79} INFO - Running: ['airflow', 'tasks', 'run', 'get_stocks_dag', 'MSFT', 'scheduled__2024-03-02T00:00:00+00:00', '--job-id', '629', '--raw', '--subdir', 'DAGS_FOLDER/get_stocks.py', '--cfg-path', '/tmp/tmp2t_qbena', '--error-file', '/tmp/tmpi3mw0qx6']
[2024-04-02 20:38:18,447] {standard_task_runner.py:80} INFO - Job 629: Subtask MSFT
[2024-04-02 20:38:18,620] {task_command.py:370} INFO - Running <TaskInstance: get_stocks_dag.MSFT scheduled__2024-03-02T00:00:00+00:00 [running]> on host alexmend-virtual-machine
[2024-04-02 20:38:18,813] {taskinstance.py:1569} INFO - Exporting the following env vars:
AIRFLOW_CTX_DAG_OWNER=airflow
AIRFLOW_CTX_DAG_ID=get_stocks_dag
AIRFLOW_CTX_TASK_ID=MSFT
AIRFLOW_CTX_EXECUTION_DATE=2024-03-02T00:00:00+00:00
AIRFLOW_CTX_TRY_NUMBER=1
AIRFLOW_CTX_DAG_RUN_ID=scheduled__2024-03-02T00:00:00+00:00
[2024-04-02 20:38:19,710] {python.py:173} INFO - Done. Returned value was: None
[2024-04-02 20:38:19,749] {taskinstance.py:1395} INFO - Marking task as SUCCESS. dag_id=get_stocks_dag, task_id=MSFT, execution_date=20240302T000000, start_date=20240402T233818, end_date=20240402T233819
[2024-04-02 20:38:19,815] {local_task_job.py:156} INFO - Task exited with return code 0
[2024-04-02 20:38:19,933] {local_task_job.py:273} INFO - 0 downstream tasks scheduled from follow-on schedule check
[2024-04-02 21:45:49,523] {taskinstance.py:1159} INFO - Dependencies all met for <TaskInstance: get_stocks_dag.MSFT scheduled__2024-03-02T00:00:00+00:00 [queued]>
[2024-04-02 21:45:49,545] {taskinstance.py:1159} INFO - Dependencies all met for <TaskInstance: get_stocks_dag.MSFT scheduled__2024-03-02T00:00:00+00:00 [queued]>
[2024-04-02 21:45:49,546] {taskinstance.py:1356} INFO - 
--------------------------------------------------------------------------------
[2024-04-02 21:45:49,546] {taskinstance.py:1357} INFO - Starting attempt 1 of 1
[2024-04-02 21:45:49,546] {taskinstance.py:1358} INFO - 
--------------------------------------------------------------------------------
[2024-04-02 21:45:49,578] {taskinstance.py:1377} INFO - Executing <Task(_PythonDecoratedOperator): MSFT> on 2024-03-02 00:00:00+00:00
[2024-04-02 21:45:49,599] {standard_task_runner.py:52} INFO - Started process 47747 to run task
[2024-04-02 21:45:49,607] {standard_task_runner.py:79} INFO - Running: ['airflow', 'tasks', 'run', 'get_stocks_dag', 'MSFT', 'scheduled__2024-03-02T00:00:00+00:00', '--job-id', '752', '--raw', '--subdir', 'DAGS_FOLDER/get_stocks.py', '--cfg-path', '/tmp/tmpiqwq_wgu', '--error-file', '/tmp/tmpsvtb7jqk']
[2024-04-02 21:45:49,615] {standard_task_runner.py:80} INFO - Job 752: Subtask MSFT
[2024-04-02 21:45:49,878] {task_command.py:370} INFO - Running <TaskInstance: get_stocks_dag.MSFT scheduled__2024-03-02T00:00:00+00:00 [running]> on host alexmend-virtual-machine
[2024-04-02 21:45:50,171] {taskinstance.py:1569} INFO - Exporting the following env vars:
AIRFLOW_CTX_DAG_OWNER=airflow
AIRFLOW_CTX_DAG_ID=get_stocks_dag
AIRFLOW_CTX_TASK_ID=MSFT
AIRFLOW_CTX_EXECUTION_DATE=2024-03-02T00:00:00+00:00
AIRFLOW_CTX_TRY_NUMBER=1
AIRFLOW_CTX_DAG_RUN_ID=scheduled__2024-03-02T00:00:00+00:00
[2024-04-02 21:46:01,023] {python.py:173} INFO - Done. Returned value was: None
[2024-04-02 21:46:01,107] {taskinstance.py:1395} INFO - Marking task as SUCCESS. dag_id=get_stocks_dag, task_id=MSFT, execution_date=20240302T000000, start_date=20240403T004549, end_date=20240403T004601
[2024-04-02 21:46:01,195] {local_task_job.py:156} INFO - Task exited with return code 0
[2024-04-02 21:46:01,318] {local_task_job.py:273} INFO - 0 downstream tasks scheduled from follow-on schedule check
[2024-04-02 22:52:06,659] {taskinstance.py:1159} INFO - Dependencies all met for <TaskInstance: get_stocks_dag.MSFT scheduled__2024-03-02T00:00:00+00:00 [queued]>
[2024-04-02 22:52:06,681] {taskinstance.py:1159} INFO - Dependencies all met for <TaskInstance: get_stocks_dag.MSFT scheduled__2024-03-02T00:00:00+00:00 [queued]>
[2024-04-02 22:52:06,681] {taskinstance.py:1356} INFO - 
--------------------------------------------------------------------------------
[2024-04-02 22:52:06,682] {taskinstance.py:1357} INFO - Starting attempt 1 of 1
[2024-04-02 22:52:06,682] {taskinstance.py:1358} INFO - 
--------------------------------------------------------------------------------
[2024-04-02 22:52:06,732] {taskinstance.py:1377} INFO - Executing <Task(_PythonDecoratedOperator): MSFT> on 2024-03-02 00:00:00+00:00
[2024-04-02 22:52:06,743] {standard_task_runner.py:52} INFO - Started process 71897 to run task
[2024-04-02 22:52:06,762] {standard_task_runner.py:79} INFO - Running: ['airflow', 'tasks', 'run', 'get_stocks_dag', 'MSFT', 'scheduled__2024-03-02T00:00:00+00:00', '--job-id', '1010', '--raw', '--subdir', 'DAGS_FOLDER/get_stocks.py', '--cfg-path', '/tmp/tmpyjpzbhrc', '--error-file', '/tmp/tmpzbgw_b7y']
[2024-04-02 22:52:06,764] {standard_task_runner.py:80} INFO - Job 1010: Subtask MSFT
[2024-04-02 22:52:06,945] {task_command.py:370} INFO - Running <TaskInstance: get_stocks_dag.MSFT scheduled__2024-03-02T00:00:00+00:00 [running]> on host alexmend-virtual-machine
[2024-04-02 22:52:07,186] {taskinstance.py:1569} INFO - Exporting the following env vars:
AIRFLOW_CTX_DAG_OWNER=airflow
AIRFLOW_CTX_DAG_ID=get_stocks_dag
AIRFLOW_CTX_TASK_ID=MSFT
AIRFLOW_CTX_EXECUTION_DATE=2024-03-02T00:00:00+00:00
AIRFLOW_CTX_TRY_NUMBER=1
AIRFLOW_CTX_DAG_RUN_ID=scheduled__2024-03-02T00:00:00+00:00
[2024-04-02 22:52:18,035] {python.py:173} INFO - Done. Returned value was: None
[2024-04-02 22:52:18,083] {taskinstance.py:1395} INFO - Marking task as SUCCESS. dag_id=get_stocks_dag, task_id=MSFT, execution_date=20240302T000000, start_date=20240403T015206, end_date=20240403T015218
[2024-04-02 22:52:18,218] {local_task_job.py:156} INFO - Task exited with return code 0
[2024-04-02 22:52:18,462] {local_task_job.py:273} INFO - 0 downstream tasks scheduled from follow-on schedule check
