[2024-04-02 22:03:05,928] {taskinstance.py:1159} INFO - Dependencies all met for <TaskInstance: get_crypto_dag.AVAX scheduled__2024-03-28T00:00:00+00:00 [queued]>
[2024-04-02 22:03:05,955] {taskinstance.py:1159} INFO - Dependencies all met for <TaskInstance: get_crypto_dag.AVAX scheduled__2024-03-28T00:00:00+00:00 [queued]>
[2024-04-02 22:03:05,956] {taskinstance.py:1356} INFO - 
--------------------------------------------------------------------------------
[2024-04-02 22:03:05,956] {taskinstance.py:1357} INFO - Starting attempt 1 of 1
[2024-04-02 22:03:05,956] {taskinstance.py:1358} INFO - 
--------------------------------------------------------------------------------
[2024-04-02 22:03:06,007] {taskinstance.py:1377} INFO - Executing <Task(_PythonDecoratedOperator): AVAX> on 2024-03-28 00:00:00+00:00
[2024-04-02 22:03:06,025] {standard_task_runner.py:52} INFO - Started process 59659 to run task
[2024-04-02 22:03:06,043] {standard_task_runner.py:79} INFO - Running: ['airflow', 'tasks', 'run', 'get_crypto_dag', 'AVAX', 'scheduled__2024-03-28T00:00:00+00:00', '--job-id', '948', '--raw', '--subdir', 'DAGS_FOLDER/get_crypto.py', '--cfg-path', '/tmp/tmpqqe74ew8', '--error-file', '/tmp/tmpx0k51yu7']
[2024-04-02 22:03:06,046] {standard_task_runner.py:80} INFO - Job 948: Subtask AVAX
[2024-04-02 22:03:06,239] {task_command.py:370} INFO - Running <TaskInstance: get_crypto_dag.AVAX scheduled__2024-03-28T00:00:00+00:00 [running]> on host alexmend-virtual-machine
[2024-04-02 22:03:06,432] {taskinstance.py:1569} INFO - Exporting the following env vars:
AIRFLOW_CTX_DAG_OWNER=airflow
AIRFLOW_CTX_DAG_ID=get_crypto_dag
AIRFLOW_CTX_TASK_ID=AVAX
AIRFLOW_CTX_EXECUTION_DATE=2024-03-28T00:00:00+00:00
AIRFLOW_CTX_TRY_NUMBER=1
AIRFLOW_CTX_DAG_RUN_ID=scheduled__2024-03-28T00:00:00+00:00
[2024-04-02 22:03:10,170] {history.py:90} ERROR - AVAX: No timezone found, symbol may be delisted
[2024-04-02 22:03:20,194] {python.py:173} INFO - Done. Returned value was: None
[2024-04-02 22:03:20,219] {taskinstance.py:1395} INFO - Marking task as SUCCESS. dag_id=get_crypto_dag, task_id=AVAX, execution_date=20240328T000000, start_date=20240403T010305, end_date=20240403T010320
[2024-04-02 22:03:20,273] {local_task_job.py:156} INFO - Task exited with return code 0
[2024-04-02 22:03:20,324] {local_task_job.py:273} INFO - 0 downstream tasks scheduled from follow-on schedule check
[2024-04-02 23:17:07,757] {taskinstance.py:1159} INFO - Dependencies all met for <TaskInstance: get_crypto_dag.AVAX scheduled__2024-03-28T00:00:00+00:00 [queued]>
[2024-04-02 23:17:07,776] {taskinstance.py:1159} INFO - Dependencies all met for <TaskInstance: get_crypto_dag.AVAX scheduled__2024-03-28T00:00:00+00:00 [queued]>
[2024-04-02 23:17:07,776] {taskinstance.py:1356} INFO - 
--------------------------------------------------------------------------------
[2024-04-02 23:17:07,776] {taskinstance.py:1357} INFO - Starting attempt 1 of 1
[2024-04-02 23:17:07,776] {taskinstance.py:1358} INFO - 
--------------------------------------------------------------------------------
[2024-04-02 23:17:07,796] {taskinstance.py:1377} INFO - Executing <Task(_PythonDecoratedOperator): AVAX> on 2024-03-28 00:00:00+00:00
[2024-04-02 23:17:07,805] {standard_task_runner.py:52} INFO - Started process 85099 to run task
[2024-04-02 23:17:07,811] {standard_task_runner.py:79} INFO - Running: ['airflow', 'tasks', 'run', 'get_crypto_dag', 'AVAX', 'scheduled__2024-03-28T00:00:00+00:00', '--job-id', '1181', '--raw', '--subdir', 'DAGS_FOLDER/get_crypto.py', '--cfg-path', '/tmp/tmpivqm0pvq', '--error-file', '/tmp/tmp8rtqhub5']
[2024-04-02 23:17:07,812] {standard_task_runner.py:80} INFO - Job 1181: Subtask AVAX
[2024-04-02 23:17:08,030] {task_command.py:370} INFO - Running <TaskInstance: get_crypto_dag.AVAX scheduled__2024-03-28T00:00:00+00:00 [running]> on host alexmend-virtual-machine
[2024-04-02 23:17:08,291] {taskinstance.py:1569} INFO - Exporting the following env vars:
AIRFLOW_CTX_DAG_OWNER=airflow
AIRFLOW_CTX_DAG_ID=get_crypto_dag
AIRFLOW_CTX_TASK_ID=AVAX
AIRFLOW_CTX_EXECUTION_DATE=2024-03-28T00:00:00+00:00
AIRFLOW_CTX_TRY_NUMBER=1
AIRFLOW_CTX_DAG_RUN_ID=scheduled__2024-03-28T00:00:00+00:00
[2024-04-02 23:17:11,774] {history.py:90} ERROR - AVAX: No timezone found, symbol may be delisted
[2024-04-02 23:17:21,791] {python.py:173} INFO - Done. Returned value was: None
[2024-04-02 23:17:21,831] {taskinstance.py:1395} INFO - Marking task as SUCCESS. dag_id=get_crypto_dag, task_id=AVAX, execution_date=20240328T000000, start_date=20240403T021707, end_date=20240403T021721
[2024-04-02 23:17:21,881] {local_task_job.py:156} INFO - Task exited with return code 0
[2024-04-02 23:17:21,955] {local_task_job.py:273} INFO - 0 downstream tasks scheduled from follow-on schedule check
