[2024-04-02 21:58:40,923] {taskinstance.py:1159} INFO - Dependencies all met for <TaskInstance: get_crypto_dag.AVAX scheduled__2024-03-20T00:00:00+00:00 [queued]>
[2024-04-02 21:58:40,939] {taskinstance.py:1159} INFO - Dependencies all met for <TaskInstance: get_crypto_dag.AVAX scheduled__2024-03-20T00:00:00+00:00 [queued]>
[2024-04-02 21:58:40,940] {taskinstance.py:1356} INFO - 
--------------------------------------------------------------------------------
[2024-04-02 21:58:40,940] {taskinstance.py:1357} INFO - Starting attempt 1 of 1
[2024-04-02 21:58:40,940] {taskinstance.py:1358} INFO - 
--------------------------------------------------------------------------------
[2024-04-02 21:58:40,967] {taskinstance.py:1377} INFO - Executing <Task(_PythonDecoratedOperator): AVAX> on 2024-03-20 00:00:00+00:00
[2024-04-02 21:58:40,976] {standard_task_runner.py:52} INFO - Started process 56928 to run task
[2024-04-02 21:58:40,984] {standard_task_runner.py:79} INFO - Running: ['airflow', 'tasks', 'run', 'get_crypto_dag', 'AVAX', 'scheduled__2024-03-20T00:00:00+00:00', '--job-id', '915', '--raw', '--subdir', 'DAGS_FOLDER/get_crypto.py', '--cfg-path', '/tmp/tmpfi00bxg2', '--error-file', '/tmp/tmpzg4ny6nj']
[2024-04-02 21:58:40,986] {standard_task_runner.py:80} INFO - Job 915: Subtask AVAX
[2024-04-02 21:58:41,108] {task_command.py:370} INFO - Running <TaskInstance: get_crypto_dag.AVAX scheduled__2024-03-20T00:00:00+00:00 [running]> on host alexmend-virtual-machine
[2024-04-02 21:58:41,259] {taskinstance.py:1569} INFO - Exporting the following env vars:
AIRFLOW_CTX_DAG_OWNER=airflow
AIRFLOW_CTX_DAG_ID=get_crypto_dag
AIRFLOW_CTX_TASK_ID=AVAX
AIRFLOW_CTX_EXECUTION_DATE=2024-03-20T00:00:00+00:00
AIRFLOW_CTX_TRY_NUMBER=1
AIRFLOW_CTX_DAG_RUN_ID=scheduled__2024-03-20T00:00:00+00:00
[2024-04-02 21:58:44,807] {history.py:90} ERROR - AVAX: No timezone found, symbol may be delisted
[2024-04-02 21:58:54,822] {python.py:173} INFO - Done. Returned value was: None
[2024-04-02 21:58:54,849] {taskinstance.py:1395} INFO - Marking task as SUCCESS. dag_id=get_crypto_dag, task_id=AVAX, execution_date=20240320T000000, start_date=20240403T005840, end_date=20240403T005854
[2024-04-02 21:58:54,916] {local_task_job.py:156} INFO - Task exited with return code 0
[2024-04-02 21:58:54,963] {local_task_job.py:273} INFO - 0 downstream tasks scheduled from follow-on schedule check
[2024-04-02 23:09:09,749] {taskinstance.py:1159} INFO - Dependencies all met for <TaskInstance: get_crypto_dag.AVAX scheduled__2024-03-20T00:00:00+00:00 [queued]>
[2024-04-02 23:09:09,772] {taskinstance.py:1159} INFO - Dependencies all met for <TaskInstance: get_crypto_dag.AVAX scheduled__2024-03-20T00:00:00+00:00 [queued]>
[2024-04-02 23:09:09,773] {taskinstance.py:1356} INFO - 
--------------------------------------------------------------------------------
[2024-04-02 23:09:09,773] {taskinstance.py:1357} INFO - Starting attempt 1 of 1
[2024-04-02 23:09:09,773] {taskinstance.py:1358} INFO - 
--------------------------------------------------------------------------------
[2024-04-02 23:09:09,806] {taskinstance.py:1377} INFO - Executing <Task(_PythonDecoratedOperator): AVAX> on 2024-03-20 00:00:00+00:00
[2024-04-02 23:09:09,817] {standard_task_runner.py:52} INFO - Started process 80978 to run task
[2024-04-02 23:09:09,835] {standard_task_runner.py:79} INFO - Running: ['airflow', 'tasks', 'run', 'get_crypto_dag', 'AVAX', 'scheduled__2024-03-20T00:00:00+00:00', '--job-id', '1129', '--raw', '--subdir', 'DAGS_FOLDER/get_crypto.py', '--cfg-path', '/tmp/tmpokrrlar6', '--error-file', '/tmp/tmpd6xp1vx0']
[2024-04-02 23:09:09,838] {standard_task_runner.py:80} INFO - Job 1129: Subtask AVAX
[2024-04-02 23:09:09,978] {task_command.py:370} INFO - Running <TaskInstance: get_crypto_dag.AVAX scheduled__2024-03-20T00:00:00+00:00 [running]> on host alexmend-virtual-machine
[2024-04-02 23:09:10,124] {taskinstance.py:1569} INFO - Exporting the following env vars:
AIRFLOW_CTX_DAG_OWNER=airflow
AIRFLOW_CTX_DAG_ID=get_crypto_dag
AIRFLOW_CTX_TASK_ID=AVAX
AIRFLOW_CTX_EXECUTION_DATE=2024-03-20T00:00:00+00:00
AIRFLOW_CTX_TRY_NUMBER=1
AIRFLOW_CTX_DAG_RUN_ID=scheduled__2024-03-20T00:00:00+00:00
[2024-04-02 23:09:13,808] {history.py:90} ERROR - AVAX: No timezone found, symbol may be delisted
[2024-04-02 23:09:23,827] {python.py:173} INFO - Done. Returned value was: None
[2024-04-02 23:09:23,854] {taskinstance.py:1395} INFO - Marking task as SUCCESS. dag_id=get_crypto_dag, task_id=AVAX, execution_date=20240320T000000, start_date=20240403T020909, end_date=20240403T020923
[2024-04-02 23:09:23,895] {local_task_job.py:156} INFO - Task exited with return code 0
[2024-04-02 23:09:23,965] {local_task_job.py:273} INFO - 0 downstream tasks scheduled from follow-on schedule check
