[2024-04-02 13:12:41,752] {taskinstance.py:1159} INFO - Dependencies all met for <TaskInstance: get_stocks_dag.TSLA scheduled__2024-03-21T00:00:00+00:00 [queued]>
[2024-04-02 13:12:41,762] {taskinstance.py:1159} INFO - Dependencies all met for <TaskInstance: get_stocks_dag.TSLA scheduled__2024-03-21T00:00:00+00:00 [queued]>
[2024-04-02 13:12:41,763] {taskinstance.py:1356} INFO - 
--------------------------------------------------------------------------------
[2024-04-02 13:12:41,763] {taskinstance.py:1357} INFO - Starting attempt 1 of 1
[2024-04-02 13:12:41,764] {taskinstance.py:1358} INFO - 
--------------------------------------------------------------------------------
[2024-04-02 13:12:41,786] {taskinstance.py:1377} INFO - Executing <Task(_PythonDecoratedOperator): TSLA> on 2024-03-21 00:00:00+00:00
[2024-04-02 13:12:41,791] {standard_task_runner.py:52} INFO - Started process 13330 to run task
[2024-04-02 13:12:41,796] {standard_task_runner.py:79} INFO - Running: ['airflow', 'tasks', 'run', 'get_stocks_dag', 'TSLA', 'scheduled__2024-03-21T00:00:00+00:00', '--job-id', '238', '--raw', '--subdir', 'DAGS_FOLDER/get_stocks.py', '--cfg-path', '/tmp/tmpo4jtjwoe', '--error-file', '/tmp/tmpz3mje90p']
[2024-04-02 13:12:41,797] {standard_task_runner.py:80} INFO - Job 238: Subtask TSLA
[2024-04-02 13:12:41,883] {task_command.py:370} INFO - Running <TaskInstance: get_stocks_dag.TSLA scheduled__2024-03-21T00:00:00+00:00 [running]> on host alexmend-virtual-machine
[2024-04-02 13:12:41,978] {taskinstance.py:1569} INFO - Exporting the following env vars:
AIRFLOW_CTX_DAG_OWNER=airflow
AIRFLOW_CTX_DAG_ID=get_stocks_dag
AIRFLOW_CTX_TASK_ID=TSLA
AIRFLOW_CTX_EXECUTION_DATE=2024-03-21T00:00:00+00:00
AIRFLOW_CTX_TRY_NUMBER=1
AIRFLOW_CTX_DAG_RUN_ID=scheduled__2024-03-21T00:00:00+00:00
[2024-04-02 13:12:42,583] {python.py:173} INFO - Done. Returned value was: None
[2024-04-02 13:12:42,592] {taskinstance.py:1395} INFO - Marking task as SUCCESS. dag_id=get_stocks_dag, task_id=TSLA, execution_date=20240321T000000, start_date=20240402T161241, end_date=20240402T161242
[2024-04-02 13:12:42,653] {local_task_job.py:156} INFO - Task exited with return code 0
[2024-04-02 13:12:42,677] {local_task_job.py:273} INFO - 0 downstream tasks scheduled from follow-on schedule check
[2024-04-02 17:20:05,566] {taskinstance.py:1159} INFO - Dependencies all met for <TaskInstance: get_stocks_dag.TSLA scheduled__2024-03-21T00:00:00+00:00 [queued]>
[2024-04-02 17:20:05,640] {taskinstance.py:1159} INFO - Dependencies all met for <TaskInstance: get_stocks_dag.TSLA scheduled__2024-03-21T00:00:00+00:00 [queued]>
[2024-04-02 17:20:05,641] {taskinstance.py:1356} INFO - 
--------------------------------------------------------------------------------
[2024-04-02 17:20:05,641] {taskinstance.py:1357} INFO - Starting attempt 1 of 1
[2024-04-02 17:20:05,641] {taskinstance.py:1358} INFO - 
--------------------------------------------------------------------------------
[2024-04-02 17:20:05,748] {taskinstance.py:1377} INFO - Executing <Task(_PythonDecoratedOperator): TSLA> on 2024-03-21 00:00:00+00:00
[2024-04-02 17:20:05,780] {standard_task_runner.py:52} INFO - Started process 9293 to run task
[2024-04-02 17:20:05,858] {standard_task_runner.py:79} INFO - Running: ['airflow', 'tasks', 'run', 'get_stocks_dag', 'TSLA', 'scheduled__2024-03-21T00:00:00+00:00', '--job-id', '221', '--raw', '--subdir', 'DAGS_FOLDER/get_stocks.py', '--cfg-path', '/tmp/tmp5gqw8vek', '--error-file', '/tmp/tmp62afbavb']
[2024-04-02 17:20:05,904] {standard_task_runner.py:80} INFO - Job 221: Subtask TSLA
[2024-04-02 17:20:06,574] {task_command.py:370} INFO - Running <TaskInstance: get_stocks_dag.TSLA scheduled__2024-03-21T00:00:00+00:00 [running]> on host alexmend-virtual-machine
[2024-04-02 17:20:07,816] {taskinstance.py:1569} INFO - Exporting the following env vars:
AIRFLOW_CTX_DAG_OWNER=airflow
AIRFLOW_CTX_DAG_ID=get_stocks_dag
AIRFLOW_CTX_TASK_ID=TSLA
AIRFLOW_CTX_EXECUTION_DATE=2024-03-21T00:00:00+00:00
AIRFLOW_CTX_TRY_NUMBER=1
AIRFLOW_CTX_DAG_RUN_ID=scheduled__2024-03-21T00:00:00+00:00
[2024-04-02 17:20:09,148] {python.py:173} INFO - Done. Returned value was: None
[2024-04-02 17:20:09,309] {taskinstance.py:1395} INFO - Marking task as SUCCESS. dag_id=get_stocks_dag, task_id=TSLA, execution_date=20240321T000000, start_date=20240402T202005, end_date=20240402T202009
[2024-04-02 17:20:09,529] {local_task_job.py:156} INFO - Task exited with return code 0
[2024-04-02 17:20:09,798] {local_task_job.py:273} INFO - 0 downstream tasks scheduled from follow-on schedule check
[2024-04-02 17:47:32,138] {taskinstance.py:1159} INFO - Dependencies all met for <TaskInstance: get_stocks_dag.TSLA scheduled__2024-03-21T00:00:00+00:00 [queued]>
[2024-04-02 17:47:32,173] {taskinstance.py:1159} INFO - Dependencies all met for <TaskInstance: get_stocks_dag.TSLA scheduled__2024-03-21T00:00:00+00:00 [queued]>
[2024-04-02 17:47:32,174] {taskinstance.py:1356} INFO - 
--------------------------------------------------------------------------------
[2024-04-02 17:47:32,174] {taskinstance.py:1357} INFO - Starting attempt 1 of 1
[2024-04-02 17:47:32,175] {taskinstance.py:1358} INFO - 
--------------------------------------------------------------------------------
[2024-04-02 17:47:32,207] {taskinstance.py:1377} INFO - Executing <Task(_PythonDecoratedOperator): TSLA> on 2024-03-21 00:00:00+00:00
[2024-04-02 17:47:32,231] {standard_task_runner.py:52} INFO - Started process 24624 to run task
[2024-04-02 17:47:32,245] {standard_task_runner.py:79} INFO - Running: ['airflow', 'tasks', 'run', 'get_stocks_dag', 'TSLA', 'scheduled__2024-03-21T00:00:00+00:00', '--job-id', '482', '--raw', '--subdir', 'DAGS_FOLDER/get_stocks.py', '--cfg-path', '/tmp/tmpjl5atquv', '--error-file', '/tmp/tmpja_dorz8']
[2024-04-02 17:47:32,256] {standard_task_runner.py:80} INFO - Job 482: Subtask TSLA
[2024-04-02 17:47:32,483] {task_command.py:370} INFO - Running <TaskInstance: get_stocks_dag.TSLA scheduled__2024-03-21T00:00:00+00:00 [running]> on host alexmend-virtual-machine
[2024-04-02 17:47:32,756] {taskinstance.py:1569} INFO - Exporting the following env vars:
AIRFLOW_CTX_DAG_OWNER=airflow
AIRFLOW_CTX_DAG_ID=get_stocks_dag
AIRFLOW_CTX_TASK_ID=TSLA
AIRFLOW_CTX_EXECUTION_DATE=2024-03-21T00:00:00+00:00
AIRFLOW_CTX_TRY_NUMBER=1
AIRFLOW_CTX_DAG_RUN_ID=scheduled__2024-03-21T00:00:00+00:00
[2024-04-02 17:47:33,822] {python.py:173} INFO - Done. Returned value was: None
[2024-04-02 17:47:33,856] {taskinstance.py:1395} INFO - Marking task as SUCCESS. dag_id=get_stocks_dag, task_id=TSLA, execution_date=20240321T000000, start_date=20240402T204732, end_date=20240402T204733
[2024-04-02 17:47:33,933] {local_task_job.py:156} INFO - Task exited with return code 0
[2024-04-02 17:47:34,050] {local_task_job.py:273} INFO - 0 downstream tasks scheduled from follow-on schedule check
[2024-04-02 19:16:13,653] {taskinstance.py:1159} INFO - Dependencies all met for <TaskInstance: get_stocks_dag.TSLA scheduled__2024-03-21T00:00:00+00:00 [queued]>
[2024-04-02 19:16:13,674] {taskinstance.py:1159} INFO - Dependencies all met for <TaskInstance: get_stocks_dag.TSLA scheduled__2024-03-21T00:00:00+00:00 [queued]>
[2024-04-02 19:16:13,675] {taskinstance.py:1356} INFO - 
--------------------------------------------------------------------------------
[2024-04-02 19:16:13,676] {taskinstance.py:1357} INFO - Starting attempt 1 of 1
[2024-04-02 19:16:13,677] {taskinstance.py:1358} INFO - 
--------------------------------------------------------------------------------
[2024-04-02 19:16:13,698] {taskinstance.py:1377} INFO - Executing <Task(_PythonDecoratedOperator): TSLA> on 2024-03-21 00:00:00+00:00
[2024-04-02 19:16:13,707] {standard_task_runner.py:52} INFO - Started process 15759 to run task
[2024-04-02 19:16:13,717] {standard_task_runner.py:79} INFO - Running: ['airflow', 'tasks', 'run', 'get_stocks_dag', 'TSLA', 'scheduled__2024-03-21T00:00:00+00:00', '--job-id', '583', '--raw', '--subdir', 'DAGS_FOLDER/get_stocks.py', '--cfg-path', '/tmp/tmpd07m6h4q', '--error-file', '/tmp/tmpnv7gd72_']
[2024-04-02 19:16:13,718] {standard_task_runner.py:80} INFO - Job 583: Subtask TSLA
[2024-04-02 19:16:13,851] {task_command.py:370} INFO - Running <TaskInstance: get_stocks_dag.TSLA scheduled__2024-03-21T00:00:00+00:00 [running]> on host alexmend-virtual-machine
[2024-04-02 19:16:13,988] {taskinstance.py:1569} INFO - Exporting the following env vars:
AIRFLOW_CTX_DAG_OWNER=airflow
AIRFLOW_CTX_DAG_ID=get_stocks_dag
AIRFLOW_CTX_TASK_ID=TSLA
AIRFLOW_CTX_EXECUTION_DATE=2024-03-21T00:00:00+00:00
AIRFLOW_CTX_TRY_NUMBER=1
AIRFLOW_CTX_DAG_RUN_ID=scheduled__2024-03-21T00:00:00+00:00
[2024-04-02 19:16:14,650] {python.py:173} INFO - Done. Returned value was: None
[2024-04-02 19:16:14,678] {taskinstance.py:1395} INFO - Marking task as SUCCESS. dag_id=get_stocks_dag, task_id=TSLA, execution_date=20240321T000000, start_date=20240402T221613, end_date=20240402T221614
[2024-04-02 19:16:14,742] {local_task_job.py:156} INFO - Task exited with return code 0
[2024-04-02 19:16:14,843] {local_task_job.py:273} INFO - 0 downstream tasks scheduled from follow-on schedule check
[2024-04-02 20:40:17,949] {taskinstance.py:1159} INFO - Dependencies all met for <TaskInstance: get_stocks_dag.TSLA scheduled__2024-03-21T00:00:00+00:00 [queued]>
[2024-04-02 20:40:17,977] {taskinstance.py:1159} INFO - Dependencies all met for <TaskInstance: get_stocks_dag.TSLA scheduled__2024-03-21T00:00:00+00:00 [queued]>
[2024-04-02 20:40:17,978] {taskinstance.py:1356} INFO - 
--------------------------------------------------------------------------------
[2024-04-02 20:40:17,978] {taskinstance.py:1357} INFO - Starting attempt 1 of 1
[2024-04-02 20:40:17,979] {taskinstance.py:1358} INFO - 
--------------------------------------------------------------------------------
[2024-04-02 20:40:18,004] {taskinstance.py:1377} INFO - Executing <Task(_PythonDecoratedOperator): TSLA> on 2024-03-21 00:00:00+00:00
[2024-04-02 20:40:18,012] {standard_task_runner.py:52} INFO - Started process 27217 to run task
[2024-04-02 20:40:18,057] {standard_task_runner.py:79} INFO - Running: ['airflow', 'tasks', 'run', 'get_stocks_dag', 'TSLA', 'scheduled__2024-03-21T00:00:00+00:00', '--job-id', '685', '--raw', '--subdir', 'DAGS_FOLDER/get_stocks.py', '--cfg-path', '/tmp/tmpmsudwr4h', '--error-file', '/tmp/tmpsdi6_6d8']
[2024-04-02 20:40:18,059] {standard_task_runner.py:80} INFO - Job 685: Subtask TSLA
[2024-04-02 20:40:18,256] {task_command.py:370} INFO - Running <TaskInstance: get_stocks_dag.TSLA scheduled__2024-03-21T00:00:00+00:00 [running]> on host alexmend-virtual-machine
[2024-04-02 20:40:18,459] {taskinstance.py:1569} INFO - Exporting the following env vars:
AIRFLOW_CTX_DAG_OWNER=airflow
AIRFLOW_CTX_DAG_ID=get_stocks_dag
AIRFLOW_CTX_TASK_ID=TSLA
AIRFLOW_CTX_EXECUTION_DATE=2024-03-21T00:00:00+00:00
AIRFLOW_CTX_TRY_NUMBER=1
AIRFLOW_CTX_DAG_RUN_ID=scheduled__2024-03-21T00:00:00+00:00
[2024-04-02 20:40:19,361] {python.py:173} INFO - Done. Returned value was: None
[2024-04-02 20:40:19,390] {taskinstance.py:1395} INFO - Marking task as SUCCESS. dag_id=get_stocks_dag, task_id=TSLA, execution_date=20240321T000000, start_date=20240402T234017, end_date=20240402T234019
[2024-04-02 20:40:19,496] {local_task_job.py:156} INFO - Task exited with return code 0
[2024-04-02 20:40:19,582] {local_task_job.py:273} INFO - 0 downstream tasks scheduled from follow-on schedule check
[2024-04-02 21:53:59,757] {taskinstance.py:1159} INFO - Dependencies all met for <TaskInstance: get_stocks_dag.TSLA scheduled__2024-03-21T00:00:00+00:00 [queued]>
[2024-04-02 21:54:00,144] {taskinstance.py:1159} INFO - Dependencies all met for <TaskInstance: get_stocks_dag.TSLA scheduled__2024-03-21T00:00:00+00:00 [queued]>
[2024-04-02 21:54:00,146] {taskinstance.py:1356} INFO - 
--------------------------------------------------------------------------------
[2024-04-02 21:54:00,147] {taskinstance.py:1357} INFO - Starting attempt 1 of 1
[2024-04-02 21:54:00,148] {taskinstance.py:1358} INFO - 
--------------------------------------------------------------------------------
[2024-04-02 21:54:00,474] {taskinstance.py:1377} INFO - Executing <Task(_PythonDecoratedOperator): TSLA> on 2024-03-21 00:00:00+00:00
[2024-04-02 21:54:00,587] {standard_task_runner.py:52} INFO - Started process 53234 to run task
[2024-04-02 21:54:00,720] {standard_task_runner.py:79} INFO - Running: ['airflow', 'tasks', 'run', 'get_stocks_dag', 'TSLA', 'scheduled__2024-03-21T00:00:00+00:00', '--job-id', '849', '--raw', '--subdir', 'DAGS_FOLDER/get_stocks.py', '--cfg-path', '/tmp/tmpkow11roi', '--error-file', '/tmp/tmp3u1qlt57']
[2024-04-02 21:54:00,741] {standard_task_runner.py:80} INFO - Job 849: Subtask TSLA
[2024-04-02 21:54:01,578] {task_command.py:370} INFO - Running <TaskInstance: get_stocks_dag.TSLA scheduled__2024-03-21T00:00:00+00:00 [running]> on host alexmend-virtual-machine
[2024-04-02 21:54:03,171] {taskinstance.py:1569} INFO - Exporting the following env vars:
AIRFLOW_CTX_DAG_OWNER=airflow
AIRFLOW_CTX_DAG_ID=get_stocks_dag
AIRFLOW_CTX_TASK_ID=TSLA
AIRFLOW_CTX_EXECUTION_DATE=2024-03-21T00:00:00+00:00
AIRFLOW_CTX_TRY_NUMBER=1
AIRFLOW_CTX_DAG_RUN_ID=scheduled__2024-03-21T00:00:00+00:00
[2024-04-02 21:54:15,442] {python.py:173} INFO - Done. Returned value was: None
[2024-04-02 21:54:15,595] {taskinstance.py:1395} INFO - Marking task as SUCCESS. dag_id=get_stocks_dag, task_id=TSLA, execution_date=20240321T000000, start_date=20240403T005359, end_date=20240403T005415
[2024-04-02 21:54:15,864] {local_task_job.py:156} INFO - Task exited with return code 0
[2024-04-02 21:54:16,134] {local_task_job.py:273} INFO - 0 downstream tasks scheduled from follow-on schedule check
[2024-04-02 23:10:29,203] {taskinstance.py:1159} INFO - Dependencies all met for <TaskInstance: get_stocks_dag.TSLA scheduled__2024-03-21T00:00:00+00:00 [queued]>
[2024-04-02 23:10:29,237] {taskinstance.py:1159} INFO - Dependencies all met for <TaskInstance: get_stocks_dag.TSLA scheduled__2024-03-21T00:00:00+00:00 [queued]>
[2024-04-02 23:10:29,239] {taskinstance.py:1356} INFO - 
--------------------------------------------------------------------------------
[2024-04-02 23:10:29,240] {taskinstance.py:1357} INFO - Starting attempt 1 of 1
[2024-04-02 23:10:29,240] {taskinstance.py:1358} INFO - 
--------------------------------------------------------------------------------
[2024-04-02 23:10:29,266] {taskinstance.py:1377} INFO - Executing <Task(_PythonDecoratedOperator): TSLA> on 2024-03-21 00:00:00+00:00
[2024-04-02 23:10:29,276] {standard_task_runner.py:52} INFO - Started process 81708 to run task
[2024-04-02 23:10:29,293] {standard_task_runner.py:79} INFO - Running: ['airflow', 'tasks', 'run', 'get_stocks_dag', 'TSLA', 'scheduled__2024-03-21T00:00:00+00:00', '--job-id', '1138', '--raw', '--subdir', 'DAGS_FOLDER/get_stocks.py', '--cfg-path', '/tmp/tmp7pmjuf55', '--error-file', '/tmp/tmpfvg9uvap']
[2024-04-02 23:10:29,298] {standard_task_runner.py:80} INFO - Job 1138: Subtask TSLA
[2024-04-02 23:10:29,460] {task_command.py:370} INFO - Running <TaskInstance: get_stocks_dag.TSLA scheduled__2024-03-21T00:00:00+00:00 [running]> on host alexmend-virtual-machine
[2024-04-02 23:10:29,633] {taskinstance.py:1569} INFO - Exporting the following env vars:
AIRFLOW_CTX_DAG_OWNER=airflow
AIRFLOW_CTX_DAG_ID=get_stocks_dag
AIRFLOW_CTX_TASK_ID=TSLA
AIRFLOW_CTX_EXECUTION_DATE=2024-03-21T00:00:00+00:00
AIRFLOW_CTX_TRY_NUMBER=1
AIRFLOW_CTX_DAG_RUN_ID=scheduled__2024-03-21T00:00:00+00:00
[2024-04-02 23:10:40,491] {python.py:173} INFO - Done. Returned value was: None
[2024-04-02 23:10:40,536] {taskinstance.py:1395} INFO - Marking task as SUCCESS. dag_id=get_stocks_dag, task_id=TSLA, execution_date=20240321T000000, start_date=20240403T021029, end_date=20240403T021040
[2024-04-02 23:10:40,588] {local_task_job.py:156} INFO - Task exited with return code 0
[2024-04-02 23:10:40,679] {local_task_job.py:273} INFO - 0 downstream tasks scheduled from follow-on schedule check
