[2024-04-02 13:04:28,000] {taskinstance.py:1159} INFO - Dependencies all met for <TaskInstance: get_stocks_dag.MSFT scheduled__2024-02-08T00:00:00+00:00 [queued]>
[2024-04-02 13:04:28,014] {taskinstance.py:1159} INFO - Dependencies all met for <TaskInstance: get_stocks_dag.MSFT scheduled__2024-02-08T00:00:00+00:00 [queued]>
[2024-04-02 13:04:28,015] {taskinstance.py:1356} INFO - 
--------------------------------------------------------------------------------
[2024-04-02 13:04:28,015] {taskinstance.py:1357} INFO - Starting attempt 1 of 1
[2024-04-02 13:04:28,016] {taskinstance.py:1358} INFO - 
--------------------------------------------------------------------------------
[2024-04-02 13:04:28,040] {taskinstance.py:1377} INFO - Executing <Task(_PythonDecoratedOperator): MSFT> on 2024-02-08 00:00:00+00:00
[2024-04-02 13:04:28,046] {standard_task_runner.py:52} INFO - Started process 10389 to run task
[2024-04-02 13:04:28,051] {standard_task_runner.py:79} INFO - Running: ['airflow', 'tasks', 'run', 'get_stocks_dag', 'MSFT', 'scheduled__2024-02-08T00:00:00+00:00', '--job-id', '116', '--raw', '--subdir', 'DAGS_FOLDER/get_stocks.py', '--cfg-path', '/tmp/tmpfu2tqbz9', '--error-file', '/tmp/tmpqfc8yj4s']
[2024-04-02 13:04:28,052] {standard_task_runner.py:80} INFO - Job 116: Subtask MSFT
[2024-04-02 13:04:28,117] {task_command.py:370} INFO - Running <TaskInstance: get_stocks_dag.MSFT scheduled__2024-02-08T00:00:00+00:00 [running]> on host alexmend-virtual-machine
[2024-04-02 13:04:28,200] {taskinstance.py:1569} INFO - Exporting the following env vars:
AIRFLOW_CTX_DAG_OWNER=airflow
AIRFLOW_CTX_DAG_ID=get_stocks_dag
AIRFLOW_CTX_TASK_ID=MSFT
AIRFLOW_CTX_EXECUTION_DATE=2024-02-08T00:00:00+00:00
AIRFLOW_CTX_TRY_NUMBER=1
AIRFLOW_CTX_DAG_RUN_ID=scheduled__2024-02-08T00:00:00+00:00
[2024-04-02 13:04:29,000] {python.py:173} INFO - Done. Returned value was: None
[2024-04-02 13:04:29,019] {taskinstance.py:1395} INFO - Marking task as SUCCESS. dag_id=get_stocks_dag, task_id=MSFT, execution_date=20240208T000000, start_date=20240402T160428, end_date=20240402T160429
[2024-04-02 13:04:29,072] {local_task_job.py:156} INFO - Task exited with return code 0
[2024-04-02 13:04:29,094] {local_task_job.py:273} INFO - 0 downstream tasks scheduled from follow-on schedule check
[2024-04-02 17:18:21,535] {taskinstance.py:1159} INFO - Dependencies all met for <TaskInstance: get_stocks_dag.MSFT scheduled__2024-02-08T00:00:00+00:00 [queued]>
[2024-04-02 17:18:21,648] {taskinstance.py:1159} INFO - Dependencies all met for <TaskInstance: get_stocks_dag.MSFT scheduled__2024-02-08T00:00:00+00:00 [queued]>
[2024-04-02 17:18:21,648] {taskinstance.py:1356} INFO - 
--------------------------------------------------------------------------------
[2024-04-02 17:18:21,648] {taskinstance.py:1357} INFO - Starting attempt 1 of 1
[2024-04-02 17:18:21,648] {taskinstance.py:1358} INFO - 
--------------------------------------------------------------------------------
[2024-04-02 17:18:21,776] {taskinstance.py:1377} INFO - Executing <Task(_PythonDecoratedOperator): MSFT> on 2024-02-08 00:00:00+00:00
[2024-04-02 17:18:21,810] {standard_task_runner.py:52} INFO - Started process 6222 to run task
[2024-04-02 17:18:21,886] {standard_task_runner.py:79} INFO - Running: ['airflow', 'tasks', 'run', 'get_stocks_dag', 'MSFT', 'scheduled__2024-02-08T00:00:00+00:00', '--job-id', '95', '--raw', '--subdir', 'DAGS_FOLDER/get_stocks.py', '--cfg-path', '/tmp/tmp_1ma9diy', '--error-file', '/tmp/tmpqcxw17w_']
[2024-04-02 17:18:21,908] {standard_task_runner.py:80} INFO - Job 95: Subtask MSFT
[2024-04-02 17:18:22,272] {task_command.py:370} INFO - Running <TaskInstance: get_stocks_dag.MSFT scheduled__2024-02-08T00:00:00+00:00 [running]> on host alexmend-virtual-machine
[2024-04-02 17:18:22,572] {taskinstance.py:1569} INFO - Exporting the following env vars:
AIRFLOW_CTX_DAG_OWNER=airflow
AIRFLOW_CTX_DAG_ID=get_stocks_dag
AIRFLOW_CTX_TASK_ID=MSFT
AIRFLOW_CTX_EXECUTION_DATE=2024-02-08T00:00:00+00:00
AIRFLOW_CTX_TRY_NUMBER=1
AIRFLOW_CTX_DAG_RUN_ID=scheduled__2024-02-08T00:00:00+00:00
[2024-04-02 17:18:23,395] {python.py:173} INFO - Done. Returned value was: None
[2024-04-02 17:18:23,582] {taskinstance.py:1395} INFO - Marking task as SUCCESS. dag_id=get_stocks_dag, task_id=MSFT, execution_date=20240208T000000, start_date=20240402T201821, end_date=20240402T201823
[2024-04-02 17:18:23,751] {local_task_job.py:156} INFO - Task exited with return code 0
[2024-04-02 17:18:24,142] {local_task_job.py:273} INFO - 0 downstream tasks scheduled from follow-on schedule check
[2024-04-02 17:44:26,350] {taskinstance.py:1159} INFO - Dependencies all met for <TaskInstance: get_stocks_dag.MSFT scheduled__2024-02-08T00:00:00+00:00 [queued]>
[2024-04-02 17:44:26,368] {taskinstance.py:1159} INFO - Dependencies all met for <TaskInstance: get_stocks_dag.MSFT scheduled__2024-02-08T00:00:00+00:00 [queued]>
[2024-04-02 17:44:26,368] {taskinstance.py:1356} INFO - 
--------------------------------------------------------------------------------
[2024-04-02 17:44:26,368] {taskinstance.py:1357} INFO - Starting attempt 1 of 1
[2024-04-02 17:44:26,368] {taskinstance.py:1358} INFO - 
--------------------------------------------------------------------------------
[2024-04-02 17:44:26,397] {taskinstance.py:1377} INFO - Executing <Task(_PythonDecoratedOperator): MSFT> on 2024-02-08 00:00:00+00:00
[2024-04-02 17:44:26,413] {standard_task_runner.py:52} INFO - Started process 20966 to run task
[2024-04-02 17:44:26,445] {standard_task_runner.py:79} INFO - Running: ['airflow', 'tasks', 'run', 'get_stocks_dag', 'MSFT', 'scheduled__2024-02-08T00:00:00+00:00', '--job-id', '359', '--raw', '--subdir', 'DAGS_FOLDER/get_stocks.py', '--cfg-path', '/tmp/tmp_r75d8ey', '--error-file', '/tmp/tmpowe6lkuh']
[2024-04-02 17:44:26,448] {standard_task_runner.py:80} INFO - Job 359: Subtask MSFT
[2024-04-02 17:44:26,626] {task_command.py:370} INFO - Running <TaskInstance: get_stocks_dag.MSFT scheduled__2024-02-08T00:00:00+00:00 [running]> on host alexmend-virtual-machine
[2024-04-02 17:44:26,832] {taskinstance.py:1569} INFO - Exporting the following env vars:
AIRFLOW_CTX_DAG_OWNER=airflow
AIRFLOW_CTX_DAG_ID=get_stocks_dag
AIRFLOW_CTX_TASK_ID=MSFT
AIRFLOW_CTX_EXECUTION_DATE=2024-02-08T00:00:00+00:00
AIRFLOW_CTX_TRY_NUMBER=1
AIRFLOW_CTX_DAG_RUN_ID=scheduled__2024-02-08T00:00:00+00:00
[2024-04-02 17:44:27,552] {python.py:173} INFO - Done. Returned value was: None
[2024-04-02 17:44:27,571] {taskinstance.py:1395} INFO - Marking task as SUCCESS. dag_id=get_stocks_dag, task_id=MSFT, execution_date=20240208T000000, start_date=20240402T204426, end_date=20240402T204427
[2024-04-02 17:44:27,620] {local_task_job.py:156} INFO - Task exited with return code 0
[2024-04-02 17:44:27,667] {local_task_job.py:273} INFO - 0 downstream tasks scheduled from follow-on schedule check
