[2024-04-02 13:02:06,955] {taskinstance.py:1159} INFO - Dependencies all met for <TaskInstance: get_stocks_dag.AAPL scheduled__2024-01-27T00:00:00+00:00 [queued]>
[2024-04-02 13:02:06,968] {taskinstance.py:1159} INFO - Dependencies all met for <TaskInstance: get_stocks_dag.AAPL scheduled__2024-01-27T00:00:00+00:00 [queued]>
[2024-04-02 13:02:06,969] {taskinstance.py:1356} INFO - 
--------------------------------------------------------------------------------
[2024-04-02 13:02:06,969] {taskinstance.py:1357} INFO - Starting attempt 1 of 1
[2024-04-02 13:02:06,969] {taskinstance.py:1358} INFO - 
--------------------------------------------------------------------------------
[2024-04-02 13:02:06,997] {taskinstance.py:1377} INFO - Executing <Task(_PythonDecoratedOperator): AAPL> on 2024-01-27 00:00:00+00:00
[2024-04-02 13:02:07,004] {standard_task_runner.py:52} INFO - Started process 9625 to run task
[2024-04-02 13:02:07,027] {standard_task_runner.py:79} INFO - Running: ['airflow', 'tasks', 'run', 'get_stocks_dag', 'AAPL', 'scheduled__2024-01-27T00:00:00+00:00', '--job-id', '83', '--raw', '--subdir', 'DAGS_FOLDER/get_stocks.py', '--cfg-path', '/tmp/tmpn32akcv7', '--error-file', '/tmp/tmpdaekpfe3']
[2024-04-02 13:02:07,028] {standard_task_runner.py:80} INFO - Job 83: Subtask AAPL
[2024-04-02 13:02:07,097] {task_command.py:370} INFO - Running <TaskInstance: get_stocks_dag.AAPL scheduled__2024-01-27T00:00:00+00:00 [running]> on host alexmend-virtual-machine
[2024-04-02 13:02:07,192] {taskinstance.py:1569} INFO - Exporting the following env vars:
AIRFLOW_CTX_DAG_OWNER=airflow
AIRFLOW_CTX_DAG_ID=get_stocks_dag
AIRFLOW_CTX_TASK_ID=AAPL
AIRFLOW_CTX_EXECUTION_DATE=2024-01-27T00:00:00+00:00
AIRFLOW_CTX_TRY_NUMBER=1
AIRFLOW_CTX_DAG_RUN_ID=scheduled__2024-01-27T00:00:00+00:00
[2024-04-02 13:02:07,951] {python.py:173} INFO - Done. Returned value was: None
[2024-04-02 13:02:07,961] {taskinstance.py:1395} INFO - Marking task as SUCCESS. dag_id=get_stocks_dag, task_id=AAPL, execution_date=20240127T000000, start_date=20240402T160206, end_date=20240402T160207
[2024-04-02 13:02:07,986] {local_task_job.py:156} INFO - Task exited with return code 0
[2024-04-02 13:02:08,011] {local_task_job.py:273} INFO - 0 downstream tasks scheduled from follow-on schedule check
[2024-04-02 17:17:55,039] {taskinstance.py:1159} INFO - Dependencies all met for <TaskInstance: get_stocks_dag.AAPL scheduled__2024-01-27T00:00:00+00:00 [queued]>
[2024-04-02 17:17:55,123] {taskinstance.py:1159} INFO - Dependencies all met for <TaskInstance: get_stocks_dag.AAPL scheduled__2024-01-27T00:00:00+00:00 [queued]>
[2024-04-02 17:17:55,124] {taskinstance.py:1356} INFO - 
--------------------------------------------------------------------------------
[2024-04-02 17:17:55,149] {taskinstance.py:1357} INFO - Starting attempt 1 of 1
[2024-04-02 17:17:55,154] {taskinstance.py:1358} INFO - 
--------------------------------------------------------------------------------
[2024-04-02 17:17:55,275] {taskinstance.py:1377} INFO - Executing <Task(_PythonDecoratedOperator): AAPL> on 2024-01-27 00:00:00+00:00
[2024-04-02 17:17:55,306] {standard_task_runner.py:52} INFO - Started process 5448 to run task
[2024-04-02 17:17:55,357] {standard_task_runner.py:79} INFO - Running: ['airflow', 'tasks', 'run', 'get_stocks_dag', 'AAPL', 'scheduled__2024-01-27T00:00:00+00:00', '--job-id', '65', '--raw', '--subdir', 'DAGS_FOLDER/get_stocks.py', '--cfg-path', '/tmp/tmpb3iof0nz', '--error-file', '/tmp/tmpnw9xywnw']
[2024-04-02 17:17:55,405] {standard_task_runner.py:80} INFO - Job 65: Subtask AAPL
[2024-04-02 17:17:56,410] {task_command.py:370} INFO - Running <TaskInstance: get_stocks_dag.AAPL scheduled__2024-01-27T00:00:00+00:00 [running]> on host alexmend-virtual-machine
[2024-04-02 17:17:56,900] {taskinstance.py:1569} INFO - Exporting the following env vars:
AIRFLOW_CTX_DAG_OWNER=airflow
AIRFLOW_CTX_DAG_ID=get_stocks_dag
AIRFLOW_CTX_TASK_ID=AAPL
AIRFLOW_CTX_EXECUTION_DATE=2024-01-27T00:00:00+00:00
AIRFLOW_CTX_TRY_NUMBER=1
AIRFLOW_CTX_DAG_RUN_ID=scheduled__2024-01-27T00:00:00+00:00
[2024-04-02 17:17:58,019] {python.py:173} INFO - Done. Returned value was: None
[2024-04-02 17:17:58,120] {taskinstance.py:1395} INFO - Marking task as SUCCESS. dag_id=get_stocks_dag, task_id=AAPL, execution_date=20240127T000000, start_date=20240402T201755, end_date=20240402T201758
[2024-04-02 17:17:58,198] {local_task_job.py:156} INFO - Task exited with return code 0
[2024-04-02 17:17:58,352] {local_task_job.py:273} INFO - 0 downstream tasks scheduled from follow-on schedule check
[2024-04-02 17:43:36,256] {taskinstance.py:1159} INFO - Dependencies all met for <TaskInstance: get_stocks_dag.AAPL scheduled__2024-01-27T00:00:00+00:00 [queued]>
[2024-04-02 17:43:36,272] {taskinstance.py:1159} INFO - Dependencies all met for <TaskInstance: get_stocks_dag.AAPL scheduled__2024-01-27T00:00:00+00:00 [queued]>
[2024-04-02 17:43:36,273] {taskinstance.py:1356} INFO - 
--------------------------------------------------------------------------------
[2024-04-02 17:43:36,273] {taskinstance.py:1357} INFO - Starting attempt 1 of 1
[2024-04-02 17:43:36,273] {taskinstance.py:1358} INFO - 
--------------------------------------------------------------------------------
[2024-04-02 17:43:36,293] {taskinstance.py:1377} INFO - Executing <Task(_PythonDecoratedOperator): AAPL> on 2024-01-27 00:00:00+00:00
[2024-04-02 17:43:36,300] {standard_task_runner.py:52} INFO - Started process 20120 to run task
[2024-04-02 17:43:36,310] {standard_task_runner.py:79} INFO - Running: ['airflow', 'tasks', 'run', 'get_stocks_dag', 'AAPL', 'scheduled__2024-01-27T00:00:00+00:00', '--job-id', '327', '--raw', '--subdir', 'DAGS_FOLDER/get_stocks.py', '--cfg-path', '/tmp/tmpnjxl4atk', '--error-file', '/tmp/tmplbetqiqs']
[2024-04-02 17:43:36,313] {standard_task_runner.py:80} INFO - Job 327: Subtask AAPL
[2024-04-02 17:43:36,457] {task_command.py:370} INFO - Running <TaskInstance: get_stocks_dag.AAPL scheduled__2024-01-27T00:00:00+00:00 [running]> on host alexmend-virtual-machine
[2024-04-02 17:43:36,623] {taskinstance.py:1569} INFO - Exporting the following env vars:
AIRFLOW_CTX_DAG_OWNER=airflow
AIRFLOW_CTX_DAG_ID=get_stocks_dag
AIRFLOW_CTX_TASK_ID=AAPL
AIRFLOW_CTX_EXECUTION_DATE=2024-01-27T00:00:00+00:00
AIRFLOW_CTX_TRY_NUMBER=1
AIRFLOW_CTX_DAG_RUN_ID=scheduled__2024-01-27T00:00:00+00:00
[2024-04-02 17:43:37,297] {python.py:173} INFO - Done. Returned value was: None
[2024-04-02 17:43:37,365] {taskinstance.py:1395} INFO - Marking task as SUCCESS. dag_id=get_stocks_dag, task_id=AAPL, execution_date=20240127T000000, start_date=20240402T204336, end_date=20240402T204337
[2024-04-02 17:43:37,417] {local_task_job.py:156} INFO - Task exited with return code 0
[2024-04-02 17:43:37,554] {local_task_job.py:273} INFO - 0 downstream tasks scheduled from follow-on schedule check
