[2024-04-02 21:50:18,382] {taskinstance.py:1159} INFO - Dependencies all met for <TaskInstance: get_crypto_dag.DOGE scheduled__2024-03-07T00:00:00+00:00 [queued]>
[2024-04-02 21:50:18,400] {taskinstance.py:1159} INFO - Dependencies all met for <TaskInstance: get_crypto_dag.DOGE scheduled__2024-03-07T00:00:00+00:00 [queued]>
[2024-04-02 21:50:18,400] {taskinstance.py:1356} INFO - 
--------------------------------------------------------------------------------
[2024-04-02 21:50:18,401] {taskinstance.py:1357} INFO - Starting attempt 1 of 1
[2024-04-02 21:50:18,401] {taskinstance.py:1358} INFO - 
--------------------------------------------------------------------------------
[2024-04-02 21:50:18,419] {taskinstance.py:1377} INFO - Executing <Task(_PythonDecoratedOperator): DOGE> on 2024-03-07 00:00:00+00:00
[2024-04-02 21:50:18,429] {standard_task_runner.py:52} INFO - Started process 51076 to run task
[2024-04-02 21:50:18,437] {standard_task_runner.py:79} INFO - Running: ['airflow', 'tasks', 'run', 'get_crypto_dag', 'DOGE', 'scheduled__2024-03-07T00:00:00+00:00', '--job-id', '812', '--raw', '--subdir', 'DAGS_FOLDER/get_crypto.py', '--cfg-path', '/tmp/tmpbji580ra', '--error-file', '/tmp/tmpxe5i4n5b']
[2024-04-02 21:50:18,439] {standard_task_runner.py:80} INFO - Job 812: Subtask DOGE
[2024-04-02 21:50:18,573] {task_command.py:370} INFO - Running <TaskInstance: get_crypto_dag.DOGE scheduled__2024-03-07T00:00:00+00:00 [running]> on host alexmend-virtual-machine
[2024-04-02 21:50:18,725] {taskinstance.py:1569} INFO - Exporting the following env vars:
AIRFLOW_CTX_DAG_OWNER=airflow
AIRFLOW_CTX_DAG_ID=get_crypto_dag
AIRFLOW_CTX_TASK_ID=DOGE
AIRFLOW_CTX_EXECUTION_DATE=2024-03-07T00:00:00+00:00
AIRFLOW_CTX_TRY_NUMBER=1
AIRFLOW_CTX_DAG_RUN_ID=scheduled__2024-03-07T00:00:00+00:00
[2024-04-02 21:50:22,290] {history.py:90} ERROR - DOGE: No timezone found, symbol may be delisted
[2024-04-02 21:50:32,306] {python.py:173} INFO - Done. Returned value was: None
[2024-04-02 21:50:32,338] {taskinstance.py:1395} INFO - Marking task as SUCCESS. dag_id=get_crypto_dag, task_id=DOGE, execution_date=20240307T000000, start_date=20240403T005018, end_date=20240403T005032
[2024-04-02 21:50:32,391] {local_task_job.py:156} INFO - Task exited with return code 0
[2024-04-02 21:50:32,452] {local_task_job.py:273} INFO - 0 downstream tasks scheduled from follow-on schedule check
[2024-04-02 22:56:33,413] {taskinstance.py:1159} INFO - Dependencies all met for <TaskInstance: get_crypto_dag.DOGE scheduled__2024-03-07T00:00:00+00:00 [queued]>
[2024-04-02 22:56:33,502] {taskinstance.py:1159} INFO - Dependencies all met for <TaskInstance: get_crypto_dag.DOGE scheduled__2024-03-07T00:00:00+00:00 [queued]>
[2024-04-02 22:56:33,503] {taskinstance.py:1356} INFO - 
--------------------------------------------------------------------------------
[2024-04-02 22:56:33,503] {taskinstance.py:1357} INFO - Starting attempt 1 of 1
[2024-04-02 22:56:33,504] {taskinstance.py:1358} INFO - 
--------------------------------------------------------------------------------
[2024-04-02 22:56:33,601] {taskinstance.py:1377} INFO - Executing <Task(_PythonDecoratedOperator): DOGE> on 2024-03-07 00:00:00+00:00
[2024-04-02 22:56:33,640] {standard_task_runner.py:52} INFO - Started process 74252 to run task
[2024-04-02 22:56:33,683] {standard_task_runner.py:79} INFO - Running: ['airflow', 'tasks', 'run', 'get_crypto_dag', 'DOGE', 'scheduled__2024-03-07T00:00:00+00:00', '--job-id', '1040', '--raw', '--subdir', 'DAGS_FOLDER/get_crypto.py', '--cfg-path', '/tmp/tmpub9ocs9i', '--error-file', '/tmp/tmpqh3yfqov']
[2024-04-02 22:56:33,688] {standard_task_runner.py:80} INFO - Job 1040: Subtask DOGE
[2024-04-02 22:56:34,101] {task_command.py:370} INFO - Running <TaskInstance: get_crypto_dag.DOGE scheduled__2024-03-07T00:00:00+00:00 [running]> on host alexmend-virtual-machine
[2024-04-02 22:56:34,872] {taskinstance.py:1569} INFO - Exporting the following env vars:
AIRFLOW_CTX_DAG_OWNER=airflow
AIRFLOW_CTX_DAG_ID=get_crypto_dag
AIRFLOW_CTX_TASK_ID=DOGE
AIRFLOW_CTX_EXECUTION_DATE=2024-03-07T00:00:00+00:00
AIRFLOW_CTX_TRY_NUMBER=1
AIRFLOW_CTX_DAG_RUN_ID=scheduled__2024-03-07T00:00:00+00:00
[2024-04-02 22:56:39,417] {history.py:90} ERROR - DOGE: No timezone found, symbol may be delisted
[2024-04-02 22:56:49,511] {python.py:173} INFO - Done. Returned value was: None
[2024-04-02 22:56:51,653] {taskinstance.py:1395} INFO - Marking task as SUCCESS. dag_id=get_crypto_dag, task_id=DOGE, execution_date=20240307T000000, start_date=20240403T015633, end_date=20240403T015651
[2024-04-02 22:56:51,980] {local_task_job.py:156} INFO - Task exited with return code 0
[2024-04-02 22:56:52,424] {local_task_job.py:273} INFO - 0 downstream tasks scheduled from follow-on schedule check
