[2024-04-02 13:05:36,650] {taskinstance.py:1159} INFO - Dependencies all met for <TaskInstance: get_stocks_dag.AAPL scheduled__2024-02-14T00:00:00+00:00 [queued]>
[2024-04-02 13:05:36,661] {taskinstance.py:1159} INFO - Dependencies all met for <TaskInstance: get_stocks_dag.AAPL scheduled__2024-02-14T00:00:00+00:00 [queued]>
[2024-04-02 13:05:36,662] {taskinstance.py:1356} INFO - 
--------------------------------------------------------------------------------
[2024-04-02 13:05:36,662] {taskinstance.py:1357} INFO - Starting attempt 1 of 1
[2024-04-02 13:05:36,663] {taskinstance.py:1358} INFO - 
--------------------------------------------------------------------------------
[2024-04-02 13:05:36,694] {taskinstance.py:1377} INFO - Executing <Task(_PythonDecoratedOperator): AAPL> on 2024-02-14 00:00:00+00:00
[2024-04-02 13:05:36,700] {standard_task_runner.py:52} INFO - Started process 10857 to run task
[2024-04-02 13:05:36,706] {standard_task_runner.py:79} INFO - Running: ['airflow', 'tasks', 'run', 'get_stocks_dag', 'AAPL', 'scheduled__2024-02-14T00:00:00+00:00', '--job-id', '131', '--raw', '--subdir', 'DAGS_FOLDER/get_stocks.py', '--cfg-path', '/tmp/tmpid2spusw', '--error-file', '/tmp/tmpzk3cab85']
[2024-04-02 13:05:36,707] {standard_task_runner.py:80} INFO - Job 131: Subtask AAPL
[2024-04-02 13:05:36,813] {task_command.py:370} INFO - Running <TaskInstance: get_stocks_dag.AAPL scheduled__2024-02-14T00:00:00+00:00 [running]> on host alexmend-virtual-machine
[2024-04-02 13:05:36,905] {taskinstance.py:1569} INFO - Exporting the following env vars:
AIRFLOW_CTX_DAG_OWNER=airflow
AIRFLOW_CTX_DAG_ID=get_stocks_dag
AIRFLOW_CTX_TASK_ID=AAPL
AIRFLOW_CTX_EXECUTION_DATE=2024-02-14T00:00:00+00:00
AIRFLOW_CTX_TRY_NUMBER=1
AIRFLOW_CTX_DAG_RUN_ID=scheduled__2024-02-14T00:00:00+00:00
[2024-04-02 13:05:37,844] {python.py:173} INFO - Done. Returned value was: None
[2024-04-02 13:05:37,897] {taskinstance.py:1395} INFO - Marking task as SUCCESS. dag_id=get_stocks_dag, task_id=AAPL, execution_date=20240214T000000, start_date=20240402T160536, end_date=20240402T160537
[2024-04-02 13:05:37,967] {local_task_job.py:156} INFO - Task exited with return code 0
[2024-04-02 13:05:38,001] {local_task_job.py:273} INFO - 0 downstream tasks scheduled from follow-on schedule check
[2024-04-02 17:18:35,586] {taskinstance.py:1159} INFO - Dependencies all met for <TaskInstance: get_stocks_dag.AAPL scheduled__2024-02-14T00:00:00+00:00 [queued]>
[2024-04-02 17:18:35,764] {taskinstance.py:1159} INFO - Dependencies all met for <TaskInstance: get_stocks_dag.AAPL scheduled__2024-02-14T00:00:00+00:00 [queued]>
[2024-04-02 17:18:35,796] {taskinstance.py:1356} INFO - 
--------------------------------------------------------------------------------
[2024-04-02 17:18:35,798] {taskinstance.py:1357} INFO - Starting attempt 1 of 1
[2024-04-02 17:18:35,799] {taskinstance.py:1358} INFO - 
--------------------------------------------------------------------------------
[2024-04-02 17:18:36,032] {taskinstance.py:1377} INFO - Executing <Task(_PythonDecoratedOperator): AAPL> on 2024-02-14 00:00:00+00:00
[2024-04-02 17:18:36,111] {standard_task_runner.py:52} INFO - Started process 6662 to run task
[2024-04-02 17:18:36,160] {standard_task_runner.py:79} INFO - Running: ['airflow', 'tasks', 'run', 'get_stocks_dag', 'AAPL', 'scheduled__2024-02-14T00:00:00+00:00', '--job-id', '114', '--raw', '--subdir', 'DAGS_FOLDER/get_stocks.py', '--cfg-path', '/tmp/tmp85kqygc1', '--error-file', '/tmp/tmpm4v0874c']
[2024-04-02 17:18:36,213] {standard_task_runner.py:80} INFO - Job 114: Subtask AAPL
[2024-04-02 17:18:36,908] {task_command.py:370} INFO - Running <TaskInstance: get_stocks_dag.AAPL scheduled__2024-02-14T00:00:00+00:00 [running]> on host alexmend-virtual-machine
[2024-04-02 17:18:37,393] {taskinstance.py:1569} INFO - Exporting the following env vars:
AIRFLOW_CTX_DAG_OWNER=airflow
AIRFLOW_CTX_DAG_ID=get_stocks_dag
AIRFLOW_CTX_TASK_ID=AAPL
AIRFLOW_CTX_EXECUTION_DATE=2024-02-14T00:00:00+00:00
AIRFLOW_CTX_TRY_NUMBER=1
AIRFLOW_CTX_DAG_RUN_ID=scheduled__2024-02-14T00:00:00+00:00
[2024-04-02 17:18:38,427] {python.py:173} INFO - Done. Returned value was: None
[2024-04-02 17:18:38,685] {taskinstance.py:1395} INFO - Marking task as SUCCESS. dag_id=get_stocks_dag, task_id=AAPL, execution_date=20240214T000000, start_date=20240402T201835, end_date=20240402T201838
[2024-04-02 17:18:38,877] {local_task_job.py:156} INFO - Task exited with return code 0
[2024-04-02 17:18:39,009] {local_task_job.py:273} INFO - 0 downstream tasks scheduled from follow-on schedule check
[2024-04-02 17:44:47,876] {taskinstance.py:1159} INFO - Dependencies all met for <TaskInstance: get_stocks_dag.AAPL scheduled__2024-02-14T00:00:00+00:00 [queued]>
[2024-04-02 17:44:47,895] {taskinstance.py:1159} INFO - Dependencies all met for <TaskInstance: get_stocks_dag.AAPL scheduled__2024-02-14T00:00:00+00:00 [queued]>
[2024-04-02 17:44:47,895] {taskinstance.py:1356} INFO - 
--------------------------------------------------------------------------------
[2024-04-02 17:44:47,895] {taskinstance.py:1357} INFO - Starting attempt 1 of 1
[2024-04-02 17:44:47,895] {taskinstance.py:1358} INFO - 
--------------------------------------------------------------------------------
[2024-04-02 17:44:47,916] {taskinstance.py:1377} INFO - Executing <Task(_PythonDecoratedOperator): AAPL> on 2024-02-14 00:00:00+00:00
[2024-04-02 17:44:47,923] {standard_task_runner.py:52} INFO - Started process 21456 to run task
[2024-04-02 17:44:47,933] {standard_task_runner.py:79} INFO - Running: ['airflow', 'tasks', 'run', 'get_stocks_dag', 'AAPL', 'scheduled__2024-02-14T00:00:00+00:00', '--job-id', '375', '--raw', '--subdir', 'DAGS_FOLDER/get_stocks.py', '--cfg-path', '/tmp/tmpch3e2qwf', '--error-file', '/tmp/tmp132kcq4d']
[2024-04-02 17:44:47,935] {standard_task_runner.py:80} INFO - Job 375: Subtask AAPL
[2024-04-02 17:44:48,079] {task_command.py:370} INFO - Running <TaskInstance: get_stocks_dag.AAPL scheduled__2024-02-14T00:00:00+00:00 [running]> on host alexmend-virtual-machine
[2024-04-02 17:44:48,215] {taskinstance.py:1569} INFO - Exporting the following env vars:
AIRFLOW_CTX_DAG_OWNER=airflow
AIRFLOW_CTX_DAG_ID=get_stocks_dag
AIRFLOW_CTX_TASK_ID=AAPL
AIRFLOW_CTX_EXECUTION_DATE=2024-02-14T00:00:00+00:00
AIRFLOW_CTX_TRY_NUMBER=1
AIRFLOW_CTX_DAG_RUN_ID=scheduled__2024-02-14T00:00:00+00:00
[2024-04-02 17:44:48,804] {python.py:173} INFO - Done. Returned value was: None
[2024-04-02 17:44:48,824] {taskinstance.py:1395} INFO - Marking task as SUCCESS. dag_id=get_stocks_dag, task_id=AAPL, execution_date=20240214T000000, start_date=20240402T204447, end_date=20240402T204448
[2024-04-02 17:44:48,872] {local_task_job.py:156} INFO - Task exited with return code 0
[2024-04-02 17:44:48,915] {local_task_job.py:273} INFO - 0 downstream tasks scheduled from follow-on schedule check
