[2024-04-02 21:57:51,114] {taskinstance.py:1159} INFO - Dependencies all met for <TaskInstance: get_crypto_dag.BTC scheduled__2024-03-19T00:00:00+00:00 [queued]>
[2024-04-02 21:57:51,163] {taskinstance.py:1159} INFO - Dependencies all met for <TaskInstance: get_crypto_dag.BTC scheduled__2024-03-19T00:00:00+00:00 [queued]>
[2024-04-02 21:57:51,164] {taskinstance.py:1356} INFO - 
--------------------------------------------------------------------------------
[2024-04-02 21:57:51,164] {taskinstance.py:1357} INFO - Starting attempt 1 of 1
[2024-04-02 21:57:51,164] {taskinstance.py:1358} INFO - 
--------------------------------------------------------------------------------
[2024-04-02 21:57:51,258] {taskinstance.py:1377} INFO - Executing <Task(_PythonDecoratedOperator): BTC> on 2024-03-19 00:00:00+00:00
[2024-04-02 21:57:51,291] {standard_task_runner.py:52} INFO - Started process 56342 to run task
[2024-04-02 21:57:51,328] {standard_task_runner.py:79} INFO - Running: ['airflow', 'tasks', 'run', 'get_crypto_dag', 'BTC', 'scheduled__2024-03-19T00:00:00+00:00', '--job-id', '905', '--raw', '--subdir', 'DAGS_FOLDER/get_crypto.py', '--cfg-path', '/tmp/tmp7guo8fod', '--error-file', '/tmp/tmpo2qx_xp_']
[2024-04-02 21:57:51,331] {standard_task_runner.py:80} INFO - Job 905: Subtask BTC
[2024-04-02 21:57:51,585] {task_command.py:370} INFO - Running <TaskInstance: get_crypto_dag.BTC scheduled__2024-03-19T00:00:00+00:00 [running]> on host alexmend-virtual-machine
[2024-04-02 21:57:51,814] {taskinstance.py:1569} INFO - Exporting the following env vars:
AIRFLOW_CTX_DAG_OWNER=airflow
AIRFLOW_CTX_DAG_ID=get_crypto_dag
AIRFLOW_CTX_TASK_ID=BTC
AIRFLOW_CTX_EXECUTION_DATE=2024-03-19T00:00:00+00:00
AIRFLOW_CTX_TRY_NUMBER=1
AIRFLOW_CTX_DAG_RUN_ID=scheduled__2024-03-19T00:00:00+00:00
[2024-04-02 21:57:52,457] {history.py:222} ERROR - BTC: No price data found, symbol may be delisted (1h 2024-03-18 -> 2024-03-19)
[2024-04-02 21:58:02,493] {python.py:173} INFO - Done. Returned value was: None
[2024-04-02 21:58:02,563] {taskinstance.py:1395} INFO - Marking task as SUCCESS. dag_id=get_crypto_dag, task_id=BTC, execution_date=20240319T000000, start_date=20240403T005751, end_date=20240403T005802
[2024-04-02 21:58:02,653] {local_task_job.py:156} INFO - Task exited with return code 0
[2024-04-02 21:58:02,738] {local_task_job.py:273} INFO - 0 downstream tasks scheduled from follow-on schedule check
[2024-04-02 23:08:26,014] {taskinstance.py:1159} INFO - Dependencies all met for <TaskInstance: get_crypto_dag.BTC scheduled__2024-03-19T00:00:00+00:00 [queued]>
[2024-04-02 23:08:26,050] {taskinstance.py:1159} INFO - Dependencies all met for <TaskInstance: get_crypto_dag.BTC scheduled__2024-03-19T00:00:00+00:00 [queued]>
[2024-04-02 23:08:26,050] {taskinstance.py:1356} INFO - 
--------------------------------------------------------------------------------
[2024-04-02 23:08:26,051] {taskinstance.py:1357} INFO - Starting attempt 1 of 1
[2024-04-02 23:08:26,051] {taskinstance.py:1358} INFO - 
--------------------------------------------------------------------------------
[2024-04-02 23:08:26,074] {taskinstance.py:1377} INFO - Executing <Task(_PythonDecoratedOperator): BTC> on 2024-03-19 00:00:00+00:00
[2024-04-02 23:08:26,083] {standard_task_runner.py:52} INFO - Started process 80504 to run task
[2024-04-02 23:08:26,092] {standard_task_runner.py:79} INFO - Running: ['airflow', 'tasks', 'run', 'get_crypto_dag', 'BTC', 'scheduled__2024-03-19T00:00:00+00:00', '--job-id', '1123', '--raw', '--subdir', 'DAGS_FOLDER/get_crypto.py', '--cfg-path', '/tmp/tmp1teexl6q', '--error-file', '/tmp/tmp23vuz6p0']
[2024-04-02 23:08:26,094] {standard_task_runner.py:80} INFO - Job 1123: Subtask BTC
[2024-04-02 23:08:26,236] {task_command.py:370} INFO - Running <TaskInstance: get_crypto_dag.BTC scheduled__2024-03-19T00:00:00+00:00 [running]> on host alexmend-virtual-machine
[2024-04-02 23:08:26,443] {taskinstance.py:1569} INFO - Exporting the following env vars:
AIRFLOW_CTX_DAG_OWNER=airflow
AIRFLOW_CTX_DAG_ID=get_crypto_dag
AIRFLOW_CTX_TASK_ID=BTC
AIRFLOW_CTX_EXECUTION_DATE=2024-03-19T00:00:00+00:00
AIRFLOW_CTX_TRY_NUMBER=1
AIRFLOW_CTX_DAG_RUN_ID=scheduled__2024-03-19T00:00:00+00:00
[2024-04-02 23:08:27,028] {history.py:222} ERROR - BTC: No price data found, symbol may be delisted (1h 2024-03-18 -> 2024-03-19)
[2024-04-02 23:08:37,039] {python.py:173} INFO - Done. Returned value was: None
[2024-04-02 23:08:37,146] {taskinstance.py:1395} INFO - Marking task as SUCCESS. dag_id=get_crypto_dag, task_id=BTC, execution_date=20240319T000000, start_date=20240403T020826, end_date=20240403T020837
[2024-04-02 23:08:37,224] {local_task_job.py:156} INFO - Task exited with return code 0
[2024-04-02 23:08:37,285] {local_task_job.py:273} INFO - 0 downstream tasks scheduled from follow-on schedule check
