[2024-04-02 22:01:46,777] {taskinstance.py:1159} INFO - Dependencies all met for <TaskInstance: get_crypto_dag.DOGE scheduled__2024-03-26T00:00:00+00:00 [queued]>
[2024-04-02 22:01:46,795] {taskinstance.py:1159} INFO - Dependencies all met for <TaskInstance: get_crypto_dag.DOGE scheduled__2024-03-26T00:00:00+00:00 [queued]>
[2024-04-02 22:01:46,795] {taskinstance.py:1356} INFO - 
--------------------------------------------------------------------------------
[2024-04-02 22:01:46,795] {taskinstance.py:1357} INFO - Starting attempt 1 of 1
[2024-04-02 22:01:46,796] {taskinstance.py:1358} INFO - 
--------------------------------------------------------------------------------
[2024-04-02 22:01:46,821] {taskinstance.py:1377} INFO - Executing <Task(_PythonDecoratedOperator): DOGE> on 2024-03-26 00:00:00+00:00
[2024-04-02 22:01:46,830] {standard_task_runner.py:52} INFO - Started process 58827 to run task
[2024-04-02 22:01:46,841] {standard_task_runner.py:79} INFO - Running: ['airflow', 'tasks', 'run', 'get_crypto_dag', 'DOGE', 'scheduled__2024-03-26T00:00:00+00:00', '--job-id', '939', '--raw', '--subdir', 'DAGS_FOLDER/get_crypto.py', '--cfg-path', '/tmp/tmp43e0rk8i', '--error-file', '/tmp/tmpwz6c0qsk']
[2024-04-02 22:01:46,843] {standard_task_runner.py:80} INFO - Job 939: Subtask DOGE
[2024-04-02 22:01:46,964] {task_command.py:370} INFO - Running <TaskInstance: get_crypto_dag.DOGE scheduled__2024-03-26T00:00:00+00:00 [running]> on host alexmend-virtual-machine
[2024-04-02 22:01:47,124] {taskinstance.py:1569} INFO - Exporting the following env vars:
AIRFLOW_CTX_DAG_OWNER=airflow
AIRFLOW_CTX_DAG_ID=get_crypto_dag
AIRFLOW_CTX_TASK_ID=DOGE
AIRFLOW_CTX_EXECUTION_DATE=2024-03-26T00:00:00+00:00
AIRFLOW_CTX_TRY_NUMBER=1
AIRFLOW_CTX_DAG_RUN_ID=scheduled__2024-03-26T00:00:00+00:00
[2024-04-02 22:01:50,614] {history.py:90} ERROR - DOGE: No timezone found, symbol may be delisted
[2024-04-02 22:02:00,633] {python.py:173} INFO - Done. Returned value was: None
[2024-04-02 22:02:00,658] {taskinstance.py:1395} INFO - Marking task as SUCCESS. dag_id=get_crypto_dag, task_id=DOGE, execution_date=20240326T000000, start_date=20240403T010146, end_date=20240403T010200
[2024-04-02 22:02:00,725] {local_task_job.py:156} INFO - Task exited with return code 0
[2024-04-02 22:02:00,786] {local_task_job.py:273} INFO - 0 downstream tasks scheduled from follow-on schedule check
[2024-04-02 23:14:56,687] {taskinstance.py:1159} INFO - Dependencies all met for <TaskInstance: get_crypto_dag.DOGE scheduled__2024-03-26T00:00:00+00:00 [queued]>
[2024-04-02 23:14:56,734] {taskinstance.py:1159} INFO - Dependencies all met for <TaskInstance: get_crypto_dag.DOGE scheduled__2024-03-26T00:00:00+00:00 [queued]>
[2024-04-02 23:14:56,736] {taskinstance.py:1356} INFO - 
--------------------------------------------------------------------------------
[2024-04-02 23:14:56,737] {taskinstance.py:1357} INFO - Starting attempt 1 of 1
[2024-04-02 23:14:56,738] {taskinstance.py:1358} INFO - 
--------------------------------------------------------------------------------
[2024-04-02 23:14:56,810] {taskinstance.py:1377} INFO - Executing <Task(_PythonDecoratedOperator): DOGE> on 2024-03-26 00:00:00+00:00
[2024-04-02 23:14:56,830] {standard_task_runner.py:52} INFO - Started process 84104 to run task
[2024-04-02 23:14:56,870] {standard_task_runner.py:79} INFO - Running: ['airflow', 'tasks', 'run', 'get_crypto_dag', 'DOGE', 'scheduled__2024-03-26T00:00:00+00:00', '--job-id', '1169', '--raw', '--subdir', 'DAGS_FOLDER/get_crypto.py', '--cfg-path', '/tmp/tmp09obwoa_', '--error-file', '/tmp/tmphc1gpd9e']
[2024-04-02 23:14:56,875] {standard_task_runner.py:80} INFO - Job 1169: Subtask DOGE
[2024-04-02 23:14:57,258] {task_command.py:370} INFO - Running <TaskInstance: get_crypto_dag.DOGE scheduled__2024-03-26T00:00:00+00:00 [running]> on host alexmend-virtual-machine
[2024-04-02 23:14:57,639] {taskinstance.py:1569} INFO - Exporting the following env vars:
AIRFLOW_CTX_DAG_OWNER=airflow
AIRFLOW_CTX_DAG_ID=get_crypto_dag
AIRFLOW_CTX_TASK_ID=DOGE
AIRFLOW_CTX_EXECUTION_DATE=2024-03-26T00:00:00+00:00
AIRFLOW_CTX_TRY_NUMBER=1
AIRFLOW_CTX_DAG_RUN_ID=scheduled__2024-03-26T00:00:00+00:00
[2024-04-02 23:15:01,853] {history.py:90} ERROR - DOGE: No timezone found, symbol may be delisted
[2024-04-02 23:15:11,880] {python.py:173} INFO - Done. Returned value was: None
[2024-04-02 23:15:12,038] {taskinstance.py:1395} INFO - Marking task as SUCCESS. dag_id=get_crypto_dag, task_id=DOGE, execution_date=20240326T000000, start_date=20240403T021456, end_date=20240403T021512
[2024-04-02 23:15:12,221] {local_task_job.py:156} INFO - Task exited with return code 0
[2024-04-02 23:15:12,618] {local_task_job.py:273} INFO - 0 downstream tasks scheduled from follow-on schedule check
