[2024-04-02 13:08:48,888] {taskinstance.py:1159} INFO - Dependencies all met for <TaskInstance: get_stocks_dag.AAPL scheduled__2024-03-01T00:00:00+00:00 [queued]>
[2024-04-02 13:08:48,896] {taskinstance.py:1159} INFO - Dependencies all met for <TaskInstance: get_stocks_dag.AAPL scheduled__2024-03-01T00:00:00+00:00 [queued]>
[2024-04-02 13:08:48,897] {taskinstance.py:1356} INFO - 
--------------------------------------------------------------------------------
[2024-04-02 13:08:48,897] {taskinstance.py:1357} INFO - Starting attempt 1 of 1
[2024-04-02 13:08:48,897] {taskinstance.py:1358} INFO - 
--------------------------------------------------------------------------------
[2024-04-02 13:08:48,915] {taskinstance.py:1377} INFO - Executing <Task(_PythonDecoratedOperator): AAPL> on 2024-03-01 00:00:00+00:00
[2024-04-02 13:08:48,920] {standard_task_runner.py:52} INFO - Started process 11975 to run task
[2024-04-02 13:08:48,925] {standard_task_runner.py:79} INFO - Running: ['airflow', 'tasks', 'run', 'get_stocks_dag', 'AAPL', 'scheduled__2024-03-01T00:00:00+00:00', '--job-id', '179', '--raw', '--subdir', 'DAGS_FOLDER/get_stocks.py', '--cfg-path', '/tmp/tmpgt6jtxin', '--error-file', '/tmp/tmp1khcws76']
[2024-04-02 13:08:48,926] {standard_task_runner.py:80} INFO - Job 179: Subtask AAPL
[2024-04-02 13:08:48,984] {task_command.py:370} INFO - Running <TaskInstance: get_stocks_dag.AAPL scheduled__2024-03-01T00:00:00+00:00 [running]> on host alexmend-virtual-machine
[2024-04-02 13:08:49,051] {taskinstance.py:1569} INFO - Exporting the following env vars:
AIRFLOW_CTX_DAG_OWNER=airflow
AIRFLOW_CTX_DAG_ID=get_stocks_dag
AIRFLOW_CTX_TASK_ID=AAPL
AIRFLOW_CTX_EXECUTION_DATE=2024-03-01T00:00:00+00:00
AIRFLOW_CTX_TRY_NUMBER=1
AIRFLOW_CTX_DAG_RUN_ID=scheduled__2024-03-01T00:00:00+00:00
[2024-04-02 13:08:49,887] {python.py:173} INFO - Done. Returned value was: None
[2024-04-02 13:08:49,898] {taskinstance.py:1395} INFO - Marking task as SUCCESS. dag_id=get_stocks_dag, task_id=AAPL, execution_date=20240301T000000, start_date=20240402T160848, end_date=20240402T160849
[2024-04-02 13:08:49,946] {local_task_job.py:156} INFO - Task exited with return code 0
[2024-04-02 13:08:49,968] {local_task_job.py:273} INFO - 0 downstream tasks scheduled from follow-on schedule check
[2024-04-02 17:19:12,686] {taskinstance.py:1159} INFO - Dependencies all met for <TaskInstance: get_stocks_dag.AAPL scheduled__2024-03-01T00:00:00+00:00 [queued]>
[2024-04-02 17:19:12,753] {taskinstance.py:1159} INFO - Dependencies all met for <TaskInstance: get_stocks_dag.AAPL scheduled__2024-03-01T00:00:00+00:00 [queued]>
[2024-04-02 17:19:12,753] {taskinstance.py:1356} INFO - 
--------------------------------------------------------------------------------
[2024-04-02 17:19:12,753] {taskinstance.py:1357} INFO - Starting attempt 1 of 1
[2024-04-02 17:19:12,753] {taskinstance.py:1358} INFO - 
--------------------------------------------------------------------------------
[2024-04-02 17:19:12,827] {taskinstance.py:1377} INFO - Executing <Task(_PythonDecoratedOperator): AAPL> on 2024-03-01 00:00:00+00:00
[2024-04-02 17:19:12,928] {standard_task_runner.py:52} INFO - Started process 7724 to run task
[2024-04-02 17:19:13,027] {standard_task_runner.py:79} INFO - Running: ['airflow', 'tasks', 'run', 'get_stocks_dag', 'AAPL', 'scheduled__2024-03-01T00:00:00+00:00', '--job-id', '159', '--raw', '--subdir', 'DAGS_FOLDER/get_stocks.py', '--cfg-path', '/tmp/tmpgi7761yc', '--error-file', '/tmp/tmpfc29j5xj']
[2024-04-02 17:19:13,032] {standard_task_runner.py:80} INFO - Job 159: Subtask AAPL
[2024-04-02 17:19:13,797] {task_command.py:370} INFO - Running <TaskInstance: get_stocks_dag.AAPL scheduled__2024-03-01T00:00:00+00:00 [running]> on host alexmend-virtual-machine
[2024-04-02 17:19:14,734] {taskinstance.py:1569} INFO - Exporting the following env vars:
AIRFLOW_CTX_DAG_OWNER=airflow
AIRFLOW_CTX_DAG_ID=get_stocks_dag
AIRFLOW_CTX_TASK_ID=AAPL
AIRFLOW_CTX_EXECUTION_DATE=2024-03-01T00:00:00+00:00
AIRFLOW_CTX_TRY_NUMBER=1
AIRFLOW_CTX_DAG_RUN_ID=scheduled__2024-03-01T00:00:00+00:00
[2024-04-02 17:19:17,876] {python.py:173} INFO - Done. Returned value was: None
[2024-04-02 17:19:18,192] {taskinstance.py:1395} INFO - Marking task as SUCCESS. dag_id=get_stocks_dag, task_id=AAPL, execution_date=20240301T000000, start_date=20240402T201912, end_date=20240402T201918
[2024-04-02 17:19:18,340] {local_task_job.py:156} INFO - Task exited with return code 0
[2024-04-02 17:19:18,504] {local_task_job.py:273} INFO - 0 downstream tasks scheduled from follow-on schedule check
[2024-04-02 17:45:49,337] {taskinstance.py:1159} INFO - Dependencies all met for <TaskInstance: get_stocks_dag.AAPL scheduled__2024-03-01T00:00:00+00:00 [queued]>
[2024-04-02 17:45:49,348] {taskinstance.py:1159} INFO - Dependencies all met for <TaskInstance: get_stocks_dag.AAPL scheduled__2024-03-01T00:00:00+00:00 [queued]>
[2024-04-02 17:45:49,348] {taskinstance.py:1356} INFO - 
--------------------------------------------------------------------------------
[2024-04-02 17:45:49,348] {taskinstance.py:1357} INFO - Starting attempt 1 of 1
[2024-04-02 17:45:49,348] {taskinstance.py:1358} INFO - 
--------------------------------------------------------------------------------
[2024-04-02 17:45:49,361] {taskinstance.py:1377} INFO - Executing <Task(_PythonDecoratedOperator): AAPL> on 2024-03-01 00:00:00+00:00
[2024-04-02 17:45:49,367] {standard_task_runner.py:52} INFO - Started process 22786 to run task
[2024-04-02 17:45:49,373] {standard_task_runner.py:79} INFO - Running: ['airflow', 'tasks', 'run', 'get_stocks_dag', 'AAPL', 'scheduled__2024-03-01T00:00:00+00:00', '--job-id', '422', '--raw', '--subdir', 'DAGS_FOLDER/get_stocks.py', '--cfg-path', '/tmp/tmp5jbgqs68', '--error-file', '/tmp/tmplny0420v']
[2024-04-02 17:45:49,374] {standard_task_runner.py:80} INFO - Job 422: Subtask AAPL
[2024-04-02 17:45:49,462] {task_command.py:370} INFO - Running <TaskInstance: get_stocks_dag.AAPL scheduled__2024-03-01T00:00:00+00:00 [running]> on host alexmend-virtual-machine
[2024-04-02 17:45:49,600] {taskinstance.py:1569} INFO - Exporting the following env vars:
AIRFLOW_CTX_DAG_OWNER=airflow
AIRFLOW_CTX_DAG_ID=get_stocks_dag
AIRFLOW_CTX_TASK_ID=AAPL
AIRFLOW_CTX_EXECUTION_DATE=2024-03-01T00:00:00+00:00
AIRFLOW_CTX_TRY_NUMBER=1
AIRFLOW_CTX_DAG_RUN_ID=scheduled__2024-03-01T00:00:00+00:00
[2024-04-02 17:45:50,327] {python.py:173} INFO - Done. Returned value was: None
[2024-04-02 17:45:50,356] {taskinstance.py:1395} INFO - Marking task as SUCCESS. dag_id=get_stocks_dag, task_id=AAPL, execution_date=20240301T000000, start_date=20240402T204549, end_date=20240402T204550
[2024-04-02 17:45:50,400] {local_task_job.py:156} INFO - Task exited with return code 0
[2024-04-02 17:45:50,484] {local_task_job.py:273} INFO - 0 downstream tasks scheduled from follow-on schedule check
[2024-04-02 19:14:21,247] {taskinstance.py:1159} INFO - Dependencies all met for <TaskInstance: get_stocks_dag.AAPL scheduled__2024-03-01T00:00:00+00:00 [queued]>
[2024-04-02 19:14:21,281] {taskinstance.py:1159} INFO - Dependencies all met for <TaskInstance: get_stocks_dag.AAPL scheduled__2024-03-01T00:00:00+00:00 [queued]>
[2024-04-02 19:14:21,281] {taskinstance.py:1356} INFO - 
--------------------------------------------------------------------------------
[2024-04-02 19:14:21,281] {taskinstance.py:1357} INFO - Starting attempt 1 of 1
[2024-04-02 19:14:21,281] {taskinstance.py:1358} INFO - 
--------------------------------------------------------------------------------
[2024-04-02 19:14:21,315] {taskinstance.py:1377} INFO - Executing <Task(_PythonDecoratedOperator): AAPL> on 2024-03-01 00:00:00+00:00
[2024-04-02 19:14:21,329] {standard_task_runner.py:52} INFO - Started process 13568 to run task
[2024-04-02 19:14:21,340] {standard_task_runner.py:79} INFO - Running: ['airflow', 'tasks', 'run', 'get_stocks_dag', 'AAPL', 'scheduled__2024-03-01T00:00:00+00:00', '--job-id', '524', '--raw', '--subdir', 'DAGS_FOLDER/get_stocks.py', '--cfg-path', '/tmp/tmpo866lxcc', '--error-file', '/tmp/tmptwkqflnf']
[2024-04-02 19:14:21,352] {standard_task_runner.py:80} INFO - Job 524: Subtask AAPL
[2024-04-02 19:14:21,540] {task_command.py:370} INFO - Running <TaskInstance: get_stocks_dag.AAPL scheduled__2024-03-01T00:00:00+00:00 [running]> on host alexmend-virtual-machine
[2024-04-02 19:14:21,765] {taskinstance.py:1569} INFO - Exporting the following env vars:
AIRFLOW_CTX_DAG_OWNER=airflow
AIRFLOW_CTX_DAG_ID=get_stocks_dag
AIRFLOW_CTX_TASK_ID=AAPL
AIRFLOW_CTX_EXECUTION_DATE=2024-03-01T00:00:00+00:00
AIRFLOW_CTX_TRY_NUMBER=1
AIRFLOW_CTX_DAG_RUN_ID=scheduled__2024-03-01T00:00:00+00:00
[2024-04-02 19:14:22,499] {python.py:173} INFO - Done. Returned value was: None
[2024-04-02 19:14:22,528] {taskinstance.py:1395} INFO - Marking task as SUCCESS. dag_id=get_stocks_dag, task_id=AAPL, execution_date=20240301T000000, start_date=20240402T221421, end_date=20240402T221422
[2024-04-02 19:14:22,603] {local_task_job.py:156} INFO - Task exited with return code 0
[2024-04-02 19:14:22,703] {local_task_job.py:273} INFO - 0 downstream tasks scheduled from follow-on schedule check
[2024-04-02 20:38:09,910] {taskinstance.py:1159} INFO - Dependencies all met for <TaskInstance: get_stocks_dag.AAPL scheduled__2024-03-01T00:00:00+00:00 [queued]>
[2024-04-02 20:38:09,935] {taskinstance.py:1159} INFO - Dependencies all met for <TaskInstance: get_stocks_dag.AAPL scheduled__2024-03-01T00:00:00+00:00 [queued]>
[2024-04-02 20:38:09,936] {taskinstance.py:1356} INFO - 
--------------------------------------------------------------------------------
[2024-04-02 20:38:09,936] {taskinstance.py:1357} INFO - Starting attempt 1 of 1
[2024-04-02 20:38:09,936] {taskinstance.py:1358} INFO - 
--------------------------------------------------------------------------------
[2024-04-02 20:38:09,991] {taskinstance.py:1377} INFO - Executing <Task(_PythonDecoratedOperator): AAPL> on 2024-03-01 00:00:00+00:00
[2024-04-02 20:38:10,004] {standard_task_runner.py:52} INFO - Started process 24942 to run task
[2024-04-02 20:38:10,038] {standard_task_runner.py:79} INFO - Running: ['airflow', 'tasks', 'run', 'get_stocks_dag', 'AAPL', 'scheduled__2024-03-01T00:00:00+00:00', '--job-id', '626', '--raw', '--subdir', 'DAGS_FOLDER/get_stocks.py', '--cfg-path', '/tmp/tmpngna2k00', '--error-file', '/tmp/tmpx_yhxjxt']
[2024-04-02 20:38:10,055] {standard_task_runner.py:80} INFO - Job 626: Subtask AAPL
[2024-04-02 20:38:10,280] {task_command.py:370} INFO - Running <TaskInstance: get_stocks_dag.AAPL scheduled__2024-03-01T00:00:00+00:00 [running]> on host alexmend-virtual-machine
[2024-04-02 20:38:10,485] {taskinstance.py:1569} INFO - Exporting the following env vars:
AIRFLOW_CTX_DAG_OWNER=airflow
AIRFLOW_CTX_DAG_ID=get_stocks_dag
AIRFLOW_CTX_TASK_ID=AAPL
AIRFLOW_CTX_EXECUTION_DATE=2024-03-01T00:00:00+00:00
AIRFLOW_CTX_TRY_NUMBER=1
AIRFLOW_CTX_DAG_RUN_ID=scheduled__2024-03-01T00:00:00+00:00
[2024-04-02 20:38:11,223] {python.py:173} INFO - Done. Returned value was: None
[2024-04-02 20:38:11,272] {taskinstance.py:1395} INFO - Marking task as SUCCESS. dag_id=get_stocks_dag, task_id=AAPL, execution_date=20240301T000000, start_date=20240402T233809, end_date=20240402T233811
[2024-04-02 20:38:11,350] {local_task_job.py:156} INFO - Task exited with return code 0
[2024-04-02 20:38:11,481] {local_task_job.py:273} INFO - 0 downstream tasks scheduled from follow-on schedule check
[2024-04-02 21:45:15,909] {taskinstance.py:1159} INFO - Dependencies all met for <TaskInstance: get_stocks_dag.AAPL scheduled__2024-03-01T00:00:00+00:00 [queued]>
[2024-04-02 21:45:15,951] {taskinstance.py:1159} INFO - Dependencies all met for <TaskInstance: get_stocks_dag.AAPL scheduled__2024-03-01T00:00:00+00:00 [queued]>
[2024-04-02 21:45:15,951] {taskinstance.py:1356} INFO - 
--------------------------------------------------------------------------------
[2024-04-02 21:45:15,951] {taskinstance.py:1357} INFO - Starting attempt 1 of 1
[2024-04-02 21:45:15,952] {taskinstance.py:1358} INFO - 
--------------------------------------------------------------------------------
[2024-04-02 21:45:16,078] {taskinstance.py:1377} INFO - Executing <Task(_PythonDecoratedOperator): AAPL> on 2024-03-01 00:00:00+00:00
[2024-04-02 21:45:16,122] {standard_task_runner.py:52} INFO - Started process 47277 to run task
[2024-04-02 21:45:16,199] {standard_task_runner.py:79} INFO - Running: ['airflow', 'tasks', 'run', 'get_stocks_dag', 'AAPL', 'scheduled__2024-03-01T00:00:00+00:00', '--job-id', '742', '--raw', '--subdir', 'DAGS_FOLDER/get_stocks.py', '--cfg-path', '/tmp/tmpbyzlhdpv', '--error-file', '/tmp/tmp80nfgozy']
[2024-04-02 21:45:16,203] {standard_task_runner.py:80} INFO - Job 742: Subtask AAPL
[2024-04-02 21:45:16,675] {task_command.py:370} INFO - Running <TaskInstance: get_stocks_dag.AAPL scheduled__2024-03-01T00:00:00+00:00 [running]> on host alexmend-virtual-machine
[2024-04-02 21:45:17,005] {taskinstance.py:1569} INFO - Exporting the following env vars:
AIRFLOW_CTX_DAG_OWNER=airflow
AIRFLOW_CTX_DAG_ID=get_stocks_dag
AIRFLOW_CTX_TASK_ID=AAPL
AIRFLOW_CTX_EXECUTION_DATE=2024-03-01T00:00:00+00:00
AIRFLOW_CTX_TRY_NUMBER=1
AIRFLOW_CTX_DAG_RUN_ID=scheduled__2024-03-01T00:00:00+00:00
[2024-04-02 21:45:28,010] {python.py:173} INFO - Done. Returned value was: None
[2024-04-02 21:45:28,066] {taskinstance.py:1395} INFO - Marking task as SUCCESS. dag_id=get_stocks_dag, task_id=AAPL, execution_date=20240301T000000, start_date=20240403T004515, end_date=20240403T004528
[2024-04-02 21:45:28,139] {local_task_job.py:156} INFO - Task exited with return code 0
[2024-04-02 21:45:28,210] {local_task_job.py:273} INFO - 0 downstream tasks scheduled from follow-on schedule check
[2024-04-02 22:51:10,956] {taskinstance.py:1159} INFO - Dependencies all met for <TaskInstance: get_stocks_dag.AAPL scheduled__2024-03-01T00:00:00+00:00 [queued]>
[2024-04-02 22:51:10,985] {taskinstance.py:1159} INFO - Dependencies all met for <TaskInstance: get_stocks_dag.AAPL scheduled__2024-03-01T00:00:00+00:00 [queued]>
[2024-04-02 22:51:10,985] {taskinstance.py:1356} INFO - 
--------------------------------------------------------------------------------
[2024-04-02 22:51:10,985] {taskinstance.py:1357} INFO - Starting attempt 1 of 1
[2024-04-02 22:51:10,985] {taskinstance.py:1358} INFO - 
--------------------------------------------------------------------------------
[2024-04-02 22:51:11,032] {taskinstance.py:1377} INFO - Executing <Task(_PythonDecoratedOperator): AAPL> on 2024-03-01 00:00:00+00:00
[2024-04-02 22:51:11,048] {standard_task_runner.py:52} INFO - Started process 71427 to run task
[2024-04-02 22:51:11,066] {standard_task_runner.py:79} INFO - Running: ['airflow', 'tasks', 'run', 'get_stocks_dag', 'AAPL', 'scheduled__2024-03-01T00:00:00+00:00', '--job-id', '1003', '--raw', '--subdir', 'DAGS_FOLDER/get_stocks.py', '--cfg-path', '/tmp/tmp04dgcen6', '--error-file', '/tmp/tmpzixoblkx']
[2024-04-02 22:51:11,069] {standard_task_runner.py:80} INFO - Job 1003: Subtask AAPL
[2024-04-02 22:51:11,357] {task_command.py:370} INFO - Running <TaskInstance: get_stocks_dag.AAPL scheduled__2024-03-01T00:00:00+00:00 [running]> on host alexmend-virtual-machine
[2024-04-02 22:51:11,647] {taskinstance.py:1569} INFO - Exporting the following env vars:
AIRFLOW_CTX_DAG_OWNER=airflow
AIRFLOW_CTX_DAG_ID=get_stocks_dag
AIRFLOW_CTX_TASK_ID=AAPL
AIRFLOW_CTX_EXECUTION_DATE=2024-03-01T00:00:00+00:00
AIRFLOW_CTX_TRY_NUMBER=1
AIRFLOW_CTX_DAG_RUN_ID=scheduled__2024-03-01T00:00:00+00:00
[2024-04-02 22:51:22,476] {python.py:173} INFO - Done. Returned value was: None
[2024-04-02 22:51:22,542] {taskinstance.py:1395} INFO - Marking task as SUCCESS. dag_id=get_stocks_dag, task_id=AAPL, execution_date=20240301T000000, start_date=20240403T015110, end_date=20240403T015122
[2024-04-02 22:51:22,619] {local_task_job.py:156} INFO - Task exited with return code 0
[2024-04-02 22:51:22,707] {local_task_job.py:273} INFO - 0 downstream tasks scheduled from follow-on schedule check
