[2024-04-02 13:09:12,564] {taskinstance.py:1159} INFO - Dependencies all met for <TaskInstance: get_stocks_dag.GOOG scheduled__2024-03-02T00:00:00+00:00 [queued]>
[2024-04-02 13:09:12,573] {taskinstance.py:1159} INFO - Dependencies all met for <TaskInstance: get_stocks_dag.GOOG scheduled__2024-03-02T00:00:00+00:00 [queued]>
[2024-04-02 13:09:12,573] {taskinstance.py:1356} INFO - 
--------------------------------------------------------------------------------
[2024-04-02 13:09:12,573] {taskinstance.py:1357} INFO - Starting attempt 1 of 1
[2024-04-02 13:09:12,574] {taskinstance.py:1358} INFO - 
--------------------------------------------------------------------------------
[2024-04-02 13:09:12,591] {taskinstance.py:1377} INFO - Executing <Task(_PythonDecoratedOperator): GOOG> on 2024-03-02 00:00:00+00:00
[2024-04-02 13:09:12,597] {standard_task_runner.py:52} INFO - Started process 12110 to run task
[2024-04-02 13:09:12,604] {standard_task_runner.py:79} INFO - Running: ['airflow', 'tasks', 'run', 'get_stocks_dag', 'GOOG', 'scheduled__2024-03-02T00:00:00+00:00', '--job-id', '185', '--raw', '--subdir', 'DAGS_FOLDER/get_stocks.py', '--cfg-path', '/tmp/tmprqn0zbk8', '--error-file', '/tmp/tmpj66vytwt']
[2024-04-02 13:09:12,605] {standard_task_runner.py:80} INFO - Job 185: Subtask GOOG
[2024-04-02 13:09:12,690] {task_command.py:370} INFO - Running <TaskInstance: get_stocks_dag.GOOG scheduled__2024-03-02T00:00:00+00:00 [running]> on host alexmend-virtual-machine
[2024-04-02 13:09:12,792] {taskinstance.py:1569} INFO - Exporting the following env vars:
AIRFLOW_CTX_DAG_OWNER=airflow
AIRFLOW_CTX_DAG_ID=get_stocks_dag
AIRFLOW_CTX_TASK_ID=GOOG
AIRFLOW_CTX_EXECUTION_DATE=2024-03-02T00:00:00+00:00
AIRFLOW_CTX_TRY_NUMBER=1
AIRFLOW_CTX_DAG_RUN_ID=scheduled__2024-03-02T00:00:00+00:00
[2024-04-02 13:09:13,526] {python.py:173} INFO - Done. Returned value was: None
[2024-04-02 13:09:13,534] {taskinstance.py:1395} INFO - Marking task as SUCCESS. dag_id=get_stocks_dag, task_id=GOOG, execution_date=20240302T000000, start_date=20240402T160912, end_date=20240402T160913
[2024-04-02 13:09:13,581] {local_task_job.py:156} INFO - Task exited with return code 0
[2024-04-02 13:09:13,605] {local_task_job.py:273} INFO - 0 downstream tasks scheduled from follow-on schedule check
[2024-04-02 17:19:13,521] {taskinstance.py:1159} INFO - Dependencies all met for <TaskInstance: get_stocks_dag.GOOG scheduled__2024-03-02T00:00:00+00:00 [queued]>
[2024-04-02 17:19:13,646] {taskinstance.py:1159} INFO - Dependencies all met for <TaskInstance: get_stocks_dag.GOOG scheduled__2024-03-02T00:00:00+00:00 [queued]>
[2024-04-02 17:19:13,646] {taskinstance.py:1356} INFO - 
--------------------------------------------------------------------------------
[2024-04-02 17:19:13,646] {taskinstance.py:1357} INFO - Starting attempt 1 of 1
[2024-04-02 17:19:13,646] {taskinstance.py:1358} INFO - 
--------------------------------------------------------------------------------
[2024-04-02 17:19:13,803] {taskinstance.py:1377} INFO - Executing <Task(_PythonDecoratedOperator): GOOG> on 2024-03-02 00:00:00+00:00
[2024-04-02 17:19:13,877] {standard_task_runner.py:52} INFO - Started process 7778 to run task
[2024-04-02 17:19:14,068] {standard_task_runner.py:79} INFO - Running: ['airflow', 'tasks', 'run', 'get_stocks_dag', 'GOOG', 'scheduled__2024-03-02T00:00:00+00:00', '--job-id', '163', '--raw', '--subdir', 'DAGS_FOLDER/get_stocks.py', '--cfg-path', '/tmp/tmpdwr0d964', '--error-file', '/tmp/tmptwadk8bi']
[2024-04-02 17:19:14,105] {standard_task_runner.py:80} INFO - Job 163: Subtask GOOG
[2024-04-02 17:19:15,728] {task_command.py:370} INFO - Running <TaskInstance: get_stocks_dag.GOOG scheduled__2024-03-02T00:00:00+00:00 [running]> on host alexmend-virtual-machine
[2024-04-02 17:19:16,877] {taskinstance.py:1569} INFO - Exporting the following env vars:
AIRFLOW_CTX_DAG_OWNER=airflow
AIRFLOW_CTX_DAG_ID=get_stocks_dag
AIRFLOW_CTX_TASK_ID=GOOG
AIRFLOW_CTX_EXECUTION_DATE=2024-03-02T00:00:00+00:00
AIRFLOW_CTX_TRY_NUMBER=1
AIRFLOW_CTX_DAG_RUN_ID=scheduled__2024-03-02T00:00:00+00:00
[2024-04-02 17:19:18,491] {python.py:173} INFO - Done. Returned value was: None
[2024-04-02 17:19:19,146] {taskinstance.py:1395} INFO - Marking task as SUCCESS. dag_id=get_stocks_dag, task_id=GOOG, execution_date=20240302T000000, start_date=20240402T201913, end_date=20240402T201919
[2024-04-02 17:19:19,230] {local_task_job.py:156} INFO - Task exited with return code 0
[2024-04-02 17:19:19,626] {local_task_job.py:273} INFO - 0 downstream tasks scheduled from follow-on schedule check
[2024-04-02 17:45:57,694] {taskinstance.py:1159} INFO - Dependencies all met for <TaskInstance: get_stocks_dag.GOOG scheduled__2024-03-02T00:00:00+00:00 [queued]>
[2024-04-02 17:45:57,707] {taskinstance.py:1159} INFO - Dependencies all met for <TaskInstance: get_stocks_dag.GOOG scheduled__2024-03-02T00:00:00+00:00 [queued]>
[2024-04-02 17:45:57,708] {taskinstance.py:1356} INFO - 
--------------------------------------------------------------------------------
[2024-04-02 17:45:57,708] {taskinstance.py:1357} INFO - Starting attempt 1 of 1
[2024-04-02 17:45:57,709] {taskinstance.py:1358} INFO - 
--------------------------------------------------------------------------------
[2024-04-02 17:45:57,728] {taskinstance.py:1377} INFO - Executing <Task(_PythonDecoratedOperator): GOOG> on 2024-03-02 00:00:00+00:00
[2024-04-02 17:45:57,735] {standard_task_runner.py:52} INFO - Started process 22921 to run task
[2024-04-02 17:45:57,741] {standard_task_runner.py:79} INFO - Running: ['airflow', 'tasks', 'run', 'get_stocks_dag', 'GOOG', 'scheduled__2024-03-02T00:00:00+00:00', '--job-id', '429', '--raw', '--subdir', 'DAGS_FOLDER/get_stocks.py', '--cfg-path', '/tmp/tmpeqy7xxxd', '--error-file', '/tmp/tmpfigtujr4']
[2024-04-02 17:45:57,743] {standard_task_runner.py:80} INFO - Job 429: Subtask GOOG
[2024-04-02 17:45:57,854] {task_command.py:370} INFO - Running <TaskInstance: get_stocks_dag.GOOG scheduled__2024-03-02T00:00:00+00:00 [running]> on host alexmend-virtual-machine
[2024-04-02 17:45:58,028] {taskinstance.py:1569} INFO - Exporting the following env vars:
AIRFLOW_CTX_DAG_OWNER=airflow
AIRFLOW_CTX_DAG_ID=get_stocks_dag
AIRFLOW_CTX_TASK_ID=GOOG
AIRFLOW_CTX_EXECUTION_DATE=2024-03-02T00:00:00+00:00
AIRFLOW_CTX_TRY_NUMBER=1
AIRFLOW_CTX_DAG_RUN_ID=scheduled__2024-03-02T00:00:00+00:00
[2024-04-02 17:45:58,678] {python.py:173} INFO - Done. Returned value was: None
[2024-04-02 17:45:58,717] {taskinstance.py:1395} INFO - Marking task as SUCCESS. dag_id=get_stocks_dag, task_id=GOOG, execution_date=20240302T000000, start_date=20240402T204557, end_date=20240402T204558
[2024-04-02 17:45:58,762] {local_task_job.py:156} INFO - Task exited with return code 0
[2024-04-02 17:45:58,818] {local_task_job.py:273} INFO - 0 downstream tasks scheduled from follow-on schedule check
[2024-04-02 19:14:38,699] {taskinstance.py:1159} INFO - Dependencies all met for <TaskInstance: get_stocks_dag.GOOG scheduled__2024-03-02T00:00:00+00:00 [queued]>
[2024-04-02 19:14:38,719] {taskinstance.py:1159} INFO - Dependencies all met for <TaskInstance: get_stocks_dag.GOOG scheduled__2024-03-02T00:00:00+00:00 [queued]>
[2024-04-02 19:14:38,719] {taskinstance.py:1356} INFO - 
--------------------------------------------------------------------------------
[2024-04-02 19:14:38,719] {taskinstance.py:1357} INFO - Starting attempt 1 of 1
[2024-04-02 19:14:38,719] {taskinstance.py:1358} INFO - 
--------------------------------------------------------------------------------
[2024-04-02 19:14:38,747] {taskinstance.py:1377} INFO - Executing <Task(_PythonDecoratedOperator): GOOG> on 2024-03-02 00:00:00+00:00
[2024-04-02 19:14:38,757] {standard_task_runner.py:52} INFO - Started process 13824 to run task
[2024-04-02 19:14:38,780] {standard_task_runner.py:79} INFO - Running: ['airflow', 'tasks', 'run', 'get_stocks_dag', 'GOOG', 'scheduled__2024-03-02T00:00:00+00:00', '--job-id', '529', '--raw', '--subdir', 'DAGS_FOLDER/get_stocks.py', '--cfg-path', '/tmp/tmp47lip2a6', '--error-file', '/tmp/tmp8xxctijn']
[2024-04-02 19:14:38,799] {standard_task_runner.py:80} INFO - Job 529: Subtask GOOG
[2024-04-02 19:14:39,019] {task_command.py:370} INFO - Running <TaskInstance: get_stocks_dag.GOOG scheduled__2024-03-02T00:00:00+00:00 [running]> on host alexmend-virtual-machine
[2024-04-02 19:14:39,262] {taskinstance.py:1569} INFO - Exporting the following env vars:
AIRFLOW_CTX_DAG_OWNER=airflow
AIRFLOW_CTX_DAG_ID=get_stocks_dag
AIRFLOW_CTX_TASK_ID=GOOG
AIRFLOW_CTX_EXECUTION_DATE=2024-03-02T00:00:00+00:00
AIRFLOW_CTX_TRY_NUMBER=1
AIRFLOW_CTX_DAG_RUN_ID=scheduled__2024-03-02T00:00:00+00:00
[2024-04-02 19:14:40,061] {python.py:173} INFO - Done. Returned value was: None
[2024-04-02 19:14:40,101] {taskinstance.py:1395} INFO - Marking task as SUCCESS. dag_id=get_stocks_dag, task_id=GOOG, execution_date=20240302T000000, start_date=20240402T221438, end_date=20240402T221440
[2024-04-02 19:14:40,158] {local_task_job.py:156} INFO - Task exited with return code 0
[2024-04-02 19:14:40,255] {local_task_job.py:273} INFO - 0 downstream tasks scheduled from follow-on schedule check
[2024-04-02 20:38:21,755] {taskinstance.py:1159} INFO - Dependencies all met for <TaskInstance: get_stocks_dag.GOOG scheduled__2024-03-02T00:00:00+00:00 [queued]>
[2024-04-02 20:38:21,774] {taskinstance.py:1159} INFO - Dependencies all met for <TaskInstance: get_stocks_dag.GOOG scheduled__2024-03-02T00:00:00+00:00 [queued]>
[2024-04-02 20:38:21,774] {taskinstance.py:1356} INFO - 
--------------------------------------------------------------------------------
[2024-04-02 20:38:21,774] {taskinstance.py:1357} INFO - Starting attempt 1 of 1
[2024-04-02 20:38:21,774] {taskinstance.py:1358} INFO - 
--------------------------------------------------------------------------------
[2024-04-02 20:38:21,799] {taskinstance.py:1377} INFO - Executing <Task(_PythonDecoratedOperator): GOOG> on 2024-03-02 00:00:00+00:00
[2024-04-02 20:38:21,809] {standard_task_runner.py:52} INFO - Started process 25169 to run task
[2024-04-02 20:38:21,820] {standard_task_runner.py:79} INFO - Running: ['airflow', 'tasks', 'run', 'get_stocks_dag', 'GOOG', 'scheduled__2024-03-02T00:00:00+00:00', '--job-id', '631', '--raw', '--subdir', 'DAGS_FOLDER/get_stocks.py', '--cfg-path', '/tmp/tmpte2to_ix', '--error-file', '/tmp/tmpg08vlpj1']
[2024-04-02 20:38:21,824] {standard_task_runner.py:80} INFO - Job 631: Subtask GOOG
[2024-04-02 20:38:22,020] {task_command.py:370} INFO - Running <TaskInstance: get_stocks_dag.GOOG scheduled__2024-03-02T00:00:00+00:00 [running]> on host alexmend-virtual-machine
[2024-04-02 20:38:22,226] {taskinstance.py:1569} INFO - Exporting the following env vars:
AIRFLOW_CTX_DAG_OWNER=airflow
AIRFLOW_CTX_DAG_ID=get_stocks_dag
AIRFLOW_CTX_TASK_ID=GOOG
AIRFLOW_CTX_EXECUTION_DATE=2024-03-02T00:00:00+00:00
AIRFLOW_CTX_TRY_NUMBER=1
AIRFLOW_CTX_DAG_RUN_ID=scheduled__2024-03-02T00:00:00+00:00
[2024-04-02 20:38:22,982] {python.py:173} INFO - Done. Returned value was: None
[2024-04-02 20:38:23,014] {taskinstance.py:1395} INFO - Marking task as SUCCESS. dag_id=get_stocks_dag, task_id=GOOG, execution_date=20240302T000000, start_date=20240402T233821, end_date=20240402T233823
[2024-04-02 20:38:23,082] {local_task_job.py:156} INFO - Task exited with return code 0
[2024-04-02 20:38:23,172] {local_task_job.py:273} INFO - 0 downstream tasks scheduled from follow-on schedule check
[2024-04-02 21:45:49,179] {taskinstance.py:1159} INFO - Dependencies all met for <TaskInstance: get_stocks_dag.GOOG scheduled__2024-03-02T00:00:00+00:00 [queued]>
[2024-04-02 21:45:49,229] {taskinstance.py:1159} INFO - Dependencies all met for <TaskInstance: get_stocks_dag.GOOG scheduled__2024-03-02T00:00:00+00:00 [queued]>
[2024-04-02 21:45:49,229] {taskinstance.py:1356} INFO - 
--------------------------------------------------------------------------------
[2024-04-02 21:45:49,229] {taskinstance.py:1357} INFO - Starting attempt 1 of 1
[2024-04-02 21:45:49,229] {taskinstance.py:1358} INFO - 
--------------------------------------------------------------------------------
[2024-04-02 21:45:49,319] {taskinstance.py:1377} INFO - Executing <Task(_PythonDecoratedOperator): GOOG> on 2024-03-02 00:00:00+00:00
[2024-04-02 21:45:49,338] {standard_task_runner.py:52} INFO - Started process 47740 to run task
[2024-04-02 21:45:49,350] {standard_task_runner.py:79} INFO - Running: ['airflow', 'tasks', 'run', 'get_stocks_dag', 'GOOG', 'scheduled__2024-03-02T00:00:00+00:00', '--job-id', '750', '--raw', '--subdir', 'DAGS_FOLDER/get_stocks.py', '--cfg-path', '/tmp/tmpw86oc1bl', '--error-file', '/tmp/tmpbkl70307']
[2024-04-02 21:45:49,353] {standard_task_runner.py:80} INFO - Job 750: Subtask GOOG
[2024-04-02 21:45:49,563] {task_command.py:370} INFO - Running <TaskInstance: get_stocks_dag.GOOG scheduled__2024-03-02T00:00:00+00:00 [running]> on host alexmend-virtual-machine
[2024-04-02 21:45:49,821] {taskinstance.py:1569} INFO - Exporting the following env vars:
AIRFLOW_CTX_DAG_OWNER=airflow
AIRFLOW_CTX_DAG_ID=get_stocks_dag
AIRFLOW_CTX_TASK_ID=GOOG
AIRFLOW_CTX_EXECUTION_DATE=2024-03-02T00:00:00+00:00
AIRFLOW_CTX_TRY_NUMBER=1
AIRFLOW_CTX_DAG_RUN_ID=scheduled__2024-03-02T00:00:00+00:00
[2024-04-02 21:46:00,702] {python.py:173} INFO - Done. Returned value was: None
[2024-04-02 21:46:00,747] {taskinstance.py:1395} INFO - Marking task as SUCCESS. dag_id=get_stocks_dag, task_id=GOOG, execution_date=20240302T000000, start_date=20240403T004549, end_date=20240403T004600
[2024-04-02 21:46:00,832] {local_task_job.py:156} INFO - Task exited with return code 0
[2024-04-02 21:46:00,942] {local_task_job.py:273} INFO - 0 downstream tasks scheduled from follow-on schedule check
[2024-04-02 22:52:20,865] {taskinstance.py:1159} INFO - Dependencies all met for <TaskInstance: get_stocks_dag.GOOG scheduled__2024-03-02T00:00:00+00:00 [queued]>
[2024-04-02 22:52:20,894] {taskinstance.py:1159} INFO - Dependencies all met for <TaskInstance: get_stocks_dag.GOOG scheduled__2024-03-02T00:00:00+00:00 [queued]>
[2024-04-02 22:52:20,895] {taskinstance.py:1356} INFO - 
--------------------------------------------------------------------------------
[2024-04-02 22:52:20,896] {taskinstance.py:1357} INFO - Starting attempt 1 of 1
[2024-04-02 22:52:20,897] {taskinstance.py:1358} INFO - 
--------------------------------------------------------------------------------
[2024-04-02 22:52:20,935] {taskinstance.py:1377} INFO - Executing <Task(_PythonDecoratedOperator): GOOG> on 2024-03-02 00:00:00+00:00
[2024-04-02 22:52:20,957] {standard_task_runner.py:52} INFO - Started process 72046 to run task
[2024-04-02 22:52:20,977] {standard_task_runner.py:79} INFO - Running: ['airflow', 'tasks', 'run', 'get_stocks_dag', 'GOOG', 'scheduled__2024-03-02T00:00:00+00:00', '--job-id', '1012', '--raw', '--subdir', 'DAGS_FOLDER/get_stocks.py', '--cfg-path', '/tmp/tmp_z0n0veq', '--error-file', '/tmp/tmpyvogrxy9']
[2024-04-02 22:52:20,992] {standard_task_runner.py:80} INFO - Job 1012: Subtask GOOG
[2024-04-02 22:52:21,279] {task_command.py:370} INFO - Running <TaskInstance: get_stocks_dag.GOOG scheduled__2024-03-02T00:00:00+00:00 [running]> on host alexmend-virtual-machine
[2024-04-02 22:52:21,493] {taskinstance.py:1569} INFO - Exporting the following env vars:
AIRFLOW_CTX_DAG_OWNER=airflow
AIRFLOW_CTX_DAG_ID=get_stocks_dag
AIRFLOW_CTX_TASK_ID=GOOG
AIRFLOW_CTX_EXECUTION_DATE=2024-03-02T00:00:00+00:00
AIRFLOW_CTX_TRY_NUMBER=1
AIRFLOW_CTX_DAG_RUN_ID=scheduled__2024-03-02T00:00:00+00:00
[2024-04-02 22:52:32,293] {python.py:173} INFO - Done. Returned value was: None
[2024-04-02 22:52:32,378] {taskinstance.py:1395} INFO - Marking task as SUCCESS. dag_id=get_stocks_dag, task_id=GOOG, execution_date=20240302T000000, start_date=20240403T015220, end_date=20240403T015232
[2024-04-02 22:52:32,468] {local_task_job.py:156} INFO - Task exited with return code 0
[2024-04-02 22:52:32,658] {local_task_job.py:273} INFO - 0 downstream tasks scheduled from follow-on schedule check
