[2024-04-02 21:45:55,761] {taskinstance.py:1159} INFO - Dependencies all met for <TaskInstance: get_crypto_dag.AVAX scheduled__2024-03-01T00:00:00+00:00 [queued]>
[2024-04-02 21:45:55,780] {taskinstance.py:1159} INFO - Dependencies all met for <TaskInstance: get_crypto_dag.AVAX scheduled__2024-03-01T00:00:00+00:00 [queued]>
[2024-04-02 21:45:55,781] {taskinstance.py:1356} INFO - 
--------------------------------------------------------------------------------
[2024-04-02 21:45:55,781] {taskinstance.py:1357} INFO - Starting attempt 1 of 1
[2024-04-02 21:45:55,781] {taskinstance.py:1358} INFO - 
--------------------------------------------------------------------------------
[2024-04-02 21:45:55,810] {taskinstance.py:1377} INFO - Executing <Task(_PythonDecoratedOperator): AVAX> on 2024-03-01 00:00:00+00:00
[2024-04-02 21:45:55,819] {standard_task_runner.py:52} INFO - Started process 47818 to run task
[2024-04-02 21:45:55,827] {standard_task_runner.py:79} INFO - Running: ['airflow', 'tasks', 'run', 'get_crypto_dag', 'AVAX', 'scheduled__2024-03-01T00:00:00+00:00', '--job-id', '753', '--raw', '--subdir', 'DAGS_FOLDER/get_crypto.py', '--cfg-path', '/tmp/tmpyfp4uos9', '--error-file', '/tmp/tmp3bpi_1es']
[2024-04-02 21:45:55,829] {standard_task_runner.py:80} INFO - Job 753: Subtask AVAX
[2024-04-02 21:45:56,020] {task_command.py:370} INFO - Running <TaskInstance: get_crypto_dag.AVAX scheduled__2024-03-01T00:00:00+00:00 [running]> on host alexmend-virtual-machine
[2024-04-02 21:45:56,216] {taskinstance.py:1569} INFO - Exporting the following env vars:
AIRFLOW_CTX_DAG_OWNER=airflow
AIRFLOW_CTX_DAG_ID=get_crypto_dag
AIRFLOW_CTX_TASK_ID=AVAX
AIRFLOW_CTX_EXECUTION_DATE=2024-03-01T00:00:00+00:00
AIRFLOW_CTX_TRY_NUMBER=1
AIRFLOW_CTX_DAG_RUN_ID=scheduled__2024-03-01T00:00:00+00:00
[2024-04-02 21:45:59,987] {history.py:90} ERROR - AVAX: No timezone found, symbol may be delisted
[2024-04-02 21:46:10,010] {python.py:173} INFO - Done. Returned value was: None
[2024-04-02 21:46:10,107] {taskinstance.py:1395} INFO - Marking task as SUCCESS. dag_id=get_crypto_dag, task_id=AVAX, execution_date=20240301T000000, start_date=20240403T004555, end_date=20240403T004610
[2024-04-02 21:46:10,224] {local_task_job.py:156} INFO - Task exited with return code 0
[2024-04-02 21:46:10,573] {local_task_job.py:273} INFO - 0 downstream tasks scheduled from follow-on schedule check
[2024-04-02 22:51:14,231] {taskinstance.py:1159} INFO - Dependencies all met for <TaskInstance: get_crypto_dag.AVAX scheduled__2024-03-01T00:00:00+00:00 [queued]>
[2024-04-02 22:51:14,254] {taskinstance.py:1159} INFO - Dependencies all met for <TaskInstance: get_crypto_dag.AVAX scheduled__2024-03-01T00:00:00+00:00 [queued]>
[2024-04-02 22:51:14,254] {taskinstance.py:1356} INFO - 
--------------------------------------------------------------------------------
[2024-04-02 22:51:14,254] {taskinstance.py:1357} INFO - Starting attempt 1 of 1
[2024-04-02 22:51:14,254] {taskinstance.py:1358} INFO - 
--------------------------------------------------------------------------------
[2024-04-02 22:51:14,295] {taskinstance.py:1377} INFO - Executing <Task(_PythonDecoratedOperator): AVAX> on 2024-03-01 00:00:00+00:00
[2024-04-02 22:51:14,314] {standard_task_runner.py:52} INFO - Started process 71457 to run task
[2024-04-02 22:51:14,329] {standard_task_runner.py:79} INFO - Running: ['airflow', 'tasks', 'run', 'get_crypto_dag', 'AVAX', 'scheduled__2024-03-01T00:00:00+00:00', '--job-id', '1004', '--raw', '--subdir', 'DAGS_FOLDER/get_crypto.py', '--cfg-path', '/tmp/tmp_db7srtz', '--error-file', '/tmp/tmp5_b135k2']
[2024-04-02 22:51:14,334] {standard_task_runner.py:80} INFO - Job 1004: Subtask AVAX
[2024-04-02 22:51:14,545] {task_command.py:370} INFO - Running <TaskInstance: get_crypto_dag.AVAX scheduled__2024-03-01T00:00:00+00:00 [running]> on host alexmend-virtual-machine
[2024-04-02 22:51:14,799] {taskinstance.py:1569} INFO - Exporting the following env vars:
AIRFLOW_CTX_DAG_OWNER=airflow
AIRFLOW_CTX_DAG_ID=get_crypto_dag
AIRFLOW_CTX_TASK_ID=AVAX
AIRFLOW_CTX_EXECUTION_DATE=2024-03-01T00:00:00+00:00
AIRFLOW_CTX_TRY_NUMBER=1
AIRFLOW_CTX_DAG_RUN_ID=scheduled__2024-03-01T00:00:00+00:00
[2024-04-02 22:51:18,483] {history.py:90} ERROR - AVAX: No timezone found, symbol may be delisted
[2024-04-02 22:51:28,499] {python.py:173} INFO - Done. Returned value was: None
[2024-04-02 22:51:28,561] {taskinstance.py:1395} INFO - Marking task as SUCCESS. dag_id=get_crypto_dag, task_id=AVAX, execution_date=20240301T000000, start_date=20240403T015114, end_date=20240403T015128
[2024-04-02 22:51:28,627] {local_task_job.py:156} INFO - Task exited with return code 0
[2024-04-02 22:51:28,780] {local_task_job.py:273} INFO - 0 downstream tasks scheduled from follow-on schedule check
