[2024-04-02 13:01:27,408] {taskinstance.py:1159} INFO - Dependencies all met for <TaskInstance: get_stocks_dag.GOOG scheduled__2024-01-24T00:00:00+00:00 [queued]>
[2024-04-02 13:01:27,416] {taskinstance.py:1159} INFO - Dependencies all met for <TaskInstance: get_stocks_dag.GOOG scheduled__2024-01-24T00:00:00+00:00 [queued]>
[2024-04-02 13:01:27,416] {taskinstance.py:1356} INFO - 
--------------------------------------------------------------------------------
[2024-04-02 13:01:27,417] {taskinstance.py:1357} INFO - Starting attempt 1 of 1
[2024-04-02 13:01:27,417] {taskinstance.py:1358} INFO - 
--------------------------------------------------------------------------------
[2024-04-02 13:01:27,441] {taskinstance.py:1377} INFO - Executing <Task(_PythonDecoratedOperator): GOOG> on 2024-01-24 00:00:00+00:00
[2024-04-02 13:01:27,448] {standard_task_runner.py:52} INFO - Started process 9381 to run task
[2024-04-02 13:01:27,454] {standard_task_runner.py:79} INFO - Running: ['airflow', 'tasks', 'run', 'get_stocks_dag', 'GOOG', 'scheduled__2024-01-24T00:00:00+00:00', '--job-id', '73', '--raw', '--subdir', 'DAGS_FOLDER/get_stocks.py', '--cfg-path', '/tmp/tmp8t3i2_nd', '--error-file', '/tmp/tmp4tfxoemh']
[2024-04-02 13:01:27,455] {standard_task_runner.py:80} INFO - Job 73: Subtask GOOG
[2024-04-02 13:01:27,513] {task_command.py:370} INFO - Running <TaskInstance: get_stocks_dag.GOOG scheduled__2024-01-24T00:00:00+00:00 [running]> on host alexmend-virtual-machine
[2024-04-02 13:01:27,593] {taskinstance.py:1569} INFO - Exporting the following env vars:
AIRFLOW_CTX_DAG_OWNER=airflow
AIRFLOW_CTX_DAG_ID=get_stocks_dag
AIRFLOW_CTX_TASK_ID=GOOG
AIRFLOW_CTX_EXECUTION_DATE=2024-01-24T00:00:00+00:00
AIRFLOW_CTX_TRY_NUMBER=1
AIRFLOW_CTX_DAG_RUN_ID=scheduled__2024-01-24T00:00:00+00:00
[2024-04-02 13:01:28,313] {python.py:173} INFO - Done. Returned value was: None
[2024-04-02 13:01:28,325] {taskinstance.py:1395} INFO - Marking task as SUCCESS. dag_id=get_stocks_dag, task_id=GOOG, execution_date=20240124T000000, start_date=20240402T160127, end_date=20240402T160128
[2024-04-02 13:01:28,352] {local_task_job.py:156} INFO - Task exited with return code 0
[2024-04-02 13:01:28,382] {local_task_job.py:273} INFO - 0 downstream tasks scheduled from follow-on schedule check
[2024-04-02 17:17:51,276] {taskinstance.py:1159} INFO - Dependencies all met for <TaskInstance: get_stocks_dag.GOOG scheduled__2024-01-24T00:00:00+00:00 [queued]>
[2024-04-02 17:17:51,353] {taskinstance.py:1159} INFO - Dependencies all met for <TaskInstance: get_stocks_dag.GOOG scheduled__2024-01-24T00:00:00+00:00 [queued]>
[2024-04-02 17:17:51,354] {taskinstance.py:1356} INFO - 
--------------------------------------------------------------------------------
[2024-04-02 17:17:51,354] {taskinstance.py:1357} INFO - Starting attempt 1 of 1
[2024-04-02 17:17:51,354] {taskinstance.py:1358} INFO - 
--------------------------------------------------------------------------------
[2024-04-02 17:17:51,410] {taskinstance.py:1377} INFO - Executing <Task(_PythonDecoratedOperator): GOOG> on 2024-01-24 00:00:00+00:00
[2024-04-02 17:17:51,464] {standard_task_runner.py:52} INFO - Started process 5287 to run task
[2024-04-02 17:17:51,506] {standard_task_runner.py:79} INFO - Running: ['airflow', 'tasks', 'run', 'get_stocks_dag', 'GOOG', 'scheduled__2024-01-24T00:00:00+00:00', '--job-id', '57', '--raw', '--subdir', 'DAGS_FOLDER/get_stocks.py', '--cfg-path', '/tmp/tmp814dvqvn', '--error-file', '/tmp/tmppjuy_zjf']
[2024-04-02 17:17:51,509] {standard_task_runner.py:80} INFO - Job 57: Subtask GOOG
[2024-04-02 17:17:52,178] {task_command.py:370} INFO - Running <TaskInstance: get_stocks_dag.GOOG scheduled__2024-01-24T00:00:00+00:00 [running]> on host alexmend-virtual-machine
[2024-04-02 17:17:52,534] {taskinstance.py:1569} INFO - Exporting the following env vars:
AIRFLOW_CTX_DAG_OWNER=airflow
AIRFLOW_CTX_DAG_ID=get_stocks_dag
AIRFLOW_CTX_TASK_ID=GOOG
AIRFLOW_CTX_EXECUTION_DATE=2024-01-24T00:00:00+00:00
AIRFLOW_CTX_TRY_NUMBER=1
AIRFLOW_CTX_DAG_RUN_ID=scheduled__2024-01-24T00:00:00+00:00
[2024-04-02 17:17:53,870] {python.py:173} INFO - Done. Returned value was: None
[2024-04-02 17:17:53,962] {taskinstance.py:1395} INFO - Marking task as SUCCESS. dag_id=get_stocks_dag, task_id=GOOG, execution_date=20240124T000000, start_date=20240402T201751, end_date=20240402T201753
[2024-04-02 17:17:54,177] {local_task_job.py:156} INFO - Task exited with return code 0
[2024-04-02 17:17:54,584] {local_task_job.py:273} INFO - 0 downstream tasks scheduled from follow-on schedule check
[2024-04-02 17:43:21,973] {taskinstance.py:1159} INFO - Dependencies all met for <TaskInstance: get_stocks_dag.GOOG scheduled__2024-01-24T00:00:00+00:00 [queued]>
[2024-04-02 17:43:21,999] {taskinstance.py:1159} INFO - Dependencies all met for <TaskInstance: get_stocks_dag.GOOG scheduled__2024-01-24T00:00:00+00:00 [queued]>
[2024-04-02 17:43:22,000] {taskinstance.py:1356} INFO - 
--------------------------------------------------------------------------------
[2024-04-02 17:43:22,001] {taskinstance.py:1357} INFO - Starting attempt 1 of 1
[2024-04-02 17:43:22,001] {taskinstance.py:1358} INFO - 
--------------------------------------------------------------------------------
[2024-04-02 17:43:22,030] {taskinstance.py:1377} INFO - Executing <Task(_PythonDecoratedOperator): GOOG> on 2024-01-24 00:00:00+00:00
[2024-04-02 17:43:22,037] {standard_task_runner.py:52} INFO - Started process 19738 to run task
[2024-04-02 17:43:22,051] {standard_task_runner.py:79} INFO - Running: ['airflow', 'tasks', 'run', 'get_stocks_dag', 'GOOG', 'scheduled__2024-01-24T00:00:00+00:00', '--job-id', '317', '--raw', '--subdir', 'DAGS_FOLDER/get_stocks.py', '--cfg-path', '/tmp/tmp8t6r67zr', '--error-file', '/tmp/tmpfhhusg1z']
[2024-04-02 17:43:22,054] {standard_task_runner.py:80} INFO - Job 317: Subtask GOOG
[2024-04-02 17:43:22,187] {task_command.py:370} INFO - Running <TaskInstance: get_stocks_dag.GOOG scheduled__2024-01-24T00:00:00+00:00 [running]> on host alexmend-virtual-machine
[2024-04-02 17:43:22,325] {taskinstance.py:1569} INFO - Exporting the following env vars:
AIRFLOW_CTX_DAG_OWNER=airflow
AIRFLOW_CTX_DAG_ID=get_stocks_dag
AIRFLOW_CTX_TASK_ID=GOOG
AIRFLOW_CTX_EXECUTION_DATE=2024-01-24T00:00:00+00:00
AIRFLOW_CTX_TRY_NUMBER=1
AIRFLOW_CTX_DAG_RUN_ID=scheduled__2024-01-24T00:00:00+00:00
[2024-04-02 17:43:22,989] {python.py:173} INFO - Done. Returned value was: None
[2024-04-02 17:43:23,021] {taskinstance.py:1395} INFO - Marking task as SUCCESS. dag_id=get_stocks_dag, task_id=GOOG, execution_date=20240124T000000, start_date=20240402T204321, end_date=20240402T204323
[2024-04-02 17:43:23,067] {local_task_job.py:156} INFO - Task exited with return code 0
[2024-04-02 17:43:23,164] {local_task_job.py:273} INFO - 0 downstream tasks scheduled from follow-on schedule check
