[2024-04-02 21:45:20,556] {taskinstance.py:1159} INFO - Dependencies all met for <TaskInstance: get_crypto_dag.AVAX scheduled__2024-02-29T00:00:00+00:00 [queued]>
[2024-04-02 21:45:20,582] {taskinstance.py:1159} INFO - Dependencies all met for <TaskInstance: get_crypto_dag.AVAX scheduled__2024-02-29T00:00:00+00:00 [queued]>
[2024-04-02 21:45:20,583] {taskinstance.py:1356} INFO - 
--------------------------------------------------------------------------------
[2024-04-02 21:45:20,583] {taskinstance.py:1357} INFO - Starting attempt 1 of 1
[2024-04-02 21:45:20,583] {taskinstance.py:1358} INFO - 
--------------------------------------------------------------------------------
[2024-04-02 21:45:20,620] {taskinstance.py:1377} INFO - Executing <Task(_PythonDecoratedOperator): AVAX> on 2024-02-29 00:00:00+00:00
[2024-04-02 21:45:20,630] {standard_task_runner.py:52} INFO - Started process 47354 to run task
[2024-04-02 21:45:20,649] {standard_task_runner.py:79} INFO - Running: ['airflow', 'tasks', 'run', 'get_crypto_dag', 'AVAX', 'scheduled__2024-02-29T00:00:00+00:00', '--job-id', '745', '--raw', '--subdir', 'DAGS_FOLDER/get_crypto.py', '--cfg-path', '/tmp/tmph2b8ctk_', '--error-file', '/tmp/tmpwzgut23t']
[2024-04-02 21:45:20,652] {standard_task_runner.py:80} INFO - Job 745: Subtask AVAX
[2024-04-02 21:45:20,797] {task_command.py:370} INFO - Running <TaskInstance: get_crypto_dag.AVAX scheduled__2024-02-29T00:00:00+00:00 [running]> on host alexmend-virtual-machine
[2024-04-02 21:45:20,972] {taskinstance.py:1569} INFO - Exporting the following env vars:
AIRFLOW_CTX_DAG_OWNER=airflow
AIRFLOW_CTX_DAG_ID=get_crypto_dag
AIRFLOW_CTX_TASK_ID=AVAX
AIRFLOW_CTX_EXECUTION_DATE=2024-02-29T00:00:00+00:00
AIRFLOW_CTX_TRY_NUMBER=1
AIRFLOW_CTX_DAG_RUN_ID=scheduled__2024-02-29T00:00:00+00:00
[2024-04-02 21:45:24,427] {history.py:90} ERROR - AVAX: No timezone found, symbol may be delisted
[2024-04-02 21:45:34,446] {python.py:173} INFO - Done. Returned value was: None
[2024-04-02 21:45:34,493] {taskinstance.py:1395} INFO - Marking task as SUCCESS. dag_id=get_crypto_dag, task_id=AVAX, execution_date=20240229T000000, start_date=20240403T004520, end_date=20240403T004534
[2024-04-02 21:45:34,579] {local_task_job.py:156} INFO - Task exited with return code 0
[2024-04-02 21:45:34,713] {local_task_job.py:273} INFO - 0 downstream tasks scheduled from follow-on schedule check
[2024-04-02 22:49:37,195] {taskinstance.py:1159} INFO - Dependencies all met for <TaskInstance: get_crypto_dag.AVAX scheduled__2024-02-29T00:00:00+00:00 [queued]>
[2024-04-02 22:49:37,225] {taskinstance.py:1159} INFO - Dependencies all met for <TaskInstance: get_crypto_dag.AVAX scheduled__2024-02-29T00:00:00+00:00 [queued]>
[2024-04-02 22:49:37,226] {taskinstance.py:1356} INFO - 
--------------------------------------------------------------------------------
[2024-04-02 22:49:37,226] {taskinstance.py:1357} INFO - Starting attempt 1 of 1
[2024-04-02 22:49:37,227] {taskinstance.py:1358} INFO - 
--------------------------------------------------------------------------------
[2024-04-02 22:49:37,277] {taskinstance.py:1377} INFO - Executing <Task(_PythonDecoratedOperator): AVAX> on 2024-02-29 00:00:00+00:00
[2024-04-02 22:49:37,300] {standard_task_runner.py:52} INFO - Started process 70598 to run task
[2024-04-02 22:49:37,320] {standard_task_runner.py:79} INFO - Running: ['airflow', 'tasks', 'run', 'get_crypto_dag', 'AVAX', 'scheduled__2024-02-29T00:00:00+00:00', '--job-id', '992', '--raw', '--subdir', 'DAGS_FOLDER/get_crypto.py', '--cfg-path', '/tmp/tmpti8o6wyx', '--error-file', '/tmp/tmprvaym0qc']
[2024-04-02 22:49:37,322] {standard_task_runner.py:80} INFO - Job 992: Subtask AVAX
[2024-04-02 22:49:37,557] {task_command.py:370} INFO - Running <TaskInstance: get_crypto_dag.AVAX scheduled__2024-02-29T00:00:00+00:00 [running]> on host alexmend-virtual-machine
[2024-04-02 22:49:37,786] {taskinstance.py:1569} INFO - Exporting the following env vars:
AIRFLOW_CTX_DAG_OWNER=airflow
AIRFLOW_CTX_DAG_ID=get_crypto_dag
AIRFLOW_CTX_TASK_ID=AVAX
AIRFLOW_CTX_EXECUTION_DATE=2024-02-29T00:00:00+00:00
AIRFLOW_CTX_TRY_NUMBER=1
AIRFLOW_CTX_DAG_RUN_ID=scheduled__2024-02-29T00:00:00+00:00
[2024-04-02 22:49:41,140] {history.py:90} ERROR - AVAX: No timezone found, symbol may be delisted
[2024-04-02 22:49:51,176] {python.py:173} INFO - Done. Returned value was: None
[2024-04-02 22:49:51,285] {taskinstance.py:1395} INFO - Marking task as SUCCESS. dag_id=get_crypto_dag, task_id=AVAX, execution_date=20240229T000000, start_date=20240403T014937, end_date=20240403T014951
[2024-04-02 22:49:51,416] {local_task_job.py:156} INFO - Task exited with return code 0
[2024-04-02 22:49:51,501] {local_task_job.py:273} INFO - 0 downstream tasks scheduled from follow-on schedule check
