[2024-04-02 13:07:08,866] {taskinstance.py:1159} INFO - Dependencies all met for <TaskInstance: get_stocks_dag.TSLA scheduled__2024-02-21T00:00:00+00:00 [queued]>
[2024-04-02 13:07:08,877] {taskinstance.py:1159} INFO - Dependencies all met for <TaskInstance: get_stocks_dag.TSLA scheduled__2024-02-21T00:00:00+00:00 [queued]>
[2024-04-02 13:07:08,878] {taskinstance.py:1356} INFO - 
--------------------------------------------------------------------------------
[2024-04-02 13:07:08,878] {taskinstance.py:1357} INFO - Starting attempt 1 of 1
[2024-04-02 13:07:08,879] {taskinstance.py:1358} INFO - 
--------------------------------------------------------------------------------
[2024-04-02 13:07:08,901] {taskinstance.py:1377} INFO - Executing <Task(_PythonDecoratedOperator): TSLA> on 2024-02-21 00:00:00+00:00
[2024-04-02 13:07:08,908] {standard_task_runner.py:52} INFO - Started process 11377 to run task
[2024-04-02 13:07:08,914] {standard_task_runner.py:79} INFO - Running: ['airflow', 'tasks', 'run', 'get_stocks_dag', 'TSLA', 'scheduled__2024-02-21T00:00:00+00:00', '--job-id', '154', '--raw', '--subdir', 'DAGS_FOLDER/get_stocks.py', '--cfg-path', '/tmp/tmpqmlqa_z0', '--error-file', '/tmp/tmp83yxf4bt']
[2024-04-02 13:07:08,916] {standard_task_runner.py:80} INFO - Job 154: Subtask TSLA
[2024-04-02 13:07:08,996] {task_command.py:370} INFO - Running <TaskInstance: get_stocks_dag.TSLA scheduled__2024-02-21T00:00:00+00:00 [running]> on host alexmend-virtual-machine
[2024-04-02 13:07:09,099] {taskinstance.py:1569} INFO - Exporting the following env vars:
AIRFLOW_CTX_DAG_OWNER=airflow
AIRFLOW_CTX_DAG_ID=get_stocks_dag
AIRFLOW_CTX_TASK_ID=TSLA
AIRFLOW_CTX_EXECUTION_DATE=2024-02-21T00:00:00+00:00
AIRFLOW_CTX_TRY_NUMBER=1
AIRFLOW_CTX_DAG_RUN_ID=scheduled__2024-02-21T00:00:00+00:00
[2024-04-02 13:07:09,906] {python.py:173} INFO - Done. Returned value was: None
[2024-04-02 13:07:09,916] {taskinstance.py:1395} INFO - Marking task as SUCCESS. dag_id=get_stocks_dag, task_id=TSLA, execution_date=20240221T000000, start_date=20240402T160708, end_date=20240402T160709
[2024-04-02 13:07:09,977] {local_task_job.py:156} INFO - Task exited with return code 0
[2024-04-02 13:07:10,001] {local_task_job.py:273} INFO - 0 downstream tasks scheduled from follow-on schedule check
[2024-04-02 17:18:55,020] {taskinstance.py:1159} INFO - Dependencies all met for <TaskInstance: get_stocks_dag.TSLA scheduled__2024-02-21T00:00:00+00:00 [queued]>
[2024-04-02 17:18:55,102] {taskinstance.py:1159} INFO - Dependencies all met for <TaskInstance: get_stocks_dag.TSLA scheduled__2024-02-21T00:00:00+00:00 [queued]>
[2024-04-02 17:18:55,103] {taskinstance.py:1356} INFO - 
--------------------------------------------------------------------------------
[2024-04-02 17:18:55,113] {taskinstance.py:1357} INFO - Starting attempt 1 of 1
[2024-04-02 17:18:55,113] {taskinstance.py:1358} INFO - 
--------------------------------------------------------------------------------
[2024-04-02 17:18:55,378] {taskinstance.py:1377} INFO - Executing <Task(_PythonDecoratedOperator): TSLA> on 2024-02-21 00:00:00+00:00
[2024-04-02 17:18:55,509] {standard_task_runner.py:52} INFO - Started process 7248 to run task
[2024-04-02 17:18:55,693] {standard_task_runner.py:79} INFO - Running: ['airflow', 'tasks', 'run', 'get_stocks_dag', 'TSLA', 'scheduled__2024-02-21T00:00:00+00:00', '--job-id', '137', '--raw', '--subdir', 'DAGS_FOLDER/get_stocks.py', '--cfg-path', '/tmp/tmp96sh29yo', '--error-file', '/tmp/tmpzgzp7sv4']
[2024-04-02 17:18:55,698] {standard_task_runner.py:80} INFO - Job 137: Subtask TSLA
[2024-04-02 17:18:56,265] {task_command.py:370} INFO - Running <TaskInstance: get_stocks_dag.TSLA scheduled__2024-02-21T00:00:00+00:00 [running]> on host alexmend-virtual-machine
[2024-04-02 17:18:57,025] {taskinstance.py:1569} INFO - Exporting the following env vars:
AIRFLOW_CTX_DAG_OWNER=airflow
AIRFLOW_CTX_DAG_ID=get_stocks_dag
AIRFLOW_CTX_TASK_ID=TSLA
AIRFLOW_CTX_EXECUTION_DATE=2024-02-21T00:00:00+00:00
AIRFLOW_CTX_TRY_NUMBER=1
AIRFLOW_CTX_DAG_RUN_ID=scheduled__2024-02-21T00:00:00+00:00
[2024-04-02 17:18:58,337] {python.py:173} INFO - Done. Returned value was: None
[2024-04-02 17:18:58,434] {taskinstance.py:1395} INFO - Marking task as SUCCESS. dag_id=get_stocks_dag, task_id=TSLA, execution_date=20240221T000000, start_date=20240402T201855, end_date=20240402T201858
[2024-04-02 17:18:58,618] {local_task_job.py:156} INFO - Task exited with return code 0
[2024-04-02 17:18:58,853] {local_task_job.py:273} INFO - 0 downstream tasks scheduled from follow-on schedule check
[2024-04-02 17:45:13,552] {taskinstance.py:1159} INFO - Dependencies all met for <TaskInstance: get_stocks_dag.TSLA scheduled__2024-02-21T00:00:00+00:00 [queued]>
[2024-04-02 17:45:13,567] {taskinstance.py:1159} INFO - Dependencies all met for <TaskInstance: get_stocks_dag.TSLA scheduled__2024-02-21T00:00:00+00:00 [queued]>
[2024-04-02 17:45:13,568] {taskinstance.py:1356} INFO - 
--------------------------------------------------------------------------------
[2024-04-02 17:45:13,568] {taskinstance.py:1357} INFO - Starting attempt 1 of 1
[2024-04-02 17:45:13,568] {taskinstance.py:1358} INFO - 
--------------------------------------------------------------------------------
[2024-04-02 17:45:13,584] {taskinstance.py:1377} INFO - Executing <Task(_PythonDecoratedOperator): TSLA> on 2024-02-21 00:00:00+00:00
[2024-04-02 17:45:13,591] {standard_task_runner.py:52} INFO - Started process 22044 to run task
[2024-04-02 17:45:13,598] {standard_task_runner.py:79} INFO - Running: ['airflow', 'tasks', 'run', 'get_stocks_dag', 'TSLA', 'scheduled__2024-02-21T00:00:00+00:00', '--job-id', '395', '--raw', '--subdir', 'DAGS_FOLDER/get_stocks.py', '--cfg-path', '/tmp/tmpq30fd06m', '--error-file', '/tmp/tmpsghqzz_s']
[2024-04-02 17:45:13,599] {standard_task_runner.py:80} INFO - Job 395: Subtask TSLA
[2024-04-02 17:45:13,698] {task_command.py:370} INFO - Running <TaskInstance: get_stocks_dag.TSLA scheduled__2024-02-21T00:00:00+00:00 [running]> on host alexmend-virtual-machine
[2024-04-02 17:45:13,833] {taskinstance.py:1569} INFO - Exporting the following env vars:
AIRFLOW_CTX_DAG_OWNER=airflow
AIRFLOW_CTX_DAG_ID=get_stocks_dag
AIRFLOW_CTX_TASK_ID=TSLA
AIRFLOW_CTX_EXECUTION_DATE=2024-02-21T00:00:00+00:00
AIRFLOW_CTX_TRY_NUMBER=1
AIRFLOW_CTX_DAG_RUN_ID=scheduled__2024-02-21T00:00:00+00:00
[2024-04-02 17:45:14,499] {python.py:173} INFO - Done. Returned value was: None
[2024-04-02 17:45:14,528] {taskinstance.py:1395} INFO - Marking task as SUCCESS. dag_id=get_stocks_dag, task_id=TSLA, execution_date=20240221T000000, start_date=20240402T204513, end_date=20240402T204514
[2024-04-02 17:45:14,573] {local_task_job.py:156} INFO - Task exited with return code 0
[2024-04-02 17:45:14,633] {local_task_job.py:273} INFO - 0 downstream tasks scheduled from follow-on schedule check
