[2024-04-02 21:48:09,195] {taskinstance.py:1159} INFO - Dependencies all met for <TaskInstance: get_crypto_dag.ETH scheduled__2024-03-04T00:00:00+00:00 [queued]>
[2024-04-02 21:48:09,227] {taskinstance.py:1159} INFO - Dependencies all met for <TaskInstance: get_crypto_dag.ETH scheduled__2024-03-04T00:00:00+00:00 [queued]>
[2024-04-02 21:48:09,227] {taskinstance.py:1356} INFO - 
--------------------------------------------------------------------------------
[2024-04-02 21:48:09,227] {taskinstance.py:1357} INFO - Starting attempt 1 of 1
[2024-04-02 21:48:09,227] {taskinstance.py:1358} INFO - 
--------------------------------------------------------------------------------
[2024-04-02 21:48:09,284] {taskinstance.py:1377} INFO - Executing <Task(_PythonDecoratedOperator): ETH> on 2024-03-04 00:00:00+00:00
[2024-04-02 21:48:09,304] {standard_task_runner.py:52} INFO - Started process 49447 to run task
[2024-04-02 21:48:09,327] {standard_task_runner.py:79} INFO - Running: ['airflow', 'tasks', 'run', 'get_crypto_dag', 'ETH', 'scheduled__2024-03-04T00:00:00+00:00', '--job-id', '783', '--raw', '--subdir', 'DAGS_FOLDER/get_crypto.py', '--cfg-path', '/tmp/tmp0gjznu98', '--error-file', '/tmp/tmpdhyk1tam']
[2024-04-02 21:48:09,329] {standard_task_runner.py:80} INFO - Job 783: Subtask ETH
[2024-04-02 21:48:09,523] {task_command.py:370} INFO - Running <TaskInstance: get_crypto_dag.ETH scheduled__2024-03-04T00:00:00+00:00 [running]> on host alexmend-virtual-machine
[2024-04-02 21:48:09,778] {taskinstance.py:1569} INFO - Exporting the following env vars:
AIRFLOW_CTX_DAG_OWNER=airflow
AIRFLOW_CTX_DAG_ID=get_crypto_dag
AIRFLOW_CTX_TASK_ID=ETH
AIRFLOW_CTX_EXECUTION_DATE=2024-03-04T00:00:00+00:00
AIRFLOW_CTX_TRY_NUMBER=1
AIRFLOW_CTX_DAG_RUN_ID=scheduled__2024-03-04T00:00:00+00:00
[2024-04-02 21:48:13,590] {history.py:90} ERROR - ETH: No timezone found, symbol may be delisted
[2024-04-02 21:48:23,616] {python.py:173} INFO - Done. Returned value was: None
[2024-04-02 21:48:23,681] {taskinstance.py:1395} INFO - Marking task as SUCCESS. dag_id=get_crypto_dag, task_id=ETH, execution_date=20240304T000000, start_date=20240403T004809, end_date=20240403T004823
[2024-04-02 21:48:23,841] {local_task_job.py:156} INFO - Task exited with return code 0
[2024-04-02 21:48:24,018] {local_task_job.py:273} INFO - 0 downstream tasks scheduled from follow-on schedule check
[2024-04-02 22:53:33,435] {taskinstance.py:1159} INFO - Dependencies all met for <TaskInstance: get_crypto_dag.ETH scheduled__2024-03-04T00:00:00+00:00 [queued]>
[2024-04-02 22:53:33,474] {taskinstance.py:1159} INFO - Dependencies all met for <TaskInstance: get_crypto_dag.ETH scheduled__2024-03-04T00:00:00+00:00 [queued]>
[2024-04-02 22:53:33,477] {taskinstance.py:1356} INFO - 
--------------------------------------------------------------------------------
[2024-04-02 22:53:33,480] {taskinstance.py:1357} INFO - Starting attempt 1 of 1
[2024-04-02 22:53:33,483] {taskinstance.py:1358} INFO - 
--------------------------------------------------------------------------------
[2024-04-02 22:53:33,532] {taskinstance.py:1377} INFO - Executing <Task(_PythonDecoratedOperator): ETH> on 2024-03-04 00:00:00+00:00
[2024-04-02 22:53:33,550] {standard_task_runner.py:52} INFO - Started process 72657 to run task
[2024-04-02 22:53:33,577] {standard_task_runner.py:79} INFO - Running: ['airflow', 'tasks', 'run', 'get_crypto_dag', 'ETH', 'scheduled__2024-03-04T00:00:00+00:00', '--job-id', '1020', '--raw', '--subdir', 'DAGS_FOLDER/get_crypto.py', '--cfg-path', '/tmp/tmply_aeu4h', '--error-file', '/tmp/tmp4sip426y']
[2024-04-02 22:53:33,584] {standard_task_runner.py:80} INFO - Job 1020: Subtask ETH
[2024-04-02 22:53:33,847] {task_command.py:370} INFO - Running <TaskInstance: get_crypto_dag.ETH scheduled__2024-03-04T00:00:00+00:00 [running]> on host alexmend-virtual-machine
[2024-04-02 22:53:34,133] {taskinstance.py:1569} INFO - Exporting the following env vars:
AIRFLOW_CTX_DAG_OWNER=airflow
AIRFLOW_CTX_DAG_ID=get_crypto_dag
AIRFLOW_CTX_TASK_ID=ETH
AIRFLOW_CTX_EXECUTION_DATE=2024-03-04T00:00:00+00:00
AIRFLOW_CTX_TRY_NUMBER=1
AIRFLOW_CTX_DAG_RUN_ID=scheduled__2024-03-04T00:00:00+00:00
[2024-04-02 22:53:37,627] {history.py:90} ERROR - ETH: No timezone found, symbol may be delisted
[2024-04-02 22:53:47,658] {python.py:173} INFO - Done. Returned value was: None
[2024-04-02 22:53:47,706] {taskinstance.py:1395} INFO - Marking task as SUCCESS. dag_id=get_crypto_dag, task_id=ETH, execution_date=20240304T000000, start_date=20240403T015333, end_date=20240403T015347
[2024-04-02 22:53:47,823] {local_task_job.py:156} INFO - Task exited with return code 0
[2024-04-02 22:53:47,907] {local_task_job.py:273} INFO - 0 downstream tasks scheduled from follow-on schedule check
