[2024-04-02 22:00:44,218] {taskinstance.py:1159} INFO - Dependencies all met for <TaskInstance: get_crypto_dag.DOGE scheduled__2024-03-24T00:00:00+00:00 [queued]>
[2024-04-02 22:00:44,240] {taskinstance.py:1159} INFO - Dependencies all met for <TaskInstance: get_crypto_dag.DOGE scheduled__2024-03-24T00:00:00+00:00 [queued]>
[2024-04-02 22:00:44,241] {taskinstance.py:1356} INFO - 
--------------------------------------------------------------------------------
[2024-04-02 22:00:44,241] {taskinstance.py:1357} INFO - Starting attempt 1 of 1
[2024-04-02 22:00:44,241] {taskinstance.py:1358} INFO - 
--------------------------------------------------------------------------------
[2024-04-02 22:00:44,272] {taskinstance.py:1377} INFO - Executing <Task(_PythonDecoratedOperator): DOGE> on 2024-03-24 00:00:00+00:00
[2024-04-02 22:00:44,281] {standard_task_runner.py:52} INFO - Started process 58196 to run task
[2024-04-02 22:00:44,294] {standard_task_runner.py:79} INFO - Running: ['airflow', 'tasks', 'run', 'get_crypto_dag', 'DOGE', 'scheduled__2024-03-24T00:00:00+00:00', '--job-id', '931', '--raw', '--subdir', 'DAGS_FOLDER/get_crypto.py', '--cfg-path', '/tmp/tmp3f3rwec_', '--error-file', '/tmp/tmpcx5u3vnd']
[2024-04-02 22:00:44,296] {standard_task_runner.py:80} INFO - Job 931: Subtask DOGE
[2024-04-02 22:00:44,466] {task_command.py:370} INFO - Running <TaskInstance: get_crypto_dag.DOGE scheduled__2024-03-24T00:00:00+00:00 [running]> on host alexmend-virtual-machine
[2024-04-02 22:00:44,603] {taskinstance.py:1569} INFO - Exporting the following env vars:
AIRFLOW_CTX_DAG_OWNER=airflow
AIRFLOW_CTX_DAG_ID=get_crypto_dag
AIRFLOW_CTX_TASK_ID=DOGE
AIRFLOW_CTX_EXECUTION_DATE=2024-03-24T00:00:00+00:00
AIRFLOW_CTX_TRY_NUMBER=1
AIRFLOW_CTX_DAG_RUN_ID=scheduled__2024-03-24T00:00:00+00:00
[2024-04-02 22:00:48,255] {history.py:90} ERROR - DOGE: No timezone found, symbol may be delisted
[2024-04-02 22:00:58,277] {python.py:173} INFO - Done. Returned value was: None
[2024-04-02 22:00:58,300] {taskinstance.py:1395} INFO - Marking task as SUCCESS. dag_id=get_crypto_dag, task_id=DOGE, execution_date=20240324T000000, start_date=20240403T010044, end_date=20240403T010058
[2024-04-02 22:00:58,354] {local_task_job.py:156} INFO - Task exited with return code 0
[2024-04-02 22:00:58,408] {local_task_job.py:273} INFO - 0 downstream tasks scheduled from follow-on schedule check
[2024-04-02 23:13:13,835] {taskinstance.py:1159} INFO - Dependencies all met for <TaskInstance: get_crypto_dag.DOGE scheduled__2024-03-24T00:00:00+00:00 [queued]>
[2024-04-02 23:13:13,865] {taskinstance.py:1159} INFO - Dependencies all met for <TaskInstance: get_crypto_dag.DOGE scheduled__2024-03-24T00:00:00+00:00 [queued]>
[2024-04-02 23:13:13,865] {taskinstance.py:1356} INFO - 
--------------------------------------------------------------------------------
[2024-04-02 23:13:13,866] {taskinstance.py:1357} INFO - Starting attempt 1 of 1
[2024-04-02 23:13:13,866] {taskinstance.py:1358} INFO - 
--------------------------------------------------------------------------------
[2024-04-02 23:13:13,900] {taskinstance.py:1377} INFO - Executing <Task(_PythonDecoratedOperator): DOGE> on 2024-03-24 00:00:00+00:00
[2024-04-02 23:13:13,911] {standard_task_runner.py:52} INFO - Started process 83252 to run task
[2024-04-02 23:13:13,922] {standard_task_runner.py:79} INFO - Running: ['airflow', 'tasks', 'run', 'get_crypto_dag', 'DOGE', 'scheduled__2024-03-24T00:00:00+00:00', '--job-id', '1158', '--raw', '--subdir', 'DAGS_FOLDER/get_crypto.py', '--cfg-path', '/tmp/tmpya0tachy', '--error-file', '/tmp/tmpfkh6vfs0']
[2024-04-02 23:13:13,924] {standard_task_runner.py:80} INFO - Job 1158: Subtask DOGE
[2024-04-02 23:13:14,103] {task_command.py:370} INFO - Running <TaskInstance: get_crypto_dag.DOGE scheduled__2024-03-24T00:00:00+00:00 [running]> on host alexmend-virtual-machine
[2024-04-02 23:13:14,314] {taskinstance.py:1569} INFO - Exporting the following env vars:
AIRFLOW_CTX_DAG_OWNER=airflow
AIRFLOW_CTX_DAG_ID=get_crypto_dag
AIRFLOW_CTX_TASK_ID=DOGE
AIRFLOW_CTX_EXECUTION_DATE=2024-03-24T00:00:00+00:00
AIRFLOW_CTX_TRY_NUMBER=1
AIRFLOW_CTX_DAG_RUN_ID=scheduled__2024-03-24T00:00:00+00:00
[2024-04-02 23:13:18,043] {history.py:90} ERROR - DOGE: No timezone found, symbol may be delisted
[2024-04-02 23:13:28,060] {python.py:173} INFO - Done. Returned value was: None
[2024-04-02 23:13:28,117] {taskinstance.py:1395} INFO - Marking task as SUCCESS. dag_id=get_crypto_dag, task_id=DOGE, execution_date=20240324T000000, start_date=20240403T021313, end_date=20240403T021328
[2024-04-02 23:13:28,192] {local_task_job.py:156} INFO - Task exited with return code 0
[2024-04-02 23:13:28,271] {local_task_job.py:273} INFO - 0 downstream tasks scheduled from follow-on schedule check
