[2024-04-02 13:11:38,557] {taskinstance.py:1159} INFO - Dependencies all met for <TaskInstance: get_stocks_dag.TSLA scheduled__2024-03-15T00:00:00+00:00 [queued]>
[2024-04-02 13:11:38,566] {taskinstance.py:1159} INFO - Dependencies all met for <TaskInstance: get_stocks_dag.TSLA scheduled__2024-03-15T00:00:00+00:00 [queued]>
[2024-04-02 13:11:38,567] {taskinstance.py:1356} INFO - 
--------------------------------------------------------------------------------
[2024-04-02 13:11:38,567] {taskinstance.py:1357} INFO - Starting attempt 1 of 1
[2024-04-02 13:11:38,567] {taskinstance.py:1358} INFO - 
--------------------------------------------------------------------------------
[2024-04-02 13:11:38,586] {taskinstance.py:1377} INFO - Executing <Task(_PythonDecoratedOperator): TSLA> on 2024-03-15 00:00:00+00:00
[2024-04-02 13:11:38,593] {standard_task_runner.py:52} INFO - Started process 12963 to run task
[2024-04-02 13:11:38,599] {standard_task_runner.py:79} INFO - Running: ['airflow', 'tasks', 'run', 'get_stocks_dag', 'TSLA', 'scheduled__2024-03-15T00:00:00+00:00', '--job-id', '222', '--raw', '--subdir', 'DAGS_FOLDER/get_stocks.py', '--cfg-path', '/tmp/tmp7vidarbz', '--error-file', '/tmp/tmp2rogmruh']
[2024-04-02 13:11:38,600] {standard_task_runner.py:80} INFO - Job 222: Subtask TSLA
[2024-04-02 13:11:38,677] {task_command.py:370} INFO - Running <TaskInstance: get_stocks_dag.TSLA scheduled__2024-03-15T00:00:00+00:00 [running]> on host alexmend-virtual-machine
[2024-04-02 13:11:38,760] {taskinstance.py:1569} INFO - Exporting the following env vars:
AIRFLOW_CTX_DAG_OWNER=airflow
AIRFLOW_CTX_DAG_ID=get_stocks_dag
AIRFLOW_CTX_TASK_ID=TSLA
AIRFLOW_CTX_EXECUTION_DATE=2024-03-15T00:00:00+00:00
AIRFLOW_CTX_TRY_NUMBER=1
AIRFLOW_CTX_DAG_RUN_ID=scheduled__2024-03-15T00:00:00+00:00
[2024-04-02 13:11:39,684] {python.py:173} INFO - Done. Returned value was: None
[2024-04-02 13:11:39,705] {taskinstance.py:1395} INFO - Marking task as SUCCESS. dag_id=get_stocks_dag, task_id=TSLA, execution_date=20240315T000000, start_date=20240402T161138, end_date=20240402T161139
[2024-04-02 13:11:39,745] {local_task_job.py:156} INFO - Task exited with return code 0
[2024-04-02 13:11:39,771] {local_task_job.py:273} INFO - 0 downstream tasks scheduled from follow-on schedule check
[2024-04-02 17:19:51,709] {taskinstance.py:1159} INFO - Dependencies all met for <TaskInstance: get_stocks_dag.TSLA scheduled__2024-03-15T00:00:00+00:00 [queued]>
[2024-04-02 17:19:51,808] {taskinstance.py:1159} INFO - Dependencies all met for <TaskInstance: get_stocks_dag.TSLA scheduled__2024-03-15T00:00:00+00:00 [queued]>
[2024-04-02 17:19:51,809] {taskinstance.py:1356} INFO - 
--------------------------------------------------------------------------------
[2024-04-02 17:19:51,809] {taskinstance.py:1357} INFO - Starting attempt 1 of 1
[2024-04-02 17:19:51,812] {taskinstance.py:1358} INFO - 
--------------------------------------------------------------------------------
[2024-04-02 17:19:51,896] {taskinstance.py:1377} INFO - Executing <Task(_PythonDecoratedOperator): TSLA> on 2024-03-15 00:00:00+00:00
[2024-04-02 17:19:51,938] {standard_task_runner.py:52} INFO - Started process 8866 to run task
[2024-04-02 17:19:51,982] {standard_task_runner.py:79} INFO - Running: ['airflow', 'tasks', 'run', 'get_stocks_dag', 'TSLA', 'scheduled__2024-03-15T00:00:00+00:00', '--job-id', '203', '--raw', '--subdir', 'DAGS_FOLDER/get_stocks.py', '--cfg-path', '/tmp/tmpxw_lz8rc', '--error-file', '/tmp/tmpreteg50b']
[2024-04-02 17:19:52,006] {standard_task_runner.py:80} INFO - Job 203: Subtask TSLA
[2024-04-02 17:19:52,565] {task_command.py:370} INFO - Running <TaskInstance: get_stocks_dag.TSLA scheduled__2024-03-15T00:00:00+00:00 [running]> on host alexmend-virtual-machine
[2024-04-02 17:19:53,504] {taskinstance.py:1569} INFO - Exporting the following env vars:
AIRFLOW_CTX_DAG_OWNER=airflow
AIRFLOW_CTX_DAG_ID=get_stocks_dag
AIRFLOW_CTX_TASK_ID=TSLA
AIRFLOW_CTX_EXECUTION_DATE=2024-03-15T00:00:00+00:00
AIRFLOW_CTX_TRY_NUMBER=1
AIRFLOW_CTX_DAG_RUN_ID=scheduled__2024-03-15T00:00:00+00:00
[2024-04-02 17:19:54,969] {python.py:173} INFO - Done. Returned value was: None
[2024-04-02 17:19:55,061] {taskinstance.py:1395} INFO - Marking task as SUCCESS. dag_id=get_stocks_dag, task_id=TSLA, execution_date=20240315T000000, start_date=20240402T201951, end_date=20240402T201955
[2024-04-02 17:19:55,294] {local_task_job.py:156} INFO - Task exited with return code 0
[2024-04-02 17:19:55,645] {local_task_job.py:273} INFO - 0 downstream tasks scheduled from follow-on schedule check
[2024-04-02 17:46:53,222] {taskinstance.py:1159} INFO - Dependencies all met for <TaskInstance: get_stocks_dag.TSLA scheduled__2024-03-15T00:00:00+00:00 [queued]>
[2024-04-02 17:46:53,259] {taskinstance.py:1159} INFO - Dependencies all met for <TaskInstance: get_stocks_dag.TSLA scheduled__2024-03-15T00:00:00+00:00 [queued]>
[2024-04-02 17:46:53,259] {taskinstance.py:1356} INFO - 
--------------------------------------------------------------------------------
[2024-04-02 17:46:53,260] {taskinstance.py:1357} INFO - Starting attempt 1 of 1
[2024-04-02 17:46:53,260] {taskinstance.py:1358} INFO - 
--------------------------------------------------------------------------------
[2024-04-02 17:46:53,311] {taskinstance.py:1377} INFO - Executing <Task(_PythonDecoratedOperator): TSLA> on 2024-03-15 00:00:00+00:00
[2024-04-02 17:46:53,323] {standard_task_runner.py:52} INFO - Started process 24011 to run task
[2024-04-02 17:46:53,340] {standard_task_runner.py:79} INFO - Running: ['airflow', 'tasks', 'run', 'get_stocks_dag', 'TSLA', 'scheduled__2024-03-15T00:00:00+00:00', '--job-id', '464', '--raw', '--subdir', 'DAGS_FOLDER/get_stocks.py', '--cfg-path', '/tmp/tmpgxt_fag4', '--error-file', '/tmp/tmp0unj2mrf']
[2024-04-02 17:46:53,343] {standard_task_runner.py:80} INFO - Job 464: Subtask TSLA
[2024-04-02 17:46:53,526] {task_command.py:370} INFO - Running <TaskInstance: get_stocks_dag.TSLA scheduled__2024-03-15T00:00:00+00:00 [running]> on host alexmend-virtual-machine
[2024-04-02 17:46:53,765] {taskinstance.py:1569} INFO - Exporting the following env vars:
AIRFLOW_CTX_DAG_OWNER=airflow
AIRFLOW_CTX_DAG_ID=get_stocks_dag
AIRFLOW_CTX_TASK_ID=TSLA
AIRFLOW_CTX_EXECUTION_DATE=2024-03-15T00:00:00+00:00
AIRFLOW_CTX_TRY_NUMBER=1
AIRFLOW_CTX_DAG_RUN_ID=scheduled__2024-03-15T00:00:00+00:00
[2024-04-02 17:46:54,586] {python.py:173} INFO - Done. Returned value was: None
[2024-04-02 17:46:54,615] {taskinstance.py:1395} INFO - Marking task as SUCCESS. dag_id=get_stocks_dag, task_id=TSLA, execution_date=20240315T000000, start_date=20240402T204653, end_date=20240402T204654
[2024-04-02 17:46:54,653] {local_task_job.py:156} INFO - Task exited with return code 0
[2024-04-02 17:46:54,735] {local_task_job.py:273} INFO - 0 downstream tasks scheduled from follow-on schedule check
[2024-04-02 19:15:48,720] {taskinstance.py:1159} INFO - Dependencies all met for <TaskInstance: get_stocks_dag.TSLA scheduled__2024-03-15T00:00:00+00:00 [queued]>
[2024-04-02 19:15:48,738] {taskinstance.py:1159} INFO - Dependencies all met for <TaskInstance: get_stocks_dag.TSLA scheduled__2024-03-15T00:00:00+00:00 [queued]>
[2024-04-02 19:15:48,738] {taskinstance.py:1356} INFO - 
--------------------------------------------------------------------------------
[2024-04-02 19:15:48,738] {taskinstance.py:1357} INFO - Starting attempt 1 of 1
[2024-04-02 19:15:48,739] {taskinstance.py:1358} INFO - 
--------------------------------------------------------------------------------
[2024-04-02 19:15:48,761] {taskinstance.py:1377} INFO - Executing <Task(_PythonDecoratedOperator): TSLA> on 2024-03-15 00:00:00+00:00
[2024-04-02 19:15:48,769] {standard_task_runner.py:52} INFO - Started process 15213 to run task
[2024-04-02 19:15:48,777] {standard_task_runner.py:79} INFO - Running: ['airflow', 'tasks', 'run', 'get_stocks_dag', 'TSLA', 'scheduled__2024-03-15T00:00:00+00:00', '--job-id', '567', '--raw', '--subdir', 'DAGS_FOLDER/get_stocks.py', '--cfg-path', '/tmp/tmp8vw4twpq', '--error-file', '/tmp/tmprclxug4r']
[2024-04-02 19:15:48,779] {standard_task_runner.py:80} INFO - Job 567: Subtask TSLA
[2024-04-02 19:15:48,914] {task_command.py:370} INFO - Running <TaskInstance: get_stocks_dag.TSLA scheduled__2024-03-15T00:00:00+00:00 [running]> on host alexmend-virtual-machine
[2024-04-02 19:15:49,040] {taskinstance.py:1569} INFO - Exporting the following env vars:
AIRFLOW_CTX_DAG_OWNER=airflow
AIRFLOW_CTX_DAG_ID=get_stocks_dag
AIRFLOW_CTX_TASK_ID=TSLA
AIRFLOW_CTX_EXECUTION_DATE=2024-03-15T00:00:00+00:00
AIRFLOW_CTX_TRY_NUMBER=1
AIRFLOW_CTX_DAG_RUN_ID=scheduled__2024-03-15T00:00:00+00:00
[2024-04-02 19:15:49,846] {python.py:173} INFO - Done. Returned value was: None
[2024-04-02 19:15:49,884] {taskinstance.py:1395} INFO - Marking task as SUCCESS. dag_id=get_stocks_dag, task_id=TSLA, execution_date=20240315T000000, start_date=20240402T221548, end_date=20240402T221549
[2024-04-02 19:15:49,915] {local_task_job.py:156} INFO - Task exited with return code 0
[2024-04-02 19:15:49,980] {local_task_job.py:273} INFO - 0 downstream tasks scheduled from follow-on schedule check
[2024-04-02 20:39:39,309] {taskinstance.py:1159} INFO - Dependencies all met for <TaskInstance: get_stocks_dag.TSLA scheduled__2024-03-15T00:00:00+00:00 [queued]>
[2024-04-02 20:39:39,338] {taskinstance.py:1159} INFO - Dependencies all met for <TaskInstance: get_stocks_dag.TSLA scheduled__2024-03-15T00:00:00+00:00 [queued]>
[2024-04-02 20:39:39,340] {taskinstance.py:1356} INFO - 
--------------------------------------------------------------------------------
[2024-04-02 20:39:39,341] {taskinstance.py:1357} INFO - Starting attempt 1 of 1
[2024-04-02 20:39:39,342] {taskinstance.py:1358} INFO - 
--------------------------------------------------------------------------------
[2024-04-02 20:39:39,375] {taskinstance.py:1377} INFO - Executing <Task(_PythonDecoratedOperator): TSLA> on 2024-03-15 00:00:00+00:00
[2024-04-02 20:39:39,386] {standard_task_runner.py:52} INFO - Started process 26532 to run task
[2024-04-02 20:39:39,395] {standard_task_runner.py:79} INFO - Running: ['airflow', 'tasks', 'run', 'get_stocks_dag', 'TSLA', 'scheduled__2024-03-15T00:00:00+00:00', '--job-id', '666', '--raw', '--subdir', 'DAGS_FOLDER/get_stocks.py', '--cfg-path', '/tmp/tmp_pf_iubt', '--error-file', '/tmp/tmpj3n_ejy1']
[2024-04-02 20:39:39,398] {standard_task_runner.py:80} INFO - Job 666: Subtask TSLA
[2024-04-02 20:39:39,541] {task_command.py:370} INFO - Running <TaskInstance: get_stocks_dag.TSLA scheduled__2024-03-15T00:00:00+00:00 [running]> on host alexmend-virtual-machine
[2024-04-02 20:39:39,720] {taskinstance.py:1569} INFO - Exporting the following env vars:
AIRFLOW_CTX_DAG_OWNER=airflow
AIRFLOW_CTX_DAG_ID=get_stocks_dag
AIRFLOW_CTX_TASK_ID=TSLA
AIRFLOW_CTX_EXECUTION_DATE=2024-03-15T00:00:00+00:00
AIRFLOW_CTX_TRY_NUMBER=1
AIRFLOW_CTX_DAG_RUN_ID=scheduled__2024-03-15T00:00:00+00:00
[2024-04-02 20:39:40,510] {python.py:173} INFO - Done. Returned value was: None
[2024-04-02 20:39:40,567] {taskinstance.py:1395} INFO - Marking task as SUCCESS. dag_id=get_stocks_dag, task_id=TSLA, execution_date=20240315T000000, start_date=20240402T233939, end_date=20240402T233940
[2024-04-02 20:39:40,624] {local_task_job.py:156} INFO - Task exited with return code 0
[2024-04-02 20:39:40,706] {local_task_job.py:273} INFO - 0 downstream tasks scheduled from follow-on schedule check
[2024-04-02 21:50:42,272] {taskinstance.py:1159} INFO - Dependencies all met for <TaskInstance: get_stocks_dag.TSLA scheduled__2024-03-15T00:00:00+00:00 [queued]>
[2024-04-02 21:50:42,295] {taskinstance.py:1159} INFO - Dependencies all met for <TaskInstance: get_stocks_dag.TSLA scheduled__2024-03-15T00:00:00+00:00 [queued]>
[2024-04-02 21:50:42,295] {taskinstance.py:1356} INFO - 
--------------------------------------------------------------------------------
[2024-04-02 21:50:42,295] {taskinstance.py:1357} INFO - Starting attempt 1 of 1
[2024-04-02 21:50:42,295] {taskinstance.py:1358} INFO - 
--------------------------------------------------------------------------------
[2024-04-02 21:50:42,318] {taskinstance.py:1377} INFO - Executing <Task(_PythonDecoratedOperator): TSLA> on 2024-03-15 00:00:00+00:00
[2024-04-02 21:50:42,328] {standard_task_runner.py:52} INFO - Started process 51448 to run task
[2024-04-02 21:50:42,336] {standard_task_runner.py:79} INFO - Running: ['airflow', 'tasks', 'run', 'get_stocks_dag', 'TSLA', 'scheduled__2024-03-15T00:00:00+00:00', '--job-id', '819', '--raw', '--subdir', 'DAGS_FOLDER/get_stocks.py', '--cfg-path', '/tmp/tmpeju8k7h4', '--error-file', '/tmp/tmpbmjynre1']
[2024-04-02 21:50:42,339] {standard_task_runner.py:80} INFO - Job 819: Subtask TSLA
[2024-04-02 21:50:42,509] {task_command.py:370} INFO - Running <TaskInstance: get_stocks_dag.TSLA scheduled__2024-03-15T00:00:00+00:00 [running]> on host alexmend-virtual-machine
[2024-04-02 21:50:42,687] {taskinstance.py:1569} INFO - Exporting the following env vars:
AIRFLOW_CTX_DAG_OWNER=airflow
AIRFLOW_CTX_DAG_ID=get_stocks_dag
AIRFLOW_CTX_TASK_ID=TSLA
AIRFLOW_CTX_EXECUTION_DATE=2024-03-15T00:00:00+00:00
AIRFLOW_CTX_TRY_NUMBER=1
AIRFLOW_CTX_DAG_RUN_ID=scheduled__2024-03-15T00:00:00+00:00
[2024-04-02 21:50:53,533] {python.py:173} INFO - Done. Returned value was: None
[2024-04-02 21:50:53,619] {taskinstance.py:1395} INFO - Marking task as SUCCESS. dag_id=get_stocks_dag, task_id=TSLA, execution_date=20240315T000000, start_date=20240403T005042, end_date=20240403T005053
[2024-04-02 21:50:53,724] {local_task_job.py:156} INFO - Task exited with return code 0
[2024-04-02 21:50:53,859] {local_task_job.py:273} INFO - 0 downstream tasks scheduled from follow-on schedule check
[2024-04-02 23:05:04,302] {taskinstance.py:1159} INFO - Dependencies all met for <TaskInstance: get_stocks_dag.TSLA scheduled__2024-03-15T00:00:00+00:00 [queued]>
[2024-04-02 23:05:04,322] {taskinstance.py:1159} INFO - Dependencies all met for <TaskInstance: get_stocks_dag.TSLA scheduled__2024-03-15T00:00:00+00:00 [queued]>
[2024-04-02 23:05:04,322] {taskinstance.py:1356} INFO - 
--------------------------------------------------------------------------------
[2024-04-02 23:05:04,322] {taskinstance.py:1357} INFO - Starting attempt 1 of 1
[2024-04-02 23:05:04,322] {taskinstance.py:1358} INFO - 
--------------------------------------------------------------------------------
[2024-04-02 23:05:04,355] {taskinstance.py:1377} INFO - Executing <Task(_PythonDecoratedOperator): TSLA> on 2024-03-15 00:00:00+00:00
[2024-04-02 23:05:04,374] {standard_task_runner.py:52} INFO - Started process 78601 to run task
[2024-04-02 23:05:04,385] {standard_task_runner.py:79} INFO - Running: ['airflow', 'tasks', 'run', 'get_stocks_dag', 'TSLA', 'scheduled__2024-03-15T00:00:00+00:00', '--job-id', '1097', '--raw', '--subdir', 'DAGS_FOLDER/get_stocks.py', '--cfg-path', '/tmp/tmp3xqs3hg9', '--error-file', '/tmp/tmp32flyi1z']
[2024-04-02 23:05:04,387] {standard_task_runner.py:80} INFO - Job 1097: Subtask TSLA
[2024-04-02 23:05:04,549] {task_command.py:370} INFO - Running <TaskInstance: get_stocks_dag.TSLA scheduled__2024-03-15T00:00:00+00:00 [running]> on host alexmend-virtual-machine
[2024-04-02 23:05:04,693] {taskinstance.py:1569} INFO - Exporting the following env vars:
AIRFLOW_CTX_DAG_OWNER=airflow
AIRFLOW_CTX_DAG_ID=get_stocks_dag
AIRFLOW_CTX_TASK_ID=TSLA
AIRFLOW_CTX_EXECUTION_DATE=2024-03-15T00:00:00+00:00
AIRFLOW_CTX_TRY_NUMBER=1
AIRFLOW_CTX_DAG_RUN_ID=scheduled__2024-03-15T00:00:00+00:00
[2024-04-02 23:05:15,364] {python.py:173} INFO - Done. Returned value was: None
[2024-04-02 23:05:15,492] {taskinstance.py:1395} INFO - Marking task as SUCCESS. dag_id=get_stocks_dag, task_id=TSLA, execution_date=20240315T000000, start_date=20240403T020504, end_date=20240403T020515
[2024-04-02 23:05:15,607] {local_task_job.py:156} INFO - Task exited with return code 0
[2024-04-02 23:05:15,694] {local_task_job.py:273} INFO - 0 downstream tasks scheduled from follow-on schedule check
