[2024-04-02 13:13:52,418] {taskinstance.py:1159} INFO - Dependencies all met for <TaskInstance: get_stocks_dag.MSFT scheduled__2024-03-28T00:00:00+00:00 [queued]>
[2024-04-02 13:13:52,425] {taskinstance.py:1159} INFO - Dependencies all met for <TaskInstance: get_stocks_dag.MSFT scheduled__2024-03-28T00:00:00+00:00 [queued]>
[2024-04-02 13:13:52,426] {taskinstance.py:1356} INFO - 
--------------------------------------------------------------------------------
[2024-04-02 13:13:52,426] {taskinstance.py:1357} INFO - Starting attempt 1 of 1
[2024-04-02 13:13:52,426] {taskinstance.py:1358} INFO - 
--------------------------------------------------------------------------------
[2024-04-02 13:13:52,440] {taskinstance.py:1377} INFO - Executing <Task(_PythonDecoratedOperator): MSFT> on 2024-03-28 00:00:00+00:00
[2024-04-02 13:13:52,445] {standard_task_runner.py:52} INFO - Started process 13760 to run task
[2024-04-02 13:13:52,451] {standard_task_runner.py:79} INFO - Running: ['airflow', 'tasks', 'run', 'get_stocks_dag', 'MSFT', 'scheduled__2024-03-28T00:00:00+00:00', '--job-id', '256', '--raw', '--subdir', 'DAGS_FOLDER/get_stocks.py', '--cfg-path', '/tmp/tmpft91384h', '--error-file', '/tmp/tmpq_9io5dj']
[2024-04-02 13:13:52,452] {standard_task_runner.py:80} INFO - Job 256: Subtask MSFT
[2024-04-02 13:13:52,511] {task_command.py:370} INFO - Running <TaskInstance: get_stocks_dag.MSFT scheduled__2024-03-28T00:00:00+00:00 [running]> on host alexmend-virtual-machine
[2024-04-02 13:13:52,595] {taskinstance.py:1569} INFO - Exporting the following env vars:
AIRFLOW_CTX_DAG_OWNER=airflow
AIRFLOW_CTX_DAG_ID=get_stocks_dag
AIRFLOW_CTX_TASK_ID=MSFT
AIRFLOW_CTX_EXECUTION_DATE=2024-03-28T00:00:00+00:00
AIRFLOW_CTX_TRY_NUMBER=1
AIRFLOW_CTX_DAG_RUN_ID=scheduled__2024-03-28T00:00:00+00:00
[2024-04-02 13:13:53,506] {python.py:173} INFO - Done. Returned value was: None
[2024-04-02 13:13:53,515] {taskinstance.py:1395} INFO - Marking task as SUCCESS. dag_id=get_stocks_dag, task_id=MSFT, execution_date=20240328T000000, start_date=20240402T161352, end_date=20240402T161353
[2024-04-02 13:13:53,548] {local_task_job.py:156} INFO - Task exited with return code 0
[2024-04-02 13:13:53,572] {local_task_job.py:273} INFO - 0 downstream tasks scheduled from follow-on schedule check
[2024-04-02 17:20:19,025] {taskinstance.py:1159} INFO - Dependencies all met for <TaskInstance: get_stocks_dag.MSFT scheduled__2024-03-28T00:00:00+00:00 [queued]>
[2024-04-02 17:20:19,120] {taskinstance.py:1159} INFO - Dependencies all met for <TaskInstance: get_stocks_dag.MSFT scheduled__2024-03-28T00:00:00+00:00 [queued]>
[2024-04-02 17:20:19,120] {taskinstance.py:1356} INFO - 
--------------------------------------------------------------------------------
[2024-04-02 17:20:19,121] {taskinstance.py:1357} INFO - Starting attempt 1 of 1
[2024-04-02 17:20:19,121] {taskinstance.py:1358} INFO - 
--------------------------------------------------------------------------------
[2024-04-02 17:20:19,190] {taskinstance.py:1377} INFO - Executing <Task(_PythonDecoratedOperator): MSFT> on 2024-03-28 00:00:00+00:00
[2024-04-02 17:20:19,197] {standard_task_runner.py:52} INFO - Started process 9720 to run task
[2024-04-02 17:20:19,241] {standard_task_runner.py:79} INFO - Running: ['airflow', 'tasks', 'run', 'get_stocks_dag', 'MSFT', 'scheduled__2024-03-28T00:00:00+00:00', '--job-id', '238', '--raw', '--subdir', 'DAGS_FOLDER/get_stocks.py', '--cfg-path', '/tmp/tmpt45y36zc', '--error-file', '/tmp/tmpfub46pk2']
[2024-04-02 17:20:19,252] {standard_task_runner.py:80} INFO - Job 238: Subtask MSFT
[2024-04-02 17:20:19,527] {task_command.py:370} INFO - Running <TaskInstance: get_stocks_dag.MSFT scheduled__2024-03-28T00:00:00+00:00 [running]> on host alexmend-virtual-machine
[2024-04-02 17:20:20,067] {taskinstance.py:1569} INFO - Exporting the following env vars:
AIRFLOW_CTX_DAG_OWNER=airflow
AIRFLOW_CTX_DAG_ID=get_stocks_dag
AIRFLOW_CTX_TASK_ID=MSFT
AIRFLOW_CTX_EXECUTION_DATE=2024-03-28T00:00:00+00:00
AIRFLOW_CTX_TRY_NUMBER=1
AIRFLOW_CTX_DAG_RUN_ID=scheduled__2024-03-28T00:00:00+00:00
[2024-04-02 17:20:21,137] {python.py:173} INFO - Done. Returned value was: None
[2024-04-02 17:20:21,311] {taskinstance.py:1395} INFO - Marking task as SUCCESS. dag_id=get_stocks_dag, task_id=MSFT, execution_date=20240328T000000, start_date=20240402T202019, end_date=20240402T202021
[2024-04-02 17:20:21,390] {local_task_job.py:156} INFO - Task exited with return code 0
[2024-04-02 17:20:21,598] {local_task_job.py:273} INFO - 0 downstream tasks scheduled from follow-on schedule check
[2024-04-02 17:48:09,004] {taskinstance.py:1159} INFO - Dependencies all met for <TaskInstance: get_stocks_dag.MSFT scheduled__2024-03-28T00:00:00+00:00 [queued]>
[2024-04-02 17:48:09,037] {taskinstance.py:1159} INFO - Dependencies all met for <TaskInstance: get_stocks_dag.MSFT scheduled__2024-03-28T00:00:00+00:00 [queued]>
[2024-04-02 17:48:09,038] {taskinstance.py:1356} INFO - 
--------------------------------------------------------------------------------
[2024-04-02 17:48:09,039] {taskinstance.py:1357} INFO - Starting attempt 1 of 1
[2024-04-02 17:48:09,040] {taskinstance.py:1358} INFO - 
--------------------------------------------------------------------------------
[2024-04-02 17:48:09,084] {taskinstance.py:1377} INFO - Executing <Task(_PythonDecoratedOperator): MSFT> on 2024-03-28 00:00:00+00:00
[2024-04-02 17:48:09,106] {standard_task_runner.py:52} INFO - Started process 25224 to run task
[2024-04-02 17:48:09,128] {standard_task_runner.py:79} INFO - Running: ['airflow', 'tasks', 'run', 'get_stocks_dag', 'MSFT', 'scheduled__2024-03-28T00:00:00+00:00', '--job-id', '500', '--raw', '--subdir', 'DAGS_FOLDER/get_stocks.py', '--cfg-path', '/tmp/tmppj63gi_z', '--error-file', '/tmp/tmpfpu0c4n4']
[2024-04-02 17:48:09,130] {standard_task_runner.py:80} INFO - Job 500: Subtask MSFT
[2024-04-02 17:48:09,384] {task_command.py:370} INFO - Running <TaskInstance: get_stocks_dag.MSFT scheduled__2024-03-28T00:00:00+00:00 [running]> on host alexmend-virtual-machine
[2024-04-02 17:48:09,730] {taskinstance.py:1569} INFO - Exporting the following env vars:
AIRFLOW_CTX_DAG_OWNER=airflow
AIRFLOW_CTX_DAG_ID=get_stocks_dag
AIRFLOW_CTX_TASK_ID=MSFT
AIRFLOW_CTX_EXECUTION_DATE=2024-03-28T00:00:00+00:00
AIRFLOW_CTX_TRY_NUMBER=1
AIRFLOW_CTX_DAG_RUN_ID=scheduled__2024-03-28T00:00:00+00:00
[2024-04-02 17:48:10,497] {python.py:173} INFO - Done. Returned value was: None
[2024-04-02 17:48:10,588] {taskinstance.py:1395} INFO - Marking task as SUCCESS. dag_id=get_stocks_dag, task_id=MSFT, execution_date=20240328T000000, start_date=20240402T204809, end_date=20240402T204810
[2024-04-02 17:48:10,666] {local_task_job.py:156} INFO - Task exited with return code 0
[2024-04-02 17:48:10,797] {local_task_job.py:273} INFO - 0 downstream tasks scheduled from follow-on schedule check
[2024-04-02 19:16:42,745] {taskinstance.py:1159} INFO - Dependencies all met for <TaskInstance: get_stocks_dag.MSFT scheduled__2024-03-28T00:00:00+00:00 [queued]>
[2024-04-02 19:16:42,764] {taskinstance.py:1159} INFO - Dependencies all met for <TaskInstance: get_stocks_dag.MSFT scheduled__2024-03-28T00:00:00+00:00 [queued]>
[2024-04-02 19:16:42,764] {taskinstance.py:1356} INFO - 
--------------------------------------------------------------------------------
[2024-04-02 19:16:42,764] {taskinstance.py:1357} INFO - Starting attempt 1 of 1
[2024-04-02 19:16:42,764] {taskinstance.py:1358} INFO - 
--------------------------------------------------------------------------------
[2024-04-02 19:16:42,797] {taskinstance.py:1377} INFO - Executing <Task(_PythonDecoratedOperator): MSFT> on 2024-03-28 00:00:00+00:00
[2024-04-02 19:16:42,817] {standard_task_runner.py:52} INFO - Started process 16360 to run task
[2024-04-02 19:16:42,866] {standard_task_runner.py:79} INFO - Running: ['airflow', 'tasks', 'run', 'get_stocks_dag', 'MSFT', 'scheduled__2024-03-28T00:00:00+00:00', '--job-id', '601', '--raw', '--subdir', 'DAGS_FOLDER/get_stocks.py', '--cfg-path', '/tmp/tmp9f1aso1f', '--error-file', '/tmp/tmppkl763v2']
[2024-04-02 19:16:42,868] {standard_task_runner.py:80} INFO - Job 601: Subtask MSFT
[2024-04-02 19:16:43,061] {task_command.py:370} INFO - Running <TaskInstance: get_stocks_dag.MSFT scheduled__2024-03-28T00:00:00+00:00 [running]> on host alexmend-virtual-machine
[2024-04-02 19:16:43,203] {taskinstance.py:1569} INFO - Exporting the following env vars:
AIRFLOW_CTX_DAG_OWNER=airflow
AIRFLOW_CTX_DAG_ID=get_stocks_dag
AIRFLOW_CTX_TASK_ID=MSFT
AIRFLOW_CTX_EXECUTION_DATE=2024-03-28T00:00:00+00:00
AIRFLOW_CTX_TRY_NUMBER=1
AIRFLOW_CTX_DAG_RUN_ID=scheduled__2024-03-28T00:00:00+00:00
[2024-04-02 19:16:43,874] {python.py:173} INFO - Done. Returned value was: None
[2024-04-02 19:16:43,911] {taskinstance.py:1395} INFO - Marking task as SUCCESS. dag_id=get_stocks_dag, task_id=MSFT, execution_date=20240328T000000, start_date=20240402T221642, end_date=20240402T221643
[2024-04-02 19:16:43,968] {local_task_job.py:156} INFO - Task exited with return code 0
[2024-04-02 19:16:44,065] {local_task_job.py:273} INFO - 0 downstream tasks scheduled from follow-on schedule check
[2024-04-02 20:40:51,070] {taskinstance.py:1159} INFO - Dependencies all met for <TaskInstance: get_stocks_dag.MSFT scheduled__2024-03-28T00:00:00+00:00 [queued]>
[2024-04-02 20:40:51,092] {taskinstance.py:1159} INFO - Dependencies all met for <TaskInstance: get_stocks_dag.MSFT scheduled__2024-03-28T00:00:00+00:00 [queued]>
[2024-04-02 20:40:51,092] {taskinstance.py:1356} INFO - 
--------------------------------------------------------------------------------
[2024-04-02 20:40:51,093] {taskinstance.py:1357} INFO - Starting attempt 1 of 1
[2024-04-02 20:40:51,093] {taskinstance.py:1358} INFO - 
--------------------------------------------------------------------------------
[2024-04-02 20:40:51,118] {taskinstance.py:1377} INFO - Executing <Task(_PythonDecoratedOperator): MSFT> on 2024-03-28 00:00:00+00:00
[2024-04-02 20:40:51,129] {standard_task_runner.py:52} INFO - Started process 27884 to run task
[2024-04-02 20:40:51,145] {standard_task_runner.py:79} INFO - Running: ['airflow', 'tasks', 'run', 'get_stocks_dag', 'MSFT', 'scheduled__2024-03-28T00:00:00+00:00', '--job-id', '702', '--raw', '--subdir', 'DAGS_FOLDER/get_stocks.py', '--cfg-path', '/tmp/tmp0r8v6me4', '--error-file', '/tmp/tmp4kvm6uvj']
[2024-04-02 20:40:51,147] {standard_task_runner.py:80} INFO - Job 702: Subtask MSFT
[2024-04-02 20:40:51,302] {task_command.py:370} INFO - Running <TaskInstance: get_stocks_dag.MSFT scheduled__2024-03-28T00:00:00+00:00 [running]> on host alexmend-virtual-machine
[2024-04-02 20:40:51,511] {taskinstance.py:1569} INFO - Exporting the following env vars:
AIRFLOW_CTX_DAG_OWNER=airflow
AIRFLOW_CTX_DAG_ID=get_stocks_dag
AIRFLOW_CTX_TASK_ID=MSFT
AIRFLOW_CTX_EXECUTION_DATE=2024-03-28T00:00:00+00:00
AIRFLOW_CTX_TRY_NUMBER=1
AIRFLOW_CTX_DAG_RUN_ID=scheduled__2024-03-28T00:00:00+00:00
[2024-04-02 20:40:52,579] {python.py:173} INFO - Done. Returned value was: None
[2024-04-02 20:40:52,613] {taskinstance.py:1395} INFO - Marking task as SUCCESS. dag_id=get_stocks_dag, task_id=MSFT, execution_date=20240328T000000, start_date=20240402T234051, end_date=20240402T234052
[2024-04-02 20:40:52,679] {local_task_job.py:156} INFO - Task exited with return code 0
[2024-04-02 20:40:52,727] {local_task_job.py:273} INFO - 0 downstream tasks scheduled from follow-on schedule check
[2024-04-02 21:56:26,580] {taskinstance.py:1159} INFO - Dependencies all met for <TaskInstance: get_stocks_dag.MSFT scheduled__2024-03-28T00:00:00+00:00 [queued]>
[2024-04-02 21:56:26,608] {taskinstance.py:1159} INFO - Dependencies all met for <TaskInstance: get_stocks_dag.MSFT scheduled__2024-03-28T00:00:00+00:00 [queued]>
[2024-04-02 21:56:26,608] {taskinstance.py:1356} INFO - 
--------------------------------------------------------------------------------
[2024-04-02 21:56:26,608] {taskinstance.py:1357} INFO - Starting attempt 1 of 1
[2024-04-02 21:56:26,609] {taskinstance.py:1358} INFO - 
--------------------------------------------------------------------------------
[2024-04-02 21:56:26,655] {taskinstance.py:1377} INFO - Executing <Task(_PythonDecoratedOperator): MSFT> on 2024-03-28 00:00:00+00:00
[2024-04-02 21:56:26,665] {standard_task_runner.py:52} INFO - Started process 55142 to run task
[2024-04-02 21:56:26,680] {standard_task_runner.py:79} INFO - Running: ['airflow', 'tasks', 'run', 'get_stocks_dag', 'MSFT', 'scheduled__2024-03-28T00:00:00+00:00', '--job-id', '883', '--raw', '--subdir', 'DAGS_FOLDER/get_stocks.py', '--cfg-path', '/tmp/tmpartqx92s', '--error-file', '/tmp/tmpdmv1mhtf']
[2024-04-02 21:56:26,683] {standard_task_runner.py:80} INFO - Job 883: Subtask MSFT
[2024-04-02 21:56:26,905] {task_command.py:370} INFO - Running <TaskInstance: get_stocks_dag.MSFT scheduled__2024-03-28T00:00:00+00:00 [running]> on host alexmend-virtual-machine
[2024-04-02 21:56:27,200] {taskinstance.py:1569} INFO - Exporting the following env vars:
AIRFLOW_CTX_DAG_OWNER=airflow
AIRFLOW_CTX_DAG_ID=get_stocks_dag
AIRFLOW_CTX_TASK_ID=MSFT
AIRFLOW_CTX_EXECUTION_DATE=2024-03-28T00:00:00+00:00
AIRFLOW_CTX_TRY_NUMBER=1
AIRFLOW_CTX_DAG_RUN_ID=scheduled__2024-03-28T00:00:00+00:00
[2024-04-02 21:56:38,032] {python.py:173} INFO - Done. Returned value was: None
[2024-04-02 21:56:38,061] {taskinstance.py:1395} INFO - Marking task as SUCCESS. dag_id=get_stocks_dag, task_id=MSFT, execution_date=20240328T000000, start_date=20240403T005626, end_date=20240403T005638
[2024-04-02 21:56:38,127] {local_task_job.py:156} INFO - Task exited with return code 0
[2024-04-02 21:56:38,205] {local_task_job.py:273} INFO - 0 downstream tasks scheduled from follow-on schedule check
[2024-04-02 23:17:31,892] {taskinstance.py:1159} INFO - Dependencies all met for <TaskInstance: get_stocks_dag.MSFT scheduled__2024-03-28T00:00:00+00:00 [queued]>
[2024-04-02 23:17:31,912] {taskinstance.py:1159} INFO - Dependencies all met for <TaskInstance: get_stocks_dag.MSFT scheduled__2024-03-28T00:00:00+00:00 [queued]>
[2024-04-02 23:17:31,913] {taskinstance.py:1356} INFO - 
--------------------------------------------------------------------------------
[2024-04-02 23:17:31,913] {taskinstance.py:1357} INFO - Starting attempt 1 of 1
[2024-04-02 23:17:31,913] {taskinstance.py:1358} INFO - 
--------------------------------------------------------------------------------
[2024-04-02 23:17:31,942] {taskinstance.py:1377} INFO - Executing <Task(_PythonDecoratedOperator): MSFT> on 2024-03-28 00:00:00+00:00
[2024-04-02 23:17:31,950] {standard_task_runner.py:52} INFO - Started process 85370 to run task
[2024-04-02 23:17:31,960] {standard_task_runner.py:79} INFO - Running: ['airflow', 'tasks', 'run', 'get_stocks_dag', 'MSFT', 'scheduled__2024-03-28T00:00:00+00:00', '--job-id', '1184', '--raw', '--subdir', 'DAGS_FOLDER/get_stocks.py', '--cfg-path', '/tmp/tmplyxoyw88', '--error-file', '/tmp/tmpifyz0au5']
[2024-04-02 23:17:31,962] {standard_task_runner.py:80} INFO - Job 1184: Subtask MSFT
[2024-04-02 23:17:32,110] {task_command.py:370} INFO - Running <TaskInstance: get_stocks_dag.MSFT scheduled__2024-03-28T00:00:00+00:00 [running]> on host alexmend-virtual-machine
[2024-04-02 23:17:32,270] {taskinstance.py:1569} INFO - Exporting the following env vars:
AIRFLOW_CTX_DAG_OWNER=airflow
AIRFLOW_CTX_DAG_ID=get_stocks_dag
AIRFLOW_CTX_TASK_ID=MSFT
AIRFLOW_CTX_EXECUTION_DATE=2024-03-28T00:00:00+00:00
AIRFLOW_CTX_TRY_NUMBER=1
AIRFLOW_CTX_DAG_RUN_ID=scheduled__2024-03-28T00:00:00+00:00
[2024-04-02 23:17:43,000] {python.py:173} INFO - Done. Returned value was: None
[2024-04-02 23:17:43,018] {taskinstance.py:1395} INFO - Marking task as SUCCESS. dag_id=get_stocks_dag, task_id=MSFT, execution_date=20240328T000000, start_date=20240403T021731, end_date=20240403T021743
[2024-04-02 23:17:43,087] {local_task_job.py:156} INFO - Task exited with return code 0
[2024-04-02 23:17:43,149] {local_task_job.py:273} INFO - 0 downstream tasks scheduled from follow-on schedule check
