[2024-04-02 13:00:35,348] {taskinstance.py:1159} INFO - Dependencies all met for <TaskInstance: get_stocks_dag.MSFT scheduled__2024-01-19T00:00:00+00:00 [queued]>
[2024-04-02 13:00:35,355] {taskinstance.py:1159} INFO - Dependencies all met for <TaskInstance: get_stocks_dag.MSFT scheduled__2024-01-19T00:00:00+00:00 [queued]>
[2024-04-02 13:00:35,356] {taskinstance.py:1356} INFO - 
--------------------------------------------------------------------------------
[2024-04-02 13:00:35,356] {taskinstance.py:1357} INFO - Starting attempt 1 of 1
[2024-04-02 13:00:35,356] {taskinstance.py:1358} INFO - 
--------------------------------------------------------------------------------
[2024-04-02 13:00:35,375] {taskinstance.py:1377} INFO - Executing <Task(_PythonDecoratedOperator): MSFT> on 2024-01-19 00:00:00+00:00
[2024-04-02 13:00:35,380] {standard_task_runner.py:52} INFO - Started process 9076 to run task
[2024-04-02 13:00:35,388] {standard_task_runner.py:79} INFO - Running: ['airflow', 'tasks', 'run', 'get_stocks_dag', 'MSFT', 'scheduled__2024-01-19T00:00:00+00:00', '--job-id', '60', '--raw', '--subdir', 'DAGS_FOLDER/get_stocks.py', '--cfg-path', '/tmp/tmpdiq15xxe', '--error-file', '/tmp/tmp_lsztmmf']
[2024-04-02 13:00:35,390] {standard_task_runner.py:80} INFO - Job 60: Subtask MSFT
[2024-04-02 13:00:35,449] {task_command.py:370} INFO - Running <TaskInstance: get_stocks_dag.MSFT scheduled__2024-01-19T00:00:00+00:00 [running]> on host alexmend-virtual-machine
[2024-04-02 13:00:35,510] {taskinstance.py:1569} INFO - Exporting the following env vars:
AIRFLOW_CTX_DAG_OWNER=airflow
AIRFLOW_CTX_DAG_ID=get_stocks_dag
AIRFLOW_CTX_TASK_ID=MSFT
AIRFLOW_CTX_EXECUTION_DATE=2024-01-19T00:00:00+00:00
AIRFLOW_CTX_TRY_NUMBER=1
AIRFLOW_CTX_DAG_RUN_ID=scheduled__2024-01-19T00:00:00+00:00
[2024-04-02 13:00:36,205] {python.py:173} INFO - Done. Returned value was: None
[2024-04-02 13:00:36,216] {taskinstance.py:1395} INFO - Marking task as SUCCESS. dag_id=get_stocks_dag, task_id=MSFT, execution_date=20240119T000000, start_date=20240402T160035, end_date=20240402T160036
[2024-04-02 13:00:36,261] {local_task_job.py:156} INFO - Task exited with return code 0
[2024-04-02 13:00:36,281] {local_task_job.py:273} INFO - 0 downstream tasks scheduled from follow-on schedule check
[2024-04-02 17:17:33,882] {taskinstance.py:1159} INFO - Dependencies all met for <TaskInstance: get_stocks_dag.MSFT scheduled__2024-01-19T00:00:00+00:00 [queued]>
[2024-04-02 17:17:34,052] {taskinstance.py:1159} INFO - Dependencies all met for <TaskInstance: get_stocks_dag.MSFT scheduled__2024-01-19T00:00:00+00:00 [queued]>
[2024-04-02 17:17:34,064] {taskinstance.py:1356} INFO - 
--------------------------------------------------------------------------------
[2024-04-02 17:17:34,065] {taskinstance.py:1357} INFO - Starting attempt 1 of 1
[2024-04-02 17:17:34,066] {taskinstance.py:1358} INFO - 
--------------------------------------------------------------------------------
[2024-04-02 17:17:34,352] {taskinstance.py:1377} INFO - Executing <Task(_PythonDecoratedOperator): MSFT> on 2024-01-19 00:00:00+00:00
[2024-04-02 17:17:34,493] {standard_task_runner.py:79} INFO - Running: ['airflow', 'tasks', 'run', 'get_stocks_dag', 'MSFT', 'scheduled__2024-01-19T00:00:00+00:00', '--job-id', '43', '--raw', '--subdir', 'DAGS_FOLDER/get_stocks.py', '--cfg-path', '/tmp/tmp0mrfqjzt', '--error-file', '/tmp/tmpa71ed95e']
[2024-04-02 17:17:34,497] {standard_task_runner.py:80} INFO - Job 43: Subtask MSFT
[2024-04-02 17:17:34,454] {standard_task_runner.py:52} INFO - Started process 4838 to run task
[2024-04-02 17:17:35,895] {task_command.py:370} INFO - Running <TaskInstance: get_stocks_dag.MSFT scheduled__2024-01-19T00:00:00+00:00 [running]> on host alexmend-virtual-machine
[2024-04-02 17:17:36,809] {taskinstance.py:1569} INFO - Exporting the following env vars:
AIRFLOW_CTX_DAG_OWNER=airflow
AIRFLOW_CTX_DAG_ID=get_stocks_dag
AIRFLOW_CTX_TASK_ID=MSFT
AIRFLOW_CTX_EXECUTION_DATE=2024-01-19T00:00:00+00:00
AIRFLOW_CTX_TRY_NUMBER=1
AIRFLOW_CTX_DAG_RUN_ID=scheduled__2024-01-19T00:00:00+00:00
[2024-04-02 17:17:38,843] {python.py:173} INFO - Done. Returned value was: None
[2024-04-02 17:17:39,165] {taskinstance.py:1395} INFO - Marking task as SUCCESS. dag_id=get_stocks_dag, task_id=MSFT, execution_date=20240119T000000, start_date=20240402T201733, end_date=20240402T201739
[2024-04-02 17:17:39,575] {local_task_job.py:156} INFO - Task exited with return code 0
[2024-04-02 17:17:40,337] {local_task_job.py:273} INFO - 0 downstream tasks scheduled from follow-on schedule check
[2024-04-02 17:43:03,000] {taskinstance.py:1159} INFO - Dependencies all met for <TaskInstance: get_stocks_dag.MSFT scheduled__2024-01-19T00:00:00+00:00 [queued]>
[2024-04-02 17:43:03,014] {taskinstance.py:1159} INFO - Dependencies all met for <TaskInstance: get_stocks_dag.MSFT scheduled__2024-01-19T00:00:00+00:00 [queued]>
[2024-04-02 17:43:03,014] {taskinstance.py:1356} INFO - 
--------------------------------------------------------------------------------
[2024-04-02 17:43:03,014] {taskinstance.py:1357} INFO - Starting attempt 1 of 1
[2024-04-02 17:43:03,014] {taskinstance.py:1358} INFO - 
--------------------------------------------------------------------------------
[2024-04-02 17:43:03,032] {taskinstance.py:1377} INFO - Executing <Task(_PythonDecoratedOperator): MSFT> on 2024-01-19 00:00:00+00:00
[2024-04-02 17:43:03,036] {standard_task_runner.py:52} INFO - Started process 19411 to run task
[2024-04-02 17:43:03,044] {standard_task_runner.py:79} INFO - Running: ['airflow', 'tasks', 'run', 'get_stocks_dag', 'MSFT', 'scheduled__2024-01-19T00:00:00+00:00', '--job-id', '304', '--raw', '--subdir', 'DAGS_FOLDER/get_stocks.py', '--cfg-path', '/tmp/tmptq41lf0c', '--error-file', '/tmp/tmpz_xhggbm']
[2024-04-02 17:43:03,046] {standard_task_runner.py:80} INFO - Job 304: Subtask MSFT
[2024-04-02 17:43:03,145] {task_command.py:370} INFO - Running <TaskInstance: get_stocks_dag.MSFT scheduled__2024-01-19T00:00:00+00:00 [running]> on host alexmend-virtual-machine
[2024-04-02 17:43:03,265] {taskinstance.py:1569} INFO - Exporting the following env vars:
AIRFLOW_CTX_DAG_OWNER=airflow
AIRFLOW_CTX_DAG_ID=get_stocks_dag
AIRFLOW_CTX_TASK_ID=MSFT
AIRFLOW_CTX_EXECUTION_DATE=2024-01-19T00:00:00+00:00
AIRFLOW_CTX_TRY_NUMBER=1
AIRFLOW_CTX_DAG_RUN_ID=scheduled__2024-01-19T00:00:00+00:00
[2024-04-02 17:43:04,486] {python.py:173} INFO - Done. Returned value was: None
[2024-04-02 17:43:04,535] {taskinstance.py:1395} INFO - Marking task as SUCCESS. dag_id=get_stocks_dag, task_id=MSFT, execution_date=20240119T000000, start_date=20240402T204303, end_date=20240402T204304
[2024-04-02 17:43:04,588] {local_task_job.py:156} INFO - Task exited with return code 0
[2024-04-02 17:43:04,651] {local_task_job.py:273} INFO - 0 downstream tasks scheduled from follow-on schedule check
