[2024-04-02 21:43:49,637] {taskinstance.py:1159} INFO - Dependencies all met for <TaskInstance: get_crypto_dag.DOGE scheduled__2024-02-26T00:00:00+00:00 [queued]>
[2024-04-02 21:43:49,880] {taskinstance.py:1159} INFO - Dependencies all met for <TaskInstance: get_crypto_dag.DOGE scheduled__2024-02-26T00:00:00+00:00 [queued]>
[2024-04-02 21:43:49,881] {taskinstance.py:1356} INFO - 
--------------------------------------------------------------------------------
[2024-04-02 21:43:49,881] {taskinstance.py:1357} INFO - Starting attempt 1 of 1
[2024-04-02 21:43:49,881] {taskinstance.py:1358} INFO - 
--------------------------------------------------------------------------------
[2024-04-02 21:43:49,979] {taskinstance.py:1377} INFO - Executing <Task(_PythonDecoratedOperator): DOGE> on 2024-02-26 00:00:00+00:00
[2024-04-02 21:43:50,059] {standard_task_runner.py:52} INFO - Started process 46196 to run task
[2024-04-02 21:43:50,106] {standard_task_runner.py:79} INFO - Running: ['airflow', 'tasks', 'run', 'get_crypto_dag', 'DOGE', 'scheduled__2024-02-26T00:00:00+00:00', '--job-id', '724', '--raw', '--subdir', 'DAGS_FOLDER/get_crypto.py', '--cfg-path', '/tmp/tmp85mu9ae9', '--error-file', '/tmp/tmp9hs9vrjc']
[2024-04-02 21:43:50,109] {standard_task_runner.py:80} INFO - Job 724: Subtask DOGE
[2024-04-02 21:43:50,486] {task_command.py:370} INFO - Running <TaskInstance: get_crypto_dag.DOGE scheduled__2024-02-26T00:00:00+00:00 [running]> on host alexmend-virtual-machine
[2024-04-02 21:43:50,691] {taskinstance.py:1569} INFO - Exporting the following env vars:
AIRFLOW_CTX_DAG_OWNER=airflow
AIRFLOW_CTX_DAG_ID=get_crypto_dag
AIRFLOW_CTX_TASK_ID=DOGE
AIRFLOW_CTX_EXECUTION_DATE=2024-02-26T00:00:00+00:00
AIRFLOW_CTX_TRY_NUMBER=1
AIRFLOW_CTX_DAG_RUN_ID=scheduled__2024-02-26T00:00:00+00:00
[2024-04-02 21:43:54,915] {history.py:90} ERROR - DOGE: No timezone found, symbol may be delisted
[2024-04-02 21:44:04,994] {python.py:173} INFO - Done. Returned value was: None
[2024-04-02 21:44:05,125] {taskinstance.py:1395} INFO - Marking task as SUCCESS. dag_id=get_crypto_dag, task_id=DOGE, execution_date=20240226T000000, start_date=20240403T004349, end_date=20240403T004405
[2024-04-02 21:44:05,354] {local_task_job.py:156} INFO - Task exited with return code 0
[2024-04-02 21:44:05,897] {local_task_job.py:273} INFO - 0 downstream tasks scheduled from follow-on schedule check
[2024-04-02 22:46:42,473] {taskinstance.py:1159} INFO - Dependencies all met for <TaskInstance: get_crypto_dag.DOGE scheduled__2024-02-26T00:00:00+00:00 [queued]>
[2024-04-02 22:46:42,504] {taskinstance.py:1159} INFO - Dependencies all met for <TaskInstance: get_crypto_dag.DOGE scheduled__2024-02-26T00:00:00+00:00 [queued]>
[2024-04-02 22:46:42,505] {taskinstance.py:1356} INFO - 
--------------------------------------------------------------------------------
[2024-04-02 22:46:42,505] {taskinstance.py:1357} INFO - Starting attempt 1 of 1
[2024-04-02 22:46:42,505] {taskinstance.py:1358} INFO - 
--------------------------------------------------------------------------------
[2024-04-02 22:46:42,544] {taskinstance.py:1377} INFO - Executing <Task(_PythonDecoratedOperator): DOGE> on 2024-02-26 00:00:00+00:00
[2024-04-02 22:46:42,558] {standard_task_runner.py:52} INFO - Started process 69060 to run task
[2024-04-02 22:46:42,574] {standard_task_runner.py:79} INFO - Running: ['airflow', 'tasks', 'run', 'get_crypto_dag', 'DOGE', 'scheduled__2024-02-26T00:00:00+00:00', '--job-id', '973', '--raw', '--subdir', 'DAGS_FOLDER/get_crypto.py', '--cfg-path', '/tmp/tmp56cmvgy9', '--error-file', '/tmp/tmp1pv2achy']
[2024-04-02 22:46:42,578] {standard_task_runner.py:80} INFO - Job 973: Subtask DOGE
[2024-04-02 22:46:42,805] {task_command.py:370} INFO - Running <TaskInstance: get_crypto_dag.DOGE scheduled__2024-02-26T00:00:00+00:00 [running]> on host alexmend-virtual-machine
[2024-04-02 22:46:43,096] {taskinstance.py:1569} INFO - Exporting the following env vars:
AIRFLOW_CTX_DAG_OWNER=airflow
AIRFLOW_CTX_DAG_ID=get_crypto_dag
AIRFLOW_CTX_TASK_ID=DOGE
AIRFLOW_CTX_EXECUTION_DATE=2024-02-26T00:00:00+00:00
AIRFLOW_CTX_TRY_NUMBER=1
AIRFLOW_CTX_DAG_RUN_ID=scheduled__2024-02-26T00:00:00+00:00
[2024-04-02 22:46:49,069] {history.py:90} ERROR - DOGE: No timezone found, symbol may be delisted
[2024-04-02 22:46:59,114] {python.py:173} INFO - Done. Returned value was: None
[2024-04-02 22:46:59,497] {taskinstance.py:1395} INFO - Marking task as SUCCESS. dag_id=get_crypto_dag, task_id=DOGE, execution_date=20240226T000000, start_date=20240403T014642, end_date=20240403T014659
[2024-04-02 22:47:00,059] {local_task_job.py:156} INFO - Task exited with return code 0
[2024-04-02 22:47:00,239] {local_task_job.py:273} INFO - 0 downstream tasks scheduled from follow-on schedule check
