[2024-04-02 21:45:38,850] {taskinstance.py:1159} INFO - Dependencies all met for <TaskInstance: get_crypto_dag.DOGE scheduled__2024-02-29T00:00:00+00:00 [queued]>
[2024-04-02 21:45:38,898] {taskinstance.py:1159} INFO - Dependencies all met for <TaskInstance: get_crypto_dag.DOGE scheduled__2024-02-29T00:00:00+00:00 [queued]>
[2024-04-02 21:45:38,899] {taskinstance.py:1356} INFO - 
--------------------------------------------------------------------------------
[2024-04-02 21:45:38,900] {taskinstance.py:1357} INFO - Starting attempt 1 of 1
[2024-04-02 21:45:38,900] {taskinstance.py:1358} INFO - 
--------------------------------------------------------------------------------
[2024-04-02 21:45:38,933] {taskinstance.py:1377} INFO - Executing <Task(_PythonDecoratedOperator): DOGE> on 2024-02-29 00:00:00+00:00
[2024-04-02 21:45:38,948] {standard_task_runner.py:52} INFO - Started process 47553 to run task
[2024-04-02 21:45:38,959] {standard_task_runner.py:79} INFO - Running: ['airflow', 'tasks', 'run', 'get_crypto_dag', 'DOGE', 'scheduled__2024-02-29T00:00:00+00:00', '--job-id', '749', '--raw', '--subdir', 'DAGS_FOLDER/get_crypto.py', '--cfg-path', '/tmp/tmpeqjjiv3v', '--error-file', '/tmp/tmpmtf1xk4v']
[2024-04-02 21:45:38,961] {standard_task_runner.py:80} INFO - Job 749: Subtask DOGE
[2024-04-02 21:45:39,149] {task_command.py:370} INFO - Running <TaskInstance: get_crypto_dag.DOGE scheduled__2024-02-29T00:00:00+00:00 [running]> on host alexmend-virtual-machine
[2024-04-02 21:45:39,386] {taskinstance.py:1569} INFO - Exporting the following env vars:
AIRFLOW_CTX_DAG_OWNER=airflow
AIRFLOW_CTX_DAG_ID=get_crypto_dag
AIRFLOW_CTX_TASK_ID=DOGE
AIRFLOW_CTX_EXECUTION_DATE=2024-02-29T00:00:00+00:00
AIRFLOW_CTX_TRY_NUMBER=1
AIRFLOW_CTX_DAG_RUN_ID=scheduled__2024-02-29T00:00:00+00:00
[2024-04-02 21:45:43,150] {history.py:90} ERROR - DOGE: No timezone found, symbol may be delisted
[2024-04-02 21:45:53,182] {python.py:173} INFO - Done. Returned value was: None
[2024-04-02 21:45:53,225] {taskinstance.py:1395} INFO - Marking task as SUCCESS. dag_id=get_crypto_dag, task_id=DOGE, execution_date=20240229T000000, start_date=20240403T004538, end_date=20240403T004553
[2024-04-02 21:45:53,284] {local_task_job.py:156} INFO - Task exited with return code 0
[2024-04-02 21:45:53,355] {local_task_job.py:273} INFO - 0 downstream tasks scheduled from follow-on schedule check
[2024-04-02 22:49:32,057] {taskinstance.py:1159} INFO - Dependencies all met for <TaskInstance: get_crypto_dag.DOGE scheduled__2024-02-29T00:00:00+00:00 [queued]>
[2024-04-02 22:49:32,092] {taskinstance.py:1159} INFO - Dependencies all met for <TaskInstance: get_crypto_dag.DOGE scheduled__2024-02-29T00:00:00+00:00 [queued]>
[2024-04-02 22:49:32,092] {taskinstance.py:1356} INFO - 
--------------------------------------------------------------------------------
[2024-04-02 22:49:32,092] {taskinstance.py:1357} INFO - Starting attempt 1 of 1
[2024-04-02 22:49:32,093] {taskinstance.py:1358} INFO - 
--------------------------------------------------------------------------------
[2024-04-02 22:49:32,140] {taskinstance.py:1377} INFO - Executing <Task(_PythonDecoratedOperator): DOGE> on 2024-02-29 00:00:00+00:00
[2024-04-02 22:49:32,159] {standard_task_runner.py:52} INFO - Started process 70542 to run task
[2024-04-02 22:49:32,179] {standard_task_runner.py:79} INFO - Running: ['airflow', 'tasks', 'run', 'get_crypto_dag', 'DOGE', 'scheduled__2024-02-29T00:00:00+00:00', '--job-id', '991', '--raw', '--subdir', 'DAGS_FOLDER/get_crypto.py', '--cfg-path', '/tmp/tmpb03oks1s', '--error-file', '/tmp/tmp4x7k8ezz']
[2024-04-02 22:49:32,187] {standard_task_runner.py:80} INFO - Job 991: Subtask DOGE
[2024-04-02 22:49:32,470] {task_command.py:370} INFO - Running <TaskInstance: get_crypto_dag.DOGE scheduled__2024-02-29T00:00:00+00:00 [running]> on host alexmend-virtual-machine
[2024-04-02 22:49:32,858] {taskinstance.py:1569} INFO - Exporting the following env vars:
AIRFLOW_CTX_DAG_OWNER=airflow
AIRFLOW_CTX_DAG_ID=get_crypto_dag
AIRFLOW_CTX_TASK_ID=DOGE
AIRFLOW_CTX_EXECUTION_DATE=2024-02-29T00:00:00+00:00
AIRFLOW_CTX_TRY_NUMBER=1
AIRFLOW_CTX_DAG_RUN_ID=scheduled__2024-02-29T00:00:00+00:00
[2024-04-02 22:49:36,578] {history.py:90} ERROR - DOGE: No timezone found, symbol may be delisted
[2024-04-02 22:49:46,595] {python.py:173} INFO - Done. Returned value was: None
[2024-04-02 22:49:46,642] {taskinstance.py:1395} INFO - Marking task as SUCCESS. dag_id=get_crypto_dag, task_id=DOGE, execution_date=20240229T000000, start_date=20240403T014932, end_date=20240403T014946
[2024-04-02 22:49:46,706] {local_task_job.py:156} INFO - Task exited with return code 0
[2024-04-02 22:49:46,804] {local_task_job.py:273} INFO - 0 downstream tasks scheduled from follow-on schedule check
