[2024-04-02 22:00:28,958] {taskinstance.py:1159} INFO - Dependencies all met for <TaskInstance: get_crypto_dag.BTC scheduled__2024-03-24T00:00:00+00:00 [queued]>
[2024-04-02 22:00:28,974] {taskinstance.py:1159} INFO - Dependencies all met for <TaskInstance: get_crypto_dag.BTC scheduled__2024-03-24T00:00:00+00:00 [queued]>
[2024-04-02 22:00:28,975] {taskinstance.py:1356} INFO - 
--------------------------------------------------------------------------------
[2024-04-02 22:00:28,975] {taskinstance.py:1357} INFO - Starting attempt 1 of 1
[2024-04-02 22:00:28,975] {taskinstance.py:1358} INFO - 
--------------------------------------------------------------------------------
[2024-04-02 22:00:29,014] {taskinstance.py:1377} INFO - Executing <Task(_PythonDecoratedOperator): BTC> on 2024-03-24 00:00:00+00:00
[2024-04-02 22:00:29,024] {standard_task_runner.py:52} INFO - Started process 58078 to run task
[2024-04-02 22:00:29,038] {standard_task_runner.py:79} INFO - Running: ['airflow', 'tasks', 'run', 'get_crypto_dag', 'BTC', 'scheduled__2024-03-24T00:00:00+00:00', '--job-id', '929', '--raw', '--subdir', 'DAGS_FOLDER/get_crypto.py', '--cfg-path', '/tmp/tmp878_56ox', '--error-file', '/tmp/tmpyiwrnbwt']
[2024-04-02 22:00:29,041] {standard_task_runner.py:80} INFO - Job 929: Subtask BTC
[2024-04-02 22:00:29,180] {task_command.py:370} INFO - Running <TaskInstance: get_crypto_dag.BTC scheduled__2024-03-24T00:00:00+00:00 [running]> on host alexmend-virtual-machine
[2024-04-02 22:00:29,353] {taskinstance.py:1569} INFO - Exporting the following env vars:
AIRFLOW_CTX_DAG_OWNER=airflow
AIRFLOW_CTX_DAG_ID=get_crypto_dag
AIRFLOW_CTX_TASK_ID=BTC
AIRFLOW_CTX_EXECUTION_DATE=2024-03-24T00:00:00+00:00
AIRFLOW_CTX_TRY_NUMBER=1
AIRFLOW_CTX_DAG_RUN_ID=scheduled__2024-03-24T00:00:00+00:00
[2024-04-02 22:00:30,216] {history.py:222} ERROR - BTC: No price data found, symbol may be delisted (1h 2024-03-23 -> 2024-03-24)
[2024-04-02 22:00:40,230] {python.py:173} INFO - Done. Returned value was: None
[2024-04-02 22:00:40,275] {taskinstance.py:1395} INFO - Marking task as SUCCESS. dag_id=get_crypto_dag, task_id=BTC, execution_date=20240324T000000, start_date=20240403T010028, end_date=20240403T010040
[2024-04-02 22:00:40,362] {local_task_job.py:156} INFO - Task exited with return code 0
[2024-04-02 22:00:40,409] {local_task_job.py:273} INFO - 0 downstream tasks scheduled from follow-on schedule check
[2024-04-02 23:13:31,432] {taskinstance.py:1159} INFO - Dependencies all met for <TaskInstance: get_crypto_dag.BTC scheduled__2024-03-24T00:00:00+00:00 [queued]>
[2024-04-02 23:13:31,477] {taskinstance.py:1159} INFO - Dependencies all met for <TaskInstance: get_crypto_dag.BTC scheduled__2024-03-24T00:00:00+00:00 [queued]>
[2024-04-02 23:13:31,477] {taskinstance.py:1356} INFO - 
--------------------------------------------------------------------------------
[2024-04-02 23:13:31,477] {taskinstance.py:1357} INFO - Starting attempt 1 of 1
[2024-04-02 23:13:31,477] {taskinstance.py:1358} INFO - 
--------------------------------------------------------------------------------
[2024-04-02 23:13:31,530] {taskinstance.py:1377} INFO - Executing <Task(_PythonDecoratedOperator): BTC> on 2024-03-24 00:00:00+00:00
[2024-04-02 23:13:31,545] {standard_task_runner.py:52} INFO - Started process 83389 to run task
[2024-04-02 23:13:31,582] {standard_task_runner.py:79} INFO - Running: ['airflow', 'tasks', 'run', 'get_crypto_dag', 'BTC', 'scheduled__2024-03-24T00:00:00+00:00', '--job-id', '1160', '--raw', '--subdir', 'DAGS_FOLDER/get_crypto.py', '--cfg-path', '/tmp/tmp5gu9pkbl', '--error-file', '/tmp/tmp9uk01whn']
[2024-04-02 23:13:31,586] {standard_task_runner.py:80} INFO - Job 1160: Subtask BTC
[2024-04-02 23:13:31,889] {task_command.py:370} INFO - Running <TaskInstance: get_crypto_dag.BTC scheduled__2024-03-24T00:00:00+00:00 [running]> on host alexmend-virtual-machine
[2024-04-02 23:13:32,676] {taskinstance.py:1569} INFO - Exporting the following env vars:
AIRFLOW_CTX_DAG_OWNER=airflow
AIRFLOW_CTX_DAG_ID=get_crypto_dag
AIRFLOW_CTX_TASK_ID=BTC
AIRFLOW_CTX_EXECUTION_DATE=2024-03-24T00:00:00+00:00
AIRFLOW_CTX_TRY_NUMBER=1
AIRFLOW_CTX_DAG_RUN_ID=scheduled__2024-03-24T00:00:00+00:00
[2024-04-02 23:13:33,900] {history.py:222} ERROR - BTC: No price data found, symbol may be delisted (1h 2024-03-23 -> 2024-03-24)
[2024-04-02 23:13:43,916] {python.py:173} INFO - Done. Returned value was: None
[2024-04-02 23:13:43,958] {taskinstance.py:1395} INFO - Marking task as SUCCESS. dag_id=get_crypto_dag, task_id=BTC, execution_date=20240324T000000, start_date=20240403T021331, end_date=20240403T021343
[2024-04-02 23:13:44,024] {local_task_job.py:156} INFO - Task exited with return code 0
[2024-04-02 23:13:44,090] {local_task_job.py:273} INFO - 0 downstream tasks scheduled from follow-on schedule check
