[2024-04-02 13:01:03,334] {taskinstance.py:1159} INFO - Dependencies all met for <TaskInstance: get_stocks_dag.AAPL scheduled__2024-01-23T00:00:00+00:00 [queued]>
[2024-04-02 13:01:03,343] {taskinstance.py:1159} INFO - Dependencies all met for <TaskInstance: get_stocks_dag.AAPL scheduled__2024-01-23T00:00:00+00:00 [queued]>
[2024-04-02 13:01:03,343] {taskinstance.py:1356} INFO - 
--------------------------------------------------------------------------------
[2024-04-02 13:01:03,343] {taskinstance.py:1357} INFO - Starting attempt 1 of 1
[2024-04-02 13:01:03,343] {taskinstance.py:1358} INFO - 
--------------------------------------------------------------------------------
[2024-04-02 13:01:03,362] {taskinstance.py:1377} INFO - Executing <Task(_PythonDecoratedOperator): AAPL> on 2024-01-23 00:00:00+00:00
[2024-04-02 13:01:03,370] {standard_task_runner.py:52} INFO - Started process 9242 to run task
[2024-04-02 13:01:03,378] {standard_task_runner.py:79} INFO - Running: ['airflow', 'tasks', 'run', 'get_stocks_dag', 'AAPL', 'scheduled__2024-01-23T00:00:00+00:00', '--job-id', '67', '--raw', '--subdir', 'DAGS_FOLDER/get_stocks.py', '--cfg-path', '/tmp/tmpuu19s_9o', '--error-file', '/tmp/tmpznfcq7o6']
[2024-04-02 13:01:03,379] {standard_task_runner.py:80} INFO - Job 67: Subtask AAPL
[2024-04-02 13:01:03,448] {task_command.py:370} INFO - Running <TaskInstance: get_stocks_dag.AAPL scheduled__2024-01-23T00:00:00+00:00 [running]> on host alexmend-virtual-machine
[2024-04-02 13:01:03,529] {taskinstance.py:1569} INFO - Exporting the following env vars:
AIRFLOW_CTX_DAG_OWNER=airflow
AIRFLOW_CTX_DAG_ID=get_stocks_dag
AIRFLOW_CTX_TASK_ID=AAPL
AIRFLOW_CTX_EXECUTION_DATE=2024-01-23T00:00:00+00:00
AIRFLOW_CTX_TRY_NUMBER=1
AIRFLOW_CTX_DAG_RUN_ID=scheduled__2024-01-23T00:00:00+00:00
[2024-04-02 13:01:04,213] {python.py:173} INFO - Done. Returned value was: None
[2024-04-02 13:01:04,225] {taskinstance.py:1395} INFO - Marking task as SUCCESS. dag_id=get_stocks_dag, task_id=AAPL, execution_date=20240123T000000, start_date=20240402T160103, end_date=20240402T160104
[2024-04-02 13:01:04,273] {local_task_job.py:156} INFO - Task exited with return code 0
[2024-04-02 13:01:04,303] {local_task_job.py:273} INFO - 0 downstream tasks scheduled from follow-on schedule check
[2024-04-02 17:17:38,295] {taskinstance.py:1159} INFO - Dependencies all met for <TaskInstance: get_stocks_dag.AAPL scheduled__2024-01-23T00:00:00+00:00 [queued]>
[2024-04-02 17:17:38,408] {taskinstance.py:1159} INFO - Dependencies all met for <TaskInstance: get_stocks_dag.AAPL scheduled__2024-01-23T00:00:00+00:00 [queued]>
[2024-04-02 17:17:38,408] {taskinstance.py:1356} INFO - 
--------------------------------------------------------------------------------
[2024-04-02 17:17:38,409] {taskinstance.py:1357} INFO - Starting attempt 1 of 1
[2024-04-02 17:17:38,409] {taskinstance.py:1358} INFO - 
--------------------------------------------------------------------------------
[2024-04-02 17:17:38,491] {taskinstance.py:1377} INFO - Executing <Task(_PythonDecoratedOperator): AAPL> on 2024-01-23 00:00:00+00:00
[2024-04-02 17:17:38,499] {standard_task_runner.py:52} INFO - Started process 4963 to run task
[2024-04-02 17:17:38,705] {standard_task_runner.py:79} INFO - Running: ['airflow', 'tasks', 'run', 'get_stocks_dag', 'AAPL', 'scheduled__2024-01-23T00:00:00+00:00', '--job-id', '50', '--raw', '--subdir', 'DAGS_FOLDER/get_stocks.py', '--cfg-path', '/tmp/tmp_nr5pwmw', '--error-file', '/tmp/tmp8ud7fimf']
[2024-04-02 17:17:38,753] {standard_task_runner.py:80} INFO - Job 50: Subtask AAPL
[2024-04-02 17:17:40,160] {task_command.py:370} INFO - Running <TaskInstance: get_stocks_dag.AAPL scheduled__2024-01-23T00:00:00+00:00 [running]> on host alexmend-virtual-machine
[2024-04-02 17:17:41,793] {taskinstance.py:1569} INFO - Exporting the following env vars:
AIRFLOW_CTX_DAG_OWNER=airflow
AIRFLOW_CTX_DAG_ID=get_stocks_dag
AIRFLOW_CTX_TASK_ID=AAPL
AIRFLOW_CTX_EXECUTION_DATE=2024-01-23T00:00:00+00:00
AIRFLOW_CTX_TRY_NUMBER=1
AIRFLOW_CTX_DAG_RUN_ID=scheduled__2024-01-23T00:00:00+00:00
[2024-04-02 17:17:43,357] {python.py:173} INFO - Done. Returned value was: None
[2024-04-02 17:17:43,990] {taskinstance.py:1395} INFO - Marking task as SUCCESS. dag_id=get_stocks_dag, task_id=AAPL, execution_date=20240123T000000, start_date=20240402T201738, end_date=20240402T201743
[2024-04-02 17:17:44,156] {local_task_job.py:156} INFO - Task exited with return code 0
[2024-04-02 17:17:44,524] {local_task_job.py:273} INFO - 0 downstream tasks scheduled from follow-on schedule check
[2024-04-02 17:43:16,803] {taskinstance.py:1159} INFO - Dependencies all met for <TaskInstance: get_stocks_dag.AAPL scheduled__2024-01-23T00:00:00+00:00 [queued]>
[2024-04-02 17:43:16,820] {taskinstance.py:1159} INFO - Dependencies all met for <TaskInstance: get_stocks_dag.AAPL scheduled__2024-01-23T00:00:00+00:00 [queued]>
[2024-04-02 17:43:16,820] {taskinstance.py:1356} INFO - 
--------------------------------------------------------------------------------
[2024-04-02 17:43:16,820] {taskinstance.py:1357} INFO - Starting attempt 1 of 1
[2024-04-02 17:43:16,821] {taskinstance.py:1358} INFO - 
--------------------------------------------------------------------------------
[2024-04-02 17:43:16,842] {taskinstance.py:1377} INFO - Executing <Task(_PythonDecoratedOperator): AAPL> on 2024-01-23 00:00:00+00:00
[2024-04-02 17:43:16,849] {standard_task_runner.py:52} INFO - Started process 19651 to run task
[2024-04-02 17:43:16,866] {standard_task_runner.py:79} INFO - Running: ['airflow', 'tasks', 'run', 'get_stocks_dag', 'AAPL', 'scheduled__2024-01-23T00:00:00+00:00', '--job-id', '314', '--raw', '--subdir', 'DAGS_FOLDER/get_stocks.py', '--cfg-path', '/tmp/tmp5ktbyjn6', '--error-file', '/tmp/tmp6ssc3b7g']
[2024-04-02 17:43:16,867] {standard_task_runner.py:80} INFO - Job 314: Subtask AAPL
[2024-04-02 17:43:17,018] {task_command.py:370} INFO - Running <TaskInstance: get_stocks_dag.AAPL scheduled__2024-01-23T00:00:00+00:00 [running]> on host alexmend-virtual-machine
[2024-04-02 17:43:17,162] {taskinstance.py:1569} INFO - Exporting the following env vars:
AIRFLOW_CTX_DAG_OWNER=airflow
AIRFLOW_CTX_DAG_ID=get_stocks_dag
AIRFLOW_CTX_TASK_ID=AAPL
AIRFLOW_CTX_EXECUTION_DATE=2024-01-23T00:00:00+00:00
AIRFLOW_CTX_TRY_NUMBER=1
AIRFLOW_CTX_DAG_RUN_ID=scheduled__2024-01-23T00:00:00+00:00
[2024-04-02 17:43:17,780] {python.py:173} INFO - Done. Returned value was: None
[2024-04-02 17:43:17,806] {taskinstance.py:1395} INFO - Marking task as SUCCESS. dag_id=get_stocks_dag, task_id=AAPL, execution_date=20240123T000000, start_date=20240402T204316, end_date=20240402T204317
[2024-04-02 17:43:17,842] {local_task_job.py:156} INFO - Task exited with return code 0
[2024-04-02 17:43:17,899] {local_task_job.py:273} INFO - 0 downstream tasks scheduled from follow-on schedule check
