[2024-04-02 13:10:44,573] {taskinstance.py:1159} INFO - Dependencies all met for <TaskInstance: get_stocks_dag.MSFT scheduled__2024-03-12T00:00:00+00:00 [queued]>
[2024-04-02 13:10:44,582] {taskinstance.py:1159} INFO - Dependencies all met for <TaskInstance: get_stocks_dag.MSFT scheduled__2024-03-12T00:00:00+00:00 [queued]>
[2024-04-02 13:10:44,582] {taskinstance.py:1356} INFO - 
--------------------------------------------------------------------------------
[2024-04-02 13:10:44,582] {taskinstance.py:1357} INFO - Starting attempt 1 of 1
[2024-04-02 13:10:44,583] {taskinstance.py:1358} INFO - 
--------------------------------------------------------------------------------
[2024-04-02 13:10:44,600] {taskinstance.py:1377} INFO - Executing <Task(_PythonDecoratedOperator): MSFT> on 2024-03-12 00:00:00+00:00
[2024-04-02 13:10:44,607] {standard_task_runner.py:52} INFO - Started process 12642 to run task
[2024-04-02 13:10:44,613] {standard_task_runner.py:79} INFO - Running: ['airflow', 'tasks', 'run', 'get_stocks_dag', 'MSFT', 'scheduled__2024-03-12T00:00:00+00:00', '--job-id', '208', '--raw', '--subdir', 'DAGS_FOLDER/get_stocks.py', '--cfg-path', '/tmp/tmpfjxo13tm', '--error-file', '/tmp/tmp3lhh1i5v']
[2024-04-02 13:10:44,614] {standard_task_runner.py:80} INFO - Job 208: Subtask MSFT
[2024-04-02 13:10:44,701] {task_command.py:370} INFO - Running <TaskInstance: get_stocks_dag.MSFT scheduled__2024-03-12T00:00:00+00:00 [running]> on host alexmend-virtual-machine
[2024-04-02 13:10:44,788] {taskinstance.py:1569} INFO - Exporting the following env vars:
AIRFLOW_CTX_DAG_OWNER=airflow
AIRFLOW_CTX_DAG_ID=get_stocks_dag
AIRFLOW_CTX_TASK_ID=MSFT
AIRFLOW_CTX_EXECUTION_DATE=2024-03-12T00:00:00+00:00
AIRFLOW_CTX_TRY_NUMBER=1
AIRFLOW_CTX_DAG_RUN_ID=scheduled__2024-03-12T00:00:00+00:00
[2024-04-02 13:10:45,530] {python.py:173} INFO - Done. Returned value was: None
[2024-04-02 13:10:45,542] {taskinstance.py:1395} INFO - Marking task as SUCCESS. dag_id=get_stocks_dag, task_id=MSFT, execution_date=20240312T000000, start_date=20240402T161044, end_date=20240402T161045
[2024-04-02 13:10:45,596] {local_task_job.py:156} INFO - Task exited with return code 0
[2024-04-02 13:10:45,621] {local_task_job.py:273} INFO - 0 downstream tasks scheduled from follow-on schedule check
[2024-04-02 17:19:40,117] {taskinstance.py:1159} INFO - Dependencies all met for <TaskInstance: get_stocks_dag.MSFT scheduled__2024-03-12T00:00:00+00:00 [queued]>
[2024-04-02 17:19:40,144] {taskinstance.py:1159} INFO - Dependencies all met for <TaskInstance: get_stocks_dag.MSFT scheduled__2024-03-12T00:00:00+00:00 [queued]>
[2024-04-02 17:19:40,145] {taskinstance.py:1356} INFO - 
--------------------------------------------------------------------------------
[2024-04-02 17:19:40,145] {taskinstance.py:1357} INFO - Starting attempt 1 of 1
[2024-04-02 17:19:40,145] {taskinstance.py:1358} INFO - 
--------------------------------------------------------------------------------
[2024-04-02 17:19:40,247] {taskinstance.py:1377} INFO - Executing <Task(_PythonDecoratedOperator): MSFT> on 2024-03-12 00:00:00+00:00
[2024-04-02 17:19:40,286] {standard_task_runner.py:52} INFO - Started process 8526 to run task
[2024-04-02 17:19:40,375] {standard_task_runner.py:79} INFO - Running: ['airflow', 'tasks', 'run', 'get_stocks_dag', 'MSFT', 'scheduled__2024-03-12T00:00:00+00:00', '--job-id', '188', '--raw', '--subdir', 'DAGS_FOLDER/get_stocks.py', '--cfg-path', '/tmp/tmpetlj9ylh', '--error-file', '/tmp/tmp_jgn3i14']
[2024-04-02 17:19:40,377] {standard_task_runner.py:80} INFO - Job 188: Subtask MSFT
[2024-04-02 17:19:41,263] {task_command.py:370} INFO - Running <TaskInstance: get_stocks_dag.MSFT scheduled__2024-03-12T00:00:00+00:00 [running]> on host alexmend-virtual-machine
[2024-04-02 17:19:42,504] {taskinstance.py:1569} INFO - Exporting the following env vars:
AIRFLOW_CTX_DAG_OWNER=airflow
AIRFLOW_CTX_DAG_ID=get_stocks_dag
AIRFLOW_CTX_TASK_ID=MSFT
AIRFLOW_CTX_EXECUTION_DATE=2024-03-12T00:00:00+00:00
AIRFLOW_CTX_TRY_NUMBER=1
AIRFLOW_CTX_DAG_RUN_ID=scheduled__2024-03-12T00:00:00+00:00
[2024-04-02 17:19:43,895] {python.py:173} INFO - Done. Returned value was: None
[2024-04-02 17:19:44,074] {taskinstance.py:1395} INFO - Marking task as SUCCESS. dag_id=get_stocks_dag, task_id=MSFT, execution_date=20240312T000000, start_date=20240402T201940, end_date=20240402T201944
[2024-04-02 17:19:44,481] {local_task_job.py:156} INFO - Task exited with return code 0
[2024-04-02 17:19:44,612] {local_task_job.py:273} INFO - 0 downstream tasks scheduled from follow-on schedule check
[2024-04-02 17:46:29,659] {taskinstance.py:1159} INFO - Dependencies all met for <TaskInstance: get_stocks_dag.MSFT scheduled__2024-03-12T00:00:00+00:00 [queued]>
[2024-04-02 17:46:29,704] {taskinstance.py:1159} INFO - Dependencies all met for <TaskInstance: get_stocks_dag.MSFT scheduled__2024-03-12T00:00:00+00:00 [queued]>
[2024-04-02 17:46:29,704] {taskinstance.py:1356} INFO - 
--------------------------------------------------------------------------------
[2024-04-02 17:46:29,708] {taskinstance.py:1357} INFO - Starting attempt 1 of 1
[2024-04-02 17:46:29,709] {taskinstance.py:1358} INFO - 
--------------------------------------------------------------------------------
[2024-04-02 17:46:29,749] {taskinstance.py:1377} INFO - Executing <Task(_PythonDecoratedOperator): MSFT> on 2024-03-12 00:00:00+00:00
[2024-04-02 17:46:29,756] {standard_task_runner.py:52} INFO - Started process 23607 to run task
[2024-04-02 17:46:29,790] {standard_task_runner.py:79} INFO - Running: ['airflow', 'tasks', 'run', 'get_stocks_dag', 'MSFT', 'scheduled__2024-03-12T00:00:00+00:00', '--job-id', '452', '--raw', '--subdir', 'DAGS_FOLDER/get_stocks.py', '--cfg-path', '/tmp/tmp92segipr', '--error-file', '/tmp/tmpfnr1zlf3']
[2024-04-02 17:46:29,793] {standard_task_runner.py:80} INFO - Job 452: Subtask MSFT
[2024-04-02 17:46:30,057] {task_command.py:370} INFO - Running <TaskInstance: get_stocks_dag.MSFT scheduled__2024-03-12T00:00:00+00:00 [running]> on host alexmend-virtual-machine
[2024-04-02 17:46:30,331] {taskinstance.py:1569} INFO - Exporting the following env vars:
AIRFLOW_CTX_DAG_OWNER=airflow
AIRFLOW_CTX_DAG_ID=get_stocks_dag
AIRFLOW_CTX_TASK_ID=MSFT
AIRFLOW_CTX_EXECUTION_DATE=2024-03-12T00:00:00+00:00
AIRFLOW_CTX_TRY_NUMBER=1
AIRFLOW_CTX_DAG_RUN_ID=scheduled__2024-03-12T00:00:00+00:00
[2024-04-02 17:46:31,159] {python.py:173} INFO - Done. Returned value was: None
[2024-04-02 17:46:31,198] {taskinstance.py:1395} INFO - Marking task as SUCCESS. dag_id=get_stocks_dag, task_id=MSFT, execution_date=20240312T000000, start_date=20240402T204629, end_date=20240402T204631
[2024-04-02 17:46:31,264] {local_task_job.py:156} INFO - Task exited with return code 0
[2024-04-02 17:46:31,380] {local_task_job.py:273} INFO - 0 downstream tasks scheduled from follow-on schedule check
[2024-04-02 19:15:26,649] {taskinstance.py:1159} INFO - Dependencies all met for <TaskInstance: get_stocks_dag.MSFT scheduled__2024-03-12T00:00:00+00:00 [queued]>
[2024-04-02 19:15:26,666] {taskinstance.py:1159} INFO - Dependencies all met for <TaskInstance: get_stocks_dag.MSFT scheduled__2024-03-12T00:00:00+00:00 [queued]>
[2024-04-02 19:15:26,666] {taskinstance.py:1356} INFO - 
--------------------------------------------------------------------------------
[2024-04-02 19:15:26,666] {taskinstance.py:1357} INFO - Starting attempt 1 of 1
[2024-04-02 19:15:26,666] {taskinstance.py:1358} INFO - 
--------------------------------------------------------------------------------
[2024-04-02 19:15:26,686] {taskinstance.py:1377} INFO - Executing <Task(_PythonDecoratedOperator): MSFT> on 2024-03-12 00:00:00+00:00
[2024-04-02 19:15:26,695] {standard_task_runner.py:52} INFO - Started process 14718 to run task
[2024-04-02 19:15:26,713] {standard_task_runner.py:79} INFO - Running: ['airflow', 'tasks', 'run', 'get_stocks_dag', 'MSFT', 'scheduled__2024-03-12T00:00:00+00:00', '--job-id', '553', '--raw', '--subdir', 'DAGS_FOLDER/get_stocks.py', '--cfg-path', '/tmp/tmpwvij0o3s', '--error-file', '/tmp/tmphyl28w7i']
[2024-04-02 19:15:26,718] {standard_task_runner.py:80} INFO - Job 553: Subtask MSFT
[2024-04-02 19:15:26,882] {task_command.py:370} INFO - Running <TaskInstance: get_stocks_dag.MSFT scheduled__2024-03-12T00:00:00+00:00 [running]> on host alexmend-virtual-machine
[2024-04-02 19:15:27,073] {taskinstance.py:1569} INFO - Exporting the following env vars:
AIRFLOW_CTX_DAG_OWNER=airflow
AIRFLOW_CTX_DAG_ID=get_stocks_dag
AIRFLOW_CTX_TASK_ID=MSFT
AIRFLOW_CTX_EXECUTION_DATE=2024-03-12T00:00:00+00:00
AIRFLOW_CTX_TRY_NUMBER=1
AIRFLOW_CTX_DAG_RUN_ID=scheduled__2024-03-12T00:00:00+00:00
[2024-04-02 19:15:27,685] {python.py:173} INFO - Done. Returned value was: None
[2024-04-02 19:15:27,719] {taskinstance.py:1395} INFO - Marking task as SUCCESS. dag_id=get_stocks_dag, task_id=MSFT, execution_date=20240312T000000, start_date=20240402T221526, end_date=20240402T221527
[2024-04-02 19:15:27,767] {local_task_job.py:156} INFO - Task exited with return code 0
[2024-04-02 19:15:27,844] {local_task_job.py:273} INFO - 0 downstream tasks scheduled from follow-on schedule check
[2024-04-02 20:39:12,590] {taskinstance.py:1159} INFO - Dependencies all met for <TaskInstance: get_stocks_dag.MSFT scheduled__2024-03-12T00:00:00+00:00 [queued]>
[2024-04-02 20:39:12,607] {taskinstance.py:1159} INFO - Dependencies all met for <TaskInstance: get_stocks_dag.MSFT scheduled__2024-03-12T00:00:00+00:00 [queued]>
[2024-04-02 20:39:12,608] {taskinstance.py:1356} INFO - 
--------------------------------------------------------------------------------
[2024-04-02 20:39:12,609] {taskinstance.py:1357} INFO - Starting attempt 1 of 1
[2024-04-02 20:39:12,609] {taskinstance.py:1358} INFO - 
--------------------------------------------------------------------------------
[2024-04-02 20:39:12,631] {taskinstance.py:1377} INFO - Executing <Task(_PythonDecoratedOperator): MSFT> on 2024-03-12 00:00:00+00:00
[2024-04-02 20:39:12,651] {standard_task_runner.py:79} INFO - Running: ['airflow', 'tasks', 'run', 'get_stocks_dag', 'MSFT', 'scheduled__2024-03-12T00:00:00+00:00', '--job-id', '654', '--raw', '--subdir', 'DAGS_FOLDER/get_stocks.py', '--cfg-path', '/tmp/tmpwpnzgbre', '--error-file', '/tmp/tmpcdjkt0kb']
[2024-04-02 20:39:12,640] {standard_task_runner.py:52} INFO - Started process 26051 to run task
[2024-04-02 20:39:12,653] {standard_task_runner.py:80} INFO - Job 654: Subtask MSFT
[2024-04-02 20:39:12,867] {task_command.py:370} INFO - Running <TaskInstance: get_stocks_dag.MSFT scheduled__2024-03-12T00:00:00+00:00 [running]> on host alexmend-virtual-machine
[2024-04-02 20:39:13,052] {taskinstance.py:1569} INFO - Exporting the following env vars:
AIRFLOW_CTX_DAG_OWNER=airflow
AIRFLOW_CTX_DAG_ID=get_stocks_dag
AIRFLOW_CTX_TASK_ID=MSFT
AIRFLOW_CTX_EXECUTION_DATE=2024-03-12T00:00:00+00:00
AIRFLOW_CTX_TRY_NUMBER=1
AIRFLOW_CTX_DAG_RUN_ID=scheduled__2024-03-12T00:00:00+00:00
[2024-04-02 20:39:13,710] {python.py:173} INFO - Done. Returned value was: None
[2024-04-02 20:39:13,736] {taskinstance.py:1395} INFO - Marking task as SUCCESS. dag_id=get_stocks_dag, task_id=MSFT, execution_date=20240312T000000, start_date=20240402T233912, end_date=20240402T233913
[2024-04-02 20:39:13,776] {local_task_job.py:156} INFO - Task exited with return code 0
[2024-04-02 20:39:13,843] {local_task_job.py:273} INFO - 0 downstream tasks scheduled from follow-on schedule check
[2024-04-02 21:49:10,196] {taskinstance.py:1159} INFO - Dependencies all met for <TaskInstance: get_stocks_dag.MSFT scheduled__2024-03-12T00:00:00+00:00 [queued]>
[2024-04-02 21:49:10,222] {taskinstance.py:1159} INFO - Dependencies all met for <TaskInstance: get_stocks_dag.MSFT scheduled__2024-03-12T00:00:00+00:00 [queued]>
[2024-04-02 21:49:10,222] {taskinstance.py:1356} INFO - 
--------------------------------------------------------------------------------
[2024-04-02 21:49:10,224] {taskinstance.py:1357} INFO - Starting attempt 1 of 1
[2024-04-02 21:49:10,224] {taskinstance.py:1358} INFO - 
--------------------------------------------------------------------------------
[2024-04-02 21:49:10,252] {taskinstance.py:1377} INFO - Executing <Task(_PythonDecoratedOperator): MSFT> on 2024-03-12 00:00:00+00:00
[2024-04-02 21:49:10,263] {standard_task_runner.py:52} INFO - Started process 50230 to run task
[2024-04-02 21:49:10,274] {standard_task_runner.py:79} INFO - Running: ['airflow', 'tasks', 'run', 'get_stocks_dag', 'MSFT', 'scheduled__2024-03-12T00:00:00+00:00', '--job-id', '796', '--raw', '--subdir', 'DAGS_FOLDER/get_stocks.py', '--cfg-path', '/tmp/tmp_xwf4tuf', '--error-file', '/tmp/tmpiidrtjg0']
[2024-04-02 21:49:10,277] {standard_task_runner.py:80} INFO - Job 796: Subtask MSFT
[2024-04-02 21:49:10,490] {task_command.py:370} INFO - Running <TaskInstance: get_stocks_dag.MSFT scheduled__2024-03-12T00:00:00+00:00 [running]> on host alexmend-virtual-machine
[2024-04-02 21:49:10,722] {taskinstance.py:1569} INFO - Exporting the following env vars:
AIRFLOW_CTX_DAG_OWNER=airflow
AIRFLOW_CTX_DAG_ID=get_stocks_dag
AIRFLOW_CTX_TASK_ID=MSFT
AIRFLOW_CTX_EXECUTION_DATE=2024-03-12T00:00:00+00:00
AIRFLOW_CTX_TRY_NUMBER=1
AIRFLOW_CTX_DAG_RUN_ID=scheduled__2024-03-12T00:00:00+00:00
[2024-04-02 21:49:21,530] {python.py:173} INFO - Done. Returned value was: None
[2024-04-02 21:49:21,580] {taskinstance.py:1395} INFO - Marking task as SUCCESS. dag_id=get_stocks_dag, task_id=MSFT, execution_date=20240312T000000, start_date=20240403T004910, end_date=20240403T004921
[2024-04-02 21:49:21,724] {local_task_job.py:156} INFO - Task exited with return code 0
[2024-04-02 21:49:21,913] {local_task_job.py:273} INFO - 0 downstream tasks scheduled from follow-on schedule check
[2024-04-02 23:01:40,584] {taskinstance.py:1159} INFO - Dependencies all met for <TaskInstance: get_stocks_dag.MSFT scheduled__2024-03-12T00:00:00+00:00 [queued]>
[2024-04-02 23:01:40,614] {taskinstance.py:1159} INFO - Dependencies all met for <TaskInstance: get_stocks_dag.MSFT scheduled__2024-03-12T00:00:00+00:00 [queued]>
[2024-04-02 23:01:40,614] {taskinstance.py:1356} INFO - 
--------------------------------------------------------------------------------
[2024-04-02 23:01:40,614] {taskinstance.py:1357} INFO - Starting attempt 1 of 1
[2024-04-02 23:01:40,614] {taskinstance.py:1358} INFO - 
--------------------------------------------------------------------------------
[2024-04-02 23:01:40,670] {taskinstance.py:1377} INFO - Executing <Task(_PythonDecoratedOperator): MSFT> on 2024-03-12 00:00:00+00:00
[2024-04-02 23:01:40,680] {standard_task_runner.py:52} INFO - Started process 76605 to run task
[2024-04-02 23:01:40,713] {standard_task_runner.py:79} INFO - Running: ['airflow', 'tasks', 'run', 'get_stocks_dag', 'MSFT', 'scheduled__2024-03-12T00:00:00+00:00', '--job-id', '1070', '--raw', '--subdir', 'DAGS_FOLDER/get_stocks.py', '--cfg-path', '/tmp/tmptourtpzi', '--error-file', '/tmp/tmpq5dev7u0']
[2024-04-02 23:01:40,727] {standard_task_runner.py:80} INFO - Job 1070: Subtask MSFT
[2024-04-02 23:01:40,951] {task_command.py:370} INFO - Running <TaskInstance: get_stocks_dag.MSFT scheduled__2024-03-12T00:00:00+00:00 [running]> on host alexmend-virtual-machine
[2024-04-02 23:01:41,172] {taskinstance.py:1569} INFO - Exporting the following env vars:
AIRFLOW_CTX_DAG_OWNER=airflow
AIRFLOW_CTX_DAG_ID=get_stocks_dag
AIRFLOW_CTX_TASK_ID=MSFT
AIRFLOW_CTX_EXECUTION_DATE=2024-03-12T00:00:00+00:00
AIRFLOW_CTX_TRY_NUMBER=1
AIRFLOW_CTX_DAG_RUN_ID=scheduled__2024-03-12T00:00:00+00:00
[2024-04-02 23:01:51,996] {python.py:173} INFO - Done. Returned value was: None
[2024-04-02 23:01:52,109] {taskinstance.py:1395} INFO - Marking task as SUCCESS. dag_id=get_stocks_dag, task_id=MSFT, execution_date=20240312T000000, start_date=20240403T020140, end_date=20240403T020152
[2024-04-02 23:01:52,169] {local_task_job.py:156} INFO - Task exited with return code 0
[2024-04-02 23:01:52,260] {local_task_job.py:273} INFO - 0 downstream tasks scheduled from follow-on schedule check
