[2024-04-02 13:14:11,943] {taskinstance.py:1159} INFO - Dependencies all met for <TaskInstance: get_stocks_dag.GOOG scheduled__2024-03-29T00:00:00+00:00 [queued]>
[2024-04-02 13:14:11,954] {taskinstance.py:1159} INFO - Dependencies all met for <TaskInstance: get_stocks_dag.GOOG scheduled__2024-03-29T00:00:00+00:00 [queued]>
[2024-04-02 13:14:11,955] {taskinstance.py:1356} INFO - 
--------------------------------------------------------------------------------
[2024-04-02 13:14:11,955] {taskinstance.py:1357} INFO - Starting attempt 1 of 1
[2024-04-02 13:14:11,956] {taskinstance.py:1358} INFO - 
--------------------------------------------------------------------------------
[2024-04-02 13:14:11,980] {taskinstance.py:1377} INFO - Executing <Task(_PythonDecoratedOperator): GOOG> on 2024-03-29 00:00:00+00:00
[2024-04-02 13:14:11,985] {standard_task_runner.py:52} INFO - Started process 13870 to run task
[2024-04-02 13:14:11,990] {standard_task_runner.py:79} INFO - Running: ['airflow', 'tasks', 'run', 'get_stocks_dag', 'GOOG', 'scheduled__2024-03-29T00:00:00+00:00', '--job-id', '261', '--raw', '--subdir', 'DAGS_FOLDER/get_stocks.py', '--cfg-path', '/tmp/tmpc2fq9qrw', '--error-file', '/tmp/tmp49al8qjn']
[2024-04-02 13:14:11,991] {standard_task_runner.py:80} INFO - Job 261: Subtask GOOG
[2024-04-02 13:14:12,051] {task_command.py:370} INFO - Running <TaskInstance: get_stocks_dag.GOOG scheduled__2024-03-29T00:00:00+00:00 [running]> on host alexmend-virtual-machine
[2024-04-02 13:14:12,146] {taskinstance.py:1569} INFO - Exporting the following env vars:
AIRFLOW_CTX_DAG_OWNER=airflow
AIRFLOW_CTX_DAG_ID=get_stocks_dag
AIRFLOW_CTX_TASK_ID=GOOG
AIRFLOW_CTX_EXECUTION_DATE=2024-03-29T00:00:00+00:00
AIRFLOW_CTX_TRY_NUMBER=1
AIRFLOW_CTX_DAG_RUN_ID=scheduled__2024-03-29T00:00:00+00:00
[2024-04-02 13:14:12,826] {python.py:173} INFO - Done. Returned value was: None
[2024-04-02 13:14:12,836] {taskinstance.py:1395} INFO - Marking task as SUCCESS. dag_id=get_stocks_dag, task_id=GOOG, execution_date=20240329T000000, start_date=20240402T161411, end_date=20240402T161412
[2024-04-02 13:14:12,887] {local_task_job.py:156} INFO - Task exited with return code 0
[2024-04-02 13:14:12,914] {local_task_job.py:273} INFO - 0 downstream tasks scheduled from follow-on schedule check
[2024-04-02 17:20:22,993] {taskinstance.py:1159} INFO - Dependencies all met for <TaskInstance: get_stocks_dag.GOOG scheduled__2024-03-29T00:00:00+00:00 [queued]>
[2024-04-02 17:20:23,030] {taskinstance.py:1159} INFO - Dependencies all met for <TaskInstance: get_stocks_dag.GOOG scheduled__2024-03-29T00:00:00+00:00 [queued]>
[2024-04-02 17:20:23,030] {taskinstance.py:1356} INFO - 
--------------------------------------------------------------------------------
[2024-04-02 17:20:23,030] {taskinstance.py:1357} INFO - Starting attempt 1 of 1
[2024-04-02 17:20:23,030] {taskinstance.py:1358} INFO - 
--------------------------------------------------------------------------------
[2024-04-02 17:20:23,083] {taskinstance.py:1377} INFO - Executing <Task(_PythonDecoratedOperator): GOOG> on 2024-03-29 00:00:00+00:00
[2024-04-02 17:20:23,093] {standard_task_runner.py:52} INFO - Started process 9831 to run task
[2024-04-02 17:20:23,113] {standard_task_runner.py:79} INFO - Running: ['airflow', 'tasks', 'run', 'get_stocks_dag', 'GOOG', 'scheduled__2024-03-29T00:00:00+00:00', '--job-id', '244', '--raw', '--subdir', 'DAGS_FOLDER/get_stocks.py', '--cfg-path', '/tmp/tmpd_bw2svk', '--error-file', '/tmp/tmp77wty34d']
[2024-04-02 17:20:23,128] {standard_task_runner.py:80} INFO - Job 244: Subtask GOOG
[2024-04-02 17:20:23,416] {task_command.py:370} INFO - Running <TaskInstance: get_stocks_dag.GOOG scheduled__2024-03-29T00:00:00+00:00 [running]> on host alexmend-virtual-machine
[2024-04-02 17:20:23,912] {taskinstance.py:1569} INFO - Exporting the following env vars:
AIRFLOW_CTX_DAG_OWNER=airflow
AIRFLOW_CTX_DAG_ID=get_stocks_dag
AIRFLOW_CTX_TASK_ID=GOOG
AIRFLOW_CTX_EXECUTION_DATE=2024-03-29T00:00:00+00:00
AIRFLOW_CTX_TRY_NUMBER=1
AIRFLOW_CTX_DAG_RUN_ID=scheduled__2024-03-29T00:00:00+00:00
[2024-04-02 17:20:25,132] {python.py:173} INFO - Done. Returned value was: None
[2024-04-02 17:20:25,161] {taskinstance.py:1395} INFO - Marking task as SUCCESS. dag_id=get_stocks_dag, task_id=GOOG, execution_date=20240329T000000, start_date=20240402T202022, end_date=20240402T202025
[2024-04-02 17:20:25,222] {local_task_job.py:156} INFO - Task exited with return code 0
[2024-04-02 17:20:25,295] {local_task_job.py:273} INFO - 0 downstream tasks scheduled from follow-on schedule check
[2024-04-02 17:48:18,610] {taskinstance.py:1159} INFO - Dependencies all met for <TaskInstance: get_stocks_dag.GOOG scheduled__2024-03-29T00:00:00+00:00 [queued]>
[2024-04-02 17:48:18,631] {taskinstance.py:1159} INFO - Dependencies all met for <TaskInstance: get_stocks_dag.GOOG scheduled__2024-03-29T00:00:00+00:00 [queued]>
[2024-04-02 17:48:18,632] {taskinstance.py:1356} INFO - 
--------------------------------------------------------------------------------
[2024-04-02 17:48:18,632] {taskinstance.py:1357} INFO - Starting attempt 1 of 1
[2024-04-02 17:48:18,632] {taskinstance.py:1358} INFO - 
--------------------------------------------------------------------------------
[2024-04-02 17:48:18,662] {taskinstance.py:1377} INFO - Executing <Task(_PythonDecoratedOperator): GOOG> on 2024-03-29 00:00:00+00:00
[2024-04-02 17:48:18,676] {standard_task_runner.py:52} INFO - Started process 25417 to run task
[2024-04-02 17:48:18,695] {standard_task_runner.py:79} INFO - Running: ['airflow', 'tasks', 'run', 'get_stocks_dag', 'GOOG', 'scheduled__2024-03-29T00:00:00+00:00', '--job-id', '505', '--raw', '--subdir', 'DAGS_FOLDER/get_stocks.py', '--cfg-path', '/tmp/tmpv_vtvoo2', '--error-file', '/tmp/tmpmy_f3l0e']
[2024-04-02 17:48:18,698] {standard_task_runner.py:80} INFO - Job 505: Subtask GOOG
[2024-04-02 17:48:18,841] {task_command.py:370} INFO - Running <TaskInstance: get_stocks_dag.GOOG scheduled__2024-03-29T00:00:00+00:00 [running]> on host alexmend-virtual-machine
[2024-04-02 17:48:19,000] {taskinstance.py:1569} INFO - Exporting the following env vars:
AIRFLOW_CTX_DAG_OWNER=airflow
AIRFLOW_CTX_DAG_ID=get_stocks_dag
AIRFLOW_CTX_TASK_ID=GOOG
AIRFLOW_CTX_EXECUTION_DATE=2024-03-29T00:00:00+00:00
AIRFLOW_CTX_TRY_NUMBER=1
AIRFLOW_CTX_DAG_RUN_ID=scheduled__2024-03-29T00:00:00+00:00
[2024-04-02 17:48:19,960] {python.py:173} INFO - Done. Returned value was: None
[2024-04-02 17:48:19,997] {taskinstance.py:1395} INFO - Marking task as SUCCESS. dag_id=get_stocks_dag, task_id=GOOG, execution_date=20240329T000000, start_date=20240402T204818, end_date=20240402T204819
[2024-04-02 17:48:20,080] {local_task_job.py:156} INFO - Task exited with return code 0
[2024-04-02 17:48:20,176] {local_task_job.py:273} INFO - 0 downstream tasks scheduled from follow-on schedule check
[2024-04-02 19:16:54,456] {taskinstance.py:1159} INFO - Dependencies all met for <TaskInstance: get_stocks_dag.GOOG scheduled__2024-03-29T00:00:00+00:00 [queued]>
[2024-04-02 19:16:54,478] {taskinstance.py:1159} INFO - Dependencies all met for <TaskInstance: get_stocks_dag.GOOG scheduled__2024-03-29T00:00:00+00:00 [queued]>
[2024-04-02 19:16:54,479] {taskinstance.py:1356} INFO - 
--------------------------------------------------------------------------------
[2024-04-02 19:16:54,480] {taskinstance.py:1357} INFO - Starting attempt 1 of 1
[2024-04-02 19:16:54,480] {taskinstance.py:1358} INFO - 
--------------------------------------------------------------------------------
[2024-04-02 19:16:54,502] {taskinstance.py:1377} INFO - Executing <Task(_PythonDecoratedOperator): GOOG> on 2024-03-29 00:00:00+00:00
[2024-04-02 19:16:54,511] {standard_task_runner.py:52} INFO - Started process 16574 to run task
[2024-04-02 19:16:54,517] {standard_task_runner.py:79} INFO - Running: ['airflow', 'tasks', 'run', 'get_stocks_dag', 'GOOG', 'scheduled__2024-03-29T00:00:00+00:00', '--job-id', '606', '--raw', '--subdir', 'DAGS_FOLDER/get_stocks.py', '--cfg-path', '/tmp/tmp3qu5cjf9', '--error-file', '/tmp/tmpdxxqjdnl']
[2024-04-02 19:16:54,519] {standard_task_runner.py:80} INFO - Job 606: Subtask GOOG
[2024-04-02 19:16:54,652] {task_command.py:370} INFO - Running <TaskInstance: get_stocks_dag.GOOG scheduled__2024-03-29T00:00:00+00:00 [running]> on host alexmend-virtual-machine
[2024-04-02 19:16:54,813] {taskinstance.py:1569} INFO - Exporting the following env vars:
AIRFLOW_CTX_DAG_OWNER=airflow
AIRFLOW_CTX_DAG_ID=get_stocks_dag
AIRFLOW_CTX_TASK_ID=GOOG
AIRFLOW_CTX_EXECUTION_DATE=2024-03-29T00:00:00+00:00
AIRFLOW_CTX_TRY_NUMBER=1
AIRFLOW_CTX_DAG_RUN_ID=scheduled__2024-03-29T00:00:00+00:00
[2024-04-02 19:16:55,476] {python.py:173} INFO - Done. Returned value was: None
[2024-04-02 19:16:55,507] {taskinstance.py:1395} INFO - Marking task as SUCCESS. dag_id=get_stocks_dag, task_id=GOOG, execution_date=20240329T000000, start_date=20240402T221654, end_date=20240402T221655
[2024-04-02 19:16:55,545] {local_task_job.py:156} INFO - Task exited with return code 0
[2024-04-02 19:16:55,609] {local_task_job.py:273} INFO - 0 downstream tasks scheduled from follow-on schedule check
[2024-04-02 20:40:58,577] {taskinstance.py:1159} INFO - Dependencies all met for <TaskInstance: get_stocks_dag.GOOG scheduled__2024-03-29T00:00:00+00:00 [queued]>
[2024-04-02 20:40:58,594] {taskinstance.py:1159} INFO - Dependencies all met for <TaskInstance: get_stocks_dag.GOOG scheduled__2024-03-29T00:00:00+00:00 [queued]>
[2024-04-02 20:40:58,594] {taskinstance.py:1356} INFO - 
--------------------------------------------------------------------------------
[2024-04-02 20:40:58,594] {taskinstance.py:1357} INFO - Starting attempt 1 of 1
[2024-04-02 20:40:58,594] {taskinstance.py:1358} INFO - 
--------------------------------------------------------------------------------
[2024-04-02 20:40:58,627] {taskinstance.py:1377} INFO - Executing <Task(_PythonDecoratedOperator): GOOG> on 2024-03-29 00:00:00+00:00
[2024-04-02 20:40:58,634] {standard_task_runner.py:52} INFO - Started process 28036 to run task
[2024-04-02 20:40:58,643] {standard_task_runner.py:79} INFO - Running: ['airflow', 'tasks', 'run', 'get_stocks_dag', 'GOOG', 'scheduled__2024-03-29T00:00:00+00:00', '--job-id', '707', '--raw', '--subdir', 'DAGS_FOLDER/get_stocks.py', '--cfg-path', '/tmp/tmparsunnl7', '--error-file', '/tmp/tmpa_kux5cu']
[2024-04-02 20:40:58,645] {standard_task_runner.py:80} INFO - Job 707: Subtask GOOG
[2024-04-02 20:40:58,806] {task_command.py:370} INFO - Running <TaskInstance: get_stocks_dag.GOOG scheduled__2024-03-29T00:00:00+00:00 [running]> on host alexmend-virtual-machine
[2024-04-02 20:40:59,066] {taskinstance.py:1569} INFO - Exporting the following env vars:
AIRFLOW_CTX_DAG_OWNER=airflow
AIRFLOW_CTX_DAG_ID=get_stocks_dag
AIRFLOW_CTX_TASK_ID=GOOG
AIRFLOW_CTX_EXECUTION_DATE=2024-03-29T00:00:00+00:00
AIRFLOW_CTX_TRY_NUMBER=1
AIRFLOW_CTX_DAG_RUN_ID=scheduled__2024-03-29T00:00:00+00:00
[2024-04-02 20:40:59,934] {python.py:173} INFO - Done. Returned value was: None
[2024-04-02 20:40:59,960] {taskinstance.py:1395} INFO - Marking task as SUCCESS. dag_id=get_stocks_dag, task_id=GOOG, execution_date=20240329T000000, start_date=20240402T234058, end_date=20240402T234059
[2024-04-02 20:41:00,005] {local_task_job.py:156} INFO - Task exited with return code 0
[2024-04-02 20:41:00,066] {local_task_job.py:273} INFO - 0 downstream tasks scheduled from follow-on schedule check
[2024-04-02 21:57:10,633] {taskinstance.py:1159} INFO - Dependencies all met for <TaskInstance: get_stocks_dag.GOOG scheduled__2024-03-29T00:00:00+00:00 [queued]>
[2024-04-02 21:57:10,656] {taskinstance.py:1159} INFO - Dependencies all met for <TaskInstance: get_stocks_dag.GOOG scheduled__2024-03-29T00:00:00+00:00 [queued]>
[2024-04-02 21:57:10,656] {taskinstance.py:1356} INFO - 
--------------------------------------------------------------------------------
[2024-04-02 21:57:10,657] {taskinstance.py:1357} INFO - Starting attempt 1 of 1
[2024-04-02 21:57:10,657] {taskinstance.py:1358} INFO - 
--------------------------------------------------------------------------------
[2024-04-02 21:57:10,686] {taskinstance.py:1377} INFO - Executing <Task(_PythonDecoratedOperator): GOOG> on 2024-03-29 00:00:00+00:00
[2024-04-02 21:57:10,700] {standard_task_runner.py:52} INFO - Started process 55717 to run task
[2024-04-02 21:57:10,720] {standard_task_runner.py:79} INFO - Running: ['airflow', 'tasks', 'run', 'get_stocks_dag', 'GOOG', 'scheduled__2024-03-29T00:00:00+00:00', '--job-id', '895', '--raw', '--subdir', 'DAGS_FOLDER/get_stocks.py', '--cfg-path', '/tmp/tmpnvripp_2', '--error-file', '/tmp/tmp9_l4lcfe']
[2024-04-02 21:57:10,734] {standard_task_runner.py:80} INFO - Job 895: Subtask GOOG
[2024-04-02 21:57:10,900] {task_command.py:370} INFO - Running <TaskInstance: get_stocks_dag.GOOG scheduled__2024-03-29T00:00:00+00:00 [running]> on host alexmend-virtual-machine
[2024-04-02 21:57:11,060] {taskinstance.py:1569} INFO - Exporting the following env vars:
AIRFLOW_CTX_DAG_OWNER=airflow
AIRFLOW_CTX_DAG_ID=get_stocks_dag
AIRFLOW_CTX_TASK_ID=GOOG
AIRFLOW_CTX_EXECUTION_DATE=2024-03-29T00:00:00+00:00
AIRFLOW_CTX_TRY_NUMBER=1
AIRFLOW_CTX_DAG_RUN_ID=scheduled__2024-03-29T00:00:00+00:00
[2024-04-02 21:57:21,761] {python.py:173} INFO - Done. Returned value was: None
[2024-04-02 21:57:21,796] {taskinstance.py:1395} INFO - Marking task as SUCCESS. dag_id=get_stocks_dag, task_id=GOOG, execution_date=20240329T000000, start_date=20240403T005710, end_date=20240403T005721
[2024-04-02 21:57:21,862] {local_task_job.py:156} INFO - Task exited with return code 0
[2024-04-02 21:57:21,933] {local_task_job.py:273} INFO - 0 downstream tasks scheduled from follow-on schedule check
[2024-04-02 23:19:05,236] {taskinstance.py:1159} INFO - Dependencies all met for <TaskInstance: get_stocks_dag.GOOG scheduled__2024-03-29T00:00:00+00:00 [queued]>
[2024-04-02 23:19:05,262] {taskinstance.py:1159} INFO - Dependencies all met for <TaskInstance: get_stocks_dag.GOOG scheduled__2024-03-29T00:00:00+00:00 [queued]>
[2024-04-02 23:19:05,270] {taskinstance.py:1356} INFO - 
--------------------------------------------------------------------------------
[2024-04-02 23:19:05,270] {taskinstance.py:1357} INFO - Starting attempt 1 of 1
[2024-04-02 23:19:05,271] {taskinstance.py:1358} INFO - 
--------------------------------------------------------------------------------
[2024-04-02 23:19:05,298] {taskinstance.py:1377} INFO - Executing <Task(_PythonDecoratedOperator): GOOG> on 2024-03-29 00:00:00+00:00
[2024-04-02 23:19:05,310] {standard_task_runner.py:52} INFO - Started process 86306 to run task
[2024-04-02 23:19:05,326] {standard_task_runner.py:79} INFO - Running: ['airflow', 'tasks', 'run', 'get_stocks_dag', 'GOOG', 'scheduled__2024-03-29T00:00:00+00:00', '--job-id', '1196', '--raw', '--subdir', 'DAGS_FOLDER/get_stocks.py', '--cfg-path', '/tmp/tmpur05onbf', '--error-file', '/tmp/tmptr5m5ys0']
[2024-04-02 23:19:05,329] {standard_task_runner.py:80} INFO - Job 1196: Subtask GOOG
[2024-04-02 23:19:05,553] {task_command.py:370} INFO - Running <TaskInstance: get_stocks_dag.GOOG scheduled__2024-03-29T00:00:00+00:00 [running]> on host alexmend-virtual-machine
[2024-04-02 23:19:05,750] {taskinstance.py:1569} INFO - Exporting the following env vars:
AIRFLOW_CTX_DAG_OWNER=airflow
AIRFLOW_CTX_DAG_ID=get_stocks_dag
AIRFLOW_CTX_TASK_ID=GOOG
AIRFLOW_CTX_EXECUTION_DATE=2024-03-29T00:00:00+00:00
AIRFLOW_CTX_TRY_NUMBER=1
AIRFLOW_CTX_DAG_RUN_ID=scheduled__2024-03-29T00:00:00+00:00
[2024-04-02 23:19:16,519] {python.py:173} INFO - Done. Returned value was: None
[2024-04-02 23:19:16,610] {taskinstance.py:1395} INFO - Marking task as SUCCESS. dag_id=get_stocks_dag, task_id=GOOG, execution_date=20240329T000000, start_date=20240403T021905, end_date=20240403T021916
[2024-04-02 23:19:16,684] {local_task_job.py:156} INFO - Task exited with return code 0
[2024-04-02 23:19:16,834] {local_task_job.py:273} INFO - 0 downstream tasks scheduled from follow-on schedule check
