[2024-04-02 13:12:19,790] {taskinstance.py:1159} INFO - Dependencies all met for <TaskInstance: get_stocks_dag.MSFT scheduled__2024-03-20T00:00:00+00:00 [queued]>
[2024-04-02 13:12:19,796] {taskinstance.py:1159} INFO - Dependencies all met for <TaskInstance: get_stocks_dag.MSFT scheduled__2024-03-20T00:00:00+00:00 [queued]>
[2024-04-02 13:12:19,797] {taskinstance.py:1356} INFO - 
--------------------------------------------------------------------------------
[2024-04-02 13:12:19,797] {taskinstance.py:1357} INFO - Starting attempt 1 of 1
[2024-04-02 13:12:19,797] {taskinstance.py:1358} INFO - 
--------------------------------------------------------------------------------
[2024-04-02 13:12:19,812] {taskinstance.py:1377} INFO - Executing <Task(_PythonDecoratedOperator): MSFT> on 2024-03-20 00:00:00+00:00
[2024-04-02 13:12:19,819] {standard_task_runner.py:52} INFO - Started process 13199 to run task
[2024-04-02 13:12:19,825] {standard_task_runner.py:79} INFO - Running: ['airflow', 'tasks', 'run', 'get_stocks_dag', 'MSFT', 'scheduled__2024-03-20T00:00:00+00:00', '--job-id', '232', '--raw', '--subdir', 'DAGS_FOLDER/get_stocks.py', '--cfg-path', '/tmp/tmp4i2y65_f', '--error-file', '/tmp/tmp6kjf97d8']
[2024-04-02 13:12:19,827] {standard_task_runner.py:80} INFO - Job 232: Subtask MSFT
[2024-04-02 13:12:19,893] {task_command.py:370} INFO - Running <TaskInstance: get_stocks_dag.MSFT scheduled__2024-03-20T00:00:00+00:00 [running]> on host alexmend-virtual-machine
[2024-04-02 13:12:19,963] {taskinstance.py:1569} INFO - Exporting the following env vars:
AIRFLOW_CTX_DAG_OWNER=airflow
AIRFLOW_CTX_DAG_ID=get_stocks_dag
AIRFLOW_CTX_TASK_ID=MSFT
AIRFLOW_CTX_EXECUTION_DATE=2024-03-20T00:00:00+00:00
AIRFLOW_CTX_TRY_NUMBER=1
AIRFLOW_CTX_DAG_RUN_ID=scheduled__2024-03-20T00:00:00+00:00
[2024-04-02 13:12:20,612] {python.py:173} INFO - Done. Returned value was: None
[2024-04-02 13:12:20,622] {taskinstance.py:1395} INFO - Marking task as SUCCESS. dag_id=get_stocks_dag, task_id=MSFT, execution_date=20240320T000000, start_date=20240402T161219, end_date=20240402T161220
[2024-04-02 13:12:20,681] {local_task_job.py:156} INFO - Task exited with return code 0
[2024-04-02 13:12:20,703] {local_task_job.py:273} INFO - 0 downstream tasks scheduled from follow-on schedule check
[2024-04-02 17:19:55,392] {taskinstance.py:1159} INFO - Dependencies all met for <TaskInstance: get_stocks_dag.MSFT scheduled__2024-03-20T00:00:00+00:00 [queued]>
[2024-04-02 17:19:55,456] {taskinstance.py:1159} INFO - Dependencies all met for <TaskInstance: get_stocks_dag.MSFT scheduled__2024-03-20T00:00:00+00:00 [queued]>
[2024-04-02 17:19:55,456] {taskinstance.py:1356} INFO - 
--------------------------------------------------------------------------------
[2024-04-02 17:19:55,456] {taskinstance.py:1357} INFO - Starting attempt 1 of 1
[2024-04-02 17:19:55,456] {taskinstance.py:1358} INFO - 
--------------------------------------------------------------------------------
[2024-04-02 17:19:55,694] {taskinstance.py:1377} INFO - Executing <Task(_PythonDecoratedOperator): MSFT> on 2024-03-20 00:00:00+00:00
[2024-04-02 17:19:55,808] {standard_task_runner.py:52} INFO - Started process 9006 to run task
[2024-04-02 17:19:55,937] {standard_task_runner.py:79} INFO - Running: ['airflow', 'tasks', 'run', 'get_stocks_dag', 'MSFT', 'scheduled__2024-03-20T00:00:00+00:00', '--job-id', '213', '--raw', '--subdir', 'DAGS_FOLDER/get_stocks.py', '--cfg-path', '/tmp/tmpftokbw63', '--error-file', '/tmp/tmpid7sonf2']
[2024-04-02 17:19:55,939] {standard_task_runner.py:80} INFO - Job 213: Subtask MSFT
[2024-04-02 17:19:56,895] {task_command.py:370} INFO - Running <TaskInstance: get_stocks_dag.MSFT scheduled__2024-03-20T00:00:00+00:00 [running]> on host alexmend-virtual-machine
[2024-04-02 17:19:57,664] {taskinstance.py:1569} INFO - Exporting the following env vars:
AIRFLOW_CTX_DAG_OWNER=airflow
AIRFLOW_CTX_DAG_ID=get_stocks_dag
AIRFLOW_CTX_TASK_ID=MSFT
AIRFLOW_CTX_EXECUTION_DATE=2024-03-20T00:00:00+00:00
AIRFLOW_CTX_TRY_NUMBER=1
AIRFLOW_CTX_DAG_RUN_ID=scheduled__2024-03-20T00:00:00+00:00
[2024-04-02 17:19:59,457] {python.py:173} INFO - Done. Returned value was: None
[2024-04-02 17:19:59,807] {taskinstance.py:1395} INFO - Marking task as SUCCESS. dag_id=get_stocks_dag, task_id=MSFT, execution_date=20240320T000000, start_date=20240402T201955, end_date=20240402T201959
[2024-04-02 17:19:59,921] {local_task_job.py:156} INFO - Task exited with return code 0
[2024-04-02 17:20:00,193] {local_task_job.py:273} INFO - 0 downstream tasks scheduled from follow-on schedule check
[2024-04-02 17:47:20,444] {taskinstance.py:1159} INFO - Dependencies all met for <TaskInstance: get_stocks_dag.MSFT scheduled__2024-03-20T00:00:00+00:00 [queued]>
[2024-04-02 17:47:20,468] {taskinstance.py:1159} INFO - Dependencies all met for <TaskInstance: get_stocks_dag.MSFT scheduled__2024-03-20T00:00:00+00:00 [queued]>
[2024-04-02 17:47:20,468] {taskinstance.py:1356} INFO - 
--------------------------------------------------------------------------------
[2024-04-02 17:47:20,468] {taskinstance.py:1357} INFO - Starting attempt 1 of 1
[2024-04-02 17:47:20,469] {taskinstance.py:1358} INFO - 
--------------------------------------------------------------------------------
[2024-04-02 17:47:20,507] {taskinstance.py:1377} INFO - Executing <Task(_PythonDecoratedOperator): MSFT> on 2024-03-20 00:00:00+00:00
[2024-04-02 17:47:20,516] {standard_task_runner.py:52} INFO - Started process 24449 to run task
[2024-04-02 17:47:20,544] {standard_task_runner.py:79} INFO - Running: ['airflow', 'tasks', 'run', 'get_stocks_dag', 'MSFT', 'scheduled__2024-03-20T00:00:00+00:00', '--job-id', '477', '--raw', '--subdir', 'DAGS_FOLDER/get_stocks.py', '--cfg-path', '/tmp/tmph9okbv_b', '--error-file', '/tmp/tmp27upw6ny']
[2024-04-02 17:47:20,546] {standard_task_runner.py:80} INFO - Job 477: Subtask MSFT
[2024-04-02 17:47:20,773] {task_command.py:370} INFO - Running <TaskInstance: get_stocks_dag.MSFT scheduled__2024-03-20T00:00:00+00:00 [running]> on host alexmend-virtual-machine
[2024-04-02 17:47:20,989] {taskinstance.py:1569} INFO - Exporting the following env vars:
AIRFLOW_CTX_DAG_OWNER=airflow
AIRFLOW_CTX_DAG_ID=get_stocks_dag
AIRFLOW_CTX_TASK_ID=MSFT
AIRFLOW_CTX_EXECUTION_DATE=2024-03-20T00:00:00+00:00
AIRFLOW_CTX_TRY_NUMBER=1
AIRFLOW_CTX_DAG_RUN_ID=scheduled__2024-03-20T00:00:00+00:00
[2024-04-02 17:47:22,167] {python.py:173} INFO - Done. Returned value was: None
[2024-04-02 17:47:22,198] {taskinstance.py:1395} INFO - Marking task as SUCCESS. dag_id=get_stocks_dag, task_id=MSFT, execution_date=20240320T000000, start_date=20240402T204720, end_date=20240402T204722
[2024-04-02 17:47:22,264] {local_task_job.py:156} INFO - Task exited with return code 0
[2024-04-02 17:47:22,358] {local_task_job.py:273} INFO - 0 downstream tasks scheduled from follow-on schedule check
[2024-04-02 19:16:01,001] {taskinstance.py:1159} INFO - Dependencies all met for <TaskInstance: get_stocks_dag.MSFT scheduled__2024-03-20T00:00:00+00:00 [queued]>
[2024-04-02 19:16:01,035] {taskinstance.py:1159} INFO - Dependencies all met for <TaskInstance: get_stocks_dag.MSFT scheduled__2024-03-20T00:00:00+00:00 [queued]>
[2024-04-02 19:16:01,038] {taskinstance.py:1356} INFO - 
--------------------------------------------------------------------------------
[2024-04-02 19:16:01,039] {taskinstance.py:1357} INFO - Starting attempt 1 of 1
[2024-04-02 19:16:01,040] {taskinstance.py:1358} INFO - 
--------------------------------------------------------------------------------
[2024-04-02 19:16:01,065] {taskinstance.py:1377} INFO - Executing <Task(_PythonDecoratedOperator): MSFT> on 2024-03-20 00:00:00+00:00
[2024-04-02 19:16:01,077] {standard_task_runner.py:52} INFO - Started process 15472 to run task
[2024-04-02 19:16:01,091] {standard_task_runner.py:79} INFO - Running: ['airflow', 'tasks', 'run', 'get_stocks_dag', 'MSFT', 'scheduled__2024-03-20T00:00:00+00:00', '--job-id', '576', '--raw', '--subdir', 'DAGS_FOLDER/get_stocks.py', '--cfg-path', '/tmp/tmprz1gskzv', '--error-file', '/tmp/tmpcz01im8k']
[2024-04-02 19:16:01,095] {standard_task_runner.py:80} INFO - Job 576: Subtask MSFT
[2024-04-02 19:16:01,227] {task_command.py:370} INFO - Running <TaskInstance: get_stocks_dag.MSFT scheduled__2024-03-20T00:00:00+00:00 [running]> on host alexmend-virtual-machine
[2024-04-02 19:16:01,343] {taskinstance.py:1569} INFO - Exporting the following env vars:
AIRFLOW_CTX_DAG_OWNER=airflow
AIRFLOW_CTX_DAG_ID=get_stocks_dag
AIRFLOW_CTX_TASK_ID=MSFT
AIRFLOW_CTX_EXECUTION_DATE=2024-03-20T00:00:00+00:00
AIRFLOW_CTX_TRY_NUMBER=1
AIRFLOW_CTX_DAG_RUN_ID=scheduled__2024-03-20T00:00:00+00:00
[2024-04-02 19:16:02,220] {python.py:173} INFO - Done. Returned value was: None
[2024-04-02 19:16:02,253] {taskinstance.py:1395} INFO - Marking task as SUCCESS. dag_id=get_stocks_dag, task_id=MSFT, execution_date=20240320T000000, start_date=20240402T221601, end_date=20240402T221602
[2024-04-02 19:16:02,307] {local_task_job.py:156} INFO - Task exited with return code 0
[2024-04-02 19:16:02,369] {local_task_job.py:273} INFO - 0 downstream tasks scheduled from follow-on schedule check
[2024-04-02 20:40:06,263] {taskinstance.py:1159} INFO - Dependencies all met for <TaskInstance: get_stocks_dag.MSFT scheduled__2024-03-20T00:00:00+00:00 [queued]>
[2024-04-02 20:40:06,306] {taskinstance.py:1159} INFO - Dependencies all met for <TaskInstance: get_stocks_dag.MSFT scheduled__2024-03-20T00:00:00+00:00 [queued]>
[2024-04-02 20:40:06,306] {taskinstance.py:1356} INFO - 
--------------------------------------------------------------------------------
[2024-04-02 20:40:06,306] {taskinstance.py:1357} INFO - Starting attempt 1 of 1
[2024-04-02 20:40:06,306] {taskinstance.py:1358} INFO - 
--------------------------------------------------------------------------------
[2024-04-02 20:40:06,329] {taskinstance.py:1377} INFO - Executing <Task(_PythonDecoratedOperator): MSFT> on 2024-03-20 00:00:00+00:00
[2024-04-02 20:40:06,346] {standard_task_runner.py:52} INFO - Started process 27010 to run task
[2024-04-02 20:40:06,354] {standard_task_runner.py:79} INFO - Running: ['airflow', 'tasks', 'run', 'get_stocks_dag', 'MSFT', 'scheduled__2024-03-20T00:00:00+00:00', '--job-id', '678', '--raw', '--subdir', 'DAGS_FOLDER/get_stocks.py', '--cfg-path', '/tmp/tmp7ld3atek', '--error-file', '/tmp/tmpwsvp193s']
[2024-04-02 20:40:06,356] {standard_task_runner.py:80} INFO - Job 678: Subtask MSFT
[2024-04-02 20:40:06,520] {task_command.py:370} INFO - Running <TaskInstance: get_stocks_dag.MSFT scheduled__2024-03-20T00:00:00+00:00 [running]> on host alexmend-virtual-machine
[2024-04-02 20:40:06,650] {taskinstance.py:1569} INFO - Exporting the following env vars:
AIRFLOW_CTX_DAG_OWNER=airflow
AIRFLOW_CTX_DAG_ID=get_stocks_dag
AIRFLOW_CTX_TASK_ID=MSFT
AIRFLOW_CTX_EXECUTION_DATE=2024-03-20T00:00:00+00:00
AIRFLOW_CTX_TRY_NUMBER=1
AIRFLOW_CTX_DAG_RUN_ID=scheduled__2024-03-20T00:00:00+00:00
[2024-04-02 20:40:07,598] {python.py:173} INFO - Done. Returned value was: None
[2024-04-02 20:40:07,625] {taskinstance.py:1395} INFO - Marking task as SUCCESS. dag_id=get_stocks_dag, task_id=MSFT, execution_date=20240320T000000, start_date=20240402T234006, end_date=20240402T234007
[2024-04-02 20:40:07,665] {local_task_job.py:156} INFO - Task exited with return code 0
[2024-04-02 20:40:07,721] {local_task_job.py:273} INFO - 0 downstream tasks scheduled from follow-on schedule check
[2024-04-02 21:51:59,402] {taskinstance.py:1159} INFO - Dependencies all met for <TaskInstance: get_stocks_dag.MSFT scheduled__2024-03-20T00:00:00+00:00 [queued]>
[2024-04-02 21:51:59,421] {taskinstance.py:1159} INFO - Dependencies all met for <TaskInstance: get_stocks_dag.MSFT scheduled__2024-03-20T00:00:00+00:00 [queued]>
[2024-04-02 21:51:59,421] {taskinstance.py:1356} INFO - 
--------------------------------------------------------------------------------
[2024-04-02 21:51:59,421] {taskinstance.py:1357} INFO - Starting attempt 1 of 1
[2024-04-02 21:51:59,421] {taskinstance.py:1358} INFO - 
--------------------------------------------------------------------------------
[2024-04-02 21:51:59,454] {taskinstance.py:1377} INFO - Executing <Task(_PythonDecoratedOperator): MSFT> on 2024-03-20 00:00:00+00:00
[2024-04-02 21:51:59,466] {standard_task_runner.py:52} INFO - Started process 52425 to run task
[2024-04-02 21:51:59,482] {standard_task_runner.py:79} INFO - Running: ['airflow', 'tasks', 'run', 'get_stocks_dag', 'MSFT', 'scheduled__2024-03-20T00:00:00+00:00', '--job-id', '837', '--raw', '--subdir', 'DAGS_FOLDER/get_stocks.py', '--cfg-path', '/tmp/tmphln6cg73', '--error-file', '/tmp/tmpa_7_pj63']
[2024-04-02 21:51:59,485] {standard_task_runner.py:80} INFO - Job 837: Subtask MSFT
[2024-04-02 21:51:59,657] {task_command.py:370} INFO - Running <TaskInstance: get_stocks_dag.MSFT scheduled__2024-03-20T00:00:00+00:00 [running]> on host alexmend-virtual-machine
[2024-04-02 21:51:59,906] {taskinstance.py:1569} INFO - Exporting the following env vars:
AIRFLOW_CTX_DAG_OWNER=airflow
AIRFLOW_CTX_DAG_ID=get_stocks_dag
AIRFLOW_CTX_TASK_ID=MSFT
AIRFLOW_CTX_EXECUTION_DATE=2024-03-20T00:00:00+00:00
AIRFLOW_CTX_TRY_NUMBER=1
AIRFLOW_CTX_DAG_RUN_ID=scheduled__2024-03-20T00:00:00+00:00
[2024-04-02 21:52:10,830] {python.py:173} INFO - Done. Returned value was: None
[2024-04-02 21:52:10,931] {taskinstance.py:1395} INFO - Marking task as SUCCESS. dag_id=get_stocks_dag, task_id=MSFT, execution_date=20240320T000000, start_date=20240403T005159, end_date=20240403T005210
[2024-04-02 21:52:11,047] {local_task_job.py:156} INFO - Task exited with return code 0
[2024-04-02 21:52:11,194] {local_task_job.py:273} INFO - 0 downstream tasks scheduled from follow-on schedule check
[2024-04-02 23:08:40,619] {taskinstance.py:1159} INFO - Dependencies all met for <TaskInstance: get_stocks_dag.MSFT scheduled__2024-03-20T00:00:00+00:00 [queued]>
[2024-04-02 23:08:40,661] {taskinstance.py:1159} INFO - Dependencies all met for <TaskInstance: get_stocks_dag.MSFT scheduled__2024-03-20T00:00:00+00:00 [queued]>
[2024-04-02 23:08:40,661] {taskinstance.py:1356} INFO - 
--------------------------------------------------------------------------------
[2024-04-02 23:08:40,662] {taskinstance.py:1357} INFO - Starting attempt 1 of 1
[2024-04-02 23:08:40,662] {taskinstance.py:1358} INFO - 
--------------------------------------------------------------------------------
[2024-04-02 23:08:40,693] {taskinstance.py:1377} INFO - Executing <Task(_PythonDecoratedOperator): MSFT> on 2024-03-20 00:00:00+00:00
[2024-04-02 23:08:40,704] {standard_task_runner.py:52} INFO - Started process 80673 to run task
[2024-04-02 23:08:40,715] {standard_task_runner.py:79} INFO - Running: ['airflow', 'tasks', 'run', 'get_stocks_dag', 'MSFT', 'scheduled__2024-03-20T00:00:00+00:00', '--job-id', '1124', '--raw', '--subdir', 'DAGS_FOLDER/get_stocks.py', '--cfg-path', '/tmp/tmp3alp_idt', '--error-file', '/tmp/tmpinhzhrds']
[2024-04-02 23:08:40,717] {standard_task_runner.py:80} INFO - Job 1124: Subtask MSFT
[2024-04-02 23:08:40,912] {task_command.py:370} INFO - Running <TaskInstance: get_stocks_dag.MSFT scheduled__2024-03-20T00:00:00+00:00 [running]> on host alexmend-virtual-machine
[2024-04-02 23:08:41,216] {taskinstance.py:1569} INFO - Exporting the following env vars:
AIRFLOW_CTX_DAG_OWNER=airflow
AIRFLOW_CTX_DAG_ID=get_stocks_dag
AIRFLOW_CTX_TASK_ID=MSFT
AIRFLOW_CTX_EXECUTION_DATE=2024-03-20T00:00:00+00:00
AIRFLOW_CTX_TRY_NUMBER=1
AIRFLOW_CTX_DAG_RUN_ID=scheduled__2024-03-20T00:00:00+00:00
[2024-04-02 23:08:51,939] {python.py:173} INFO - Done. Returned value was: None
[2024-04-02 23:08:51,998] {taskinstance.py:1395} INFO - Marking task as SUCCESS. dag_id=get_stocks_dag, task_id=MSFT, execution_date=20240320T000000, start_date=20240403T020840, end_date=20240403T020851
[2024-04-02 23:08:52,068] {local_task_job.py:156} INFO - Task exited with return code 0
[2024-04-02 23:08:52,155] {local_task_job.py:273} INFO - 0 downstream tasks scheduled from follow-on schedule check
