[2024-04-02 22:00:10,467] {taskinstance.py:1159} INFO - Dependencies all met for <TaskInstance: get_crypto_dag.ETH scheduled__2024-03-23T00:00:00+00:00 [queued]>
[2024-04-02 22:00:10,484] {taskinstance.py:1159} INFO - Dependencies all met for <TaskInstance: get_crypto_dag.ETH scheduled__2024-03-23T00:00:00+00:00 [queued]>
[2024-04-02 22:00:10,484] {taskinstance.py:1356} INFO - 
--------------------------------------------------------------------------------
[2024-04-02 22:00:10,484] {taskinstance.py:1357} INFO - Starting attempt 1 of 1
[2024-04-02 22:00:10,485] {taskinstance.py:1358} INFO - 
--------------------------------------------------------------------------------
[2024-04-02 22:00:10,516] {taskinstance.py:1377} INFO - Executing <Task(_PythonDecoratedOperator): ETH> on 2024-03-23 00:00:00+00:00
[2024-04-02 22:00:10,525] {standard_task_runner.py:52} INFO - Started process 57855 to run task
[2024-04-02 22:00:10,535] {standard_task_runner.py:79} INFO - Running: ['airflow', 'tasks', 'run', 'get_crypto_dag', 'ETH', 'scheduled__2024-03-23T00:00:00+00:00', '--job-id', '926', '--raw', '--subdir', 'DAGS_FOLDER/get_crypto.py', '--cfg-path', '/tmp/tmplrua0j4l', '--error-file', '/tmp/tmp4c98rhvs']
[2024-04-02 22:00:10,537] {standard_task_runner.py:80} INFO - Job 926: Subtask ETH
[2024-04-02 22:00:10,699] {task_command.py:370} INFO - Running <TaskInstance: get_crypto_dag.ETH scheduled__2024-03-23T00:00:00+00:00 [running]> on host alexmend-virtual-machine
[2024-04-02 22:00:10,883] {taskinstance.py:1569} INFO - Exporting the following env vars:
AIRFLOW_CTX_DAG_OWNER=airflow
AIRFLOW_CTX_DAG_ID=get_crypto_dag
AIRFLOW_CTX_TASK_ID=ETH
AIRFLOW_CTX_EXECUTION_DATE=2024-03-23T00:00:00+00:00
AIRFLOW_CTX_TRY_NUMBER=1
AIRFLOW_CTX_DAG_RUN_ID=scheduled__2024-03-23T00:00:00+00:00
[2024-04-02 22:00:14,756] {history.py:90} ERROR - ETH: No timezone found, symbol may be delisted
[2024-04-02 22:00:24,783] {python.py:173} INFO - Done. Returned value was: None
[2024-04-02 22:00:24,829] {taskinstance.py:1395} INFO - Marking task as SUCCESS. dag_id=get_crypto_dag, task_id=ETH, execution_date=20240323T000000, start_date=20240403T010010, end_date=20240403T010024
[2024-04-02 22:00:24,875] {local_task_job.py:156} INFO - Task exited with return code 0
[2024-04-02 22:00:24,926] {local_task_job.py:273} INFO - 0 downstream tasks scheduled from follow-on schedule check
[2024-04-02 23:12:14,253] {taskinstance.py:1159} INFO - Dependencies all met for <TaskInstance: get_crypto_dag.ETH scheduled__2024-03-23T00:00:00+00:00 [queued]>
[2024-04-02 23:12:14,284] {taskinstance.py:1159} INFO - Dependencies all met for <TaskInstance: get_crypto_dag.ETH scheduled__2024-03-23T00:00:00+00:00 [queued]>
[2024-04-02 23:12:14,285] {taskinstance.py:1356} INFO - 
--------------------------------------------------------------------------------
[2024-04-02 23:12:14,285] {taskinstance.py:1357} INFO - Starting attempt 1 of 1
[2024-04-02 23:12:14,285] {taskinstance.py:1358} INFO - 
--------------------------------------------------------------------------------
[2024-04-02 23:12:14,314] {taskinstance.py:1377} INFO - Executing <Task(_PythonDecoratedOperator): ETH> on 2024-03-23 00:00:00+00:00
[2024-04-02 23:12:14,326] {standard_task_runner.py:52} INFO - Started process 82702 to run task
[2024-04-02 23:12:14,345] {standard_task_runner.py:79} INFO - Running: ['airflow', 'tasks', 'run', 'get_crypto_dag', 'ETH', 'scheduled__2024-03-23T00:00:00+00:00', '--job-id', '1151', '--raw', '--subdir', 'DAGS_FOLDER/get_crypto.py', '--cfg-path', '/tmp/tmp9jwn69vb', '--error-file', '/tmp/tmpkx0mlaw1']
[2024-04-02 23:12:14,348] {standard_task_runner.py:80} INFO - Job 1151: Subtask ETH
[2024-04-02 23:12:14,584] {task_command.py:370} INFO - Running <TaskInstance: get_crypto_dag.ETH scheduled__2024-03-23T00:00:00+00:00 [running]> on host alexmend-virtual-machine
[2024-04-02 23:12:14,756] {taskinstance.py:1569} INFO - Exporting the following env vars:
AIRFLOW_CTX_DAG_OWNER=airflow
AIRFLOW_CTX_DAG_ID=get_crypto_dag
AIRFLOW_CTX_TASK_ID=ETH
AIRFLOW_CTX_EXECUTION_DATE=2024-03-23T00:00:00+00:00
AIRFLOW_CTX_TRY_NUMBER=1
AIRFLOW_CTX_DAG_RUN_ID=scheduled__2024-03-23T00:00:00+00:00
[2024-04-02 23:12:18,489] {history.py:90} ERROR - ETH: No timezone found, symbol may be delisted
[2024-04-02 23:12:28,519] {python.py:173} INFO - Done. Returned value was: None
[2024-04-02 23:12:28,751] {taskinstance.py:1395} INFO - Marking task as SUCCESS. dag_id=get_crypto_dag, task_id=ETH, execution_date=20240323T000000, start_date=20240403T021214, end_date=20240403T021228
[2024-04-02 23:12:28,812] {local_task_job.py:156} INFO - Task exited with return code 0
[2024-04-02 23:12:28,911] {local_task_job.py:273} INFO - 0 downstream tasks scheduled from follow-on schedule check
