[2024-04-02 21:44:28,794] {taskinstance.py:1159} INFO - Dependencies all met for <TaskInstance: get_crypto_dag.DOGE scheduled__2024-02-27T00:00:00+00:00 [queued]>
[2024-04-02 21:44:28,815] {taskinstance.py:1159} INFO - Dependencies all met for <TaskInstance: get_crypto_dag.DOGE scheduled__2024-02-27T00:00:00+00:00 [queued]>
[2024-04-02 21:44:28,817] {taskinstance.py:1356} INFO - 
--------------------------------------------------------------------------------
[2024-04-02 21:44:28,818] {taskinstance.py:1357} INFO - Starting attempt 1 of 1
[2024-04-02 21:44:28,818] {taskinstance.py:1358} INFO - 
--------------------------------------------------------------------------------
[2024-04-02 21:44:28,842] {taskinstance.py:1377} INFO - Executing <Task(_PythonDecoratedOperator): DOGE> on 2024-02-27 00:00:00+00:00
[2024-04-02 21:44:28,858] {standard_task_runner.py:52} INFO - Started process 46625 to run task
[2024-04-02 21:44:28,868] {standard_task_runner.py:79} INFO - Running: ['airflow', 'tasks', 'run', 'get_crypto_dag', 'DOGE', 'scheduled__2024-02-27T00:00:00+00:00', '--job-id', '733', '--raw', '--subdir', 'DAGS_FOLDER/get_crypto.py', '--cfg-path', '/tmp/tmp43xfkhkx', '--error-file', '/tmp/tmp3rcg50gu']
[2024-04-02 21:44:28,870] {standard_task_runner.py:80} INFO - Job 733: Subtask DOGE
[2024-04-02 21:44:29,011] {task_command.py:370} INFO - Running <TaskInstance: get_crypto_dag.DOGE scheduled__2024-02-27T00:00:00+00:00 [running]> on host alexmend-virtual-machine
[2024-04-02 21:44:29,168] {taskinstance.py:1569} INFO - Exporting the following env vars:
AIRFLOW_CTX_DAG_OWNER=airflow
AIRFLOW_CTX_DAG_ID=get_crypto_dag
AIRFLOW_CTX_TASK_ID=DOGE
AIRFLOW_CTX_EXECUTION_DATE=2024-02-27T00:00:00+00:00
AIRFLOW_CTX_TRY_NUMBER=1
AIRFLOW_CTX_DAG_RUN_ID=scheduled__2024-02-27T00:00:00+00:00
[2024-04-02 21:44:32,755] {history.py:90} ERROR - DOGE: No timezone found, symbol may be delisted
[2024-04-02 21:44:42,778] {python.py:173} INFO - Done. Returned value was: None
[2024-04-02 21:44:42,821] {taskinstance.py:1395} INFO - Marking task as SUCCESS. dag_id=get_crypto_dag, task_id=DOGE, execution_date=20240227T000000, start_date=20240403T004428, end_date=20240403T004442
[2024-04-02 21:44:42,881] {local_task_job.py:156} INFO - Task exited with return code 0
[2024-04-02 21:44:42,943] {local_task_job.py:273} INFO - 0 downstream tasks scheduled from follow-on schedule check
[2024-04-02 22:47:05,669] {taskinstance.py:1159} INFO - Dependencies all met for <TaskInstance: get_crypto_dag.DOGE scheduled__2024-02-27T00:00:00+00:00 [queued]>
[2024-04-02 22:47:05,710] {taskinstance.py:1159} INFO - Dependencies all met for <TaskInstance: get_crypto_dag.DOGE scheduled__2024-02-27T00:00:00+00:00 [queued]>
[2024-04-02 22:47:05,712] {taskinstance.py:1356} INFO - 
--------------------------------------------------------------------------------
[2024-04-02 22:47:05,712] {taskinstance.py:1357} INFO - Starting attempt 1 of 1
[2024-04-02 22:47:05,713] {taskinstance.py:1358} INFO - 
--------------------------------------------------------------------------------
[2024-04-02 22:47:05,752] {taskinstance.py:1377} INFO - Executing <Task(_PythonDecoratedOperator): DOGE> on 2024-02-27 00:00:00+00:00
[2024-04-02 22:47:05,765] {standard_task_runner.py:52} INFO - Started process 69279 to run task
[2024-04-02 22:47:05,799] {standard_task_runner.py:79} INFO - Running: ['airflow', 'tasks', 'run', 'get_crypto_dag', 'DOGE', 'scheduled__2024-02-27T00:00:00+00:00', '--job-id', '975', '--raw', '--subdir', 'DAGS_FOLDER/get_crypto.py', '--cfg-path', '/tmp/tmpfkh6ihm5', '--error-file', '/tmp/tmp_oqafd9o']
[2024-04-02 22:47:05,803] {standard_task_runner.py:80} INFO - Job 975: Subtask DOGE
[2024-04-02 22:47:06,034] {task_command.py:370} INFO - Running <TaskInstance: get_crypto_dag.DOGE scheduled__2024-02-27T00:00:00+00:00 [running]> on host alexmend-virtual-machine
[2024-04-02 22:47:06,337] {taskinstance.py:1569} INFO - Exporting the following env vars:
AIRFLOW_CTX_DAG_OWNER=airflow
AIRFLOW_CTX_DAG_ID=get_crypto_dag
AIRFLOW_CTX_TASK_ID=DOGE
AIRFLOW_CTX_EXECUTION_DATE=2024-02-27T00:00:00+00:00
AIRFLOW_CTX_TRY_NUMBER=1
AIRFLOW_CTX_DAG_RUN_ID=scheduled__2024-02-27T00:00:00+00:00
[2024-04-02 22:47:10,218] {history.py:90} ERROR - DOGE: No timezone found, symbol may be delisted
[2024-04-02 22:47:20,245] {python.py:173} INFO - Done. Returned value was: None
[2024-04-02 22:47:20,376] {taskinstance.py:1395} INFO - Marking task as SUCCESS. dag_id=get_crypto_dag, task_id=DOGE, execution_date=20240227T000000, start_date=20240403T014705, end_date=20240403T014720
[2024-04-02 22:47:20,543] {local_task_job.py:156} INFO - Task exited with return code 0
[2024-04-02 22:47:20,653] {local_task_job.py:273} INFO - 0 downstream tasks scheduled from follow-on schedule check
