[2024-04-02 13:14:24,888] {taskinstance.py:1159} INFO - Dependencies all met for <TaskInstance: get_stocks_dag.MSFT scheduled__2024-03-30T00:00:00+00:00 [queued]>
[2024-04-02 13:14:24,898] {taskinstance.py:1159} INFO - Dependencies all met for <TaskInstance: get_stocks_dag.MSFT scheduled__2024-03-30T00:00:00+00:00 [queued]>
[2024-04-02 13:14:24,898] {taskinstance.py:1356} INFO - 
--------------------------------------------------------------------------------
[2024-04-02 13:14:24,898] {taskinstance.py:1357} INFO - Starting attempt 1 of 1
[2024-04-02 13:14:24,898] {taskinstance.py:1358} INFO - 
--------------------------------------------------------------------------------
[2024-04-02 13:14:24,919] {taskinstance.py:1377} INFO - Executing <Task(_PythonDecoratedOperator): MSFT> on 2024-03-30 00:00:00+00:00
[2024-04-02 13:14:24,924] {standard_task_runner.py:52} INFO - Started process 13950 to run task
[2024-04-02 13:14:24,931] {standard_task_runner.py:79} INFO - Running: ['airflow', 'tasks', 'run', 'get_stocks_dag', 'MSFT', 'scheduled__2024-03-30T00:00:00+00:00', '--job-id', '264', '--raw', '--subdir', 'DAGS_FOLDER/get_stocks.py', '--cfg-path', '/tmp/tmpsl0sivfq', '--error-file', '/tmp/tmpjppolrwo']
[2024-04-02 13:14:24,932] {standard_task_runner.py:80} INFO - Job 264: Subtask MSFT
[2024-04-02 13:14:24,993] {task_command.py:370} INFO - Running <TaskInstance: get_stocks_dag.MSFT scheduled__2024-03-30T00:00:00+00:00 [running]> on host alexmend-virtual-machine
[2024-04-02 13:14:25,069] {taskinstance.py:1569} INFO - Exporting the following env vars:
AIRFLOW_CTX_DAG_OWNER=airflow
AIRFLOW_CTX_DAG_ID=get_stocks_dag
AIRFLOW_CTX_TASK_ID=MSFT
AIRFLOW_CTX_EXECUTION_DATE=2024-03-30T00:00:00+00:00
AIRFLOW_CTX_TRY_NUMBER=1
AIRFLOW_CTX_DAG_RUN_ID=scheduled__2024-03-30T00:00:00+00:00
[2024-04-02 13:14:25,718] {history.py:222} ERROR - MSFT: No price data found, symbol may be delisted (1h 2024-03-29 -> 2024-03-30)
[2024-04-02 13:14:25,730] {python.py:173} INFO - Done. Returned value was: None
[2024-04-02 13:14:25,754] {taskinstance.py:1395} INFO - Marking task as SUCCESS. dag_id=get_stocks_dag, task_id=MSFT, execution_date=20240330T000000, start_date=20240402T161424, end_date=20240402T161425
[2024-04-02 13:14:25,793] {local_task_job.py:156} INFO - Task exited with return code 0
[2024-04-02 13:14:25,825] {local_task_job.py:273} INFO - 0 downstream tasks scheduled from follow-on schedule check
[2024-04-02 17:20:22,518] {taskinstance.py:1159} INFO - Dependencies all met for <TaskInstance: get_stocks_dag.MSFT scheduled__2024-03-30T00:00:00+00:00 [queued]>
[2024-04-02 17:20:22,547] {taskinstance.py:1159} INFO - Dependencies all met for <TaskInstance: get_stocks_dag.MSFT scheduled__2024-03-30T00:00:00+00:00 [queued]>
[2024-04-02 17:20:22,547] {taskinstance.py:1356} INFO - 
--------------------------------------------------------------------------------
[2024-04-02 17:20:22,547] {taskinstance.py:1357} INFO - Starting attempt 1 of 1
[2024-04-02 17:20:22,547] {taskinstance.py:1358} INFO - 
--------------------------------------------------------------------------------
[2024-04-02 17:20:22,598] {taskinstance.py:1377} INFO - Executing <Task(_PythonDecoratedOperator): MSFT> on 2024-03-30 00:00:00+00:00
[2024-04-02 17:20:22,609] {standard_task_runner.py:52} INFO - Started process 9809 to run task
[2024-04-02 17:20:22,626] {standard_task_runner.py:79} INFO - Running: ['airflow', 'tasks', 'run', 'get_stocks_dag', 'MSFT', 'scheduled__2024-03-30T00:00:00+00:00', '--job-id', '242', '--raw', '--subdir', 'DAGS_FOLDER/get_stocks.py', '--cfg-path', '/tmp/tmp6tsmb_eu', '--error-file', '/tmp/tmp7aea9oxu']
[2024-04-02 17:20:22,631] {standard_task_runner.py:80} INFO - Job 242: Subtask MSFT
[2024-04-02 17:20:22,838] {task_command.py:370} INFO - Running <TaskInstance: get_stocks_dag.MSFT scheduled__2024-03-30T00:00:00+00:00 [running]> on host alexmend-virtual-machine
[2024-04-02 17:20:23,256] {taskinstance.py:1569} INFO - Exporting the following env vars:
AIRFLOW_CTX_DAG_OWNER=airflow
AIRFLOW_CTX_DAG_ID=get_stocks_dag
AIRFLOW_CTX_TASK_ID=MSFT
AIRFLOW_CTX_EXECUTION_DATE=2024-03-30T00:00:00+00:00
AIRFLOW_CTX_TRY_NUMBER=1
AIRFLOW_CTX_DAG_RUN_ID=scheduled__2024-03-30T00:00:00+00:00
[2024-04-02 17:20:23,961] {taskinstance.py:1889} ERROR - Task failed with exception
Traceback (most recent call last):
  File "/home/alexmend/Documents/airflowalex/venv/lib/python3.9/site-packages/airflow/decorators/base.py", line 179, in execute
    return_value = super().execute(context)
  File "/home/alexmend/Documents/airflowalex/venv/lib/python3.9/site-packages/airflow/operators/python.py", line 171, in execute
    return_value = self.execute_callable()
  File "/home/alexmend/Documents/airflowalex/venv/lib/python3.9/site-packages/airflow/operators/python.py", line 189, in execute_callable
    return self.python_callable(*self.op_args, **self.op_kwargs)
  File "/home/alexmend/Documents/airflowalex/dags/get_stocks.py", line 18, in get_history
    yfinance.Ticker(ticker).history(
  File "/home/alexmend/Documents/airflowalex/venv/lib/python3.9/site-packages/yfinance/utils.py", line 103, in wrapper
    result = func(*args, **kwargs)
  File "/home/alexmend/Documents/airflowalex/venv/lib/python3.9/site-packages/yfinance/base.py", line 77, in history
    return self._lazy_load_price_history().history(*args, **kwargs)
  File "/home/alexmend/Documents/airflowalex/venv/lib/python3.9/site-packages/yfinance/utils.py", line 103, in wrapper
    result = func(*args, **kwargs)
  File "/home/alexmend/Documents/airflowalex/venv/lib/python3.9/site-packages/yfinance/scrapers/history.py", line 226, in history
    logger.debug(f'{self.ticker}: yfinance received OHLC data: {quotes.index[0]} -> {quotes.index[-1]}')
  File "/home/alexmend/Documents/airflowalex/venv/lib/python3.9/site-packages/pandas/core/indexes/base.py", line 5389, in __getitem__
    return getitem(key)
  File "/home/alexmend/Documents/airflowalex/venv/lib/python3.9/site-packages/pandas/core/arrays/datetimelike.py", line 379, in __getitem__
    result = cast("Union[Self, DTScalarOrNaT]", super().__getitem__(key))
  File "/home/alexmend/Documents/airflowalex/venv/lib/python3.9/site-packages/pandas/core/arrays/_mixins.py", line 284, in __getitem__
    result = self._ndarray[key]
IndexError: index 0 is out of bounds for axis 0 with size 0
[2024-04-02 17:20:24,027] {taskinstance.py:1395} INFO - Marking task as FAILED. dag_id=get_stocks_dag, task_id=MSFT, execution_date=20240330T000000, start_date=20240402T202022, end_date=20240402T202024
[2024-04-02 17:20:24,068] {standard_task_runner.py:92} ERROR - Failed to execute job 242 for task MSFT (index 0 is out of bounds for axis 0 with size 0; 9809)
[2024-04-02 17:20:24,165] {local_task_job.py:156} INFO - Task exited with return code 1
[2024-04-02 17:20:24,275] {local_task_job.py:273} INFO - 0 downstream tasks scheduled from follow-on schedule check
[2024-04-02 17:48:23,666] {taskinstance.py:1159} INFO - Dependencies all met for <TaskInstance: get_stocks_dag.MSFT scheduled__2024-03-30T00:00:00+00:00 [queued]>
[2024-04-02 17:48:23,691] {taskinstance.py:1159} INFO - Dependencies all met for <TaskInstance: get_stocks_dag.MSFT scheduled__2024-03-30T00:00:00+00:00 [queued]>
[2024-04-02 17:48:23,692] {taskinstance.py:1356} INFO - 
--------------------------------------------------------------------------------
[2024-04-02 17:48:23,693] {taskinstance.py:1357} INFO - Starting attempt 1 of 1
[2024-04-02 17:48:23,693] {taskinstance.py:1358} INFO - 
--------------------------------------------------------------------------------
[2024-04-02 17:48:23,720] {taskinstance.py:1377} INFO - Executing <Task(_PythonDecoratedOperator): MSFT> on 2024-03-30 00:00:00+00:00
[2024-04-02 17:48:23,730] {standard_task_runner.py:52} INFO - Started process 25477 to run task
[2024-04-02 17:48:23,744] {standard_task_runner.py:79} INFO - Running: ['airflow', 'tasks', 'run', 'get_stocks_dag', 'MSFT', 'scheduled__2024-03-30T00:00:00+00:00', '--job-id', '508', '--raw', '--subdir', 'DAGS_FOLDER/get_stocks.py', '--cfg-path', '/tmp/tmpm1nti79h', '--error-file', '/tmp/tmpg_7x_q1_']
[2024-04-02 17:48:23,746] {standard_task_runner.py:80} INFO - Job 508: Subtask MSFT
[2024-04-02 17:48:23,897] {task_command.py:370} INFO - Running <TaskInstance: get_stocks_dag.MSFT scheduled__2024-03-30T00:00:00+00:00 [running]> on host alexmend-virtual-machine
[2024-04-02 17:48:24,074] {taskinstance.py:1569} INFO - Exporting the following env vars:
AIRFLOW_CTX_DAG_OWNER=airflow
AIRFLOW_CTX_DAG_ID=get_stocks_dag
AIRFLOW_CTX_TASK_ID=MSFT
AIRFLOW_CTX_EXECUTION_DATE=2024-03-30T00:00:00+00:00
AIRFLOW_CTX_TRY_NUMBER=1
AIRFLOW_CTX_DAG_RUN_ID=scheduled__2024-03-30T00:00:00+00:00
[2024-04-02 17:48:24,780] {taskinstance.py:1889} ERROR - Task failed with exception
Traceback (most recent call last):
  File "/home/alexmend/Documents/airflowalex/venv/lib/python3.9/site-packages/airflow/decorators/base.py", line 179, in execute
    return_value = super().execute(context)
  File "/home/alexmend/Documents/airflowalex/venv/lib/python3.9/site-packages/airflow/operators/python.py", line 171, in execute
    return_value = self.execute_callable()
  File "/home/alexmend/Documents/airflowalex/venv/lib/python3.9/site-packages/airflow/operators/python.py", line 189, in execute_callable
    return self.python_callable(*self.op_args, **self.op_kwargs)
  File "/home/alexmend/Documents/airflowalex/dags/get_stocks.py", line 18, in get_history
    yfinance.Ticker(ticker).history(
  File "/home/alexmend/Documents/airflowalex/venv/lib/python3.9/site-packages/yfinance/utils.py", line 103, in wrapper
    result = func(*args, **kwargs)
  File "/home/alexmend/Documents/airflowalex/venv/lib/python3.9/site-packages/yfinance/base.py", line 77, in history
    return self._lazy_load_price_history().history(*args, **kwargs)
  File "/home/alexmend/Documents/airflowalex/venv/lib/python3.9/site-packages/yfinance/utils.py", line 103, in wrapper
    result = func(*args, **kwargs)
  File "/home/alexmend/Documents/airflowalex/venv/lib/python3.9/site-packages/yfinance/scrapers/history.py", line 226, in history
    logger.debug(f'{self.ticker}: yfinance received OHLC data: {quotes.index[0]} -> {quotes.index[-1]}')
  File "/home/alexmend/Documents/airflowalex/venv/lib/python3.9/site-packages/pandas/core/indexes/base.py", line 5389, in __getitem__
    return getitem(key)
  File "/home/alexmend/Documents/airflowalex/venv/lib/python3.9/site-packages/pandas/core/arrays/datetimelike.py", line 379, in __getitem__
    result = cast("Union[Self, DTScalarOrNaT]", super().__getitem__(key))
  File "/home/alexmend/Documents/airflowalex/venv/lib/python3.9/site-packages/pandas/core/arrays/_mixins.py", line 284, in __getitem__
    result = self._ndarray[key]
IndexError: index 0 is out of bounds for axis 0 with size 0
[2024-04-02 17:48:24,819] {taskinstance.py:1395} INFO - Marking task as FAILED. dag_id=get_stocks_dag, task_id=MSFT, execution_date=20240330T000000, start_date=20240402T204823, end_date=20240402T204824
[2024-04-02 17:48:24,847] {standard_task_runner.py:92} ERROR - Failed to execute job 508 for task MSFT (index 0 is out of bounds for axis 0 with size 0; 25477)
[2024-04-02 17:48:24,894] {local_task_job.py:156} INFO - Task exited with return code 1
[2024-04-02 17:48:25,002] {local_task_job.py:273} INFO - 0 downstream tasks scheduled from follow-on schedule check
[2024-04-02 19:16:57,242] {taskinstance.py:1159} INFO - Dependencies all met for <TaskInstance: get_stocks_dag.MSFT scheduled__2024-03-30T00:00:00+00:00 [queued]>
[2024-04-02 19:16:57,269] {taskinstance.py:1159} INFO - Dependencies all met for <TaskInstance: get_stocks_dag.MSFT scheduled__2024-03-30T00:00:00+00:00 [queued]>
[2024-04-02 19:16:57,269] {taskinstance.py:1356} INFO - 
--------------------------------------------------------------------------------
[2024-04-02 19:16:57,269] {taskinstance.py:1357} INFO - Starting attempt 1 of 1
[2024-04-02 19:16:57,269] {taskinstance.py:1358} INFO - 
--------------------------------------------------------------------------------
[2024-04-02 19:16:57,294] {taskinstance.py:1377} INFO - Executing <Task(_PythonDecoratedOperator): MSFT> on 2024-03-30 00:00:00+00:00
[2024-04-02 19:16:57,303] {standard_task_runner.py:52} INFO - Started process 16636 to run task
[2024-04-02 19:16:57,313] {standard_task_runner.py:79} INFO - Running: ['airflow', 'tasks', 'run', 'get_stocks_dag', 'MSFT', 'scheduled__2024-03-30T00:00:00+00:00', '--job-id', '608', '--raw', '--subdir', 'DAGS_FOLDER/get_stocks.py', '--cfg-path', '/tmp/tmpeqgrff0z', '--error-file', '/tmp/tmp__z6zp5b']
[2024-04-02 19:16:57,317] {standard_task_runner.py:80} INFO - Job 608: Subtask MSFT
[2024-04-02 19:16:57,464] {task_command.py:370} INFO - Running <TaskInstance: get_stocks_dag.MSFT scheduled__2024-03-30T00:00:00+00:00 [running]> on host alexmend-virtual-machine
[2024-04-02 19:16:57,637] {taskinstance.py:1569} INFO - Exporting the following env vars:
AIRFLOW_CTX_DAG_OWNER=airflow
AIRFLOW_CTX_DAG_ID=get_stocks_dag
AIRFLOW_CTX_TASK_ID=MSFT
AIRFLOW_CTX_EXECUTION_DATE=2024-03-30T00:00:00+00:00
AIRFLOW_CTX_TRY_NUMBER=1
AIRFLOW_CTX_DAG_RUN_ID=scheduled__2024-03-30T00:00:00+00:00
[2024-04-02 19:16:58,261] {history.py:222} ERROR - MSFT: No price data found, symbol may be delisted (1h 2024-03-29 -> 2024-03-30)
[2024-04-02 19:16:58,266] {python.py:173} INFO - Done. Returned value was: None
[2024-04-02 19:16:58,291] {taskinstance.py:1395} INFO - Marking task as SUCCESS. dag_id=get_stocks_dag, task_id=MSFT, execution_date=20240330T000000, start_date=20240402T221657, end_date=20240402T221658
[2024-04-02 19:16:58,416] {local_task_job.py:156} INFO - Task exited with return code 0
[2024-04-02 19:16:58,552] {local_task_job.py:273} INFO - 0 downstream tasks scheduled from follow-on schedule check
[2024-04-02 20:41:06,224] {taskinstance.py:1159} INFO - Dependencies all met for <TaskInstance: get_stocks_dag.MSFT scheduled__2024-03-30T00:00:00+00:00 [queued]>
[2024-04-02 20:41:06,265] {taskinstance.py:1159} INFO - Dependencies all met for <TaskInstance: get_stocks_dag.MSFT scheduled__2024-03-30T00:00:00+00:00 [queued]>
[2024-04-02 20:41:06,266] {taskinstance.py:1356} INFO - 
--------------------------------------------------------------------------------
[2024-04-02 20:41:06,267] {taskinstance.py:1357} INFO - Starting attempt 1 of 1
[2024-04-02 20:41:06,267] {taskinstance.py:1358} INFO - 
--------------------------------------------------------------------------------
[2024-04-02 20:41:06,330] {taskinstance.py:1377} INFO - Executing <Task(_PythonDecoratedOperator): MSFT> on 2024-03-30 00:00:00+00:00
[2024-04-02 20:41:06,345] {standard_task_runner.py:52} INFO - Started process 28193 to run task
[2024-04-02 20:41:06,360] {standard_task_runner.py:79} INFO - Running: ['airflow', 'tasks', 'run', 'get_stocks_dag', 'MSFT', 'scheduled__2024-03-30T00:00:00+00:00', '--job-id', '710', '--raw', '--subdir', 'DAGS_FOLDER/get_stocks.py', '--cfg-path', '/tmp/tmpzzga2e34', '--error-file', '/tmp/tmp49o6_cy5']
[2024-04-02 20:41:06,364] {standard_task_runner.py:80} INFO - Job 710: Subtask MSFT
[2024-04-02 20:41:06,527] {task_command.py:370} INFO - Running <TaskInstance: get_stocks_dag.MSFT scheduled__2024-03-30T00:00:00+00:00 [running]> on host alexmend-virtual-machine
[2024-04-02 20:41:06,709] {taskinstance.py:1569} INFO - Exporting the following env vars:
AIRFLOW_CTX_DAG_OWNER=airflow
AIRFLOW_CTX_DAG_ID=get_stocks_dag
AIRFLOW_CTX_TASK_ID=MSFT
AIRFLOW_CTX_EXECUTION_DATE=2024-03-30T00:00:00+00:00
AIRFLOW_CTX_TRY_NUMBER=1
AIRFLOW_CTX_DAG_RUN_ID=scheduled__2024-03-30T00:00:00+00:00
[2024-04-02 20:41:07,371] {history.py:222} ERROR - MSFT: No price data found, symbol may be delisted (1h 2024-03-29 -> 2024-03-30)
[2024-04-02 20:41:07,378] {python.py:173} INFO - Done. Returned value was: None
[2024-04-02 20:41:07,406] {taskinstance.py:1395} INFO - Marking task as SUCCESS. dag_id=get_stocks_dag, task_id=MSFT, execution_date=20240330T000000, start_date=20240402T234106, end_date=20240402T234107
[2024-04-02 20:41:07,457] {local_task_job.py:156} INFO - Task exited with return code 0
[2024-04-02 20:41:07,517] {local_task_job.py:273} INFO - 0 downstream tasks scheduled from follow-on schedule check
[2024-04-02 21:57:37,530] {taskinstance.py:1159} INFO - Dependencies all met for <TaskInstance: get_stocks_dag.MSFT scheduled__2024-03-30T00:00:00+00:00 [queued]>
[2024-04-02 21:57:37,548] {taskinstance.py:1159} INFO - Dependencies all met for <TaskInstance: get_stocks_dag.MSFT scheduled__2024-03-30T00:00:00+00:00 [queued]>
[2024-04-02 21:57:37,548] {taskinstance.py:1356} INFO - 
--------------------------------------------------------------------------------
[2024-04-02 21:57:37,548] {taskinstance.py:1357} INFO - Starting attempt 1 of 1
[2024-04-02 21:57:37,550] {taskinstance.py:1358} INFO - 
--------------------------------------------------------------------------------
[2024-04-02 21:57:37,570] {taskinstance.py:1377} INFO - Executing <Task(_PythonDecoratedOperator): MSFT> on 2024-03-30 00:00:00+00:00
[2024-04-02 21:57:37,578] {standard_task_runner.py:52} INFO - Started process 56147 to run task
[2024-04-02 21:57:37,585] {standard_task_runner.py:79} INFO - Running: ['airflow', 'tasks', 'run', 'get_stocks_dag', 'MSFT', 'scheduled__2024-03-30T00:00:00+00:00', '--job-id', '903', '--raw', '--subdir', 'DAGS_FOLDER/get_stocks.py', '--cfg-path', '/tmp/tmpftwdflwg', '--error-file', '/tmp/tmp7olf8esx']
[2024-04-02 21:57:37,586] {standard_task_runner.py:80} INFO - Job 903: Subtask MSFT
[2024-04-02 21:57:37,726] {task_command.py:370} INFO - Running <TaskInstance: get_stocks_dag.MSFT scheduled__2024-03-30T00:00:00+00:00 [running]> on host alexmend-virtual-machine
[2024-04-02 21:57:37,892] {taskinstance.py:1569} INFO - Exporting the following env vars:
AIRFLOW_CTX_DAG_OWNER=airflow
AIRFLOW_CTX_DAG_ID=get_stocks_dag
AIRFLOW_CTX_TASK_ID=MSFT
AIRFLOW_CTX_EXECUTION_DATE=2024-03-30T00:00:00+00:00
AIRFLOW_CTX_TRY_NUMBER=1
AIRFLOW_CTX_DAG_RUN_ID=scheduled__2024-03-30T00:00:00+00:00
[2024-04-02 21:57:38,586] {history.py:222} ERROR - MSFT: No price data found, symbol may be delisted (1h 2024-03-29 -> 2024-03-30)
[2024-04-02 21:57:48,601] {python.py:173} INFO - Done. Returned value was: None
[2024-04-02 21:57:48,647] {taskinstance.py:1395} INFO - Marking task as SUCCESS. dag_id=get_stocks_dag, task_id=MSFT, execution_date=20240330T000000, start_date=20240403T005737, end_date=20240403T005748
[2024-04-02 21:57:48,727] {local_task_job.py:156} INFO - Task exited with return code 0
[2024-04-02 21:57:48,888] {local_task_job.py:273} INFO - 0 downstream tasks scheduled from follow-on schedule check
[2024-04-02 23:19:18,941] {taskinstance.py:1159} INFO - Dependencies all met for <TaskInstance: get_stocks_dag.MSFT scheduled__2024-03-30T00:00:00+00:00 [queued]>
[2024-04-02 23:19:18,985] {taskinstance.py:1159} INFO - Dependencies all met for <TaskInstance: get_stocks_dag.MSFT scheduled__2024-03-30T00:00:00+00:00 [queued]>
[2024-04-02 23:19:18,985] {taskinstance.py:1356} INFO - 
--------------------------------------------------------------------------------
[2024-04-02 23:19:18,985] {taskinstance.py:1357} INFO - Starting attempt 1 of 1
[2024-04-02 23:19:18,985] {taskinstance.py:1358} INFO - 
--------------------------------------------------------------------------------
[2024-04-02 23:19:19,043] {taskinstance.py:1377} INFO - Executing <Task(_PythonDecoratedOperator): MSFT> on 2024-03-30 00:00:00+00:00
[2024-04-02 23:19:19,057] {standard_task_runner.py:52} INFO - Started process 86433 to run task
[2024-04-02 23:19:19,082] {standard_task_runner.py:79} INFO - Running: ['airflow', 'tasks', 'run', 'get_stocks_dag', 'MSFT', 'scheduled__2024-03-30T00:00:00+00:00', '--job-id', '1198', '--raw', '--subdir', 'DAGS_FOLDER/get_stocks.py', '--cfg-path', '/tmp/tmpa0w4mk76', '--error-file', '/tmp/tmpjgqqxl8r']
[2024-04-02 23:19:19,084] {standard_task_runner.py:80} INFO - Job 1198: Subtask MSFT
[2024-04-02 23:19:19,285] {task_command.py:370} INFO - Running <TaskInstance: get_stocks_dag.MSFT scheduled__2024-03-30T00:00:00+00:00 [running]> on host alexmend-virtual-machine
[2024-04-02 23:19:19,521] {taskinstance.py:1569} INFO - Exporting the following env vars:
AIRFLOW_CTX_DAG_OWNER=airflow
AIRFLOW_CTX_DAG_ID=get_stocks_dag
AIRFLOW_CTX_TASK_ID=MSFT
AIRFLOW_CTX_EXECUTION_DATE=2024-03-30T00:00:00+00:00
AIRFLOW_CTX_TRY_NUMBER=1
AIRFLOW_CTX_DAG_RUN_ID=scheduled__2024-03-30T00:00:00+00:00
[2024-04-02 23:19:20,162] {history.py:222} ERROR - MSFT: No price data found, symbol may be delisted (1h 2024-03-29 -> 2024-03-30)
[2024-04-02 23:19:30,179] {python.py:173} INFO - Done. Returned value was: None
[2024-04-02 23:19:30,213] {taskinstance.py:1395} INFO - Marking task as SUCCESS. dag_id=get_stocks_dag, task_id=MSFT, execution_date=20240330T000000, start_date=20240403T021918, end_date=20240403T021930
[2024-04-02 23:19:30,255] {local_task_job.py:156} INFO - Task exited with return code 0
[2024-04-02 23:19:30,319] {local_task_job.py:273} INFO - 0 downstream tasks scheduled from follow-on schedule check
