[2024-04-02 13:05:40,779] {taskinstance.py:1159} INFO - Dependencies all met for <TaskInstance: get_stocks_dag.MSFT scheduled__2024-02-14T00:00:00+00:00 [queued]>
[2024-04-02 13:05:40,787] {taskinstance.py:1159} INFO - Dependencies all met for <TaskInstance: get_stocks_dag.MSFT scheduled__2024-02-14T00:00:00+00:00 [queued]>
[2024-04-02 13:05:40,788] {taskinstance.py:1356} INFO - 
--------------------------------------------------------------------------------
[2024-04-02 13:05:40,788] {taskinstance.py:1357} INFO - Starting attempt 1 of 1
[2024-04-02 13:05:40,788] {taskinstance.py:1358} INFO - 
--------------------------------------------------------------------------------
[2024-04-02 13:05:40,804] {taskinstance.py:1377} INFO - Executing <Task(_PythonDecoratedOperator): MSFT> on 2024-02-14 00:00:00+00:00
[2024-04-02 13:05:40,813] {standard_task_runner.py:52} INFO - Started process 10877 to run task
[2024-04-02 13:05:40,819] {standard_task_runner.py:79} INFO - Running: ['airflow', 'tasks', 'run', 'get_stocks_dag', 'MSFT', 'scheduled__2024-02-14T00:00:00+00:00', '--job-id', '132', '--raw', '--subdir', 'DAGS_FOLDER/get_stocks.py', '--cfg-path', '/tmp/tmptu5zkqdc', '--error-file', '/tmp/tmpoi99ge7_']
[2024-04-02 13:05:40,820] {standard_task_runner.py:80} INFO - Job 132: Subtask MSFT
[2024-04-02 13:05:40,889] {task_command.py:370} INFO - Running <TaskInstance: get_stocks_dag.MSFT scheduled__2024-02-14T00:00:00+00:00 [running]> on host alexmend-virtual-machine
[2024-04-02 13:05:40,983] {taskinstance.py:1569} INFO - Exporting the following env vars:
AIRFLOW_CTX_DAG_OWNER=airflow
AIRFLOW_CTX_DAG_ID=get_stocks_dag
AIRFLOW_CTX_TASK_ID=MSFT
AIRFLOW_CTX_EXECUTION_DATE=2024-02-14T00:00:00+00:00
AIRFLOW_CTX_TRY_NUMBER=1
AIRFLOW_CTX_DAG_RUN_ID=scheduled__2024-02-14T00:00:00+00:00
[2024-04-02 13:05:41,799] {python.py:173} INFO - Done. Returned value was: None
[2024-04-02 13:05:41,810] {taskinstance.py:1395} INFO - Marking task as SUCCESS. dag_id=get_stocks_dag, task_id=MSFT, execution_date=20240214T000000, start_date=20240402T160540, end_date=20240402T160541
[2024-04-02 13:05:41,877] {local_task_job.py:156} INFO - Task exited with return code 0
[2024-04-02 13:05:41,902] {local_task_job.py:273} INFO - 0 downstream tasks scheduled from follow-on schedule check
[2024-04-02 17:18:33,547] {taskinstance.py:1159} INFO - Dependencies all met for <TaskInstance: get_stocks_dag.MSFT scheduled__2024-02-14T00:00:00+00:00 [queued]>
[2024-04-02 17:18:33,665] {taskinstance.py:1159} INFO - Dependencies all met for <TaskInstance: get_stocks_dag.MSFT scheduled__2024-02-14T00:00:00+00:00 [queued]>
[2024-04-02 17:18:33,665] {taskinstance.py:1356} INFO - 
--------------------------------------------------------------------------------
[2024-04-02 17:18:33,665] {taskinstance.py:1357} INFO - Starting attempt 1 of 1
[2024-04-02 17:18:33,666] {taskinstance.py:1358} INFO - 
--------------------------------------------------------------------------------
[2024-04-02 17:18:33,948] {taskinstance.py:1377} INFO - Executing <Task(_PythonDecoratedOperator): MSFT> on 2024-02-14 00:00:00+00:00
[2024-04-02 17:18:33,981] {standard_task_runner.py:52} INFO - Started process 6610 to run task
[2024-04-02 17:18:34,085] {standard_task_runner.py:79} INFO - Running: ['airflow', 'tasks', 'run', 'get_stocks_dag', 'MSFT', 'scheduled__2024-02-14T00:00:00+00:00', '--job-id', '113', '--raw', '--subdir', 'DAGS_FOLDER/get_stocks.py', '--cfg-path', '/tmp/tmpvc416cmm', '--error-file', '/tmp/tmp9rrrvkxg']
[2024-04-02 17:18:34,099] {standard_task_runner.py:80} INFO - Job 113: Subtask MSFT
[2024-04-02 17:18:34,708] {task_command.py:370} INFO - Running <TaskInstance: get_stocks_dag.MSFT scheduled__2024-02-14T00:00:00+00:00 [running]> on host alexmend-virtual-machine
[2024-04-02 17:18:35,341] {taskinstance.py:1569} INFO - Exporting the following env vars:
AIRFLOW_CTX_DAG_OWNER=airflow
AIRFLOW_CTX_DAG_ID=get_stocks_dag
AIRFLOW_CTX_TASK_ID=MSFT
AIRFLOW_CTX_EXECUTION_DATE=2024-02-14T00:00:00+00:00
AIRFLOW_CTX_TRY_NUMBER=1
AIRFLOW_CTX_DAG_RUN_ID=scheduled__2024-02-14T00:00:00+00:00
[2024-04-02 17:18:36,906] {python.py:173} INFO - Done. Returned value was: None
[2024-04-02 17:18:37,368] {taskinstance.py:1395} INFO - Marking task as SUCCESS. dag_id=get_stocks_dag, task_id=MSFT, execution_date=20240214T000000, start_date=20240402T201833, end_date=20240402T201837
[2024-04-02 17:18:37,581] {local_task_job.py:156} INFO - Task exited with return code 0
[2024-04-02 17:18:37,908] {local_task_job.py:273} INFO - 0 downstream tasks scheduled from follow-on schedule check
[2024-04-02 17:44:48,981] {taskinstance.py:1159} INFO - Dependencies all met for <TaskInstance: get_stocks_dag.MSFT scheduled__2024-02-14T00:00:00+00:00 [queued]>
[2024-04-02 17:44:48,992] {taskinstance.py:1159} INFO - Dependencies all met for <TaskInstance: get_stocks_dag.MSFT scheduled__2024-02-14T00:00:00+00:00 [queued]>
[2024-04-02 17:44:48,993] {taskinstance.py:1356} INFO - 
--------------------------------------------------------------------------------
[2024-04-02 17:44:48,993] {taskinstance.py:1357} INFO - Starting attempt 1 of 1
[2024-04-02 17:44:48,993] {taskinstance.py:1358} INFO - 
--------------------------------------------------------------------------------
[2024-04-02 17:44:49,007] {taskinstance.py:1377} INFO - Executing <Task(_PythonDecoratedOperator): MSFT> on 2024-02-14 00:00:00+00:00
[2024-04-02 17:44:49,013] {standard_task_runner.py:52} INFO - Started process 21475 to run task
[2024-04-02 17:44:49,022] {standard_task_runner.py:79} INFO - Running: ['airflow', 'tasks', 'run', 'get_stocks_dag', 'MSFT', 'scheduled__2024-02-14T00:00:00+00:00', '--job-id', '376', '--raw', '--subdir', 'DAGS_FOLDER/get_stocks.py', '--cfg-path', '/tmp/tmpcl1006dr', '--error-file', '/tmp/tmp7wx6lax5']
[2024-04-02 17:44:49,024] {standard_task_runner.py:80} INFO - Job 376: Subtask MSFT
[2024-04-02 17:44:49,133] {task_command.py:370} INFO - Running <TaskInstance: get_stocks_dag.MSFT scheduled__2024-02-14T00:00:00+00:00 [running]> on host alexmend-virtual-machine
[2024-04-02 17:44:49,256] {taskinstance.py:1569} INFO - Exporting the following env vars:
AIRFLOW_CTX_DAG_OWNER=airflow
AIRFLOW_CTX_DAG_ID=get_stocks_dag
AIRFLOW_CTX_TASK_ID=MSFT
AIRFLOW_CTX_EXECUTION_DATE=2024-02-14T00:00:00+00:00
AIRFLOW_CTX_TRY_NUMBER=1
AIRFLOW_CTX_DAG_RUN_ID=scheduled__2024-02-14T00:00:00+00:00
[2024-04-02 17:44:50,068] {python.py:173} INFO - Done. Returned value was: None
[2024-04-02 17:44:50,089] {taskinstance.py:1395} INFO - Marking task as SUCCESS. dag_id=get_stocks_dag, task_id=MSFT, execution_date=20240214T000000, start_date=20240402T204448, end_date=20240402T204450
[2024-04-02 17:44:50,118] {local_task_job.py:156} INFO - Task exited with return code 0
[2024-04-02 17:44:50,180] {local_task_job.py:273} INFO - 0 downstream tasks scheduled from follow-on schedule check
