[2024-04-02 12:57:00,864] {taskinstance.py:1159} INFO - Dependencies all met for <TaskInstance: get_stocks_dag.TSLA scheduled__2024-01-04T00:00:00+00:00 [queued]>
[2024-04-02 12:57:00,873] {taskinstance.py:1159} INFO - Dependencies all met for <TaskInstance: get_stocks_dag.TSLA scheduled__2024-01-04T00:00:00+00:00 [queued]>
[2024-04-02 12:57:00,873] {taskinstance.py:1356} INFO - 
--------------------------------------------------------------------------------
[2024-04-02 12:57:00,873] {taskinstance.py:1357} INFO - Starting attempt 1 of 1
[2024-04-02 12:57:00,873] {taskinstance.py:1358} INFO - 
--------------------------------------------------------------------------------
[2024-04-02 12:57:00,899] {taskinstance.py:1377} INFO - Executing <Task(_PythonDecoratedOperator): TSLA> on 2024-01-04 00:00:00+00:00
[2024-04-02 12:57:00,904] {standard_task_runner.py:52} INFO - Started process 8028 to run task
[2024-04-02 12:57:00,912] {standard_task_runner.py:79} INFO - Running: ['airflow', 'tasks', 'run', 'get_stocks_dag', 'TSLA', 'scheduled__2024-01-04T00:00:00+00:00', '--job-id', '18', '--raw', '--subdir', 'DAGS_FOLDER/get_stocks.py', '--cfg-path', '/tmp/tmpmrlkweyl', '--error-file', '/tmp/tmpduvvjij3']
[2024-04-02 12:57:00,913] {standard_task_runner.py:80} INFO - Job 18: Subtask TSLA
[2024-04-02 12:57:00,987] {task_command.py:370} INFO - Running <TaskInstance: get_stocks_dag.TSLA scheduled__2024-01-04T00:00:00+00:00 [running]> on host alexmend-virtual-machine
[2024-04-02 12:57:01,082] {taskinstance.py:1569} INFO - Exporting the following env vars:
AIRFLOW_CTX_DAG_OWNER=airflow
AIRFLOW_CTX_DAG_ID=get_stocks_dag
AIRFLOW_CTX_TASK_ID=TSLA
AIRFLOW_CTX_EXECUTION_DATE=2024-01-04T00:00:00+00:00
AIRFLOW_CTX_TRY_NUMBER=1
AIRFLOW_CTX_DAG_RUN_ID=scheduled__2024-01-04T00:00:00+00:00
[2024-04-02 12:57:01,830] {python.py:173} INFO - Done. Returned value was: None
[2024-04-02 12:57:01,842] {taskinstance.py:1395} INFO - Marking task as SUCCESS. dag_id=get_stocks_dag, task_id=TSLA, execution_date=20240104T000000, start_date=20240402T155700, end_date=20240402T155701
[2024-04-02 12:57:01,899] {local_task_job.py:156} INFO - Task exited with return code 0
[2024-04-02 12:57:01,930] {local_task_job.py:273} INFO - 0 downstream tasks scheduled from follow-on schedule check
[2024-04-02 17:41:47,229] {taskinstance.py:1159} INFO - Dependencies all met for <TaskInstance: get_stocks_dag.TSLA scheduled__2024-01-04T00:00:00+00:00 [queued]>
[2024-04-02 17:41:47,258] {taskinstance.py:1159} INFO - Dependencies all met for <TaskInstance: get_stocks_dag.TSLA scheduled__2024-01-04T00:00:00+00:00 [queued]>
[2024-04-02 17:41:47,259] {taskinstance.py:1356} INFO - 
--------------------------------------------------------------------------------
[2024-04-02 17:41:47,260] {taskinstance.py:1357} INFO - Starting attempt 1 of 1
[2024-04-02 17:41:47,261] {taskinstance.py:1358} INFO - 
--------------------------------------------------------------------------------
[2024-04-02 17:41:47,304] {taskinstance.py:1377} INFO - Executing <Task(_PythonDecoratedOperator): TSLA> on 2024-01-04 00:00:00+00:00
[2024-04-02 17:41:47,320] {standard_task_runner.py:52} INFO - Started process 18022 to run task
[2024-04-02 17:41:47,332] {standard_task_runner.py:79} INFO - Running: ['airflow', 'tasks', 'run', 'get_stocks_dag', 'TSLA', 'scheduled__2024-01-04T00:00:00+00:00', '--job-id', '261', '--raw', '--subdir', 'DAGS_FOLDER/get_stocks.py', '--cfg-path', '/tmp/tmpw2nju7i4', '--error-file', '/tmp/tmpu5p72btr']
[2024-04-02 17:41:47,334] {standard_task_runner.py:80} INFO - Job 261: Subtask TSLA
[2024-04-02 17:41:47,502] {task_command.py:370} INFO - Running <TaskInstance: get_stocks_dag.TSLA scheduled__2024-01-04T00:00:00+00:00 [running]> on host alexmend-virtual-machine
[2024-04-02 17:41:47,674] {taskinstance.py:1569} INFO - Exporting the following env vars:
AIRFLOW_CTX_DAG_OWNER=airflow
AIRFLOW_CTX_DAG_ID=get_stocks_dag
AIRFLOW_CTX_TASK_ID=TSLA
AIRFLOW_CTX_EXECUTION_DATE=2024-01-04T00:00:00+00:00
AIRFLOW_CTX_TRY_NUMBER=1
AIRFLOW_CTX_DAG_RUN_ID=scheduled__2024-01-04T00:00:00+00:00
[2024-04-02 17:41:48,306] {python.py:173} INFO - Done. Returned value was: None
[2024-04-02 17:41:48,342] {taskinstance.py:1395} INFO - Marking task as SUCCESS. dag_id=get_stocks_dag, task_id=TSLA, execution_date=20240104T000000, start_date=20240402T204147, end_date=20240402T204148
[2024-04-02 17:41:48,397] {local_task_job.py:156} INFO - Task exited with return code 0
[2024-04-02 17:41:48,497] {local_task_job.py:273} INFO - 0 downstream tasks scheduled from follow-on schedule check
