[2024-04-02 21:48:47,231] {taskinstance.py:1159} INFO - Dependencies all met for <TaskInstance: get_crypto_dag.ETH scheduled__2024-03-05T00:00:00+00:00 [queued]>
[2024-04-02 21:48:47,256] {taskinstance.py:1159} INFO - Dependencies all met for <TaskInstance: get_crypto_dag.ETH scheduled__2024-03-05T00:00:00+00:00 [queued]>
[2024-04-02 21:48:47,257] {taskinstance.py:1356} INFO - 
--------------------------------------------------------------------------------
[2024-04-02 21:48:47,258] {taskinstance.py:1357} INFO - Starting attempt 1 of 1
[2024-04-02 21:48:47,258] {taskinstance.py:1358} INFO - 
--------------------------------------------------------------------------------
[2024-04-02 21:48:47,298] {taskinstance.py:1377} INFO - Executing <Task(_PythonDecoratedOperator): ETH> on 2024-03-05 00:00:00+00:00
[2024-04-02 21:48:47,312] {standard_task_runner.py:52} INFO - Started process 49895 to run task
[2024-04-02 21:48:47,326] {standard_task_runner.py:79} INFO - Running: ['airflow', 'tasks', 'run', 'get_crypto_dag', 'ETH', 'scheduled__2024-03-05T00:00:00+00:00', '--job-id', '791', '--raw', '--subdir', 'DAGS_FOLDER/get_crypto.py', '--cfg-path', '/tmp/tmp9c048f4s', '--error-file', '/tmp/tmpw58d255q']
[2024-04-02 21:48:47,330] {standard_task_runner.py:80} INFO - Job 791: Subtask ETH
[2024-04-02 21:48:47,613] {task_command.py:370} INFO - Running <TaskInstance: get_crypto_dag.ETH scheduled__2024-03-05T00:00:00+00:00 [running]> on host alexmend-virtual-machine
[2024-04-02 21:48:47,950] {taskinstance.py:1569} INFO - Exporting the following env vars:
AIRFLOW_CTX_DAG_OWNER=airflow
AIRFLOW_CTX_DAG_ID=get_crypto_dag
AIRFLOW_CTX_TASK_ID=ETH
AIRFLOW_CTX_EXECUTION_DATE=2024-03-05T00:00:00+00:00
AIRFLOW_CTX_TRY_NUMBER=1
AIRFLOW_CTX_DAG_RUN_ID=scheduled__2024-03-05T00:00:00+00:00
[2024-04-02 21:48:51,617] {history.py:90} ERROR - ETH: No timezone found, symbol may be delisted
[2024-04-02 21:49:01,786] {python.py:173} INFO - Done. Returned value was: None
[2024-04-02 21:49:01,856] {taskinstance.py:1395} INFO - Marking task as SUCCESS. dag_id=get_crypto_dag, task_id=ETH, execution_date=20240305T000000, start_date=20240403T004847, end_date=20240403T004901
[2024-04-02 21:49:01,974] {local_task_job.py:156} INFO - Task exited with return code 0
[2024-04-02 21:49:02,128] {local_task_job.py:273} INFO - 0 downstream tasks scheduled from follow-on schedule check
[2024-04-02 22:54:39,221] {taskinstance.py:1159} INFO - Dependencies all met for <TaskInstance: get_crypto_dag.ETH scheduled__2024-03-05T00:00:00+00:00 [queued]>
[2024-04-02 22:54:39,242] {taskinstance.py:1159} INFO - Dependencies all met for <TaskInstance: get_crypto_dag.ETH scheduled__2024-03-05T00:00:00+00:00 [queued]>
[2024-04-02 22:54:39,243] {taskinstance.py:1356} INFO - 
--------------------------------------------------------------------------------
[2024-04-02 22:54:39,243] {taskinstance.py:1357} INFO - Starting attempt 1 of 1
[2024-04-02 22:54:39,243] {taskinstance.py:1358} INFO - 
--------------------------------------------------------------------------------
[2024-04-02 22:54:39,274] {taskinstance.py:1377} INFO - Executing <Task(_PythonDecoratedOperator): ETH> on 2024-03-05 00:00:00+00:00
[2024-04-02 22:54:39,284] {standard_task_runner.py:52} INFO - Started process 73290 to run task
[2024-04-02 22:54:39,290] {standard_task_runner.py:79} INFO - Running: ['airflow', 'tasks', 'run', 'get_crypto_dag', 'ETH', 'scheduled__2024-03-05T00:00:00+00:00', '--job-id', '1028', '--raw', '--subdir', 'DAGS_FOLDER/get_crypto.py', '--cfg-path', '/tmp/tmpab4jtol8', '--error-file', '/tmp/tmpucpi5kwk']
[2024-04-02 22:54:39,300] {standard_task_runner.py:80} INFO - Job 1028: Subtask ETH
[2024-04-02 22:54:39,521] {task_command.py:370} INFO - Running <TaskInstance: get_crypto_dag.ETH scheduled__2024-03-05T00:00:00+00:00 [running]> on host alexmend-virtual-machine
[2024-04-02 22:54:39,731] {taskinstance.py:1569} INFO - Exporting the following env vars:
AIRFLOW_CTX_DAG_OWNER=airflow
AIRFLOW_CTX_DAG_ID=get_crypto_dag
AIRFLOW_CTX_TASK_ID=ETH
AIRFLOW_CTX_EXECUTION_DATE=2024-03-05T00:00:00+00:00
AIRFLOW_CTX_TRY_NUMBER=1
AIRFLOW_CTX_DAG_RUN_ID=scheduled__2024-03-05T00:00:00+00:00
[2024-04-02 22:54:43,605] {history.py:90} ERROR - ETH: No timezone found, symbol may be delisted
[2024-04-02 22:54:53,643] {python.py:173} INFO - Done. Returned value was: None
[2024-04-02 22:54:54,345] {taskinstance.py:1395} INFO - Marking task as SUCCESS. dag_id=get_crypto_dag, task_id=ETH, execution_date=20240305T000000, start_date=20240403T015439, end_date=20240403T015454
[2024-04-02 22:54:54,826] {local_task_job.py:156} INFO - Task exited with return code 0
[2024-04-02 22:54:55,042] {local_task_job.py:273} INFO - 0 downstream tasks scheduled from follow-on schedule check
