[2024-04-02 22:04:07,968] {taskinstance.py:1159} INFO - Dependencies all met for <TaskInstance: get_crypto_dag.BTC scheduled__2024-03-30T00:00:00+00:00 [queued]>
[2024-04-02 22:04:07,983] {taskinstance.py:1159} INFO - Dependencies all met for <TaskInstance: get_crypto_dag.BTC scheduled__2024-03-30T00:00:00+00:00 [queued]>
[2024-04-02 22:04:07,984] {taskinstance.py:1356} INFO - 
--------------------------------------------------------------------------------
[2024-04-02 22:04:07,984] {taskinstance.py:1357} INFO - Starting attempt 1 of 1
[2024-04-02 22:04:07,984] {taskinstance.py:1358} INFO - 
--------------------------------------------------------------------------------
[2024-04-02 22:04:08,002] {taskinstance.py:1377} INFO - Executing <Task(_PythonDecoratedOperator): BTC> on 2024-03-30 00:00:00+00:00
[2024-04-02 22:04:08,011] {standard_task_runner.py:52} INFO - Started process 60279 to run task
[2024-04-02 22:04:08,020] {standard_task_runner.py:79} INFO - Running: ['airflow', 'tasks', 'run', 'get_crypto_dag', 'BTC', 'scheduled__2024-03-30T00:00:00+00:00', '--job-id', '956', '--raw', '--subdir', 'DAGS_FOLDER/get_crypto.py', '--cfg-path', '/tmp/tmp0gw8uudr', '--error-file', '/tmp/tmp70j79z_u']
[2024-04-02 22:04:08,022] {standard_task_runner.py:80} INFO - Job 956: Subtask BTC
[2024-04-02 22:04:08,236] {task_command.py:370} INFO - Running <TaskInstance: get_crypto_dag.BTC scheduled__2024-03-30T00:00:00+00:00 [running]> on host alexmend-virtual-machine
[2024-04-02 22:04:08,459] {taskinstance.py:1569} INFO - Exporting the following env vars:
AIRFLOW_CTX_DAG_OWNER=airflow
AIRFLOW_CTX_DAG_ID=get_crypto_dag
AIRFLOW_CTX_TASK_ID=BTC
AIRFLOW_CTX_EXECUTION_DATE=2024-03-30T00:00:00+00:00
AIRFLOW_CTX_TRY_NUMBER=1
AIRFLOW_CTX_DAG_RUN_ID=scheduled__2024-03-30T00:00:00+00:00
[2024-04-02 22:04:09,146] {history.py:222} ERROR - BTC: No price data found, symbol may be delisted (1h 2024-03-29 -> 2024-03-30)
[2024-04-02 22:04:19,156] {python.py:173} INFO - Done. Returned value was: None
[2024-04-02 22:04:19,220] {taskinstance.py:1395} INFO - Marking task as SUCCESS. dag_id=get_crypto_dag, task_id=BTC, execution_date=20240330T000000, start_date=20240403T010407, end_date=20240403T010419
[2024-04-02 22:04:19,263] {local_task_job.py:156} INFO - Task exited with return code 0
[2024-04-02 22:04:19,330] {local_task_job.py:273} INFO - 0 downstream tasks scheduled from follow-on schedule check
[2024-04-02 23:19:34,494] {taskinstance.py:1159} INFO - Dependencies all met for <TaskInstance: get_crypto_dag.BTC scheduled__2024-03-30T00:00:00+00:00 [queued]>
[2024-04-02 23:19:34,516] {taskinstance.py:1159} INFO - Dependencies all met for <TaskInstance: get_crypto_dag.BTC scheduled__2024-03-30T00:00:00+00:00 [queued]>
[2024-04-02 23:19:34,517] {taskinstance.py:1356} INFO - 
--------------------------------------------------------------------------------
[2024-04-02 23:19:34,517] {taskinstance.py:1357} INFO - Starting attempt 1 of 1
[2024-04-02 23:19:34,517] {taskinstance.py:1358} INFO - 
--------------------------------------------------------------------------------
[2024-04-02 23:19:34,547] {taskinstance.py:1377} INFO - Executing <Task(_PythonDecoratedOperator): BTC> on 2024-03-30 00:00:00+00:00
[2024-04-02 23:19:34,564] {standard_task_runner.py:52} INFO - Started process 86616 to run task
[2024-04-02 23:19:34,574] {standard_task_runner.py:79} INFO - Running: ['airflow', 'tasks', 'run', 'get_crypto_dag', 'BTC', 'scheduled__2024-03-30T00:00:00+00:00', '--job-id', '1201', '--raw', '--subdir', 'DAGS_FOLDER/get_crypto.py', '--cfg-path', '/tmp/tmp5anh96oy', '--error-file', '/tmp/tmp44rtir0h']
[2024-04-02 23:19:34,578] {standard_task_runner.py:80} INFO - Job 1201: Subtask BTC
[2024-04-02 23:19:34,732] {task_command.py:370} INFO - Running <TaskInstance: get_crypto_dag.BTC scheduled__2024-03-30T00:00:00+00:00 [running]> on host alexmend-virtual-machine
[2024-04-02 23:19:34,881] {taskinstance.py:1569} INFO - Exporting the following env vars:
AIRFLOW_CTX_DAG_OWNER=airflow
AIRFLOW_CTX_DAG_ID=get_crypto_dag
AIRFLOW_CTX_TASK_ID=BTC
AIRFLOW_CTX_EXECUTION_DATE=2024-03-30T00:00:00+00:00
AIRFLOW_CTX_TRY_NUMBER=1
AIRFLOW_CTX_DAG_RUN_ID=scheduled__2024-03-30T00:00:00+00:00
[2024-04-02 23:19:35,460] {history.py:222} ERROR - BTC: No price data found, symbol may be delisted (1h 2024-03-29 -> 2024-03-30)
[2024-04-02 23:19:45,475] {python.py:173} INFO - Done. Returned value was: None
[2024-04-02 23:19:45,620] {taskinstance.py:1395} INFO - Marking task as SUCCESS. dag_id=get_crypto_dag, task_id=BTC, execution_date=20240330T000000, start_date=20240403T021934, end_date=20240403T021945
[2024-04-02 23:19:45,734] {local_task_job.py:156} INFO - Task exited with return code 0
[2024-04-02 23:19:45,812] {local_task_job.py:273} INFO - 0 downstream tasks scheduled from follow-on schedule check
