[2024-04-02 21:52:18,806] {taskinstance.py:1159} INFO - Dependencies all met for <TaskInstance: get_crypto_dag.AVAX scheduled__2024-03-11T00:00:00+00:00 [queued]>
[2024-04-02 21:52:18,832] {taskinstance.py:1159} INFO - Dependencies all met for <TaskInstance: get_crypto_dag.AVAX scheduled__2024-03-11T00:00:00+00:00 [queued]>
[2024-04-02 21:52:18,833] {taskinstance.py:1356} INFO - 
--------------------------------------------------------------------------------
[2024-04-02 21:52:18,833] {taskinstance.py:1357} INFO - Starting attempt 1 of 1
[2024-04-02 21:52:18,833] {taskinstance.py:1358} INFO - 
--------------------------------------------------------------------------------
[2024-04-02 21:52:18,863] {taskinstance.py:1377} INFO - Executing <Task(_PythonDecoratedOperator): AVAX> on 2024-03-11 00:00:00+00:00
[2024-04-02 21:52:18,875] {standard_task_runner.py:52} INFO - Started process 52743 to run task
[2024-04-02 21:52:18,886] {standard_task_runner.py:79} INFO - Running: ['airflow', 'tasks', 'run', 'get_crypto_dag', 'AVAX', 'scheduled__2024-03-11T00:00:00+00:00', '--job-id', '842', '--raw', '--subdir', 'DAGS_FOLDER/get_crypto.py', '--cfg-path', '/tmp/tmpfntv9qcu', '--error-file', '/tmp/tmpx64hpjyj']
[2024-04-02 21:52:18,888] {standard_task_runner.py:80} INFO - Job 842: Subtask AVAX
[2024-04-02 21:52:19,053] {task_command.py:370} INFO - Running <TaskInstance: get_crypto_dag.AVAX scheduled__2024-03-11T00:00:00+00:00 [running]> on host alexmend-virtual-machine
[2024-04-02 21:52:19,268] {taskinstance.py:1569} INFO - Exporting the following env vars:
AIRFLOW_CTX_DAG_OWNER=airflow
AIRFLOW_CTX_DAG_ID=get_crypto_dag
AIRFLOW_CTX_TASK_ID=AVAX
AIRFLOW_CTX_EXECUTION_DATE=2024-03-11T00:00:00+00:00
AIRFLOW_CTX_TRY_NUMBER=1
AIRFLOW_CTX_DAG_RUN_ID=scheduled__2024-03-11T00:00:00+00:00
[2024-04-02 21:52:22,962] {history.py:90} ERROR - AVAX: No timezone found, symbol may be delisted
[2024-04-02 21:52:32,980] {python.py:173} INFO - Done. Returned value was: None
[2024-04-02 21:52:33,308] {taskinstance.py:1395} INFO - Marking task as SUCCESS. dag_id=get_crypto_dag, task_id=AVAX, execution_date=20240311T000000, start_date=20240403T005218, end_date=20240403T005233
[2024-04-02 21:52:33,645] {local_task_job.py:156} INFO - Task exited with return code 0
[2024-04-02 21:52:34,268] {local_task_job.py:273} INFO - 0 downstream tasks scheduled from follow-on schedule check
[2024-04-02 23:01:23,580] {taskinstance.py:1159} INFO - Dependencies all met for <TaskInstance: get_crypto_dag.AVAX scheduled__2024-03-11T00:00:00+00:00 [queued]>
[2024-04-02 23:01:23,604] {taskinstance.py:1159} INFO - Dependencies all met for <TaskInstance: get_crypto_dag.AVAX scheduled__2024-03-11T00:00:00+00:00 [queued]>
[2024-04-02 23:01:23,605] {taskinstance.py:1356} INFO - 
--------------------------------------------------------------------------------
[2024-04-02 23:01:23,606] {taskinstance.py:1357} INFO - Starting attempt 1 of 1
[2024-04-02 23:01:23,606] {taskinstance.py:1358} INFO - 
--------------------------------------------------------------------------------
[2024-04-02 23:01:23,636] {taskinstance.py:1377} INFO - Executing <Task(_PythonDecoratedOperator): AVAX> on 2024-03-11 00:00:00+00:00
[2024-04-02 23:01:23,645] {standard_task_runner.py:52} INFO - Started process 76464 to run task
[2024-04-02 23:01:23,654] {standard_task_runner.py:79} INFO - Running: ['airflow', 'tasks', 'run', 'get_crypto_dag', 'AVAX', 'scheduled__2024-03-11T00:00:00+00:00', '--job-id', '1068', '--raw', '--subdir', 'DAGS_FOLDER/get_crypto.py', '--cfg-path', '/tmp/tmpzekpa1sd', '--error-file', '/tmp/tmpixvrlbu5']
[2024-04-02 23:01:23,657] {standard_task_runner.py:80} INFO - Job 1068: Subtask AVAX
[2024-04-02 23:01:23,816] {task_command.py:370} INFO - Running <TaskInstance: get_crypto_dag.AVAX scheduled__2024-03-11T00:00:00+00:00 [running]> on host alexmend-virtual-machine
[2024-04-02 23:01:24,065] {taskinstance.py:1569} INFO - Exporting the following env vars:
AIRFLOW_CTX_DAG_OWNER=airflow
AIRFLOW_CTX_DAG_ID=get_crypto_dag
AIRFLOW_CTX_TASK_ID=AVAX
AIRFLOW_CTX_EXECUTION_DATE=2024-03-11T00:00:00+00:00
AIRFLOW_CTX_TRY_NUMBER=1
AIRFLOW_CTX_DAG_RUN_ID=scheduled__2024-03-11T00:00:00+00:00
[2024-04-02 23:01:28,099] {history.py:90} ERROR - AVAX: No timezone found, symbol may be delisted
[2024-04-02 23:01:38,119] {python.py:173} INFO - Done. Returned value was: None
[2024-04-02 23:01:38,156] {taskinstance.py:1395} INFO - Marking task as SUCCESS. dag_id=get_crypto_dag, task_id=AVAX, execution_date=20240311T000000, start_date=20240403T020123, end_date=20240403T020138
[2024-04-02 23:01:38,218] {local_task_job.py:156} INFO - Task exited with return code 0
[2024-04-02 23:01:38,292] {local_task_job.py:273} INFO - 0 downstream tasks scheduled from follow-on schedule check
