[2024-04-02 22:00:11,896] {taskinstance.py:1159} INFO - Dependencies all met for <TaskInstance: get_crypto_dag.DOGE scheduled__2024-03-23T00:00:00+00:00 [queued]>
[2024-04-02 22:00:11,909] {taskinstance.py:1159} INFO - Dependencies all met for <TaskInstance: get_crypto_dag.DOGE scheduled__2024-03-23T00:00:00+00:00 [queued]>
[2024-04-02 22:00:11,910] {taskinstance.py:1356} INFO - 
--------------------------------------------------------------------------------
[2024-04-02 22:00:11,910] {taskinstance.py:1357} INFO - Starting attempt 1 of 1
[2024-04-02 22:00:11,910] {taskinstance.py:1358} INFO - 
--------------------------------------------------------------------------------
[2024-04-02 22:00:11,930] {taskinstance.py:1377} INFO - Executing <Task(_PythonDecoratedOperator): DOGE> on 2024-03-23 00:00:00+00:00
[2024-04-02 22:00:11,938] {standard_task_runner.py:52} INFO - Started process 57875 to run task
[2024-04-02 22:00:11,946] {standard_task_runner.py:79} INFO - Running: ['airflow', 'tasks', 'run', 'get_crypto_dag', 'DOGE', 'scheduled__2024-03-23T00:00:00+00:00', '--job-id', '927', '--raw', '--subdir', 'DAGS_FOLDER/get_crypto.py', '--cfg-path', '/tmp/tmpxi9rnxwl', '--error-file', '/tmp/tmp6gvibj55']
[2024-04-02 22:00:11,948] {standard_task_runner.py:80} INFO - Job 927: Subtask DOGE
[2024-04-02 22:00:12,071] {task_command.py:370} INFO - Running <TaskInstance: get_crypto_dag.DOGE scheduled__2024-03-23T00:00:00+00:00 [running]> on host alexmend-virtual-machine
[2024-04-02 22:00:12,195] {taskinstance.py:1569} INFO - Exporting the following env vars:
AIRFLOW_CTX_DAG_OWNER=airflow
AIRFLOW_CTX_DAG_ID=get_crypto_dag
AIRFLOW_CTX_TASK_ID=DOGE
AIRFLOW_CTX_EXECUTION_DATE=2024-03-23T00:00:00+00:00
AIRFLOW_CTX_TRY_NUMBER=1
AIRFLOW_CTX_DAG_RUN_ID=scheduled__2024-03-23T00:00:00+00:00
[2024-04-02 22:00:16,048] {history.py:90} ERROR - DOGE: No timezone found, symbol may be delisted
[2024-04-02 22:00:26,062] {python.py:173} INFO - Done. Returned value was: None
[2024-04-02 22:00:26,097] {taskinstance.py:1395} INFO - Marking task as SUCCESS. dag_id=get_crypto_dag, task_id=DOGE, execution_date=20240323T000000, start_date=20240403T010011, end_date=20240403T010026
[2024-04-02 22:00:26,173] {local_task_job.py:156} INFO - Task exited with return code 0
[2024-04-02 22:00:26,285] {local_task_job.py:273} INFO - 0 downstream tasks scheduled from follow-on schedule check
[2024-04-02 23:12:39,549] {taskinstance.py:1159} INFO - Dependencies all met for <TaskInstance: get_crypto_dag.DOGE scheduled__2024-03-23T00:00:00+00:00 [queued]>
[2024-04-02 23:12:39,573] {taskinstance.py:1159} INFO - Dependencies all met for <TaskInstance: get_crypto_dag.DOGE scheduled__2024-03-23T00:00:00+00:00 [queued]>
[2024-04-02 23:12:39,573] {taskinstance.py:1356} INFO - 
--------------------------------------------------------------------------------
[2024-04-02 23:12:39,573] {taskinstance.py:1357} INFO - Starting attempt 1 of 1
[2024-04-02 23:12:39,573] {taskinstance.py:1358} INFO - 
--------------------------------------------------------------------------------
[2024-04-02 23:12:39,599] {taskinstance.py:1377} INFO - Executing <Task(_PythonDecoratedOperator): DOGE> on 2024-03-23 00:00:00+00:00
[2024-04-02 23:12:39,611] {standard_task_runner.py:52} INFO - Started process 82919 to run task
[2024-04-02 23:12:39,623] {standard_task_runner.py:79} INFO - Running: ['airflow', 'tasks', 'run', 'get_crypto_dag', 'DOGE', 'scheduled__2024-03-23T00:00:00+00:00', '--job-id', '1154', '--raw', '--subdir', 'DAGS_FOLDER/get_crypto.py', '--cfg-path', '/tmp/tmp3tcintf0', '--error-file', '/tmp/tmp_h6g1wv3']
[2024-04-02 23:12:39,625] {standard_task_runner.py:80} INFO - Job 1154: Subtask DOGE
[2024-04-02 23:12:39,784] {task_command.py:370} INFO - Running <TaskInstance: get_crypto_dag.DOGE scheduled__2024-03-23T00:00:00+00:00 [running]> on host alexmend-virtual-machine
[2024-04-02 23:12:39,930] {taskinstance.py:1569} INFO - Exporting the following env vars:
AIRFLOW_CTX_DAG_OWNER=airflow
AIRFLOW_CTX_DAG_ID=get_crypto_dag
AIRFLOW_CTX_TASK_ID=DOGE
AIRFLOW_CTX_EXECUTION_DATE=2024-03-23T00:00:00+00:00
AIRFLOW_CTX_TRY_NUMBER=1
AIRFLOW_CTX_DAG_RUN_ID=scheduled__2024-03-23T00:00:00+00:00
[2024-04-02 23:12:44,172] {history.py:90} ERROR - DOGE: No timezone found, symbol may be delisted
[2024-04-02 23:12:54,187] {python.py:173} INFO - Done. Returned value was: None
[2024-04-02 23:12:54,219] {taskinstance.py:1395} INFO - Marking task as SUCCESS. dag_id=get_crypto_dag, task_id=DOGE, execution_date=20240323T000000, start_date=20240403T021239, end_date=20240403T021254
[2024-04-02 23:12:54,283] {local_task_job.py:156} INFO - Task exited with return code 0
[2024-04-02 23:12:54,344] {local_task_job.py:273} INFO - 0 downstream tasks scheduled from follow-on schedule check
