[2024-04-02 12:58:07,198] {taskinstance.py:1159} INFO - Dependencies all met for <TaskInstance: get_stocks_dag.GOOG scheduled__2024-01-09T00:00:00+00:00 [queued]>
[2024-04-02 12:58:07,219] {taskinstance.py:1159} INFO - Dependencies all met for <TaskInstance: get_stocks_dag.GOOG scheduled__2024-01-09T00:00:00+00:00 [queued]>
[2024-04-02 12:58:07,219] {taskinstance.py:1356} INFO - 
--------------------------------------------------------------------------------
[2024-04-02 12:58:07,219] {taskinstance.py:1357} INFO - Starting attempt 1 of 1
[2024-04-02 12:58:07,219] {taskinstance.py:1358} INFO - 
--------------------------------------------------------------------------------
[2024-04-02 12:58:07,290] {taskinstance.py:1377} INFO - Executing <Task(_PythonDecoratedOperator): GOOG> on 2024-01-09 00:00:00+00:00
[2024-04-02 12:58:07,303] {standard_task_runner.py:52} INFO - Started process 8299 to run task
[2024-04-02 12:58:07,328] {standard_task_runner.py:79} INFO - Running: ['airflow', 'tasks', 'run', 'get_stocks_dag', 'GOOG', 'scheduled__2024-01-09T00:00:00+00:00', '--job-id', '29', '--raw', '--subdir', 'DAGS_FOLDER/get_stocks.py', '--cfg-path', '/tmp/tmph24jaw9z', '--error-file', '/tmp/tmpaelr0yr4']
[2024-04-02 12:58:07,329] {standard_task_runner.py:80} INFO - Job 29: Subtask GOOG
[2024-04-02 12:58:07,472] {task_command.py:370} INFO - Running <TaskInstance: get_stocks_dag.GOOG scheduled__2024-01-09T00:00:00+00:00 [running]> on host alexmend-virtual-machine
[2024-04-02 12:58:07,597] {taskinstance.py:1569} INFO - Exporting the following env vars:
AIRFLOW_CTX_DAG_OWNER=airflow
AIRFLOW_CTX_DAG_ID=get_stocks_dag
AIRFLOW_CTX_TASK_ID=GOOG
AIRFLOW_CTX_EXECUTION_DATE=2024-01-09T00:00:00+00:00
AIRFLOW_CTX_TRY_NUMBER=1
AIRFLOW_CTX_DAG_RUN_ID=scheduled__2024-01-09T00:00:00+00:00
[2024-04-02 12:58:10,589] {python.py:173} INFO - Done. Returned value was: None
[2024-04-02 12:58:10,615] {taskinstance.py:1395} INFO - Marking task as SUCCESS. dag_id=get_stocks_dag, task_id=GOOG, execution_date=20240109T000000, start_date=20240402T155807, end_date=20240402T155810
[2024-04-02 12:58:10,694] {local_task_job.py:156} INFO - Task exited with return code 0
[2024-04-02 12:58:10,800] {local_task_job.py:273} INFO - 0 downstream tasks scheduled from follow-on schedule check
[2024-04-02 13:47:39,329] {taskinstance.py:1159} INFO - Dependencies all met for <TaskInstance: get_stocks_dag.GOOG scheduled__2024-01-09T00:00:00+00:00 [queued]>
[2024-04-02 13:47:39,909] {taskinstance.py:1159} INFO - Dependencies all met for <TaskInstance: get_stocks_dag.GOOG scheduled__2024-01-09T00:00:00+00:00 [queued]>
[2024-04-02 13:47:39,949] {taskinstance.py:1356} INFO - 
--------------------------------------------------------------------------------
[2024-04-02 13:47:39,949] {taskinstance.py:1357} INFO - Starting attempt 1 of 1
[2024-04-02 13:47:39,949] {taskinstance.py:1358} INFO - 
--------------------------------------------------------------------------------
[2024-04-02 13:47:40,880] {taskinstance.py:1377} INFO - Executing <Task(_PythonDecoratedOperator): GOOG> on 2024-01-09 00:00:00+00:00
[2024-04-02 13:47:41,302] {standard_task_runner.py:52} INFO - Started process 26875 to run task
[2024-04-02 13:47:43,481] {standard_task_runner.py:79} INFO - Running: ['airflow', 'tasks', 'run', 'get_stocks_dag', 'GOOG', 'scheduled__2024-01-09T00:00:00+00:00', '--job-id', '9', '--raw', '--subdir', 'DAGS_FOLDER/get_stocks.py', '--cfg-path', '/tmp/tmp9izqb8rb', '--error-file', '/tmp/tmp0zeettdx']
[2024-04-02 13:47:43,539] {standard_task_runner.py:80} INFO - Job 9: Subtask GOOG
[2024-04-02 13:47:50,664] {task_command.py:370} INFO - Running <TaskInstance: get_stocks_dag.GOOG scheduled__2024-01-09T00:00:00+00:00 [running]> on host alexmend-virtual-machine
[2024-04-02 13:48:10,454] {taskinstance.py:1569} INFO - Exporting the following env vars:
AIRFLOW_CTX_DAG_OWNER=airflow
AIRFLOW_CTX_DAG_ID=get_stocks_dag
AIRFLOW_CTX_TASK_ID=GOOG
AIRFLOW_CTX_EXECUTION_DATE=2024-01-09T00:00:00+00:00
AIRFLOW_CTX_TRY_NUMBER=1
AIRFLOW_CTX_DAG_RUN_ID=scheduled__2024-01-09T00:00:00+00:00
[2024-04-02 17:42:13,246] {taskinstance.py:1159} INFO - Dependencies all met for <TaskInstance: get_stocks_dag.GOOG scheduled__2024-01-09T00:00:00+00:00 [queued]>
[2024-04-02 17:42:13,269] {taskinstance.py:1159} INFO - Dependencies all met for <TaskInstance: get_stocks_dag.GOOG scheduled__2024-01-09T00:00:00+00:00 [queued]>
[2024-04-02 17:42:13,269] {taskinstance.py:1356} INFO - 
--------------------------------------------------------------------------------
[2024-04-02 17:42:13,269] {taskinstance.py:1357} INFO - Starting attempt 1 of 1
[2024-04-02 17:42:13,269] {taskinstance.py:1358} INFO - 
--------------------------------------------------------------------------------
[2024-04-02 17:42:13,292] {taskinstance.py:1377} INFO - Executing <Task(_PythonDecoratedOperator): GOOG> on 2024-01-09 00:00:00+00:00
[2024-04-02 17:42:13,303] {standard_task_runner.py:52} INFO - Started process 18461 to run task
[2024-04-02 17:42:13,318] {standard_task_runner.py:79} INFO - Running: ['airflow', 'tasks', 'run', 'get_stocks_dag', 'GOOG', 'scheduled__2024-01-09T00:00:00+00:00', '--job-id', '273', '--raw', '--subdir', 'DAGS_FOLDER/get_stocks.py', '--cfg-path', '/tmp/tmpe5815r_u', '--error-file', '/tmp/tmp30qaefn1']
[2024-04-02 17:42:13,320] {standard_task_runner.py:80} INFO - Job 273: Subtask GOOG
[2024-04-02 17:42:13,488] {task_command.py:370} INFO - Running <TaskInstance: get_stocks_dag.GOOG scheduled__2024-01-09T00:00:00+00:00 [running]> on host alexmend-virtual-machine
[2024-04-02 17:42:13,713] {taskinstance.py:1569} INFO - Exporting the following env vars:
AIRFLOW_CTX_DAG_OWNER=airflow
AIRFLOW_CTX_DAG_ID=get_stocks_dag
AIRFLOW_CTX_TASK_ID=GOOG
AIRFLOW_CTX_EXECUTION_DATE=2024-01-09T00:00:00+00:00
AIRFLOW_CTX_TRY_NUMBER=1
AIRFLOW_CTX_DAG_RUN_ID=scheduled__2024-01-09T00:00:00+00:00
[2024-04-02 17:42:14,377] {python.py:173} INFO - Done. Returned value was: None
[2024-04-02 17:42:14,404] {taskinstance.py:1395} INFO - Marking task as SUCCESS. dag_id=get_stocks_dag, task_id=GOOG, execution_date=20240109T000000, start_date=20240402T204213, end_date=20240402T204214
[2024-04-02 17:42:14,460] {local_task_job.py:156} INFO - Task exited with return code 0
[2024-04-02 17:42:14,544] {local_task_job.py:273} INFO - 0 downstream tasks scheduled from follow-on schedule check
