[2024-04-02 21:46:32,393] {taskinstance.py:1159} INFO - Dependencies all met for <TaskInstance: get_crypto_dag.BTC scheduled__2024-03-02T00:00:00+00:00 [queued]>
[2024-04-02 21:46:32,431] {taskinstance.py:1159} INFO - Dependencies all met for <TaskInstance: get_crypto_dag.BTC scheduled__2024-03-02T00:00:00+00:00 [queued]>
[2024-04-02 21:46:32,431] {taskinstance.py:1356} INFO - 
--------------------------------------------------------------------------------
[2024-04-02 21:46:32,432] {taskinstance.py:1357} INFO - Starting attempt 1 of 1
[2024-04-02 21:46:32,432] {taskinstance.py:1358} INFO - 
--------------------------------------------------------------------------------
[2024-04-02 21:46:32,474] {taskinstance.py:1377} INFO - Executing <Task(_PythonDecoratedOperator): BTC> on 2024-03-02 00:00:00+00:00
[2024-04-02 21:46:32,495] {standard_task_runner.py:52} INFO - Started process 48251 to run task
[2024-04-02 21:46:32,504] {standard_task_runner.py:79} INFO - Running: ['airflow', 'tasks', 'run', 'get_crypto_dag', 'BTC', 'scheduled__2024-03-02T00:00:00+00:00', '--job-id', '761', '--raw', '--subdir', 'DAGS_FOLDER/get_crypto.py', '--cfg-path', '/tmp/tmpb973j9nj', '--error-file', '/tmp/tmpuuh6ns_c']
[2024-04-02 21:46:32,515] {standard_task_runner.py:80} INFO - Job 761: Subtask BTC
[2024-04-02 21:46:32,722] {task_command.py:370} INFO - Running <TaskInstance: get_crypto_dag.BTC scheduled__2024-03-02T00:00:00+00:00 [running]> on host alexmend-virtual-machine
[2024-04-02 21:46:33,001] {taskinstance.py:1569} INFO - Exporting the following env vars:
AIRFLOW_CTX_DAG_OWNER=airflow
AIRFLOW_CTX_DAG_ID=get_crypto_dag
AIRFLOW_CTX_TASK_ID=BTC
AIRFLOW_CTX_EXECUTION_DATE=2024-03-02T00:00:00+00:00
AIRFLOW_CTX_TRY_NUMBER=1
AIRFLOW_CTX_DAG_RUN_ID=scheduled__2024-03-02T00:00:00+00:00
[2024-04-02 21:46:33,808] {history.py:222} ERROR - BTC: No price data found, symbol may be delisted (1h 2024-03-01 -> 2024-03-02)
[2024-04-02 21:46:43,838] {python.py:173} INFO - Done. Returned value was: None
[2024-04-02 21:46:43,880] {taskinstance.py:1395} INFO - Marking task as SUCCESS. dag_id=get_crypto_dag, task_id=BTC, execution_date=20240302T000000, start_date=20240403T004632, end_date=20240403T004643
[2024-04-02 21:46:43,935] {local_task_job.py:156} INFO - Task exited with return code 0
[2024-04-02 21:46:44,044] {local_task_job.py:273} INFO - 0 downstream tasks scheduled from follow-on schedule check
[2024-04-02 22:51:25,709] {taskinstance.py:1159} INFO - Dependencies all met for <TaskInstance: get_crypto_dag.BTC scheduled__2024-03-02T00:00:00+00:00 [queued]>
[2024-04-02 22:51:25,746] {taskinstance.py:1159} INFO - Dependencies all met for <TaskInstance: get_crypto_dag.BTC scheduled__2024-03-02T00:00:00+00:00 [queued]>
[2024-04-02 22:51:25,749] {taskinstance.py:1356} INFO - 
--------------------------------------------------------------------------------
[2024-04-02 22:51:25,751] {taskinstance.py:1357} INFO - Starting attempt 1 of 1
[2024-04-02 22:51:25,752] {taskinstance.py:1358} INFO - 
--------------------------------------------------------------------------------
[2024-04-02 22:51:25,790] {taskinstance.py:1377} INFO - Executing <Task(_PythonDecoratedOperator): BTC> on 2024-03-02 00:00:00+00:00
[2024-04-02 22:51:25,802] {standard_task_runner.py:52} INFO - Started process 71522 to run task
[2024-04-02 22:51:25,834] {standard_task_runner.py:79} INFO - Running: ['airflow', 'tasks', 'run', 'get_crypto_dag', 'BTC', 'scheduled__2024-03-02T00:00:00+00:00', '--job-id', '1005', '--raw', '--subdir', 'DAGS_FOLDER/get_crypto.py', '--cfg-path', '/tmp/tmpyxnw9hei', '--error-file', '/tmp/tmp3hpij18p']
[2024-04-02 22:51:25,837] {standard_task_runner.py:80} INFO - Job 1005: Subtask BTC
[2024-04-02 22:51:26,086] {task_command.py:370} INFO - Running <TaskInstance: get_crypto_dag.BTC scheduled__2024-03-02T00:00:00+00:00 [running]> on host alexmend-virtual-machine
[2024-04-02 22:51:26,310] {taskinstance.py:1569} INFO - Exporting the following env vars:
AIRFLOW_CTX_DAG_OWNER=airflow
AIRFLOW_CTX_DAG_ID=get_crypto_dag
AIRFLOW_CTX_TASK_ID=BTC
AIRFLOW_CTX_EXECUTION_DATE=2024-03-02T00:00:00+00:00
AIRFLOW_CTX_TRY_NUMBER=1
AIRFLOW_CTX_DAG_RUN_ID=scheduled__2024-03-02T00:00:00+00:00
[2024-04-02 22:51:27,005] {history.py:222} ERROR - BTC: No price data found, symbol may be delisted (1h 2024-03-01 -> 2024-03-02)
[2024-04-02 22:51:37,031] {python.py:173} INFO - Done. Returned value was: None
[2024-04-02 22:51:37,075] {taskinstance.py:1395} INFO - Marking task as SUCCESS. dag_id=get_crypto_dag, task_id=BTC, execution_date=20240302T000000, start_date=20240403T015125, end_date=20240403T015137
[2024-04-02 22:51:37,170] {local_task_job.py:156} INFO - Task exited with return code 0
[2024-04-02 22:51:37,251] {local_task_job.py:273} INFO - 0 downstream tasks scheduled from follow-on schedule check
