[2024-04-02 13:01:06,845] {taskinstance.py:1159} INFO - Dependencies all met for <TaskInstance: get_stocks_dag.MSFT scheduled__2024-01-23T00:00:00+00:00 [queued]>
[2024-04-02 13:01:06,852] {taskinstance.py:1159} INFO - Dependencies all met for <TaskInstance: get_stocks_dag.MSFT scheduled__2024-01-23T00:00:00+00:00 [queued]>
[2024-04-02 13:01:06,853] {taskinstance.py:1356} INFO - 
--------------------------------------------------------------------------------
[2024-04-02 13:01:06,853] {taskinstance.py:1357} INFO - Starting attempt 1 of 1
[2024-04-02 13:01:06,854] {taskinstance.py:1358} INFO - 
--------------------------------------------------------------------------------
[2024-04-02 13:01:06,879] {taskinstance.py:1377} INFO - Executing <Task(_PythonDecoratedOperator): MSFT> on 2024-01-23 00:00:00+00:00
[2024-04-02 13:01:06,884] {standard_task_runner.py:52} INFO - Started process 9259 to run task
[2024-04-02 13:01:06,890] {standard_task_runner.py:79} INFO - Running: ['airflow', 'tasks', 'run', 'get_stocks_dag', 'MSFT', 'scheduled__2024-01-23T00:00:00+00:00', '--job-id', '68', '--raw', '--subdir', 'DAGS_FOLDER/get_stocks.py', '--cfg-path', '/tmp/tmpjvv8tsc_', '--error-file', '/tmp/tmpway9o6kf']
[2024-04-02 13:01:06,891] {standard_task_runner.py:80} INFO - Job 68: Subtask MSFT
[2024-04-02 13:01:06,961] {task_command.py:370} INFO - Running <TaskInstance: get_stocks_dag.MSFT scheduled__2024-01-23T00:00:00+00:00 [running]> on host alexmend-virtual-machine
[2024-04-02 13:01:07,028] {taskinstance.py:1569} INFO - Exporting the following env vars:
AIRFLOW_CTX_DAG_OWNER=airflow
AIRFLOW_CTX_DAG_ID=get_stocks_dag
AIRFLOW_CTX_TASK_ID=MSFT
AIRFLOW_CTX_EXECUTION_DATE=2024-01-23T00:00:00+00:00
AIRFLOW_CTX_TRY_NUMBER=1
AIRFLOW_CTX_DAG_RUN_ID=scheduled__2024-01-23T00:00:00+00:00
[2024-04-02 13:01:07,617] {python.py:173} INFO - Done. Returned value was: None
[2024-04-02 13:01:07,637] {taskinstance.py:1395} INFO - Marking task as SUCCESS. dag_id=get_stocks_dag, task_id=MSFT, execution_date=20240123T000000, start_date=20240402T160106, end_date=20240402T160107
[2024-04-02 13:01:07,706] {local_task_job.py:156} INFO - Task exited with return code 0
[2024-04-02 13:01:07,738] {local_task_job.py:273} INFO - 0 downstream tasks scheduled from follow-on schedule check
[2024-04-02 17:17:33,954] {taskinstance.py:1159} INFO - Dependencies all met for <TaskInstance: get_stocks_dag.MSFT scheduled__2024-01-23T00:00:00+00:00 [queued]>
[2024-04-02 17:17:34,189] {taskinstance.py:1159} INFO - Dependencies all met for <TaskInstance: get_stocks_dag.MSFT scheduled__2024-01-23T00:00:00+00:00 [queued]>
[2024-04-02 17:17:34,189] {taskinstance.py:1356} INFO - 
--------------------------------------------------------------------------------
[2024-04-02 17:17:34,189] {taskinstance.py:1357} INFO - Starting attempt 1 of 1
[2024-04-02 17:17:34,189] {taskinstance.py:1358} INFO - 
--------------------------------------------------------------------------------
[2024-04-02 17:17:34,393] {taskinstance.py:1377} INFO - Executing <Task(_PythonDecoratedOperator): MSFT> on 2024-01-23 00:00:00+00:00
[2024-04-02 17:17:34,540] {standard_task_runner.py:52} INFO - Started process 4842 to run task
[2024-04-02 17:17:34,607] {standard_task_runner.py:79} INFO - Running: ['airflow', 'tasks', 'run', 'get_stocks_dag', 'MSFT', 'scheduled__2024-01-23T00:00:00+00:00', '--job-id', '42', '--raw', '--subdir', 'DAGS_FOLDER/get_stocks.py', '--cfg-path', '/tmp/tmpr_41qczp', '--error-file', '/tmp/tmpk2pk6jpf']
[2024-04-02 17:17:34,613] {standard_task_runner.py:80} INFO - Job 42: Subtask MSFT
[2024-04-02 17:17:35,776] {task_command.py:370} INFO - Running <TaskInstance: get_stocks_dag.MSFT scheduled__2024-01-23T00:00:00+00:00 [running]> on host alexmend-virtual-machine
[2024-04-02 17:17:37,316] {taskinstance.py:1569} INFO - Exporting the following env vars:
AIRFLOW_CTX_DAG_OWNER=airflow
AIRFLOW_CTX_DAG_ID=get_stocks_dag
AIRFLOW_CTX_TASK_ID=MSFT
AIRFLOW_CTX_EXECUTION_DATE=2024-01-23T00:00:00+00:00
AIRFLOW_CTX_TRY_NUMBER=1
AIRFLOW_CTX_DAG_RUN_ID=scheduled__2024-01-23T00:00:00+00:00
[2024-04-02 17:17:38,842] {python.py:173} INFO - Done. Returned value was: None
[2024-04-02 17:17:39,686] {taskinstance.py:1395} INFO - Marking task as SUCCESS. dag_id=get_stocks_dag, task_id=MSFT, execution_date=20240123T000000, start_date=20240402T201733, end_date=20240402T201739
[2024-04-02 17:17:40,513] {local_task_job.py:156} INFO - Task exited with return code 0
[2024-04-02 17:17:40,772] {local_task_job.py:273} INFO - 0 downstream tasks scheduled from follow-on schedule check
[2024-04-02 17:43:16,756] {taskinstance.py:1159} INFO - Dependencies all met for <TaskInstance: get_stocks_dag.MSFT scheduled__2024-01-23T00:00:00+00:00 [queued]>
[2024-04-02 17:43:16,772] {taskinstance.py:1159} INFO - Dependencies all met for <TaskInstance: get_stocks_dag.MSFT scheduled__2024-01-23T00:00:00+00:00 [queued]>
[2024-04-02 17:43:16,772] {taskinstance.py:1356} INFO - 
--------------------------------------------------------------------------------
[2024-04-02 17:43:16,772] {taskinstance.py:1357} INFO - Starting attempt 1 of 1
[2024-04-02 17:43:16,772] {taskinstance.py:1358} INFO - 
--------------------------------------------------------------------------------
[2024-04-02 17:43:16,791] {taskinstance.py:1377} INFO - Executing <Task(_PythonDecoratedOperator): MSFT> on 2024-01-23 00:00:00+00:00
[2024-04-02 17:43:16,798] {standard_task_runner.py:52} INFO - Started process 19649 to run task
[2024-04-02 17:43:16,806] {standard_task_runner.py:79} INFO - Running: ['airflow', 'tasks', 'run', 'get_stocks_dag', 'MSFT', 'scheduled__2024-01-23T00:00:00+00:00', '--job-id', '313', '--raw', '--subdir', 'DAGS_FOLDER/get_stocks.py', '--cfg-path', '/tmp/tmpkny3or3o', '--error-file', '/tmp/tmpfxo50dmq']
[2024-04-02 17:43:16,811] {standard_task_runner.py:80} INFO - Job 313: Subtask MSFT
[2024-04-02 17:43:16,967] {task_command.py:370} INFO - Running <TaskInstance: get_stocks_dag.MSFT scheduled__2024-01-23T00:00:00+00:00 [running]> on host alexmend-virtual-machine
[2024-04-02 17:43:17,121] {taskinstance.py:1569} INFO - Exporting the following env vars:
AIRFLOW_CTX_DAG_OWNER=airflow
AIRFLOW_CTX_DAG_ID=get_stocks_dag
AIRFLOW_CTX_TASK_ID=MSFT
AIRFLOW_CTX_EXECUTION_DATE=2024-01-23T00:00:00+00:00
AIRFLOW_CTX_TRY_NUMBER=1
AIRFLOW_CTX_DAG_RUN_ID=scheduled__2024-01-23T00:00:00+00:00
[2024-04-02 17:43:17,808] {python.py:173} INFO - Done. Returned value was: None
[2024-04-02 17:43:17,832] {taskinstance.py:1395} INFO - Marking task as SUCCESS. dag_id=get_stocks_dag, task_id=MSFT, execution_date=20240123T000000, start_date=20240402T204316, end_date=20240402T204317
[2024-04-02 17:43:17,874] {local_task_job.py:156} INFO - Task exited with return code 0
[2024-04-02 17:43:17,928] {local_task_job.py:273} INFO - 0 downstream tasks scheduled from follow-on schedule check
