[2024-04-02 13:04:31,999] {taskinstance.py:1159} INFO - Dependencies all met for <TaskInstance: get_stocks_dag.GOOG scheduled__2024-02-08T00:00:00+00:00 [queued]>
[2024-04-02 13:04:32,007] {taskinstance.py:1159} INFO - Dependencies all met for <TaskInstance: get_stocks_dag.GOOG scheduled__2024-02-08T00:00:00+00:00 [queued]>
[2024-04-02 13:04:32,008] {taskinstance.py:1356} INFO - 
--------------------------------------------------------------------------------
[2024-04-02 13:04:32,008] {taskinstance.py:1357} INFO - Starting attempt 1 of 1
[2024-04-02 13:04:32,009] {taskinstance.py:1358} INFO - 
--------------------------------------------------------------------------------
[2024-04-02 13:04:32,039] {taskinstance.py:1377} INFO - Executing <Task(_PythonDecoratedOperator): GOOG> on 2024-02-08 00:00:00+00:00
[2024-04-02 13:04:32,045] {standard_task_runner.py:52} INFO - Started process 10417 to run task
[2024-04-02 13:04:32,080] {standard_task_runner.py:79} INFO - Running: ['airflow', 'tasks', 'run', 'get_stocks_dag', 'GOOG', 'scheduled__2024-02-08T00:00:00+00:00', '--job-id', '117', '--raw', '--subdir', 'DAGS_FOLDER/get_stocks.py', '--cfg-path', '/tmp/tmpd3nd4199', '--error-file', '/tmp/tmpmpobakta']
[2024-04-02 13:04:32,081] {standard_task_runner.py:80} INFO - Job 117: Subtask GOOG
[2024-04-02 13:04:32,163] {task_command.py:370} INFO - Running <TaskInstance: get_stocks_dag.GOOG scheduled__2024-02-08T00:00:00+00:00 [running]> on host alexmend-virtual-machine
[2024-04-02 13:04:32,264] {taskinstance.py:1569} INFO - Exporting the following env vars:
AIRFLOW_CTX_DAG_OWNER=airflow
AIRFLOW_CTX_DAG_ID=get_stocks_dag
AIRFLOW_CTX_TASK_ID=GOOG
AIRFLOW_CTX_EXECUTION_DATE=2024-02-08T00:00:00+00:00
AIRFLOW_CTX_TRY_NUMBER=1
AIRFLOW_CTX_DAG_RUN_ID=scheduled__2024-02-08T00:00:00+00:00
[2024-04-02 13:04:33,257] {python.py:173} INFO - Done. Returned value was: None
[2024-04-02 13:04:33,275] {taskinstance.py:1395} INFO - Marking task as SUCCESS. dag_id=get_stocks_dag, task_id=GOOG, execution_date=20240208T000000, start_date=20240402T160431, end_date=20240402T160433
[2024-04-02 13:04:33,358] {local_task_job.py:156} INFO - Task exited with return code 0
[2024-04-02 13:04:33,389] {local_task_job.py:273} INFO - 0 downstream tasks scheduled from follow-on schedule check
[2024-04-02 17:18:23,161] {taskinstance.py:1159} INFO - Dependencies all met for <TaskInstance: get_stocks_dag.GOOG scheduled__2024-02-08T00:00:00+00:00 [queued]>
[2024-04-02 17:18:23,267] {taskinstance.py:1159} INFO - Dependencies all met for <TaskInstance: get_stocks_dag.GOOG scheduled__2024-02-08T00:00:00+00:00 [queued]>
[2024-04-02 17:18:23,267] {taskinstance.py:1356} INFO - 
--------------------------------------------------------------------------------
[2024-04-02 17:18:23,267] {taskinstance.py:1357} INFO - Starting attempt 1 of 1
[2024-04-02 17:18:23,272] {taskinstance.py:1358} INFO - 
--------------------------------------------------------------------------------
[2024-04-02 17:18:23,402] {taskinstance.py:1377} INFO - Executing <Task(_PythonDecoratedOperator): GOOG> on 2024-02-08 00:00:00+00:00
[2024-04-02 17:18:23,415] {standard_task_runner.py:52} INFO - Started process 6274 to run task
[2024-04-02 17:18:23,497] {standard_task_runner.py:79} INFO - Running: ['airflow', 'tasks', 'run', 'get_stocks_dag', 'GOOG', 'scheduled__2024-02-08T00:00:00+00:00', '--job-id', '98', '--raw', '--subdir', 'DAGS_FOLDER/get_stocks.py', '--cfg-path', '/tmp/tmpja3jbvw6', '--error-file', '/tmp/tmpa5omrjxx']
[2024-04-02 17:18:23,499] {standard_task_runner.py:80} INFO - Job 98: Subtask GOOG
[2024-04-02 17:18:24,342] {task_command.py:370} INFO - Running <TaskInstance: get_stocks_dag.GOOG scheduled__2024-02-08T00:00:00+00:00 [running]> on host alexmend-virtual-machine
[2024-04-02 17:18:25,386] {taskinstance.py:1569} INFO - Exporting the following env vars:
AIRFLOW_CTX_DAG_OWNER=airflow
AIRFLOW_CTX_DAG_ID=get_stocks_dag
AIRFLOW_CTX_TASK_ID=GOOG
AIRFLOW_CTX_EXECUTION_DATE=2024-02-08T00:00:00+00:00
AIRFLOW_CTX_TRY_NUMBER=1
AIRFLOW_CTX_DAG_RUN_ID=scheduled__2024-02-08T00:00:00+00:00
[2024-04-02 17:18:26,378] {python.py:173} INFO - Done. Returned value was: None
[2024-04-02 17:18:26,836] {taskinstance.py:1395} INFO - Marking task as SUCCESS. dag_id=get_stocks_dag, task_id=GOOG, execution_date=20240208T000000, start_date=20240402T201823, end_date=20240402T201826
[2024-04-02 17:18:26,966] {local_task_job.py:156} INFO - Task exited with return code 0
[2024-04-02 17:18:27,436] {local_task_job.py:273} INFO - 0 downstream tasks scheduled from follow-on schedule check
[2024-04-02 17:44:29,882] {taskinstance.py:1159} INFO - Dependencies all met for <TaskInstance: get_stocks_dag.GOOG scheduled__2024-02-08T00:00:00+00:00 [queued]>
[2024-04-02 17:44:29,896] {taskinstance.py:1159} INFO - Dependencies all met for <TaskInstance: get_stocks_dag.GOOG scheduled__2024-02-08T00:00:00+00:00 [queued]>
[2024-04-02 17:44:29,896] {taskinstance.py:1356} INFO - 
--------------------------------------------------------------------------------
[2024-04-02 17:44:29,896] {taskinstance.py:1357} INFO - Starting attempt 1 of 1
[2024-04-02 17:44:29,896] {taskinstance.py:1358} INFO - 
--------------------------------------------------------------------------------
[2024-04-02 17:44:29,916] {taskinstance.py:1377} INFO - Executing <Task(_PythonDecoratedOperator): GOOG> on 2024-02-08 00:00:00+00:00
[2024-04-02 17:44:29,923] {standard_task_runner.py:52} INFO - Started process 21040 to run task
[2024-04-02 17:44:29,932] {standard_task_runner.py:79} INFO - Running: ['airflow', 'tasks', 'run', 'get_stocks_dag', 'GOOG', 'scheduled__2024-02-08T00:00:00+00:00', '--job-id', '361', '--raw', '--subdir', 'DAGS_FOLDER/get_stocks.py', '--cfg-path', '/tmp/tmpxv4rqcwv', '--error-file', '/tmp/tmpzp__jb3q']
[2024-04-02 17:44:29,933] {standard_task_runner.py:80} INFO - Job 361: Subtask GOOG
[2024-04-02 17:44:30,051] {task_command.py:370} INFO - Running <TaskInstance: get_stocks_dag.GOOG scheduled__2024-02-08T00:00:00+00:00 [running]> on host alexmend-virtual-machine
[2024-04-02 17:44:30,176] {taskinstance.py:1569} INFO - Exporting the following env vars:
AIRFLOW_CTX_DAG_OWNER=airflow
AIRFLOW_CTX_DAG_ID=get_stocks_dag
AIRFLOW_CTX_TASK_ID=GOOG
AIRFLOW_CTX_EXECUTION_DATE=2024-02-08T00:00:00+00:00
AIRFLOW_CTX_TRY_NUMBER=1
AIRFLOW_CTX_DAG_RUN_ID=scheduled__2024-02-08T00:00:00+00:00
[2024-04-02 17:44:30,820] {python.py:173} INFO - Done. Returned value was: None
[2024-04-02 17:44:30,841] {taskinstance.py:1395} INFO - Marking task as SUCCESS. dag_id=get_stocks_dag, task_id=GOOG, execution_date=20240208T000000, start_date=20240402T204429, end_date=20240402T204430
[2024-04-02 17:44:30,875] {local_task_job.py:156} INFO - Task exited with return code 0
[2024-04-02 17:44:30,946] {local_task_job.py:273} INFO - 0 downstream tasks scheduled from follow-on schedule check
