[2024-04-02 13:07:05,086] {taskinstance.py:1159} INFO - Dependencies all met for <TaskInstance: get_stocks_dag.GOOG scheduled__2024-02-21T00:00:00+00:00 [queued]>
[2024-04-02 13:07:05,102] {taskinstance.py:1159} INFO - Dependencies all met for <TaskInstance: get_stocks_dag.GOOG scheduled__2024-02-21T00:00:00+00:00 [queued]>
[2024-04-02 13:07:05,102] {taskinstance.py:1356} INFO - 
--------------------------------------------------------------------------------
[2024-04-02 13:07:05,102] {taskinstance.py:1357} INFO - Starting attempt 1 of 1
[2024-04-02 13:07:05,102] {taskinstance.py:1358} INFO - 
--------------------------------------------------------------------------------
[2024-04-02 13:07:05,124] {taskinstance.py:1377} INFO - Executing <Task(_PythonDecoratedOperator): GOOG> on 2024-02-21 00:00:00+00:00
[2024-04-02 13:07:05,132] {standard_task_runner.py:52} INFO - Started process 11355 to run task
[2024-04-02 13:07:05,137] {standard_task_runner.py:79} INFO - Running: ['airflow', 'tasks', 'run', 'get_stocks_dag', 'GOOG', 'scheduled__2024-02-21T00:00:00+00:00', '--job-id', '153', '--raw', '--subdir', 'DAGS_FOLDER/get_stocks.py', '--cfg-path', '/tmp/tmp55i8w5hn', '--error-file', '/tmp/tmpi_rty6pi']
[2024-04-02 13:07:05,138] {standard_task_runner.py:80} INFO - Job 153: Subtask GOOG
[2024-04-02 13:07:05,209] {task_command.py:370} INFO - Running <TaskInstance: get_stocks_dag.GOOG scheduled__2024-02-21T00:00:00+00:00 [running]> on host alexmend-virtual-machine
[2024-04-02 13:07:05,335] {taskinstance.py:1569} INFO - Exporting the following env vars:
AIRFLOW_CTX_DAG_OWNER=airflow
AIRFLOW_CTX_DAG_ID=get_stocks_dag
AIRFLOW_CTX_TASK_ID=GOOG
AIRFLOW_CTX_EXECUTION_DATE=2024-02-21T00:00:00+00:00
AIRFLOW_CTX_TRY_NUMBER=1
AIRFLOW_CTX_DAG_RUN_ID=scheduled__2024-02-21T00:00:00+00:00
[2024-04-02 13:07:06,037] {python.py:173} INFO - Done. Returned value was: None
[2024-04-02 13:07:06,053] {taskinstance.py:1395} INFO - Marking task as SUCCESS. dag_id=get_stocks_dag, task_id=GOOG, execution_date=20240221T000000, start_date=20240402T160705, end_date=20240402T160706
[2024-04-02 13:07:06,095] {local_task_job.py:156} INFO - Task exited with return code 0
[2024-04-02 13:07:06,122] {local_task_job.py:273} INFO - 0 downstream tasks scheduled from follow-on schedule check
[2024-04-02 17:18:52,429] {taskinstance.py:1159} INFO - Dependencies all met for <TaskInstance: get_stocks_dag.GOOG scheduled__2024-02-21T00:00:00+00:00 [queued]>
[2024-04-02 17:18:52,560] {taskinstance.py:1159} INFO - Dependencies all met for <TaskInstance: get_stocks_dag.GOOG scheduled__2024-02-21T00:00:00+00:00 [queued]>
[2024-04-02 17:18:52,561] {taskinstance.py:1356} INFO - 
--------------------------------------------------------------------------------
[2024-04-02 17:18:52,561] {taskinstance.py:1357} INFO - Starting attempt 1 of 1
[2024-04-02 17:18:52,561] {taskinstance.py:1358} INFO - 
--------------------------------------------------------------------------------
[2024-04-02 17:18:52,837] {taskinstance.py:1377} INFO - Executing <Task(_PythonDecoratedOperator): GOOG> on 2024-02-21 00:00:00+00:00
[2024-04-02 17:18:52,926] {standard_task_runner.py:52} INFO - Started process 7185 to run task
[2024-04-02 17:18:53,000] {standard_task_runner.py:79} INFO - Running: ['airflow', 'tasks', 'run', 'get_stocks_dag', 'GOOG', 'scheduled__2024-02-21T00:00:00+00:00', '--job-id', '134', '--raw', '--subdir', 'DAGS_FOLDER/get_stocks.py', '--cfg-path', '/tmp/tmpt0dqajqj', '--error-file', '/tmp/tmpl6wgj6mw']
[2024-04-02 17:18:53,021] {standard_task_runner.py:80} INFO - Job 134: Subtask GOOG
[2024-04-02 17:18:54,069] {task_command.py:370} INFO - Running <TaskInstance: get_stocks_dag.GOOG scheduled__2024-02-21T00:00:00+00:00 [running]> on host alexmend-virtual-machine
[2024-04-02 17:18:54,980] {taskinstance.py:1569} INFO - Exporting the following env vars:
AIRFLOW_CTX_DAG_OWNER=airflow
AIRFLOW_CTX_DAG_ID=get_stocks_dag
AIRFLOW_CTX_TASK_ID=GOOG
AIRFLOW_CTX_EXECUTION_DATE=2024-02-21T00:00:00+00:00
AIRFLOW_CTX_TRY_NUMBER=1
AIRFLOW_CTX_DAG_RUN_ID=scheduled__2024-02-21T00:00:00+00:00
[2024-04-02 17:18:56,613] {python.py:173} INFO - Done. Returned value was: None
[2024-04-02 17:18:56,730] {taskinstance.py:1395} INFO - Marking task as SUCCESS. dag_id=get_stocks_dag, task_id=GOOG, execution_date=20240221T000000, start_date=20240402T201852, end_date=20240402T201856
[2024-04-02 17:18:56,900] {local_task_job.py:156} INFO - Task exited with return code 0
[2024-04-02 17:18:57,144] {local_task_job.py:273} INFO - 0 downstream tasks scheduled from follow-on schedule check
[2024-04-02 17:45:14,983] {taskinstance.py:1159} INFO - Dependencies all met for <TaskInstance: get_stocks_dag.GOOG scheduled__2024-02-21T00:00:00+00:00 [queued]>
[2024-04-02 17:45:14,997] {taskinstance.py:1159} INFO - Dependencies all met for <TaskInstance: get_stocks_dag.GOOG scheduled__2024-02-21T00:00:00+00:00 [queued]>
[2024-04-02 17:45:14,997] {taskinstance.py:1356} INFO - 
--------------------------------------------------------------------------------
[2024-04-02 17:45:14,998] {taskinstance.py:1357} INFO - Starting attempt 1 of 1
[2024-04-02 17:45:14,998] {taskinstance.py:1358} INFO - 
--------------------------------------------------------------------------------
[2024-04-02 17:45:15,021] {taskinstance.py:1377} INFO - Executing <Task(_PythonDecoratedOperator): GOOG> on 2024-02-21 00:00:00+00:00
[2024-04-02 17:45:15,031] {standard_task_runner.py:52} INFO - Started process 22064 to run task
[2024-04-02 17:45:15,039] {standard_task_runner.py:79} INFO - Running: ['airflow', 'tasks', 'run', 'get_stocks_dag', 'GOOG', 'scheduled__2024-02-21T00:00:00+00:00', '--job-id', '396', '--raw', '--subdir', 'DAGS_FOLDER/get_stocks.py', '--cfg-path', '/tmp/tmpq_bg3tfd', '--error-file', '/tmp/tmp9_iwb2iw']
[2024-04-02 17:45:15,041] {standard_task_runner.py:80} INFO - Job 396: Subtask GOOG
[2024-04-02 17:45:15,159] {task_command.py:370} INFO - Running <TaskInstance: get_stocks_dag.GOOG scheduled__2024-02-21T00:00:00+00:00 [running]> on host alexmend-virtual-machine
[2024-04-02 17:45:15,291] {taskinstance.py:1569} INFO - Exporting the following env vars:
AIRFLOW_CTX_DAG_OWNER=airflow
AIRFLOW_CTX_DAG_ID=get_stocks_dag
AIRFLOW_CTX_TASK_ID=GOOG
AIRFLOW_CTX_EXECUTION_DATE=2024-02-21T00:00:00+00:00
AIRFLOW_CTX_TRY_NUMBER=1
AIRFLOW_CTX_DAG_RUN_ID=scheduled__2024-02-21T00:00:00+00:00
[2024-04-02 17:45:15,914] {python.py:173} INFO - Done. Returned value was: None
[2024-04-02 17:45:15,934] {taskinstance.py:1395} INFO - Marking task as SUCCESS. dag_id=get_stocks_dag, task_id=GOOG, execution_date=20240221T000000, start_date=20240402T204514, end_date=20240402T204515
[2024-04-02 17:45:15,977] {local_task_job.py:156} INFO - Task exited with return code 0
[2024-04-02 17:45:16,033] {local_task_job.py:273} INFO - 0 downstream tasks scheduled from follow-on schedule check
