[2024-04-02 13:03:07,687] {taskinstance.py:1159} INFO - Dependencies all met for <TaskInstance: get_stocks_dag.MSFT scheduled__2024-02-01T00:00:00+00:00 [queued]>
[2024-04-02 13:03:07,696] {taskinstance.py:1159} INFO - Dependencies all met for <TaskInstance: get_stocks_dag.MSFT scheduled__2024-02-01T00:00:00+00:00 [queued]>
[2024-04-02 13:03:07,697] {taskinstance.py:1356} INFO - 
--------------------------------------------------------------------------------
[2024-04-02 13:03:07,697] {taskinstance.py:1357} INFO - Starting attempt 1 of 1
[2024-04-02 13:03:07,697] {taskinstance.py:1358} INFO - 
--------------------------------------------------------------------------------
[2024-04-02 13:03:07,723] {taskinstance.py:1377} INFO - Executing <Task(_PythonDecoratedOperator): MSFT> on 2024-02-01 00:00:00+00:00
[2024-04-02 13:03:07,731] {standard_task_runner.py:52} INFO - Started process 9928 to run task
[2024-04-02 13:03:07,737] {standard_task_runner.py:79} INFO - Running: ['airflow', 'tasks', 'run', 'get_stocks_dag', 'MSFT', 'scheduled__2024-02-01T00:00:00+00:00', '--job-id', '96', '--raw', '--subdir', 'DAGS_FOLDER/get_stocks.py', '--cfg-path', '/tmp/tmp_rx_r_og', '--error-file', '/tmp/tmp9vjwsc7p']
[2024-04-02 13:03:07,739] {standard_task_runner.py:80} INFO - Job 96: Subtask MSFT
[2024-04-02 13:03:07,853] {task_command.py:370} INFO - Running <TaskInstance: get_stocks_dag.MSFT scheduled__2024-02-01T00:00:00+00:00 [running]> on host alexmend-virtual-machine
[2024-04-02 13:03:07,962] {taskinstance.py:1569} INFO - Exporting the following env vars:
AIRFLOW_CTX_DAG_OWNER=airflow
AIRFLOW_CTX_DAG_ID=get_stocks_dag
AIRFLOW_CTX_TASK_ID=MSFT
AIRFLOW_CTX_EXECUTION_DATE=2024-02-01T00:00:00+00:00
AIRFLOW_CTX_TRY_NUMBER=1
AIRFLOW_CTX_DAG_RUN_ID=scheduled__2024-02-01T00:00:00+00:00
[2024-04-02 13:03:08,624] {python.py:173} INFO - Done. Returned value was: None
[2024-04-02 13:03:08,638] {taskinstance.py:1395} INFO - Marking task as SUCCESS. dag_id=get_stocks_dag, task_id=MSFT, execution_date=20240201T000000, start_date=20240402T160307, end_date=20240402T160308
[2024-04-02 13:03:08,676] {local_task_job.py:156} INFO - Task exited with return code 0
[2024-04-02 13:03:08,709] {local_task_job.py:273} INFO - 0 downstream tasks scheduled from follow-on schedule check
[2024-04-02 17:18:10,546] {taskinstance.py:1159} INFO - Dependencies all met for <TaskInstance: get_stocks_dag.MSFT scheduled__2024-02-01T00:00:00+00:00 [queued]>
[2024-04-02 17:18:10,591] {taskinstance.py:1159} INFO - Dependencies all met for <TaskInstance: get_stocks_dag.MSFT scheduled__2024-02-01T00:00:00+00:00 [queued]>
[2024-04-02 17:18:10,594] {taskinstance.py:1356} INFO - 
--------------------------------------------------------------------------------
[2024-04-02 17:18:10,599] {taskinstance.py:1357} INFO - Starting attempt 1 of 1
[2024-04-02 17:18:10,600] {taskinstance.py:1358} INFO - 
--------------------------------------------------------------------------------
[2024-04-02 17:18:10,685] {taskinstance.py:1377} INFO - Executing <Task(_PythonDecoratedOperator): MSFT> on 2024-02-01 00:00:00+00:00
[2024-04-02 17:18:10,764] {standard_task_runner.py:52} INFO - Started process 5844 to run task
[2024-04-02 17:18:10,762] {standard_task_runner.py:79} INFO - Running: ['airflow', 'tasks', 'run', 'get_stocks_dag', 'MSFT', 'scheduled__2024-02-01T00:00:00+00:00', '--job-id', '83', '--raw', '--subdir', 'DAGS_FOLDER/get_stocks.py', '--cfg-path', '/tmp/tmpjita_zt_', '--error-file', '/tmp/tmpvy2gyveh']
[2024-04-02 17:18:10,788] {standard_task_runner.py:80} INFO - Job 83: Subtask MSFT
[2024-04-02 17:18:11,239] {task_command.py:370} INFO - Running <TaskInstance: get_stocks_dag.MSFT scheduled__2024-02-01T00:00:00+00:00 [running]> on host alexmend-virtual-machine
[2024-04-02 17:18:12,207] {taskinstance.py:1569} INFO - Exporting the following env vars:
AIRFLOW_CTX_DAG_OWNER=airflow
AIRFLOW_CTX_DAG_ID=get_stocks_dag
AIRFLOW_CTX_TASK_ID=MSFT
AIRFLOW_CTX_EXECUTION_DATE=2024-02-01T00:00:00+00:00
AIRFLOW_CTX_TRY_NUMBER=1
AIRFLOW_CTX_DAG_RUN_ID=scheduled__2024-02-01T00:00:00+00:00
[2024-04-02 17:18:13,603] {python.py:173} INFO - Done. Returned value was: None
[2024-04-02 17:18:13,832] {taskinstance.py:1395} INFO - Marking task as SUCCESS. dag_id=get_stocks_dag, task_id=MSFT, execution_date=20240201T000000, start_date=20240402T201810, end_date=20240402T201813
[2024-04-02 17:18:13,974] {local_task_job.py:156} INFO - Task exited with return code 0
[2024-04-02 17:18:14,739] {local_task_job.py:273} INFO - 0 downstream tasks scheduled from follow-on schedule check
[2024-04-02 17:43:55,483] {taskinstance.py:1159} INFO - Dependencies all met for <TaskInstance: get_stocks_dag.MSFT scheduled__2024-02-01T00:00:00+00:00 [queued]>
[2024-04-02 17:43:55,503] {taskinstance.py:1159} INFO - Dependencies all met for <TaskInstance: get_stocks_dag.MSFT scheduled__2024-02-01T00:00:00+00:00 [queued]>
[2024-04-02 17:43:55,503] {taskinstance.py:1356} INFO - 
--------------------------------------------------------------------------------
[2024-04-02 17:43:55,503] {taskinstance.py:1357} INFO - Starting attempt 1 of 1
[2024-04-02 17:43:55,503] {taskinstance.py:1358} INFO - 
--------------------------------------------------------------------------------
[2024-04-02 17:43:55,524] {taskinstance.py:1377} INFO - Executing <Task(_PythonDecoratedOperator): MSFT> on 2024-02-01 00:00:00+00:00
[2024-04-02 17:43:55,534] {standard_task_runner.py:52} INFO - Started process 20380 to run task
[2024-04-02 17:43:55,546] {standard_task_runner.py:79} INFO - Running: ['airflow', 'tasks', 'run', 'get_stocks_dag', 'MSFT', 'scheduled__2024-02-01T00:00:00+00:00', '--job-id', '340', '--raw', '--subdir', 'DAGS_FOLDER/get_stocks.py', '--cfg-path', '/tmp/tmp4bggxlwa', '--error-file', '/tmp/tmpndza6mvf']
[2024-04-02 17:43:55,548] {standard_task_runner.py:80} INFO - Job 340: Subtask MSFT
[2024-04-02 17:43:55,678] {task_command.py:370} INFO - Running <TaskInstance: get_stocks_dag.MSFT scheduled__2024-02-01T00:00:00+00:00 [running]> on host alexmend-virtual-machine
[2024-04-02 17:43:55,820] {taskinstance.py:1569} INFO - Exporting the following env vars:
AIRFLOW_CTX_DAG_OWNER=airflow
AIRFLOW_CTX_DAG_ID=get_stocks_dag
AIRFLOW_CTX_TASK_ID=MSFT
AIRFLOW_CTX_EXECUTION_DATE=2024-02-01T00:00:00+00:00
AIRFLOW_CTX_TRY_NUMBER=1
AIRFLOW_CTX_DAG_RUN_ID=scheduled__2024-02-01T00:00:00+00:00
[2024-04-02 17:43:56,570] {python.py:173} INFO - Done. Returned value was: None
[2024-04-02 17:43:56,668] {taskinstance.py:1395} INFO - Marking task as SUCCESS. dag_id=get_stocks_dag, task_id=MSFT, execution_date=20240201T000000, start_date=20240402T204355, end_date=20240402T204356
[2024-04-02 17:43:56,729] {local_task_job.py:156} INFO - Task exited with return code 0
[2024-04-02 17:43:56,904] {local_task_job.py:273} INFO - 0 downstream tasks scheduled from follow-on schedule check
