[2024-04-02 12:58:42,308] {taskinstance.py:1159} INFO - Dependencies all met for <TaskInstance: get_stocks_dag.GOOG scheduled__2024-01-10T00:00:00+00:00 [queued]>
[2024-04-02 12:58:42,317] {taskinstance.py:1159} INFO - Dependencies all met for <TaskInstance: get_stocks_dag.GOOG scheduled__2024-01-10T00:00:00+00:00 [queued]>
[2024-04-02 12:58:42,318] {taskinstance.py:1356} INFO - 
--------------------------------------------------------------------------------
[2024-04-02 12:58:42,318] {taskinstance.py:1357} INFO - Starting attempt 1 of 1
[2024-04-02 12:58:42,318] {taskinstance.py:1358} INFO - 
--------------------------------------------------------------------------------
[2024-04-02 12:58:42,339] {taskinstance.py:1377} INFO - Executing <Task(_PythonDecoratedOperator): GOOG> on 2024-01-10 00:00:00+00:00
[2024-04-02 12:58:42,347] {standard_task_runner.py:52} INFO - Started process 8439 to run task
[2024-04-02 12:58:42,354] {standard_task_runner.py:79} INFO - Running: ['airflow', 'tasks', 'run', 'get_stocks_dag', 'GOOG', 'scheduled__2024-01-10T00:00:00+00:00', '--job-id', '33', '--raw', '--subdir', 'DAGS_FOLDER/get_stocks.py', '--cfg-path', '/tmp/tmpz2w8upfx', '--error-file', '/tmp/tmpr9m95y10']
[2024-04-02 12:58:42,355] {standard_task_runner.py:80} INFO - Job 33: Subtask GOOG
[2024-04-02 12:58:42,432] {task_command.py:370} INFO - Running <TaskInstance: get_stocks_dag.GOOG scheduled__2024-01-10T00:00:00+00:00 [running]> on host alexmend-virtual-machine
[2024-04-02 12:58:42,506] {taskinstance.py:1569} INFO - Exporting the following env vars:
AIRFLOW_CTX_DAG_OWNER=airflow
AIRFLOW_CTX_DAG_ID=get_stocks_dag
AIRFLOW_CTX_TASK_ID=GOOG
AIRFLOW_CTX_EXECUTION_DATE=2024-01-10T00:00:00+00:00
AIRFLOW_CTX_TRY_NUMBER=1
AIRFLOW_CTX_DAG_RUN_ID=scheduled__2024-01-10T00:00:00+00:00
[2024-04-02 12:58:43,268] {python.py:173} INFO - Done. Returned value was: None
[2024-04-02 12:58:43,278] {taskinstance.py:1395} INFO - Marking task as SUCCESS. dag_id=get_stocks_dag, task_id=GOOG, execution_date=20240110T000000, start_date=20240402T155842, end_date=20240402T155843
[2024-04-02 12:58:43,332] {local_task_job.py:156} INFO - Task exited with return code 0
[2024-04-02 12:58:43,360] {local_task_job.py:273} INFO - 0 downstream tasks scheduled from follow-on schedule check
[2024-04-02 13:47:35,538] {taskinstance.py:1159} INFO - Dependencies all met for <TaskInstance: get_stocks_dag.GOOG scheduled__2024-01-10T00:00:00+00:00 [queued]>
[2024-04-02 13:47:35,655] {taskinstance.py:1159} INFO - Dependencies all met for <TaskInstance: get_stocks_dag.GOOG scheduled__2024-01-10T00:00:00+00:00 [queued]>
[2024-04-02 13:47:35,695] {taskinstance.py:1356} INFO - 
--------------------------------------------------------------------------------
[2024-04-02 13:47:35,696] {taskinstance.py:1357} INFO - Starting attempt 1 of 1
[2024-04-02 13:47:35,705] {taskinstance.py:1358} INFO - 
--------------------------------------------------------------------------------
[2024-04-02 13:47:36,182] {taskinstance.py:1377} INFO - Executing <Task(_PythonDecoratedOperator): GOOG> on 2024-01-10 00:00:00+00:00
[2024-04-02 13:47:37,209] {standard_task_runner.py:79} INFO - Running: ['airflow', 'tasks', 'run', 'get_stocks_dag', 'GOOG', 'scheduled__2024-01-10T00:00:00+00:00', '--job-id', '5', '--raw', '--subdir', 'DAGS_FOLDER/get_stocks.py', '--cfg-path', '/tmp/tmp3gsbp5hx', '--error-file', '/tmp/tmpqekwka1j']
[2024-04-02 13:47:37,327] {standard_task_runner.py:80} INFO - Job 5: Subtask GOOG
[2024-04-02 13:47:37,062] {standard_task_runner.py:52} INFO - Started process 26830 to run task
[2024-04-02 13:47:40,841] {task_command.py:370} INFO - Running <TaskInstance: get_stocks_dag.GOOG scheduled__2024-01-10T00:00:00+00:00 [running]> on host alexmend-virtual-machine
[2024-04-02 13:47:45,012] {taskinstance.py:1569} INFO - Exporting the following env vars:
AIRFLOW_CTX_DAG_OWNER=airflow
AIRFLOW_CTX_DAG_ID=get_stocks_dag
AIRFLOW_CTX_TASK_ID=GOOG
AIRFLOW_CTX_EXECUTION_DATE=2024-01-10T00:00:00+00:00
AIRFLOW_CTX_TRY_NUMBER=1
AIRFLOW_CTX_DAG_RUN_ID=scheduled__2024-01-10T00:00:00+00:00
[2024-04-02 17:42:23,709] {taskinstance.py:1159} INFO - Dependencies all met for <TaskInstance: get_stocks_dag.GOOG scheduled__2024-01-10T00:00:00+00:00 [queued]>
[2024-04-02 17:42:23,744] {taskinstance.py:1159} INFO - Dependencies all met for <TaskInstance: get_stocks_dag.GOOG scheduled__2024-01-10T00:00:00+00:00 [queued]>
[2024-04-02 17:42:23,745] {taskinstance.py:1356} INFO - 
--------------------------------------------------------------------------------
[2024-04-02 17:42:23,746] {taskinstance.py:1357} INFO - Starting attempt 1 of 1
[2024-04-02 17:42:23,747] {taskinstance.py:1358} INFO - 
--------------------------------------------------------------------------------
[2024-04-02 17:42:23,792] {taskinstance.py:1377} INFO - Executing <Task(_PythonDecoratedOperator): GOOG> on 2024-01-10 00:00:00+00:00
[2024-04-02 17:42:23,802] {standard_task_runner.py:52} INFO - Started process 18558 to run task
[2024-04-02 17:42:23,828] {standard_task_runner.py:79} INFO - Running: ['airflow', 'tasks', 'run', 'get_stocks_dag', 'GOOG', 'scheduled__2024-01-10T00:00:00+00:00', '--job-id', '278', '--raw', '--subdir', 'DAGS_FOLDER/get_stocks.py', '--cfg-path', '/tmp/tmpjpxemvw5', '--error-file', '/tmp/tmpfgzpr2jn']
[2024-04-02 17:42:23,831] {standard_task_runner.py:80} INFO - Job 278: Subtask GOOG
[2024-04-02 17:42:24,130] {task_command.py:370} INFO - Running <TaskInstance: get_stocks_dag.GOOG scheduled__2024-01-10T00:00:00+00:00 [running]> on host alexmend-virtual-machine
[2024-04-02 17:42:24,615] {taskinstance.py:1569} INFO - Exporting the following env vars:
AIRFLOW_CTX_DAG_OWNER=airflow
AIRFLOW_CTX_DAG_ID=get_stocks_dag
AIRFLOW_CTX_TASK_ID=GOOG
AIRFLOW_CTX_EXECUTION_DATE=2024-01-10T00:00:00+00:00
AIRFLOW_CTX_TRY_NUMBER=1
AIRFLOW_CTX_DAG_RUN_ID=scheduled__2024-01-10T00:00:00+00:00
[2024-04-02 17:42:25,466] {python.py:173} INFO - Done. Returned value was: None
[2024-04-02 17:42:25,501] {taskinstance.py:1395} INFO - Marking task as SUCCESS. dag_id=get_stocks_dag, task_id=GOOG, execution_date=20240110T000000, start_date=20240402T204223, end_date=20240402T204225
[2024-04-02 17:42:25,574] {local_task_job.py:156} INFO - Task exited with return code 0
[2024-04-02 17:42:25,684] {local_task_job.py:273} INFO - 0 downstream tasks scheduled from follow-on schedule check
