[2024-04-02 13:00:42,399] {taskinstance.py:1159} INFO - Dependencies all met for <TaskInstance: get_stocks_dag.TSLA scheduled__2024-01-19T00:00:00+00:00 [queued]>
[2024-04-02 13:00:42,408] {taskinstance.py:1159} INFO - Dependencies all met for <TaskInstance: get_stocks_dag.TSLA scheduled__2024-01-19T00:00:00+00:00 [queued]>
[2024-04-02 13:00:42,408] {taskinstance.py:1356} INFO - 
--------------------------------------------------------------------------------
[2024-04-02 13:00:42,408] {taskinstance.py:1357} INFO - Starting attempt 1 of 1
[2024-04-02 13:00:42,408] {taskinstance.py:1358} INFO - 
--------------------------------------------------------------------------------
[2024-04-02 13:00:42,424] {taskinstance.py:1377} INFO - Executing <Task(_PythonDecoratedOperator): TSLA> on 2024-01-19 00:00:00+00:00
[2024-04-02 13:00:42,430] {standard_task_runner.py:52} INFO - Started process 9115 to run task
[2024-04-02 13:00:42,435] {standard_task_runner.py:79} INFO - Running: ['airflow', 'tasks', 'run', 'get_stocks_dag', 'TSLA', 'scheduled__2024-01-19T00:00:00+00:00', '--job-id', '62', '--raw', '--subdir', 'DAGS_FOLDER/get_stocks.py', '--cfg-path', '/tmp/tmpmpw43ycy', '--error-file', '/tmp/tmpqws0xirk']
[2024-04-02 13:00:42,437] {standard_task_runner.py:80} INFO - Job 62: Subtask TSLA
[2024-04-02 13:00:42,502] {task_command.py:370} INFO - Running <TaskInstance: get_stocks_dag.TSLA scheduled__2024-01-19T00:00:00+00:00 [running]> on host alexmend-virtual-machine
[2024-04-02 13:00:42,583] {taskinstance.py:1569} INFO - Exporting the following env vars:
AIRFLOW_CTX_DAG_OWNER=airflow
AIRFLOW_CTX_DAG_ID=get_stocks_dag
AIRFLOW_CTX_TASK_ID=TSLA
AIRFLOW_CTX_EXECUTION_DATE=2024-01-19T00:00:00+00:00
AIRFLOW_CTX_TRY_NUMBER=1
AIRFLOW_CTX_DAG_RUN_ID=scheduled__2024-01-19T00:00:00+00:00
[2024-04-02 13:00:43,681] {python.py:173} INFO - Done. Returned value was: None
[2024-04-02 13:00:43,694] {taskinstance.py:1395} INFO - Marking task as SUCCESS. dag_id=get_stocks_dag, task_id=TSLA, execution_date=20240119T000000, start_date=20240402T160042, end_date=20240402T160043
[2024-04-02 13:00:43,737] {local_task_job.py:156} INFO - Task exited with return code 0
[2024-04-02 13:00:43,767] {local_task_job.py:273} INFO - 0 downstream tasks scheduled from follow-on schedule check
[2024-04-02 17:17:34,837] {taskinstance.py:1159} INFO - Dependencies all met for <TaskInstance: get_stocks_dag.TSLA scheduled__2024-01-19T00:00:00+00:00 [queued]>
[2024-04-02 17:17:34,920] {taskinstance.py:1159} INFO - Dependencies all met for <TaskInstance: get_stocks_dag.TSLA scheduled__2024-01-19T00:00:00+00:00 [queued]>
[2024-04-02 17:17:34,920] {taskinstance.py:1356} INFO - 
--------------------------------------------------------------------------------
[2024-04-02 17:17:34,921] {taskinstance.py:1357} INFO - Starting attempt 1 of 1
[2024-04-02 17:17:34,921] {taskinstance.py:1358} INFO - 
--------------------------------------------------------------------------------
[2024-04-02 17:17:34,973] {taskinstance.py:1377} INFO - Executing <Task(_PythonDecoratedOperator): TSLA> on 2024-01-19 00:00:00+00:00
[2024-04-02 17:17:35,073] {standard_task_runner.py:79} INFO - Running: ['airflow', 'tasks', 'run', 'get_stocks_dag', 'TSLA', 'scheduled__2024-01-19T00:00:00+00:00', '--job-id', '44', '--raw', '--subdir', 'DAGS_FOLDER/get_stocks.py', '--cfg-path', '/tmp/tmpivr9ts8y', '--error-file', '/tmp/tmp5qkp_1md']
[2024-04-02 17:17:35,075] {standard_task_runner.py:80} INFO - Job 44: Subtask TSLA
[2024-04-02 17:17:35,016] {standard_task_runner.py:52} INFO - Started process 4855 to run task
[2024-04-02 17:17:36,401] {task_command.py:370} INFO - Running <TaskInstance: get_stocks_dag.TSLA scheduled__2024-01-19T00:00:00+00:00 [running]> on host alexmend-virtual-machine
[2024-04-02 17:17:37,671] {taskinstance.py:1569} INFO - Exporting the following env vars:
AIRFLOW_CTX_DAG_OWNER=airflow
AIRFLOW_CTX_DAG_ID=get_stocks_dag
AIRFLOW_CTX_TASK_ID=TSLA
AIRFLOW_CTX_EXECUTION_DATE=2024-01-19T00:00:00+00:00
AIRFLOW_CTX_TRY_NUMBER=1
AIRFLOW_CTX_DAG_RUN_ID=scheduled__2024-01-19T00:00:00+00:00
[2024-04-02 17:17:38,873] {python.py:173} INFO - Done. Returned value was: None
[2024-04-02 17:17:39,068] {taskinstance.py:1395} INFO - Marking task as SUCCESS. dag_id=get_stocks_dag, task_id=TSLA, execution_date=20240119T000000, start_date=20240402T201734, end_date=20240402T201739
[2024-04-02 17:17:39,305] {local_task_job.py:156} INFO - Task exited with return code 0
[2024-04-02 17:17:39,804] {local_task_job.py:273} INFO - 0 downstream tasks scheduled from follow-on schedule check
[2024-04-02 17:43:06,508] {taskinstance.py:1159} INFO - Dependencies all met for <TaskInstance: get_stocks_dag.TSLA scheduled__2024-01-19T00:00:00+00:00 [queued]>
[2024-04-02 17:43:06,527] {taskinstance.py:1159} INFO - Dependencies all met for <TaskInstance: get_stocks_dag.TSLA scheduled__2024-01-19T00:00:00+00:00 [queued]>
[2024-04-02 17:43:06,528] {taskinstance.py:1356} INFO - 
--------------------------------------------------------------------------------
[2024-04-02 17:43:06,528] {taskinstance.py:1357} INFO - Starting attempt 1 of 1
[2024-04-02 17:43:06,528] {taskinstance.py:1358} INFO - 
--------------------------------------------------------------------------------
[2024-04-02 17:43:06,551] {taskinstance.py:1377} INFO - Executing <Task(_PythonDecoratedOperator): TSLA> on 2024-01-19 00:00:00+00:00
[2024-04-02 17:43:06,559] {standard_task_runner.py:52} INFO - Started process 19490 to run task
[2024-04-02 17:43:06,570] {standard_task_runner.py:79} INFO - Running: ['airflow', 'tasks', 'run', 'get_stocks_dag', 'TSLA', 'scheduled__2024-01-19T00:00:00+00:00', '--job-id', '306', '--raw', '--subdir', 'DAGS_FOLDER/get_stocks.py', '--cfg-path', '/tmp/tmpcpedt6x8', '--error-file', '/tmp/tmp_k9mgy4o']
[2024-04-02 17:43:06,581] {standard_task_runner.py:80} INFO - Job 306: Subtask TSLA
[2024-04-02 17:43:06,736] {task_command.py:370} INFO - Running <TaskInstance: get_stocks_dag.TSLA scheduled__2024-01-19T00:00:00+00:00 [running]> on host alexmend-virtual-machine
[2024-04-02 17:43:06,861] {taskinstance.py:1569} INFO - Exporting the following env vars:
AIRFLOW_CTX_DAG_OWNER=airflow
AIRFLOW_CTX_DAG_ID=get_stocks_dag
AIRFLOW_CTX_TASK_ID=TSLA
AIRFLOW_CTX_EXECUTION_DATE=2024-01-19T00:00:00+00:00
AIRFLOW_CTX_TRY_NUMBER=1
AIRFLOW_CTX_DAG_RUN_ID=scheduled__2024-01-19T00:00:00+00:00
[2024-04-02 17:43:07,709] {python.py:173} INFO - Done. Returned value was: None
[2024-04-02 17:43:07,733] {taskinstance.py:1395} INFO - Marking task as SUCCESS. dag_id=get_stocks_dag, task_id=TSLA, execution_date=20240119T000000, start_date=20240402T204306, end_date=20240402T204307
[2024-04-02 17:43:07,789] {local_task_job.py:156} INFO - Task exited with return code 0
[2024-04-02 17:43:07,848] {local_task_job.py:273} INFO - 0 downstream tasks scheduled from follow-on schedule check
