[2024-04-02 13:04:47,439] {taskinstance.py:1159} INFO - Dependencies all met for <TaskInstance: get_stocks_dag.MSFT scheduled__2024-02-09T00:00:00+00:00 [queued]>
[2024-04-02 13:04:47,446] {taskinstance.py:1159} INFO - Dependencies all met for <TaskInstance: get_stocks_dag.MSFT scheduled__2024-02-09T00:00:00+00:00 [queued]>
[2024-04-02 13:04:47,446] {taskinstance.py:1356} INFO - 
--------------------------------------------------------------------------------
[2024-04-02 13:04:47,446] {taskinstance.py:1357} INFO - Starting attempt 1 of 1
[2024-04-02 13:04:47,446] {taskinstance.py:1358} INFO - 
--------------------------------------------------------------------------------
[2024-04-02 13:04:47,476] {taskinstance.py:1377} INFO - Executing <Task(_PythonDecoratedOperator): MSFT> on 2024-02-09 00:00:00+00:00
[2024-04-02 13:04:47,487] {standard_task_runner.py:79} INFO - Running: ['airflow', 'tasks', 'run', 'get_stocks_dag', 'MSFT', 'scheduled__2024-02-09T00:00:00+00:00', '--job-id', '120', '--raw', '--subdir', 'DAGS_FOLDER/get_stocks.py', '--cfg-path', '/tmp/tmpgbxmghvi', '--error-file', '/tmp/tmpgxlznr17']
[2024-04-02 13:04:47,488] {standard_task_runner.py:80} INFO - Job 120: Subtask MSFT
[2024-04-02 13:04:47,481] {standard_task_runner.py:52} INFO - Started process 10554 to run task
[2024-04-02 13:04:47,600] {task_command.py:370} INFO - Running <TaskInstance: get_stocks_dag.MSFT scheduled__2024-02-09T00:00:00+00:00 [running]> on host alexmend-virtual-machine
[2024-04-02 13:04:47,723] {taskinstance.py:1569} INFO - Exporting the following env vars:
AIRFLOW_CTX_DAG_OWNER=airflow
AIRFLOW_CTX_DAG_ID=get_stocks_dag
AIRFLOW_CTX_TASK_ID=MSFT
AIRFLOW_CTX_EXECUTION_DATE=2024-02-09T00:00:00+00:00
AIRFLOW_CTX_TRY_NUMBER=1
AIRFLOW_CTX_DAG_RUN_ID=scheduled__2024-02-09T00:00:00+00:00
[2024-04-02 13:04:48,991] {python.py:173} INFO - Done. Returned value was: None
[2024-04-02 13:04:49,003] {taskinstance.py:1395} INFO - Marking task as SUCCESS. dag_id=get_stocks_dag, task_id=MSFT, execution_date=20240209T000000, start_date=20240402T160447, end_date=20240402T160449
[2024-04-02 13:04:49,089] {local_task_job.py:156} INFO - Task exited with return code 0
[2024-04-02 13:04:49,117] {local_task_job.py:273} INFO - 0 downstream tasks scheduled from follow-on schedule check
[2024-04-02 17:18:26,857] {taskinstance.py:1159} INFO - Dependencies all met for <TaskInstance: get_stocks_dag.MSFT scheduled__2024-02-09T00:00:00+00:00 [queued]>
[2024-04-02 17:18:26,891] {taskinstance.py:1159} INFO - Dependencies all met for <TaskInstance: get_stocks_dag.MSFT scheduled__2024-02-09T00:00:00+00:00 [queued]>
[2024-04-02 17:18:26,892] {taskinstance.py:1356} INFO - 
--------------------------------------------------------------------------------
[2024-04-02 17:18:26,892] {taskinstance.py:1357} INFO - Starting attempt 1 of 1
[2024-04-02 17:18:26,893] {taskinstance.py:1358} INFO - 
--------------------------------------------------------------------------------
[2024-04-02 17:18:26,971] {taskinstance.py:1377} INFO - Executing <Task(_PythonDecoratedOperator): MSFT> on 2024-02-09 00:00:00+00:00
[2024-04-02 17:18:26,996] {standard_task_runner.py:52} INFO - Started process 6400 to run task
[2024-04-02 17:18:27,073] {standard_task_runner.py:79} INFO - Running: ['airflow', 'tasks', 'run', 'get_stocks_dag', 'MSFT', 'scheduled__2024-02-09T00:00:00+00:00', '--job-id', '104', '--raw', '--subdir', 'DAGS_FOLDER/get_stocks.py', '--cfg-path', '/tmp/tmpkcfz946q', '--error-file', '/tmp/tmp22p1lrna']
[2024-04-02 17:18:27,075] {standard_task_runner.py:80} INFO - Job 104: Subtask MSFT
[2024-04-02 17:18:27,971] {task_command.py:370} INFO - Running <TaskInstance: get_stocks_dag.MSFT scheduled__2024-02-09T00:00:00+00:00 [running]> on host alexmend-virtual-machine
[2024-04-02 17:18:28,545] {taskinstance.py:1569} INFO - Exporting the following env vars:
AIRFLOW_CTX_DAG_OWNER=airflow
AIRFLOW_CTX_DAG_ID=get_stocks_dag
AIRFLOW_CTX_TASK_ID=MSFT
AIRFLOW_CTX_EXECUTION_DATE=2024-02-09T00:00:00+00:00
AIRFLOW_CTX_TRY_NUMBER=1
AIRFLOW_CTX_DAG_RUN_ID=scheduled__2024-02-09T00:00:00+00:00
[2024-04-02 17:18:29,851] {python.py:173} INFO - Done. Returned value was: None
[2024-04-02 17:18:30,020] {taskinstance.py:1395} INFO - Marking task as SUCCESS. dag_id=get_stocks_dag, task_id=MSFT, execution_date=20240209T000000, start_date=20240402T201826, end_date=20240402T201830
[2024-04-02 17:18:30,150] {local_task_job.py:156} INFO - Task exited with return code 0
[2024-04-02 17:18:30,439] {local_task_job.py:273} INFO - 0 downstream tasks scheduled from follow-on schedule check
[2024-04-02 17:44:32,609] {taskinstance.py:1159} INFO - Dependencies all met for <TaskInstance: get_stocks_dag.MSFT scheduled__2024-02-09T00:00:00+00:00 [queued]>
[2024-04-02 17:44:32,621] {taskinstance.py:1159} INFO - Dependencies all met for <TaskInstance: get_stocks_dag.MSFT scheduled__2024-02-09T00:00:00+00:00 [queued]>
[2024-04-02 17:44:32,622] {taskinstance.py:1356} INFO - 
--------------------------------------------------------------------------------
[2024-04-02 17:44:32,622] {taskinstance.py:1357} INFO - Starting attempt 1 of 1
[2024-04-02 17:44:32,622] {taskinstance.py:1358} INFO - 
--------------------------------------------------------------------------------
[2024-04-02 17:44:32,639] {taskinstance.py:1377} INFO - Executing <Task(_PythonDecoratedOperator): MSFT> on 2024-02-09 00:00:00+00:00
[2024-04-02 17:44:32,651] {standard_task_runner.py:52} INFO - Started process 21108 to run task
[2024-04-02 17:44:32,663] {standard_task_runner.py:79} INFO - Running: ['airflow', 'tasks', 'run', 'get_stocks_dag', 'MSFT', 'scheduled__2024-02-09T00:00:00+00:00', '--job-id', '363', '--raw', '--subdir', 'DAGS_FOLDER/get_stocks.py', '--cfg-path', '/tmp/tmpog484s__', '--error-file', '/tmp/tmpm4eav2jn']
[2024-04-02 17:44:32,665] {standard_task_runner.py:80} INFO - Job 363: Subtask MSFT
[2024-04-02 17:44:32,859] {task_command.py:370} INFO - Running <TaskInstance: get_stocks_dag.MSFT scheduled__2024-02-09T00:00:00+00:00 [running]> on host alexmend-virtual-machine
[2024-04-02 17:44:33,097] {taskinstance.py:1569} INFO - Exporting the following env vars:
AIRFLOW_CTX_DAG_OWNER=airflow
AIRFLOW_CTX_DAG_ID=get_stocks_dag
AIRFLOW_CTX_TASK_ID=MSFT
AIRFLOW_CTX_EXECUTION_DATE=2024-02-09T00:00:00+00:00
AIRFLOW_CTX_TRY_NUMBER=1
AIRFLOW_CTX_DAG_RUN_ID=scheduled__2024-02-09T00:00:00+00:00
[2024-04-02 17:44:33,742] {python.py:173} INFO - Done. Returned value was: None
[2024-04-02 17:44:33,833] {taskinstance.py:1395} INFO - Marking task as SUCCESS. dag_id=get_stocks_dag, task_id=MSFT, execution_date=20240209T000000, start_date=20240402T204432, end_date=20240402T204433
[2024-04-02 17:44:33,888] {local_task_job.py:156} INFO - Task exited with return code 0
[2024-04-02 17:44:34,041] {local_task_job.py:273} INFO - 0 downstream tasks scheduled from follow-on schedule check
