[2024-04-02 13:10:28,506] {taskinstance.py:1159} INFO - Dependencies all met for <TaskInstance: get_stocks_dag.MSFT scheduled__2024-03-09T00:00:00+00:00 [queued]>
[2024-04-02 13:10:28,516] {taskinstance.py:1159} INFO - Dependencies all met for <TaskInstance: get_stocks_dag.MSFT scheduled__2024-03-09T00:00:00+00:00 [queued]>
[2024-04-02 13:10:28,517] {taskinstance.py:1356} INFO - 
--------------------------------------------------------------------------------
[2024-04-02 13:10:28,517] {taskinstance.py:1357} INFO - Starting attempt 1 of 1
[2024-04-02 13:10:28,518] {taskinstance.py:1358} INFO - 
--------------------------------------------------------------------------------
[2024-04-02 13:10:28,546] {taskinstance.py:1377} INFO - Executing <Task(_PythonDecoratedOperator): MSFT> on 2024-03-09 00:00:00+00:00
[2024-04-02 13:10:28,552] {standard_task_runner.py:52} INFO - Started process 12552 to run task
[2024-04-02 13:10:28,558] {standard_task_runner.py:79} INFO - Running: ['airflow', 'tasks', 'run', 'get_stocks_dag', 'MSFT', 'scheduled__2024-03-09T00:00:00+00:00', '--job-id', '204', '--raw', '--subdir', 'DAGS_FOLDER/get_stocks.py', '--cfg-path', '/tmp/tmpnclghwjn', '--error-file', '/tmp/tmpiyygtzc9']
[2024-04-02 13:10:28,560] {standard_task_runner.py:80} INFO - Job 204: Subtask MSFT
[2024-04-02 13:10:28,625] {task_command.py:370} INFO - Running <TaskInstance: get_stocks_dag.MSFT scheduled__2024-03-09T00:00:00+00:00 [running]> on host alexmend-virtual-machine
[2024-04-02 13:10:28,693] {taskinstance.py:1569} INFO - Exporting the following env vars:
AIRFLOW_CTX_DAG_OWNER=airflow
AIRFLOW_CTX_DAG_ID=get_stocks_dag
AIRFLOW_CTX_TASK_ID=MSFT
AIRFLOW_CTX_EXECUTION_DATE=2024-03-09T00:00:00+00:00
AIRFLOW_CTX_TRY_NUMBER=1
AIRFLOW_CTX_DAG_RUN_ID=scheduled__2024-03-09T00:00:00+00:00
[2024-04-02 13:10:29,423] {python.py:173} INFO - Done. Returned value was: None
[2024-04-02 13:10:29,432] {taskinstance.py:1395} INFO - Marking task as SUCCESS. dag_id=get_stocks_dag, task_id=MSFT, execution_date=20240309T000000, start_date=20240402T161028, end_date=20240402T161029
[2024-04-02 13:10:29,464] {local_task_job.py:156} INFO - Task exited with return code 0
[2024-04-02 13:10:29,487] {local_task_job.py:273} INFO - 0 downstream tasks scheduled from follow-on schedule check
[2024-04-02 17:19:40,186] {taskinstance.py:1159} INFO - Dependencies all met for <TaskInstance: get_stocks_dag.MSFT scheduled__2024-03-09T00:00:00+00:00 [queued]>
[2024-04-02 17:19:40,309] {taskinstance.py:1159} INFO - Dependencies all met for <TaskInstance: get_stocks_dag.MSFT scheduled__2024-03-09T00:00:00+00:00 [queued]>
[2024-04-02 17:19:40,309] {taskinstance.py:1356} INFO - 
--------------------------------------------------------------------------------
[2024-04-02 17:19:40,310] {taskinstance.py:1357} INFO - Starting attempt 1 of 1
[2024-04-02 17:19:40,310] {taskinstance.py:1358} INFO - 
--------------------------------------------------------------------------------
[2024-04-02 17:19:40,489] {taskinstance.py:1377} INFO - Executing <Task(_PythonDecoratedOperator): MSFT> on 2024-03-09 00:00:00+00:00
[2024-04-02 17:19:40,524] {standard_task_runner.py:52} INFO - Started process 8533 to run task
[2024-04-02 17:19:40,579] {standard_task_runner.py:79} INFO - Running: ['airflow', 'tasks', 'run', 'get_stocks_dag', 'MSFT', 'scheduled__2024-03-09T00:00:00+00:00', '--job-id', '186', '--raw', '--subdir', 'DAGS_FOLDER/get_stocks.py', '--cfg-path', '/tmp/tmp39h7tnoy', '--error-file', '/tmp/tmprieb00w1']
[2024-04-02 17:19:40,581] {standard_task_runner.py:80} INFO - Job 186: Subtask MSFT
[2024-04-02 17:19:41,483] {task_command.py:370} INFO - Running <TaskInstance: get_stocks_dag.MSFT scheduled__2024-03-09T00:00:00+00:00 [running]> on host alexmend-virtual-machine
[2024-04-02 17:19:42,019] {taskinstance.py:1569} INFO - Exporting the following env vars:
AIRFLOW_CTX_DAG_OWNER=airflow
AIRFLOW_CTX_DAG_ID=get_stocks_dag
AIRFLOW_CTX_TASK_ID=MSFT
AIRFLOW_CTX_EXECUTION_DATE=2024-03-09T00:00:00+00:00
AIRFLOW_CTX_TRY_NUMBER=1
AIRFLOW_CTX_DAG_RUN_ID=scheduled__2024-03-09T00:00:00+00:00
[2024-04-02 17:19:43,095] {python.py:173} INFO - Done. Returned value was: None
[2024-04-02 17:19:43,642] {taskinstance.py:1395} INFO - Marking task as SUCCESS. dag_id=get_stocks_dag, task_id=MSFT, execution_date=20240309T000000, start_date=20240402T201940, end_date=20240402T201943
[2024-04-02 17:19:43,768] {local_task_job.py:156} INFO - Task exited with return code 0
[2024-04-02 17:19:44,175] {local_task_job.py:273} INFO - 0 downstream tasks scheduled from follow-on schedule check
[2024-04-02 17:46:23,815] {taskinstance.py:1159} INFO - Dependencies all met for <TaskInstance: get_stocks_dag.MSFT scheduled__2024-03-09T00:00:00+00:00 [queued]>
[2024-04-02 17:46:23,845] {taskinstance.py:1159} INFO - Dependencies all met for <TaskInstance: get_stocks_dag.MSFT scheduled__2024-03-09T00:00:00+00:00 [queued]>
[2024-04-02 17:46:23,845] {taskinstance.py:1356} INFO - 
--------------------------------------------------------------------------------
[2024-04-02 17:46:23,845] {taskinstance.py:1357} INFO - Starting attempt 1 of 1
[2024-04-02 17:46:23,845] {taskinstance.py:1358} INFO - 
--------------------------------------------------------------------------------
[2024-04-02 17:46:23,882] {taskinstance.py:1377} INFO - Executing <Task(_PythonDecoratedOperator): MSFT> on 2024-03-09 00:00:00+00:00
[2024-04-02 17:46:23,888] {standard_task_runner.py:52} INFO - Started process 23504 to run task
[2024-04-02 17:46:23,898] {standard_task_runner.py:79} INFO - Running: ['airflow', 'tasks', 'run', 'get_stocks_dag', 'MSFT', 'scheduled__2024-03-09T00:00:00+00:00', '--job-id', '448', '--raw', '--subdir', 'DAGS_FOLDER/get_stocks.py', '--cfg-path', '/tmp/tmp1i_uuntz', '--error-file', '/tmp/tmped3q2byd']
[2024-04-02 17:46:23,900] {standard_task_runner.py:80} INFO - Job 448: Subtask MSFT
[2024-04-02 17:46:24,136] {task_command.py:370} INFO - Running <TaskInstance: get_stocks_dag.MSFT scheduled__2024-03-09T00:00:00+00:00 [running]> on host alexmend-virtual-machine
[2024-04-02 17:46:24,290] {taskinstance.py:1569} INFO - Exporting the following env vars:
AIRFLOW_CTX_DAG_OWNER=airflow
AIRFLOW_CTX_DAG_ID=get_stocks_dag
AIRFLOW_CTX_TASK_ID=MSFT
AIRFLOW_CTX_EXECUTION_DATE=2024-03-09T00:00:00+00:00
AIRFLOW_CTX_TRY_NUMBER=1
AIRFLOW_CTX_DAG_RUN_ID=scheduled__2024-03-09T00:00:00+00:00
[2024-04-02 17:46:25,096] {python.py:173} INFO - Done. Returned value was: None
[2024-04-02 17:46:25,117] {taskinstance.py:1395} INFO - Marking task as SUCCESS. dag_id=get_stocks_dag, task_id=MSFT, execution_date=20240309T000000, start_date=20240402T204623, end_date=20240402T204625
[2024-04-02 17:46:25,170] {local_task_job.py:156} INFO - Task exited with return code 0
[2024-04-02 17:46:25,264] {local_task_job.py:273} INFO - 0 downstream tasks scheduled from follow-on schedule check
[2024-04-02 19:15:21,442] {taskinstance.py:1159} INFO - Dependencies all met for <TaskInstance: get_stocks_dag.MSFT scheduled__2024-03-09T00:00:00+00:00 [queued]>
[2024-04-02 19:15:21,458] {taskinstance.py:1159} INFO - Dependencies all met for <TaskInstance: get_stocks_dag.MSFT scheduled__2024-03-09T00:00:00+00:00 [queued]>
[2024-04-02 19:15:21,458] {taskinstance.py:1356} INFO - 
--------------------------------------------------------------------------------
[2024-04-02 19:15:21,459] {taskinstance.py:1357} INFO - Starting attempt 1 of 1
[2024-04-02 19:15:21,460] {taskinstance.py:1358} INFO - 
--------------------------------------------------------------------------------
[2024-04-02 19:15:21,479] {taskinstance.py:1377} INFO - Executing <Task(_PythonDecoratedOperator): MSFT> on 2024-03-09 00:00:00+00:00
[2024-04-02 19:15:21,487] {standard_task_runner.py:52} INFO - Started process 14607 to run task
[2024-04-02 19:15:21,494] {standard_task_runner.py:79} INFO - Running: ['airflow', 'tasks', 'run', 'get_stocks_dag', 'MSFT', 'scheduled__2024-03-09T00:00:00+00:00', '--job-id', '550', '--raw', '--subdir', 'DAGS_FOLDER/get_stocks.py', '--cfg-path', '/tmp/tmp5e0e1pr9', '--error-file', '/tmp/tmpmryuvnhe']
[2024-04-02 19:15:21,497] {standard_task_runner.py:80} INFO - Job 550: Subtask MSFT
[2024-04-02 19:15:21,639] {task_command.py:370} INFO - Running <TaskInstance: get_stocks_dag.MSFT scheduled__2024-03-09T00:00:00+00:00 [running]> on host alexmend-virtual-machine
[2024-04-02 19:15:21,754] {taskinstance.py:1569} INFO - Exporting the following env vars:
AIRFLOW_CTX_DAG_OWNER=airflow
AIRFLOW_CTX_DAG_ID=get_stocks_dag
AIRFLOW_CTX_TASK_ID=MSFT
AIRFLOW_CTX_EXECUTION_DATE=2024-03-09T00:00:00+00:00
AIRFLOW_CTX_TRY_NUMBER=1
AIRFLOW_CTX_DAG_RUN_ID=scheduled__2024-03-09T00:00:00+00:00
[2024-04-02 19:15:22,384] {python.py:173} INFO - Done. Returned value was: None
[2024-04-02 19:15:22,414] {taskinstance.py:1395} INFO - Marking task as SUCCESS. dag_id=get_stocks_dag, task_id=MSFT, execution_date=20240309T000000, start_date=20240402T221521, end_date=20240402T221522
[2024-04-02 19:15:22,477] {local_task_job.py:156} INFO - Task exited with return code 0
[2024-04-02 19:15:22,586] {local_task_job.py:273} INFO - 0 downstream tasks scheduled from follow-on schedule check
[2024-04-02 20:39:02,038] {taskinstance.py:1159} INFO - Dependencies all met for <TaskInstance: get_stocks_dag.MSFT scheduled__2024-03-09T00:00:00+00:00 [queued]>
[2024-04-02 20:39:02,072] {taskinstance.py:1159} INFO - Dependencies all met for <TaskInstance: get_stocks_dag.MSFT scheduled__2024-03-09T00:00:00+00:00 [queued]>
[2024-04-02 20:39:02,072] {taskinstance.py:1356} INFO - 
--------------------------------------------------------------------------------
[2024-04-02 20:39:02,072] {taskinstance.py:1357} INFO - Starting attempt 1 of 1
[2024-04-02 20:39:02,073] {taskinstance.py:1358} INFO - 
--------------------------------------------------------------------------------
[2024-04-02 20:39:02,107] {taskinstance.py:1377} INFO - Executing <Task(_PythonDecoratedOperator): MSFT> on 2024-03-09 00:00:00+00:00
[2024-04-02 20:39:02,119] {standard_task_runner.py:52} INFO - Started process 25917 to run task
[2024-04-02 20:39:02,129] {standard_task_runner.py:79} INFO - Running: ['airflow', 'tasks', 'run', 'get_stocks_dag', 'MSFT', 'scheduled__2024-03-09T00:00:00+00:00', '--job-id', '650', '--raw', '--subdir', 'DAGS_FOLDER/get_stocks.py', '--cfg-path', '/tmp/tmp29xudt2y', '--error-file', '/tmp/tmp1dlq9vp4']
[2024-04-02 20:39:02,132] {standard_task_runner.py:80} INFO - Job 650: Subtask MSFT
[2024-04-02 20:39:02,344] {task_command.py:370} INFO - Running <TaskInstance: get_stocks_dag.MSFT scheduled__2024-03-09T00:00:00+00:00 [running]> on host alexmend-virtual-machine
[2024-04-02 20:39:02,622] {taskinstance.py:1569} INFO - Exporting the following env vars:
AIRFLOW_CTX_DAG_OWNER=airflow
AIRFLOW_CTX_DAG_ID=get_stocks_dag
AIRFLOW_CTX_TASK_ID=MSFT
AIRFLOW_CTX_EXECUTION_DATE=2024-03-09T00:00:00+00:00
AIRFLOW_CTX_TRY_NUMBER=1
AIRFLOW_CTX_DAG_RUN_ID=scheduled__2024-03-09T00:00:00+00:00
[2024-04-02 20:39:03,363] {python.py:173} INFO - Done. Returned value was: None
[2024-04-02 20:39:03,504] {taskinstance.py:1395} INFO - Marking task as SUCCESS. dag_id=get_stocks_dag, task_id=MSFT, execution_date=20240309T000000, start_date=20240402T233902, end_date=20240402T233903
[2024-04-02 20:39:03,644] {local_task_job.py:156} INFO - Task exited with return code 0
[2024-04-02 20:39:03,769] {local_task_job.py:273} INFO - 0 downstream tasks scheduled from follow-on schedule check
[2024-04-02 21:48:38,112] {taskinstance.py:1159} INFO - Dependencies all met for <TaskInstance: get_stocks_dag.MSFT scheduled__2024-03-09T00:00:00+00:00 [queued]>
[2024-04-02 21:48:38,141] {taskinstance.py:1159} INFO - Dependencies all met for <TaskInstance: get_stocks_dag.MSFT scheduled__2024-03-09T00:00:00+00:00 [queued]>
[2024-04-02 21:48:38,141] {taskinstance.py:1356} INFO - 
--------------------------------------------------------------------------------
[2024-04-02 21:48:38,141] {taskinstance.py:1357} INFO - Starting attempt 1 of 1
[2024-04-02 21:48:38,141] {taskinstance.py:1358} INFO - 
--------------------------------------------------------------------------------
[2024-04-02 21:48:38,178] {taskinstance.py:1377} INFO - Executing <Task(_PythonDecoratedOperator): MSFT> on 2024-03-09 00:00:00+00:00
[2024-04-02 21:48:38,210] {standard_task_runner.py:52} INFO - Started process 49815 to run task
[2024-04-02 21:48:38,233] {standard_task_runner.py:79} INFO - Running: ['airflow', 'tasks', 'run', 'get_stocks_dag', 'MSFT', 'scheduled__2024-03-09T00:00:00+00:00', '--job-id', '788', '--raw', '--subdir', 'DAGS_FOLDER/get_stocks.py', '--cfg-path', '/tmp/tmpr3hba8g5', '--error-file', '/tmp/tmp3j1xk_8t']
[2024-04-02 21:48:38,235] {standard_task_runner.py:80} INFO - Job 788: Subtask MSFT
[2024-04-02 21:48:38,482] {task_command.py:370} INFO - Running <TaskInstance: get_stocks_dag.MSFT scheduled__2024-03-09T00:00:00+00:00 [running]> on host alexmend-virtual-machine
[2024-04-02 21:48:38,767] {taskinstance.py:1569} INFO - Exporting the following env vars:
AIRFLOW_CTX_DAG_OWNER=airflow
AIRFLOW_CTX_DAG_ID=get_stocks_dag
AIRFLOW_CTX_TASK_ID=MSFT
AIRFLOW_CTX_EXECUTION_DATE=2024-03-09T00:00:00+00:00
AIRFLOW_CTX_TRY_NUMBER=1
AIRFLOW_CTX_DAG_RUN_ID=scheduled__2024-03-09T00:00:00+00:00
[2024-04-02 21:48:49,634] {python.py:173} INFO - Done. Returned value was: None
[2024-04-02 21:48:49,688] {taskinstance.py:1395} INFO - Marking task as SUCCESS. dag_id=get_stocks_dag, task_id=MSFT, execution_date=20240309T000000, start_date=20240403T004838, end_date=20240403T004849
[2024-04-02 21:48:49,777] {local_task_job.py:156} INFO - Task exited with return code 0
[2024-04-02 21:48:49,862] {local_task_job.py:273} INFO - 0 downstream tasks scheduled from follow-on schedule check
[2024-04-02 22:59:54,571] {taskinstance.py:1159} INFO - Dependencies all met for <TaskInstance: get_stocks_dag.MSFT scheduled__2024-03-09T00:00:00+00:00 [queued]>
[2024-04-02 22:59:54,593] {taskinstance.py:1159} INFO - Dependencies all met for <TaskInstance: get_stocks_dag.MSFT scheduled__2024-03-09T00:00:00+00:00 [queued]>
[2024-04-02 22:59:54,594] {taskinstance.py:1356} INFO - 
--------------------------------------------------------------------------------
[2024-04-02 22:59:54,595] {taskinstance.py:1357} INFO - Starting attempt 1 of 1
[2024-04-02 22:59:54,595] {taskinstance.py:1358} INFO - 
--------------------------------------------------------------------------------
[2024-04-02 22:59:54,634] {taskinstance.py:1377} INFO - Executing <Task(_PythonDecoratedOperator): MSFT> on 2024-03-09 00:00:00+00:00
[2024-04-02 22:59:54,649] {standard_task_runner.py:52} INFO - Started process 75623 to run task
[2024-04-02 22:59:54,674] {standard_task_runner.py:79} INFO - Running: ['airflow', 'tasks', 'run', 'get_stocks_dag', 'MSFT', 'scheduled__2024-03-09T00:00:00+00:00', '--job-id', '1057', '--raw', '--subdir', 'DAGS_FOLDER/get_stocks.py', '--cfg-path', '/tmp/tmp8vkbc62g', '--error-file', '/tmp/tmp84cxp1ky']
[2024-04-02 22:59:54,677] {standard_task_runner.py:80} INFO - Job 1057: Subtask MSFT
[2024-04-02 22:59:54,871] {task_command.py:370} INFO - Running <TaskInstance: get_stocks_dag.MSFT scheduled__2024-03-09T00:00:00+00:00 [running]> on host alexmend-virtual-machine
[2024-04-02 22:59:55,097] {taskinstance.py:1569} INFO - Exporting the following env vars:
AIRFLOW_CTX_DAG_OWNER=airflow
AIRFLOW_CTX_DAG_ID=get_stocks_dag
AIRFLOW_CTX_TASK_ID=MSFT
AIRFLOW_CTX_EXECUTION_DATE=2024-03-09T00:00:00+00:00
AIRFLOW_CTX_TRY_NUMBER=1
AIRFLOW_CTX_DAG_RUN_ID=scheduled__2024-03-09T00:00:00+00:00
[2024-04-02 23:00:05,819] {python.py:173} INFO - Done. Returned value was: None
[2024-04-02 23:00:05,877] {taskinstance.py:1395} INFO - Marking task as SUCCESS. dag_id=get_stocks_dag, task_id=MSFT, execution_date=20240309T000000, start_date=20240403T015954, end_date=20240403T020005
[2024-04-02 23:00:05,948] {local_task_job.py:156} INFO - Task exited with return code 0
[2024-04-02 23:00:06,022] {local_task_job.py:273} INFO - 0 downstream tasks scheduled from follow-on schedule check
