[2024-04-02 13:06:35,359] {taskinstance.py:1159} INFO - Dependencies all met for <TaskInstance: get_stocks_dag.TSLA scheduled__2024-02-17T00:00:00+00:00 [queued]>
[2024-04-02 13:06:35,369] {taskinstance.py:1159} INFO - Dependencies all met for <TaskInstance: get_stocks_dag.TSLA scheduled__2024-02-17T00:00:00+00:00 [queued]>
[2024-04-02 13:06:35,369] {taskinstance.py:1356} INFO - 
--------------------------------------------------------------------------------
[2024-04-02 13:06:35,370] {taskinstance.py:1357} INFO - Starting attempt 1 of 1
[2024-04-02 13:06:35,370] {taskinstance.py:1358} INFO - 
--------------------------------------------------------------------------------
[2024-04-02 13:06:35,398] {taskinstance.py:1377} INFO - Executing <Task(_PythonDecoratedOperator): TSLA> on 2024-02-17 00:00:00+00:00
[2024-04-02 13:06:35,403] {standard_task_runner.py:52} INFO - Started process 11190 to run task
[2024-04-02 13:06:35,409] {standard_task_runner.py:79} INFO - Running: ['airflow', 'tasks', 'run', 'get_stocks_dag', 'TSLA', 'scheduled__2024-02-17T00:00:00+00:00', '--job-id', '146', '--raw', '--subdir', 'DAGS_FOLDER/get_stocks.py', '--cfg-path', '/tmp/tmphu01c_vc', '--error-file', '/tmp/tmppe3_a5dm']
[2024-04-02 13:06:35,410] {standard_task_runner.py:80} INFO - Job 146: Subtask TSLA
[2024-04-02 13:06:35,500] {task_command.py:370} INFO - Running <TaskInstance: get_stocks_dag.TSLA scheduled__2024-02-17T00:00:00+00:00 [running]> on host alexmend-virtual-machine
[2024-04-02 13:06:35,610] {taskinstance.py:1569} INFO - Exporting the following env vars:
AIRFLOW_CTX_DAG_OWNER=airflow
AIRFLOW_CTX_DAG_ID=get_stocks_dag
AIRFLOW_CTX_TASK_ID=TSLA
AIRFLOW_CTX_EXECUTION_DATE=2024-02-17T00:00:00+00:00
AIRFLOW_CTX_TRY_NUMBER=1
AIRFLOW_CTX_DAG_RUN_ID=scheduled__2024-02-17T00:00:00+00:00
[2024-04-02 13:06:36,551] {python.py:173} INFO - Done. Returned value was: None
[2024-04-02 13:06:36,561] {taskinstance.py:1395} INFO - Marking task as SUCCESS. dag_id=get_stocks_dag, task_id=TSLA, execution_date=20240217T000000, start_date=20240402T160635, end_date=20240402T160636
[2024-04-02 13:06:36,588] {local_task_job.py:156} INFO - Task exited with return code 0
[2024-04-02 13:06:36,612] {local_task_job.py:273} INFO - 0 downstream tasks scheduled from follow-on schedule check
[2024-04-02 17:18:45,557] {taskinstance.py:1159} INFO - Dependencies all met for <TaskInstance: get_stocks_dag.TSLA scheduled__2024-02-17T00:00:00+00:00 [queued]>
[2024-04-02 17:18:45,576] {taskinstance.py:1159} INFO - Dependencies all met for <TaskInstance: get_stocks_dag.TSLA scheduled__2024-02-17T00:00:00+00:00 [queued]>
[2024-04-02 17:18:45,577] {taskinstance.py:1356} INFO - 
--------------------------------------------------------------------------------
[2024-04-02 17:18:45,577] {taskinstance.py:1357} INFO - Starting attempt 1 of 1
[2024-04-02 17:18:45,578] {taskinstance.py:1358} INFO - 
--------------------------------------------------------------------------------
[2024-04-02 17:18:45,619] {taskinstance.py:1377} INFO - Executing <Task(_PythonDecoratedOperator): TSLA> on 2024-02-17 00:00:00+00:00
[2024-04-02 17:18:45,632] {standard_task_runner.py:52} INFO - Started process 6973 to run task
[2024-04-02 17:18:45,682] {standard_task_runner.py:79} INFO - Running: ['airflow', 'tasks', 'run', 'get_stocks_dag', 'TSLA', 'scheduled__2024-02-17T00:00:00+00:00', '--job-id', '128', '--raw', '--subdir', 'DAGS_FOLDER/get_stocks.py', '--cfg-path', '/tmp/tmpgx3eq2p8', '--error-file', '/tmp/tmpj83anqbe']
[2024-04-02 17:18:45,696] {standard_task_runner.py:80} INFO - Job 128: Subtask TSLA
[2024-04-02 17:18:46,493] {task_command.py:370} INFO - Running <TaskInstance: get_stocks_dag.TSLA scheduled__2024-02-17T00:00:00+00:00 [running]> on host alexmend-virtual-machine
[2024-04-02 17:18:47,060] {taskinstance.py:1569} INFO - Exporting the following env vars:
AIRFLOW_CTX_DAG_OWNER=airflow
AIRFLOW_CTX_DAG_ID=get_stocks_dag
AIRFLOW_CTX_TASK_ID=TSLA
AIRFLOW_CTX_EXECUTION_DATE=2024-02-17T00:00:00+00:00
AIRFLOW_CTX_TRY_NUMBER=1
AIRFLOW_CTX_DAG_RUN_ID=scheduled__2024-02-17T00:00:00+00:00
[2024-04-02 17:18:48,449] {python.py:173} INFO - Done. Returned value was: None
[2024-04-02 17:18:48,568] {taskinstance.py:1395} INFO - Marking task as SUCCESS. dag_id=get_stocks_dag, task_id=TSLA, execution_date=20240217T000000, start_date=20240402T201845, end_date=20240402T201848
[2024-04-02 17:18:48,736] {local_task_job.py:156} INFO - Task exited with return code 0
[2024-04-02 17:18:49,045] {local_task_job.py:273} INFO - 0 downstream tasks scheduled from follow-on schedule check
[2024-04-02 17:45:07,081] {taskinstance.py:1159} INFO - Dependencies all met for <TaskInstance: get_stocks_dag.TSLA scheduled__2024-02-17T00:00:00+00:00 [queued]>
[2024-04-02 17:45:07,093] {taskinstance.py:1159} INFO - Dependencies all met for <TaskInstance: get_stocks_dag.TSLA scheduled__2024-02-17T00:00:00+00:00 [queued]>
[2024-04-02 17:45:07,093] {taskinstance.py:1356} INFO - 
--------------------------------------------------------------------------------
[2024-04-02 17:45:07,093] {taskinstance.py:1357} INFO - Starting attempt 1 of 1
[2024-04-02 17:45:07,093] {taskinstance.py:1358} INFO - 
--------------------------------------------------------------------------------
[2024-04-02 17:45:07,108] {taskinstance.py:1377} INFO - Executing <Task(_PythonDecoratedOperator): TSLA> on 2024-02-17 00:00:00+00:00
[2024-04-02 17:45:07,114] {standard_task_runner.py:52} INFO - Started process 21926 to run task
[2024-04-02 17:45:07,123] {standard_task_runner.py:79} INFO - Running: ['airflow', 'tasks', 'run', 'get_stocks_dag', 'TSLA', 'scheduled__2024-02-17T00:00:00+00:00', '--job-id', '390', '--raw', '--subdir', 'DAGS_FOLDER/get_stocks.py', '--cfg-path', '/tmp/tmp2omleyjb', '--error-file', '/tmp/tmpi6543jjb']
[2024-04-02 17:45:07,124] {standard_task_runner.py:80} INFO - Job 390: Subtask TSLA
[2024-04-02 17:45:07,261] {task_command.py:370} INFO - Running <TaskInstance: get_stocks_dag.TSLA scheduled__2024-02-17T00:00:00+00:00 [running]> on host alexmend-virtual-machine
[2024-04-02 17:45:07,409] {taskinstance.py:1569} INFO - Exporting the following env vars:
AIRFLOW_CTX_DAG_OWNER=airflow
AIRFLOW_CTX_DAG_ID=get_stocks_dag
AIRFLOW_CTX_TASK_ID=TSLA
AIRFLOW_CTX_EXECUTION_DATE=2024-02-17T00:00:00+00:00
AIRFLOW_CTX_TRY_NUMBER=1
AIRFLOW_CTX_DAG_RUN_ID=scheduled__2024-02-17T00:00:00+00:00
[2024-04-02 17:45:08,014] {python.py:173} INFO - Done. Returned value was: None
[2024-04-02 17:45:08,041] {taskinstance.py:1395} INFO - Marking task as SUCCESS. dag_id=get_stocks_dag, task_id=TSLA, execution_date=20240217T000000, start_date=20240402T204507, end_date=20240402T204508
[2024-04-02 17:45:08,105] {local_task_job.py:156} INFO - Task exited with return code 0
[2024-04-02 17:45:08,162] {local_task_job.py:273} INFO - 0 downstream tasks scheduled from follow-on schedule check
