[2024-04-02 13:13:39,984] {taskinstance.py:1159} INFO - Dependencies all met for <TaskInstance: get_stocks_dag.GOOG scheduled__2024-03-27T00:00:00+00:00 [queued]>
[2024-04-02 13:13:39,993] {taskinstance.py:1159} INFO - Dependencies all met for <TaskInstance: get_stocks_dag.GOOG scheduled__2024-03-27T00:00:00+00:00 [queued]>
[2024-04-02 13:13:39,993] {taskinstance.py:1356} INFO - 
--------------------------------------------------------------------------------
[2024-04-02 13:13:39,993] {taskinstance.py:1357} INFO - Starting attempt 1 of 1
[2024-04-02 13:13:39,993] {taskinstance.py:1358} INFO - 
--------------------------------------------------------------------------------
[2024-04-02 13:13:40,021] {taskinstance.py:1377} INFO - Executing <Task(_PythonDecoratedOperator): GOOG> on 2024-03-27 00:00:00+00:00
[2024-04-02 13:13:40,028] {standard_task_runner.py:52} INFO - Started process 13682 to run task
[2024-04-02 13:13:40,034] {standard_task_runner.py:79} INFO - Running: ['airflow', 'tasks', 'run', 'get_stocks_dag', 'GOOG', 'scheduled__2024-03-27T00:00:00+00:00', '--job-id', '253', '--raw', '--subdir', 'DAGS_FOLDER/get_stocks.py', '--cfg-path', '/tmp/tmpiknd_a01', '--error-file', '/tmp/tmpdx3w5mrt']
[2024-04-02 13:13:40,036] {standard_task_runner.py:80} INFO - Job 253: Subtask GOOG
[2024-04-02 13:13:40,091] {task_command.py:370} INFO - Running <TaskInstance: get_stocks_dag.GOOG scheduled__2024-03-27T00:00:00+00:00 [running]> on host alexmend-virtual-machine
[2024-04-02 13:13:40,167] {taskinstance.py:1569} INFO - Exporting the following env vars:
AIRFLOW_CTX_DAG_OWNER=airflow
AIRFLOW_CTX_DAG_ID=get_stocks_dag
AIRFLOW_CTX_TASK_ID=GOOG
AIRFLOW_CTX_EXECUTION_DATE=2024-03-27T00:00:00+00:00
AIRFLOW_CTX_TRY_NUMBER=1
AIRFLOW_CTX_DAG_RUN_ID=scheduled__2024-03-27T00:00:00+00:00
[2024-04-02 13:13:40,977] {python.py:173} INFO - Done. Returned value was: None
[2024-04-02 13:13:40,997] {taskinstance.py:1395} INFO - Marking task as SUCCESS. dag_id=get_stocks_dag, task_id=GOOG, execution_date=20240327T000000, start_date=20240402T161339, end_date=20240402T161340
[2024-04-02 13:13:41,052] {local_task_job.py:156} INFO - Task exited with return code 0
[2024-04-02 13:13:41,078] {local_task_job.py:273} INFO - 0 downstream tasks scheduled from follow-on schedule check
[2024-04-02 17:20:14,697] {taskinstance.py:1159} INFO - Dependencies all met for <TaskInstance: get_stocks_dag.GOOG scheduled__2024-03-27T00:00:00+00:00 [queued]>
[2024-04-02 17:20:14,725] {taskinstance.py:1159} INFO - Dependencies all met for <TaskInstance: get_stocks_dag.GOOG scheduled__2024-03-27T00:00:00+00:00 [queued]>
[2024-04-02 17:20:14,726] {taskinstance.py:1356} INFO - 
--------------------------------------------------------------------------------
[2024-04-02 17:20:14,727] {taskinstance.py:1357} INFO - Starting attempt 1 of 1
[2024-04-02 17:20:14,727] {taskinstance.py:1358} INFO - 
--------------------------------------------------------------------------------
[2024-04-02 17:20:14,759] {taskinstance.py:1377} INFO - Executing <Task(_PythonDecoratedOperator): GOOG> on 2024-03-27 00:00:00+00:00
[2024-04-02 17:20:14,768] {standard_task_runner.py:52} INFO - Started process 9610 to run task
[2024-04-02 17:20:14,795] {standard_task_runner.py:79} INFO - Running: ['airflow', 'tasks', 'run', 'get_stocks_dag', 'GOOG', 'scheduled__2024-03-27T00:00:00+00:00', '--job-id', '234', '--raw', '--subdir', 'DAGS_FOLDER/get_stocks.py', '--cfg-path', '/tmp/tmp4l1yvjbe', '--error-file', '/tmp/tmpdetkl3t7']
[2024-04-02 17:20:14,798] {standard_task_runner.py:80} INFO - Job 234: Subtask GOOG
[2024-04-02 17:20:15,011] {task_command.py:370} INFO - Running <TaskInstance: get_stocks_dag.GOOG scheduled__2024-03-27T00:00:00+00:00 [running]> on host alexmend-virtual-machine
[2024-04-02 17:20:15,219] {taskinstance.py:1569} INFO - Exporting the following env vars:
AIRFLOW_CTX_DAG_OWNER=airflow
AIRFLOW_CTX_DAG_ID=get_stocks_dag
AIRFLOW_CTX_TASK_ID=GOOG
AIRFLOW_CTX_EXECUTION_DATE=2024-03-27T00:00:00+00:00
AIRFLOW_CTX_TRY_NUMBER=1
AIRFLOW_CTX_DAG_RUN_ID=scheduled__2024-03-27T00:00:00+00:00
[2024-04-02 17:20:15,911] {python.py:173} INFO - Done. Returned value was: None
[2024-04-02 17:20:15,937] {taskinstance.py:1395} INFO - Marking task as SUCCESS. dag_id=get_stocks_dag, task_id=GOOG, execution_date=20240327T000000, start_date=20240402T202014, end_date=20240402T202015
[2024-04-02 17:20:15,981] {local_task_job.py:156} INFO - Task exited with return code 0
[2024-04-02 17:20:16,059] {local_task_job.py:273} INFO - 0 downstream tasks scheduled from follow-on schedule check
[2024-04-02 17:48:01,868] {taskinstance.py:1159} INFO - Dependencies all met for <TaskInstance: get_stocks_dag.GOOG scheduled__2024-03-27T00:00:00+00:00 [queued]>
[2024-04-02 17:48:01,885] {taskinstance.py:1159} INFO - Dependencies all met for <TaskInstance: get_stocks_dag.GOOG scheduled__2024-03-27T00:00:00+00:00 [queued]>
[2024-04-02 17:48:01,886] {taskinstance.py:1356} INFO - 
--------------------------------------------------------------------------------
[2024-04-02 17:48:01,886] {taskinstance.py:1357} INFO - Starting attempt 1 of 1
[2024-04-02 17:48:01,886] {taskinstance.py:1358} INFO - 
--------------------------------------------------------------------------------
[2024-04-02 17:48:01,910] {taskinstance.py:1377} INFO - Executing <Task(_PythonDecoratedOperator): GOOG> on 2024-03-27 00:00:00+00:00
[2024-04-02 17:48:01,917] {standard_task_runner.py:52} INFO - Started process 25110 to run task
[2024-04-02 17:48:01,929] {standard_task_runner.py:79} INFO - Running: ['airflow', 'tasks', 'run', 'get_stocks_dag', 'GOOG', 'scheduled__2024-03-27T00:00:00+00:00', '--job-id', '497', '--raw', '--subdir', 'DAGS_FOLDER/get_stocks.py', '--cfg-path', '/tmp/tmpue4rsb3m', '--error-file', '/tmp/tmpk_8_a9ys']
[2024-04-02 17:48:01,931] {standard_task_runner.py:80} INFO - Job 497: Subtask GOOG
[2024-04-02 17:48:02,107] {task_command.py:370} INFO - Running <TaskInstance: get_stocks_dag.GOOG scheduled__2024-03-27T00:00:00+00:00 [running]> on host alexmend-virtual-machine
[2024-04-02 17:48:02,275] {taskinstance.py:1569} INFO - Exporting the following env vars:
AIRFLOW_CTX_DAG_OWNER=airflow
AIRFLOW_CTX_DAG_ID=get_stocks_dag
AIRFLOW_CTX_TASK_ID=GOOG
AIRFLOW_CTX_EXECUTION_DATE=2024-03-27T00:00:00+00:00
AIRFLOW_CTX_TRY_NUMBER=1
AIRFLOW_CTX_DAG_RUN_ID=scheduled__2024-03-27T00:00:00+00:00
[2024-04-02 17:48:03,960] {python.py:173} INFO - Done. Returned value was: None
[2024-04-02 17:48:04,011] {taskinstance.py:1395} INFO - Marking task as SUCCESS. dag_id=get_stocks_dag, task_id=GOOG, execution_date=20240327T000000, start_date=20240402T204801, end_date=20240402T204804
[2024-04-02 17:48:04,076] {local_task_job.py:156} INFO - Task exited with return code 0
[2024-04-02 17:48:04,181] {local_task_job.py:273} INFO - 0 downstream tasks scheduled from follow-on schedule check
[2024-04-02 19:16:38,058] {taskinstance.py:1159} INFO - Dependencies all met for <TaskInstance: get_stocks_dag.GOOG scheduled__2024-03-27T00:00:00+00:00 [queued]>
[2024-04-02 19:16:38,098] {taskinstance.py:1159} INFO - Dependencies all met for <TaskInstance: get_stocks_dag.GOOG scheduled__2024-03-27T00:00:00+00:00 [queued]>
[2024-04-02 19:16:38,101] {taskinstance.py:1356} INFO - 
--------------------------------------------------------------------------------
[2024-04-02 19:16:38,101] {taskinstance.py:1357} INFO - Starting attempt 1 of 1
[2024-04-02 19:16:38,102] {taskinstance.py:1358} INFO - 
--------------------------------------------------------------------------------
[2024-04-02 19:16:38,130] {taskinstance.py:1377} INFO - Executing <Task(_PythonDecoratedOperator): GOOG> on 2024-03-27 00:00:00+00:00
[2024-04-02 19:16:38,143] {standard_task_runner.py:52} INFO - Started process 16269 to run task
[2024-04-02 19:16:38,162] {standard_task_runner.py:79} INFO - Running: ['airflow', 'tasks', 'run', 'get_stocks_dag', 'GOOG', 'scheduled__2024-03-27T00:00:00+00:00', '--job-id', '598', '--raw', '--subdir', 'DAGS_FOLDER/get_stocks.py', '--cfg-path', '/tmp/tmpobwosd3t', '--error-file', '/tmp/tmpi2ymzohb']
[2024-04-02 19:16:38,164] {standard_task_runner.py:80} INFO - Job 598: Subtask GOOG
[2024-04-02 19:16:38,378] {task_command.py:370} INFO - Running <TaskInstance: get_stocks_dag.GOOG scheduled__2024-03-27T00:00:00+00:00 [running]> on host alexmend-virtual-machine
[2024-04-02 19:16:38,557] {taskinstance.py:1569} INFO - Exporting the following env vars:
AIRFLOW_CTX_DAG_OWNER=airflow
AIRFLOW_CTX_DAG_ID=get_stocks_dag
AIRFLOW_CTX_TASK_ID=GOOG
AIRFLOW_CTX_EXECUTION_DATE=2024-03-27T00:00:00+00:00
AIRFLOW_CTX_TRY_NUMBER=1
AIRFLOW_CTX_DAG_RUN_ID=scheduled__2024-03-27T00:00:00+00:00
[2024-04-02 19:16:39,676] {python.py:173} INFO - Done. Returned value was: None
[2024-04-02 19:16:39,770] {taskinstance.py:1395} INFO - Marking task as SUCCESS. dag_id=get_stocks_dag, task_id=GOOG, execution_date=20240327T000000, start_date=20240402T221638, end_date=20240402T221639
[2024-04-02 19:16:39,841] {local_task_job.py:156} INFO - Task exited with return code 0
[2024-04-02 19:16:39,962] {local_task_job.py:273} INFO - 0 downstream tasks scheduled from follow-on schedule check
[2024-04-02 20:40:43,685] {taskinstance.py:1159} INFO - Dependencies all met for <TaskInstance: get_stocks_dag.GOOG scheduled__2024-03-27T00:00:00+00:00 [queued]>
[2024-04-02 20:40:43,723] {taskinstance.py:1159} INFO - Dependencies all met for <TaskInstance: get_stocks_dag.GOOG scheduled__2024-03-27T00:00:00+00:00 [queued]>
[2024-04-02 20:40:43,723] {taskinstance.py:1356} INFO - 
--------------------------------------------------------------------------------
[2024-04-02 20:40:43,724] {taskinstance.py:1357} INFO - Starting attempt 1 of 1
[2024-04-02 20:40:43,724] {taskinstance.py:1358} INFO - 
--------------------------------------------------------------------------------
[2024-04-02 20:40:43,760] {taskinstance.py:1377} INFO - Executing <Task(_PythonDecoratedOperator): GOOG> on 2024-03-27 00:00:00+00:00
[2024-04-02 20:40:43,770] {standard_task_runner.py:52} INFO - Started process 27727 to run task
[2024-04-02 20:40:43,789] {standard_task_runner.py:79} INFO - Running: ['airflow', 'tasks', 'run', 'get_stocks_dag', 'GOOG', 'scheduled__2024-03-27T00:00:00+00:00', '--job-id', '698', '--raw', '--subdir', 'DAGS_FOLDER/get_stocks.py', '--cfg-path', '/tmp/tmp0liplllo', '--error-file', '/tmp/tmp0awzofi3']
[2024-04-02 20:40:43,791] {standard_task_runner.py:80} INFO - Job 698: Subtask GOOG
[2024-04-02 20:40:43,914] {task_command.py:370} INFO - Running <TaskInstance: get_stocks_dag.GOOG scheduled__2024-03-27T00:00:00+00:00 [running]> on host alexmend-virtual-machine
[2024-04-02 20:40:44,054] {taskinstance.py:1569} INFO - Exporting the following env vars:
AIRFLOW_CTX_DAG_OWNER=airflow
AIRFLOW_CTX_DAG_ID=get_stocks_dag
AIRFLOW_CTX_TASK_ID=GOOG
AIRFLOW_CTX_EXECUTION_DATE=2024-03-27T00:00:00+00:00
AIRFLOW_CTX_TRY_NUMBER=1
AIRFLOW_CTX_DAG_RUN_ID=scheduled__2024-03-27T00:00:00+00:00
[2024-04-02 20:40:44,732] {python.py:173} INFO - Done. Returned value was: None
[2024-04-02 20:40:44,788] {taskinstance.py:1395} INFO - Marking task as SUCCESS. dag_id=get_stocks_dag, task_id=GOOG, execution_date=20240327T000000, start_date=20240402T234043, end_date=20240402T234044
[2024-04-02 20:40:44,840] {local_task_job.py:156} INFO - Task exited with return code 0
[2024-04-02 20:40:44,905] {local_task_job.py:273} INFO - 0 downstream tasks scheduled from follow-on schedule check
[2024-04-02 21:55:55,081] {taskinstance.py:1159} INFO - Dependencies all met for <TaskInstance: get_stocks_dag.GOOG scheduled__2024-03-27T00:00:00+00:00 [queued]>
[2024-04-02 21:55:55,104] {taskinstance.py:1159} INFO - Dependencies all met for <TaskInstance: get_stocks_dag.GOOG scheduled__2024-03-27T00:00:00+00:00 [queued]>
[2024-04-02 21:55:55,104] {taskinstance.py:1356} INFO - 
--------------------------------------------------------------------------------
[2024-04-02 21:55:55,104] {taskinstance.py:1357} INFO - Starting attempt 1 of 1
[2024-04-02 21:55:55,104] {taskinstance.py:1358} INFO - 
--------------------------------------------------------------------------------
[2024-04-02 21:55:55,135] {taskinstance.py:1377} INFO - Executing <Task(_PythonDecoratedOperator): GOOG> on 2024-03-27 00:00:00+00:00
[2024-04-02 21:55:55,152] {standard_task_runner.py:52} INFO - Started process 54722 to run task
[2024-04-02 21:55:55,160] {standard_task_runner.py:79} INFO - Running: ['airflow', 'tasks', 'run', 'get_stocks_dag', 'GOOG', 'scheduled__2024-03-27T00:00:00+00:00', '--job-id', '875', '--raw', '--subdir', 'DAGS_FOLDER/get_stocks.py', '--cfg-path', '/tmp/tmpyitmpcij', '--error-file', '/tmp/tmpqy59krs7']
[2024-04-02 21:55:55,162] {standard_task_runner.py:80} INFO - Job 875: Subtask GOOG
[2024-04-02 21:55:55,345] {task_command.py:370} INFO - Running <TaskInstance: get_stocks_dag.GOOG scheduled__2024-03-27T00:00:00+00:00 [running]> on host alexmend-virtual-machine
[2024-04-02 21:55:55,593] {taskinstance.py:1569} INFO - Exporting the following env vars:
AIRFLOW_CTX_DAG_OWNER=airflow
AIRFLOW_CTX_DAG_ID=get_stocks_dag
AIRFLOW_CTX_TASK_ID=GOOG
AIRFLOW_CTX_EXECUTION_DATE=2024-03-27T00:00:00+00:00
AIRFLOW_CTX_TRY_NUMBER=1
AIRFLOW_CTX_DAG_RUN_ID=scheduled__2024-03-27T00:00:00+00:00
[2024-04-02 21:56:06,436] {python.py:173} INFO - Done. Returned value was: None
[2024-04-02 21:56:06,471] {taskinstance.py:1395} INFO - Marking task as SUCCESS. dag_id=get_stocks_dag, task_id=GOOG, execution_date=20240327T000000, start_date=20240403T005555, end_date=20240403T005606
[2024-04-02 21:56:06,545] {local_task_job.py:156} INFO - Task exited with return code 0
[2024-04-02 21:56:06,609] {local_task_job.py:273} INFO - 0 downstream tasks scheduled from follow-on schedule check
[2024-04-02 23:16:35,592] {taskinstance.py:1159} INFO - Dependencies all met for <TaskInstance: get_stocks_dag.GOOG scheduled__2024-03-27T00:00:00+00:00 [queued]>
[2024-04-02 23:16:35,620] {taskinstance.py:1159} INFO - Dependencies all met for <TaskInstance: get_stocks_dag.GOOG scheduled__2024-03-27T00:00:00+00:00 [queued]>
[2024-04-02 23:16:35,624] {taskinstance.py:1356} INFO - 
--------------------------------------------------------------------------------
[2024-04-02 23:16:35,626] {taskinstance.py:1357} INFO - Starting attempt 1 of 1
[2024-04-02 23:16:35,627] {taskinstance.py:1358} INFO - 
--------------------------------------------------------------------------------
[2024-04-02 23:16:35,667] {taskinstance.py:1377} INFO - Executing <Task(_PythonDecoratedOperator): GOOG> on 2024-03-27 00:00:00+00:00
[2024-04-02 23:16:35,690] {standard_task_runner.py:52} INFO - Started process 84785 to run task
[2024-04-02 23:16:35,711] {standard_task_runner.py:79} INFO - Running: ['airflow', 'tasks', 'run', 'get_stocks_dag', 'GOOG', 'scheduled__2024-03-27T00:00:00+00:00', '--job-id', '1176', '--raw', '--subdir', 'DAGS_FOLDER/get_stocks.py', '--cfg-path', '/tmp/tmpstn47946', '--error-file', '/tmp/tmp28zn7qt3']
[2024-04-02 23:16:35,716] {standard_task_runner.py:80} INFO - Job 1176: Subtask GOOG
[2024-04-02 23:16:36,213] {task_command.py:370} INFO - Running <TaskInstance: get_stocks_dag.GOOG scheduled__2024-03-27T00:00:00+00:00 [running]> on host alexmend-virtual-machine
[2024-04-02 23:16:36,783] {taskinstance.py:1569} INFO - Exporting the following env vars:
AIRFLOW_CTX_DAG_OWNER=airflow
AIRFLOW_CTX_DAG_ID=get_stocks_dag
AIRFLOW_CTX_TASK_ID=GOOG
AIRFLOW_CTX_EXECUTION_DATE=2024-03-27T00:00:00+00:00
AIRFLOW_CTX_TRY_NUMBER=1
AIRFLOW_CTX_DAG_RUN_ID=scheduled__2024-03-27T00:00:00+00:00
[2024-04-02 23:16:47,571] {python.py:173} INFO - Done. Returned value was: None
[2024-04-02 23:16:47,618] {taskinstance.py:1395} INFO - Marking task as SUCCESS. dag_id=get_stocks_dag, task_id=GOOG, execution_date=20240327T000000, start_date=20240403T021635, end_date=20240403T021647
[2024-04-02 23:16:47,709] {local_task_job.py:156} INFO - Task exited with return code 0
[2024-04-02 23:16:47,881] {local_task_job.py:273} INFO - 0 downstream tasks scheduled from follow-on schedule check
