[2024-04-02 22:05:24,763] {taskinstance.py:1159} INFO - Dependencies all met for <TaskInstance: get_crypto_dag.DOGE scheduled__2024-04-02T00:00:00+00:00 [queued]>
[2024-04-02 22:05:24,773] {taskinstance.py:1159} INFO - Dependencies all met for <TaskInstance: get_crypto_dag.DOGE scheduled__2024-04-02T00:00:00+00:00 [queued]>
[2024-04-02 22:05:24,773] {taskinstance.py:1356} INFO - 
--------------------------------------------------------------------------------
[2024-04-02 22:05:24,773] {taskinstance.py:1357} INFO - Starting attempt 1 of 1
[2024-04-02 22:05:24,773] {taskinstance.py:1358} INFO - 
--------------------------------------------------------------------------------
[2024-04-02 22:05:24,786] {taskinstance.py:1377} INFO - Executing <Task(_PythonDecoratedOperator): DOGE> on 2024-04-02 00:00:00+00:00
[2024-04-02 22:05:24,792] {standard_task_runner.py:52} INFO - Started process 61056 to run task
[2024-04-02 22:05:24,796] {standard_task_runner.py:79} INFO - Running: ['airflow', 'tasks', 'run', 'get_crypto_dag', 'DOGE', 'scheduled__2024-04-02T00:00:00+00:00', '--job-id', '967', '--raw', '--subdir', 'DAGS_FOLDER/get_crypto.py', '--cfg-path', '/tmp/tmp929qusyf', '--error-file', '/tmp/tmpcrjza2zm']
[2024-04-02 22:05:24,798] {standard_task_runner.py:80} INFO - Job 967: Subtask DOGE
[2024-04-02 22:05:24,875] {task_command.py:370} INFO - Running <TaskInstance: get_crypto_dag.DOGE scheduled__2024-04-02T00:00:00+00:00 [running]> on host alexmend-virtual-machine
[2024-04-02 22:05:24,957] {taskinstance.py:1569} INFO - Exporting the following env vars:
AIRFLOW_CTX_DAG_OWNER=airflow
AIRFLOW_CTX_DAG_ID=get_crypto_dag
AIRFLOW_CTX_TASK_ID=DOGE
AIRFLOW_CTX_EXECUTION_DATE=2024-04-02T00:00:00+00:00
AIRFLOW_CTX_TRY_NUMBER=1
AIRFLOW_CTX_DAG_RUN_ID=scheduled__2024-04-02T00:00:00+00:00
[2024-04-02 22:05:28,765] {history.py:90} ERROR - DOGE: No timezone found, symbol may be delisted
[2024-04-02 22:05:38,778] {python.py:173} INFO - Done. Returned value was: None
[2024-04-02 22:05:38,853] {taskinstance.py:1395} INFO - Marking task as SUCCESS. dag_id=get_crypto_dag, task_id=DOGE, execution_date=20240402T000000, start_date=20240403T010524, end_date=20240403T010538
[2024-04-02 22:05:38,913] {local_task_job.py:156} INFO - Task exited with return code 0
[2024-04-02 22:05:39,000] {local_task_job.py:273} INFO - 0 downstream tasks scheduled from follow-on schedule check
[2024-04-02 23:21:56,795] {taskinstance.py:1159} INFO - Dependencies all met for <TaskInstance: get_crypto_dag.DOGE scheduled__2024-04-02T00:00:00+00:00 [queued]>
[2024-04-02 23:21:56,824] {taskinstance.py:1159} INFO - Dependencies all met for <TaskInstance: get_crypto_dag.DOGE scheduled__2024-04-02T00:00:00+00:00 [queued]>
[2024-04-02 23:21:56,824] {taskinstance.py:1356} INFO - 
--------------------------------------------------------------------------------
[2024-04-02 23:21:56,824] {taskinstance.py:1357} INFO - Starting attempt 1 of 1
[2024-04-02 23:21:56,824] {taskinstance.py:1358} INFO - 
--------------------------------------------------------------------------------
[2024-04-02 23:21:56,860] {taskinstance.py:1377} INFO - Executing <Task(_PythonDecoratedOperator): DOGE> on 2024-04-02 00:00:00+00:00
[2024-04-02 23:21:56,871] {standard_task_runner.py:52} INFO - Started process 87971 to run task
[2024-04-02 23:21:56,890] {standard_task_runner.py:79} INFO - Running: ['airflow', 'tasks', 'run', 'get_crypto_dag', 'DOGE', 'scheduled__2024-04-02T00:00:00+00:00', '--job-id', '1219', '--raw', '--subdir', 'DAGS_FOLDER/get_crypto.py', '--cfg-path', '/tmp/tmp4cnlqieo', '--error-file', '/tmp/tmp2sbb08db']
[2024-04-02 23:21:56,893] {standard_task_runner.py:80} INFO - Job 1219: Subtask DOGE
[2024-04-02 23:21:57,084] {task_command.py:370} INFO - Running <TaskInstance: get_crypto_dag.DOGE scheduled__2024-04-02T00:00:00+00:00 [running]> on host alexmend-virtual-machine
[2024-04-02 23:21:57,336] {taskinstance.py:1569} INFO - Exporting the following env vars:
AIRFLOW_CTX_DAG_OWNER=airflow
AIRFLOW_CTX_DAG_ID=get_crypto_dag
AIRFLOW_CTX_TASK_ID=DOGE
AIRFLOW_CTX_EXECUTION_DATE=2024-04-02T00:00:00+00:00
AIRFLOW_CTX_TRY_NUMBER=1
AIRFLOW_CTX_DAG_RUN_ID=scheduled__2024-04-02T00:00:00+00:00
[2024-04-02 23:22:00,881] {history.py:90} ERROR - DOGE: No timezone found, symbol may be delisted
[2024-04-02 23:22:10,903] {python.py:173} INFO - Done. Returned value was: None
[2024-04-02 23:22:10,937] {taskinstance.py:1395} INFO - Marking task as SUCCESS. dag_id=get_crypto_dag, task_id=DOGE, execution_date=20240402T000000, start_date=20240403T022156, end_date=20240403T022210
[2024-04-02 23:22:11,003] {local_task_job.py:156} INFO - Task exited with return code 0
[2024-04-02 23:22:11,064] {local_task_job.py:273} INFO - 0 downstream tasks scheduled from follow-on schedule check
