[2024-04-02 21:44:56,536] {taskinstance.py:1159} INFO - Dependencies all met for <TaskInstance: get_crypto_dag.AVAX scheduled__2024-02-28T00:00:00+00:00 [queued]>
[2024-04-02 21:44:56,619] {taskinstance.py:1159} INFO - Dependencies all met for <TaskInstance: get_crypto_dag.AVAX scheduled__2024-02-28T00:00:00+00:00 [queued]>
[2024-04-02 21:44:56,619] {taskinstance.py:1356} INFO - 
--------------------------------------------------------------------------------
[2024-04-02 21:44:56,620] {taskinstance.py:1357} INFO - Starting attempt 1 of 1
[2024-04-02 21:44:56,620] {taskinstance.py:1358} INFO - 
--------------------------------------------------------------------------------
[2024-04-02 21:44:56,794] {taskinstance.py:1377} INFO - Executing <Task(_PythonDecoratedOperator): AVAX> on 2024-02-28 00:00:00+00:00
[2024-04-02 21:44:56,902] {standard_task_runner.py:79} INFO - Running: ['airflow', 'tasks', 'run', 'get_crypto_dag', 'AVAX', 'scheduled__2024-02-28T00:00:00+00:00', '--job-id', '738', '--raw', '--subdir', 'DAGS_FOLDER/get_crypto.py', '--cfg-path', '/tmp/tmpnw5ioy99', '--error-file', '/tmp/tmpikf4ufo0']
[2024-04-02 21:44:56,916] {standard_task_runner.py:80} INFO - Job 738: Subtask AVAX
[2024-04-02 21:44:56,869] {standard_task_runner.py:52} INFO - Started process 46995 to run task
[2024-04-02 21:44:57,554] {task_command.py:370} INFO - Running <TaskInstance: get_crypto_dag.AVAX scheduled__2024-02-28T00:00:00+00:00 [running]> on host alexmend-virtual-machine
[2024-04-02 21:44:58,053] {taskinstance.py:1569} INFO - Exporting the following env vars:
AIRFLOW_CTX_DAG_OWNER=airflow
AIRFLOW_CTX_DAG_ID=get_crypto_dag
AIRFLOW_CTX_TASK_ID=AVAX
AIRFLOW_CTX_EXECUTION_DATE=2024-02-28T00:00:00+00:00
AIRFLOW_CTX_TRY_NUMBER=1
AIRFLOW_CTX_DAG_RUN_ID=scheduled__2024-02-28T00:00:00+00:00
[2024-04-02 21:45:02,695] {history.py:90} ERROR - AVAX: No timezone found, symbol may be delisted
[2024-04-02 21:45:12,738] {python.py:173} INFO - Done. Returned value was: None
[2024-04-02 21:45:12,794] {taskinstance.py:1395} INFO - Marking task as SUCCESS. dag_id=get_crypto_dag, task_id=AVAX, execution_date=20240228T000000, start_date=20240403T004456, end_date=20240403T004512
[2024-04-02 21:45:12,920] {local_task_job.py:156} INFO - Task exited with return code 0
[2024-04-02 21:45:13,100] {local_task_job.py:273} INFO - 0 downstream tasks scheduled from follow-on schedule check
[2024-04-02 22:48:56,940] {taskinstance.py:1159} INFO - Dependencies all met for <TaskInstance: get_crypto_dag.AVAX scheduled__2024-02-28T00:00:00+00:00 [queued]>
[2024-04-02 22:48:56,990] {taskinstance.py:1159} INFO - Dependencies all met for <TaskInstance: get_crypto_dag.AVAX scheduled__2024-02-28T00:00:00+00:00 [queued]>
[2024-04-02 22:48:56,990] {taskinstance.py:1356} INFO - 
--------------------------------------------------------------------------------
[2024-04-02 22:48:56,991] {taskinstance.py:1357} INFO - Starting attempt 1 of 1
[2024-04-02 22:48:56,991] {taskinstance.py:1358} INFO - 
--------------------------------------------------------------------------------
[2024-04-02 22:48:57,067] {taskinstance.py:1377} INFO - Executing <Task(_PythonDecoratedOperator): AVAX> on 2024-02-28 00:00:00+00:00
[2024-04-02 22:48:57,087] {standard_task_runner.py:52} INFO - Started process 70220 to run task
[2024-04-02 22:48:57,181] {standard_task_runner.py:79} INFO - Running: ['airflow', 'tasks', 'run', 'get_crypto_dag', 'AVAX', 'scheduled__2024-02-28T00:00:00+00:00', '--job-id', '987', '--raw', '--subdir', 'DAGS_FOLDER/get_crypto.py', '--cfg-path', '/tmp/tmp721qd6cr', '--error-file', '/tmp/tmplf5lvfdm']
[2024-04-02 22:48:57,190] {standard_task_runner.py:80} INFO - Job 987: Subtask AVAX
[2024-04-02 22:48:58,051] {task_command.py:370} INFO - Running <TaskInstance: get_crypto_dag.AVAX scheduled__2024-02-28T00:00:00+00:00 [running]> on host alexmend-virtual-machine
[2024-04-02 22:48:58,651] {taskinstance.py:1569} INFO - Exporting the following env vars:
AIRFLOW_CTX_DAG_OWNER=airflow
AIRFLOW_CTX_DAG_ID=get_crypto_dag
AIRFLOW_CTX_TASK_ID=AVAX
AIRFLOW_CTX_EXECUTION_DATE=2024-02-28T00:00:00+00:00
AIRFLOW_CTX_TRY_NUMBER=1
AIRFLOW_CTX_DAG_RUN_ID=scheduled__2024-02-28T00:00:00+00:00
[2024-04-02 22:49:03,426] {history.py:90} ERROR - AVAX: No timezone found, symbol may be delisted
[2024-04-02 22:49:13,459] {python.py:173} INFO - Done. Returned value was: None
[2024-04-02 22:49:13,605] {taskinstance.py:1395} INFO - Marking task as SUCCESS. dag_id=get_crypto_dag, task_id=AVAX, execution_date=20240228T000000, start_date=20240403T014856, end_date=20240403T014913
[2024-04-02 22:49:13,706] {local_task_job.py:156} INFO - Task exited with return code 0
[2024-04-02 22:49:13,854] {local_task_job.py:273} INFO - 0 downstream tasks scheduled from follow-on schedule check
