[2024-04-02 13:10:41,039] {taskinstance.py:1159} INFO - Dependencies all met for <TaskInstance: get_stocks_dag.AAPL scheduled__2024-03-12T00:00:00+00:00 [queued]>
[2024-04-02 13:10:41,049] {taskinstance.py:1159} INFO - Dependencies all met for <TaskInstance: get_stocks_dag.AAPL scheduled__2024-03-12T00:00:00+00:00 [queued]>
[2024-04-02 13:10:41,049] {taskinstance.py:1356} INFO - 
--------------------------------------------------------------------------------
[2024-04-02 13:10:41,049] {taskinstance.py:1357} INFO - Starting attempt 1 of 1
[2024-04-02 13:10:41,050] {taskinstance.py:1358} INFO - 
--------------------------------------------------------------------------------
[2024-04-02 13:10:41,072] {taskinstance.py:1377} INFO - Executing <Task(_PythonDecoratedOperator): AAPL> on 2024-03-12 00:00:00+00:00
[2024-04-02 13:10:41,079] {standard_task_runner.py:52} INFO - Started process 12624 to run task
[2024-04-02 13:10:41,084] {standard_task_runner.py:79} INFO - Running: ['airflow', 'tasks', 'run', 'get_stocks_dag', 'AAPL', 'scheduled__2024-03-12T00:00:00+00:00', '--job-id', '207', '--raw', '--subdir', 'DAGS_FOLDER/get_stocks.py', '--cfg-path', '/tmp/tmp41wn929x', '--error-file', '/tmp/tmp4zhvcfps']
[2024-04-02 13:10:41,085] {standard_task_runner.py:80} INFO - Job 207: Subtask AAPL
[2024-04-02 13:10:41,143] {task_command.py:370} INFO - Running <TaskInstance: get_stocks_dag.AAPL scheduled__2024-03-12T00:00:00+00:00 [running]> on host alexmend-virtual-machine
[2024-04-02 13:10:41,230] {taskinstance.py:1569} INFO - Exporting the following env vars:
AIRFLOW_CTX_DAG_OWNER=airflow
AIRFLOW_CTX_DAG_ID=get_stocks_dag
AIRFLOW_CTX_TASK_ID=AAPL
AIRFLOW_CTX_EXECUTION_DATE=2024-03-12T00:00:00+00:00
AIRFLOW_CTX_TRY_NUMBER=1
AIRFLOW_CTX_DAG_RUN_ID=scheduled__2024-03-12T00:00:00+00:00
[2024-04-02 13:10:41,952] {python.py:173} INFO - Done. Returned value was: None
[2024-04-02 13:10:41,967] {taskinstance.py:1395} INFO - Marking task as SUCCESS. dag_id=get_stocks_dag, task_id=AAPL, execution_date=20240312T000000, start_date=20240402T161041, end_date=20240402T161041
[2024-04-02 13:10:42,031] {local_task_job.py:156} INFO - Task exited with return code 0
[2024-04-02 13:10:42,053] {local_task_job.py:273} INFO - 0 downstream tasks scheduled from follow-on schedule check
[2024-04-02 17:19:41,410] {taskinstance.py:1159} INFO - Dependencies all met for <TaskInstance: get_stocks_dag.AAPL scheduled__2024-03-12T00:00:00+00:00 [queued]>
[2024-04-02 17:19:41,564] {taskinstance.py:1159} INFO - Dependencies all met for <TaskInstance: get_stocks_dag.AAPL scheduled__2024-03-12T00:00:00+00:00 [queued]>
[2024-04-02 17:19:41,565] {taskinstance.py:1356} INFO - 
--------------------------------------------------------------------------------
[2024-04-02 17:19:41,565] {taskinstance.py:1357} INFO - Starting attempt 1 of 1
[2024-04-02 17:19:41,565] {taskinstance.py:1358} INFO - 
--------------------------------------------------------------------------------
[2024-04-02 17:19:41,889] {taskinstance.py:1377} INFO - Executing <Task(_PythonDecoratedOperator): AAPL> on 2024-03-12 00:00:00+00:00
[2024-04-02 17:19:41,960] {standard_task_runner.py:79} INFO - Running: ['airflow', 'tasks', 'run', 'get_stocks_dag', 'AAPL', 'scheduled__2024-03-12T00:00:00+00:00', '--job-id', '191', '--raw', '--subdir', 'DAGS_FOLDER/get_stocks.py', '--cfg-path', '/tmp/tmpwqe_rg5k', '--error-file', '/tmp/tmp8ouo68yk']
[2024-04-02 17:19:41,967] {standard_task_runner.py:80} INFO - Job 191: Subtask AAPL
[2024-04-02 17:19:41,988] {standard_task_runner.py:52} INFO - Started process 8583 to run task
[2024-04-02 17:19:42,245] {task_command.py:370} INFO - Running <TaskInstance: get_stocks_dag.AAPL scheduled__2024-03-12T00:00:00+00:00 [running]> on host alexmend-virtual-machine
[2024-04-02 17:19:42,768] {taskinstance.py:1569} INFO - Exporting the following env vars:
AIRFLOW_CTX_DAG_OWNER=airflow
AIRFLOW_CTX_DAG_ID=get_stocks_dag
AIRFLOW_CTX_TASK_ID=AAPL
AIRFLOW_CTX_EXECUTION_DATE=2024-03-12T00:00:00+00:00
AIRFLOW_CTX_TRY_NUMBER=1
AIRFLOW_CTX_DAG_RUN_ID=scheduled__2024-03-12T00:00:00+00:00
[2024-04-02 17:19:44,259] {python.py:173} INFO - Done. Returned value was: None
[2024-04-02 17:19:44,411] {taskinstance.py:1395} INFO - Marking task as SUCCESS. dag_id=get_stocks_dag, task_id=AAPL, execution_date=20240312T000000, start_date=20240402T201941, end_date=20240402T201944
[2024-04-02 17:19:44,675] {local_task_job.py:156} INFO - Task exited with return code 0
[2024-04-02 17:19:44,780] {local_task_job.py:273} INFO - 0 downstream tasks scheduled from follow-on schedule check
[2024-04-02 17:46:26,518] {taskinstance.py:1159} INFO - Dependencies all met for <TaskInstance: get_stocks_dag.AAPL scheduled__2024-03-12T00:00:00+00:00 [queued]>
[2024-04-02 17:46:26,532] {taskinstance.py:1159} INFO - Dependencies all met for <TaskInstance: get_stocks_dag.AAPL scheduled__2024-03-12T00:00:00+00:00 [queued]>
[2024-04-02 17:46:26,533] {taskinstance.py:1356} INFO - 
--------------------------------------------------------------------------------
[2024-04-02 17:46:26,533] {taskinstance.py:1357} INFO - Starting attempt 1 of 1
[2024-04-02 17:46:26,533] {taskinstance.py:1358} INFO - 
--------------------------------------------------------------------------------
[2024-04-02 17:46:26,554] {taskinstance.py:1377} INFO - Executing <Task(_PythonDecoratedOperator): AAPL> on 2024-03-12 00:00:00+00:00
[2024-04-02 17:46:26,572] {standard_task_runner.py:52} INFO - Started process 23543 to run task
[2024-04-02 17:46:26,589] {standard_task_runner.py:79} INFO - Running: ['airflow', 'tasks', 'run', 'get_stocks_dag', 'AAPL', 'scheduled__2024-03-12T00:00:00+00:00', '--job-id', '451', '--raw', '--subdir', 'DAGS_FOLDER/get_stocks.py', '--cfg-path', '/tmp/tmp50ta9_kj', '--error-file', '/tmp/tmp_yilosxo']
[2024-04-02 17:46:26,591] {standard_task_runner.py:80} INFO - Job 451: Subtask AAPL
[2024-04-02 17:46:26,704] {task_command.py:370} INFO - Running <TaskInstance: get_stocks_dag.AAPL scheduled__2024-03-12T00:00:00+00:00 [running]> on host alexmend-virtual-machine
[2024-04-02 17:46:26,847] {taskinstance.py:1569} INFO - Exporting the following env vars:
AIRFLOW_CTX_DAG_OWNER=airflow
AIRFLOW_CTX_DAG_ID=get_stocks_dag
AIRFLOW_CTX_TASK_ID=AAPL
AIRFLOW_CTX_EXECUTION_DATE=2024-03-12T00:00:00+00:00
AIRFLOW_CTX_TRY_NUMBER=1
AIRFLOW_CTX_DAG_RUN_ID=scheduled__2024-03-12T00:00:00+00:00
[2024-04-02 17:46:27,516] {python.py:173} INFO - Done. Returned value was: None
[2024-04-02 17:46:27,549] {taskinstance.py:1395} INFO - Marking task as SUCCESS. dag_id=get_stocks_dag, task_id=AAPL, execution_date=20240312T000000, start_date=20240402T204626, end_date=20240402T204627
[2024-04-02 17:46:27,614] {local_task_job.py:156} INFO - Task exited with return code 0
[2024-04-02 17:46:27,698] {local_task_job.py:273} INFO - 0 downstream tasks scheduled from follow-on schedule check
[2024-04-02 19:15:23,854] {taskinstance.py:1159} INFO - Dependencies all met for <TaskInstance: get_stocks_dag.AAPL scheduled__2024-03-12T00:00:00+00:00 [queued]>
[2024-04-02 19:15:23,871] {taskinstance.py:1159} INFO - Dependencies all met for <TaskInstance: get_stocks_dag.AAPL scheduled__2024-03-12T00:00:00+00:00 [queued]>
[2024-04-02 19:15:23,872] {taskinstance.py:1356} INFO - 
--------------------------------------------------------------------------------
[2024-04-02 19:15:23,873] {taskinstance.py:1357} INFO - Starting attempt 1 of 1
[2024-04-02 19:15:23,873] {taskinstance.py:1358} INFO - 
--------------------------------------------------------------------------------
[2024-04-02 19:15:23,892] {taskinstance.py:1377} INFO - Executing <Task(_PythonDecoratedOperator): AAPL> on 2024-03-12 00:00:00+00:00
[2024-04-02 19:15:23,900] {standard_task_runner.py:52} INFO - Started process 14654 to run task
[2024-04-02 19:15:23,907] {standard_task_runner.py:79} INFO - Running: ['airflow', 'tasks', 'run', 'get_stocks_dag', 'AAPL', 'scheduled__2024-03-12T00:00:00+00:00', '--job-id', '552', '--raw', '--subdir', 'DAGS_FOLDER/get_stocks.py', '--cfg-path', '/tmp/tmpc8jga4cx', '--error-file', '/tmp/tmpwu1wck4m']
[2024-04-02 19:15:23,909] {standard_task_runner.py:80} INFO - Job 552: Subtask AAPL
[2024-04-02 19:15:24,045] {task_command.py:370} INFO - Running <TaskInstance: get_stocks_dag.AAPL scheduled__2024-03-12T00:00:00+00:00 [running]> on host alexmend-virtual-machine
[2024-04-02 19:15:24,170] {taskinstance.py:1569} INFO - Exporting the following env vars:
AIRFLOW_CTX_DAG_OWNER=airflow
AIRFLOW_CTX_DAG_ID=get_stocks_dag
AIRFLOW_CTX_TASK_ID=AAPL
AIRFLOW_CTX_EXECUTION_DATE=2024-03-12T00:00:00+00:00
AIRFLOW_CTX_TRY_NUMBER=1
AIRFLOW_CTX_DAG_RUN_ID=scheduled__2024-03-12T00:00:00+00:00
[2024-04-02 19:15:25,073] {python.py:173} INFO - Done. Returned value was: None
[2024-04-02 19:15:25,102] {taskinstance.py:1395} INFO - Marking task as SUCCESS. dag_id=get_stocks_dag, task_id=AAPL, execution_date=20240312T000000, start_date=20240402T221523, end_date=20240402T221525
[2024-04-02 19:15:25,177] {local_task_job.py:156} INFO - Task exited with return code 0
[2024-04-02 19:15:25,253] {local_task_job.py:273} INFO - 0 downstream tasks scheduled from follow-on schedule check
[2024-04-02 20:39:12,648] {taskinstance.py:1159} INFO - Dependencies all met for <TaskInstance: get_stocks_dag.AAPL scheduled__2024-03-12T00:00:00+00:00 [queued]>
[2024-04-02 20:39:12,667] {taskinstance.py:1159} INFO - Dependencies all met for <TaskInstance: get_stocks_dag.AAPL scheduled__2024-03-12T00:00:00+00:00 [queued]>
[2024-04-02 20:39:12,668] {taskinstance.py:1356} INFO - 
--------------------------------------------------------------------------------
[2024-04-02 20:39:12,671] {taskinstance.py:1357} INFO - Starting attempt 1 of 1
[2024-04-02 20:39:12,672] {taskinstance.py:1358} INFO - 
--------------------------------------------------------------------------------
[2024-04-02 20:39:12,694] {taskinstance.py:1377} INFO - Executing <Task(_PythonDecoratedOperator): AAPL> on 2024-03-12 00:00:00+00:00
[2024-04-02 20:39:12,704] {standard_task_runner.py:52} INFO - Started process 26053 to run task
[2024-04-02 20:39:12,727] {standard_task_runner.py:79} INFO - Running: ['airflow', 'tasks', 'run', 'get_stocks_dag', 'AAPL', 'scheduled__2024-03-12T00:00:00+00:00', '--job-id', '653', '--raw', '--subdir', 'DAGS_FOLDER/get_stocks.py', '--cfg-path', '/tmp/tmpa3crcf9d', '--error-file', '/tmp/tmpj_fvbcad']
[2024-04-02 20:39:12,729] {standard_task_runner.py:80} INFO - Job 653: Subtask AAPL
[2024-04-02 20:39:12,863] {task_command.py:370} INFO - Running <TaskInstance: get_stocks_dag.AAPL scheduled__2024-03-12T00:00:00+00:00 [running]> on host alexmend-virtual-machine
[2024-04-02 20:39:13,012] {taskinstance.py:1569} INFO - Exporting the following env vars:
AIRFLOW_CTX_DAG_OWNER=airflow
AIRFLOW_CTX_DAG_ID=get_stocks_dag
AIRFLOW_CTX_TASK_ID=AAPL
AIRFLOW_CTX_EXECUTION_DATE=2024-03-12T00:00:00+00:00
AIRFLOW_CTX_TRY_NUMBER=1
AIRFLOW_CTX_DAG_RUN_ID=scheduled__2024-03-12T00:00:00+00:00
[2024-04-02 20:39:13,652] {python.py:173} INFO - Done. Returned value was: None
[2024-04-02 20:39:13,680] {taskinstance.py:1395} INFO - Marking task as SUCCESS. dag_id=get_stocks_dag, task_id=AAPL, execution_date=20240312T000000, start_date=20240402T233912, end_date=20240402T233913
[2024-04-02 20:39:13,735] {local_task_job.py:156} INFO - Task exited with return code 0
[2024-04-02 20:39:13,801] {local_task_job.py:273} INFO - 0 downstream tasks scheduled from follow-on schedule check
[2024-04-02 21:48:54,350] {taskinstance.py:1159} INFO - Dependencies all met for <TaskInstance: get_stocks_dag.AAPL scheduled__2024-03-12T00:00:00+00:00 [queued]>
[2024-04-02 21:48:54,389] {taskinstance.py:1159} INFO - Dependencies all met for <TaskInstance: get_stocks_dag.AAPL scheduled__2024-03-12T00:00:00+00:00 [queued]>
[2024-04-02 21:48:54,389] {taskinstance.py:1356} INFO - 
--------------------------------------------------------------------------------
[2024-04-02 21:48:54,390] {taskinstance.py:1357} INFO - Starting attempt 1 of 1
[2024-04-02 21:48:54,390] {taskinstance.py:1358} INFO - 
--------------------------------------------------------------------------------
[2024-04-02 21:48:54,433] {taskinstance.py:1377} INFO - Executing <Task(_PythonDecoratedOperator): AAPL> on 2024-03-12 00:00:00+00:00
[2024-04-02 21:48:54,450] {standard_task_runner.py:52} INFO - Started process 49976 to run task
[2024-04-02 21:48:54,467] {standard_task_runner.py:79} INFO - Running: ['airflow', 'tasks', 'run', 'get_stocks_dag', 'AAPL', 'scheduled__2024-03-12T00:00:00+00:00', '--job-id', '793', '--raw', '--subdir', 'DAGS_FOLDER/get_stocks.py', '--cfg-path', '/tmp/tmpdpzroogn', '--error-file', '/tmp/tmpu10ujeb5']
[2024-04-02 21:48:54,470] {standard_task_runner.py:80} INFO - Job 793: Subtask AAPL
[2024-04-02 21:48:54,833] {task_command.py:370} INFO - Running <TaskInstance: get_stocks_dag.AAPL scheduled__2024-03-12T00:00:00+00:00 [running]> on host alexmend-virtual-machine
[2024-04-02 21:48:55,081] {taskinstance.py:1569} INFO - Exporting the following env vars:
AIRFLOW_CTX_DAG_OWNER=airflow
AIRFLOW_CTX_DAG_ID=get_stocks_dag
AIRFLOW_CTX_TASK_ID=AAPL
AIRFLOW_CTX_EXECUTION_DATE=2024-03-12T00:00:00+00:00
AIRFLOW_CTX_TRY_NUMBER=1
AIRFLOW_CTX_DAG_RUN_ID=scheduled__2024-03-12T00:00:00+00:00
[2024-04-02 21:49:05,801] {python.py:173} INFO - Done. Returned value was: None
[2024-04-02 21:49:05,945] {taskinstance.py:1395} INFO - Marking task as SUCCESS. dag_id=get_stocks_dag, task_id=AAPL, execution_date=20240312T000000, start_date=20240403T004854, end_date=20240403T004905
[2024-04-02 21:49:06,071] {local_task_job.py:156} INFO - Task exited with return code 0
[2024-04-02 21:49:06,254] {local_task_job.py:273} INFO - 0 downstream tasks scheduled from follow-on schedule check
[2024-04-02 23:01:29,079] {taskinstance.py:1159} INFO - Dependencies all met for <TaskInstance: get_stocks_dag.AAPL scheduled__2024-03-12T00:00:00+00:00 [queued]>
[2024-04-02 23:01:29,101] {taskinstance.py:1159} INFO - Dependencies all met for <TaskInstance: get_stocks_dag.AAPL scheduled__2024-03-12T00:00:00+00:00 [queued]>
[2024-04-02 23:01:29,101] {taskinstance.py:1356} INFO - 
--------------------------------------------------------------------------------
[2024-04-02 23:01:29,102] {taskinstance.py:1357} INFO - Starting attempt 1 of 1
[2024-04-02 23:01:29,102] {taskinstance.py:1358} INFO - 
--------------------------------------------------------------------------------
[2024-04-02 23:01:29,124] {taskinstance.py:1377} INFO - Executing <Task(_PythonDecoratedOperator): AAPL> on 2024-03-12 00:00:00+00:00
[2024-04-02 23:01:29,130] {standard_task_runner.py:52} INFO - Started process 76538 to run task
[2024-04-02 23:01:29,138] {standard_task_runner.py:79} INFO - Running: ['airflow', 'tasks', 'run', 'get_stocks_dag', 'AAPL', 'scheduled__2024-03-12T00:00:00+00:00', '--job-id', '1069', '--raw', '--subdir', 'DAGS_FOLDER/get_stocks.py', '--cfg-path', '/tmp/tmpx2nqlpq8', '--error-file', '/tmp/tmp_nerlhp4']
[2024-04-02 23:01:29,140] {standard_task_runner.py:80} INFO - Job 1069: Subtask AAPL
[2024-04-02 23:01:29,273] {task_command.py:370} INFO - Running <TaskInstance: get_stocks_dag.AAPL scheduled__2024-03-12T00:00:00+00:00 [running]> on host alexmend-virtual-machine
[2024-04-02 23:01:29,444] {taskinstance.py:1569} INFO - Exporting the following env vars:
AIRFLOW_CTX_DAG_OWNER=airflow
AIRFLOW_CTX_DAG_ID=get_stocks_dag
AIRFLOW_CTX_TASK_ID=AAPL
AIRFLOW_CTX_EXECUTION_DATE=2024-03-12T00:00:00+00:00
AIRFLOW_CTX_TRY_NUMBER=1
AIRFLOW_CTX_DAG_RUN_ID=scheduled__2024-03-12T00:00:00+00:00
[2024-04-02 23:01:40,123] {python.py:173} INFO - Done. Returned value was: None
[2024-04-02 23:01:40,169] {taskinstance.py:1395} INFO - Marking task as SUCCESS. dag_id=get_stocks_dag, task_id=AAPL, execution_date=20240312T000000, start_date=20240403T020129, end_date=20240403T020140
[2024-04-02 23:01:40,247] {local_task_job.py:156} INFO - Task exited with return code 0
[2024-04-02 23:01:40,478] {local_task_job.py:273} INFO - 0 downstream tasks scheduled from follow-on schedule check
