[2024-04-02 13:07:53,226] {taskinstance.py:1159} INFO - Dependencies all met for <TaskInstance: get_stocks_dag.GOOG scheduled__2024-02-24T00:00:00+00:00 [queued]>
[2024-04-02 13:07:53,236] {taskinstance.py:1159} INFO - Dependencies all met for <TaskInstance: get_stocks_dag.GOOG scheduled__2024-02-24T00:00:00+00:00 [queued]>
[2024-04-02 13:07:53,237] {taskinstance.py:1356} INFO - 
--------------------------------------------------------------------------------
[2024-04-02 13:07:53,238] {taskinstance.py:1357} INFO - Starting attempt 1 of 1
[2024-04-02 13:07:53,238] {taskinstance.py:1358} INFO - 
--------------------------------------------------------------------------------
[2024-04-02 13:07:53,268] {taskinstance.py:1377} INFO - Executing <Task(_PythonDecoratedOperator): GOOG> on 2024-02-24 00:00:00+00:00
[2024-04-02 13:07:53,274] {standard_task_runner.py:52} INFO - Started process 11639 to run task
[2024-04-02 13:07:53,280] {standard_task_runner.py:79} INFO - Running: ['airflow', 'tasks', 'run', 'get_stocks_dag', 'GOOG', 'scheduled__2024-02-24T00:00:00+00:00', '--job-id', '165', '--raw', '--subdir', 'DAGS_FOLDER/get_stocks.py', '--cfg-path', '/tmp/tmp0d76y8u3', '--error-file', '/tmp/tmp2d5jq0j7']
[2024-04-02 13:07:53,281] {standard_task_runner.py:80} INFO - Job 165: Subtask GOOG
[2024-04-02 13:07:53,345] {task_command.py:370} INFO - Running <TaskInstance: get_stocks_dag.GOOG scheduled__2024-02-24T00:00:00+00:00 [running]> on host alexmend-virtual-machine
[2024-04-02 13:07:53,421] {taskinstance.py:1569} INFO - Exporting the following env vars:
AIRFLOW_CTX_DAG_OWNER=airflow
AIRFLOW_CTX_DAG_ID=get_stocks_dag
AIRFLOW_CTX_TASK_ID=GOOG
AIRFLOW_CTX_EXECUTION_DATE=2024-02-24T00:00:00+00:00
AIRFLOW_CTX_TRY_NUMBER=1
AIRFLOW_CTX_DAG_RUN_ID=scheduled__2024-02-24T00:00:00+00:00
[2024-04-02 13:07:54,146] {python.py:173} INFO - Done. Returned value was: None
[2024-04-02 13:07:54,157] {taskinstance.py:1395} INFO - Marking task as SUCCESS. dag_id=get_stocks_dag, task_id=GOOG, execution_date=20240224T000000, start_date=20240402T160753, end_date=20240402T160754
[2024-04-02 13:07:54,177] {local_task_job.py:156} INFO - Task exited with return code 0
[2024-04-02 13:07:54,206] {local_task_job.py:273} INFO - 0 downstream tasks scheduled from follow-on schedule check
[2024-04-02 17:18:59,894] {taskinstance.py:1159} INFO - Dependencies all met for <TaskInstance: get_stocks_dag.GOOG scheduled__2024-02-24T00:00:00+00:00 [queued]>
[2024-04-02 17:18:59,982] {taskinstance.py:1159} INFO - Dependencies all met for <TaskInstance: get_stocks_dag.GOOG scheduled__2024-02-24T00:00:00+00:00 [queued]>
[2024-04-02 17:18:59,982] {taskinstance.py:1356} INFO - 
--------------------------------------------------------------------------------
[2024-04-02 17:18:59,982] {taskinstance.py:1357} INFO - Starting attempt 1 of 1
[2024-04-02 17:18:59,982] {taskinstance.py:1358} INFO - 
--------------------------------------------------------------------------------
[2024-04-02 17:19:00,111] {taskinstance.py:1377} INFO - Executing <Task(_PythonDecoratedOperator): GOOG> on 2024-02-24 00:00:00+00:00
[2024-04-02 17:19:00,128] {standard_task_runner.py:52} INFO - Started process 7426 to run task
[2024-04-02 17:19:00,192] {standard_task_runner.py:79} INFO - Running: ['airflow', 'tasks', 'run', 'get_stocks_dag', 'GOOG', 'scheduled__2024-02-24T00:00:00+00:00', '--job-id', '147', '--raw', '--subdir', 'DAGS_FOLDER/get_stocks.py', '--cfg-path', '/tmp/tmp9o2qek5e', '--error-file', '/tmp/tmp1iiybrj0']
[2024-04-02 17:19:00,210] {standard_task_runner.py:80} INFO - Job 147: Subtask GOOG
[2024-04-02 17:19:00,757] {task_command.py:370} INFO - Running <TaskInstance: get_stocks_dag.GOOG scheduled__2024-02-24T00:00:00+00:00 [running]> on host alexmend-virtual-machine
[2024-04-02 17:19:01,192] {taskinstance.py:1569} INFO - Exporting the following env vars:
AIRFLOW_CTX_DAG_OWNER=airflow
AIRFLOW_CTX_DAG_ID=get_stocks_dag
AIRFLOW_CTX_TASK_ID=GOOG
AIRFLOW_CTX_EXECUTION_DATE=2024-02-24T00:00:00+00:00
AIRFLOW_CTX_TRY_NUMBER=1
AIRFLOW_CTX_DAG_RUN_ID=scheduled__2024-02-24T00:00:00+00:00
[2024-04-02 17:19:02,123] {python.py:173} INFO - Done. Returned value was: None
[2024-04-02 17:19:02,190] {taskinstance.py:1395} INFO - Marking task as SUCCESS. dag_id=get_stocks_dag, task_id=GOOG, execution_date=20240224T000000, start_date=20240402T201859, end_date=20240402T201902
[2024-04-02 17:19:02,274] {local_task_job.py:156} INFO - Task exited with return code 0
[2024-04-02 17:19:02,407] {local_task_job.py:273} INFO - 0 downstream tasks scheduled from follow-on schedule check
[2024-04-02 17:45:31,459] {taskinstance.py:1159} INFO - Dependencies all met for <TaskInstance: get_stocks_dag.GOOG scheduled__2024-02-24T00:00:00+00:00 [queued]>
[2024-04-02 17:45:31,478] {taskinstance.py:1159} INFO - Dependencies all met for <TaskInstance: get_stocks_dag.GOOG scheduled__2024-02-24T00:00:00+00:00 [queued]>
[2024-04-02 17:45:31,479] {taskinstance.py:1356} INFO - 
--------------------------------------------------------------------------------
[2024-04-02 17:45:31,479] {taskinstance.py:1357} INFO - Starting attempt 1 of 1
[2024-04-02 17:45:31,479] {taskinstance.py:1358} INFO - 
--------------------------------------------------------------------------------
[2024-04-02 17:45:31,522] {taskinstance.py:1377} INFO - Executing <Task(_PythonDecoratedOperator): GOOG> on 2024-02-24 00:00:00+00:00
[2024-04-02 17:45:31,530] {standard_task_runner.py:52} INFO - Started process 22388 to run task
[2024-04-02 17:45:31,556] {standard_task_runner.py:79} INFO - Running: ['airflow', 'tasks', 'run', 'get_stocks_dag', 'GOOG', 'scheduled__2024-02-24T00:00:00+00:00', '--job-id', '409', '--raw', '--subdir', 'DAGS_FOLDER/get_stocks.py', '--cfg-path', '/tmp/tmpiqj05mda', '--error-file', '/tmp/tmp82umbft5']
[2024-04-02 17:45:31,558] {standard_task_runner.py:80} INFO - Job 409: Subtask GOOG
[2024-04-02 17:45:31,734] {task_command.py:370} INFO - Running <TaskInstance: get_stocks_dag.GOOG scheduled__2024-02-24T00:00:00+00:00 [running]> on host alexmend-virtual-machine
[2024-04-02 17:45:31,959] {taskinstance.py:1569} INFO - Exporting the following env vars:
AIRFLOW_CTX_DAG_OWNER=airflow
AIRFLOW_CTX_DAG_ID=get_stocks_dag
AIRFLOW_CTX_TASK_ID=GOOG
AIRFLOW_CTX_EXECUTION_DATE=2024-02-24T00:00:00+00:00
AIRFLOW_CTX_TRY_NUMBER=1
AIRFLOW_CTX_DAG_RUN_ID=scheduled__2024-02-24T00:00:00+00:00
[2024-04-02 17:45:32,582] {python.py:173} INFO - Done. Returned value was: None
[2024-04-02 17:45:32,605] {taskinstance.py:1395} INFO - Marking task as SUCCESS. dag_id=get_stocks_dag, task_id=GOOG, execution_date=20240224T000000, start_date=20240402T204531, end_date=20240402T204532
[2024-04-02 17:45:32,655] {local_task_job.py:156} INFO - Task exited with return code 0
[2024-04-02 17:45:32,706] {local_task_job.py:273} INFO - 0 downstream tasks scheduled from follow-on schedule check
