[2024-04-02 13:05:56,021] {taskinstance.py:1159} INFO - Dependencies all met for <TaskInstance: get_stocks_dag.MSFT scheduled__2024-02-15T00:00:00+00:00 [queued]>
[2024-04-02 13:05:56,031] {taskinstance.py:1159} INFO - Dependencies all met for <TaskInstance: get_stocks_dag.MSFT scheduled__2024-02-15T00:00:00+00:00 [queued]>
[2024-04-02 13:05:56,031] {taskinstance.py:1356} INFO - 
--------------------------------------------------------------------------------
[2024-04-02 13:05:56,031] {taskinstance.py:1357} INFO - Starting attempt 1 of 1
[2024-04-02 13:05:56,031] {taskinstance.py:1358} INFO - 
--------------------------------------------------------------------------------
[2024-04-02 13:05:56,052] {taskinstance.py:1377} INFO - Executing <Task(_PythonDecoratedOperator): MSFT> on 2024-02-15 00:00:00+00:00
[2024-04-02 13:05:56,059] {standard_task_runner.py:52} INFO - Started process 10968 to run task
[2024-04-02 13:05:56,066] {standard_task_runner.py:79} INFO - Running: ['airflow', 'tasks', 'run', 'get_stocks_dag', 'MSFT', 'scheduled__2024-02-15T00:00:00+00:00', '--job-id', '136', '--raw', '--subdir', 'DAGS_FOLDER/get_stocks.py', '--cfg-path', '/tmp/tmp5xsz52r6', '--error-file', '/tmp/tmplgifc3jg']
[2024-04-02 13:05:56,067] {standard_task_runner.py:80} INFO - Job 136: Subtask MSFT
[2024-04-02 13:05:56,140] {task_command.py:370} INFO - Running <TaskInstance: get_stocks_dag.MSFT scheduled__2024-02-15T00:00:00+00:00 [running]> on host alexmend-virtual-machine
[2024-04-02 13:05:56,214] {taskinstance.py:1569} INFO - Exporting the following env vars:
AIRFLOW_CTX_DAG_OWNER=airflow
AIRFLOW_CTX_DAG_ID=get_stocks_dag
AIRFLOW_CTX_TASK_ID=MSFT
AIRFLOW_CTX_EXECUTION_DATE=2024-02-15T00:00:00+00:00
AIRFLOW_CTX_TRY_NUMBER=1
AIRFLOW_CTX_DAG_RUN_ID=scheduled__2024-02-15T00:00:00+00:00
[2024-04-02 13:05:56,985] {python.py:173} INFO - Done. Returned value was: None
[2024-04-02 13:05:56,997] {taskinstance.py:1395} INFO - Marking task as SUCCESS. dag_id=get_stocks_dag, task_id=MSFT, execution_date=20240215T000000, start_date=20240402T160556, end_date=20240402T160556
[2024-04-02 13:05:57,044] {local_task_job.py:156} INFO - Task exited with return code 0
[2024-04-02 13:05:57,065] {local_task_job.py:273} INFO - 0 downstream tasks scheduled from follow-on schedule check
[2024-04-02 17:18:37,965] {taskinstance.py:1159} INFO - Dependencies all met for <TaskInstance: get_stocks_dag.MSFT scheduled__2024-02-15T00:00:00+00:00 [queued]>
[2024-04-02 17:18:38,104] {taskinstance.py:1159} INFO - Dependencies all met for <TaskInstance: get_stocks_dag.MSFT scheduled__2024-02-15T00:00:00+00:00 [queued]>
[2024-04-02 17:18:38,104] {taskinstance.py:1356} INFO - 
--------------------------------------------------------------------------------
[2024-04-02 17:18:38,104] {taskinstance.py:1357} INFO - Starting attempt 1 of 1
[2024-04-02 17:18:38,104] {taskinstance.py:1358} INFO - 
--------------------------------------------------------------------------------
[2024-04-02 17:18:38,320] {taskinstance.py:1377} INFO - Executing <Task(_PythonDecoratedOperator): MSFT> on 2024-02-15 00:00:00+00:00
[2024-04-02 17:18:38,335] {standard_task_runner.py:52} INFO - Started process 6731 to run task
[2024-04-02 17:18:38,415] {standard_task_runner.py:79} INFO - Running: ['airflow', 'tasks', 'run', 'get_stocks_dag', 'MSFT', 'scheduled__2024-02-15T00:00:00+00:00', '--job-id', '117', '--raw', '--subdir', 'DAGS_FOLDER/get_stocks.py', '--cfg-path', '/tmp/tmpi6jnfg9u', '--error-file', '/tmp/tmpzttoyw1c']
[2024-04-02 17:18:38,442] {standard_task_runner.py:80} INFO - Job 117: Subtask MSFT
[2024-04-02 17:18:38,984] {task_command.py:370} INFO - Running <TaskInstance: get_stocks_dag.MSFT scheduled__2024-02-15T00:00:00+00:00 [running]> on host alexmend-virtual-machine
[2024-04-02 17:18:40,284] {taskinstance.py:1569} INFO - Exporting the following env vars:
AIRFLOW_CTX_DAG_OWNER=airflow
AIRFLOW_CTX_DAG_ID=get_stocks_dag
AIRFLOW_CTX_TASK_ID=MSFT
AIRFLOW_CTX_EXECUTION_DATE=2024-02-15T00:00:00+00:00
AIRFLOW_CTX_TRY_NUMBER=1
AIRFLOW_CTX_DAG_RUN_ID=scheduled__2024-02-15T00:00:00+00:00
[2024-04-02 17:18:41,715] {python.py:173} INFO - Done. Returned value was: None
[2024-04-02 17:18:41,892] {taskinstance.py:1395} INFO - Marking task as SUCCESS. dag_id=get_stocks_dag, task_id=MSFT, execution_date=20240215T000000, start_date=20240402T201837, end_date=20240402T201841
[2024-04-02 17:18:42,096] {local_task_job.py:156} INFO - Task exited with return code 0
[2024-04-02 17:18:42,285] {local_task_job.py:273} INFO - 0 downstream tasks scheduled from follow-on schedule check
[2024-04-02 17:44:54,227] {taskinstance.py:1159} INFO - Dependencies all met for <TaskInstance: get_stocks_dag.MSFT scheduled__2024-02-15T00:00:00+00:00 [queued]>
[2024-04-02 17:44:54,239] {taskinstance.py:1159} INFO - Dependencies all met for <TaskInstance: get_stocks_dag.MSFT scheduled__2024-02-15T00:00:00+00:00 [queued]>
[2024-04-02 17:44:54,240] {taskinstance.py:1356} INFO - 
--------------------------------------------------------------------------------
[2024-04-02 17:44:54,240] {taskinstance.py:1357} INFO - Starting attempt 1 of 1
[2024-04-02 17:44:54,240] {taskinstance.py:1358} INFO - 
--------------------------------------------------------------------------------
[2024-04-02 17:44:54,255] {taskinstance.py:1377} INFO - Executing <Task(_PythonDecoratedOperator): MSFT> on 2024-02-15 00:00:00+00:00
[2024-04-02 17:44:54,262] {standard_task_runner.py:52} INFO - Started process 21563 to run task
[2024-04-02 17:44:54,271] {standard_task_runner.py:79} INFO - Running: ['airflow', 'tasks', 'run', 'get_stocks_dag', 'MSFT', 'scheduled__2024-02-15T00:00:00+00:00', '--job-id', '380', '--raw', '--subdir', 'DAGS_FOLDER/get_stocks.py', '--cfg-path', '/tmp/tmpvhzaye0r', '--error-file', '/tmp/tmpcc794bxa']
[2024-04-02 17:44:54,272] {standard_task_runner.py:80} INFO - Job 380: Subtask MSFT
[2024-04-02 17:44:54,364] {task_command.py:370} INFO - Running <TaskInstance: get_stocks_dag.MSFT scheduled__2024-02-15T00:00:00+00:00 [running]> on host alexmend-virtual-machine
[2024-04-02 17:44:54,494] {taskinstance.py:1569} INFO - Exporting the following env vars:
AIRFLOW_CTX_DAG_OWNER=airflow
AIRFLOW_CTX_DAG_ID=get_stocks_dag
AIRFLOW_CTX_TASK_ID=MSFT
AIRFLOW_CTX_EXECUTION_DATE=2024-02-15T00:00:00+00:00
AIRFLOW_CTX_TRY_NUMBER=1
AIRFLOW_CTX_DAG_RUN_ID=scheduled__2024-02-15T00:00:00+00:00
[2024-04-02 17:44:55,184] {python.py:173} INFO - Done. Returned value was: None
[2024-04-02 17:44:55,205] {taskinstance.py:1395} INFO - Marking task as SUCCESS. dag_id=get_stocks_dag, task_id=MSFT, execution_date=20240215T000000, start_date=20240402T204454, end_date=20240402T204455
[2024-04-02 17:44:55,247] {local_task_job.py:156} INFO - Task exited with return code 0
[2024-04-02 17:44:55,306] {local_task_job.py:273} INFO - 0 downstream tasks scheduled from follow-on schedule check
