[2024-04-02 13:11:06,822] {taskinstance.py:1159} INFO - Dependencies all met for <TaskInstance: get_stocks_dag.TSLA scheduled__2024-03-13T00:00:00+00:00 [queued]>
[2024-04-02 13:11:06,833] {taskinstance.py:1159} INFO - Dependencies all met for <TaskInstance: get_stocks_dag.TSLA scheduled__2024-03-13T00:00:00+00:00 [queued]>
[2024-04-02 13:11:06,833] {taskinstance.py:1356} INFO - 
--------------------------------------------------------------------------------
[2024-04-02 13:11:06,833] {taskinstance.py:1357} INFO - Starting attempt 1 of 1
[2024-04-02 13:11:06,833] {taskinstance.py:1358} INFO - 
--------------------------------------------------------------------------------
[2024-04-02 13:11:06,850] {taskinstance.py:1377} INFO - Executing <Task(_PythonDecoratedOperator): TSLA> on 2024-03-13 00:00:00+00:00
[2024-04-02 13:11:06,858] {standard_task_runner.py:52} INFO - Started process 12768 to run task
[2024-04-02 13:11:06,863] {standard_task_runner.py:79} INFO - Running: ['airflow', 'tasks', 'run', 'get_stocks_dag', 'TSLA', 'scheduled__2024-03-13T00:00:00+00:00', '--job-id', '214', '--raw', '--subdir', 'DAGS_FOLDER/get_stocks.py', '--cfg-path', '/tmp/tmpmd2cp0fw', '--error-file', '/tmp/tmp_ru4y4iz']
[2024-04-02 13:11:06,864] {standard_task_runner.py:80} INFO - Job 214: Subtask TSLA
[2024-04-02 13:11:06,923] {task_command.py:370} INFO - Running <TaskInstance: get_stocks_dag.TSLA scheduled__2024-03-13T00:00:00+00:00 [running]> on host alexmend-virtual-machine
[2024-04-02 13:11:07,011] {taskinstance.py:1569} INFO - Exporting the following env vars:
AIRFLOW_CTX_DAG_OWNER=airflow
AIRFLOW_CTX_DAG_ID=get_stocks_dag
AIRFLOW_CTX_TASK_ID=TSLA
AIRFLOW_CTX_EXECUTION_DATE=2024-03-13T00:00:00+00:00
AIRFLOW_CTX_TRY_NUMBER=1
AIRFLOW_CTX_DAG_RUN_ID=scheduled__2024-03-13T00:00:00+00:00
[2024-04-02 13:11:07,632] {python.py:173} INFO - Done. Returned value was: None
[2024-04-02 13:11:07,646] {taskinstance.py:1395} INFO - Marking task as SUCCESS. dag_id=get_stocks_dag, task_id=TSLA, execution_date=20240313T000000, start_date=20240402T161106, end_date=20240402T161107
[2024-04-02 13:11:07,693] {local_task_job.py:156} INFO - Task exited with return code 0
[2024-04-02 13:11:07,715] {local_task_job.py:273} INFO - 0 downstream tasks scheduled from follow-on schedule check
[2024-04-02 17:19:42,942] {taskinstance.py:1159} INFO - Dependencies all met for <TaskInstance: get_stocks_dag.TSLA scheduled__2024-03-13T00:00:00+00:00 [queued]>
[2024-04-02 17:19:43,038] {taskinstance.py:1159} INFO - Dependencies all met for <TaskInstance: get_stocks_dag.TSLA scheduled__2024-03-13T00:00:00+00:00 [queued]>
[2024-04-02 17:19:43,039] {taskinstance.py:1356} INFO - 
--------------------------------------------------------------------------------
[2024-04-02 17:19:43,039] {taskinstance.py:1357} INFO - Starting attempt 1 of 1
[2024-04-02 17:19:43,039] {taskinstance.py:1358} INFO - 
--------------------------------------------------------------------------------
[2024-04-02 17:19:43,191] {taskinstance.py:1377} INFO - Executing <Task(_PythonDecoratedOperator): TSLA> on 2024-03-13 00:00:00+00:00
[2024-04-02 17:19:43,285] {standard_task_runner.py:52} INFO - Started process 8633 to run task
[2024-04-02 17:19:43,361] {standard_task_runner.py:79} INFO - Running: ['airflow', 'tasks', 'run', 'get_stocks_dag', 'TSLA', 'scheduled__2024-03-13T00:00:00+00:00', '--job-id', '196', '--raw', '--subdir', 'DAGS_FOLDER/get_stocks.py', '--cfg-path', '/tmp/tmpzcmbvxoo', '--error-file', '/tmp/tmpio6gojpj']
[2024-04-02 17:19:43,363] {standard_task_runner.py:80} INFO - Job 196: Subtask TSLA
[2024-04-02 17:19:44,427] {task_command.py:370} INFO - Running <TaskInstance: get_stocks_dag.TSLA scheduled__2024-03-13T00:00:00+00:00 [running]> on host alexmend-virtual-machine
[2024-04-02 17:19:45,259] {taskinstance.py:1569} INFO - Exporting the following env vars:
AIRFLOW_CTX_DAG_OWNER=airflow
AIRFLOW_CTX_DAG_ID=get_stocks_dag
AIRFLOW_CTX_TASK_ID=TSLA
AIRFLOW_CTX_EXECUTION_DATE=2024-03-13T00:00:00+00:00
AIRFLOW_CTX_TRY_NUMBER=1
AIRFLOW_CTX_DAG_RUN_ID=scheduled__2024-03-13T00:00:00+00:00
[2024-04-02 17:19:46,670] {python.py:173} INFO - Done. Returned value was: None
[2024-04-02 17:19:46,869] {taskinstance.py:1395} INFO - Marking task as SUCCESS. dag_id=get_stocks_dag, task_id=TSLA, execution_date=20240313T000000, start_date=20240402T201942, end_date=20240402T201946
[2024-04-02 17:19:47,029] {local_task_job.py:156} INFO - Task exited with return code 0
[2024-04-02 17:19:47,356] {local_task_job.py:273} INFO - 0 downstream tasks scheduled from follow-on schedule check
[2024-04-02 17:46:42,793] {taskinstance.py:1159} INFO - Dependencies all met for <TaskInstance: get_stocks_dag.TSLA scheduled__2024-03-13T00:00:00+00:00 [queued]>
[2024-04-02 17:46:42,814] {taskinstance.py:1159} INFO - Dependencies all met for <TaskInstance: get_stocks_dag.TSLA scheduled__2024-03-13T00:00:00+00:00 [queued]>
[2024-04-02 17:46:42,814] {taskinstance.py:1356} INFO - 
--------------------------------------------------------------------------------
[2024-04-02 17:46:42,814] {taskinstance.py:1357} INFO - Starting attempt 1 of 1
[2024-04-02 17:46:42,815] {taskinstance.py:1358} INFO - 
--------------------------------------------------------------------------------
[2024-04-02 17:46:42,845] {taskinstance.py:1377} INFO - Executing <Task(_PythonDecoratedOperator): TSLA> on 2024-03-13 00:00:00+00:00
[2024-04-02 17:46:42,853] {standard_task_runner.py:52} INFO - Started process 23894 to run task
[2024-04-02 17:46:42,865] {standard_task_runner.py:79} INFO - Running: ['airflow', 'tasks', 'run', 'get_stocks_dag', 'TSLA', 'scheduled__2024-03-13T00:00:00+00:00', '--job-id', '459', '--raw', '--subdir', 'DAGS_FOLDER/get_stocks.py', '--cfg-path', '/tmp/tmpz6iv7w1k', '--error-file', '/tmp/tmp7msn7yw6']
[2024-04-02 17:46:42,866] {standard_task_runner.py:80} INFO - Job 459: Subtask TSLA
[2024-04-02 17:46:43,022] {task_command.py:370} INFO - Running <TaskInstance: get_stocks_dag.TSLA scheduled__2024-03-13T00:00:00+00:00 [running]> on host alexmend-virtual-machine
[2024-04-02 17:46:43,200] {taskinstance.py:1569} INFO - Exporting the following env vars:
AIRFLOW_CTX_DAG_OWNER=airflow
AIRFLOW_CTX_DAG_ID=get_stocks_dag
AIRFLOW_CTX_TASK_ID=TSLA
AIRFLOW_CTX_EXECUTION_DATE=2024-03-13T00:00:00+00:00
AIRFLOW_CTX_TRY_NUMBER=1
AIRFLOW_CTX_DAG_RUN_ID=scheduled__2024-03-13T00:00:00+00:00
[2024-04-02 17:46:43,852] {python.py:173} INFO - Done. Returned value was: None
[2024-04-02 17:46:43,884] {taskinstance.py:1395} INFO - Marking task as SUCCESS. dag_id=get_stocks_dag, task_id=TSLA, execution_date=20240313T000000, start_date=20240402T204642, end_date=20240402T204643
[2024-04-02 17:46:43,930] {local_task_job.py:156} INFO - Task exited with return code 0
[2024-04-02 17:46:44,005] {local_task_job.py:273} INFO - 0 downstream tasks scheduled from follow-on schedule check
[2024-04-02 19:15:36,045] {taskinstance.py:1159} INFO - Dependencies all met for <TaskInstance: get_stocks_dag.TSLA scheduled__2024-03-13T00:00:00+00:00 [queued]>
[2024-04-02 19:15:36,067] {taskinstance.py:1159} INFO - Dependencies all met for <TaskInstance: get_stocks_dag.TSLA scheduled__2024-03-13T00:00:00+00:00 [queued]>
[2024-04-02 19:15:36,068] {taskinstance.py:1356} INFO - 
--------------------------------------------------------------------------------
[2024-04-02 19:15:36,069] {taskinstance.py:1357} INFO - Starting attempt 1 of 1
[2024-04-02 19:15:36,070] {taskinstance.py:1358} INFO - 
--------------------------------------------------------------------------------
[2024-04-02 19:15:36,088] {taskinstance.py:1377} INFO - Executing <Task(_PythonDecoratedOperator): TSLA> on 2024-03-13 00:00:00+00:00
[2024-04-02 19:15:36,097] {standard_task_runner.py:52} INFO - Started process 14925 to run task
[2024-04-02 19:15:36,106] {standard_task_runner.py:79} INFO - Running: ['airflow', 'tasks', 'run', 'get_stocks_dag', 'TSLA', 'scheduled__2024-03-13T00:00:00+00:00', '--job-id', '559', '--raw', '--subdir', 'DAGS_FOLDER/get_stocks.py', '--cfg-path', '/tmp/tmpcvvijnvs', '--error-file', '/tmp/tmpylcibndz']
[2024-04-02 19:15:36,108] {standard_task_runner.py:80} INFO - Job 559: Subtask TSLA
[2024-04-02 19:15:36,234] {task_command.py:370} INFO - Running <TaskInstance: get_stocks_dag.TSLA scheduled__2024-03-13T00:00:00+00:00 [running]> on host alexmend-virtual-machine
[2024-04-02 19:15:36,365] {taskinstance.py:1569} INFO - Exporting the following env vars:
AIRFLOW_CTX_DAG_OWNER=airflow
AIRFLOW_CTX_DAG_ID=get_stocks_dag
AIRFLOW_CTX_TASK_ID=TSLA
AIRFLOW_CTX_EXECUTION_DATE=2024-03-13T00:00:00+00:00
AIRFLOW_CTX_TRY_NUMBER=1
AIRFLOW_CTX_DAG_RUN_ID=scheduled__2024-03-13T00:00:00+00:00
[2024-04-02 19:15:37,215] {python.py:173} INFO - Done. Returned value was: None
[2024-04-02 19:15:37,257] {taskinstance.py:1395} INFO - Marking task as SUCCESS. dag_id=get_stocks_dag, task_id=TSLA, execution_date=20240313T000000, start_date=20240402T221536, end_date=20240402T221537
[2024-04-02 19:15:37,330] {local_task_job.py:156} INFO - Task exited with return code 0
[2024-04-02 19:15:37,409] {local_task_job.py:273} INFO - 0 downstream tasks scheduled from follow-on schedule check
[2024-04-02 20:39:27,851] {taskinstance.py:1159} INFO - Dependencies all met for <TaskInstance: get_stocks_dag.TSLA scheduled__2024-03-13T00:00:00+00:00 [queued]>
[2024-04-02 20:39:27,880] {taskinstance.py:1159} INFO - Dependencies all met for <TaskInstance: get_stocks_dag.TSLA scheduled__2024-03-13T00:00:00+00:00 [queued]>
[2024-04-02 20:39:27,880] {taskinstance.py:1356} INFO - 
--------------------------------------------------------------------------------
[2024-04-02 20:39:27,880] {taskinstance.py:1357} INFO - Starting attempt 1 of 1
[2024-04-02 20:39:27,880] {taskinstance.py:1358} INFO - 
--------------------------------------------------------------------------------
[2024-04-02 20:39:27,905] {taskinstance.py:1377} INFO - Executing <Task(_PythonDecoratedOperator): TSLA> on 2024-03-13 00:00:00+00:00
[2024-04-02 20:39:27,914] {standard_task_runner.py:52} INFO - Started process 26328 to run task
[2024-04-02 20:39:27,929] {standard_task_runner.py:79} INFO - Running: ['airflow', 'tasks', 'run', 'get_stocks_dag', 'TSLA', 'scheduled__2024-03-13T00:00:00+00:00', '--job-id', '661', '--raw', '--subdir', 'DAGS_FOLDER/get_stocks.py', '--cfg-path', '/tmp/tmp1qz4nc6h', '--error-file', '/tmp/tmp302l9wd4']
[2024-04-02 20:39:27,931] {standard_task_runner.py:80} INFO - Job 661: Subtask TSLA
[2024-04-02 20:39:28,315] {task_command.py:370} INFO - Running <TaskInstance: get_stocks_dag.TSLA scheduled__2024-03-13T00:00:00+00:00 [running]> on host alexmend-virtual-machine
[2024-04-02 20:39:28,529] {taskinstance.py:1569} INFO - Exporting the following env vars:
AIRFLOW_CTX_DAG_OWNER=airflow
AIRFLOW_CTX_DAG_ID=get_stocks_dag
AIRFLOW_CTX_TASK_ID=TSLA
AIRFLOW_CTX_EXECUTION_DATE=2024-03-13T00:00:00+00:00
AIRFLOW_CTX_TRY_NUMBER=1
AIRFLOW_CTX_DAG_RUN_ID=scheduled__2024-03-13T00:00:00+00:00
[2024-04-02 20:39:29,188] {python.py:173} INFO - Done. Returned value was: None
[2024-04-02 20:39:29,225] {taskinstance.py:1395} INFO - Marking task as SUCCESS. dag_id=get_stocks_dag, task_id=TSLA, execution_date=20240313T000000, start_date=20240402T233927, end_date=20240402T233929
[2024-04-02 20:39:29,253] {local_task_job.py:156} INFO - Task exited with return code 0
[2024-04-02 20:39:29,338] {local_task_job.py:273} INFO - 0 downstream tasks scheduled from follow-on schedule check
[2024-04-02 21:49:25,603] {taskinstance.py:1159} INFO - Dependencies all met for <TaskInstance: get_stocks_dag.TSLA scheduled__2024-03-13T00:00:00+00:00 [queued]>
[2024-04-02 21:49:25,644] {taskinstance.py:1159} INFO - Dependencies all met for <TaskInstance: get_stocks_dag.TSLA scheduled__2024-03-13T00:00:00+00:00 [queued]>
[2024-04-02 21:49:25,644] {taskinstance.py:1356} INFO - 
--------------------------------------------------------------------------------
[2024-04-02 21:49:25,645] {taskinstance.py:1357} INFO - Starting attempt 1 of 1
[2024-04-02 21:49:25,645] {taskinstance.py:1358} INFO - 
--------------------------------------------------------------------------------
[2024-04-02 21:49:25,746] {taskinstance.py:1377} INFO - Executing <Task(_PythonDecoratedOperator): TSLA> on 2024-03-13 00:00:00+00:00
[2024-04-02 21:49:25,763] {standard_task_runner.py:52} INFO - Started process 50379 to run task
[2024-04-02 21:49:25,794] {standard_task_runner.py:79} INFO - Running: ['airflow', 'tasks', 'run', 'get_stocks_dag', 'TSLA', 'scheduled__2024-03-13T00:00:00+00:00', '--job-id', '799', '--raw', '--subdir', 'DAGS_FOLDER/get_stocks.py', '--cfg-path', '/tmp/tmpu3093j5c', '--error-file', '/tmp/tmpigrewbdf']
[2024-04-02 21:49:25,805] {standard_task_runner.py:80} INFO - Job 799: Subtask TSLA
[2024-04-02 21:49:26,133] {task_command.py:370} INFO - Running <TaskInstance: get_stocks_dag.TSLA scheduled__2024-03-13T00:00:00+00:00 [running]> on host alexmend-virtual-machine
[2024-04-02 21:49:26,500] {taskinstance.py:1569} INFO - Exporting the following env vars:
AIRFLOW_CTX_DAG_OWNER=airflow
AIRFLOW_CTX_DAG_ID=get_stocks_dag
AIRFLOW_CTX_TASK_ID=TSLA
AIRFLOW_CTX_EXECUTION_DATE=2024-03-13T00:00:00+00:00
AIRFLOW_CTX_TRY_NUMBER=1
AIRFLOW_CTX_DAG_RUN_ID=scheduled__2024-03-13T00:00:00+00:00
[2024-04-02 21:49:37,482] {python.py:173} INFO - Done. Returned value was: None
[2024-04-02 21:49:37,835] {taskinstance.py:1395} INFO - Marking task as SUCCESS. dag_id=get_stocks_dag, task_id=TSLA, execution_date=20240313T000000, start_date=20240403T004925, end_date=20240403T004937
[2024-04-02 21:49:38,001] {local_task_job.py:156} INFO - Task exited with return code 0
[2024-04-02 21:49:38,174] {local_task_job.py:273} INFO - 0 downstream tasks scheduled from follow-on schedule check
[2024-04-02 23:02:43,346] {taskinstance.py:1159} INFO - Dependencies all met for <TaskInstance: get_stocks_dag.TSLA scheduled__2024-03-13T00:00:00+00:00 [queued]>
[2024-04-02 23:02:43,374] {taskinstance.py:1159} INFO - Dependencies all met for <TaskInstance: get_stocks_dag.TSLA scheduled__2024-03-13T00:00:00+00:00 [queued]>
[2024-04-02 23:02:43,375] {taskinstance.py:1356} INFO - 
--------------------------------------------------------------------------------
[2024-04-02 23:02:43,375] {taskinstance.py:1357} INFO - Starting attempt 1 of 1
[2024-04-02 23:02:43,375] {taskinstance.py:1358} INFO - 
--------------------------------------------------------------------------------
[2024-04-02 23:02:43,401] {taskinstance.py:1377} INFO - Executing <Task(_PythonDecoratedOperator): TSLA> on 2024-03-13 00:00:00+00:00
[2024-04-02 23:02:43,412] {standard_task_runner.py:52} INFO - Started process 77218 to run task
[2024-04-02 23:02:43,427] {standard_task_runner.py:79} INFO - Running: ['airflow', 'tasks', 'run', 'get_stocks_dag', 'TSLA', 'scheduled__2024-03-13T00:00:00+00:00', '--job-id', '1078', '--raw', '--subdir', 'DAGS_FOLDER/get_stocks.py', '--cfg-path', '/tmp/tmp5r7y8t_2', '--error-file', '/tmp/tmp_j8766af']
[2024-04-02 23:02:43,430] {standard_task_runner.py:80} INFO - Job 1078: Subtask TSLA
[2024-04-02 23:02:43,611] {task_command.py:370} INFO - Running <TaskInstance: get_stocks_dag.TSLA scheduled__2024-03-13T00:00:00+00:00 [running]> on host alexmend-virtual-machine
[2024-04-02 23:02:43,847] {taskinstance.py:1569} INFO - Exporting the following env vars:
AIRFLOW_CTX_DAG_OWNER=airflow
AIRFLOW_CTX_DAG_ID=get_stocks_dag
AIRFLOW_CTX_TASK_ID=TSLA
AIRFLOW_CTX_EXECUTION_DATE=2024-03-13T00:00:00+00:00
AIRFLOW_CTX_TRY_NUMBER=1
AIRFLOW_CTX_DAG_RUN_ID=scheduled__2024-03-13T00:00:00+00:00
[2024-04-02 23:02:54,767] {python.py:173} INFO - Done. Returned value was: None
[2024-04-02 23:02:54,795] {taskinstance.py:1395} INFO - Marking task as SUCCESS. dag_id=get_stocks_dag, task_id=TSLA, execution_date=20240313T000000, start_date=20240403T020243, end_date=20240403T020254
[2024-04-02 23:02:54,865] {local_task_job.py:156} INFO - Task exited with return code 0
[2024-04-02 23:02:54,969] {local_task_job.py:273} INFO - 0 downstream tasks scheduled from follow-on schedule check
