[2024-04-02 13:11:15,604] {taskinstance.py:1159} INFO - Dependencies all met for <TaskInstance: get_stocks_dag.MSFT scheduled__2024-03-14T00:00:00+00:00 [queued]>
[2024-04-02 13:11:15,614] {taskinstance.py:1159} INFO - Dependencies all met for <TaskInstance: get_stocks_dag.MSFT scheduled__2024-03-14T00:00:00+00:00 [queued]>
[2024-04-02 13:11:15,614] {taskinstance.py:1356} INFO - 
--------------------------------------------------------------------------------
[2024-04-02 13:11:15,615] {taskinstance.py:1357} INFO - Starting attempt 1 of 1
[2024-04-02 13:11:15,616] {taskinstance.py:1358} INFO - 
--------------------------------------------------------------------------------
[2024-04-02 13:11:15,637] {taskinstance.py:1377} INFO - Executing <Task(_PythonDecoratedOperator): MSFT> on 2024-03-14 00:00:00+00:00
[2024-04-02 13:11:15,643] {standard_task_runner.py:52} INFO - Started process 12828 to run task
[2024-04-02 13:11:15,649] {standard_task_runner.py:79} INFO - Running: ['airflow', 'tasks', 'run', 'get_stocks_dag', 'MSFT', 'scheduled__2024-03-14T00:00:00+00:00', '--job-id', '216', '--raw', '--subdir', 'DAGS_FOLDER/get_stocks.py', '--cfg-path', '/tmp/tmpb3aeos92', '--error-file', '/tmp/tmpeqrowjgn']
[2024-04-02 13:11:15,650] {standard_task_runner.py:80} INFO - Job 216: Subtask MSFT
[2024-04-02 13:11:15,738] {task_command.py:370} INFO - Running <TaskInstance: get_stocks_dag.MSFT scheduled__2024-03-14T00:00:00+00:00 [running]> on host alexmend-virtual-machine
[2024-04-02 13:11:15,833] {taskinstance.py:1569} INFO - Exporting the following env vars:
AIRFLOW_CTX_DAG_OWNER=airflow
AIRFLOW_CTX_DAG_ID=get_stocks_dag
AIRFLOW_CTX_TASK_ID=MSFT
AIRFLOW_CTX_EXECUTION_DATE=2024-03-14T00:00:00+00:00
AIRFLOW_CTX_TRY_NUMBER=1
AIRFLOW_CTX_DAG_RUN_ID=scheduled__2024-03-14T00:00:00+00:00
[2024-04-02 13:11:16,551] {python.py:173} INFO - Done. Returned value was: None
[2024-04-02 13:11:16,564] {taskinstance.py:1395} INFO - Marking task as SUCCESS. dag_id=get_stocks_dag, task_id=MSFT, execution_date=20240314T000000, start_date=20240402T161115, end_date=20240402T161116
[2024-04-02 13:11:16,627] {local_task_job.py:156} INFO - Task exited with return code 0
[2024-04-02 13:11:16,651] {local_task_job.py:273} INFO - 0 downstream tasks scheduled from follow-on schedule check
[2024-04-02 17:19:42,617] {taskinstance.py:1159} INFO - Dependencies all met for <TaskInstance: get_stocks_dag.MSFT scheduled__2024-03-14T00:00:00+00:00 [queued]>
[2024-04-02 17:19:42,680] {taskinstance.py:1159} INFO - Dependencies all met for <TaskInstance: get_stocks_dag.MSFT scheduled__2024-03-14T00:00:00+00:00 [queued]>
[2024-04-02 17:19:42,680] {taskinstance.py:1356} INFO - 
--------------------------------------------------------------------------------
[2024-04-02 17:19:42,680] {taskinstance.py:1357} INFO - Starting attempt 1 of 1
[2024-04-02 17:19:42,680] {taskinstance.py:1358} INFO - 
--------------------------------------------------------------------------------
[2024-04-02 17:19:42,783] {taskinstance.py:1377} INFO - Executing <Task(_PythonDecoratedOperator): MSFT> on 2024-03-14 00:00:00+00:00
[2024-04-02 17:19:42,863] {standard_task_runner.py:52} INFO - Started process 8621 to run task
[2024-04-02 17:19:42,991] {standard_task_runner.py:79} INFO - Running: ['airflow', 'tasks', 'run', 'get_stocks_dag', 'MSFT', 'scheduled__2024-03-14T00:00:00+00:00', '--job-id', '195', '--raw', '--subdir', 'DAGS_FOLDER/get_stocks.py', '--cfg-path', '/tmp/tmp7gqi7h6l', '--error-file', '/tmp/tmprsed0hkx']
[2024-04-02 17:19:43,010] {standard_task_runner.py:80} INFO - Job 195: Subtask MSFT
[2024-04-02 17:19:43,850] {task_command.py:370} INFO - Running <TaskInstance: get_stocks_dag.MSFT scheduled__2024-03-14T00:00:00+00:00 [running]> on host alexmend-virtual-machine
[2024-04-02 17:19:44,548] {taskinstance.py:1569} INFO - Exporting the following env vars:
AIRFLOW_CTX_DAG_OWNER=airflow
AIRFLOW_CTX_DAG_ID=get_stocks_dag
AIRFLOW_CTX_TASK_ID=MSFT
AIRFLOW_CTX_EXECUTION_DATE=2024-03-14T00:00:00+00:00
AIRFLOW_CTX_TRY_NUMBER=1
AIRFLOW_CTX_DAG_RUN_ID=scheduled__2024-03-14T00:00:00+00:00
[2024-04-02 17:19:45,675] {python.py:173} INFO - Done. Returned value was: None
[2024-04-02 17:19:46,018] {taskinstance.py:1395} INFO - Marking task as SUCCESS. dag_id=get_stocks_dag, task_id=MSFT, execution_date=20240314T000000, start_date=20240402T201942, end_date=20240402T201946
[2024-04-02 17:19:46,145] {local_task_job.py:156} INFO - Task exited with return code 0
[2024-04-02 17:19:46,330] {local_task_job.py:273} INFO - 0 downstream tasks scheduled from follow-on schedule check
[2024-04-02 17:46:46,362] {taskinstance.py:1159} INFO - Dependencies all met for <TaskInstance: get_stocks_dag.MSFT scheduled__2024-03-14T00:00:00+00:00 [queued]>
[2024-04-02 17:46:46,393] {taskinstance.py:1159} INFO - Dependencies all met for <TaskInstance: get_stocks_dag.MSFT scheduled__2024-03-14T00:00:00+00:00 [queued]>
[2024-04-02 17:46:46,394] {taskinstance.py:1356} INFO - 
--------------------------------------------------------------------------------
[2024-04-02 17:46:46,395] {taskinstance.py:1357} INFO - Starting attempt 1 of 1
[2024-04-02 17:46:46,396] {taskinstance.py:1358} INFO - 
--------------------------------------------------------------------------------
[2024-04-02 17:46:46,422] {taskinstance.py:1377} INFO - Executing <Task(_PythonDecoratedOperator): MSFT> on 2024-03-14 00:00:00+00:00
[2024-04-02 17:46:46,433] {standard_task_runner.py:52} INFO - Started process 23930 to run task
[2024-04-02 17:46:46,444] {standard_task_runner.py:79} INFO - Running: ['airflow', 'tasks', 'run', 'get_stocks_dag', 'MSFT', 'scheduled__2024-03-14T00:00:00+00:00', '--job-id', '460', '--raw', '--subdir', 'DAGS_FOLDER/get_stocks.py', '--cfg-path', '/tmp/tmp6bpdqpoe', '--error-file', '/tmp/tmpqj35_mjr']
[2024-04-02 17:46:46,446] {standard_task_runner.py:80} INFO - Job 460: Subtask MSFT
[2024-04-02 17:46:46,612] {task_command.py:370} INFO - Running <TaskInstance: get_stocks_dag.MSFT scheduled__2024-03-14T00:00:00+00:00 [running]> on host alexmend-virtual-machine
[2024-04-02 17:46:46,787] {taskinstance.py:1569} INFO - Exporting the following env vars:
AIRFLOW_CTX_DAG_OWNER=airflow
AIRFLOW_CTX_DAG_ID=get_stocks_dag
AIRFLOW_CTX_TASK_ID=MSFT
AIRFLOW_CTX_EXECUTION_DATE=2024-03-14T00:00:00+00:00
AIRFLOW_CTX_TRY_NUMBER=1
AIRFLOW_CTX_DAG_RUN_ID=scheduled__2024-03-14T00:00:00+00:00
[2024-04-02 17:46:47,530] {python.py:173} INFO - Done. Returned value was: None
[2024-04-02 17:46:47,560] {taskinstance.py:1395} INFO - Marking task as SUCCESS. dag_id=get_stocks_dag, task_id=MSFT, execution_date=20240314T000000, start_date=20240402T204646, end_date=20240402T204647
[2024-04-02 17:46:47,628] {local_task_job.py:156} INFO - Task exited with return code 0
[2024-04-02 17:46:47,711] {local_task_job.py:273} INFO - 0 downstream tasks scheduled from follow-on schedule check
[2024-04-02 19:15:39,529] {taskinstance.py:1159} INFO - Dependencies all met for <TaskInstance: get_stocks_dag.MSFT scheduled__2024-03-14T00:00:00+00:00 [queued]>
[2024-04-02 19:15:39,543] {taskinstance.py:1159} INFO - Dependencies all met for <TaskInstance: get_stocks_dag.MSFT scheduled__2024-03-14T00:00:00+00:00 [queued]>
[2024-04-02 19:15:39,543] {taskinstance.py:1356} INFO - 
--------------------------------------------------------------------------------
[2024-04-02 19:15:39,544] {taskinstance.py:1357} INFO - Starting attempt 1 of 1
[2024-04-02 19:15:39,544] {taskinstance.py:1358} INFO - 
--------------------------------------------------------------------------------
[2024-04-02 19:15:39,562] {taskinstance.py:1377} INFO - Executing <Task(_PythonDecoratedOperator): MSFT> on 2024-03-14 00:00:00+00:00
[2024-04-02 19:15:39,569] {standard_task_runner.py:52} INFO - Started process 15007 to run task
[2024-04-02 19:15:39,582] {standard_task_runner.py:79} INFO - Running: ['airflow', 'tasks', 'run', 'get_stocks_dag', 'MSFT', 'scheduled__2024-03-14T00:00:00+00:00', '--job-id', '562', '--raw', '--subdir', 'DAGS_FOLDER/get_stocks.py', '--cfg-path', '/tmp/tmpbjhewufl', '--error-file', '/tmp/tmph2fnc3xx']
[2024-04-02 19:15:39,583] {standard_task_runner.py:80} INFO - Job 562: Subtask MSFT
[2024-04-02 19:15:39,695] {task_command.py:370} INFO - Running <TaskInstance: get_stocks_dag.MSFT scheduled__2024-03-14T00:00:00+00:00 [running]> on host alexmend-virtual-machine
[2024-04-02 19:15:39,823] {taskinstance.py:1569} INFO - Exporting the following env vars:
AIRFLOW_CTX_DAG_OWNER=airflow
AIRFLOW_CTX_DAG_ID=get_stocks_dag
AIRFLOW_CTX_TASK_ID=MSFT
AIRFLOW_CTX_EXECUTION_DATE=2024-03-14T00:00:00+00:00
AIRFLOW_CTX_TRY_NUMBER=1
AIRFLOW_CTX_DAG_RUN_ID=scheduled__2024-03-14T00:00:00+00:00
[2024-04-02 19:15:40,472] {python.py:173} INFO - Done. Returned value was: None
[2024-04-02 19:15:40,502] {taskinstance.py:1395} INFO - Marking task as SUCCESS. dag_id=get_stocks_dag, task_id=MSFT, execution_date=20240314T000000, start_date=20240402T221539, end_date=20240402T221540
[2024-04-02 19:15:40,573] {local_task_job.py:156} INFO - Task exited with return code 0
[2024-04-02 19:15:40,688] {local_task_job.py:273} INFO - 0 downstream tasks scheduled from follow-on schedule check
[2024-04-02 20:39:31,766] {taskinstance.py:1159} INFO - Dependencies all met for <TaskInstance: get_stocks_dag.MSFT scheduled__2024-03-14T00:00:00+00:00 [queued]>
[2024-04-02 20:39:31,800] {taskinstance.py:1159} INFO - Dependencies all met for <TaskInstance: get_stocks_dag.MSFT scheduled__2024-03-14T00:00:00+00:00 [queued]>
[2024-04-02 20:39:31,800] {taskinstance.py:1356} INFO - 
--------------------------------------------------------------------------------
[2024-04-02 20:39:31,800] {taskinstance.py:1357} INFO - Starting attempt 1 of 1
[2024-04-02 20:39:31,800] {taskinstance.py:1358} INFO - 
--------------------------------------------------------------------------------
[2024-04-02 20:39:31,850] {taskinstance.py:1377} INFO - Executing <Task(_PythonDecoratedOperator): MSFT> on 2024-03-14 00:00:00+00:00
[2024-04-02 20:39:31,870] {standard_task_runner.py:52} INFO - Started process 26414 to run task
[2024-04-02 20:39:31,880] {standard_task_runner.py:79} INFO - Running: ['airflow', 'tasks', 'run', 'get_stocks_dag', 'MSFT', 'scheduled__2024-03-14T00:00:00+00:00', '--job-id', '663', '--raw', '--subdir', 'DAGS_FOLDER/get_stocks.py', '--cfg-path', '/tmp/tmp9f08zdf0', '--error-file', '/tmp/tmpy82icr5s']
[2024-04-02 20:39:31,882] {standard_task_runner.py:80} INFO - Job 663: Subtask MSFT
[2024-04-02 20:39:32,028] {task_command.py:370} INFO - Running <TaskInstance: get_stocks_dag.MSFT scheduled__2024-03-14T00:00:00+00:00 [running]> on host alexmend-virtual-machine
[2024-04-02 20:39:32,214] {taskinstance.py:1569} INFO - Exporting the following env vars:
AIRFLOW_CTX_DAG_OWNER=airflow
AIRFLOW_CTX_DAG_ID=get_stocks_dag
AIRFLOW_CTX_TASK_ID=MSFT
AIRFLOW_CTX_EXECUTION_DATE=2024-03-14T00:00:00+00:00
AIRFLOW_CTX_TRY_NUMBER=1
AIRFLOW_CTX_DAG_RUN_ID=scheduled__2024-03-14T00:00:00+00:00
[2024-04-02 20:39:32,921] {python.py:173} INFO - Done. Returned value was: None
[2024-04-02 20:39:32,946] {taskinstance.py:1395} INFO - Marking task as SUCCESS. dag_id=get_stocks_dag, task_id=MSFT, execution_date=20240314T000000, start_date=20240402T233931, end_date=20240402T233932
[2024-04-02 20:39:32,979] {local_task_job.py:156} INFO - Task exited with return code 0
[2024-04-02 20:39:33,065] {local_task_job.py:273} INFO - 0 downstream tasks scheduled from follow-on schedule check
[2024-04-02 21:50:14,412] {taskinstance.py:1159} INFO - Dependencies all met for <TaskInstance: get_stocks_dag.MSFT scheduled__2024-03-14T00:00:00+00:00 [queued]>
[2024-04-02 21:50:14,436] {taskinstance.py:1159} INFO - Dependencies all met for <TaskInstance: get_stocks_dag.MSFT scheduled__2024-03-14T00:00:00+00:00 [queued]>
[2024-04-02 21:50:14,437] {taskinstance.py:1356} INFO - 
--------------------------------------------------------------------------------
[2024-04-02 21:50:14,437] {taskinstance.py:1357} INFO - Starting attempt 1 of 1
[2024-04-02 21:50:14,437] {taskinstance.py:1358} INFO - 
--------------------------------------------------------------------------------
[2024-04-02 21:50:14,465] {taskinstance.py:1377} INFO - Executing <Task(_PythonDecoratedOperator): MSFT> on 2024-03-14 00:00:00+00:00
[2024-04-02 21:50:14,475] {standard_task_runner.py:52} INFO - Started process 51031 to run task
[2024-04-02 21:50:14,489] {standard_task_runner.py:79} INFO - Running: ['airflow', 'tasks', 'run', 'get_stocks_dag', 'MSFT', 'scheduled__2024-03-14T00:00:00+00:00', '--job-id', '811', '--raw', '--subdir', 'DAGS_FOLDER/get_stocks.py', '--cfg-path', '/tmp/tmp9gq0qabj', '--error-file', '/tmp/tmpqlixz3z0']
[2024-04-02 21:50:14,495] {standard_task_runner.py:80} INFO - Job 811: Subtask MSFT
[2024-04-02 21:50:14,744] {task_command.py:370} INFO - Running <TaskInstance: get_stocks_dag.MSFT scheduled__2024-03-14T00:00:00+00:00 [running]> on host alexmend-virtual-machine
[2024-04-02 21:50:14,994] {taskinstance.py:1569} INFO - Exporting the following env vars:
AIRFLOW_CTX_DAG_OWNER=airflow
AIRFLOW_CTX_DAG_ID=get_stocks_dag
AIRFLOW_CTX_TASK_ID=MSFT
AIRFLOW_CTX_EXECUTION_DATE=2024-03-14T00:00:00+00:00
AIRFLOW_CTX_TRY_NUMBER=1
AIRFLOW_CTX_DAG_RUN_ID=scheduled__2024-03-14T00:00:00+00:00
[2024-04-02 21:50:25,745] {python.py:173} INFO - Done. Returned value was: None
[2024-04-02 21:50:25,858] {taskinstance.py:1395} INFO - Marking task as SUCCESS. dag_id=get_stocks_dag, task_id=MSFT, execution_date=20240314T000000, start_date=20240403T005014, end_date=20240403T005025
[2024-04-02 21:50:25,924] {local_task_job.py:156} INFO - Task exited with return code 0
[2024-04-02 21:50:26,026] {local_task_job.py:273} INFO - 0 downstream tasks scheduled from follow-on schedule check
[2024-04-02 23:04:19,834] {taskinstance.py:1159} INFO - Dependencies all met for <TaskInstance: get_stocks_dag.MSFT scheduled__2024-03-14T00:00:00+00:00 [queued]>
[2024-04-02 23:04:19,863] {taskinstance.py:1159} INFO - Dependencies all met for <TaskInstance: get_stocks_dag.MSFT scheduled__2024-03-14T00:00:00+00:00 [queued]>
[2024-04-02 23:04:19,863] {taskinstance.py:1356} INFO - 
--------------------------------------------------------------------------------
[2024-04-02 23:04:19,863] {taskinstance.py:1357} INFO - Starting attempt 1 of 1
[2024-04-02 23:04:19,863] {taskinstance.py:1358} INFO - 
--------------------------------------------------------------------------------
[2024-04-02 23:04:19,899] {taskinstance.py:1377} INFO - Executing <Task(_PythonDecoratedOperator): MSFT> on 2024-03-14 00:00:00+00:00
[2024-04-02 23:04:19,910] {standard_task_runner.py:52} INFO - Started process 78128 to run task
[2024-04-02 23:04:19,950] {standard_task_runner.py:79} INFO - Running: ['airflow', 'tasks', 'run', 'get_stocks_dag', 'MSFT', 'scheduled__2024-03-14T00:00:00+00:00', '--job-id', '1091', '--raw', '--subdir', 'DAGS_FOLDER/get_stocks.py', '--cfg-path', '/tmp/tmp_dduim7e', '--error-file', '/tmp/tmpsuxlto2a']
[2024-04-02 23:04:19,958] {standard_task_runner.py:80} INFO - Job 1091: Subtask MSFT
[2024-04-02 23:04:20,148] {task_command.py:370} INFO - Running <TaskInstance: get_stocks_dag.MSFT scheduled__2024-03-14T00:00:00+00:00 [running]> on host alexmend-virtual-machine
[2024-04-02 23:04:20,342] {taskinstance.py:1569} INFO - Exporting the following env vars:
AIRFLOW_CTX_DAG_OWNER=airflow
AIRFLOW_CTX_DAG_ID=get_stocks_dag
AIRFLOW_CTX_TASK_ID=MSFT
AIRFLOW_CTX_EXECUTION_DATE=2024-03-14T00:00:00+00:00
AIRFLOW_CTX_TRY_NUMBER=1
AIRFLOW_CTX_DAG_RUN_ID=scheduled__2024-03-14T00:00:00+00:00
[2024-04-02 23:04:30,999] {python.py:173} INFO - Done. Returned value was: None
[2024-04-02 23:04:31,029] {taskinstance.py:1395} INFO - Marking task as SUCCESS. dag_id=get_stocks_dag, task_id=MSFT, execution_date=20240314T000000, start_date=20240403T020419, end_date=20240403T020431
[2024-04-02 23:04:31,078] {local_task_job.py:156} INFO - Task exited with return code 0
[2024-04-02 23:04:31,143] {local_task_job.py:273} INFO - 0 downstream tasks scheduled from follow-on schedule check
