[2024-04-02 21:56:12,589] {taskinstance.py:1159} INFO - Dependencies all met for <TaskInstance: get_crypto_dag.AVAX scheduled__2024-03-16T00:00:00+00:00 [queued]>
[2024-04-02 21:56:12,615] {taskinstance.py:1159} INFO - Dependencies all met for <TaskInstance: get_crypto_dag.AVAX scheduled__2024-03-16T00:00:00+00:00 [queued]>
[2024-04-02 21:56:12,616] {taskinstance.py:1356} INFO - 
--------------------------------------------------------------------------------
[2024-04-02 21:56:12,616] {taskinstance.py:1357} INFO - Starting attempt 1 of 1
[2024-04-02 21:56:12,616] {taskinstance.py:1358} INFO - 
--------------------------------------------------------------------------------
[2024-04-02 21:56:12,641] {taskinstance.py:1377} INFO - Executing <Task(_PythonDecoratedOperator): AVAX> on 2024-03-16 00:00:00+00:00
[2024-04-02 21:56:12,665] {standard_task_runner.py:52} INFO - Started process 54920 to run task
[2024-04-02 21:56:12,697] {standard_task_runner.py:79} INFO - Running: ['airflow', 'tasks', 'run', 'get_crypto_dag', 'AVAX', 'scheduled__2024-03-16T00:00:00+00:00', '--job-id', '881', '--raw', '--subdir', 'DAGS_FOLDER/get_crypto.py', '--cfg-path', '/tmp/tmpn62a8xzy', '--error-file', '/tmp/tmpn08ispl7']
[2024-04-02 21:56:12,699] {standard_task_runner.py:80} INFO - Job 881: Subtask AVAX
[2024-04-02 21:56:12,899] {task_command.py:370} INFO - Running <TaskInstance: get_crypto_dag.AVAX scheduled__2024-03-16T00:00:00+00:00 [running]> on host alexmend-virtual-machine
[2024-04-02 21:56:13,118] {taskinstance.py:1569} INFO - Exporting the following env vars:
AIRFLOW_CTX_DAG_OWNER=airflow
AIRFLOW_CTX_DAG_ID=get_crypto_dag
AIRFLOW_CTX_TASK_ID=AVAX
AIRFLOW_CTX_EXECUTION_DATE=2024-03-16T00:00:00+00:00
AIRFLOW_CTX_TRY_NUMBER=1
AIRFLOW_CTX_DAG_RUN_ID=scheduled__2024-03-16T00:00:00+00:00
[2024-04-02 21:56:16,871] {history.py:90} ERROR - AVAX: No timezone found, symbol may be delisted
[2024-04-02 21:56:26,891] {python.py:173} INFO - Done. Returned value was: None
[2024-04-02 21:56:27,084] {taskinstance.py:1395} INFO - Marking task as SUCCESS. dag_id=get_crypto_dag, task_id=AVAX, execution_date=20240316T000000, start_date=20240403T005612, end_date=20240403T005627
[2024-04-02 21:56:27,261] {local_task_job.py:156} INFO - Task exited with return code 0
[2024-04-02 21:56:27,402] {local_task_job.py:273} INFO - 0 downstream tasks scheduled from follow-on schedule check
[2024-04-02 23:06:30,932] {taskinstance.py:1159} INFO - Dependencies all met for <TaskInstance: get_crypto_dag.AVAX scheduled__2024-03-16T00:00:00+00:00 [queued]>
[2024-04-02 23:06:30,950] {taskinstance.py:1159} INFO - Dependencies all met for <TaskInstance: get_crypto_dag.AVAX scheduled__2024-03-16T00:00:00+00:00 [queued]>
[2024-04-02 23:06:30,951] {taskinstance.py:1356} INFO - 
--------------------------------------------------------------------------------
[2024-04-02 23:06:30,951] {taskinstance.py:1357} INFO - Starting attempt 1 of 1
[2024-04-02 23:06:30,951] {taskinstance.py:1358} INFO - 
--------------------------------------------------------------------------------
[2024-04-02 23:06:30,994] {taskinstance.py:1377} INFO - Executing <Task(_PythonDecoratedOperator): AVAX> on 2024-03-16 00:00:00+00:00
[2024-04-02 23:06:31,002] {standard_task_runner.py:52} INFO - Started process 79411 to run task
[2024-04-02 23:06:31,020] {standard_task_runner.py:79} INFO - Running: ['airflow', 'tasks', 'run', 'get_crypto_dag', 'AVAX', 'scheduled__2024-03-16T00:00:00+00:00', '--job-id', '1108', '--raw', '--subdir', 'DAGS_FOLDER/get_crypto.py', '--cfg-path', '/tmp/tmp98wj68na', '--error-file', '/tmp/tmptm2qjtt4']
[2024-04-02 23:06:31,023] {standard_task_runner.py:80} INFO - Job 1108: Subtask AVAX
[2024-04-02 23:06:31,193] {task_command.py:370} INFO - Running <TaskInstance: get_crypto_dag.AVAX scheduled__2024-03-16T00:00:00+00:00 [running]> on host alexmend-virtual-machine
[2024-04-02 23:06:31,409] {taskinstance.py:1569} INFO - Exporting the following env vars:
AIRFLOW_CTX_DAG_OWNER=airflow
AIRFLOW_CTX_DAG_ID=get_crypto_dag
AIRFLOW_CTX_TASK_ID=AVAX
AIRFLOW_CTX_EXECUTION_DATE=2024-03-16T00:00:00+00:00
AIRFLOW_CTX_TRY_NUMBER=1
AIRFLOW_CTX_DAG_RUN_ID=scheduled__2024-03-16T00:00:00+00:00
[2024-04-02 23:06:34,975] {history.py:90} ERROR - AVAX: No timezone found, symbol may be delisted
[2024-04-02 23:06:44,991] {python.py:173} INFO - Done. Returned value was: None
[2024-04-02 23:06:45,027] {taskinstance.py:1395} INFO - Marking task as SUCCESS. dag_id=get_crypto_dag, task_id=AVAX, execution_date=20240316T000000, start_date=20240403T020630, end_date=20240403T020645
[2024-04-02 23:06:45,080] {local_task_job.py:156} INFO - Task exited with return code 0
[2024-04-02 23:06:45,153] {local_task_job.py:273} INFO - 0 downstream tasks scheduled from follow-on schedule check
