[2024-04-02 12:58:55,202] {taskinstance.py:1159} INFO - Dependencies all met for <TaskInstance: get_stocks_dag.MSFT scheduled__2024-01-11T00:00:00+00:00 [queued]>
[2024-04-02 12:58:55,213] {taskinstance.py:1159} INFO - Dependencies all met for <TaskInstance: get_stocks_dag.MSFT scheduled__2024-01-11T00:00:00+00:00 [queued]>
[2024-04-02 12:58:55,213] {taskinstance.py:1356} INFO - 
--------------------------------------------------------------------------------
[2024-04-02 12:58:55,213] {taskinstance.py:1357} INFO - Starting attempt 1 of 1
[2024-04-02 12:58:55,214] {taskinstance.py:1358} INFO - 
--------------------------------------------------------------------------------
[2024-04-02 12:58:55,233] {taskinstance.py:1377} INFO - Executing <Task(_PythonDecoratedOperator): MSFT> on 2024-01-11 00:00:00+00:00
[2024-04-02 12:58:55,258] {standard_task_runner.py:52} INFO - Started process 8503 to run task
[2024-04-02 12:58:55,267] {standard_task_runner.py:79} INFO - Running: ['airflow', 'tasks', 'run', 'get_stocks_dag', 'MSFT', 'scheduled__2024-01-11T00:00:00+00:00', '--job-id', '36', '--raw', '--subdir', 'DAGS_FOLDER/get_stocks.py', '--cfg-path', '/tmp/tmplb8lkfxc', '--error-file', '/tmp/tmptr83ypnt']
[2024-04-02 12:58:55,268] {standard_task_runner.py:80} INFO - Job 36: Subtask MSFT
[2024-04-02 12:58:55,348] {task_command.py:370} INFO - Running <TaskInstance: get_stocks_dag.MSFT scheduled__2024-01-11T00:00:00+00:00 [running]> on host alexmend-virtual-machine
[2024-04-02 12:58:55,444] {taskinstance.py:1569} INFO - Exporting the following env vars:
AIRFLOW_CTX_DAG_OWNER=airflow
AIRFLOW_CTX_DAG_ID=get_stocks_dag
AIRFLOW_CTX_TASK_ID=MSFT
AIRFLOW_CTX_EXECUTION_DATE=2024-01-11T00:00:00+00:00
AIRFLOW_CTX_TRY_NUMBER=1
AIRFLOW_CTX_DAG_RUN_ID=scheduled__2024-01-11T00:00:00+00:00
[2024-04-02 12:58:56,116] {python.py:173} INFO - Done. Returned value was: None
[2024-04-02 12:58:56,127] {taskinstance.py:1395} INFO - Marking task as SUCCESS. dag_id=get_stocks_dag, task_id=MSFT, execution_date=20240111T000000, start_date=20240402T155855, end_date=20240402T155856
[2024-04-02 12:58:56,162] {local_task_job.py:156} INFO - Task exited with return code 0
[2024-04-02 12:58:56,197] {local_task_job.py:273} INFO - 0 downstream tasks scheduled from follow-on schedule check
[2024-04-02 13:47:51,226] {taskinstance.py:1159} INFO - Dependencies all met for <TaskInstance: get_stocks_dag.MSFT scheduled__2024-01-11T00:00:00+00:00 [queued]>
[2024-04-02 13:47:52,211] {taskinstance.py:1159} INFO - Dependencies all met for <TaskInstance: get_stocks_dag.MSFT scheduled__2024-01-11T00:00:00+00:00 [queued]>
[2024-04-02 13:47:52,213] {taskinstance.py:1356} INFO - 
--------------------------------------------------------------------------------
[2024-04-02 13:47:52,213] {taskinstance.py:1357} INFO - Starting attempt 1 of 1
[2024-04-02 13:47:52,214] {taskinstance.py:1358} INFO - 
--------------------------------------------------------------------------------
[2024-04-02 13:47:53,468] {taskinstance.py:1377} INFO - Executing <Task(_PythonDecoratedOperator): MSFT> on 2024-01-11 00:00:00+00:00
[2024-04-02 13:47:54,466] {standard_task_runner.py:52} INFO - Started process 27033 to run task
[2024-04-02 13:47:55,348] {standard_task_runner.py:79} INFO - Running: ['airflow', 'tasks', 'run', 'get_stocks_dag', 'MSFT', 'scheduled__2024-01-11T00:00:00+00:00', '--job-id', '16', '--raw', '--subdir', 'DAGS_FOLDER/get_stocks.py', '--cfg-path', '/tmp/tmpjnd3lbs3', '--error-file', '/tmp/tmpo_pbcvoa']
[2024-04-02 13:47:55,915] {standard_task_runner.py:80} INFO - Job 16: Subtask MSFT
[2024-04-02 13:50:13,861] {task_command.py:370} INFO - Running <TaskInstance: get_stocks_dag.MSFT scheduled__2024-01-11T00:00:00+00:00 [running]> on host alexmend-virtual-machine
[2024-04-02 17:42:28,671] {taskinstance.py:1159} INFO - Dependencies all met for <TaskInstance: get_stocks_dag.MSFT scheduled__2024-01-11T00:00:00+00:00 [queued]>
[2024-04-02 17:42:28,687] {taskinstance.py:1159} INFO - Dependencies all met for <TaskInstance: get_stocks_dag.MSFT scheduled__2024-01-11T00:00:00+00:00 [queued]>
[2024-04-02 17:42:28,688] {taskinstance.py:1356} INFO - 
--------------------------------------------------------------------------------
[2024-04-02 17:42:28,688] {taskinstance.py:1357} INFO - Starting attempt 1 of 1
[2024-04-02 17:42:28,688] {taskinstance.py:1358} INFO - 
--------------------------------------------------------------------------------
[2024-04-02 17:42:28,749] {taskinstance.py:1377} INFO - Executing <Task(_PythonDecoratedOperator): MSFT> on 2024-01-11 00:00:00+00:00
[2024-04-02 17:42:28,756] {standard_task_runner.py:52} INFO - Started process 18656 to run task
[2024-04-02 17:42:28,770] {standard_task_runner.py:79} INFO - Running: ['airflow', 'tasks', 'run', 'get_stocks_dag', 'MSFT', 'scheduled__2024-01-11T00:00:00+00:00', '--job-id', '280', '--raw', '--subdir', 'DAGS_FOLDER/get_stocks.py', '--cfg-path', '/tmp/tmp3chx5zvk', '--error-file', '/tmp/tmph6ju0xwy']
[2024-04-02 17:42:28,773] {standard_task_runner.py:80} INFO - Job 280: Subtask MSFT
[2024-04-02 17:42:28,948] {task_command.py:370} INFO - Running <TaskInstance: get_stocks_dag.MSFT scheduled__2024-01-11T00:00:00+00:00 [running]> on host alexmend-virtual-machine
[2024-04-02 17:42:29,100] {taskinstance.py:1569} INFO - Exporting the following env vars:
AIRFLOW_CTX_DAG_OWNER=airflow
AIRFLOW_CTX_DAG_ID=get_stocks_dag
AIRFLOW_CTX_TASK_ID=MSFT
AIRFLOW_CTX_EXECUTION_DATE=2024-01-11T00:00:00+00:00
AIRFLOW_CTX_TRY_NUMBER=1
AIRFLOW_CTX_DAG_RUN_ID=scheduled__2024-01-11T00:00:00+00:00
[2024-04-02 17:42:29,737] {python.py:173} INFO - Done. Returned value was: None
[2024-04-02 17:42:29,758] {taskinstance.py:1395} INFO - Marking task as SUCCESS. dag_id=get_stocks_dag, task_id=MSFT, execution_date=20240111T000000, start_date=20240402T204228, end_date=20240402T204229
[2024-04-02 17:42:29,796] {local_task_job.py:156} INFO - Task exited with return code 0
[2024-04-02 17:42:29,855] {local_task_job.py:273} INFO - 0 downstream tasks scheduled from follow-on schedule check
