[2024-04-02 21:47:28,324] {taskinstance.py:1159} INFO - Dependencies all met for <TaskInstance: get_crypto_dag.DOGE scheduled__2024-03-03T00:00:00+00:00 [queued]>
[2024-04-02 21:47:28,392] {taskinstance.py:1159} INFO - Dependencies all met for <TaskInstance: get_crypto_dag.DOGE scheduled__2024-03-03T00:00:00+00:00 [queued]>
[2024-04-02 21:47:28,392] {taskinstance.py:1356} INFO - 
--------------------------------------------------------------------------------
[2024-04-02 21:47:28,393] {taskinstance.py:1357} INFO - Starting attempt 1 of 1
[2024-04-02 21:47:28,393] {taskinstance.py:1358} INFO - 
--------------------------------------------------------------------------------
[2024-04-02 21:47:28,494] {taskinstance.py:1377} INFO - Executing <Task(_PythonDecoratedOperator): DOGE> on 2024-03-03 00:00:00+00:00
[2024-04-02 21:47:28,552] {standard_task_runner.py:52} INFO - Started process 48975 to run task
[2024-04-02 21:47:28,583] {standard_task_runner.py:79} INFO - Running: ['airflow', 'tasks', 'run', 'get_crypto_dag', 'DOGE', 'scheduled__2024-03-03T00:00:00+00:00', '--job-id', '773', '--raw', '--subdir', 'DAGS_FOLDER/get_crypto.py', '--cfg-path', '/tmp/tmpdsx0__6v', '--error-file', '/tmp/tmpom3qu23h']
[2024-04-02 21:47:28,586] {standard_task_runner.py:80} INFO - Job 773: Subtask DOGE
[2024-04-02 21:47:28,817] {task_command.py:370} INFO - Running <TaskInstance: get_crypto_dag.DOGE scheduled__2024-03-03T00:00:00+00:00 [running]> on host alexmend-virtual-machine
[2024-04-02 21:47:29,167] {taskinstance.py:1569} INFO - Exporting the following env vars:
AIRFLOW_CTX_DAG_OWNER=airflow
AIRFLOW_CTX_DAG_ID=get_crypto_dag
AIRFLOW_CTX_TASK_ID=DOGE
AIRFLOW_CTX_EXECUTION_DATE=2024-03-03T00:00:00+00:00
AIRFLOW_CTX_TRY_NUMBER=1
AIRFLOW_CTX_DAG_RUN_ID=scheduled__2024-03-03T00:00:00+00:00
[2024-04-02 21:47:32,769] {history.py:90} ERROR - DOGE: No timezone found, symbol may be delisted
[2024-04-02 21:47:42,786] {python.py:173} INFO - Done. Returned value was: None
[2024-04-02 21:47:42,956] {taskinstance.py:1395} INFO - Marking task as SUCCESS. dag_id=get_crypto_dag, task_id=DOGE, execution_date=20240303T000000, start_date=20240403T004728, end_date=20240403T004742
[2024-04-02 21:47:43,151] {local_task_job.py:156} INFO - Task exited with return code 0
[2024-04-02 21:47:43,367] {local_task_job.py:273} INFO - 0 downstream tasks scheduled from follow-on schedule check
[2024-04-02 22:52:53,896] {taskinstance.py:1159} INFO - Dependencies all met for <TaskInstance: get_crypto_dag.DOGE scheduled__2024-03-03T00:00:00+00:00 [queued]>
[2024-04-02 22:52:53,932] {taskinstance.py:1159} INFO - Dependencies all met for <TaskInstance: get_crypto_dag.DOGE scheduled__2024-03-03T00:00:00+00:00 [queued]>
[2024-04-02 22:52:53,932] {taskinstance.py:1356} INFO - 
--------------------------------------------------------------------------------
[2024-04-02 22:52:53,935] {taskinstance.py:1357} INFO - Starting attempt 1 of 1
[2024-04-02 22:52:53,936] {taskinstance.py:1358} INFO - 
--------------------------------------------------------------------------------
[2024-04-02 22:52:53,975] {taskinstance.py:1377} INFO - Executing <Task(_PythonDecoratedOperator): DOGE> on 2024-03-03 00:00:00+00:00
[2024-04-02 22:52:53,996] {standard_task_runner.py:52} INFO - Started process 72347 to run task
[2024-04-02 22:52:54,012] {standard_task_runner.py:79} INFO - Running: ['airflow', 'tasks', 'run', 'get_crypto_dag', 'DOGE', 'scheduled__2024-03-03T00:00:00+00:00', '--job-id', '1016', '--raw', '--subdir', 'DAGS_FOLDER/get_crypto.py', '--cfg-path', '/tmp/tmpu9dgl91e', '--error-file', '/tmp/tmphoav_ojn']
[2024-04-02 22:52:54,015] {standard_task_runner.py:80} INFO - Job 1016: Subtask DOGE
[2024-04-02 22:52:54,330] {task_command.py:370} INFO - Running <TaskInstance: get_crypto_dag.DOGE scheduled__2024-03-03T00:00:00+00:00 [running]> on host alexmend-virtual-machine
[2024-04-02 22:52:54,656] {taskinstance.py:1569} INFO - Exporting the following env vars:
AIRFLOW_CTX_DAG_OWNER=airflow
AIRFLOW_CTX_DAG_ID=get_crypto_dag
AIRFLOW_CTX_TASK_ID=DOGE
AIRFLOW_CTX_EXECUTION_DATE=2024-03-03T00:00:00+00:00
AIRFLOW_CTX_TRY_NUMBER=1
AIRFLOW_CTX_DAG_RUN_ID=scheduled__2024-03-03T00:00:00+00:00
[2024-04-02 22:52:58,840] {history.py:90} ERROR - DOGE: No timezone found, symbol may be delisted
[2024-04-02 22:53:08,868] {python.py:173} INFO - Done. Returned value was: None
[2024-04-02 22:53:08,944] {taskinstance.py:1395} INFO - Marking task as SUCCESS. dag_id=get_crypto_dag, task_id=DOGE, execution_date=20240303T000000, start_date=20240403T015253, end_date=20240403T015308
[2024-04-02 22:53:09,050] {local_task_job.py:156} INFO - Task exited with return code 0
[2024-04-02 22:53:09,222] {local_task_job.py:273} INFO - 0 downstream tasks scheduled from follow-on schedule check
