[2024-04-02 21:48:06,112] {taskinstance.py:1159} INFO - Dependencies all met for <TaskInstance: get_crypto_dag.AVAX scheduled__2024-03-04T00:00:00+00:00 [queued]>
[2024-04-02 21:48:06,138] {taskinstance.py:1159} INFO - Dependencies all met for <TaskInstance: get_crypto_dag.AVAX scheduled__2024-03-04T00:00:00+00:00 [queued]>
[2024-04-02 21:48:06,139] {taskinstance.py:1356} INFO - 
--------------------------------------------------------------------------------
[2024-04-02 21:48:06,139] {taskinstance.py:1357} INFO - Starting attempt 1 of 1
[2024-04-02 21:48:06,139] {taskinstance.py:1358} INFO - 
--------------------------------------------------------------------------------
[2024-04-02 21:48:06,183] {taskinstance.py:1377} INFO - Executing <Task(_PythonDecoratedOperator): AVAX> on 2024-03-04 00:00:00+00:00
[2024-04-02 21:48:06,199] {standard_task_runner.py:52} INFO - Started process 49400 to run task
[2024-04-02 21:48:06,221] {standard_task_runner.py:79} INFO - Running: ['airflow', 'tasks', 'run', 'get_crypto_dag', 'AVAX', 'scheduled__2024-03-04T00:00:00+00:00', '--job-id', '780', '--raw', '--subdir', 'DAGS_FOLDER/get_crypto.py', '--cfg-path', '/tmp/tmpohju5xyb', '--error-file', '/tmp/tmpc3o1pw36']
[2024-04-02 21:48:06,223] {standard_task_runner.py:80} INFO - Job 780: Subtask AVAX
[2024-04-02 21:48:06,438] {task_command.py:370} INFO - Running <TaskInstance: get_crypto_dag.AVAX scheduled__2024-03-04T00:00:00+00:00 [running]> on host alexmend-virtual-machine
[2024-04-02 21:48:06,727] {taskinstance.py:1569} INFO - Exporting the following env vars:
AIRFLOW_CTX_DAG_OWNER=airflow
AIRFLOW_CTX_DAG_ID=get_crypto_dag
AIRFLOW_CTX_TASK_ID=AVAX
AIRFLOW_CTX_EXECUTION_DATE=2024-03-04T00:00:00+00:00
AIRFLOW_CTX_TRY_NUMBER=1
AIRFLOW_CTX_DAG_RUN_ID=scheduled__2024-03-04T00:00:00+00:00
[2024-04-02 21:48:12,527] {history.py:90} ERROR - AVAX: No timezone found, symbol may be delisted
[2024-04-02 21:48:22,549] {python.py:173} INFO - Done. Returned value was: None
[2024-04-02 21:48:22,603] {taskinstance.py:1395} INFO - Marking task as SUCCESS. dag_id=get_crypto_dag, task_id=AVAX, execution_date=20240304T000000, start_date=20240403T004806, end_date=20240403T004822
[2024-04-02 21:48:22,754] {local_task_job.py:156} INFO - Task exited with return code 0
[2024-04-02 21:48:22,845] {local_task_job.py:273} INFO - 0 downstream tasks scheduled from follow-on schedule check
[2024-04-02 22:53:24,942] {taskinstance.py:1159} INFO - Dependencies all met for <TaskInstance: get_crypto_dag.AVAX scheduled__2024-03-04T00:00:00+00:00 [queued]>
[2024-04-02 22:53:24,974] {taskinstance.py:1159} INFO - Dependencies all met for <TaskInstance: get_crypto_dag.AVAX scheduled__2024-03-04T00:00:00+00:00 [queued]>
[2024-04-02 22:53:24,974] {taskinstance.py:1356} INFO - 
--------------------------------------------------------------------------------
[2024-04-02 22:53:24,974] {taskinstance.py:1357} INFO - Starting attempt 1 of 1
[2024-04-02 22:53:24,975] {taskinstance.py:1358} INFO - 
--------------------------------------------------------------------------------
[2024-04-02 22:53:25,022] {taskinstance.py:1377} INFO - Executing <Task(_PythonDecoratedOperator): AVAX> on 2024-03-04 00:00:00+00:00
[2024-04-02 22:53:25,042] {standard_task_runner.py:52} INFO - Started process 72606 to run task
[2024-04-02 22:53:25,064] {standard_task_runner.py:79} INFO - Running: ['airflow', 'tasks', 'run', 'get_crypto_dag', 'AVAX', 'scheduled__2024-03-04T00:00:00+00:00', '--job-id', '1019', '--raw', '--subdir', 'DAGS_FOLDER/get_crypto.py', '--cfg-path', '/tmp/tmpruogff8h', '--error-file', '/tmp/tmpc8pvfq63']
[2024-04-02 22:53:25,067] {standard_task_runner.py:80} INFO - Job 1019: Subtask AVAX
[2024-04-02 22:53:25,304] {task_command.py:370} INFO - Running <TaskInstance: get_crypto_dag.AVAX scheduled__2024-03-04T00:00:00+00:00 [running]> on host alexmend-virtual-machine
[2024-04-02 22:53:25,627] {taskinstance.py:1569} INFO - Exporting the following env vars:
AIRFLOW_CTX_DAG_OWNER=airflow
AIRFLOW_CTX_DAG_ID=get_crypto_dag
AIRFLOW_CTX_TASK_ID=AVAX
AIRFLOW_CTX_EXECUTION_DATE=2024-03-04T00:00:00+00:00
AIRFLOW_CTX_TRY_NUMBER=1
AIRFLOW_CTX_DAG_RUN_ID=scheduled__2024-03-04T00:00:00+00:00
[2024-04-02 22:53:29,926] {history.py:90} ERROR - AVAX: No timezone found, symbol may be delisted
[2024-04-02 22:53:39,991] {python.py:173} INFO - Done. Returned value was: None
[2024-04-02 22:53:40,025] {taskinstance.py:1395} INFO - Marking task as SUCCESS. dag_id=get_crypto_dag, task_id=AVAX, execution_date=20240304T000000, start_date=20240403T015324, end_date=20240403T015340
[2024-04-02 22:53:40,118] {local_task_job.py:156} INFO - Task exited with return code 0
[2024-04-02 22:53:40,216] {local_task_job.py:273} INFO - 0 downstream tasks scheduled from follow-on schedule check
