[2024-04-02 13:08:22,029] {taskinstance.py:1159} INFO - Dependencies all met for <TaskInstance: get_stocks_dag.MSFT scheduled__2024-02-28T00:00:00+00:00 [queued]>
[2024-04-02 13:08:22,037] {taskinstance.py:1159} INFO - Dependencies all met for <TaskInstance: get_stocks_dag.MSFT scheduled__2024-02-28T00:00:00+00:00 [queued]>
[2024-04-02 13:08:22,037] {taskinstance.py:1356} INFO - 
--------------------------------------------------------------------------------
[2024-04-02 13:08:22,037] {taskinstance.py:1357} INFO - Starting attempt 1 of 1
[2024-04-02 13:08:22,037] {taskinstance.py:1358} INFO - 
--------------------------------------------------------------------------------
[2024-04-02 13:08:22,052] {taskinstance.py:1377} INFO - Executing <Task(_PythonDecoratedOperator): MSFT> on 2024-02-28 00:00:00+00:00
[2024-04-02 13:08:22,057] {standard_task_runner.py:52} INFO - Started process 11812 to run task
[2024-04-02 13:08:22,062] {standard_task_runner.py:79} INFO - Running: ['airflow', 'tasks', 'run', 'get_stocks_dag', 'MSFT', 'scheduled__2024-02-28T00:00:00+00:00', '--job-id', '172', '--raw', '--subdir', 'DAGS_FOLDER/get_stocks.py', '--cfg-path', '/tmp/tmpita9c3qe', '--error-file', '/tmp/tmp6u4xariv']
[2024-04-02 13:08:22,064] {standard_task_runner.py:80} INFO - Job 172: Subtask MSFT
[2024-04-02 13:08:22,139] {task_command.py:370} INFO - Running <TaskInstance: get_stocks_dag.MSFT scheduled__2024-02-28T00:00:00+00:00 [running]> on host alexmend-virtual-machine
[2024-04-02 13:08:22,217] {taskinstance.py:1569} INFO - Exporting the following env vars:
AIRFLOW_CTX_DAG_OWNER=airflow
AIRFLOW_CTX_DAG_ID=get_stocks_dag
AIRFLOW_CTX_TASK_ID=MSFT
AIRFLOW_CTX_EXECUTION_DATE=2024-02-28T00:00:00+00:00
AIRFLOW_CTX_TRY_NUMBER=1
AIRFLOW_CTX_DAG_RUN_ID=scheduled__2024-02-28T00:00:00+00:00
[2024-04-02 13:08:22,844] {python.py:173} INFO - Done. Returned value was: None
[2024-04-02 13:08:22,860] {taskinstance.py:1395} INFO - Marking task as SUCCESS. dag_id=get_stocks_dag, task_id=MSFT, execution_date=20240228T000000, start_date=20240402T160822, end_date=20240402T160822
[2024-04-02 13:08:22,927] {local_task_job.py:156} INFO - Task exited with return code 0
[2024-04-02 13:08:22,949] {local_task_job.py:273} INFO - 0 downstream tasks scheduled from follow-on schedule check
[2024-04-02 17:19:11,121] {taskinstance.py:1159} INFO - Dependencies all met for <TaskInstance: get_stocks_dag.MSFT scheduled__2024-02-28T00:00:00+00:00 [queued]>
[2024-04-02 17:19:11,273] {taskinstance.py:1159} INFO - Dependencies all met for <TaskInstance: get_stocks_dag.MSFT scheduled__2024-02-28T00:00:00+00:00 [queued]>
[2024-04-02 17:19:11,279] {taskinstance.py:1356} INFO - 
--------------------------------------------------------------------------------
[2024-04-02 17:19:11,282] {taskinstance.py:1357} INFO - Starting attempt 1 of 1
[2024-04-02 17:19:11,288] {taskinstance.py:1358} INFO - 
--------------------------------------------------------------------------------
[2024-04-02 17:19:11,507] {taskinstance.py:1377} INFO - Executing <Task(_PythonDecoratedOperator): MSFT> on 2024-02-28 00:00:00+00:00
[2024-04-02 17:19:11,540] {standard_task_runner.py:52} INFO - Started process 7670 to run task
[2024-04-02 17:19:11,657] {standard_task_runner.py:79} INFO - Running: ['airflow', 'tasks', 'run', 'get_stocks_dag', 'MSFT', 'scheduled__2024-02-28T00:00:00+00:00', '--job-id', '153', '--raw', '--subdir', 'DAGS_FOLDER/get_stocks.py', '--cfg-path', '/tmp/tmpmo52jkdr', '--error-file', '/tmp/tmpfz8b3a4q']
[2024-04-02 17:19:11,700] {standard_task_runner.py:80} INFO - Job 153: Subtask MSFT
[2024-04-02 17:19:12,491] {task_command.py:370} INFO - Running <TaskInstance: get_stocks_dag.MSFT scheduled__2024-02-28T00:00:00+00:00 [running]> on host alexmend-virtual-machine
[2024-04-02 17:19:13,171] {taskinstance.py:1569} INFO - Exporting the following env vars:
AIRFLOW_CTX_DAG_OWNER=airflow
AIRFLOW_CTX_DAG_ID=get_stocks_dag
AIRFLOW_CTX_TASK_ID=MSFT
AIRFLOW_CTX_EXECUTION_DATE=2024-02-28T00:00:00+00:00
AIRFLOW_CTX_TRY_NUMBER=1
AIRFLOW_CTX_DAG_RUN_ID=scheduled__2024-02-28T00:00:00+00:00
[2024-04-02 17:19:16,920] {python.py:173} INFO - Done. Returned value was: None
[2024-04-02 17:19:17,061] {taskinstance.py:1395} INFO - Marking task as SUCCESS. dag_id=get_stocks_dag, task_id=MSFT, execution_date=20240228T000000, start_date=20240402T201911, end_date=20240402T201917
[2024-04-02 17:19:17,204] {local_task_job.py:156} INFO - Task exited with return code 0
[2024-04-02 17:19:17,387] {local_task_job.py:273} INFO - 0 downstream tasks scheduled from follow-on schedule check
[2024-04-02 17:45:41,378] {taskinstance.py:1159} INFO - Dependencies all met for <TaskInstance: get_stocks_dag.MSFT scheduled__2024-02-28T00:00:00+00:00 [queued]>
[2024-04-02 17:45:41,392] {taskinstance.py:1159} INFO - Dependencies all met for <TaskInstance: get_stocks_dag.MSFT scheduled__2024-02-28T00:00:00+00:00 [queued]>
[2024-04-02 17:45:41,393] {taskinstance.py:1356} INFO - 
--------------------------------------------------------------------------------
[2024-04-02 17:45:41,393] {taskinstance.py:1357} INFO - Starting attempt 1 of 1
[2024-04-02 17:45:41,393] {taskinstance.py:1358} INFO - 
--------------------------------------------------------------------------------
[2024-04-02 17:45:41,409] {taskinstance.py:1377} INFO - Executing <Task(_PythonDecoratedOperator): MSFT> on 2024-02-28 00:00:00+00:00
[2024-04-02 17:45:41,415] {standard_task_runner.py:52} INFO - Started process 22668 to run task
[2024-04-02 17:45:41,423] {standard_task_runner.py:79} INFO - Running: ['airflow', 'tasks', 'run', 'get_stocks_dag', 'MSFT', 'scheduled__2024-02-28T00:00:00+00:00', '--job-id', '416', '--raw', '--subdir', 'DAGS_FOLDER/get_stocks.py', '--cfg-path', '/tmp/tmp_ukz68eg', '--error-file', '/tmp/tmpsbbs08av']
[2024-04-02 17:45:41,425] {standard_task_runner.py:80} INFO - Job 416: Subtask MSFT
[2024-04-02 17:45:41,550] {task_command.py:370} INFO - Running <TaskInstance: get_stocks_dag.MSFT scheduled__2024-02-28T00:00:00+00:00 [running]> on host alexmend-virtual-machine
[2024-04-02 17:45:41,663] {taskinstance.py:1569} INFO - Exporting the following env vars:
AIRFLOW_CTX_DAG_OWNER=airflow
AIRFLOW_CTX_DAG_ID=get_stocks_dag
AIRFLOW_CTX_TASK_ID=MSFT
AIRFLOW_CTX_EXECUTION_DATE=2024-02-28T00:00:00+00:00
AIRFLOW_CTX_TRY_NUMBER=1
AIRFLOW_CTX_DAG_RUN_ID=scheduled__2024-02-28T00:00:00+00:00
[2024-04-02 17:45:42,286] {python.py:173} INFO - Done. Returned value was: None
[2024-04-02 17:45:42,314] {taskinstance.py:1395} INFO - Marking task as SUCCESS. dag_id=get_stocks_dag, task_id=MSFT, execution_date=20240228T000000, start_date=20240402T204541, end_date=20240402T204542
[2024-04-02 17:45:42,369] {local_task_job.py:156} INFO - Task exited with return code 0
[2024-04-02 17:45:42,426] {local_task_job.py:273} INFO - 0 downstream tasks scheduled from follow-on schedule check
[2024-04-02 19:13:57,803] {taskinstance.py:1159} INFO - Dependencies all met for <TaskInstance: get_stocks_dag.MSFT scheduled__2024-02-28T00:00:00+00:00 [queued]>
[2024-04-02 19:13:57,890] {taskinstance.py:1159} INFO - Dependencies all met for <TaskInstance: get_stocks_dag.MSFT scheduled__2024-02-28T00:00:00+00:00 [queued]>
[2024-04-02 19:13:57,891] {taskinstance.py:1356} INFO - 
--------------------------------------------------------------------------------
[2024-04-02 19:13:57,891] {taskinstance.py:1357} INFO - Starting attempt 1 of 1
[2024-04-02 19:13:57,891] {taskinstance.py:1358} INFO - 
--------------------------------------------------------------------------------
[2024-04-02 19:13:57,949] {taskinstance.py:1377} INFO - Executing <Task(_PythonDecoratedOperator): MSFT> on 2024-02-28 00:00:00+00:00
[2024-04-02 19:13:57,967] {standard_task_runner.py:52} INFO - Started process 13258 to run task
[2024-04-02 19:13:57,992] {standard_task_runner.py:79} INFO - Running: ['airflow', 'tasks', 'run', 'get_stocks_dag', 'MSFT', 'scheduled__2024-02-28T00:00:00+00:00', '--job-id', '517', '--raw', '--subdir', 'DAGS_FOLDER/get_stocks.py', '--cfg-path', '/tmp/tmpqt4jfmev', '--error-file', '/tmp/tmpgwm29d4e']
[2024-04-02 19:13:57,996] {standard_task_runner.py:80} INFO - Job 517: Subtask MSFT
[2024-04-02 19:13:58,247] {task_command.py:370} INFO - Running <TaskInstance: get_stocks_dag.MSFT scheduled__2024-02-28T00:00:00+00:00 [running]> on host alexmend-virtual-machine
[2024-04-02 19:13:58,467] {taskinstance.py:1569} INFO - Exporting the following env vars:
AIRFLOW_CTX_DAG_OWNER=airflow
AIRFLOW_CTX_DAG_ID=get_stocks_dag
AIRFLOW_CTX_TASK_ID=MSFT
AIRFLOW_CTX_EXECUTION_DATE=2024-02-28T00:00:00+00:00
AIRFLOW_CTX_TRY_NUMBER=1
AIRFLOW_CTX_DAG_RUN_ID=scheduled__2024-02-28T00:00:00+00:00
[2024-04-02 19:13:59,923] {python.py:173} INFO - Done. Returned value was: None
[2024-04-02 19:13:59,967] {taskinstance.py:1395} INFO - Marking task as SUCCESS. dag_id=get_stocks_dag, task_id=MSFT, execution_date=20240228T000000, start_date=20240402T221357, end_date=20240402T221359
[2024-04-02 19:14:00,097] {local_task_job.py:156} INFO - Task exited with return code 0
[2024-04-02 19:14:00,273] {local_task_job.py:273} INFO - 0 downstream tasks scheduled from follow-on schedule check
[2024-04-02 20:37:44,152] {taskinstance.py:1159} INFO - Dependencies all met for <TaskInstance: get_stocks_dag.MSFT scheduled__2024-02-28T00:00:00+00:00 [queued]>
[2024-04-02 20:37:44,183] {taskinstance.py:1159} INFO - Dependencies all met for <TaskInstance: get_stocks_dag.MSFT scheduled__2024-02-28T00:00:00+00:00 [queued]>
[2024-04-02 20:37:44,184] {taskinstance.py:1356} INFO - 
--------------------------------------------------------------------------------
[2024-04-02 20:37:44,186] {taskinstance.py:1357} INFO - Starting attempt 1 of 1
[2024-04-02 20:37:44,186] {taskinstance.py:1358} INFO - 
--------------------------------------------------------------------------------
[2024-04-02 20:37:44,234] {taskinstance.py:1377} INFO - Executing <Task(_PythonDecoratedOperator): MSFT> on 2024-02-28 00:00:00+00:00
[2024-04-02 20:37:44,252] {standard_task_runner.py:52} INFO - Started process 24608 to run task
[2024-04-02 20:37:44,275] {standard_task_runner.py:79} INFO - Running: ['airflow', 'tasks', 'run', 'get_stocks_dag', 'MSFT', 'scheduled__2024-02-28T00:00:00+00:00', '--job-id', '617', '--raw', '--subdir', 'DAGS_FOLDER/get_stocks.py', '--cfg-path', '/tmp/tmpt7w90jzs', '--error-file', '/tmp/tmpgldpawnn']
[2024-04-02 20:37:44,279] {standard_task_runner.py:80} INFO - Job 617: Subtask MSFT
[2024-04-02 20:37:44,658] {task_command.py:370} INFO - Running <TaskInstance: get_stocks_dag.MSFT scheduled__2024-02-28T00:00:00+00:00 [running]> on host alexmend-virtual-machine
[2024-04-02 20:37:45,186] {taskinstance.py:1569} INFO - Exporting the following env vars:
AIRFLOW_CTX_DAG_OWNER=airflow
AIRFLOW_CTX_DAG_ID=get_stocks_dag
AIRFLOW_CTX_TASK_ID=MSFT
AIRFLOW_CTX_EXECUTION_DATE=2024-02-28T00:00:00+00:00
AIRFLOW_CTX_TRY_NUMBER=1
AIRFLOW_CTX_DAG_RUN_ID=scheduled__2024-02-28T00:00:00+00:00
[2024-04-02 20:37:46,249] {python.py:173} INFO - Done. Returned value was: None
[2024-04-02 20:37:46,656] {taskinstance.py:1395} INFO - Marking task as SUCCESS. dag_id=get_stocks_dag, task_id=MSFT, execution_date=20240228T000000, start_date=20240402T233744, end_date=20240402T233746
[2024-04-02 20:37:46,852] {local_task_job.py:156} INFO - Task exited with return code 0
[2024-04-02 20:37:47,194] {local_task_job.py:273} INFO - 0 downstream tasks scheduled from follow-on schedule check
[2024-04-02 21:44:11,675] {taskinstance.py:1159} INFO - Dependencies all met for <TaskInstance: get_stocks_dag.MSFT scheduled__2024-02-28T00:00:00+00:00 [queued]>
[2024-04-02 21:44:11,822] {taskinstance.py:1159} INFO - Dependencies all met for <TaskInstance: get_stocks_dag.MSFT scheduled__2024-02-28T00:00:00+00:00 [queued]>
[2024-04-02 21:44:11,822] {taskinstance.py:1356} INFO - 
--------------------------------------------------------------------------------
[2024-04-02 21:44:11,823] {taskinstance.py:1357} INFO - Starting attempt 1 of 1
[2024-04-02 21:44:11,823] {taskinstance.py:1358} INFO - 
--------------------------------------------------------------------------------
[2024-04-02 21:44:11,894] {taskinstance.py:1377} INFO - Executing <Task(_PythonDecoratedOperator): MSFT> on 2024-02-28 00:00:00+00:00
[2024-04-02 21:44:11,926] {standard_task_runner.py:52} INFO - Started process 46422 to run task
[2024-04-02 21:44:11,964] {standard_task_runner.py:79} INFO - Running: ['airflow', 'tasks', 'run', 'get_stocks_dag', 'MSFT', 'scheduled__2024-02-28T00:00:00+00:00', '--job-id', '728', '--raw', '--subdir', 'DAGS_FOLDER/get_stocks.py', '--cfg-path', '/tmp/tmp_404r_4y', '--error-file', '/tmp/tmput_qnkc6']
[2024-04-02 21:44:11,967] {standard_task_runner.py:80} INFO - Job 728: Subtask MSFT
[2024-04-02 21:44:12,546] {task_command.py:370} INFO - Running <TaskInstance: get_stocks_dag.MSFT scheduled__2024-02-28T00:00:00+00:00 [running]> on host alexmend-virtual-machine
[2024-04-02 21:44:13,091] {taskinstance.py:1569} INFO - Exporting the following env vars:
AIRFLOW_CTX_DAG_OWNER=airflow
AIRFLOW_CTX_DAG_ID=get_stocks_dag
AIRFLOW_CTX_TASK_ID=MSFT
AIRFLOW_CTX_EXECUTION_DATE=2024-02-28T00:00:00+00:00
AIRFLOW_CTX_TRY_NUMBER=1
AIRFLOW_CTX_DAG_RUN_ID=scheduled__2024-02-28T00:00:00+00:00
[2024-04-02 21:44:24,145] {python.py:173} INFO - Done. Returned value was: None
[2024-04-02 21:44:24,183] {taskinstance.py:1395} INFO - Marking task as SUCCESS. dag_id=get_stocks_dag, task_id=MSFT, execution_date=20240228T000000, start_date=20240403T004411, end_date=20240403T004424
[2024-04-02 21:44:24,256] {local_task_job.py:156} INFO - Task exited with return code 0
[2024-04-02 21:44:24,419] {local_task_job.py:273} INFO - 0 downstream tasks scheduled from follow-on schedule check
[2024-04-02 22:48:28,791] {taskinstance.py:1159} INFO - Dependencies all met for <TaskInstance: get_stocks_dag.MSFT scheduled__2024-02-28T00:00:00+00:00 [queued]>
[2024-04-02 22:48:28,856] {taskinstance.py:1159} INFO - Dependencies all met for <TaskInstance: get_stocks_dag.MSFT scheduled__2024-02-28T00:00:00+00:00 [queued]>
[2024-04-02 22:48:28,857] {taskinstance.py:1356} INFO - 
--------------------------------------------------------------------------------
[2024-04-02 22:48:28,858] {taskinstance.py:1357} INFO - Starting attempt 1 of 1
[2024-04-02 22:48:28,858] {taskinstance.py:1358} INFO - 
--------------------------------------------------------------------------------
[2024-04-02 22:48:28,922] {taskinstance.py:1377} INFO - Executing <Task(_PythonDecoratedOperator): MSFT> on 2024-02-28 00:00:00+00:00
[2024-04-02 22:48:28,943] {standard_task_runner.py:52} INFO - Started process 69995 to run task
[2024-04-02 22:48:29,041] {standard_task_runner.py:79} INFO - Running: ['airflow', 'tasks', 'run', 'get_stocks_dag', 'MSFT', 'scheduled__2024-02-28T00:00:00+00:00', '--job-id', '984', '--raw', '--subdir', 'DAGS_FOLDER/get_stocks.py', '--cfg-path', '/tmp/tmpf7hu8_7g', '--error-file', '/tmp/tmp3ucc8at2']
[2024-04-02 22:48:29,048] {standard_task_runner.py:80} INFO - Job 984: Subtask MSFT
[2024-04-02 22:48:29,376] {task_command.py:370} INFO - Running <TaskInstance: get_stocks_dag.MSFT scheduled__2024-02-28T00:00:00+00:00 [running]> on host alexmend-virtual-machine
[2024-04-02 22:48:29,764] {taskinstance.py:1569} INFO - Exporting the following env vars:
AIRFLOW_CTX_DAG_OWNER=airflow
AIRFLOW_CTX_DAG_ID=get_stocks_dag
AIRFLOW_CTX_TASK_ID=MSFT
AIRFLOW_CTX_EXECUTION_DATE=2024-02-28T00:00:00+00:00
AIRFLOW_CTX_TRY_NUMBER=1
AIRFLOW_CTX_DAG_RUN_ID=scheduled__2024-02-28T00:00:00+00:00
[2024-04-02 22:48:40,719] {python.py:173} INFO - Done. Returned value was: None
[2024-04-02 22:48:40,897] {taskinstance.py:1395} INFO - Marking task as SUCCESS. dag_id=get_stocks_dag, task_id=MSFT, execution_date=20240228T000000, start_date=20240403T014828, end_date=20240403T014840
[2024-04-02 22:48:41,013] {local_task_job.py:156} INFO - Task exited with return code 0
[2024-04-02 22:48:41,097] {local_task_job.py:273} INFO - 0 downstream tasks scheduled from follow-on schedule check
