[2024-04-02 13:07:01,274] {taskinstance.py:1159} INFO - Dependencies all met for <TaskInstance: get_stocks_dag.MSFT scheduled__2024-02-21T00:00:00+00:00 [queued]>
[2024-04-02 13:07:01,283] {taskinstance.py:1159} INFO - Dependencies all met for <TaskInstance: get_stocks_dag.MSFT scheduled__2024-02-21T00:00:00+00:00 [queued]>
[2024-04-02 13:07:01,283] {taskinstance.py:1356} INFO - 
--------------------------------------------------------------------------------
[2024-04-02 13:07:01,283] {taskinstance.py:1357} INFO - Starting attempt 1 of 1
[2024-04-02 13:07:01,284] {taskinstance.py:1358} INFO - 
--------------------------------------------------------------------------------
[2024-04-02 13:07:01,299] {taskinstance.py:1377} INFO - Executing <Task(_PythonDecoratedOperator): MSFT> on 2024-02-21 00:00:00+00:00
[2024-04-02 13:07:01,305] {standard_task_runner.py:52} INFO - Started process 11337 to run task
[2024-04-02 13:07:01,311] {standard_task_runner.py:79} INFO - Running: ['airflow', 'tasks', 'run', 'get_stocks_dag', 'MSFT', 'scheduled__2024-02-21T00:00:00+00:00', '--job-id', '152', '--raw', '--subdir', 'DAGS_FOLDER/get_stocks.py', '--cfg-path', '/tmp/tmp_5t_4tq6', '--error-file', '/tmp/tmp86jivjiv']
[2024-04-02 13:07:01,312] {standard_task_runner.py:80} INFO - Job 152: Subtask MSFT
[2024-04-02 13:07:01,376] {task_command.py:370} INFO - Running <TaskInstance: get_stocks_dag.MSFT scheduled__2024-02-21T00:00:00+00:00 [running]> on host alexmend-virtual-machine
[2024-04-02 13:07:01,467] {taskinstance.py:1569} INFO - Exporting the following env vars:
AIRFLOW_CTX_DAG_OWNER=airflow
AIRFLOW_CTX_DAG_ID=get_stocks_dag
AIRFLOW_CTX_TASK_ID=MSFT
AIRFLOW_CTX_EXECUTION_DATE=2024-02-21T00:00:00+00:00
AIRFLOW_CTX_TRY_NUMBER=1
AIRFLOW_CTX_DAG_RUN_ID=scheduled__2024-02-21T00:00:00+00:00
[2024-04-02 13:07:02,306] {python.py:173} INFO - Done. Returned value was: None
[2024-04-02 13:07:02,321] {taskinstance.py:1395} INFO - Marking task as SUCCESS. dag_id=get_stocks_dag, task_id=MSFT, execution_date=20240221T000000, start_date=20240402T160701, end_date=20240402T160702
[2024-04-02 13:07:02,374] {local_task_job.py:156} INFO - Task exited with return code 0
[2024-04-02 13:07:02,397] {local_task_job.py:273} INFO - 0 downstream tasks scheduled from follow-on schedule check
[2024-04-02 17:18:53,761] {taskinstance.py:1159} INFO - Dependencies all met for <TaskInstance: get_stocks_dag.MSFT scheduled__2024-02-21T00:00:00+00:00 [queued]>
[2024-04-02 17:18:53,834] {taskinstance.py:1159} INFO - Dependencies all met for <TaskInstance: get_stocks_dag.MSFT scheduled__2024-02-21T00:00:00+00:00 [queued]>
[2024-04-02 17:18:53,834] {taskinstance.py:1356} INFO - 
--------------------------------------------------------------------------------
[2024-04-02 17:18:53,835] {taskinstance.py:1357} INFO - Starting attempt 1 of 1
[2024-04-02 17:18:53,835] {taskinstance.py:1358} INFO - 
--------------------------------------------------------------------------------
[2024-04-02 17:18:53,920] {taskinstance.py:1377} INFO - Executing <Task(_PythonDecoratedOperator): MSFT> on 2024-02-21 00:00:00+00:00
[2024-04-02 17:18:54,043] {standard_task_runner.py:52} INFO - Started process 7214 to run task
[2024-04-02 17:18:54,284] {standard_task_runner.py:79} INFO - Running: ['airflow', 'tasks', 'run', 'get_stocks_dag', 'MSFT', 'scheduled__2024-02-21T00:00:00+00:00', '--job-id', '135', '--raw', '--subdir', 'DAGS_FOLDER/get_stocks.py', '--cfg-path', '/tmp/tmp6neldnmz', '--error-file', '/tmp/tmp6rmccxe5']
[2024-04-02 17:18:54,286] {standard_task_runner.py:80} INFO - Job 135: Subtask MSFT
[2024-04-02 17:18:55,182] {task_command.py:370} INFO - Running <TaskInstance: get_stocks_dag.MSFT scheduled__2024-02-21T00:00:00+00:00 [running]> on host alexmend-virtual-machine
[2024-04-02 17:18:55,914] {taskinstance.py:1569} INFO - Exporting the following env vars:
AIRFLOW_CTX_DAG_OWNER=airflow
AIRFLOW_CTX_DAG_ID=get_stocks_dag
AIRFLOW_CTX_TASK_ID=MSFT
AIRFLOW_CTX_EXECUTION_DATE=2024-02-21T00:00:00+00:00
AIRFLOW_CTX_TRY_NUMBER=1
AIRFLOW_CTX_DAG_RUN_ID=scheduled__2024-02-21T00:00:00+00:00
[2024-04-02 17:18:56,999] {python.py:173} INFO - Done. Returned value was: None
[2024-04-02 17:18:57,144] {taskinstance.py:1395} INFO - Marking task as SUCCESS. dag_id=get_stocks_dag, task_id=MSFT, execution_date=20240221T000000, start_date=20240402T201853, end_date=20240402T201857
[2024-04-02 17:18:57,310] {local_task_job.py:156} INFO - Task exited with return code 0
[2024-04-02 17:18:57,622] {local_task_job.py:273} INFO - 0 downstream tasks scheduled from follow-on schedule check
[2024-04-02 17:45:15,956] {taskinstance.py:1159} INFO - Dependencies all met for <TaskInstance: get_stocks_dag.MSFT scheduled__2024-02-21T00:00:00+00:00 [queued]>
[2024-04-02 17:45:15,970] {taskinstance.py:1159} INFO - Dependencies all met for <TaskInstance: get_stocks_dag.MSFT scheduled__2024-02-21T00:00:00+00:00 [queued]>
[2024-04-02 17:45:15,970] {taskinstance.py:1356} INFO - 
--------------------------------------------------------------------------------
[2024-04-02 17:45:15,970] {taskinstance.py:1357} INFO - Starting attempt 1 of 1
[2024-04-02 17:45:15,970] {taskinstance.py:1358} INFO - 
--------------------------------------------------------------------------------
[2024-04-02 17:45:15,994] {taskinstance.py:1377} INFO - Executing <Task(_PythonDecoratedOperator): MSFT> on 2024-02-21 00:00:00+00:00
[2024-04-02 17:45:16,000] {standard_task_runner.py:52} INFO - Started process 22079 to run task
[2024-04-02 17:45:16,008] {standard_task_runner.py:79} INFO - Running: ['airflow', 'tasks', 'run', 'get_stocks_dag', 'MSFT', 'scheduled__2024-02-21T00:00:00+00:00', '--job-id', '397', '--raw', '--subdir', 'DAGS_FOLDER/get_stocks.py', '--cfg-path', '/tmp/tmp5eos66p7', '--error-file', '/tmp/tmp5uuyvmgu']
[2024-04-02 17:45:16,010] {standard_task_runner.py:80} INFO - Job 397: Subtask MSFT
[2024-04-02 17:45:16,108] {task_command.py:370} INFO - Running <TaskInstance: get_stocks_dag.MSFT scheduled__2024-02-21T00:00:00+00:00 [running]> on host alexmend-virtual-machine
[2024-04-02 17:45:16,212] {taskinstance.py:1569} INFO - Exporting the following env vars:
AIRFLOW_CTX_DAG_OWNER=airflow
AIRFLOW_CTX_DAG_ID=get_stocks_dag
AIRFLOW_CTX_TASK_ID=MSFT
AIRFLOW_CTX_EXECUTION_DATE=2024-02-21T00:00:00+00:00
AIRFLOW_CTX_TRY_NUMBER=1
AIRFLOW_CTX_DAG_RUN_ID=scheduled__2024-02-21T00:00:00+00:00
[2024-04-02 17:45:16,818] {python.py:173} INFO - Done. Returned value was: None
[2024-04-02 17:45:16,839] {taskinstance.py:1395} INFO - Marking task as SUCCESS. dag_id=get_stocks_dag, task_id=MSFT, execution_date=20240221T000000, start_date=20240402T204515, end_date=20240402T204516
[2024-04-02 17:45:16,904] {local_task_job.py:156} INFO - Task exited with return code 0
[2024-04-02 17:45:16,967] {local_task_job.py:273} INFO - 0 downstream tasks scheduled from follow-on schedule check
