[2024-04-02 21:54:52,487] {taskinstance.py:1159} INFO - Dependencies all met for <TaskInstance: get_crypto_dag.BTC scheduled__2024-03-13T00:00:00+00:00 [queued]>
[2024-04-02 21:54:52,519] {taskinstance.py:1159} INFO - Dependencies all met for <TaskInstance: get_crypto_dag.BTC scheduled__2024-03-13T00:00:00+00:00 [queued]>
[2024-04-02 21:54:52,520] {taskinstance.py:1356} INFO - 
--------------------------------------------------------------------------------
[2024-04-02 21:54:52,520] {taskinstance.py:1357} INFO - Starting attempt 1 of 1
[2024-04-02 21:54:52,520] {taskinstance.py:1358} INFO - 
--------------------------------------------------------------------------------
[2024-04-02 21:54:52,566] {taskinstance.py:1377} INFO - Executing <Task(_PythonDecoratedOperator): BTC> on 2024-03-13 00:00:00+00:00
[2024-04-02 21:54:52,586] {standard_task_runner.py:52} INFO - Started process 53829 to run task
[2024-04-02 21:54:52,642] {standard_task_runner.py:79} INFO - Running: ['airflow', 'tasks', 'run', 'get_crypto_dag', 'BTC', 'scheduled__2024-03-13T00:00:00+00:00', '--job-id', '859', '--raw', '--subdir', 'DAGS_FOLDER/get_crypto.py', '--cfg-path', '/tmp/tmpi9cia8g8', '--error-file', '/tmp/tmp59_8z5od']
[2024-04-02 21:54:52,644] {standard_task_runner.py:80} INFO - Job 859: Subtask BTC
[2024-04-02 21:54:52,921] {task_command.py:370} INFO - Running <TaskInstance: get_crypto_dag.BTC scheduled__2024-03-13T00:00:00+00:00 [running]> on host alexmend-virtual-machine
[2024-04-02 21:54:53,235] {taskinstance.py:1569} INFO - Exporting the following env vars:
AIRFLOW_CTX_DAG_OWNER=airflow
AIRFLOW_CTX_DAG_ID=get_crypto_dag
AIRFLOW_CTX_TASK_ID=BTC
AIRFLOW_CTX_EXECUTION_DATE=2024-03-13T00:00:00+00:00
AIRFLOW_CTX_TRY_NUMBER=1
AIRFLOW_CTX_DAG_RUN_ID=scheduled__2024-03-13T00:00:00+00:00
[2024-04-02 21:54:53,916] {history.py:222} ERROR - BTC: No price data found, symbol may be delisted (1h 2024-03-12 -> 2024-03-13)
[2024-04-02 21:55:03,924] {python.py:173} INFO - Done. Returned value was: None
[2024-04-02 21:55:03,971] {taskinstance.py:1395} INFO - Marking task as SUCCESS. dag_id=get_crypto_dag, task_id=BTC, execution_date=20240313T000000, start_date=20240403T005452, end_date=20240403T005503
[2024-04-02 21:55:04,022] {local_task_job.py:156} INFO - Task exited with return code 0
[2024-04-02 21:55:04,081] {local_task_job.py:273} INFO - 0 downstream tasks scheduled from follow-on schedule check
[2024-04-02 23:03:16,163] {taskinstance.py:1159} INFO - Dependencies all met for <TaskInstance: get_crypto_dag.BTC scheduled__2024-03-13T00:00:00+00:00 [queued]>
[2024-04-02 23:03:16,181] {taskinstance.py:1159} INFO - Dependencies all met for <TaskInstance: get_crypto_dag.BTC scheduled__2024-03-13T00:00:00+00:00 [queued]>
[2024-04-02 23:03:16,182] {taskinstance.py:1356} INFO - 
--------------------------------------------------------------------------------
[2024-04-02 23:03:16,183] {taskinstance.py:1357} INFO - Starting attempt 1 of 1
[2024-04-02 23:03:16,183] {taskinstance.py:1358} INFO - 
--------------------------------------------------------------------------------
[2024-04-02 23:03:16,216] {taskinstance.py:1377} INFO - Executing <Task(_PythonDecoratedOperator): BTC> on 2024-03-13 00:00:00+00:00
[2024-04-02 23:03:16,225] {standard_task_runner.py:52} INFO - Started process 77520 to run task
[2024-04-02 23:03:16,234] {standard_task_runner.py:79} INFO - Running: ['airflow', 'tasks', 'run', 'get_crypto_dag', 'BTC', 'scheduled__2024-03-13T00:00:00+00:00', '--job-id', '1082', '--raw', '--subdir', 'DAGS_FOLDER/get_crypto.py', '--cfg-path', '/tmp/tmp7wtelpcb', '--error-file', '/tmp/tmp4qjlxbmd']
[2024-04-02 23:03:16,240] {standard_task_runner.py:80} INFO - Job 1082: Subtask BTC
[2024-04-02 23:03:16,435] {task_command.py:370} INFO - Running <TaskInstance: get_crypto_dag.BTC scheduled__2024-03-13T00:00:00+00:00 [running]> on host alexmend-virtual-machine
[2024-04-02 23:03:16,645] {taskinstance.py:1569} INFO - Exporting the following env vars:
AIRFLOW_CTX_DAG_OWNER=airflow
AIRFLOW_CTX_DAG_ID=get_crypto_dag
AIRFLOW_CTX_TASK_ID=BTC
AIRFLOW_CTX_EXECUTION_DATE=2024-03-13T00:00:00+00:00
AIRFLOW_CTX_TRY_NUMBER=1
AIRFLOW_CTX_DAG_RUN_ID=scheduled__2024-03-13T00:00:00+00:00
[2024-04-02 23:03:17,367] {history.py:222} ERROR - BTC: No price data found, symbol may be delisted (1h 2024-03-12 -> 2024-03-13)
[2024-04-02 23:03:27,392] {python.py:173} INFO - Done. Returned value was: None
[2024-04-02 23:03:27,432] {taskinstance.py:1395} INFO - Marking task as SUCCESS. dag_id=get_crypto_dag, task_id=BTC, execution_date=20240313T000000, start_date=20240403T020316, end_date=20240403T020327
[2024-04-02 23:03:27,499] {local_task_job.py:156} INFO - Task exited with return code 0
[2024-04-02 23:03:27,582] {local_task_job.py:273} INFO - 0 downstream tasks scheduled from follow-on schedule check
