[2024-04-02 21:59:09,504] {taskinstance.py:1159} INFO - Dependencies all met for <TaskInstance: get_crypto_dag.BTC scheduled__2024-03-21T00:00:00+00:00 [queued]>
[2024-04-02 21:59:09,530] {taskinstance.py:1159} INFO - Dependencies all met for <TaskInstance: get_crypto_dag.BTC scheduled__2024-03-21T00:00:00+00:00 [queued]>
[2024-04-02 21:59:09,530] {taskinstance.py:1356} INFO - 
--------------------------------------------------------------------------------
[2024-04-02 21:59:09,530] {taskinstance.py:1357} INFO - Starting attempt 1 of 1
[2024-04-02 21:59:09,531] {taskinstance.py:1358} INFO - 
--------------------------------------------------------------------------------
[2024-04-02 21:59:09,590] {taskinstance.py:1377} INFO - Executing <Task(_PythonDecoratedOperator): BTC> on 2024-03-21 00:00:00+00:00
[2024-04-02 21:59:09,604] {standard_task_runner.py:52} INFO - Started process 57221 to run task
[2024-04-02 21:59:09,614] {standard_task_runner.py:79} INFO - Running: ['airflow', 'tasks', 'run', 'get_crypto_dag', 'BTC', 'scheduled__2024-03-21T00:00:00+00:00', '--job-id', '918', '--raw', '--subdir', 'DAGS_FOLDER/get_crypto.py', '--cfg-path', '/tmp/tmp4vdjj7bv', '--error-file', '/tmp/tmpidozn02p']
[2024-04-02 21:59:09,618] {standard_task_runner.py:80} INFO - Job 918: Subtask BTC
[2024-04-02 21:59:09,751] {task_command.py:370} INFO - Running <TaskInstance: get_crypto_dag.BTC scheduled__2024-03-21T00:00:00+00:00 [running]> on host alexmend-virtual-machine
[2024-04-02 21:59:09,899] {taskinstance.py:1569} INFO - Exporting the following env vars:
AIRFLOW_CTX_DAG_OWNER=airflow
AIRFLOW_CTX_DAG_ID=get_crypto_dag
AIRFLOW_CTX_TASK_ID=BTC
AIRFLOW_CTX_EXECUTION_DATE=2024-03-21T00:00:00+00:00
AIRFLOW_CTX_TRY_NUMBER=1
AIRFLOW_CTX_DAG_RUN_ID=scheduled__2024-03-21T00:00:00+00:00
[2024-04-02 21:59:10,606] {history.py:222} ERROR - BTC: No price data found, symbol may be delisted (1h 2024-03-20 -> 2024-03-21)
[2024-04-02 21:59:20,626] {python.py:173} INFO - Done. Returned value was: None
[2024-04-02 21:59:20,673] {taskinstance.py:1395} INFO - Marking task as SUCCESS. dag_id=get_crypto_dag, task_id=BTC, execution_date=20240321T000000, start_date=20240403T005909, end_date=20240403T005920
[2024-04-02 21:59:20,741] {local_task_job.py:156} INFO - Task exited with return code 0
[2024-04-02 21:59:20,806] {local_task_job.py:273} INFO - 0 downstream tasks scheduled from follow-on schedule check
[2024-04-02 23:09:42,689] {taskinstance.py:1159} INFO - Dependencies all met for <TaskInstance: get_crypto_dag.BTC scheduled__2024-03-21T00:00:00+00:00 [queued]>
[2024-04-02 23:09:42,707] {taskinstance.py:1159} INFO - Dependencies all met for <TaskInstance: get_crypto_dag.BTC scheduled__2024-03-21T00:00:00+00:00 [queued]>
[2024-04-02 23:09:42,707] {taskinstance.py:1356} INFO - 
--------------------------------------------------------------------------------
[2024-04-02 23:09:42,708] {taskinstance.py:1357} INFO - Starting attempt 1 of 1
[2024-04-02 23:09:42,708] {taskinstance.py:1358} INFO - 
--------------------------------------------------------------------------------
[2024-04-02 23:09:42,739] {taskinstance.py:1377} INFO - Executing <Task(_PythonDecoratedOperator): BTC> on 2024-03-21 00:00:00+00:00
[2024-04-02 23:09:42,749] {standard_task_runner.py:52} INFO - Started process 81287 to run task
[2024-04-02 23:09:42,758] {standard_task_runner.py:79} INFO - Running: ['airflow', 'tasks', 'run', 'get_crypto_dag', 'BTC', 'scheduled__2024-03-21T00:00:00+00:00', '--job-id', '1133', '--raw', '--subdir', 'DAGS_FOLDER/get_crypto.py', '--cfg-path', '/tmp/tmp_vxtx_0r', '--error-file', '/tmp/tmpvllwunbj']
[2024-04-02 23:09:42,762] {standard_task_runner.py:80} INFO - Job 1133: Subtask BTC
[2024-04-02 23:09:42,942] {task_command.py:370} INFO - Running <TaskInstance: get_crypto_dag.BTC scheduled__2024-03-21T00:00:00+00:00 [running]> on host alexmend-virtual-machine
[2024-04-02 23:09:43,173] {taskinstance.py:1569} INFO - Exporting the following env vars:
AIRFLOW_CTX_DAG_OWNER=airflow
AIRFLOW_CTX_DAG_ID=get_crypto_dag
AIRFLOW_CTX_TASK_ID=BTC
AIRFLOW_CTX_EXECUTION_DATE=2024-03-21T00:00:00+00:00
AIRFLOW_CTX_TRY_NUMBER=1
AIRFLOW_CTX_DAG_RUN_ID=scheduled__2024-03-21T00:00:00+00:00
[2024-04-02 23:09:43,781] {history.py:222} ERROR - BTC: No price data found, symbol may be delisted (1h 2024-03-20 -> 2024-03-21)
[2024-04-02 23:09:53,811] {python.py:173} INFO - Done. Returned value was: None
[2024-04-02 23:09:53,921] {taskinstance.py:1395} INFO - Marking task as SUCCESS. dag_id=get_crypto_dag, task_id=BTC, execution_date=20240321T000000, start_date=20240403T020942, end_date=20240403T020953
[2024-04-02 23:09:54,016] {local_task_job.py:156} INFO - Task exited with return code 0
[2024-04-02 23:09:54,123] {local_task_job.py:273} INFO - 0 downstream tasks scheduled from follow-on schedule check
