[2024-04-02 21:51:24,763] {taskinstance.py:1159} INFO - Dependencies all met for <TaskInstance: get_crypto_dag.DOGE scheduled__2024-03-09T00:00:00+00:00 [queued]>
[2024-04-02 21:51:24,782] {taskinstance.py:1159} INFO - Dependencies all met for <TaskInstance: get_crypto_dag.DOGE scheduled__2024-03-09T00:00:00+00:00 [queued]>
[2024-04-02 21:51:24,783] {taskinstance.py:1356} INFO - 
--------------------------------------------------------------------------------
[2024-04-02 21:51:24,783] {taskinstance.py:1357} INFO - Starting attempt 1 of 1
[2024-04-02 21:51:24,783] {taskinstance.py:1358} INFO - 
--------------------------------------------------------------------------------
[2024-04-02 21:51:24,815] {taskinstance.py:1377} INFO - Executing <Task(_PythonDecoratedOperator): DOGE> on 2024-03-09 00:00:00+00:00
[2024-04-02 21:51:24,826] {standard_task_runner.py:52} INFO - Started process 51960 to run task
[2024-04-02 21:51:24,840] {standard_task_runner.py:79} INFO - Running: ['airflow', 'tasks', 'run', 'get_crypto_dag', 'DOGE', 'scheduled__2024-03-09T00:00:00+00:00', '--job-id', '828', '--raw', '--subdir', 'DAGS_FOLDER/get_crypto.py', '--cfg-path', '/tmp/tmpx3x32d5p', '--error-file', '/tmp/tmpjutb2yb2']
[2024-04-02 21:51:24,843] {standard_task_runner.py:80} INFO - Job 828: Subtask DOGE
[2024-04-02 21:51:25,022] {task_command.py:370} INFO - Running <TaskInstance: get_crypto_dag.DOGE scheduled__2024-03-09T00:00:00+00:00 [running]> on host alexmend-virtual-machine
[2024-04-02 21:51:25,166] {taskinstance.py:1569} INFO - Exporting the following env vars:
AIRFLOW_CTX_DAG_OWNER=airflow
AIRFLOW_CTX_DAG_ID=get_crypto_dag
AIRFLOW_CTX_TASK_ID=DOGE
AIRFLOW_CTX_EXECUTION_DATE=2024-03-09T00:00:00+00:00
AIRFLOW_CTX_TRY_NUMBER=1
AIRFLOW_CTX_DAG_RUN_ID=scheduled__2024-03-09T00:00:00+00:00
[2024-04-02 21:51:28,963] {history.py:90} ERROR - DOGE: No timezone found, symbol may be delisted
[2024-04-02 21:51:38,977] {python.py:173} INFO - Done. Returned value was: None
[2024-04-02 21:51:39,033] {taskinstance.py:1395} INFO - Marking task as SUCCESS. dag_id=get_crypto_dag, task_id=DOGE, execution_date=20240309T000000, start_date=20240403T005124, end_date=20240403T005139
[2024-04-02 21:51:39,095] {local_task_job.py:156} INFO - Task exited with return code 0
[2024-04-02 21:51:39,167] {local_task_job.py:273} INFO - 0 downstream tasks scheduled from follow-on schedule check
[2024-04-02 22:59:52,017] {taskinstance.py:1159} INFO - Dependencies all met for <TaskInstance: get_crypto_dag.DOGE scheduled__2024-03-09T00:00:00+00:00 [queued]>
[2024-04-02 22:59:52,042] {taskinstance.py:1159} INFO - Dependencies all met for <TaskInstance: get_crypto_dag.DOGE scheduled__2024-03-09T00:00:00+00:00 [queued]>
[2024-04-02 22:59:52,043] {taskinstance.py:1356} INFO - 
--------------------------------------------------------------------------------
[2024-04-02 22:59:52,044] {taskinstance.py:1357} INFO - Starting attempt 1 of 1
[2024-04-02 22:59:52,045] {taskinstance.py:1358} INFO - 
--------------------------------------------------------------------------------
[2024-04-02 22:59:52,136] {taskinstance.py:1377} INFO - Executing <Task(_PythonDecoratedOperator): DOGE> on 2024-03-09 00:00:00+00:00
[2024-04-02 22:59:52,149] {standard_task_runner.py:52} INFO - Started process 75582 to run task
[2024-04-02 22:59:52,189] {standard_task_runner.py:79} INFO - Running: ['airflow', 'tasks', 'run', 'get_crypto_dag', 'DOGE', 'scheduled__2024-03-09T00:00:00+00:00', '--job-id', '1056', '--raw', '--subdir', 'DAGS_FOLDER/get_crypto.py', '--cfg-path', '/tmp/tmpo9r5_9x6', '--error-file', '/tmp/tmpw5nue7dg']
[2024-04-02 22:59:52,203] {standard_task_runner.py:80} INFO - Job 1056: Subtask DOGE
[2024-04-02 22:59:52,555] {task_command.py:370} INFO - Running <TaskInstance: get_crypto_dag.DOGE scheduled__2024-03-09T00:00:00+00:00 [running]> on host alexmend-virtual-machine
[2024-04-02 22:59:52,858] {taskinstance.py:1569} INFO - Exporting the following env vars:
AIRFLOW_CTX_DAG_OWNER=airflow
AIRFLOW_CTX_DAG_ID=get_crypto_dag
AIRFLOW_CTX_TASK_ID=DOGE
AIRFLOW_CTX_EXECUTION_DATE=2024-03-09T00:00:00+00:00
AIRFLOW_CTX_TRY_NUMBER=1
AIRFLOW_CTX_DAG_RUN_ID=scheduled__2024-03-09T00:00:00+00:00
[2024-04-02 22:59:56,428] {history.py:90} ERROR - DOGE: No timezone found, symbol may be delisted
[2024-04-02 23:00:06,450] {python.py:173} INFO - Done. Returned value was: None
[2024-04-02 23:00:06,483] {taskinstance.py:1395} INFO - Marking task as SUCCESS. dag_id=get_crypto_dag, task_id=DOGE, execution_date=20240309T000000, start_date=20240403T015952, end_date=20240403T020006
[2024-04-02 23:00:06,557] {local_task_job.py:156} INFO - Task exited with return code 0
[2024-04-02 23:00:06,621] {local_task_job.py:273} INFO - 0 downstream tasks scheduled from follow-on schedule check
