[2024-04-02 13:10:20,871] {taskinstance.py:1159} INFO - Dependencies all met for <TaskInstance: get_stocks_dag.TSLA scheduled__2024-03-08T00:00:00+00:00 [queued]>
[2024-04-02 13:10:20,882] {taskinstance.py:1159} INFO - Dependencies all met for <TaskInstance: get_stocks_dag.TSLA scheduled__2024-03-08T00:00:00+00:00 [queued]>
[2024-04-02 13:10:20,882] {taskinstance.py:1356} INFO - 
--------------------------------------------------------------------------------
[2024-04-02 13:10:20,882] {taskinstance.py:1357} INFO - Starting attempt 1 of 1
[2024-04-02 13:10:20,882] {taskinstance.py:1358} INFO - 
--------------------------------------------------------------------------------
[2024-04-02 13:10:20,899] {taskinstance.py:1377} INFO - Executing <Task(_PythonDecoratedOperator): TSLA> on 2024-03-08 00:00:00+00:00
[2024-04-02 13:10:20,906] {standard_task_runner.py:52} INFO - Started process 12510 to run task
[2024-04-02 13:10:20,913] {standard_task_runner.py:79} INFO - Running: ['airflow', 'tasks', 'run', 'get_stocks_dag', 'TSLA', 'scheduled__2024-03-08T00:00:00+00:00', '--job-id', '202', '--raw', '--subdir', 'DAGS_FOLDER/get_stocks.py', '--cfg-path', '/tmp/tmp7c_315em', '--error-file', '/tmp/tmpdo6y9svz']
[2024-04-02 13:10:20,915] {standard_task_runner.py:80} INFO - Job 202: Subtask TSLA
[2024-04-02 13:10:20,984] {task_command.py:370} INFO - Running <TaskInstance: get_stocks_dag.TSLA scheduled__2024-03-08T00:00:00+00:00 [running]> on host alexmend-virtual-machine
[2024-04-02 13:10:21,073] {taskinstance.py:1569} INFO - Exporting the following env vars:
AIRFLOW_CTX_DAG_OWNER=airflow
AIRFLOW_CTX_DAG_ID=get_stocks_dag
AIRFLOW_CTX_TASK_ID=TSLA
AIRFLOW_CTX_EXECUTION_DATE=2024-03-08T00:00:00+00:00
AIRFLOW_CTX_TRY_NUMBER=1
AIRFLOW_CTX_DAG_RUN_ID=scheduled__2024-03-08T00:00:00+00:00
[2024-04-02 13:10:21,746] {python.py:173} INFO - Done. Returned value was: None
[2024-04-02 13:10:21,754] {taskinstance.py:1395} INFO - Marking task as SUCCESS. dag_id=get_stocks_dag, task_id=TSLA, execution_date=20240308T000000, start_date=20240402T161020, end_date=20240402T161021
[2024-04-02 13:10:21,808] {local_task_job.py:156} INFO - Task exited with return code 0
[2024-04-02 13:10:21,829] {local_task_job.py:273} INFO - 0 downstream tasks scheduled from follow-on schedule check
[2024-04-02 17:19:30,084] {taskinstance.py:1159} INFO - Dependencies all met for <TaskInstance: get_stocks_dag.TSLA scheduled__2024-03-08T00:00:00+00:00 [queued]>
[2024-04-02 17:19:30,282] {taskinstance.py:1159} INFO - Dependencies all met for <TaskInstance: get_stocks_dag.TSLA scheduled__2024-03-08T00:00:00+00:00 [queued]>
[2024-04-02 17:19:30,304] {taskinstance.py:1356} INFO - 
--------------------------------------------------------------------------------
[2024-04-02 17:19:30,306] {taskinstance.py:1357} INFO - Starting attempt 1 of 1
[2024-04-02 17:19:30,308] {taskinstance.py:1358} INFO - 
--------------------------------------------------------------------------------
[2024-04-02 17:19:30,442] {taskinstance.py:1377} INFO - Executing <Task(_PythonDecoratedOperator): TSLA> on 2024-03-08 00:00:00+00:00
[2024-04-02 17:19:30,449] {standard_task_runner.py:52} INFO - Started process 8262 to run task
[2024-04-02 17:19:30,638] {standard_task_runner.py:79} INFO - Running: ['airflow', 'tasks', 'run', 'get_stocks_dag', 'TSLA', 'scheduled__2024-03-08T00:00:00+00:00', '--job-id', '179', '--raw', '--subdir', 'DAGS_FOLDER/get_stocks.py', '--cfg-path', '/tmp/tmpgyyzh5ge', '--error-file', '/tmp/tmp4nj35kxb']
[2024-04-02 17:19:30,676] {standard_task_runner.py:80} INFO - Job 179: Subtask TSLA
[2024-04-02 17:19:31,326] {task_command.py:370} INFO - Running <TaskInstance: get_stocks_dag.TSLA scheduled__2024-03-08T00:00:00+00:00 [running]> on host alexmend-virtual-machine
[2024-04-02 17:19:32,081] {taskinstance.py:1569} INFO - Exporting the following env vars:
AIRFLOW_CTX_DAG_OWNER=airflow
AIRFLOW_CTX_DAG_ID=get_stocks_dag
AIRFLOW_CTX_TASK_ID=TSLA
AIRFLOW_CTX_EXECUTION_DATE=2024-03-08T00:00:00+00:00
AIRFLOW_CTX_TRY_NUMBER=1
AIRFLOW_CTX_DAG_RUN_ID=scheduled__2024-03-08T00:00:00+00:00
[2024-04-02 17:19:33,193] {python.py:173} INFO - Done. Returned value was: None
[2024-04-02 17:19:33,820] {taskinstance.py:1395} INFO - Marking task as SUCCESS. dag_id=get_stocks_dag, task_id=TSLA, execution_date=20240308T000000, start_date=20240402T201930, end_date=20240402T201933
[2024-04-02 17:19:33,876] {local_task_job.py:156} INFO - Task exited with return code 0
[2024-04-02 17:19:34,088] {local_task_job.py:273} INFO - 0 downstream tasks scheduled from follow-on schedule check
[2024-04-02 17:46:21,338] {taskinstance.py:1159} INFO - Dependencies all met for <TaskInstance: get_stocks_dag.TSLA scheduled__2024-03-08T00:00:00+00:00 [queued]>
[2024-04-02 17:46:21,351] {taskinstance.py:1159} INFO - Dependencies all met for <TaskInstance: get_stocks_dag.TSLA scheduled__2024-03-08T00:00:00+00:00 [queued]>
[2024-04-02 17:46:21,351] {taskinstance.py:1356} INFO - 
--------------------------------------------------------------------------------
[2024-04-02 17:46:21,351] {taskinstance.py:1357} INFO - Starting attempt 1 of 1
[2024-04-02 17:46:21,352] {taskinstance.py:1358} INFO - 
--------------------------------------------------------------------------------
[2024-04-02 17:46:21,370] {taskinstance.py:1377} INFO - Executing <Task(_PythonDecoratedOperator): TSLA> on 2024-03-08 00:00:00+00:00
[2024-04-02 17:46:21,379] {standard_task_runner.py:52} INFO - Started process 23453 to run task
[2024-04-02 17:46:21,398] {standard_task_runner.py:79} INFO - Running: ['airflow', 'tasks', 'run', 'get_stocks_dag', 'TSLA', 'scheduled__2024-03-08T00:00:00+00:00', '--job-id', '446', '--raw', '--subdir', 'DAGS_FOLDER/get_stocks.py', '--cfg-path', '/tmp/tmpvoaaj6ow', '--error-file', '/tmp/tmp5zvgoq4i']
[2024-04-02 17:46:21,400] {standard_task_runner.py:80} INFO - Job 446: Subtask TSLA
[2024-04-02 17:46:21,521] {task_command.py:370} INFO - Running <TaskInstance: get_stocks_dag.TSLA scheduled__2024-03-08T00:00:00+00:00 [running]> on host alexmend-virtual-machine
[2024-04-02 17:46:21,636] {taskinstance.py:1569} INFO - Exporting the following env vars:
AIRFLOW_CTX_DAG_OWNER=airflow
AIRFLOW_CTX_DAG_ID=get_stocks_dag
AIRFLOW_CTX_TASK_ID=TSLA
AIRFLOW_CTX_EXECUTION_DATE=2024-03-08T00:00:00+00:00
AIRFLOW_CTX_TRY_NUMBER=1
AIRFLOW_CTX_DAG_RUN_ID=scheduled__2024-03-08T00:00:00+00:00
[2024-04-02 17:46:22,269] {python.py:173} INFO - Done. Returned value was: None
[2024-04-02 17:46:22,290] {taskinstance.py:1395} INFO - Marking task as SUCCESS. dag_id=get_stocks_dag, task_id=TSLA, execution_date=20240308T000000, start_date=20240402T204621, end_date=20240402T204622
[2024-04-02 17:46:22,326] {local_task_job.py:156} INFO - Task exited with return code 0
[2024-04-02 17:46:22,401] {local_task_job.py:273} INFO - 0 downstream tasks scheduled from follow-on schedule check
[2024-04-02 19:15:16,588] {taskinstance.py:1159} INFO - Dependencies all met for <TaskInstance: get_stocks_dag.TSLA scheduled__2024-03-08T00:00:00+00:00 [queued]>
[2024-04-02 19:15:16,606] {taskinstance.py:1159} INFO - Dependencies all met for <TaskInstance: get_stocks_dag.TSLA scheduled__2024-03-08T00:00:00+00:00 [queued]>
[2024-04-02 19:15:16,606] {taskinstance.py:1356} INFO - 
--------------------------------------------------------------------------------
[2024-04-02 19:15:16,606] {taskinstance.py:1357} INFO - Starting attempt 1 of 1
[2024-04-02 19:15:16,606] {taskinstance.py:1358} INFO - 
--------------------------------------------------------------------------------
[2024-04-02 19:15:16,632] {taskinstance.py:1377} INFO - Executing <Task(_PythonDecoratedOperator): TSLA> on 2024-03-08 00:00:00+00:00
[2024-04-02 19:15:16,640] {standard_task_runner.py:52} INFO - Started process 14536 to run task
[2024-04-02 19:15:16,651] {standard_task_runner.py:79} INFO - Running: ['airflow', 'tasks', 'run', 'get_stocks_dag', 'TSLA', 'scheduled__2024-03-08T00:00:00+00:00', '--job-id', '548', '--raw', '--subdir', 'DAGS_FOLDER/get_stocks.py', '--cfg-path', '/tmp/tmpbrhw9b9v', '--error-file', '/tmp/tmpccv4allw']
[2024-04-02 19:15:16,657] {standard_task_runner.py:80} INFO - Job 548: Subtask TSLA
[2024-04-02 19:15:16,781] {task_command.py:370} INFO - Running <TaskInstance: get_stocks_dag.TSLA scheduled__2024-03-08T00:00:00+00:00 [running]> on host alexmend-virtual-machine
[2024-04-02 19:15:16,896] {taskinstance.py:1569} INFO - Exporting the following env vars:
AIRFLOW_CTX_DAG_OWNER=airflow
AIRFLOW_CTX_DAG_ID=get_stocks_dag
AIRFLOW_CTX_TASK_ID=TSLA
AIRFLOW_CTX_EXECUTION_DATE=2024-03-08T00:00:00+00:00
AIRFLOW_CTX_TRY_NUMBER=1
AIRFLOW_CTX_DAG_RUN_ID=scheduled__2024-03-08T00:00:00+00:00
[2024-04-02 19:15:18,737] {python.py:173} INFO - Done. Returned value was: None
[2024-04-02 19:15:18,772] {taskinstance.py:1395} INFO - Marking task as SUCCESS. dag_id=get_stocks_dag, task_id=TSLA, execution_date=20240308T000000, start_date=20240402T221516, end_date=20240402T221518
[2024-04-02 19:15:18,841] {local_task_job.py:156} INFO - Task exited with return code 0
[2024-04-02 19:15:18,910] {local_task_job.py:273} INFO - 0 downstream tasks scheduled from follow-on schedule check
[2024-04-02 20:38:57,565] {taskinstance.py:1159} INFO - Dependencies all met for <TaskInstance: get_stocks_dag.TSLA scheduled__2024-03-08T00:00:00+00:00 [queued]>
[2024-04-02 20:38:57,591] {taskinstance.py:1159} INFO - Dependencies all met for <TaskInstance: get_stocks_dag.TSLA scheduled__2024-03-08T00:00:00+00:00 [queued]>
[2024-04-02 20:38:57,592] {taskinstance.py:1356} INFO - 
--------------------------------------------------------------------------------
[2024-04-02 20:38:57,593] {taskinstance.py:1357} INFO - Starting attempt 1 of 1
[2024-04-02 20:38:57,594] {taskinstance.py:1358} INFO - 
--------------------------------------------------------------------------------
[2024-04-02 20:38:57,619] {taskinstance.py:1377} INFO - Executing <Task(_PythonDecoratedOperator): TSLA> on 2024-03-08 00:00:00+00:00
[2024-04-02 20:38:57,633] {standard_task_runner.py:52} INFO - Started process 25829 to run task
[2024-04-02 20:38:57,643] {standard_task_runner.py:79} INFO - Running: ['airflow', 'tasks', 'run', 'get_stocks_dag', 'TSLA', 'scheduled__2024-03-08T00:00:00+00:00', '--job-id', '647', '--raw', '--subdir', 'DAGS_FOLDER/get_stocks.py', '--cfg-path', '/tmp/tmp8qhegvlj', '--error-file', '/tmp/tmpw5ww3gge']
[2024-04-02 20:38:57,646] {standard_task_runner.py:80} INFO - Job 647: Subtask TSLA
[2024-04-02 20:38:57,809] {task_command.py:370} INFO - Running <TaskInstance: get_stocks_dag.TSLA scheduled__2024-03-08T00:00:00+00:00 [running]> on host alexmend-virtual-machine
[2024-04-02 20:38:57,950] {taskinstance.py:1569} INFO - Exporting the following env vars:
AIRFLOW_CTX_DAG_OWNER=airflow
AIRFLOW_CTX_DAG_ID=get_stocks_dag
AIRFLOW_CTX_TASK_ID=TSLA
AIRFLOW_CTX_EXECUTION_DATE=2024-03-08T00:00:00+00:00
AIRFLOW_CTX_TRY_NUMBER=1
AIRFLOW_CTX_DAG_RUN_ID=scheduled__2024-03-08T00:00:00+00:00
[2024-04-02 20:38:58,743] {python.py:173} INFO - Done. Returned value was: None
[2024-04-02 20:38:58,769] {taskinstance.py:1395} INFO - Marking task as SUCCESS. dag_id=get_stocks_dag, task_id=TSLA, execution_date=20240308T000000, start_date=20240402T233857, end_date=20240402T233858
[2024-04-02 20:38:58,826] {local_task_job.py:156} INFO - Task exited with return code 0
[2024-04-02 20:38:58,895] {local_task_job.py:273} INFO - 0 downstream tasks scheduled from follow-on schedule check
[2024-04-02 21:47:50,454] {taskinstance.py:1159} INFO - Dependencies all met for <TaskInstance: get_stocks_dag.TSLA scheduled__2024-03-08T00:00:00+00:00 [queued]>
[2024-04-02 21:47:50,501] {taskinstance.py:1159} INFO - Dependencies all met for <TaskInstance: get_stocks_dag.TSLA scheduled__2024-03-08T00:00:00+00:00 [queued]>
[2024-04-02 21:47:50,501] {taskinstance.py:1356} INFO - 
--------------------------------------------------------------------------------
[2024-04-02 21:47:50,509] {taskinstance.py:1357} INFO - Starting attempt 1 of 1
[2024-04-02 21:47:50,513] {taskinstance.py:1358} INFO - 
--------------------------------------------------------------------------------
[2024-04-02 21:47:50,587] {taskinstance.py:1377} INFO - Executing <Task(_PythonDecoratedOperator): TSLA> on 2024-03-08 00:00:00+00:00
[2024-04-02 21:47:50,615] {standard_task_runner.py:52} INFO - Started process 49166 to run task
[2024-04-02 21:47:50,649] {standard_task_runner.py:79} INFO - Running: ['airflow', 'tasks', 'run', 'get_stocks_dag', 'TSLA', 'scheduled__2024-03-08T00:00:00+00:00', '--job-id', '778', '--raw', '--subdir', 'DAGS_FOLDER/get_stocks.py', '--cfg-path', '/tmp/tmp24ke3o59', '--error-file', '/tmp/tmpz2v__9dq']
[2024-04-02 21:47:50,652] {standard_task_runner.py:80} INFO - Job 778: Subtask TSLA
[2024-04-02 21:47:51,061] {task_command.py:370} INFO - Running <TaskInstance: get_stocks_dag.TSLA scheduled__2024-03-08T00:00:00+00:00 [running]> on host alexmend-virtual-machine
[2024-04-02 21:47:51,399] {taskinstance.py:1569} INFO - Exporting the following env vars:
AIRFLOW_CTX_DAG_OWNER=airflow
AIRFLOW_CTX_DAG_ID=get_stocks_dag
AIRFLOW_CTX_TASK_ID=TSLA
AIRFLOW_CTX_EXECUTION_DATE=2024-03-08T00:00:00+00:00
AIRFLOW_CTX_TRY_NUMBER=1
AIRFLOW_CTX_DAG_RUN_ID=scheduled__2024-03-08T00:00:00+00:00
[2024-04-02 21:48:02,390] {python.py:173} INFO - Done. Returned value was: None
[2024-04-02 21:48:02,429] {taskinstance.py:1395} INFO - Marking task as SUCCESS. dag_id=get_stocks_dag, task_id=TSLA, execution_date=20240308T000000, start_date=20240403T004750, end_date=20240403T004802
[2024-04-02 21:48:02,484] {local_task_job.py:156} INFO - Task exited with return code 0
[2024-04-02 21:48:02,582] {local_task_job.py:273} INFO - 0 downstream tasks scheduled from follow-on schedule check
[2024-04-02 22:58:41,991] {taskinstance.py:1159} INFO - Dependencies all met for <TaskInstance: get_stocks_dag.TSLA scheduled__2024-03-08T00:00:00+00:00 [queued]>
[2024-04-02 22:58:42,035] {taskinstance.py:1159} INFO - Dependencies all met for <TaskInstance: get_stocks_dag.TSLA scheduled__2024-03-08T00:00:00+00:00 [queued]>
[2024-04-02 22:58:42,036] {taskinstance.py:1356} INFO - 
--------------------------------------------------------------------------------
[2024-04-02 22:58:42,037] {taskinstance.py:1357} INFO - Starting attempt 1 of 1
[2024-04-02 22:58:42,037] {taskinstance.py:1358} INFO - 
--------------------------------------------------------------------------------
[2024-04-02 22:58:42,102] {taskinstance.py:1377} INFO - Executing <Task(_PythonDecoratedOperator): TSLA> on 2024-03-08 00:00:00+00:00
[2024-04-02 22:58:42,118] {standard_task_runner.py:52} INFO - Started process 74949 to run task
[2024-04-02 22:58:42,126] {standard_task_runner.py:79} INFO - Running: ['airflow', 'tasks', 'run', 'get_stocks_dag', 'TSLA', 'scheduled__2024-03-08T00:00:00+00:00', '--job-id', '1048', '--raw', '--subdir', 'DAGS_FOLDER/get_stocks.py', '--cfg-path', '/tmp/tmp4951z2ap', '--error-file', '/tmp/tmpw_fkeodh']
[2024-04-02 22:58:42,129] {standard_task_runner.py:80} INFO - Job 1048: Subtask TSLA
[2024-04-02 22:58:42,359] {task_command.py:370} INFO - Running <TaskInstance: get_stocks_dag.TSLA scheduled__2024-03-08T00:00:00+00:00 [running]> on host alexmend-virtual-machine
[2024-04-02 22:58:42,607] {taskinstance.py:1569} INFO - Exporting the following env vars:
AIRFLOW_CTX_DAG_OWNER=airflow
AIRFLOW_CTX_DAG_ID=get_stocks_dag
AIRFLOW_CTX_TASK_ID=TSLA
AIRFLOW_CTX_EXECUTION_DATE=2024-03-08T00:00:00+00:00
AIRFLOW_CTX_TRY_NUMBER=1
AIRFLOW_CTX_DAG_RUN_ID=scheduled__2024-03-08T00:00:00+00:00
[2024-04-02 22:58:53,403] {python.py:173} INFO - Done. Returned value was: None
[2024-04-02 22:58:53,438] {taskinstance.py:1395} INFO - Marking task as SUCCESS. dag_id=get_stocks_dag, task_id=TSLA, execution_date=20240308T000000, start_date=20240403T015841, end_date=20240403T015853
[2024-04-02 22:58:53,524] {local_task_job.py:156} INFO - Task exited with return code 0
[2024-04-02 22:58:53,602] {local_task_job.py:273} INFO - 0 downstream tasks scheduled from follow-on schedule check
