[2024-04-02 21:51:06,736] {taskinstance.py:1159} INFO - Dependencies all met for <TaskInstance: get_crypto_dag.ETH scheduled__2024-03-09T00:00:00+00:00 [queued]>
[2024-04-02 21:51:06,754] {taskinstance.py:1159} INFO - Dependencies all met for <TaskInstance: get_crypto_dag.ETH scheduled__2024-03-09T00:00:00+00:00 [queued]>
[2024-04-02 21:51:06,754] {taskinstance.py:1356} INFO - 
--------------------------------------------------------------------------------
[2024-04-02 21:51:06,754] {taskinstance.py:1357} INFO - Starting attempt 1 of 1
[2024-04-02 21:51:06,754] {taskinstance.py:1358} INFO - 
--------------------------------------------------------------------------------
[2024-04-02 21:51:06,789] {taskinstance.py:1377} INFO - Executing <Task(_PythonDecoratedOperator): ETH> on 2024-03-09 00:00:00+00:00
[2024-04-02 21:51:06,798] {standard_task_runner.py:52} INFO - Started process 51704 to run task
[2024-04-02 21:51:06,815] {standard_task_runner.py:79} INFO - Running: ['airflow', 'tasks', 'run', 'get_crypto_dag', 'ETH', 'scheduled__2024-03-09T00:00:00+00:00', '--job-id', '824', '--raw', '--subdir', 'DAGS_FOLDER/get_crypto.py', '--cfg-path', '/tmp/tmpt9ga0rzn', '--error-file', '/tmp/tmpgvfvfz_i']
[2024-04-02 21:51:06,816] {standard_task_runner.py:80} INFO - Job 824: Subtask ETH
[2024-04-02 21:51:07,510] {task_command.py:370} INFO - Running <TaskInstance: get_crypto_dag.ETH scheduled__2024-03-09T00:00:00+00:00 [running]> on host alexmend-virtual-machine
[2024-04-02 21:51:07,802] {taskinstance.py:1569} INFO - Exporting the following env vars:
AIRFLOW_CTX_DAG_OWNER=airflow
AIRFLOW_CTX_DAG_ID=get_crypto_dag
AIRFLOW_CTX_TASK_ID=ETH
AIRFLOW_CTX_EXECUTION_DATE=2024-03-09T00:00:00+00:00
AIRFLOW_CTX_TRY_NUMBER=1
AIRFLOW_CTX_DAG_RUN_ID=scheduled__2024-03-09T00:00:00+00:00
[2024-04-02 21:51:11,926] {history.py:90} ERROR - ETH: No timezone found, symbol may be delisted
[2024-04-02 21:51:21,973] {python.py:173} INFO - Done. Returned value was: None
[2024-04-02 21:51:22,006] {taskinstance.py:1395} INFO - Marking task as SUCCESS. dag_id=get_crypto_dag, task_id=ETH, execution_date=20240309T000000, start_date=20240403T005106, end_date=20240403T005122
[2024-04-02 21:51:22,112] {local_task_job.py:156} INFO - Task exited with return code 0
[2024-04-02 21:51:22,201] {local_task_job.py:273} INFO - 0 downstream tasks scheduled from follow-on schedule check
[2024-04-02 22:59:34,126] {taskinstance.py:1159} INFO - Dependencies all met for <TaskInstance: get_crypto_dag.ETH scheduled__2024-03-09T00:00:00+00:00 [queued]>
[2024-04-02 22:59:34,152] {taskinstance.py:1159} INFO - Dependencies all met for <TaskInstance: get_crypto_dag.ETH scheduled__2024-03-09T00:00:00+00:00 [queued]>
[2024-04-02 22:59:34,152] {taskinstance.py:1356} INFO - 
--------------------------------------------------------------------------------
[2024-04-02 22:59:34,152] {taskinstance.py:1357} INFO - Starting attempt 1 of 1
[2024-04-02 22:59:34,152] {taskinstance.py:1358} INFO - 
--------------------------------------------------------------------------------
[2024-04-02 22:59:34,185] {taskinstance.py:1377} INFO - Executing <Task(_PythonDecoratedOperator): ETH> on 2024-03-09 00:00:00+00:00
[2024-04-02 22:59:34,195] {standard_task_runner.py:52} INFO - Started process 75420 to run task
[2024-04-02 22:59:34,213] {standard_task_runner.py:79} INFO - Running: ['airflow', 'tasks', 'run', 'get_crypto_dag', 'ETH', 'scheduled__2024-03-09T00:00:00+00:00', '--job-id', '1054', '--raw', '--subdir', 'DAGS_FOLDER/get_crypto.py', '--cfg-path', '/tmp/tmp9m4ny4xg', '--error-file', '/tmp/tmps292z4sy']
[2024-04-02 22:59:34,215] {standard_task_runner.py:80} INFO - Job 1054: Subtask ETH
[2024-04-02 22:59:34,479] {task_command.py:370} INFO - Running <TaskInstance: get_crypto_dag.ETH scheduled__2024-03-09T00:00:00+00:00 [running]> on host alexmend-virtual-machine
[2024-04-02 22:59:34,778] {taskinstance.py:1569} INFO - Exporting the following env vars:
AIRFLOW_CTX_DAG_OWNER=airflow
AIRFLOW_CTX_DAG_ID=get_crypto_dag
AIRFLOW_CTX_TASK_ID=ETH
AIRFLOW_CTX_EXECUTION_DATE=2024-03-09T00:00:00+00:00
AIRFLOW_CTX_TRY_NUMBER=1
AIRFLOW_CTX_DAG_RUN_ID=scheduled__2024-03-09T00:00:00+00:00
[2024-04-02 22:59:38,460] {history.py:90} ERROR - ETH: No timezone found, symbol may be delisted
[2024-04-02 22:59:48,491] {python.py:173} INFO - Done. Returned value was: None
[2024-04-02 22:59:48,524] {taskinstance.py:1395} INFO - Marking task as SUCCESS. dag_id=get_crypto_dag, task_id=ETH, execution_date=20240309T000000, start_date=20240403T015934, end_date=20240403T015948
[2024-04-02 22:59:48,614] {local_task_job.py:156} INFO - Task exited with return code 0
[2024-04-02 22:59:48,681] {local_task_job.py:273} INFO - 0 downstream tasks scheduled from follow-on schedule check
