[2024-04-02 21:00:14,240] {taskinstance.py:1159} INFO - Dependencies all met for <TaskInstance: get_stocks_dag.AAPL scheduled__2024-04-02T00:00:00+00:00 [queued]>
[2024-04-02 21:00:14,251] {taskinstance.py:1159} INFO - Dependencies all met for <TaskInstance: get_stocks_dag.AAPL scheduled__2024-04-02T00:00:00+00:00 [queued]>
[2024-04-02 21:00:14,251] {taskinstance.py:1356} INFO - 
--------------------------------------------------------------------------------
[2024-04-02 21:00:14,251] {taskinstance.py:1357} INFO - Starting attempt 1 of 1
[2024-04-02 21:00:14,251] {taskinstance.py:1358} INFO - 
--------------------------------------------------------------------------------
[2024-04-02 21:00:14,273] {taskinstance.py:1377} INFO - Executing <Task(_PythonDecoratedOperator): AAPL> on 2024-04-02 00:00:00+00:00
[2024-04-02 21:00:14,283] {standard_task_runner.py:52} INFO - Started process 33355 to run task
[2024-04-02 21:00:14,303] {standard_task_runner.py:79} INFO - Running: ['airflow', 'tasks', 'run', 'get_stocks_dag', 'AAPL', 'scheduled__2024-04-02T00:00:00+00:00', '--job-id', '713', '--raw', '--subdir', 'DAGS_FOLDER/get_stocks.py', '--cfg-path', '/tmp/tmpdrgi31ex', '--error-file', '/tmp/tmpksilsm9k']
[2024-04-02 21:00:14,330] {standard_task_runner.py:80} INFO - Job 713: Subtask AAPL
[2024-04-02 21:00:15,108] {task_command.py:370} INFO - Running <TaskInstance: get_stocks_dag.AAPL scheduled__2024-04-02T00:00:00+00:00 [running]> on host alexmend-virtual-machine
[2024-04-02 21:00:16,962] {taskinstance.py:1569} INFO - Exporting the following env vars:
AIRFLOW_CTX_DAG_OWNER=airflow
AIRFLOW_CTX_DAG_ID=get_stocks_dag
AIRFLOW_CTX_TASK_ID=AAPL
AIRFLOW_CTX_EXECUTION_DATE=2024-04-02T00:00:00+00:00
AIRFLOW_CTX_TRY_NUMBER=1
AIRFLOW_CTX_DAG_RUN_ID=scheduled__2024-04-02T00:00:00+00:00
[2024-04-02 21:00:18,913] {python.py:173} INFO - Done. Returned value was: None
[2024-04-02 21:00:19,092] {taskinstance.py:1395} INFO - Marking task as SUCCESS. dag_id=get_stocks_dag, task_id=AAPL, execution_date=20240402T000000, start_date=20240403T000014, end_date=20240403T000019
[2024-04-02 21:00:19,183] {local_task_job.py:156} INFO - Task exited with return code 0
[2024-04-02 21:00:19,278] {local_task_job.py:273} INFO - 0 downstream tasks scheduled from follow-on schedule check
[2024-04-02 21:58:06,155] {taskinstance.py:1159} INFO - Dependencies all met for <TaskInstance: get_stocks_dag.AAPL scheduled__2024-04-02T00:00:00+00:00 [queued]>
[2024-04-02 21:58:06,183] {taskinstance.py:1159} INFO - Dependencies all met for <TaskInstance: get_stocks_dag.AAPL scheduled__2024-04-02T00:00:00+00:00 [queued]>
[2024-04-02 21:58:06,184] {taskinstance.py:1356} INFO - 
--------------------------------------------------------------------------------
[2024-04-02 21:58:06,184] {taskinstance.py:1357} INFO - Starting attempt 1 of 1
[2024-04-02 21:58:06,184] {taskinstance.py:1358} INFO - 
--------------------------------------------------------------------------------
[2024-04-02 21:58:06,211] {taskinstance.py:1377} INFO - Executing <Task(_PythonDecoratedOperator): AAPL> on 2024-04-02 00:00:00+00:00
[2024-04-02 21:58:06,227] {standard_task_runner.py:52} INFO - Started process 56572 to run task
[2024-04-02 21:58:06,251] {standard_task_runner.py:79} INFO - Running: ['airflow', 'tasks', 'run', 'get_stocks_dag', 'AAPL', 'scheduled__2024-04-02T00:00:00+00:00', '--job-id', '910', '--raw', '--subdir', 'DAGS_FOLDER/get_stocks.py', '--cfg-path', '/tmp/tmpuq7s17dz', '--error-file', '/tmp/tmpc4d6ng8t']
[2024-04-02 21:58:06,253] {standard_task_runner.py:80} INFO - Job 910: Subtask AAPL
[2024-04-02 21:58:06,418] {task_command.py:370} INFO - Running <TaskInstance: get_stocks_dag.AAPL scheduled__2024-04-02T00:00:00+00:00 [running]> on host alexmend-virtual-machine
[2024-04-02 21:58:06,600] {taskinstance.py:1569} INFO - Exporting the following env vars:
AIRFLOW_CTX_DAG_OWNER=airflow
AIRFLOW_CTX_DAG_ID=get_stocks_dag
AIRFLOW_CTX_TASK_ID=AAPL
AIRFLOW_CTX_EXECUTION_DATE=2024-04-02T00:00:00+00:00
AIRFLOW_CTX_TRY_NUMBER=1
AIRFLOW_CTX_DAG_RUN_ID=scheduled__2024-04-02T00:00:00+00:00
[2024-04-02 21:58:17,298] {python.py:173} INFO - Done. Returned value was: None
[2024-04-02 21:58:17,337] {taskinstance.py:1395} INFO - Marking task as SUCCESS. dag_id=get_stocks_dag, task_id=AAPL, execution_date=20240402T000000, start_date=20240403T005806, end_date=20240403T005817
[2024-04-02 21:58:17,411] {local_task_job.py:156} INFO - Task exited with return code 0
[2024-04-02 21:58:17,480] {local_task_job.py:273} INFO - 0 downstream tasks scheduled from follow-on schedule check
[2024-04-02 23:21:15,549] {taskinstance.py:1159} INFO - Dependencies all met for <TaskInstance: get_stocks_dag.AAPL scheduled__2024-04-02T00:00:00+00:00 [queued]>
[2024-04-02 23:21:15,589] {taskinstance.py:1159} INFO - Dependencies all met for <TaskInstance: get_stocks_dag.AAPL scheduled__2024-04-02T00:00:00+00:00 [queued]>
[2024-04-02 23:21:15,589] {taskinstance.py:1356} INFO - 
--------------------------------------------------------------------------------
[2024-04-02 23:21:15,589] {taskinstance.py:1357} INFO - Starting attempt 1 of 1
[2024-04-02 23:21:15,589] {taskinstance.py:1358} INFO - 
--------------------------------------------------------------------------------
[2024-04-02 23:21:15,618] {taskinstance.py:1377} INFO - Executing <Task(_PythonDecoratedOperator): AAPL> on 2024-04-02 00:00:00+00:00
[2024-04-02 23:21:15,626] {standard_task_runner.py:52} INFO - Started process 87559 to run task
[2024-04-02 23:21:15,644] {standard_task_runner.py:79} INFO - Running: ['airflow', 'tasks', 'run', 'get_stocks_dag', 'AAPL', 'scheduled__2024-04-02T00:00:00+00:00', '--job-id', '1213', '--raw', '--subdir', 'DAGS_FOLDER/get_stocks.py', '--cfg-path', '/tmp/tmp9ooaq2fe', '--error-file', '/tmp/tmp5630fe8w']
[2024-04-02 23:21:15,647] {standard_task_runner.py:80} INFO - Job 1213: Subtask AAPL
[2024-04-02 23:21:15,838] {task_command.py:370} INFO - Running <TaskInstance: get_stocks_dag.AAPL scheduled__2024-04-02T00:00:00+00:00 [running]> on host alexmend-virtual-machine
[2024-04-02 23:21:16,044] {taskinstance.py:1569} INFO - Exporting the following env vars:
AIRFLOW_CTX_DAG_OWNER=airflow
AIRFLOW_CTX_DAG_ID=get_stocks_dag
AIRFLOW_CTX_TASK_ID=AAPL
AIRFLOW_CTX_EXECUTION_DATE=2024-04-02T00:00:00+00:00
AIRFLOW_CTX_TRY_NUMBER=1
AIRFLOW_CTX_DAG_RUN_ID=scheduled__2024-04-02T00:00:00+00:00
[2024-04-02 23:21:26,807] {python.py:173} INFO - Done. Returned value was: None
[2024-04-02 23:21:26,872] {taskinstance.py:1395} INFO - Marking task as SUCCESS. dag_id=get_stocks_dag, task_id=AAPL, execution_date=20240402T000000, start_date=20240403T022115, end_date=20240403T022126
[2024-04-02 23:21:26,936] {local_task_job.py:156} INFO - Task exited with return code 0
[2024-04-02 23:21:27,039] {local_task_job.py:273} INFO - 0 downstream tasks scheduled from follow-on schedule check
