[2024-04-02 21:52:20,303] {taskinstance.py:1159} INFO - Dependencies all met for <TaskInstance: get_crypto_dag.DOGE scheduled__2024-03-11T00:00:00+00:00 [queued]>
[2024-04-02 21:52:20,319] {taskinstance.py:1159} INFO - Dependencies all met for <TaskInstance: get_crypto_dag.DOGE scheduled__2024-03-11T00:00:00+00:00 [queued]>
[2024-04-02 21:52:20,319] {taskinstance.py:1356} INFO - 
--------------------------------------------------------------------------------
[2024-04-02 21:52:20,320] {taskinstance.py:1357} INFO - Starting attempt 1 of 1
[2024-04-02 21:52:20,320] {taskinstance.py:1358} INFO - 
--------------------------------------------------------------------------------
[2024-04-02 21:52:20,350] {taskinstance.py:1377} INFO - Executing <Task(_PythonDecoratedOperator): DOGE> on 2024-03-11 00:00:00+00:00
[2024-04-02 21:52:20,362] {standard_task_runner.py:52} INFO - Started process 52760 to run task
[2024-04-02 21:52:20,370] {standard_task_runner.py:79} INFO - Running: ['airflow', 'tasks', 'run', 'get_crypto_dag', 'DOGE', 'scheduled__2024-03-11T00:00:00+00:00', '--job-id', '843', '--raw', '--subdir', 'DAGS_FOLDER/get_crypto.py', '--cfg-path', '/tmp/tmp411mxomf', '--error-file', '/tmp/tmppyf7rep3']
[2024-04-02 21:52:20,372] {standard_task_runner.py:80} INFO - Job 843: Subtask DOGE
[2024-04-02 21:52:20,569] {task_command.py:370} INFO - Running <TaskInstance: get_crypto_dag.DOGE scheduled__2024-03-11T00:00:00+00:00 [running]> on host alexmend-virtual-machine
[2024-04-02 21:52:20,722] {taskinstance.py:1569} INFO - Exporting the following env vars:
AIRFLOW_CTX_DAG_OWNER=airflow
AIRFLOW_CTX_DAG_ID=get_crypto_dag
AIRFLOW_CTX_TASK_ID=DOGE
AIRFLOW_CTX_EXECUTION_DATE=2024-03-11T00:00:00+00:00
AIRFLOW_CTX_TRY_NUMBER=1
AIRFLOW_CTX_DAG_RUN_ID=scheduled__2024-03-11T00:00:00+00:00
[2024-04-02 21:52:25,117] {history.py:90} ERROR - DOGE: No timezone found, symbol may be delisted
[2024-04-02 21:52:35,130] {python.py:173} INFO - Done. Returned value was: None
[2024-04-02 21:52:36,996] {taskinstance.py:1395} INFO - Marking task as SUCCESS. dag_id=get_crypto_dag, task_id=DOGE, execution_date=20240311T000000, start_date=20240403T005220, end_date=20240403T005236
[2024-04-02 21:52:37,914] {local_task_job.py:156} INFO - Task exited with return code 0
[2024-04-02 21:52:39,584] {local_task_job.py:273} INFO - 0 downstream tasks scheduled from follow-on schedule check
[2024-04-02 23:01:06,901] {taskinstance.py:1159} INFO - Dependencies all met for <TaskInstance: get_crypto_dag.DOGE scheduled__2024-03-11T00:00:00+00:00 [queued]>
[2024-04-02 23:01:06,922] {taskinstance.py:1159} INFO - Dependencies all met for <TaskInstance: get_crypto_dag.DOGE scheduled__2024-03-11T00:00:00+00:00 [queued]>
[2024-04-02 23:01:06,922] {taskinstance.py:1356} INFO - 
--------------------------------------------------------------------------------
[2024-04-02 23:01:06,922] {taskinstance.py:1357} INFO - Starting attempt 1 of 1
[2024-04-02 23:01:06,923] {taskinstance.py:1358} INFO - 
--------------------------------------------------------------------------------
[2024-04-02 23:01:06,947] {taskinstance.py:1377} INFO - Executing <Task(_PythonDecoratedOperator): DOGE> on 2024-03-11 00:00:00+00:00
[2024-04-02 23:01:06,957] {standard_task_runner.py:52} INFO - Started process 76291 to run task
[2024-04-02 23:01:06,967] {standard_task_runner.py:79} INFO - Running: ['airflow', 'tasks', 'run', 'get_crypto_dag', 'DOGE', 'scheduled__2024-03-11T00:00:00+00:00', '--job-id', '1066', '--raw', '--subdir', 'DAGS_FOLDER/get_crypto.py', '--cfg-path', '/tmp/tmpf81hs_ah', '--error-file', '/tmp/tmp17li99ld']
[2024-04-02 23:01:06,969] {standard_task_runner.py:80} INFO - Job 1066: Subtask DOGE
[2024-04-02 23:01:07,120] {task_command.py:370} INFO - Running <TaskInstance: get_crypto_dag.DOGE scheduled__2024-03-11T00:00:00+00:00 [running]> on host alexmend-virtual-machine
[2024-04-02 23:01:07,304] {taskinstance.py:1569} INFO - Exporting the following env vars:
AIRFLOW_CTX_DAG_OWNER=airflow
AIRFLOW_CTX_DAG_ID=get_crypto_dag
AIRFLOW_CTX_TASK_ID=DOGE
AIRFLOW_CTX_EXECUTION_DATE=2024-03-11T00:00:00+00:00
AIRFLOW_CTX_TRY_NUMBER=1
AIRFLOW_CTX_DAG_RUN_ID=scheduled__2024-03-11T00:00:00+00:00
[2024-04-02 23:01:10,901] {history.py:90} ERROR - DOGE: No timezone found, symbol may be delisted
[2024-04-02 23:01:20,915] {python.py:173} INFO - Done. Returned value was: None
[2024-04-02 23:01:20,947] {taskinstance.py:1395} INFO - Marking task as SUCCESS. dag_id=get_crypto_dag, task_id=DOGE, execution_date=20240311T000000, start_date=20240403T020106, end_date=20240403T020120
[2024-04-02 23:01:21,004] {local_task_job.py:156} INFO - Task exited with return code 0
[2024-04-02 23:01:21,070] {local_task_job.py:273} INFO - 0 downstream tasks scheduled from follow-on schedule check
