[2024-04-02 13:05:03,131] {taskinstance.py:1159} INFO - Dependencies all met for <TaskInstance: get_stocks_dag.AAPL scheduled__2024-02-10T00:00:00+00:00 [queued]>
[2024-04-02 13:05:03,142] {taskinstance.py:1159} INFO - Dependencies all met for <TaskInstance: get_stocks_dag.AAPL scheduled__2024-02-10T00:00:00+00:00 [queued]>
[2024-04-02 13:05:03,142] {taskinstance.py:1356} INFO - 
--------------------------------------------------------------------------------
[2024-04-02 13:05:03,142] {taskinstance.py:1357} INFO - Starting attempt 1 of 1
[2024-04-02 13:05:03,142] {taskinstance.py:1358} INFO - 
--------------------------------------------------------------------------------
[2024-04-02 13:05:03,175] {taskinstance.py:1377} INFO - Executing <Task(_PythonDecoratedOperator): AAPL> on 2024-02-10 00:00:00+00:00
[2024-04-02 13:05:03,184] {standard_task_runner.py:52} INFO - Started process 10657 to run task
[2024-04-02 13:05:03,191] {standard_task_runner.py:79} INFO - Running: ['airflow', 'tasks', 'run', 'get_stocks_dag', 'AAPL', 'scheduled__2024-02-10T00:00:00+00:00', '--job-id', '123', '--raw', '--subdir', 'DAGS_FOLDER/get_stocks.py', '--cfg-path', '/tmp/tmpwusqejro', '--error-file', '/tmp/tmp_ozg6c3a']
[2024-04-02 13:05:03,193] {standard_task_runner.py:80} INFO - Job 123: Subtask AAPL
[2024-04-02 13:05:03,260] {task_command.py:370} INFO - Running <TaskInstance: get_stocks_dag.AAPL scheduled__2024-02-10T00:00:00+00:00 [running]> on host alexmend-virtual-machine
[2024-04-02 13:05:03,330] {taskinstance.py:1569} INFO - Exporting the following env vars:
AIRFLOW_CTX_DAG_OWNER=airflow
AIRFLOW_CTX_DAG_ID=get_stocks_dag
AIRFLOW_CTX_TASK_ID=AAPL
AIRFLOW_CTX_EXECUTION_DATE=2024-02-10T00:00:00+00:00
AIRFLOW_CTX_TRY_NUMBER=1
AIRFLOW_CTX_DAG_RUN_ID=scheduled__2024-02-10T00:00:00+00:00
[2024-04-02 13:05:04,261] {python.py:173} INFO - Done. Returned value was: None
[2024-04-02 13:05:04,273] {taskinstance.py:1395} INFO - Marking task as SUCCESS. dag_id=get_stocks_dag, task_id=AAPL, execution_date=20240210T000000, start_date=20240402T160503, end_date=20240402T160504
[2024-04-02 13:05:04,332] {local_task_job.py:156} INFO - Task exited with return code 0
[2024-04-02 13:05:04,365] {local_task_job.py:273} INFO - 0 downstream tasks scheduled from follow-on schedule check
[2024-04-02 17:18:27,335] {taskinstance.py:1159} INFO - Dependencies all met for <TaskInstance: get_stocks_dag.AAPL scheduled__2024-02-10T00:00:00+00:00 [queued]>
[2024-04-02 17:18:27,576] {taskinstance.py:1159} INFO - Dependencies all met for <TaskInstance: get_stocks_dag.AAPL scheduled__2024-02-10T00:00:00+00:00 [queued]>
[2024-04-02 17:18:27,576] {taskinstance.py:1356} INFO - 
--------------------------------------------------------------------------------
[2024-04-02 17:18:27,577] {taskinstance.py:1357} INFO - Starting attempt 1 of 1
[2024-04-02 17:18:27,577] {taskinstance.py:1358} INFO - 
--------------------------------------------------------------------------------
[2024-04-02 17:18:27,720] {taskinstance.py:1377} INFO - Executing <Task(_PythonDecoratedOperator): AAPL> on 2024-02-10 00:00:00+00:00
[2024-04-02 17:18:27,751] {standard_task_runner.py:52} INFO - Started process 6433 to run task
[2024-04-02 17:18:27,789] {standard_task_runner.py:79} INFO - Running: ['airflow', 'tasks', 'run', 'get_stocks_dag', 'AAPL', 'scheduled__2024-02-10T00:00:00+00:00', '--job-id', '105', '--raw', '--subdir', 'DAGS_FOLDER/get_stocks.py', '--cfg-path', '/tmp/tmp1xtzz62w', '--error-file', '/tmp/tmpxtshyqjz']
[2024-04-02 17:18:27,791] {standard_task_runner.py:80} INFO - Job 105: Subtask AAPL
[2024-04-02 17:18:28,811] {task_command.py:370} INFO - Running <TaskInstance: get_stocks_dag.AAPL scheduled__2024-02-10T00:00:00+00:00 [running]> on host alexmend-virtual-machine
[2024-04-02 17:18:29,596] {taskinstance.py:1569} INFO - Exporting the following env vars:
AIRFLOW_CTX_DAG_OWNER=airflow
AIRFLOW_CTX_DAG_ID=get_stocks_dag
AIRFLOW_CTX_TASK_ID=AAPL
AIRFLOW_CTX_EXECUTION_DATE=2024-02-10T00:00:00+00:00
AIRFLOW_CTX_TRY_NUMBER=1
AIRFLOW_CTX_DAG_RUN_ID=scheduled__2024-02-10T00:00:00+00:00
[2024-04-02 17:18:31,451] {python.py:173} INFO - Done. Returned value was: None
[2024-04-02 17:18:31,617] {taskinstance.py:1395} INFO - Marking task as SUCCESS. dag_id=get_stocks_dag, task_id=AAPL, execution_date=20240210T000000, start_date=20240402T201827, end_date=20240402T201831
[2024-04-02 17:18:31,860] {local_task_job.py:156} INFO - Task exited with return code 0
[2024-04-02 17:18:32,016] {local_task_job.py:273} INFO - 0 downstream tasks scheduled from follow-on schedule check
[2024-04-02 17:44:37,703] {taskinstance.py:1159} INFO - Dependencies all met for <TaskInstance: get_stocks_dag.AAPL scheduled__2024-02-10T00:00:00+00:00 [queued]>
[2024-04-02 17:44:37,720] {taskinstance.py:1159} INFO - Dependencies all met for <TaskInstance: get_stocks_dag.AAPL scheduled__2024-02-10T00:00:00+00:00 [queued]>
[2024-04-02 17:44:37,720] {taskinstance.py:1356} INFO - 
--------------------------------------------------------------------------------
[2024-04-02 17:44:37,720] {taskinstance.py:1357} INFO - Starting attempt 1 of 1
[2024-04-02 17:44:37,720] {taskinstance.py:1358} INFO - 
--------------------------------------------------------------------------------
[2024-04-02 17:44:37,746] {taskinstance.py:1377} INFO - Executing <Task(_PythonDecoratedOperator): AAPL> on 2024-02-10 00:00:00+00:00
[2024-04-02 17:44:37,760] {standard_task_runner.py:52} INFO - Started process 21304 to run task
[2024-04-02 17:44:37,777] {standard_task_runner.py:79} INFO - Running: ['airflow', 'tasks', 'run', 'get_stocks_dag', 'AAPL', 'scheduled__2024-02-10T00:00:00+00:00', '--job-id', '367', '--raw', '--subdir', 'DAGS_FOLDER/get_stocks.py', '--cfg-path', '/tmp/tmpfd7486u9', '--error-file', '/tmp/tmphhwctr0h']
[2024-04-02 17:44:37,779] {standard_task_runner.py:80} INFO - Job 367: Subtask AAPL
[2024-04-02 17:44:37,896] {task_command.py:370} INFO - Running <TaskInstance: get_stocks_dag.AAPL scheduled__2024-02-10T00:00:00+00:00 [running]> on host alexmend-virtual-machine
[2024-04-02 17:44:37,999] {taskinstance.py:1569} INFO - Exporting the following env vars:
AIRFLOW_CTX_DAG_OWNER=airflow
AIRFLOW_CTX_DAG_ID=get_stocks_dag
AIRFLOW_CTX_TASK_ID=AAPL
AIRFLOW_CTX_EXECUTION_DATE=2024-02-10T00:00:00+00:00
AIRFLOW_CTX_TRY_NUMBER=1
AIRFLOW_CTX_DAG_RUN_ID=scheduled__2024-02-10T00:00:00+00:00
[2024-04-02 17:44:38,673] {python.py:173} INFO - Done. Returned value was: None
[2024-04-02 17:44:38,693] {taskinstance.py:1395} INFO - Marking task as SUCCESS. dag_id=get_stocks_dag, task_id=AAPL, execution_date=20240210T000000, start_date=20240402T204437, end_date=20240402T204438
[2024-04-02 17:44:38,735] {local_task_job.py:156} INFO - Task exited with return code 0
[2024-04-02 17:44:38,805] {local_task_job.py:273} INFO - 0 downstream tasks scheduled from follow-on schedule check
