[2024-04-02 13:05:30,992] {taskinstance.py:1159} INFO - Dependencies all met for <TaskInstance: get_stocks_dag.TSLA scheduled__2024-02-13T00:00:00+00:00 [queued]>
[2024-04-02 13:05:31,004] {taskinstance.py:1159} INFO - Dependencies all met for <TaskInstance: get_stocks_dag.TSLA scheduled__2024-02-13T00:00:00+00:00 [queued]>
[2024-04-02 13:05:31,004] {taskinstance.py:1356} INFO - 
--------------------------------------------------------------------------------
[2024-04-02 13:05:31,004] {taskinstance.py:1357} INFO - Starting attempt 1 of 1
[2024-04-02 13:05:31,004] {taskinstance.py:1358} INFO - 
--------------------------------------------------------------------------------
[2024-04-02 13:05:31,025] {taskinstance.py:1377} INFO - Executing <Task(_PythonDecoratedOperator): TSLA> on 2024-02-13 00:00:00+00:00
[2024-04-02 13:05:31,030] {standard_task_runner.py:52} INFO - Started process 10819 to run task
[2024-04-02 13:05:31,037] {standard_task_runner.py:79} INFO - Running: ['airflow', 'tasks', 'run', 'get_stocks_dag', 'TSLA', 'scheduled__2024-02-13T00:00:00+00:00', '--job-id', '130', '--raw', '--subdir', 'DAGS_FOLDER/get_stocks.py', '--cfg-path', '/tmp/tmpgtr5l3jx', '--error-file', '/tmp/tmpi5ce3twa']
[2024-04-02 13:05:31,038] {standard_task_runner.py:80} INFO - Job 130: Subtask TSLA
[2024-04-02 13:05:31,105] {task_command.py:370} INFO - Running <TaskInstance: get_stocks_dag.TSLA scheduled__2024-02-13T00:00:00+00:00 [running]> on host alexmend-virtual-machine
[2024-04-02 13:05:31,194] {taskinstance.py:1569} INFO - Exporting the following env vars:
AIRFLOW_CTX_DAG_OWNER=airflow
AIRFLOW_CTX_DAG_ID=get_stocks_dag
AIRFLOW_CTX_TASK_ID=TSLA
AIRFLOW_CTX_EXECUTION_DATE=2024-02-13T00:00:00+00:00
AIRFLOW_CTX_TRY_NUMBER=1
AIRFLOW_CTX_DAG_RUN_ID=scheduled__2024-02-13T00:00:00+00:00
[2024-04-02 13:05:32,038] {python.py:173} INFO - Done. Returned value was: None
[2024-04-02 13:05:32,053] {taskinstance.py:1395} INFO - Marking task as SUCCESS. dag_id=get_stocks_dag, task_id=TSLA, execution_date=20240213T000000, start_date=20240402T160530, end_date=20240402T160532
[2024-04-02 13:05:32,099] {local_task_job.py:156} INFO - Task exited with return code 0
[2024-04-02 13:05:32,126] {local_task_job.py:273} INFO - 0 downstream tasks scheduled from follow-on schedule check
[2024-04-02 17:18:30,776] {taskinstance.py:1159} INFO - Dependencies all met for <TaskInstance: get_stocks_dag.TSLA scheduled__2024-02-13T00:00:00+00:00 [queued]>
[2024-04-02 17:18:30,844] {taskinstance.py:1159} INFO - Dependencies all met for <TaskInstance: get_stocks_dag.TSLA scheduled__2024-02-13T00:00:00+00:00 [queued]>
[2024-04-02 17:18:30,844] {taskinstance.py:1356} INFO - 
--------------------------------------------------------------------------------
[2024-04-02 17:18:30,844] {taskinstance.py:1357} INFO - Starting attempt 1 of 1
[2024-04-02 17:18:30,845] {taskinstance.py:1358} INFO - 
--------------------------------------------------------------------------------
[2024-04-02 17:18:30,972] {taskinstance.py:1377} INFO - Executing <Task(_PythonDecoratedOperator): TSLA> on 2024-02-13 00:00:00+00:00
[2024-04-02 17:18:31,053] {standard_task_runner.py:79} INFO - Running: ['airflow', 'tasks', 'run', 'get_stocks_dag', 'TSLA', 'scheduled__2024-02-13T00:00:00+00:00', '--job-id', '109', '--raw', '--subdir', 'DAGS_FOLDER/get_stocks.py', '--cfg-path', '/tmp/tmpykt3rlho', '--error-file', '/tmp/tmpqggh124c']
[2024-04-02 17:18:31,056] {standard_task_runner.py:80} INFO - Job 109: Subtask TSLA
[2024-04-02 17:18:31,011] {standard_task_runner.py:52} INFO - Started process 6535 to run task
[2024-04-02 17:18:31,737] {task_command.py:370} INFO - Running <TaskInstance: get_stocks_dag.TSLA scheduled__2024-02-13T00:00:00+00:00 [running]> on host alexmend-virtual-machine
[2024-04-02 17:18:32,496] {taskinstance.py:1569} INFO - Exporting the following env vars:
AIRFLOW_CTX_DAG_OWNER=airflow
AIRFLOW_CTX_DAG_ID=get_stocks_dag
AIRFLOW_CTX_TASK_ID=TSLA
AIRFLOW_CTX_EXECUTION_DATE=2024-02-13T00:00:00+00:00
AIRFLOW_CTX_TRY_NUMBER=1
AIRFLOW_CTX_DAG_RUN_ID=scheduled__2024-02-13T00:00:00+00:00
[2024-04-02 17:18:33,705] {python.py:173} INFO - Done. Returned value was: None
[2024-04-02 17:18:33,790] {taskinstance.py:1395} INFO - Marking task as SUCCESS. dag_id=get_stocks_dag, task_id=TSLA, execution_date=20240213T000000, start_date=20240402T201830, end_date=20240402T201833
[2024-04-02 17:18:34,113] {local_task_job.py:156} INFO - Task exited with return code 0
[2024-04-02 17:18:34,453] {local_task_job.py:273} INFO - 0 downstream tasks scheduled from follow-on schedule check
[2024-04-02 17:44:45,839] {taskinstance.py:1159} INFO - Dependencies all met for <TaskInstance: get_stocks_dag.TSLA scheduled__2024-02-13T00:00:00+00:00 [queued]>
[2024-04-02 17:44:45,856] {taskinstance.py:1159} INFO - Dependencies all met for <TaskInstance: get_stocks_dag.TSLA scheduled__2024-02-13T00:00:00+00:00 [queued]>
[2024-04-02 17:44:45,856] {taskinstance.py:1356} INFO - 
--------------------------------------------------------------------------------
[2024-04-02 17:44:45,856] {taskinstance.py:1357} INFO - Starting attempt 1 of 1
[2024-04-02 17:44:45,856] {taskinstance.py:1358} INFO - 
--------------------------------------------------------------------------------
[2024-04-02 17:44:45,887] {taskinstance.py:1377} INFO - Executing <Task(_PythonDecoratedOperator): TSLA> on 2024-02-13 00:00:00+00:00
[2024-04-02 17:44:45,894] {standard_task_runner.py:52} INFO - Started process 21422 to run task
[2024-04-02 17:44:45,904] {standard_task_runner.py:79} INFO - Running: ['airflow', 'tasks', 'run', 'get_stocks_dag', 'TSLA', 'scheduled__2024-02-13T00:00:00+00:00', '--job-id', '373', '--raw', '--subdir', 'DAGS_FOLDER/get_stocks.py', '--cfg-path', '/tmp/tmpo_nl9xwx', '--error-file', '/tmp/tmp5pfcvfjv']
[2024-04-02 17:44:45,906] {standard_task_runner.py:80} INFO - Job 373: Subtask TSLA
[2024-04-02 17:44:46,026] {task_command.py:370} INFO - Running <TaskInstance: get_stocks_dag.TSLA scheduled__2024-02-13T00:00:00+00:00 [running]> on host alexmend-virtual-machine
[2024-04-02 17:44:46,147] {taskinstance.py:1569} INFO - Exporting the following env vars:
AIRFLOW_CTX_DAG_OWNER=airflow
AIRFLOW_CTX_DAG_ID=get_stocks_dag
AIRFLOW_CTX_TASK_ID=TSLA
AIRFLOW_CTX_EXECUTION_DATE=2024-02-13T00:00:00+00:00
AIRFLOW_CTX_TRY_NUMBER=1
AIRFLOW_CTX_DAG_RUN_ID=scheduled__2024-02-13T00:00:00+00:00
[2024-04-02 17:44:46,796] {python.py:173} INFO - Done. Returned value was: None
[2024-04-02 17:44:46,819] {taskinstance.py:1395} INFO - Marking task as SUCCESS. dag_id=get_stocks_dag, task_id=TSLA, execution_date=20240213T000000, start_date=20240402T204445, end_date=20240402T204446
[2024-04-02 17:44:46,886] {local_task_job.py:156} INFO - Task exited with return code 0
[2024-04-02 17:44:47,006] {local_task_job.py:273} INFO - 0 downstream tasks scheduled from follow-on schedule check
