[2024-04-02 21:49:44,662] {taskinstance.py:1159} INFO - Dependencies all met for <TaskInstance: get_crypto_dag.AVAX scheduled__2024-03-07T00:00:00+00:00 [queued]>
[2024-04-02 21:49:44,738] {taskinstance.py:1159} INFO - Dependencies all met for <TaskInstance: get_crypto_dag.AVAX scheduled__2024-03-07T00:00:00+00:00 [queued]>
[2024-04-02 21:49:44,738] {taskinstance.py:1356} INFO - 
--------------------------------------------------------------------------------
[2024-04-02 21:49:44,739] {taskinstance.py:1357} INFO - Starting attempt 1 of 1
[2024-04-02 21:49:44,739] {taskinstance.py:1358} INFO - 
--------------------------------------------------------------------------------
[2024-04-02 21:49:44,830] {taskinstance.py:1377} INFO - Executing <Task(_PythonDecoratedOperator): AVAX> on 2024-03-07 00:00:00+00:00
[2024-04-02 21:49:44,860] {standard_task_runner.py:52} INFO - Started process 50655 to run task
[2024-04-02 21:49:44,916] {standard_task_runner.py:79} INFO - Running: ['airflow', 'tasks', 'run', 'get_crypto_dag', 'AVAX', 'scheduled__2024-03-07T00:00:00+00:00', '--job-id', '803', '--raw', '--subdir', 'DAGS_FOLDER/get_crypto.py', '--cfg-path', '/tmp/tmpb9a8b599', '--error-file', '/tmp/tmpupaz3_9f']
[2024-04-02 21:49:44,919] {standard_task_runner.py:80} INFO - Job 803: Subtask AVAX
[2024-04-02 21:49:45,245] {task_command.py:370} INFO - Running <TaskInstance: get_crypto_dag.AVAX scheduled__2024-03-07T00:00:00+00:00 [running]> on host alexmend-virtual-machine
[2024-04-02 21:49:45,624] {taskinstance.py:1569} INFO - Exporting the following env vars:
AIRFLOW_CTX_DAG_OWNER=airflow
AIRFLOW_CTX_DAG_ID=get_crypto_dag
AIRFLOW_CTX_TASK_ID=AVAX
AIRFLOW_CTX_EXECUTION_DATE=2024-03-07T00:00:00+00:00
AIRFLOW_CTX_TRY_NUMBER=1
AIRFLOW_CTX_DAG_RUN_ID=scheduled__2024-03-07T00:00:00+00:00
[2024-04-02 21:49:49,147] {history.py:90} ERROR - AVAX: No timezone found, symbol may be delisted
[2024-04-02 21:49:59,166] {python.py:173} INFO - Done. Returned value was: None
[2024-04-02 21:49:59,232] {taskinstance.py:1395} INFO - Marking task as SUCCESS. dag_id=get_crypto_dag, task_id=AVAX, execution_date=20240307T000000, start_date=20240403T004944, end_date=20240403T004959
[2024-04-02 21:49:59,418] {local_task_job.py:156} INFO - Task exited with return code 0
[2024-04-02 21:49:59,739] {local_task_job.py:273} INFO - 0 downstream tasks scheduled from follow-on schedule check
[2024-04-02 22:56:51,416] {taskinstance.py:1159} INFO - Dependencies all met for <TaskInstance: get_crypto_dag.AVAX scheduled__2024-03-07T00:00:00+00:00 [queued]>
[2024-04-02 22:56:51,513] {taskinstance.py:1159} INFO - Dependencies all met for <TaskInstance: get_crypto_dag.AVAX scheduled__2024-03-07T00:00:00+00:00 [queued]>
[2024-04-02 22:56:51,514] {taskinstance.py:1356} INFO - 
--------------------------------------------------------------------------------
[2024-04-02 22:56:51,515] {taskinstance.py:1357} INFO - Starting attempt 1 of 1
[2024-04-02 22:56:51,516] {taskinstance.py:1358} INFO - 
--------------------------------------------------------------------------------
[2024-04-02 22:56:51,631] {taskinstance.py:1377} INFO - Executing <Task(_PythonDecoratedOperator): AVAX> on 2024-03-07 00:00:00+00:00
[2024-04-02 22:56:51,846] {standard_task_runner.py:52} INFO - Started process 74327 to run task
[2024-04-02 22:56:51,981] {standard_task_runner.py:79} INFO - Running: ['airflow', 'tasks', 'run', 'get_crypto_dag', 'AVAX', 'scheduled__2024-03-07T00:00:00+00:00', '--job-id', '1041', '--raw', '--subdir', 'DAGS_FOLDER/get_crypto.py', '--cfg-path', '/tmp/tmpulanwva_', '--error-file', '/tmp/tmpvtub44u8']
[2024-04-02 22:56:51,994] {standard_task_runner.py:80} INFO - Job 1041: Subtask AVAX
[2024-04-02 22:56:53,208] {task_command.py:370} INFO - Running <TaskInstance: get_crypto_dag.AVAX scheduled__2024-03-07T00:00:00+00:00 [running]> on host alexmend-virtual-machine
[2024-04-02 22:56:55,224] {taskinstance.py:1569} INFO - Exporting the following env vars:
AIRFLOW_CTX_DAG_OWNER=airflow
AIRFLOW_CTX_DAG_ID=get_crypto_dag
AIRFLOW_CTX_TASK_ID=AVAX
AIRFLOW_CTX_EXECUTION_DATE=2024-03-07T00:00:00+00:00
AIRFLOW_CTX_TRY_NUMBER=1
AIRFLOW_CTX_DAG_RUN_ID=scheduled__2024-03-07T00:00:00+00:00
[2024-04-02 22:57:02,357] {history.py:90} ERROR - AVAX: No timezone found, symbol may be delisted
[2024-04-02 22:57:12,460] {python.py:173} INFO - Done. Returned value was: None
[2024-04-02 22:57:13,258] {taskinstance.py:1395} INFO - Marking task as SUCCESS. dag_id=get_crypto_dag, task_id=AVAX, execution_date=20240307T000000, start_date=20240403T015651, end_date=20240403T015713
[2024-04-02 22:57:14,104] {local_task_job.py:156} INFO - Task exited with return code 0
[2024-04-02 22:57:15,094] {local_task_job.py:273} INFO - 0 downstream tasks scheduled from follow-on schedule check
