[2024-04-02 13:04:57,150] {taskinstance.py:1159} INFO - Dependencies all met for <TaskInstance: get_stocks_dag.TSLA scheduled__2024-02-09T00:00:00+00:00 [queued]>
[2024-04-02 13:04:57,159] {taskinstance.py:1159} INFO - Dependencies all met for <TaskInstance: get_stocks_dag.TSLA scheduled__2024-02-09T00:00:00+00:00 [queued]>
[2024-04-02 13:04:57,159] {taskinstance.py:1356} INFO - 
--------------------------------------------------------------------------------
[2024-04-02 13:04:57,159] {taskinstance.py:1357} INFO - Starting attempt 1 of 1
[2024-04-02 13:04:57,159] {taskinstance.py:1358} INFO - 
--------------------------------------------------------------------------------
[2024-04-02 13:04:57,175] {taskinstance.py:1377} INFO - Executing <Task(_PythonDecoratedOperator): TSLA> on 2024-02-09 00:00:00+00:00
[2024-04-02 13:04:57,190] {standard_task_runner.py:52} INFO - Started process 10621 to run task
[2024-04-02 13:04:57,198] {standard_task_runner.py:79} INFO - Running: ['airflow', 'tasks', 'run', 'get_stocks_dag', 'TSLA', 'scheduled__2024-02-09T00:00:00+00:00', '--job-id', '122', '--raw', '--subdir', 'DAGS_FOLDER/get_stocks.py', '--cfg-path', '/tmp/tmpi5mhqmfk', '--error-file', '/tmp/tmp8y1za7j3']
[2024-04-02 13:04:57,199] {standard_task_runner.py:80} INFO - Job 122: Subtask TSLA
[2024-04-02 13:04:57,294] {task_command.py:370} INFO - Running <TaskInstance: get_stocks_dag.TSLA scheduled__2024-02-09T00:00:00+00:00 [running]> on host alexmend-virtual-machine
[2024-04-02 13:04:57,414] {taskinstance.py:1569} INFO - Exporting the following env vars:
AIRFLOW_CTX_DAG_OWNER=airflow
AIRFLOW_CTX_DAG_ID=get_stocks_dag
AIRFLOW_CTX_TASK_ID=TSLA
AIRFLOW_CTX_EXECUTION_DATE=2024-02-09T00:00:00+00:00
AIRFLOW_CTX_TRY_NUMBER=1
AIRFLOW_CTX_DAG_RUN_ID=scheduled__2024-02-09T00:00:00+00:00
[2024-04-02 13:04:58,342] {python.py:173} INFO - Done. Returned value was: None
[2024-04-02 13:04:58,358] {taskinstance.py:1395} INFO - Marking task as SUCCESS. dag_id=get_stocks_dag, task_id=TSLA, execution_date=20240209T000000, start_date=20240402T160457, end_date=20240402T160458
[2024-04-02 13:04:58,387] {local_task_job.py:156} INFO - Task exited with return code 0
[2024-04-02 13:04:58,409] {local_task_job.py:273} INFO - 0 downstream tasks scheduled from follow-on schedule check
[2024-04-02 17:18:25,089] {taskinstance.py:1159} INFO - Dependencies all met for <TaskInstance: get_stocks_dag.TSLA scheduled__2024-02-09T00:00:00+00:00 [queued]>
[2024-04-02 17:18:25,158] {taskinstance.py:1159} INFO - Dependencies all met for <TaskInstance: get_stocks_dag.TSLA scheduled__2024-02-09T00:00:00+00:00 [queued]>
[2024-04-02 17:18:25,158] {taskinstance.py:1356} INFO - 
--------------------------------------------------------------------------------
[2024-04-02 17:18:25,158] {taskinstance.py:1357} INFO - Starting attempt 1 of 1
[2024-04-02 17:18:25,158] {taskinstance.py:1358} INFO - 
--------------------------------------------------------------------------------
[2024-04-02 17:18:25,363] {taskinstance.py:1377} INFO - Executing <Task(_PythonDecoratedOperator): TSLA> on 2024-02-09 00:00:00+00:00
[2024-04-02 17:18:25,396] {standard_task_runner.py:52} INFO - Started process 6345 to run task
[2024-04-02 17:18:25,496] {standard_task_runner.py:79} INFO - Running: ['airflow', 'tasks', 'run', 'get_stocks_dag', 'TSLA', 'scheduled__2024-02-09T00:00:00+00:00', '--job-id', '100', '--raw', '--subdir', 'DAGS_FOLDER/get_stocks.py', '--cfg-path', '/tmp/tmpvzvi9d16', '--error-file', '/tmp/tmp11g7t6ff']
[2024-04-02 17:18:25,499] {standard_task_runner.py:80} INFO - Job 100: Subtask TSLA
[2024-04-02 17:18:26,094] {task_command.py:370} INFO - Running <TaskInstance: get_stocks_dag.TSLA scheduled__2024-02-09T00:00:00+00:00 [running]> on host alexmend-virtual-machine
[2024-04-02 17:18:26,584] {taskinstance.py:1569} INFO - Exporting the following env vars:
AIRFLOW_CTX_DAG_OWNER=airflow
AIRFLOW_CTX_DAG_ID=get_stocks_dag
AIRFLOW_CTX_TASK_ID=TSLA
AIRFLOW_CTX_EXECUTION_DATE=2024-02-09T00:00:00+00:00
AIRFLOW_CTX_TRY_NUMBER=1
AIRFLOW_CTX_DAG_RUN_ID=scheduled__2024-02-09T00:00:00+00:00
[2024-04-02 17:18:28,007] {python.py:173} INFO - Done. Returned value was: None
[2024-04-02 17:18:28,156] {taskinstance.py:1395} INFO - Marking task as SUCCESS. dag_id=get_stocks_dag, task_id=TSLA, execution_date=20240209T000000, start_date=20240402T201825, end_date=20240402T201828
[2024-04-02 17:18:28,374] {local_task_job.py:156} INFO - Task exited with return code 0
[2024-04-02 17:18:28,692] {local_task_job.py:273} INFO - 0 downstream tasks scheduled from follow-on schedule check
[2024-04-02 17:44:35,180] {taskinstance.py:1159} INFO - Dependencies all met for <TaskInstance: get_stocks_dag.TSLA scheduled__2024-02-09T00:00:00+00:00 [queued]>
[2024-04-02 17:44:35,197] {taskinstance.py:1159} INFO - Dependencies all met for <TaskInstance: get_stocks_dag.TSLA scheduled__2024-02-09T00:00:00+00:00 [queued]>
[2024-04-02 17:44:35,198] {taskinstance.py:1356} INFO - 
--------------------------------------------------------------------------------
[2024-04-02 17:44:35,198] {taskinstance.py:1357} INFO - Starting attempt 1 of 1
[2024-04-02 17:44:35,198] {taskinstance.py:1358} INFO - 
--------------------------------------------------------------------------------
[2024-04-02 17:44:35,220] {taskinstance.py:1377} INFO - Executing <Task(_PythonDecoratedOperator): TSLA> on 2024-02-09 00:00:00+00:00
[2024-04-02 17:44:35,226] {standard_task_runner.py:52} INFO - Started process 21230 to run task
[2024-04-02 17:44:35,242] {standard_task_runner.py:79} INFO - Running: ['airflow', 'tasks', 'run', 'get_stocks_dag', 'TSLA', 'scheduled__2024-02-09T00:00:00+00:00', '--job-id', '366', '--raw', '--subdir', 'DAGS_FOLDER/get_stocks.py', '--cfg-path', '/tmp/tmp7ft3mxwa', '--error-file', '/tmp/tmpbnysh669']
[2024-04-02 17:44:35,244] {standard_task_runner.py:80} INFO - Job 366: Subtask TSLA
[2024-04-02 17:44:35,377] {task_command.py:370} INFO - Running <TaskInstance: get_stocks_dag.TSLA scheduled__2024-02-09T00:00:00+00:00 [running]> on host alexmend-virtual-machine
[2024-04-02 17:44:35,502] {taskinstance.py:1569} INFO - Exporting the following env vars:
AIRFLOW_CTX_DAG_OWNER=airflow
AIRFLOW_CTX_DAG_ID=get_stocks_dag
AIRFLOW_CTX_TASK_ID=TSLA
AIRFLOW_CTX_EXECUTION_DATE=2024-02-09T00:00:00+00:00
AIRFLOW_CTX_TRY_NUMBER=1
AIRFLOW_CTX_DAG_RUN_ID=scheduled__2024-02-09T00:00:00+00:00
[2024-04-02 17:44:36,153] {python.py:173} INFO - Done. Returned value was: None
[2024-04-02 17:44:36,173] {taskinstance.py:1395} INFO - Marking task as SUCCESS. dag_id=get_stocks_dag, task_id=TSLA, execution_date=20240209T000000, start_date=20240402T204435, end_date=20240402T204436
[2024-04-02 17:44:36,215] {local_task_job.py:156} INFO - Task exited with return code 0
[2024-04-02 17:44:36,265] {local_task_job.py:273} INFO - 0 downstream tasks scheduled from follow-on schedule check
