[2024-04-02 21:49:07,040] {taskinstance.py:1159} INFO - Dependencies all met for <TaskInstance: get_crypto_dag.DOGE scheduled__2024-03-06T00:00:00+00:00 [queued]>
[2024-04-02 21:49:07,071] {taskinstance.py:1159} INFO - Dependencies all met for <TaskInstance: get_crypto_dag.DOGE scheduled__2024-03-06T00:00:00+00:00 [queued]>
[2024-04-02 21:49:07,071] {taskinstance.py:1356} INFO - 
--------------------------------------------------------------------------------
[2024-04-02 21:49:07,071] {taskinstance.py:1357} INFO - Starting attempt 1 of 1
[2024-04-02 21:49:07,071] {taskinstance.py:1358} INFO - 
--------------------------------------------------------------------------------
[2024-04-02 21:49:07,112] {taskinstance.py:1377} INFO - Executing <Task(_PythonDecoratedOperator): DOGE> on 2024-03-06 00:00:00+00:00
[2024-04-02 21:49:07,138] {standard_task_runner.py:52} INFO - Started process 50186 to run task
[2024-04-02 21:49:07,179] {standard_task_runner.py:79} INFO - Running: ['airflow', 'tasks', 'run', 'get_crypto_dag', 'DOGE', 'scheduled__2024-03-06T00:00:00+00:00', '--job-id', '795', '--raw', '--subdir', 'DAGS_FOLDER/get_crypto.py', '--cfg-path', '/tmp/tmp667os03u', '--error-file', '/tmp/tmpeowhazx9']
[2024-04-02 21:49:07,182] {standard_task_runner.py:80} INFO - Job 795: Subtask DOGE
[2024-04-02 21:49:07,622] {task_command.py:370} INFO - Running <TaskInstance: get_crypto_dag.DOGE scheduled__2024-03-06T00:00:00+00:00 [running]> on host alexmend-virtual-machine
[2024-04-02 21:49:08,255] {taskinstance.py:1569} INFO - Exporting the following env vars:
AIRFLOW_CTX_DAG_OWNER=airflow
AIRFLOW_CTX_DAG_ID=get_crypto_dag
AIRFLOW_CTX_TASK_ID=DOGE
AIRFLOW_CTX_EXECUTION_DATE=2024-03-06T00:00:00+00:00
AIRFLOW_CTX_TRY_NUMBER=1
AIRFLOW_CTX_DAG_RUN_ID=scheduled__2024-03-06T00:00:00+00:00
[2024-04-02 21:49:12,357] {history.py:90} ERROR - DOGE: No timezone found, symbol may be delisted
[2024-04-02 21:49:22,398] {python.py:173} INFO - Done. Returned value was: None
[2024-04-02 21:49:22,501] {taskinstance.py:1395} INFO - Marking task as SUCCESS. dag_id=get_crypto_dag, task_id=DOGE, execution_date=20240306T000000, start_date=20240403T004907, end_date=20240403T004922
[2024-04-02 21:49:22,690] {local_task_job.py:156} INFO - Task exited with return code 0
[2024-04-02 21:49:22,845] {local_task_job.py:273} INFO - 0 downstream tasks scheduled from follow-on schedule check
[2024-04-02 22:55:22,514] {taskinstance.py:1159} INFO - Dependencies all met for <TaskInstance: get_crypto_dag.DOGE scheduled__2024-03-06T00:00:00+00:00 [queued]>
[2024-04-02 22:55:22,560] {taskinstance.py:1159} INFO - Dependencies all met for <TaskInstance: get_crypto_dag.DOGE scheduled__2024-03-06T00:00:00+00:00 [queued]>
[2024-04-02 22:55:22,563] {taskinstance.py:1356} INFO - 
--------------------------------------------------------------------------------
[2024-04-02 22:55:22,563] {taskinstance.py:1357} INFO - Starting attempt 1 of 1
[2024-04-02 22:55:22,564] {taskinstance.py:1358} INFO - 
--------------------------------------------------------------------------------
[2024-04-02 22:55:22,606] {taskinstance.py:1377} INFO - Executing <Task(_PythonDecoratedOperator): DOGE> on 2024-03-06 00:00:00+00:00
[2024-04-02 22:55:22,620] {standard_task_runner.py:52} INFO - Started process 73671 to run task
[2024-04-02 22:55:22,638] {standard_task_runner.py:79} INFO - Running: ['airflow', 'tasks', 'run', 'get_crypto_dag', 'DOGE', 'scheduled__2024-03-06T00:00:00+00:00', '--job-id', '1032', '--raw', '--subdir', 'DAGS_FOLDER/get_crypto.py', '--cfg-path', '/tmp/tmp4mmqw72o', '--error-file', '/tmp/tmp32_x4xor']
[2024-04-02 22:55:22,642] {standard_task_runner.py:80} INFO - Job 1032: Subtask DOGE
[2024-04-02 22:55:22,899] {task_command.py:370} INFO - Running <TaskInstance: get_crypto_dag.DOGE scheduled__2024-03-06T00:00:00+00:00 [running]> on host alexmend-virtual-machine
[2024-04-02 22:55:23,146] {taskinstance.py:1569} INFO - Exporting the following env vars:
AIRFLOW_CTX_DAG_OWNER=airflow
AIRFLOW_CTX_DAG_ID=get_crypto_dag
AIRFLOW_CTX_TASK_ID=DOGE
AIRFLOW_CTX_EXECUTION_DATE=2024-03-06T00:00:00+00:00
AIRFLOW_CTX_TRY_NUMBER=1
AIRFLOW_CTX_DAG_RUN_ID=scheduled__2024-03-06T00:00:00+00:00
[2024-04-02 22:55:26,663] {history.py:90} ERROR - DOGE: No timezone found, symbol may be delisted
[2024-04-02 22:55:36,683] {python.py:173} INFO - Done. Returned value was: None
[2024-04-02 22:55:36,830] {taskinstance.py:1395} INFO - Marking task as SUCCESS. dag_id=get_crypto_dag, task_id=DOGE, execution_date=20240306T000000, start_date=20240403T015522, end_date=20240403T015536
[2024-04-02 22:55:36,896] {local_task_job.py:156} INFO - Task exited with return code 0
[2024-04-02 22:55:37,032] {local_task_job.py:273} INFO - 0 downstream tasks scheduled from follow-on schedule check
