[2024-04-02 13:07:36,479] {taskinstance.py:1159} INFO - Dependencies all met for <TaskInstance: get_stocks_dag.GOOG scheduled__2024-02-23T00:00:00+00:00 [queued]>
[2024-04-02 13:07:36,491] {taskinstance.py:1159} INFO - Dependencies all met for <TaskInstance: get_stocks_dag.GOOG scheduled__2024-02-23T00:00:00+00:00 [queued]>
[2024-04-02 13:07:36,491] {taskinstance.py:1356} INFO - 
--------------------------------------------------------------------------------
[2024-04-02 13:07:36,491] {taskinstance.py:1357} INFO - Starting attempt 1 of 1
[2024-04-02 13:07:36,492] {taskinstance.py:1358} INFO - 
--------------------------------------------------------------------------------
[2024-04-02 13:07:36,517] {taskinstance.py:1377} INFO - Executing <Task(_PythonDecoratedOperator): GOOG> on 2024-02-23 00:00:00+00:00
[2024-04-02 13:07:36,536] {standard_task_runner.py:52} INFO - Started process 11540 to run task
[2024-04-02 13:07:36,540] {standard_task_runner.py:79} INFO - Running: ['airflow', 'tasks', 'run', 'get_stocks_dag', 'GOOG', 'scheduled__2024-02-23T00:00:00+00:00', '--job-id', '161', '--raw', '--subdir', 'DAGS_FOLDER/get_stocks.py', '--cfg-path', '/tmp/tmpfgs23cko', '--error-file', '/tmp/tmpvq0cq77f']
[2024-04-02 13:07:36,542] {standard_task_runner.py:80} INFO - Job 161: Subtask GOOG
[2024-04-02 13:07:36,609] {task_command.py:370} INFO - Running <TaskInstance: get_stocks_dag.GOOG scheduled__2024-02-23T00:00:00+00:00 [running]> on host alexmend-virtual-machine
[2024-04-02 13:07:36,688] {taskinstance.py:1569} INFO - Exporting the following env vars:
AIRFLOW_CTX_DAG_OWNER=airflow
AIRFLOW_CTX_DAG_ID=get_stocks_dag
AIRFLOW_CTX_TASK_ID=GOOG
AIRFLOW_CTX_EXECUTION_DATE=2024-02-23T00:00:00+00:00
AIRFLOW_CTX_TRY_NUMBER=1
AIRFLOW_CTX_DAG_RUN_ID=scheduled__2024-02-23T00:00:00+00:00
[2024-04-02 13:07:37,421] {python.py:173} INFO - Done. Returned value was: None
[2024-04-02 13:07:37,434] {taskinstance.py:1395} INFO - Marking task as SUCCESS. dag_id=get_stocks_dag, task_id=GOOG, execution_date=20240223T000000, start_date=20240402T160736, end_date=20240402T160737
[2024-04-02 13:07:37,481] {local_task_job.py:156} INFO - Task exited with return code 0
[2024-04-02 13:07:37,508] {local_task_job.py:273} INFO - 0 downstream tasks scheduled from follow-on schedule check
[2024-04-02 17:18:59,253] {taskinstance.py:1159} INFO - Dependencies all met for <TaskInstance: get_stocks_dag.GOOG scheduled__2024-02-23T00:00:00+00:00 [queued]>
[2024-04-02 17:18:59,294] {taskinstance.py:1159} INFO - Dependencies all met for <TaskInstance: get_stocks_dag.GOOG scheduled__2024-02-23T00:00:00+00:00 [queued]>
[2024-04-02 17:18:59,295] {taskinstance.py:1356} INFO - 
--------------------------------------------------------------------------------
[2024-04-02 17:18:59,295] {taskinstance.py:1357} INFO - Starting attempt 1 of 1
[2024-04-02 17:18:59,295] {taskinstance.py:1358} INFO - 
--------------------------------------------------------------------------------
[2024-04-02 17:18:59,441] {taskinstance.py:1377} INFO - Executing <Task(_PythonDecoratedOperator): GOOG> on 2024-02-23 00:00:00+00:00
[2024-04-02 17:18:59,494] {standard_task_runner.py:52} INFO - Started process 7405 to run task
[2024-04-02 17:18:59,557] {standard_task_runner.py:79} INFO - Running: ['airflow', 'tasks', 'run', 'get_stocks_dag', 'GOOG', 'scheduled__2024-02-23T00:00:00+00:00', '--job-id', '146', '--raw', '--subdir', 'DAGS_FOLDER/get_stocks.py', '--cfg-path', '/tmp/tmpzicwmyp_', '--error-file', '/tmp/tmpkawfbj4a']
[2024-04-02 17:18:59,562] {standard_task_runner.py:80} INFO - Job 146: Subtask GOOG
[2024-04-02 17:19:00,215] {task_command.py:370} INFO - Running <TaskInstance: get_stocks_dag.GOOG scheduled__2024-02-23T00:00:00+00:00 [running]> on host alexmend-virtual-machine
[2024-04-02 17:19:00,589] {taskinstance.py:1569} INFO - Exporting the following env vars:
AIRFLOW_CTX_DAG_OWNER=airflow
AIRFLOW_CTX_DAG_ID=get_stocks_dag
AIRFLOW_CTX_TASK_ID=GOOG
AIRFLOW_CTX_EXECUTION_DATE=2024-02-23T00:00:00+00:00
AIRFLOW_CTX_TRY_NUMBER=1
AIRFLOW_CTX_DAG_RUN_ID=scheduled__2024-02-23T00:00:00+00:00
[2024-04-02 17:19:01,814] {python.py:173} INFO - Done. Returned value was: None
[2024-04-02 17:19:01,859] {taskinstance.py:1395} INFO - Marking task as SUCCESS. dag_id=get_stocks_dag, task_id=GOOG, execution_date=20240223T000000, start_date=20240402T201859, end_date=20240402T201901
[2024-04-02 17:19:01,960] {local_task_job.py:156} INFO - Task exited with return code 0
[2024-04-02 17:19:02,072] {local_task_job.py:273} INFO - 0 downstream tasks scheduled from follow-on schedule check
[2024-04-02 17:45:26,012] {taskinstance.py:1159} INFO - Dependencies all met for <TaskInstance: get_stocks_dag.GOOG scheduled__2024-02-23T00:00:00+00:00 [queued]>
[2024-04-02 17:45:26,025] {taskinstance.py:1159} INFO - Dependencies all met for <TaskInstance: get_stocks_dag.GOOG scheduled__2024-02-23T00:00:00+00:00 [queued]>
[2024-04-02 17:45:26,026] {taskinstance.py:1356} INFO - 
--------------------------------------------------------------------------------
[2024-04-02 17:45:26,026] {taskinstance.py:1357} INFO - Starting attempt 1 of 1
[2024-04-02 17:45:26,026] {taskinstance.py:1358} INFO - 
--------------------------------------------------------------------------------
[2024-04-02 17:45:26,046] {taskinstance.py:1377} INFO - Executing <Task(_PythonDecoratedOperator): GOOG> on 2024-02-23 00:00:00+00:00
[2024-04-02 17:45:26,052] {standard_task_runner.py:52} INFO - Started process 22251 to run task
[2024-04-02 17:45:26,061] {standard_task_runner.py:79} INFO - Running: ['airflow', 'tasks', 'run', 'get_stocks_dag', 'GOOG', 'scheduled__2024-02-23T00:00:00+00:00', '--job-id', '405', '--raw', '--subdir', 'DAGS_FOLDER/get_stocks.py', '--cfg-path', '/tmp/tmppd4eelcz', '--error-file', '/tmp/tmpn1elhbwd']
[2024-04-02 17:45:26,063] {standard_task_runner.py:80} INFO - Job 405: Subtask GOOG
[2024-04-02 17:45:26,188] {task_command.py:370} INFO - Running <TaskInstance: get_stocks_dag.GOOG scheduled__2024-02-23T00:00:00+00:00 [running]> on host alexmend-virtual-machine
[2024-04-02 17:45:26,316] {taskinstance.py:1569} INFO - Exporting the following env vars:
AIRFLOW_CTX_DAG_OWNER=airflow
AIRFLOW_CTX_DAG_ID=get_stocks_dag
AIRFLOW_CTX_TASK_ID=GOOG
AIRFLOW_CTX_EXECUTION_DATE=2024-02-23T00:00:00+00:00
AIRFLOW_CTX_TRY_NUMBER=1
AIRFLOW_CTX_DAG_RUN_ID=scheduled__2024-02-23T00:00:00+00:00
[2024-04-02 17:45:26,926] {python.py:173} INFO - Done. Returned value was: None
[2024-04-02 17:45:26,947] {taskinstance.py:1395} INFO - Marking task as SUCCESS. dag_id=get_stocks_dag, task_id=GOOG, execution_date=20240223T000000, start_date=20240402T204526, end_date=20240402T204526
[2024-04-02 17:45:26,974] {local_task_job.py:156} INFO - Task exited with return code 0
[2024-04-02 17:45:27,032] {local_task_job.py:273} INFO - 0 downstream tasks scheduled from follow-on schedule check
