[2024-04-02 21:47:50,165] {taskinstance.py:1159} INFO - Dependencies all met for <TaskInstance: get_crypto_dag.AVAX scheduled__2024-03-03T00:00:00+00:00 [queued]>
[2024-04-02 21:47:50,234] {taskinstance.py:1159} INFO - Dependencies all met for <TaskInstance: get_crypto_dag.AVAX scheduled__2024-03-03T00:00:00+00:00 [queued]>
[2024-04-02 21:47:50,234] {taskinstance.py:1356} INFO - 
--------------------------------------------------------------------------------
[2024-04-02 21:47:50,235] {taskinstance.py:1357} INFO - Starting attempt 1 of 1
[2024-04-02 21:47:50,235] {taskinstance.py:1358} INFO - 
--------------------------------------------------------------------------------
[2024-04-02 21:47:50,369] {taskinstance.py:1377} INFO - Executing <Task(_PythonDecoratedOperator): AVAX> on 2024-03-03 00:00:00+00:00
[2024-04-02 21:47:50,396] {standard_task_runner.py:52} INFO - Started process 49162 to run task
[2024-04-02 21:47:50,437] {standard_task_runner.py:79} INFO - Running: ['airflow', 'tasks', 'run', 'get_crypto_dag', 'AVAX', 'scheduled__2024-03-03T00:00:00+00:00', '--job-id', '776', '--raw', '--subdir', 'DAGS_FOLDER/get_crypto.py', '--cfg-path', '/tmp/tmpagyb9vf0', '--error-file', '/tmp/tmpzxjli2v9']
[2024-04-02 21:47:50,446] {standard_task_runner.py:80} INFO - Job 776: Subtask AVAX
[2024-04-02 21:47:50,893] {task_command.py:370} INFO - Running <TaskInstance: get_crypto_dag.AVAX scheduled__2024-03-03T00:00:00+00:00 [running]> on host alexmend-virtual-machine
[2024-04-02 21:47:51,379] {taskinstance.py:1569} INFO - Exporting the following env vars:
AIRFLOW_CTX_DAG_OWNER=airflow
AIRFLOW_CTX_DAG_ID=get_crypto_dag
AIRFLOW_CTX_TASK_ID=AVAX
AIRFLOW_CTX_EXECUTION_DATE=2024-03-03T00:00:00+00:00
AIRFLOW_CTX_TRY_NUMBER=1
AIRFLOW_CTX_DAG_RUN_ID=scheduled__2024-03-03T00:00:00+00:00
[2024-04-02 21:47:55,378] {history.py:90} ERROR - AVAX: No timezone found, symbol may be delisted
[2024-04-02 21:48:05,406] {python.py:173} INFO - Done. Returned value was: None
[2024-04-02 21:48:05,485] {taskinstance.py:1395} INFO - Marking task as SUCCESS. dag_id=get_crypto_dag, task_id=AVAX, execution_date=20240303T000000, start_date=20240403T004750, end_date=20240403T004805
[2024-04-02 21:48:05,602] {local_task_job.py:156} INFO - Task exited with return code 0
[2024-04-02 21:48:05,766] {local_task_job.py:273} INFO - 0 downstream tasks scheduled from follow-on schedule check
[2024-04-02 22:52:46,292] {taskinstance.py:1159} INFO - Dependencies all met for <TaskInstance: get_crypto_dag.AVAX scheduled__2024-03-03T00:00:00+00:00 [queued]>
[2024-04-02 22:52:46,323] {taskinstance.py:1159} INFO - Dependencies all met for <TaskInstance: get_crypto_dag.AVAX scheduled__2024-03-03T00:00:00+00:00 [queued]>
[2024-04-02 22:52:46,324] {taskinstance.py:1356} INFO - 
--------------------------------------------------------------------------------
[2024-04-02 22:52:46,324] {taskinstance.py:1357} INFO - Starting attempt 1 of 1
[2024-04-02 22:52:46,324] {taskinstance.py:1358} INFO - 
--------------------------------------------------------------------------------
[2024-04-02 22:52:46,373] {taskinstance.py:1377} INFO - Executing <Task(_PythonDecoratedOperator): AVAX> on 2024-03-03 00:00:00+00:00
[2024-04-02 22:52:46,389] {standard_task_runner.py:52} INFO - Started process 72287 to run task
[2024-04-02 22:52:46,413] {standard_task_runner.py:79} INFO - Running: ['airflow', 'tasks', 'run', 'get_crypto_dag', 'AVAX', 'scheduled__2024-03-03T00:00:00+00:00', '--job-id', '1015', '--raw', '--subdir', 'DAGS_FOLDER/get_crypto.py', '--cfg-path', '/tmp/tmplq26xxqo', '--error-file', '/tmp/tmptmotlnsd']
[2024-04-02 22:52:46,419] {standard_task_runner.py:80} INFO - Job 1015: Subtask AVAX
[2024-04-02 22:52:46,718] {task_command.py:370} INFO - Running <TaskInstance: get_crypto_dag.AVAX scheduled__2024-03-03T00:00:00+00:00 [running]> on host alexmend-virtual-machine
[2024-04-02 22:52:47,017] {taskinstance.py:1569} INFO - Exporting the following env vars:
AIRFLOW_CTX_DAG_OWNER=airflow
AIRFLOW_CTX_DAG_ID=get_crypto_dag
AIRFLOW_CTX_TASK_ID=AVAX
AIRFLOW_CTX_EXECUTION_DATE=2024-03-03T00:00:00+00:00
AIRFLOW_CTX_TRY_NUMBER=1
AIRFLOW_CTX_DAG_RUN_ID=scheduled__2024-03-03T00:00:00+00:00
[2024-04-02 22:52:50,719] {history.py:90} ERROR - AVAX: No timezone found, symbol may be delisted
[2024-04-02 22:53:00,753] {python.py:173} INFO - Done. Returned value was: None
[2024-04-02 22:53:01,064] {taskinstance.py:1395} INFO - Marking task as SUCCESS. dag_id=get_crypto_dag, task_id=AVAX, execution_date=20240303T000000, start_date=20240403T015246, end_date=20240403T015301
[2024-04-02 22:53:01,212] {local_task_job.py:156} INFO - Task exited with return code 0
[2024-04-02 22:53:01,396] {local_task_job.py:273} INFO - 0 downstream tasks scheduled from follow-on schedule check
