[2024-04-02 13:12:50,583] {taskinstance.py:1159} INFO - Dependencies all met for <TaskInstance: get_stocks_dag.MSFT scheduled__2024-03-22T00:00:00+00:00 [queued]>
[2024-04-02 13:12:50,593] {taskinstance.py:1159} INFO - Dependencies all met for <TaskInstance: get_stocks_dag.MSFT scheduled__2024-03-22T00:00:00+00:00 [queued]>
[2024-04-02 13:12:50,594] {taskinstance.py:1356} INFO - 
--------------------------------------------------------------------------------
[2024-04-02 13:12:50,594] {taskinstance.py:1357} INFO - Starting attempt 1 of 1
[2024-04-02 13:12:50,594] {taskinstance.py:1358} INFO - 
--------------------------------------------------------------------------------
[2024-04-02 13:12:50,621] {taskinstance.py:1377} INFO - Executing <Task(_PythonDecoratedOperator): MSFT> on 2024-03-22 00:00:00+00:00
[2024-04-02 13:12:50,628] {standard_task_runner.py:52} INFO - Started process 13389 to run task
[2024-04-02 13:12:50,634] {standard_task_runner.py:79} INFO - Running: ['airflow', 'tasks', 'run', 'get_stocks_dag', 'MSFT', 'scheduled__2024-03-22T00:00:00+00:00', '--job-id', '240', '--raw', '--subdir', 'DAGS_FOLDER/get_stocks.py', '--cfg-path', '/tmp/tmprsr9q9v7', '--error-file', '/tmp/tmpb_0s9gq8']
[2024-04-02 13:12:50,635] {standard_task_runner.py:80} INFO - Job 240: Subtask MSFT
[2024-04-02 13:12:50,693] {task_command.py:370} INFO - Running <TaskInstance: get_stocks_dag.MSFT scheduled__2024-03-22T00:00:00+00:00 [running]> on host alexmend-virtual-machine
[2024-04-02 13:12:50,750] {taskinstance.py:1569} INFO - Exporting the following env vars:
AIRFLOW_CTX_DAG_OWNER=airflow
AIRFLOW_CTX_DAG_ID=get_stocks_dag
AIRFLOW_CTX_TASK_ID=MSFT
AIRFLOW_CTX_EXECUTION_DATE=2024-03-22T00:00:00+00:00
AIRFLOW_CTX_TRY_NUMBER=1
AIRFLOW_CTX_DAG_RUN_ID=scheduled__2024-03-22T00:00:00+00:00
[2024-04-02 13:12:51,333] {python.py:173} INFO - Done. Returned value was: None
[2024-04-02 13:12:51,345] {taskinstance.py:1395} INFO - Marking task as SUCCESS. dag_id=get_stocks_dag, task_id=MSFT, execution_date=20240322T000000, start_date=20240402T161250, end_date=20240402T161251
[2024-04-02 13:12:51,372] {local_task_job.py:156} INFO - Task exited with return code 0
[2024-04-02 13:12:51,399] {local_task_job.py:273} INFO - 0 downstream tasks scheduled from follow-on schedule check
[2024-04-02 17:20:05,918] {taskinstance.py:1159} INFO - Dependencies all met for <TaskInstance: get_stocks_dag.MSFT scheduled__2024-03-22T00:00:00+00:00 [queued]>
[2024-04-02 17:20:06,364] {taskinstance.py:1159} INFO - Dependencies all met for <TaskInstance: get_stocks_dag.MSFT scheduled__2024-03-22T00:00:00+00:00 [queued]>
[2024-04-02 17:20:06,365] {taskinstance.py:1356} INFO - 
--------------------------------------------------------------------------------
[2024-04-02 17:20:06,365] {taskinstance.py:1357} INFO - Starting attempt 1 of 1
[2024-04-02 17:20:06,365] {taskinstance.py:1358} INFO - 
--------------------------------------------------------------------------------
[2024-04-02 17:20:06,633] {taskinstance.py:1377} INFO - Executing <Task(_PythonDecoratedOperator): MSFT> on 2024-03-22 00:00:00+00:00
[2024-04-02 17:20:06,688] {standard_task_runner.py:52} INFO - Started process 9315 to run task
[2024-04-02 17:20:06,723] {standard_task_runner.py:79} INFO - Running: ['airflow', 'tasks', 'run', 'get_stocks_dag', 'MSFT', 'scheduled__2024-03-22T00:00:00+00:00', '--job-id', '222', '--raw', '--subdir', 'DAGS_FOLDER/get_stocks.py', '--cfg-path', '/tmp/tmpgp1uupbi', '--error-file', '/tmp/tmpxz513og3']
[2024-04-02 17:20:06,731] {standard_task_runner.py:80} INFO - Job 222: Subtask MSFT
[2024-04-02 17:20:07,972] {task_command.py:370} INFO - Running <TaskInstance: get_stocks_dag.MSFT scheduled__2024-03-22T00:00:00+00:00 [running]> on host alexmend-virtual-machine
[2024-04-02 17:20:08,563] {taskinstance.py:1569} INFO - Exporting the following env vars:
AIRFLOW_CTX_DAG_OWNER=airflow
AIRFLOW_CTX_DAG_ID=get_stocks_dag
AIRFLOW_CTX_TASK_ID=MSFT
AIRFLOW_CTX_EXECUTION_DATE=2024-03-22T00:00:00+00:00
AIRFLOW_CTX_TRY_NUMBER=1
AIRFLOW_CTX_DAG_RUN_ID=scheduled__2024-03-22T00:00:00+00:00
[2024-04-02 17:20:09,992] {python.py:173} INFO - Done. Returned value was: None
[2024-04-02 17:20:10,312] {taskinstance.py:1395} INFO - Marking task as SUCCESS. dag_id=get_stocks_dag, task_id=MSFT, execution_date=20240322T000000, start_date=20240402T202005, end_date=20240402T202010
[2024-04-02 17:20:10,378] {local_task_job.py:156} INFO - Task exited with return code 0
[2024-04-02 17:20:10,686] {local_task_job.py:273} INFO - 0 downstream tasks scheduled from follow-on schedule check
[2024-04-02 17:47:35,734] {taskinstance.py:1159} INFO - Dependencies all met for <TaskInstance: get_stocks_dag.MSFT scheduled__2024-03-22T00:00:00+00:00 [queued]>
[2024-04-02 17:47:35,796] {taskinstance.py:1159} INFO - Dependencies all met for <TaskInstance: get_stocks_dag.MSFT scheduled__2024-03-22T00:00:00+00:00 [queued]>
[2024-04-02 17:47:35,801] {taskinstance.py:1356} INFO - 
--------------------------------------------------------------------------------
[2024-04-02 17:47:35,801] {taskinstance.py:1357} INFO - Starting attempt 1 of 1
[2024-04-02 17:47:35,802] {taskinstance.py:1358} INFO - 
--------------------------------------------------------------------------------
[2024-04-02 17:47:35,862] {taskinstance.py:1377} INFO - Executing <Task(_PythonDecoratedOperator): MSFT> on 2024-03-22 00:00:00+00:00
[2024-04-02 17:47:35,872] {standard_task_runner.py:52} INFO - Started process 24690 to run task
[2024-04-02 17:47:35,891] {standard_task_runner.py:79} INFO - Running: ['airflow', 'tasks', 'run', 'get_stocks_dag', 'MSFT', 'scheduled__2024-03-22T00:00:00+00:00', '--job-id', '484', '--raw', '--subdir', 'DAGS_FOLDER/get_stocks.py', '--cfg-path', '/tmp/tmpqq6ihq91', '--error-file', '/tmp/tmpppobnah7']
[2024-04-02 17:47:35,900] {standard_task_runner.py:80} INFO - Job 484: Subtask MSFT
[2024-04-02 17:47:36,154] {task_command.py:370} INFO - Running <TaskInstance: get_stocks_dag.MSFT scheduled__2024-03-22T00:00:00+00:00 [running]> on host alexmend-virtual-machine
[2024-04-02 17:47:36,372] {taskinstance.py:1569} INFO - Exporting the following env vars:
AIRFLOW_CTX_DAG_OWNER=airflow
AIRFLOW_CTX_DAG_ID=get_stocks_dag
AIRFLOW_CTX_TASK_ID=MSFT
AIRFLOW_CTX_EXECUTION_DATE=2024-03-22T00:00:00+00:00
AIRFLOW_CTX_TRY_NUMBER=1
AIRFLOW_CTX_DAG_RUN_ID=scheduled__2024-03-22T00:00:00+00:00
[2024-04-02 17:47:37,110] {python.py:173} INFO - Done. Returned value was: None
[2024-04-02 17:47:37,140] {taskinstance.py:1395} INFO - Marking task as SUCCESS. dag_id=get_stocks_dag, task_id=MSFT, execution_date=20240322T000000, start_date=20240402T204735, end_date=20240402T204737
[2024-04-02 17:47:37,188] {local_task_job.py:156} INFO - Task exited with return code 0
[2024-04-02 17:47:37,269] {local_task_job.py:273} INFO - 0 downstream tasks scheduled from follow-on schedule check
[2024-04-02 19:16:16,588] {taskinstance.py:1159} INFO - Dependencies all met for <TaskInstance: get_stocks_dag.MSFT scheduled__2024-03-22T00:00:00+00:00 [queued]>
[2024-04-02 19:16:16,617] {taskinstance.py:1159} INFO - Dependencies all met for <TaskInstance: get_stocks_dag.MSFT scheduled__2024-03-22T00:00:00+00:00 [queued]>
[2024-04-02 19:16:16,618] {taskinstance.py:1356} INFO - 
--------------------------------------------------------------------------------
[2024-04-02 19:16:16,618] {taskinstance.py:1357} INFO - Starting attempt 1 of 1
[2024-04-02 19:16:16,618] {taskinstance.py:1358} INFO - 
--------------------------------------------------------------------------------
[2024-04-02 19:16:16,642] {taskinstance.py:1377} INFO - Executing <Task(_PythonDecoratedOperator): MSFT> on 2024-03-22 00:00:00+00:00
[2024-04-02 19:16:16,652] {standard_task_runner.py:52} INFO - Started process 15826 to run task
[2024-04-02 19:16:16,678] {standard_task_runner.py:79} INFO - Running: ['airflow', 'tasks', 'run', 'get_stocks_dag', 'MSFT', 'scheduled__2024-03-22T00:00:00+00:00', '--job-id', '585', '--raw', '--subdir', 'DAGS_FOLDER/get_stocks.py', '--cfg-path', '/tmp/tmpv2tdajo7', '--error-file', '/tmp/tmp5veo3v5n']
[2024-04-02 19:16:16,683] {standard_task_runner.py:80} INFO - Job 585: Subtask MSFT
[2024-04-02 19:16:16,839] {task_command.py:370} INFO - Running <TaskInstance: get_stocks_dag.MSFT scheduled__2024-03-22T00:00:00+00:00 [running]> on host alexmend-virtual-machine
[2024-04-02 19:16:17,004] {taskinstance.py:1569} INFO - Exporting the following env vars:
AIRFLOW_CTX_DAG_OWNER=airflow
AIRFLOW_CTX_DAG_ID=get_stocks_dag
AIRFLOW_CTX_TASK_ID=MSFT
AIRFLOW_CTX_EXECUTION_DATE=2024-03-22T00:00:00+00:00
AIRFLOW_CTX_TRY_NUMBER=1
AIRFLOW_CTX_DAG_RUN_ID=scheduled__2024-03-22T00:00:00+00:00
[2024-04-02 19:16:17,676] {python.py:173} INFO - Done. Returned value was: None
[2024-04-02 19:16:17,723] {taskinstance.py:1395} INFO - Marking task as SUCCESS. dag_id=get_stocks_dag, task_id=MSFT, execution_date=20240322T000000, start_date=20240402T221616, end_date=20240402T221617
[2024-04-02 19:16:17,773] {local_task_job.py:156} INFO - Task exited with return code 0
[2024-04-02 19:16:17,850] {local_task_job.py:273} INFO - 0 downstream tasks scheduled from follow-on schedule check
[2024-04-02 20:40:22,443] {taskinstance.py:1159} INFO - Dependencies all met for <TaskInstance: get_stocks_dag.MSFT scheduled__2024-03-22T00:00:00+00:00 [queued]>
[2024-04-02 20:40:22,466] {taskinstance.py:1159} INFO - Dependencies all met for <TaskInstance: get_stocks_dag.MSFT scheduled__2024-03-22T00:00:00+00:00 [queued]>
[2024-04-02 20:40:22,467] {taskinstance.py:1356} INFO - 
--------------------------------------------------------------------------------
[2024-04-02 20:40:22,467] {taskinstance.py:1357} INFO - Starting attempt 1 of 1
[2024-04-02 20:40:22,467] {taskinstance.py:1358} INFO - 
--------------------------------------------------------------------------------
[2024-04-02 20:40:22,493] {taskinstance.py:1377} INFO - Executing <Task(_PythonDecoratedOperator): MSFT> on 2024-03-22 00:00:00+00:00
[2024-04-02 20:40:22,504] {standard_task_runner.py:52} INFO - Started process 27301 to run task
[2024-04-02 20:40:22,513] {standard_task_runner.py:79} INFO - Running: ['airflow', 'tasks', 'run', 'get_stocks_dag', 'MSFT', 'scheduled__2024-03-22T00:00:00+00:00', '--job-id', '686', '--raw', '--subdir', 'DAGS_FOLDER/get_stocks.py', '--cfg-path', '/tmp/tmpp8lsb327', '--error-file', '/tmp/tmpb0axunya']
[2024-04-02 20:40:22,515] {standard_task_runner.py:80} INFO - Job 686: Subtask MSFT
[2024-04-02 20:40:22,650] {task_command.py:370} INFO - Running <TaskInstance: get_stocks_dag.MSFT scheduled__2024-03-22T00:00:00+00:00 [running]> on host alexmend-virtual-machine
[2024-04-02 20:40:22,822] {taskinstance.py:1569} INFO - Exporting the following env vars:
AIRFLOW_CTX_DAG_OWNER=airflow
AIRFLOW_CTX_DAG_ID=get_stocks_dag
AIRFLOW_CTX_TASK_ID=MSFT
AIRFLOW_CTX_EXECUTION_DATE=2024-03-22T00:00:00+00:00
AIRFLOW_CTX_TRY_NUMBER=1
AIRFLOW_CTX_DAG_RUN_ID=scheduled__2024-03-22T00:00:00+00:00
[2024-04-02 20:40:23,486] {python.py:173} INFO - Done. Returned value was: None
[2024-04-02 20:40:23,659] {taskinstance.py:1395} INFO - Marking task as SUCCESS. dag_id=get_stocks_dag, task_id=MSFT, execution_date=20240322T000000, start_date=20240402T234022, end_date=20240402T234023
[2024-04-02 20:40:23,771] {local_task_job.py:156} INFO - Task exited with return code 0
[2024-04-02 20:40:23,918] {local_task_job.py:273} INFO - 0 downstream tasks scheduled from follow-on schedule check
[2024-04-02 21:54:24,119] {taskinstance.py:1159} INFO - Dependencies all met for <TaskInstance: get_stocks_dag.MSFT scheduled__2024-03-22T00:00:00+00:00 [queued]>
[2024-04-02 21:54:24,148] {taskinstance.py:1159} INFO - Dependencies all met for <TaskInstance: get_stocks_dag.MSFT scheduled__2024-03-22T00:00:00+00:00 [queued]>
[2024-04-02 21:54:24,149] {taskinstance.py:1356} INFO - 
--------------------------------------------------------------------------------
[2024-04-02 21:54:24,149] {taskinstance.py:1357} INFO - Starting attempt 1 of 1
[2024-04-02 21:54:24,149] {taskinstance.py:1358} INFO - 
--------------------------------------------------------------------------------
[2024-04-02 21:54:24,201] {taskinstance.py:1377} INFO - Executing <Task(_PythonDecoratedOperator): MSFT> on 2024-03-22 00:00:00+00:00
[2024-04-02 21:54:24,214] {standard_task_runner.py:52} INFO - Started process 53457 to run task
[2024-04-02 21:54:24,247] {standard_task_runner.py:79} INFO - Running: ['airflow', 'tasks', 'run', 'get_stocks_dag', 'MSFT', 'scheduled__2024-03-22T00:00:00+00:00', '--job-id', '852', '--raw', '--subdir', 'DAGS_FOLDER/get_stocks.py', '--cfg-path', '/tmp/tmpqkp6vspj', '--error-file', '/tmp/tmpydshw0a6']
[2024-04-02 21:54:24,251] {standard_task_runner.py:80} INFO - Job 852: Subtask MSFT
[2024-04-02 21:54:24,501] {task_command.py:370} INFO - Running <TaskInstance: get_stocks_dag.MSFT scheduled__2024-03-22T00:00:00+00:00 [running]> on host alexmend-virtual-machine
[2024-04-02 21:54:24,847] {taskinstance.py:1569} INFO - Exporting the following env vars:
AIRFLOW_CTX_DAG_OWNER=airflow
AIRFLOW_CTX_DAG_ID=get_stocks_dag
AIRFLOW_CTX_TASK_ID=MSFT
AIRFLOW_CTX_EXECUTION_DATE=2024-03-22T00:00:00+00:00
AIRFLOW_CTX_TRY_NUMBER=1
AIRFLOW_CTX_DAG_RUN_ID=scheduled__2024-03-22T00:00:00+00:00
[2024-04-02 21:54:35,898] {python.py:173} INFO - Done. Returned value was: None
[2024-04-02 21:54:35,958] {taskinstance.py:1395} INFO - Marking task as SUCCESS. dag_id=get_stocks_dag, task_id=MSFT, execution_date=20240322T000000, start_date=20240403T005424, end_date=20240403T005435
[2024-04-02 21:54:36,036] {local_task_job.py:156} INFO - Task exited with return code 0
[2024-04-02 21:54:36,128] {local_task_job.py:273} INFO - 0 downstream tasks scheduled from follow-on schedule check
[2024-04-02 23:11:37,632] {taskinstance.py:1159} INFO - Dependencies all met for <TaskInstance: get_stocks_dag.MSFT scheduled__2024-03-22T00:00:00+00:00 [queued]>
[2024-04-02 23:11:37,721] {taskinstance.py:1159} INFO - Dependencies all met for <TaskInstance: get_stocks_dag.MSFT scheduled__2024-03-22T00:00:00+00:00 [queued]>
[2024-04-02 23:11:37,721] {taskinstance.py:1356} INFO - 
--------------------------------------------------------------------------------
[2024-04-02 23:11:37,722] {taskinstance.py:1357} INFO - Starting attempt 1 of 1
[2024-04-02 23:11:37,722] {taskinstance.py:1358} INFO - 
--------------------------------------------------------------------------------
[2024-04-02 23:11:37,841] {taskinstance.py:1377} INFO - Executing <Task(_PythonDecoratedOperator): MSFT> on 2024-03-22 00:00:00+00:00
[2024-04-02 23:11:37,861] {standard_task_runner.py:52} INFO - Started process 82352 to run task
[2024-04-02 23:11:37,929] {standard_task_runner.py:79} INFO - Running: ['airflow', 'tasks', 'run', 'get_stocks_dag', 'MSFT', 'scheduled__2024-03-22T00:00:00+00:00', '--job-id', '1146', '--raw', '--subdir', 'DAGS_FOLDER/get_stocks.py', '--cfg-path', '/tmp/tmpod_3hgbn', '--error-file', '/tmp/tmp919gbpzo']
[2024-04-02 23:11:37,935] {standard_task_runner.py:80} INFO - Job 1146: Subtask MSFT
[2024-04-02 23:11:38,613] {task_command.py:370} INFO - Running <TaskInstance: get_stocks_dag.MSFT scheduled__2024-03-22T00:00:00+00:00 [running]> on host alexmend-virtual-machine
[2024-04-02 23:11:39,557] {taskinstance.py:1569} INFO - Exporting the following env vars:
AIRFLOW_CTX_DAG_OWNER=airflow
AIRFLOW_CTX_DAG_ID=get_stocks_dag
AIRFLOW_CTX_TASK_ID=MSFT
AIRFLOW_CTX_EXECUTION_DATE=2024-03-22T00:00:00+00:00
AIRFLOW_CTX_TRY_NUMBER=1
AIRFLOW_CTX_DAG_RUN_ID=scheduled__2024-03-22T00:00:00+00:00
[2024-04-02 23:11:50,891] {python.py:173} INFO - Done. Returned value was: None
[2024-04-02 23:11:50,939] {taskinstance.py:1395} INFO - Marking task as SUCCESS. dag_id=get_stocks_dag, task_id=MSFT, execution_date=20240322T000000, start_date=20240403T021137, end_date=20240403T021150
[2024-04-02 23:11:51,007] {local_task_job.py:156} INFO - Task exited with return code 0
[2024-04-02 23:11:51,079] {local_task_job.py:273} INFO - 0 downstream tasks scheduled from follow-on schedule check
