[2024-04-02 21:55:50,185] {taskinstance.py:1159} INFO - Dependencies all met for <TaskInstance: get_crypto_dag.AVAX scheduled__2024-03-15T00:00:00+00:00 [queued]>
[2024-04-02 21:55:50,205] {taskinstance.py:1159} INFO - Dependencies all met for <TaskInstance: get_crypto_dag.AVAX scheduled__2024-03-15T00:00:00+00:00 [queued]>
[2024-04-02 21:55:50,205] {taskinstance.py:1356} INFO - 
--------------------------------------------------------------------------------
[2024-04-02 21:55:50,206] {taskinstance.py:1357} INFO - Starting attempt 1 of 1
[2024-04-02 21:55:50,206] {taskinstance.py:1358} INFO - 
--------------------------------------------------------------------------------
[2024-04-02 21:55:50,254] {taskinstance.py:1377} INFO - Executing <Task(_PythonDecoratedOperator): AVAX> on 2024-03-15 00:00:00+00:00
[2024-04-02 21:55:50,270] {standard_task_runner.py:52} INFO - Started process 54608 to run task
[2024-04-02 21:55:50,285] {standard_task_runner.py:79} INFO - Running: ['airflow', 'tasks', 'run', 'get_crypto_dag', 'AVAX', 'scheduled__2024-03-15T00:00:00+00:00', '--job-id', '874', '--raw', '--subdir', 'DAGS_FOLDER/get_crypto.py', '--cfg-path', '/tmp/tmpj5lo7_au', '--error-file', '/tmp/tmp_rsqtd34']
[2024-04-02 21:55:50,287] {standard_task_runner.py:80} INFO - Job 874: Subtask AVAX
[2024-04-02 21:55:50,429] {task_command.py:370} INFO - Running <TaskInstance: get_crypto_dag.AVAX scheduled__2024-03-15T00:00:00+00:00 [running]> on host alexmend-virtual-machine
[2024-04-02 21:55:50,568] {taskinstance.py:1569} INFO - Exporting the following env vars:
AIRFLOW_CTX_DAG_OWNER=airflow
AIRFLOW_CTX_DAG_ID=get_crypto_dag
AIRFLOW_CTX_TASK_ID=AVAX
AIRFLOW_CTX_EXECUTION_DATE=2024-03-15T00:00:00+00:00
AIRFLOW_CTX_TRY_NUMBER=1
AIRFLOW_CTX_DAG_RUN_ID=scheduled__2024-03-15T00:00:00+00:00
[2024-04-02 21:55:54,639] {history.py:90} ERROR - AVAX: No timezone found, symbol may be delisted
[2024-04-02 21:56:04,649] {python.py:173} INFO - Done. Returned value was: None
[2024-04-02 21:56:04,679] {taskinstance.py:1395} INFO - Marking task as SUCCESS. dag_id=get_crypto_dag, task_id=AVAX, execution_date=20240315T000000, start_date=20240403T005550, end_date=20240403T005604
[2024-04-02 21:56:04,749] {local_task_job.py:156} INFO - Task exited with return code 0
[2024-04-02 21:56:04,800] {local_task_job.py:273} INFO - 0 downstream tasks scheduled from follow-on schedule check
[2024-04-02 23:05:30,827] {taskinstance.py:1159} INFO - Dependencies all met for <TaskInstance: get_crypto_dag.AVAX scheduled__2024-03-15T00:00:00+00:00 [queued]>
[2024-04-02 23:05:30,862] {taskinstance.py:1159} INFO - Dependencies all met for <TaskInstance: get_crypto_dag.AVAX scheduled__2024-03-15T00:00:00+00:00 [queued]>
[2024-04-02 23:05:30,862] {taskinstance.py:1356} INFO - 
--------------------------------------------------------------------------------
[2024-04-02 23:05:30,862] {taskinstance.py:1357} INFO - Starting attempt 1 of 1
[2024-04-02 23:05:30,880] {taskinstance.py:1358} INFO - 
--------------------------------------------------------------------------------
[2024-04-02 23:05:30,942] {taskinstance.py:1377} INFO - Executing <Task(_PythonDecoratedOperator): AVAX> on 2024-03-15 00:00:00+00:00
[2024-04-02 23:05:30,979] {standard_task_runner.py:52} INFO - Started process 78838 to run task
[2024-04-02 23:05:31,069] {standard_task_runner.py:79} INFO - Running: ['airflow', 'tasks', 'run', 'get_crypto_dag', 'AVAX', 'scheduled__2024-03-15T00:00:00+00:00', '--job-id', '1100', '--raw', '--subdir', 'DAGS_FOLDER/get_crypto.py', '--cfg-path', '/tmp/tmpssmak2js', '--error-file', '/tmp/tmplflqhfh9']
[2024-04-02 23:05:31,101] {standard_task_runner.py:80} INFO - Job 1100: Subtask AVAX
[2024-04-02 23:05:31,364] {task_command.py:370} INFO - Running <TaskInstance: get_crypto_dag.AVAX scheduled__2024-03-15T00:00:00+00:00 [running]> on host alexmend-virtual-machine
[2024-04-02 23:05:31,665] {taskinstance.py:1569} INFO - Exporting the following env vars:
AIRFLOW_CTX_DAG_OWNER=airflow
AIRFLOW_CTX_DAG_ID=get_crypto_dag
AIRFLOW_CTX_TASK_ID=AVAX
AIRFLOW_CTX_EXECUTION_DATE=2024-03-15T00:00:00+00:00
AIRFLOW_CTX_TRY_NUMBER=1
AIRFLOW_CTX_DAG_RUN_ID=scheduled__2024-03-15T00:00:00+00:00
[2024-04-02 23:05:35,331] {history.py:90} ERROR - AVAX: No timezone found, symbol may be delisted
[2024-04-02 23:05:45,355] {python.py:173} INFO - Done. Returned value was: None
[2024-04-02 23:05:45,493] {taskinstance.py:1395} INFO - Marking task as SUCCESS. dag_id=get_crypto_dag, task_id=AVAX, execution_date=20240315T000000, start_date=20240403T020530, end_date=20240403T020545
[2024-04-02 23:05:45,579] {local_task_job.py:156} INFO - Task exited with return code 0
[2024-04-02 23:05:45,656] {local_task_job.py:273} INFO - 0 downstream tasks scheduled from follow-on schedule check
