[2024-04-02 13:14:15,740] {taskinstance.py:1159} INFO - Dependencies all met for <TaskInstance: get_stocks_dag.TSLA scheduled__2024-03-29T00:00:00+00:00 [queued]>
[2024-04-02 13:14:15,750] {taskinstance.py:1159} INFO - Dependencies all met for <TaskInstance: get_stocks_dag.TSLA scheduled__2024-03-29T00:00:00+00:00 [queued]>
[2024-04-02 13:14:15,750] {taskinstance.py:1356} INFO - 
--------------------------------------------------------------------------------
[2024-04-02 13:14:15,750] {taskinstance.py:1357} INFO - Starting attempt 1 of 1
[2024-04-02 13:14:15,751] {taskinstance.py:1358} INFO - 
--------------------------------------------------------------------------------
[2024-04-02 13:14:15,776] {taskinstance.py:1377} INFO - Executing <Task(_PythonDecoratedOperator): TSLA> on 2024-03-29 00:00:00+00:00
[2024-04-02 13:14:15,782] {standard_task_runner.py:52} INFO - Started process 13893 to run task
[2024-04-02 13:14:15,787] {standard_task_runner.py:79} INFO - Running: ['airflow', 'tasks', 'run', 'get_stocks_dag', 'TSLA', 'scheduled__2024-03-29T00:00:00+00:00', '--job-id', '262', '--raw', '--subdir', 'DAGS_FOLDER/get_stocks.py', '--cfg-path', '/tmp/tmph69crn4e', '--error-file', '/tmp/tmpsj7_d4c5']
[2024-04-02 13:14:15,789] {standard_task_runner.py:80} INFO - Job 262: Subtask TSLA
[2024-04-02 13:14:15,855] {task_command.py:370} INFO - Running <TaskInstance: get_stocks_dag.TSLA scheduled__2024-03-29T00:00:00+00:00 [running]> on host alexmend-virtual-machine
[2024-04-02 13:14:15,946] {taskinstance.py:1569} INFO - Exporting the following env vars:
AIRFLOW_CTX_DAG_OWNER=airflow
AIRFLOW_CTX_DAG_ID=get_stocks_dag
AIRFLOW_CTX_TASK_ID=TSLA
AIRFLOW_CTX_EXECUTION_DATE=2024-03-29T00:00:00+00:00
AIRFLOW_CTX_TRY_NUMBER=1
AIRFLOW_CTX_DAG_RUN_ID=scheduled__2024-03-29T00:00:00+00:00
[2024-04-02 13:14:16,654] {python.py:173} INFO - Done. Returned value was: None
[2024-04-02 13:14:16,674] {taskinstance.py:1395} INFO - Marking task as SUCCESS. dag_id=get_stocks_dag, task_id=TSLA, execution_date=20240329T000000, start_date=20240402T161415, end_date=20240402T161416
[2024-04-02 13:14:16,729] {local_task_job.py:156} INFO - Task exited with return code 0
[2024-04-02 13:14:16,759] {local_task_job.py:273} INFO - 0 downstream tasks scheduled from follow-on schedule check
[2024-04-02 17:20:22,135] {taskinstance.py:1159} INFO - Dependencies all met for <TaskInstance: get_stocks_dag.TSLA scheduled__2024-03-29T00:00:00+00:00 [queued]>
[2024-04-02 17:20:22,151] {taskinstance.py:1159} INFO - Dependencies all met for <TaskInstance: get_stocks_dag.TSLA scheduled__2024-03-29T00:00:00+00:00 [queued]>
[2024-04-02 17:20:22,151] {taskinstance.py:1356} INFO - 
--------------------------------------------------------------------------------
[2024-04-02 17:20:22,152] {taskinstance.py:1357} INFO - Starting attempt 1 of 1
[2024-04-02 17:20:22,152] {taskinstance.py:1358} INFO - 
--------------------------------------------------------------------------------
[2024-04-02 17:20:22,200] {taskinstance.py:1377} INFO - Executing <Task(_PythonDecoratedOperator): TSLA> on 2024-03-29 00:00:00+00:00
[2024-04-02 17:20:22,219] {standard_task_runner.py:52} INFO - Started process 9794 to run task
[2024-04-02 17:20:22,286] {standard_task_runner.py:79} INFO - Running: ['airflow', 'tasks', 'run', 'get_stocks_dag', 'TSLA', 'scheduled__2024-03-29T00:00:00+00:00', '--job-id', '241', '--raw', '--subdir', 'DAGS_FOLDER/get_stocks.py', '--cfg-path', '/tmp/tmpune40zyz', '--error-file', '/tmp/tmpx4bbu63c']
[2024-04-02 17:20:22,293] {standard_task_runner.py:80} INFO - Job 241: Subtask TSLA
[2024-04-02 17:20:22,647] {task_command.py:370} INFO - Running <TaskInstance: get_stocks_dag.TSLA scheduled__2024-03-29T00:00:00+00:00 [running]> on host alexmend-virtual-machine
[2024-04-02 17:20:23,035] {taskinstance.py:1569} INFO - Exporting the following env vars:
AIRFLOW_CTX_DAG_OWNER=airflow
AIRFLOW_CTX_DAG_ID=get_stocks_dag
AIRFLOW_CTX_TASK_ID=TSLA
AIRFLOW_CTX_EXECUTION_DATE=2024-03-29T00:00:00+00:00
AIRFLOW_CTX_TRY_NUMBER=1
AIRFLOW_CTX_DAG_RUN_ID=scheduled__2024-03-29T00:00:00+00:00
[2024-04-02 17:20:24,055] {python.py:173} INFO - Done. Returned value was: None
[2024-04-02 17:20:24,115] {taskinstance.py:1395} INFO - Marking task as SUCCESS. dag_id=get_stocks_dag, task_id=TSLA, execution_date=20240329T000000, start_date=20240402T202022, end_date=20240402T202024
[2024-04-02 17:20:24,206] {local_task_job.py:156} INFO - Task exited with return code 0
[2024-04-02 17:20:24,312] {local_task_job.py:273} INFO - 0 downstream tasks scheduled from follow-on schedule check
[2024-04-02 17:48:20,707] {taskinstance.py:1159} INFO - Dependencies all met for <TaskInstance: get_stocks_dag.TSLA scheduled__2024-03-29T00:00:00+00:00 [queued]>
[2024-04-02 17:48:20,737] {taskinstance.py:1159} INFO - Dependencies all met for <TaskInstance: get_stocks_dag.TSLA scheduled__2024-03-29T00:00:00+00:00 [queued]>
[2024-04-02 17:48:20,738] {taskinstance.py:1356} INFO - 
--------------------------------------------------------------------------------
[2024-04-02 17:48:20,739] {taskinstance.py:1357} INFO - Starting attempt 1 of 1
[2024-04-02 17:48:20,739] {taskinstance.py:1358} INFO - 
--------------------------------------------------------------------------------
[2024-04-02 17:48:20,770] {taskinstance.py:1377} INFO - Executing <Task(_PythonDecoratedOperator): TSLA> on 2024-03-29 00:00:00+00:00
[2024-04-02 17:48:20,780] {standard_task_runner.py:52} INFO - Started process 25438 to run task
[2024-04-02 17:48:20,796] {standard_task_runner.py:79} INFO - Running: ['airflow', 'tasks', 'run', 'get_stocks_dag', 'TSLA', 'scheduled__2024-03-29T00:00:00+00:00', '--job-id', '506', '--raw', '--subdir', 'DAGS_FOLDER/get_stocks.py', '--cfg-path', '/tmp/tmpm1m51695', '--error-file', '/tmp/tmp8wtaymsk']
[2024-04-02 17:48:20,800] {standard_task_runner.py:80} INFO - Job 506: Subtask TSLA
[2024-04-02 17:48:20,967] {task_command.py:370} INFO - Running <TaskInstance: get_stocks_dag.TSLA scheduled__2024-03-29T00:00:00+00:00 [running]> on host alexmend-virtual-machine
[2024-04-02 17:48:21,157] {taskinstance.py:1569} INFO - Exporting the following env vars:
AIRFLOW_CTX_DAG_OWNER=airflow
AIRFLOW_CTX_DAG_ID=get_stocks_dag
AIRFLOW_CTX_TASK_ID=TSLA
AIRFLOW_CTX_EXECUTION_DATE=2024-03-29T00:00:00+00:00
AIRFLOW_CTX_TRY_NUMBER=1
AIRFLOW_CTX_DAG_RUN_ID=scheduled__2024-03-29T00:00:00+00:00
[2024-04-02 17:48:21,892] {python.py:173} INFO - Done. Returned value was: None
[2024-04-02 17:48:21,922] {taskinstance.py:1395} INFO - Marking task as SUCCESS. dag_id=get_stocks_dag, task_id=TSLA, execution_date=20240329T000000, start_date=20240402T204820, end_date=20240402T204821
[2024-04-02 17:48:21,987] {local_task_job.py:156} INFO - Task exited with return code 0
[2024-04-02 17:48:22,079] {local_task_job.py:273} INFO - 0 downstream tasks scheduled from follow-on schedule check
[2024-04-02 19:16:54,659] {taskinstance.py:1159} INFO - Dependencies all met for <TaskInstance: get_stocks_dag.TSLA scheduled__2024-03-29T00:00:00+00:00 [queued]>
[2024-04-02 19:16:54,679] {taskinstance.py:1159} INFO - Dependencies all met for <TaskInstance: get_stocks_dag.TSLA scheduled__2024-03-29T00:00:00+00:00 [queued]>
[2024-04-02 19:16:54,679] {taskinstance.py:1356} INFO - 
--------------------------------------------------------------------------------
[2024-04-02 19:16:54,679] {taskinstance.py:1357} INFO - Starting attempt 1 of 1
[2024-04-02 19:16:54,679] {taskinstance.py:1358} INFO - 
--------------------------------------------------------------------------------
[2024-04-02 19:16:54,700] {taskinstance.py:1377} INFO - Executing <Task(_PythonDecoratedOperator): TSLA> on 2024-03-29 00:00:00+00:00
[2024-04-02 19:16:54,710] {standard_task_runner.py:52} INFO - Started process 16580 to run task
[2024-04-02 19:16:54,719] {standard_task_runner.py:79} INFO - Running: ['airflow', 'tasks', 'run', 'get_stocks_dag', 'TSLA', 'scheduled__2024-03-29T00:00:00+00:00', '--job-id', '607', '--raw', '--subdir', 'DAGS_FOLDER/get_stocks.py', '--cfg-path', '/tmp/tmp9qwgyo6r', '--error-file', '/tmp/tmpbjp0j4ut']
[2024-04-02 19:16:54,721] {standard_task_runner.py:80} INFO - Job 607: Subtask TSLA
[2024-04-02 19:16:54,839] {task_command.py:370} INFO - Running <TaskInstance: get_stocks_dag.TSLA scheduled__2024-03-29T00:00:00+00:00 [running]> on host alexmend-virtual-machine
[2024-04-02 19:16:54,990] {taskinstance.py:1569} INFO - Exporting the following env vars:
AIRFLOW_CTX_DAG_OWNER=airflow
AIRFLOW_CTX_DAG_ID=get_stocks_dag
AIRFLOW_CTX_TASK_ID=TSLA
AIRFLOW_CTX_EXECUTION_DATE=2024-03-29T00:00:00+00:00
AIRFLOW_CTX_TRY_NUMBER=1
AIRFLOW_CTX_DAG_RUN_ID=scheduled__2024-03-29T00:00:00+00:00
[2024-04-02 19:16:55,584] {python.py:173} INFO - Done. Returned value was: None
[2024-04-02 19:16:55,611] {taskinstance.py:1395} INFO - Marking task as SUCCESS. dag_id=get_stocks_dag, task_id=TSLA, execution_date=20240329T000000, start_date=20240402T221654, end_date=20240402T221655
[2024-04-02 19:16:55,657] {local_task_job.py:156} INFO - Task exited with return code 0
[2024-04-02 19:16:55,738] {local_task_job.py:273} INFO - 0 downstream tasks scheduled from follow-on schedule check
[2024-04-02 20:41:02,532] {taskinstance.py:1159} INFO - Dependencies all met for <TaskInstance: get_stocks_dag.TSLA scheduled__2024-03-29T00:00:00+00:00 [queued]>
[2024-04-02 20:41:02,560] {taskinstance.py:1159} INFO - Dependencies all met for <TaskInstance: get_stocks_dag.TSLA scheduled__2024-03-29T00:00:00+00:00 [queued]>
[2024-04-02 20:41:02,561] {taskinstance.py:1356} INFO - 
--------------------------------------------------------------------------------
[2024-04-02 20:41:02,561] {taskinstance.py:1357} INFO - Starting attempt 1 of 1
[2024-04-02 20:41:02,561] {taskinstance.py:1358} INFO - 
--------------------------------------------------------------------------------
[2024-04-02 20:41:02,584] {taskinstance.py:1377} INFO - Executing <Task(_PythonDecoratedOperator): TSLA> on 2024-03-29 00:00:00+00:00
[2024-04-02 20:41:02,596] {standard_task_runner.py:52} INFO - Started process 28122 to run task
[2024-04-02 20:41:02,610] {standard_task_runner.py:79} INFO - Running: ['airflow', 'tasks', 'run', 'get_stocks_dag', 'TSLA', 'scheduled__2024-03-29T00:00:00+00:00', '--job-id', '709', '--raw', '--subdir', 'DAGS_FOLDER/get_stocks.py', '--cfg-path', '/tmp/tmp9098y_tt', '--error-file', '/tmp/tmpylwgdp0l']
[2024-04-02 20:41:02,612] {standard_task_runner.py:80} INFO - Job 709: Subtask TSLA
[2024-04-02 20:41:02,812] {task_command.py:370} INFO - Running <TaskInstance: get_stocks_dag.TSLA scheduled__2024-03-29T00:00:00+00:00 [running]> on host alexmend-virtual-machine
[2024-04-02 20:41:03,010] {taskinstance.py:1569} INFO - Exporting the following env vars:
AIRFLOW_CTX_DAG_OWNER=airflow
AIRFLOW_CTX_DAG_ID=get_stocks_dag
AIRFLOW_CTX_TASK_ID=TSLA
AIRFLOW_CTX_EXECUTION_DATE=2024-03-29T00:00:00+00:00
AIRFLOW_CTX_TRY_NUMBER=1
AIRFLOW_CTX_DAG_RUN_ID=scheduled__2024-03-29T00:00:00+00:00
[2024-04-02 20:41:03,716] {python.py:173} INFO - Done. Returned value was: None
[2024-04-02 20:41:03,749] {taskinstance.py:1395} INFO - Marking task as SUCCESS. dag_id=get_stocks_dag, task_id=TSLA, execution_date=20240329T000000, start_date=20240402T234102, end_date=20240402T234103
[2024-04-02 20:41:03,795] {local_task_job.py:156} INFO - Task exited with return code 0
[2024-04-02 20:41:03,898] {local_task_job.py:273} INFO - 0 downstream tasks scheduled from follow-on schedule check
[2024-04-02 21:56:56,447] {taskinstance.py:1159} INFO - Dependencies all met for <TaskInstance: get_stocks_dag.TSLA scheduled__2024-03-29T00:00:00+00:00 [queued]>
[2024-04-02 21:56:56,491] {taskinstance.py:1159} INFO - Dependencies all met for <TaskInstance: get_stocks_dag.TSLA scheduled__2024-03-29T00:00:00+00:00 [queued]>
[2024-04-02 21:56:56,491] {taskinstance.py:1356} INFO - 
--------------------------------------------------------------------------------
[2024-04-02 21:56:56,492] {taskinstance.py:1357} INFO - Starting attempt 1 of 1
[2024-04-02 21:56:56,492] {taskinstance.py:1358} INFO - 
--------------------------------------------------------------------------------
[2024-04-02 21:56:56,544] {taskinstance.py:1377} INFO - Executing <Task(_PythonDecoratedOperator): TSLA> on 2024-03-29 00:00:00+00:00
[2024-04-02 21:56:56,558] {standard_task_runner.py:52} INFO - Started process 55546 to run task
[2024-04-02 21:56:56,573] {standard_task_runner.py:79} INFO - Running: ['airflow', 'tasks', 'run', 'get_stocks_dag', 'TSLA', 'scheduled__2024-03-29T00:00:00+00:00', '--job-id', '890', '--raw', '--subdir', 'DAGS_FOLDER/get_stocks.py', '--cfg-path', '/tmp/tmp9l34pquk', '--error-file', '/tmp/tmp8mhwv7gp']
[2024-04-02 21:56:56,595] {standard_task_runner.py:80} INFO - Job 890: Subtask TSLA
[2024-04-02 21:56:56,956] {task_command.py:370} INFO - Running <TaskInstance: get_stocks_dag.TSLA scheduled__2024-03-29T00:00:00+00:00 [running]> on host alexmend-virtual-machine
[2024-04-02 21:56:57,321] {taskinstance.py:1569} INFO - Exporting the following env vars:
AIRFLOW_CTX_DAG_OWNER=airflow
AIRFLOW_CTX_DAG_ID=get_stocks_dag
AIRFLOW_CTX_TASK_ID=TSLA
AIRFLOW_CTX_EXECUTION_DATE=2024-03-29T00:00:00+00:00
AIRFLOW_CTX_TRY_NUMBER=1
AIRFLOW_CTX_DAG_RUN_ID=scheduled__2024-03-29T00:00:00+00:00
[2024-04-02 21:57:08,390] {python.py:173} INFO - Done. Returned value was: None
[2024-04-02 21:57:08,498] {taskinstance.py:1395} INFO - Marking task as SUCCESS. dag_id=get_stocks_dag, task_id=TSLA, execution_date=20240329T000000, start_date=20240403T005656, end_date=20240403T005708
[2024-04-02 21:57:08,546] {local_task_job.py:156} INFO - Task exited with return code 0
[2024-04-02 21:57:08,660] {local_task_job.py:273} INFO - 0 downstream tasks scheduled from follow-on schedule check
[2024-04-02 23:18:36,547] {taskinstance.py:1159} INFO - Dependencies all met for <TaskInstance: get_stocks_dag.TSLA scheduled__2024-03-29T00:00:00+00:00 [queued]>
[2024-04-02 23:18:36,575] {taskinstance.py:1159} INFO - Dependencies all met for <TaskInstance: get_stocks_dag.TSLA scheduled__2024-03-29T00:00:00+00:00 [queued]>
[2024-04-02 23:18:36,579] {taskinstance.py:1356} INFO - 
--------------------------------------------------------------------------------
[2024-04-02 23:18:36,580] {taskinstance.py:1357} INFO - Starting attempt 1 of 1
[2024-04-02 23:18:36,581] {taskinstance.py:1358} INFO - 
--------------------------------------------------------------------------------
[2024-04-02 23:18:36,611] {taskinstance.py:1377} INFO - Executing <Task(_PythonDecoratedOperator): TSLA> on 2024-03-29 00:00:00+00:00
[2024-04-02 23:18:36,620] {standard_task_runner.py:52} INFO - Started process 86011 to run task
[2024-04-02 23:18:36,628] {standard_task_runner.py:79} INFO - Running: ['airflow', 'tasks', 'run', 'get_stocks_dag', 'TSLA', 'scheduled__2024-03-29T00:00:00+00:00', '--job-id', '1193', '--raw', '--subdir', 'DAGS_FOLDER/get_stocks.py', '--cfg-path', '/tmp/tmp899x6e9w', '--error-file', '/tmp/tmploonf6v3']
[2024-04-02 23:18:36,630] {standard_task_runner.py:80} INFO - Job 1193: Subtask TSLA
[2024-04-02 23:18:36,788] {task_command.py:370} INFO - Running <TaskInstance: get_stocks_dag.TSLA scheduled__2024-03-29T00:00:00+00:00 [running]> on host alexmend-virtual-machine
[2024-04-02 23:18:36,965] {taskinstance.py:1569} INFO - Exporting the following env vars:
AIRFLOW_CTX_DAG_OWNER=airflow
AIRFLOW_CTX_DAG_ID=get_stocks_dag
AIRFLOW_CTX_TASK_ID=TSLA
AIRFLOW_CTX_EXECUTION_DATE=2024-03-29T00:00:00+00:00
AIRFLOW_CTX_TRY_NUMBER=1
AIRFLOW_CTX_DAG_RUN_ID=scheduled__2024-03-29T00:00:00+00:00
[2024-04-02 23:18:47,619] {python.py:173} INFO - Done. Returned value was: None
[2024-04-02 23:18:47,655] {taskinstance.py:1395} INFO - Marking task as SUCCESS. dag_id=get_stocks_dag, task_id=TSLA, execution_date=20240329T000000, start_date=20240403T021836, end_date=20240403T021847
[2024-04-02 23:18:47,702] {local_task_job.py:156} INFO - Task exited with return code 0
[2024-04-02 23:18:47,763] {local_task_job.py:273} INFO - 0 downstream tasks scheduled from follow-on schedule check
