[2024-04-02 22:03:35,386] {taskinstance.py:1159} INFO - Dependencies all met for <TaskInstance: get_crypto_dag.AVAX scheduled__2024-03-29T00:00:00+00:00 [queued]>
[2024-04-02 22:03:35,401] {taskinstance.py:1159} INFO - Dependencies all met for <TaskInstance: get_crypto_dag.AVAX scheduled__2024-03-29T00:00:00+00:00 [queued]>
[2024-04-02 22:03:35,401] {taskinstance.py:1356} INFO - 
--------------------------------------------------------------------------------
[2024-04-02 22:03:35,401] {taskinstance.py:1357} INFO - Starting attempt 1 of 1
[2024-04-02 22:03:35,401] {taskinstance.py:1358} INFO - 
--------------------------------------------------------------------------------
[2024-04-02 22:03:35,418] {taskinstance.py:1377} INFO - Executing <Task(_PythonDecoratedOperator): AVAX> on 2024-03-29 00:00:00+00:00
[2024-04-02 22:03:35,426] {standard_task_runner.py:52} INFO - Started process 59934 to run task
[2024-04-02 22:03:35,433] {standard_task_runner.py:79} INFO - Running: ['airflow', 'tasks', 'run', 'get_crypto_dag', 'AVAX', 'scheduled__2024-03-29T00:00:00+00:00', '--job-id', '952', '--raw', '--subdir', 'DAGS_FOLDER/get_crypto.py', '--cfg-path', '/tmp/tmpq8jfbg7w', '--error-file', '/tmp/tmp4ooy1wxe']
[2024-04-02 22:03:35,435] {standard_task_runner.py:80} INFO - Job 952: Subtask AVAX
[2024-04-02 22:03:35,559] {task_command.py:370} INFO - Running <TaskInstance: get_crypto_dag.AVAX scheduled__2024-03-29T00:00:00+00:00 [running]> on host alexmend-virtual-machine
[2024-04-02 22:03:35,694] {taskinstance.py:1569} INFO - Exporting the following env vars:
AIRFLOW_CTX_DAG_OWNER=airflow
AIRFLOW_CTX_DAG_ID=get_crypto_dag
AIRFLOW_CTX_TASK_ID=AVAX
AIRFLOW_CTX_EXECUTION_DATE=2024-03-29T00:00:00+00:00
AIRFLOW_CTX_TRY_NUMBER=1
AIRFLOW_CTX_DAG_RUN_ID=scheduled__2024-03-29T00:00:00+00:00
[2024-04-02 22:03:39,296] {history.py:90} ERROR - AVAX: No timezone found, symbol may be delisted
[2024-04-02 22:03:49,310] {python.py:173} INFO - Done. Returned value was: None
[2024-04-02 22:03:49,378] {taskinstance.py:1395} INFO - Marking task as SUCCESS. dag_id=get_crypto_dag, task_id=AVAX, execution_date=20240329T000000, start_date=20240403T010335, end_date=20240403T010349
[2024-04-02 22:03:49,434] {local_task_job.py:156} INFO - Task exited with return code 0
[2024-04-02 22:03:49,496] {local_task_job.py:273} INFO - 0 downstream tasks scheduled from follow-on schedule check
[2024-04-02 23:18:35,065] {taskinstance.py:1159} INFO - Dependencies all met for <TaskInstance: get_crypto_dag.AVAX scheduled__2024-03-29T00:00:00+00:00 [queued]>
[2024-04-02 23:18:35,089] {taskinstance.py:1159} INFO - Dependencies all met for <TaskInstance: get_crypto_dag.AVAX scheduled__2024-03-29T00:00:00+00:00 [queued]>
[2024-04-02 23:18:35,090] {taskinstance.py:1356} INFO - 
--------------------------------------------------------------------------------
[2024-04-02 23:18:35,090] {taskinstance.py:1357} INFO - Starting attempt 1 of 1
[2024-04-02 23:18:35,090] {taskinstance.py:1358} INFO - 
--------------------------------------------------------------------------------
[2024-04-02 23:18:35,152] {taskinstance.py:1377} INFO - Executing <Task(_PythonDecoratedOperator): AVAX> on 2024-03-29 00:00:00+00:00
[2024-04-02 23:18:35,172] {standard_task_runner.py:52} INFO - Started process 85998 to run task
[2024-04-02 23:18:35,180] {standard_task_runner.py:79} INFO - Running: ['airflow', 'tasks', 'run', 'get_crypto_dag', 'AVAX', 'scheduled__2024-03-29T00:00:00+00:00', '--job-id', '1192', '--raw', '--subdir', 'DAGS_FOLDER/get_crypto.py', '--cfg-path', '/tmp/tmpz65qcgv0', '--error-file', '/tmp/tmpt9x97n3j']
[2024-04-02 23:18:35,184] {standard_task_runner.py:80} INFO - Job 1192: Subtask AVAX
[2024-04-02 23:18:35,390] {task_command.py:370} INFO - Running <TaskInstance: get_crypto_dag.AVAX scheduled__2024-03-29T00:00:00+00:00 [running]> on host alexmend-virtual-machine
[2024-04-02 23:18:35,582] {taskinstance.py:1569} INFO - Exporting the following env vars:
AIRFLOW_CTX_DAG_OWNER=airflow
AIRFLOW_CTX_DAG_ID=get_crypto_dag
AIRFLOW_CTX_TASK_ID=AVAX
AIRFLOW_CTX_EXECUTION_DATE=2024-03-29T00:00:00+00:00
AIRFLOW_CTX_TRY_NUMBER=1
AIRFLOW_CTX_DAG_RUN_ID=scheduled__2024-03-29T00:00:00+00:00
[2024-04-02 23:18:39,254] {history.py:90} ERROR - AVAX: No timezone found, symbol may be delisted
[2024-04-02 23:18:49,267] {python.py:173} INFO - Done. Returned value was: None
[2024-04-02 23:18:49,303] {taskinstance.py:1395} INFO - Marking task as SUCCESS. dag_id=get_crypto_dag, task_id=AVAX, execution_date=20240329T000000, start_date=20240403T021835, end_date=20240403T021849
[2024-04-02 23:18:49,447] {local_task_job.py:156} INFO - Task exited with return code 0
[2024-04-02 23:18:49,537] {local_task_job.py:273} INFO - 0 downstream tasks scheduled from follow-on schedule check
