[2024-04-02 21:56:07,710] {taskinstance.py:1159} INFO - Dependencies all met for <TaskInstance: get_crypto_dag.DOGE scheduled__2024-03-15T00:00:00+00:00 [queued]>
[2024-04-02 21:56:07,735] {taskinstance.py:1159} INFO - Dependencies all met for <TaskInstance: get_crypto_dag.DOGE scheduled__2024-03-15T00:00:00+00:00 [queued]>
[2024-04-02 21:56:07,735] {taskinstance.py:1356} INFO - 
--------------------------------------------------------------------------------
[2024-04-02 21:56:07,735] {taskinstance.py:1357} INFO - Starting attempt 1 of 1
[2024-04-02 21:56:07,735] {taskinstance.py:1358} INFO - 
--------------------------------------------------------------------------------
[2024-04-02 21:56:07,769] {taskinstance.py:1377} INFO - Executing <Task(_PythonDecoratedOperator): DOGE> on 2024-03-15 00:00:00+00:00
[2024-04-02 21:56:07,782] {standard_task_runner.py:52} INFO - Started process 54841 to run task
[2024-04-02 21:56:07,799] {standard_task_runner.py:79} INFO - Running: ['airflow', 'tasks', 'run', 'get_crypto_dag', 'DOGE', 'scheduled__2024-03-15T00:00:00+00:00', '--job-id', '878', '--raw', '--subdir', 'DAGS_FOLDER/get_crypto.py', '--cfg-path', '/tmp/tmp1xcbz8ki', '--error-file', '/tmp/tmpjjhbmsrh']
[2024-04-02 21:56:07,803] {standard_task_runner.py:80} INFO - Job 878: Subtask DOGE
[2024-04-02 21:56:08,034] {task_command.py:370} INFO - Running <TaskInstance: get_crypto_dag.DOGE scheduled__2024-03-15T00:00:00+00:00 [running]> on host alexmend-virtual-machine
[2024-04-02 21:56:08,198] {taskinstance.py:1569} INFO - Exporting the following env vars:
AIRFLOW_CTX_DAG_OWNER=airflow
AIRFLOW_CTX_DAG_ID=get_crypto_dag
AIRFLOW_CTX_TASK_ID=DOGE
AIRFLOW_CTX_EXECUTION_DATE=2024-03-15T00:00:00+00:00
AIRFLOW_CTX_TRY_NUMBER=1
AIRFLOW_CTX_DAG_RUN_ID=scheduled__2024-03-15T00:00:00+00:00
[2024-04-02 21:56:12,043] {history.py:90} ERROR - DOGE: No timezone found, symbol may be delisted
[2024-04-02 21:56:22,058] {python.py:173} INFO - Done. Returned value was: None
[2024-04-02 21:56:22,160] {taskinstance.py:1395} INFO - Marking task as SUCCESS. dag_id=get_crypto_dag, task_id=DOGE, execution_date=20240315T000000, start_date=20240403T005607, end_date=20240403T005622
[2024-04-02 21:56:22,297] {local_task_job.py:156} INFO - Task exited with return code 0
[2024-04-02 21:56:22,771] {local_task_job.py:273} INFO - 0 downstream tasks scheduled from follow-on schedule check
[2024-04-02 23:05:13,669] {taskinstance.py:1159} INFO - Dependencies all met for <TaskInstance: get_crypto_dag.DOGE scheduled__2024-03-15T00:00:00+00:00 [queued]>
[2024-04-02 23:05:13,689] {taskinstance.py:1159} INFO - Dependencies all met for <TaskInstance: get_crypto_dag.DOGE scheduled__2024-03-15T00:00:00+00:00 [queued]>
[2024-04-02 23:05:13,690] {taskinstance.py:1356} INFO - 
--------------------------------------------------------------------------------
[2024-04-02 23:05:13,691] {taskinstance.py:1357} INFO - Starting attempt 1 of 1
[2024-04-02 23:05:13,691] {taskinstance.py:1358} INFO - 
--------------------------------------------------------------------------------
[2024-04-02 23:05:13,713] {taskinstance.py:1377} INFO - Executing <Task(_PythonDecoratedOperator): DOGE> on 2024-03-15 00:00:00+00:00
[2024-04-02 23:05:13,729] {standard_task_runner.py:52} INFO - Started process 78661 to run task
[2024-04-02 23:05:13,739] {standard_task_runner.py:79} INFO - Running: ['airflow', 'tasks', 'run', 'get_crypto_dag', 'DOGE', 'scheduled__2024-03-15T00:00:00+00:00', '--job-id', '1098', '--raw', '--subdir', 'DAGS_FOLDER/get_crypto.py', '--cfg-path', '/tmp/tmpnjl47vq8', '--error-file', '/tmp/tmpypc2a5im']
[2024-04-02 23:05:13,743] {standard_task_runner.py:80} INFO - Job 1098: Subtask DOGE
[2024-04-02 23:05:13,840] {task_command.py:370} INFO - Running <TaskInstance: get_crypto_dag.DOGE scheduled__2024-03-15T00:00:00+00:00 [running]> on host alexmend-virtual-machine
[2024-04-02 23:05:13,981] {taskinstance.py:1569} INFO - Exporting the following env vars:
AIRFLOW_CTX_DAG_OWNER=airflow
AIRFLOW_CTX_DAG_ID=get_crypto_dag
AIRFLOW_CTX_TASK_ID=DOGE
AIRFLOW_CTX_EXECUTION_DATE=2024-03-15T00:00:00+00:00
AIRFLOW_CTX_TRY_NUMBER=1
AIRFLOW_CTX_DAG_RUN_ID=scheduled__2024-03-15T00:00:00+00:00
[2024-04-02 23:05:17,674] {history.py:90} ERROR - DOGE: No timezone found, symbol may be delisted
[2024-04-02 23:05:27,712] {python.py:173} INFO - Done. Returned value was: None
[2024-04-02 23:05:27,815] {taskinstance.py:1395} INFO - Marking task as SUCCESS. dag_id=get_crypto_dag, task_id=DOGE, execution_date=20240315T000000, start_date=20240403T020513, end_date=20240403T020527
[2024-04-02 23:05:27,885] {local_task_job.py:156} INFO - Task exited with return code 0
[2024-04-02 23:05:27,957] {local_task_job.py:273} INFO - 0 downstream tasks scheduled from follow-on schedule check
