[2024-04-02 13:09:00,070] {taskinstance.py:1159} INFO - Dependencies all met for <TaskInstance: get_stocks_dag.TSLA scheduled__2024-03-01T00:00:00+00:00 [queued]>
[2024-04-02 13:09:00,082] {taskinstance.py:1159} INFO - Dependencies all met for <TaskInstance: get_stocks_dag.TSLA scheduled__2024-03-01T00:00:00+00:00 [queued]>
[2024-04-02 13:09:00,082] {taskinstance.py:1356} INFO - 
--------------------------------------------------------------------------------
[2024-04-02 13:09:00,082] {taskinstance.py:1357} INFO - Starting attempt 1 of 1
[2024-04-02 13:09:00,082] {taskinstance.py:1358} INFO - 
--------------------------------------------------------------------------------
[2024-04-02 13:09:00,108] {taskinstance.py:1377} INFO - Executing <Task(_PythonDecoratedOperator): TSLA> on 2024-03-01 00:00:00+00:00
[2024-04-02 13:09:00,112] {standard_task_runner.py:52} INFO - Started process 12037 to run task
[2024-04-02 13:09:00,120] {standard_task_runner.py:79} INFO - Running: ['airflow', 'tasks', 'run', 'get_stocks_dag', 'TSLA', 'scheduled__2024-03-01T00:00:00+00:00', '--job-id', '182', '--raw', '--subdir', 'DAGS_FOLDER/get_stocks.py', '--cfg-path', '/tmp/tmp5yt6j9v4', '--error-file', '/tmp/tmphs4h6sqm']
[2024-04-02 13:09:00,122] {standard_task_runner.py:80} INFO - Job 182: Subtask TSLA
[2024-04-02 13:09:00,189] {task_command.py:370} INFO - Running <TaskInstance: get_stocks_dag.TSLA scheduled__2024-03-01T00:00:00+00:00 [running]> on host alexmend-virtual-machine
[2024-04-02 13:09:00,267] {taskinstance.py:1569} INFO - Exporting the following env vars:
AIRFLOW_CTX_DAG_OWNER=airflow
AIRFLOW_CTX_DAG_ID=get_stocks_dag
AIRFLOW_CTX_TASK_ID=TSLA
AIRFLOW_CTX_EXECUTION_DATE=2024-03-01T00:00:00+00:00
AIRFLOW_CTX_TRY_NUMBER=1
AIRFLOW_CTX_DAG_RUN_ID=scheduled__2024-03-01T00:00:00+00:00
[2024-04-02 13:09:00,955] {python.py:173} INFO - Done. Returned value was: None
[2024-04-02 13:09:00,967] {taskinstance.py:1395} INFO - Marking task as SUCCESS. dag_id=get_stocks_dag, task_id=TSLA, execution_date=20240301T000000, start_date=20240402T160900, end_date=20240402T160900
[2024-04-02 13:09:01,014] {local_task_job.py:156} INFO - Task exited with return code 0
[2024-04-02 13:09:01,042] {local_task_job.py:273} INFO - 0 downstream tasks scheduled from follow-on schedule check
[2024-04-02 17:19:13,336] {taskinstance.py:1159} INFO - Dependencies all met for <TaskInstance: get_stocks_dag.TSLA scheduled__2024-03-01T00:00:00+00:00 [queued]>
[2024-04-02 17:19:13,436] {taskinstance.py:1159} INFO - Dependencies all met for <TaskInstance: get_stocks_dag.TSLA scheduled__2024-03-01T00:00:00+00:00 [queued]>
[2024-04-02 17:19:13,437] {taskinstance.py:1356} INFO - 
--------------------------------------------------------------------------------
[2024-04-02 17:19:13,437] {taskinstance.py:1357} INFO - Starting attempt 1 of 1
[2024-04-02 17:19:13,437] {taskinstance.py:1358} INFO - 
--------------------------------------------------------------------------------
[2024-04-02 17:19:13,620] {taskinstance.py:1377} INFO - Executing <Task(_PythonDecoratedOperator): TSLA> on 2024-03-01 00:00:00+00:00
[2024-04-02 17:19:13,680] {standard_task_runner.py:52} INFO - Started process 7768 to run task
[2024-04-02 17:19:13,753] {standard_task_runner.py:79} INFO - Running: ['airflow', 'tasks', 'run', 'get_stocks_dag', 'TSLA', 'scheduled__2024-03-01T00:00:00+00:00', '--job-id', '165', '--raw', '--subdir', 'DAGS_FOLDER/get_stocks.py', '--cfg-path', '/tmp/tmpquhbg8gl', '--error-file', '/tmp/tmpquyrjg7j']
[2024-04-02 17:19:13,798] {standard_task_runner.py:80} INFO - Job 165: Subtask TSLA
[2024-04-02 17:19:15,886] {task_command.py:370} INFO - Running <TaskInstance: get_stocks_dag.TSLA scheduled__2024-03-01T00:00:00+00:00 [running]> on host alexmend-virtual-machine
[2024-04-02 17:19:17,028] {taskinstance.py:1569} INFO - Exporting the following env vars:
AIRFLOW_CTX_DAG_OWNER=airflow
AIRFLOW_CTX_DAG_ID=get_stocks_dag
AIRFLOW_CTX_TASK_ID=TSLA
AIRFLOW_CTX_EXECUTION_DATE=2024-03-01T00:00:00+00:00
AIRFLOW_CTX_TRY_NUMBER=1
AIRFLOW_CTX_DAG_RUN_ID=scheduled__2024-03-01T00:00:00+00:00
[2024-04-02 17:19:19,087] {python.py:173} INFO - Done. Returned value was: None
[2024-04-02 17:19:19,199] {taskinstance.py:1395} INFO - Marking task as SUCCESS. dag_id=get_stocks_dag, task_id=TSLA, execution_date=20240301T000000, start_date=20240402T201913, end_date=20240402T201919
[2024-04-02 17:19:19,496] {local_task_job.py:156} INFO - Task exited with return code 0
[2024-04-02 17:19:19,684] {local_task_job.py:273} INFO - 0 downstream tasks scheduled from follow-on schedule check
[2024-04-02 17:45:54,402] {taskinstance.py:1159} INFO - Dependencies all met for <TaskInstance: get_stocks_dag.TSLA scheduled__2024-03-01T00:00:00+00:00 [queued]>
[2024-04-02 17:45:54,416] {taskinstance.py:1159} INFO - Dependencies all met for <TaskInstance: get_stocks_dag.TSLA scheduled__2024-03-01T00:00:00+00:00 [queued]>
[2024-04-02 17:45:54,417] {taskinstance.py:1356} INFO - 
--------------------------------------------------------------------------------
[2024-04-02 17:45:54,417] {taskinstance.py:1357} INFO - Starting attempt 1 of 1
[2024-04-02 17:45:54,417] {taskinstance.py:1358} INFO - 
--------------------------------------------------------------------------------
[2024-04-02 17:45:54,433] {taskinstance.py:1377} INFO - Executing <Task(_PythonDecoratedOperator): TSLA> on 2024-03-01 00:00:00+00:00
[2024-04-02 17:45:54,440] {standard_task_runner.py:52} INFO - Started process 22874 to run task
[2024-04-02 17:45:54,448] {standard_task_runner.py:79} INFO - Running: ['airflow', 'tasks', 'run', 'get_stocks_dag', 'TSLA', 'scheduled__2024-03-01T00:00:00+00:00', '--job-id', '426', '--raw', '--subdir', 'DAGS_FOLDER/get_stocks.py', '--cfg-path', '/tmp/tmpktm9qohy', '--error-file', '/tmp/tmp1hem3vii']
[2024-04-02 17:45:54,450] {standard_task_runner.py:80} INFO - Job 426: Subtask TSLA
[2024-04-02 17:45:54,594] {task_command.py:370} INFO - Running <TaskInstance: get_stocks_dag.TSLA scheduled__2024-03-01T00:00:00+00:00 [running]> on host alexmend-virtual-machine
[2024-04-02 17:45:54,732] {taskinstance.py:1569} INFO - Exporting the following env vars:
AIRFLOW_CTX_DAG_OWNER=airflow
AIRFLOW_CTX_DAG_ID=get_stocks_dag
AIRFLOW_CTX_TASK_ID=TSLA
AIRFLOW_CTX_EXECUTION_DATE=2024-03-01T00:00:00+00:00
AIRFLOW_CTX_TRY_NUMBER=1
AIRFLOW_CTX_DAG_RUN_ID=scheduled__2024-03-01T00:00:00+00:00
[2024-04-02 17:45:55,414] {python.py:173} INFO - Done. Returned value was: None
[2024-04-02 17:45:55,446] {taskinstance.py:1395} INFO - Marking task as SUCCESS. dag_id=get_stocks_dag, task_id=TSLA, execution_date=20240301T000000, start_date=20240402T204554, end_date=20240402T204555
[2024-04-02 17:45:55,485] {local_task_job.py:156} INFO - Task exited with return code 0
[2024-04-02 17:45:55,539] {local_task_job.py:273} INFO - 0 downstream tasks scheduled from follow-on schedule check
[2024-04-02 19:14:33,635] {taskinstance.py:1159} INFO - Dependencies all met for <TaskInstance: get_stocks_dag.TSLA scheduled__2024-03-01T00:00:00+00:00 [queued]>
[2024-04-02 19:14:33,662] {taskinstance.py:1159} INFO - Dependencies all met for <TaskInstance: get_stocks_dag.TSLA scheduled__2024-03-01T00:00:00+00:00 [queued]>
[2024-04-02 19:14:33,664] {taskinstance.py:1356} INFO - 
--------------------------------------------------------------------------------
[2024-04-02 19:14:33,664] {taskinstance.py:1357} INFO - Starting attempt 1 of 1
[2024-04-02 19:14:33,665] {taskinstance.py:1358} INFO - 
--------------------------------------------------------------------------------
[2024-04-02 19:14:33,715] {taskinstance.py:1377} INFO - Executing <Task(_PythonDecoratedOperator): TSLA> on 2024-03-01 00:00:00+00:00
[2024-04-02 19:14:33,728] {standard_task_runner.py:52} INFO - Started process 13739 to run task
[2024-04-02 19:14:33,771] {standard_task_runner.py:79} INFO - Running: ['airflow', 'tasks', 'run', 'get_stocks_dag', 'TSLA', 'scheduled__2024-03-01T00:00:00+00:00', '--job-id', '527', '--raw', '--subdir', 'DAGS_FOLDER/get_stocks.py', '--cfg-path', '/tmp/tmp7eha82u_', '--error-file', '/tmp/tmphz_ttdq2']
[2024-04-02 19:14:33,775] {standard_task_runner.py:80} INFO - Job 527: Subtask TSLA
[2024-04-02 19:14:34,040] {task_command.py:370} INFO - Running <TaskInstance: get_stocks_dag.TSLA scheduled__2024-03-01T00:00:00+00:00 [running]> on host alexmend-virtual-machine
[2024-04-02 19:14:34,293] {taskinstance.py:1569} INFO - Exporting the following env vars:
AIRFLOW_CTX_DAG_OWNER=airflow
AIRFLOW_CTX_DAG_ID=get_stocks_dag
AIRFLOW_CTX_TASK_ID=TSLA
AIRFLOW_CTX_EXECUTION_DATE=2024-03-01T00:00:00+00:00
AIRFLOW_CTX_TRY_NUMBER=1
AIRFLOW_CTX_DAG_RUN_ID=scheduled__2024-03-01T00:00:00+00:00
[2024-04-02 19:14:35,176] {python.py:173} INFO - Done. Returned value was: None
[2024-04-02 19:14:35,221] {taskinstance.py:1395} INFO - Marking task as SUCCESS. dag_id=get_stocks_dag, task_id=TSLA, execution_date=20240301T000000, start_date=20240402T221433, end_date=20240402T221435
[2024-04-02 19:14:35,316] {local_task_job.py:156} INFO - Task exited with return code 0
[2024-04-02 19:14:35,517] {local_task_job.py:273} INFO - 0 downstream tasks scheduled from follow-on schedule check
[2024-04-02 20:38:14,001] {taskinstance.py:1159} INFO - Dependencies all met for <TaskInstance: get_stocks_dag.TSLA scheduled__2024-03-01T00:00:00+00:00 [queued]>
[2024-04-02 20:38:14,028] {taskinstance.py:1159} INFO - Dependencies all met for <TaskInstance: get_stocks_dag.TSLA scheduled__2024-03-01T00:00:00+00:00 [queued]>
[2024-04-02 20:38:14,029] {taskinstance.py:1356} INFO - 
--------------------------------------------------------------------------------
[2024-04-02 20:38:14,029] {taskinstance.py:1357} INFO - Starting attempt 1 of 1
[2024-04-02 20:38:14,029] {taskinstance.py:1358} INFO - 
--------------------------------------------------------------------------------
[2024-04-02 20:38:14,077] {taskinstance.py:1377} INFO - Executing <Task(_PythonDecoratedOperator): TSLA> on 2024-03-01 00:00:00+00:00
[2024-04-02 20:38:14,091] {standard_task_runner.py:52} INFO - Started process 25018 to run task
[2024-04-02 20:38:14,133] {standard_task_runner.py:79} INFO - Running: ['airflow', 'tasks', 'run', 'get_stocks_dag', 'TSLA', 'scheduled__2024-03-01T00:00:00+00:00', '--job-id', '627', '--raw', '--subdir', 'DAGS_FOLDER/get_stocks.py', '--cfg-path', '/tmp/tmp34u8ycjy', '--error-file', '/tmp/tmpb80ky8ea']
[2024-04-02 20:38:14,142] {standard_task_runner.py:80} INFO - Job 627: Subtask TSLA
[2024-04-02 20:38:14,350] {task_command.py:370} INFO - Running <TaskInstance: get_stocks_dag.TSLA scheduled__2024-03-01T00:00:00+00:00 [running]> on host alexmend-virtual-machine
[2024-04-02 20:38:14,559] {taskinstance.py:1569} INFO - Exporting the following env vars:
AIRFLOW_CTX_DAG_OWNER=airflow
AIRFLOW_CTX_DAG_ID=get_stocks_dag
AIRFLOW_CTX_TASK_ID=TSLA
AIRFLOW_CTX_EXECUTION_DATE=2024-03-01T00:00:00+00:00
AIRFLOW_CTX_TRY_NUMBER=1
AIRFLOW_CTX_DAG_RUN_ID=scheduled__2024-03-01T00:00:00+00:00
[2024-04-02 20:38:15,258] {python.py:173} INFO - Done. Returned value was: None
[2024-04-02 20:38:15,290] {taskinstance.py:1395} INFO - Marking task as SUCCESS. dag_id=get_stocks_dag, task_id=TSLA, execution_date=20240301T000000, start_date=20240402T233814, end_date=20240402T233815
[2024-04-02 20:38:15,346] {local_task_job.py:156} INFO - Task exited with return code 0
[2024-04-02 20:38:15,432] {local_task_job.py:273} INFO - 0 downstream tasks scheduled from follow-on schedule check
[2024-04-02 21:44:58,876] {taskinstance.py:1159} INFO - Dependencies all met for <TaskInstance: get_stocks_dag.TSLA scheduled__2024-03-01T00:00:00+00:00 [queued]>
[2024-04-02 21:44:58,914] {taskinstance.py:1159} INFO - Dependencies all met for <TaskInstance: get_stocks_dag.TSLA scheduled__2024-03-01T00:00:00+00:00 [queued]>
[2024-04-02 21:44:58,915] {taskinstance.py:1356} INFO - 
--------------------------------------------------------------------------------
[2024-04-02 21:44:58,916] {taskinstance.py:1357} INFO - Starting attempt 1 of 1
[2024-04-02 21:44:58,916] {taskinstance.py:1358} INFO - 
--------------------------------------------------------------------------------
[2024-04-02 21:44:58,980] {taskinstance.py:1377} INFO - Executing <Task(_PythonDecoratedOperator): TSLA> on 2024-03-01 00:00:00+00:00
[2024-04-02 21:44:59,000] {standard_task_runner.py:52} INFO - Started process 47016 to run task
[2024-04-02 21:44:59,024] {standard_task_runner.py:79} INFO - Running: ['airflow', 'tasks', 'run', 'get_stocks_dag', 'TSLA', 'scheduled__2024-03-01T00:00:00+00:00', '--job-id', '740', '--raw', '--subdir', 'DAGS_FOLDER/get_stocks.py', '--cfg-path', '/tmp/tmp_97o9zbw', '--error-file', '/tmp/tmp6vx7_mat']
[2024-04-02 21:44:59,055] {standard_task_runner.py:80} INFO - Job 740: Subtask TSLA
[2024-04-02 21:44:59,346] {task_command.py:370} INFO - Running <TaskInstance: get_stocks_dag.TSLA scheduled__2024-03-01T00:00:00+00:00 [running]> on host alexmend-virtual-machine
[2024-04-02 21:45:00,015] {taskinstance.py:1569} INFO - Exporting the following env vars:
AIRFLOW_CTX_DAG_OWNER=airflow
AIRFLOW_CTX_DAG_ID=get_stocks_dag
AIRFLOW_CTX_TASK_ID=TSLA
AIRFLOW_CTX_EXECUTION_DATE=2024-03-01T00:00:00+00:00
AIRFLOW_CTX_TRY_NUMBER=1
AIRFLOW_CTX_DAG_RUN_ID=scheduled__2024-03-01T00:00:00+00:00
[2024-04-02 21:45:11,026] {python.py:173} INFO - Done. Returned value was: None
[2024-04-02 21:45:11,214] {taskinstance.py:1395} INFO - Marking task as SUCCESS. dag_id=get_stocks_dag, task_id=TSLA, execution_date=20240301T000000, start_date=20240403T004458, end_date=20240403T004511
[2024-04-02 21:45:11,286] {local_task_job.py:156} INFO - Task exited with return code 0
[2024-04-02 21:45:11,380] {local_task_job.py:273} INFO - 0 downstream tasks scheduled from follow-on schedule check
[2024-04-02 22:50:26,260] {taskinstance.py:1159} INFO - Dependencies all met for <TaskInstance: get_stocks_dag.TSLA scheduled__2024-03-01T00:00:00+00:00 [queued]>
[2024-04-02 22:50:26,304] {taskinstance.py:1159} INFO - Dependencies all met for <TaskInstance: get_stocks_dag.TSLA scheduled__2024-03-01T00:00:00+00:00 [queued]>
[2024-04-02 22:50:26,305] {taskinstance.py:1356} INFO - 
--------------------------------------------------------------------------------
[2024-04-02 22:50:26,305] {taskinstance.py:1357} INFO - Starting attempt 1 of 1
[2024-04-02 22:50:26,305] {taskinstance.py:1358} INFO - 
--------------------------------------------------------------------------------
[2024-04-02 22:50:26,342] {taskinstance.py:1377} INFO - Executing <Task(_PythonDecoratedOperator): TSLA> on 2024-03-01 00:00:00+00:00
[2024-04-02 22:50:26,352] {standard_task_runner.py:52} INFO - Started process 71009 to run task
[2024-04-02 22:50:26,361] {standard_task_runner.py:79} INFO - Running: ['airflow', 'tasks', 'run', 'get_stocks_dag', 'TSLA', 'scheduled__2024-03-01T00:00:00+00:00', '--job-id', '998', '--raw', '--subdir', 'DAGS_FOLDER/get_stocks.py', '--cfg-path', '/tmp/tmpj6mww47g', '--error-file', '/tmp/tmpc2_dgoo1']
[2024-04-02 22:50:26,372] {standard_task_runner.py:80} INFO - Job 998: Subtask TSLA
[2024-04-02 22:50:26,660] {task_command.py:370} INFO - Running <TaskInstance: get_stocks_dag.TSLA scheduled__2024-03-01T00:00:00+00:00 [running]> on host alexmend-virtual-machine
[2024-04-02 22:50:26,913] {taskinstance.py:1569} INFO - Exporting the following env vars:
AIRFLOW_CTX_DAG_OWNER=airflow
AIRFLOW_CTX_DAG_ID=get_stocks_dag
AIRFLOW_CTX_TASK_ID=TSLA
AIRFLOW_CTX_EXECUTION_DATE=2024-03-01T00:00:00+00:00
AIRFLOW_CTX_TRY_NUMBER=1
AIRFLOW_CTX_DAG_RUN_ID=scheduled__2024-03-01T00:00:00+00:00
[2024-04-02 22:50:37,951] {python.py:173} INFO - Done. Returned value was: None
[2024-04-02 22:50:38,171] {taskinstance.py:1395} INFO - Marking task as SUCCESS. dag_id=get_stocks_dag, task_id=TSLA, execution_date=20240301T000000, start_date=20240403T015026, end_date=20240403T015038
[2024-04-02 22:50:38,248] {local_task_job.py:156} INFO - Task exited with return code 0
[2024-04-02 22:50:38,399] {local_task_job.py:273} INFO - 0 downstream tasks scheduled from follow-on schedule check
