[2024-04-02 13:04:15,085] {taskinstance.py:1159} INFO - Dependencies all met for <TaskInstance: get_stocks_dag.GOOG scheduled__2024-02-07T00:00:00+00:00 [queued]>
[2024-04-02 13:04:15,097] {taskinstance.py:1159} INFO - Dependencies all met for <TaskInstance: get_stocks_dag.GOOG scheduled__2024-02-07T00:00:00+00:00 [queued]>
[2024-04-02 13:04:15,097] {taskinstance.py:1356} INFO - 
--------------------------------------------------------------------------------
[2024-04-02 13:04:15,097] {taskinstance.py:1357} INFO - Starting attempt 1 of 1
[2024-04-02 13:04:15,097] {taskinstance.py:1358} INFO - 
--------------------------------------------------------------------------------
[2024-04-02 13:04:15,116] {taskinstance.py:1377} INFO - Executing <Task(_PythonDecoratedOperator): GOOG> on 2024-02-07 00:00:00+00:00
[2024-04-02 13:04:15,124] {standard_task_runner.py:52} INFO - Started process 10315 to run task
[2024-04-02 13:04:15,131] {standard_task_runner.py:79} INFO - Running: ['airflow', 'tasks', 'run', 'get_stocks_dag', 'GOOG', 'scheduled__2024-02-07T00:00:00+00:00', '--job-id', '113', '--raw', '--subdir', 'DAGS_FOLDER/get_stocks.py', '--cfg-path', '/tmp/tmplm1p9932', '--error-file', '/tmp/tmp1y_1qbky']
[2024-04-02 13:04:15,132] {standard_task_runner.py:80} INFO - Job 113: Subtask GOOG
[2024-04-02 13:04:15,219] {task_command.py:370} INFO - Running <TaskInstance: get_stocks_dag.GOOG scheduled__2024-02-07T00:00:00+00:00 [running]> on host alexmend-virtual-machine
[2024-04-02 13:04:15,300] {taskinstance.py:1569} INFO - Exporting the following env vars:
AIRFLOW_CTX_DAG_OWNER=airflow
AIRFLOW_CTX_DAG_ID=get_stocks_dag
AIRFLOW_CTX_TASK_ID=GOOG
AIRFLOW_CTX_EXECUTION_DATE=2024-02-07T00:00:00+00:00
AIRFLOW_CTX_TRY_NUMBER=1
AIRFLOW_CTX_DAG_RUN_ID=scheduled__2024-02-07T00:00:00+00:00
[2024-04-02 13:04:16,123] {python.py:173} INFO - Done. Returned value was: None
[2024-04-02 13:04:16,139] {taskinstance.py:1395} INFO - Marking task as SUCCESS. dag_id=get_stocks_dag, task_id=GOOG, execution_date=20240207T000000, start_date=20240402T160415, end_date=20240402T160416
[2024-04-02 13:04:16,191] {local_task_job.py:156} INFO - Task exited with return code 0
[2024-04-02 13:04:16,221] {local_task_job.py:273} INFO - 0 downstream tasks scheduled from follow-on schedule check
[2024-04-02 17:18:20,610] {taskinstance.py:1159} INFO - Dependencies all met for <TaskInstance: get_stocks_dag.GOOG scheduled__2024-02-07T00:00:00+00:00 [queued]>
[2024-04-02 17:18:20,701] {taskinstance.py:1159} INFO - Dependencies all met for <TaskInstance: get_stocks_dag.GOOG scheduled__2024-02-07T00:00:00+00:00 [queued]>
[2024-04-02 17:18:20,701] {taskinstance.py:1356} INFO - 
--------------------------------------------------------------------------------
[2024-04-02 17:18:20,701] {taskinstance.py:1357} INFO - Starting attempt 1 of 1
[2024-04-02 17:18:20,702] {taskinstance.py:1358} INFO - 
--------------------------------------------------------------------------------
[2024-04-02 17:18:20,767] {taskinstance.py:1377} INFO - Executing <Task(_PythonDecoratedOperator): GOOG> on 2024-02-07 00:00:00+00:00
[2024-04-02 17:18:20,791] {standard_task_runner.py:52} INFO - Started process 6193 to run task
[2024-04-02 17:18:20,812] {standard_task_runner.py:79} INFO - Running: ['airflow', 'tasks', 'run', 'get_stocks_dag', 'GOOG', 'scheduled__2024-02-07T00:00:00+00:00', '--job-id', '94', '--raw', '--subdir', 'DAGS_FOLDER/get_stocks.py', '--cfg-path', '/tmp/tmpgxdw1tgc', '--error-file', '/tmp/tmposv4_n9t']
[2024-04-02 17:18:20,845] {standard_task_runner.py:80} INFO - Job 94: Subtask GOOG
[2024-04-02 17:18:21,587] {task_command.py:370} INFO - Running <TaskInstance: get_stocks_dag.GOOG scheduled__2024-02-07T00:00:00+00:00 [running]> on host alexmend-virtual-machine
[2024-04-02 17:18:22,718] {taskinstance.py:1569} INFO - Exporting the following env vars:
AIRFLOW_CTX_DAG_OWNER=airflow
AIRFLOW_CTX_DAG_ID=get_stocks_dag
AIRFLOW_CTX_TASK_ID=GOOG
AIRFLOW_CTX_EXECUTION_DATE=2024-02-07T00:00:00+00:00
AIRFLOW_CTX_TRY_NUMBER=1
AIRFLOW_CTX_DAG_RUN_ID=scheduled__2024-02-07T00:00:00+00:00
[2024-04-02 17:18:24,027] {python.py:173} INFO - Done. Returned value was: None
[2024-04-02 17:18:24,158] {taskinstance.py:1395} INFO - Marking task as SUCCESS. dag_id=get_stocks_dag, task_id=GOOG, execution_date=20240207T000000, start_date=20240402T201820, end_date=20240402T201824
[2024-04-02 17:18:24,260] {local_task_job.py:156} INFO - Task exited with return code 0
[2024-04-02 17:18:24,534] {local_task_job.py:273} INFO - 0 downstream tasks scheduled from follow-on schedule check
[2024-04-02 17:44:23,372] {taskinstance.py:1159} INFO - Dependencies all met for <TaskInstance: get_stocks_dag.GOOG scheduled__2024-02-07T00:00:00+00:00 [queued]>
[2024-04-02 17:44:23,388] {taskinstance.py:1159} INFO - Dependencies all met for <TaskInstance: get_stocks_dag.GOOG scheduled__2024-02-07T00:00:00+00:00 [queued]>
[2024-04-02 17:44:23,388] {taskinstance.py:1356} INFO - 
--------------------------------------------------------------------------------
[2024-04-02 17:44:23,389] {taskinstance.py:1357} INFO - Starting attempt 1 of 1
[2024-04-02 17:44:23,389] {taskinstance.py:1358} INFO - 
--------------------------------------------------------------------------------
[2024-04-02 17:44:23,412] {taskinstance.py:1377} INFO - Executing <Task(_PythonDecoratedOperator): GOOG> on 2024-02-07 00:00:00+00:00
[2024-04-02 17:44:23,419] {standard_task_runner.py:52} INFO - Started process 20922 to run task
[2024-04-02 17:44:23,426] {standard_task_runner.py:79} INFO - Running: ['airflow', 'tasks', 'run', 'get_stocks_dag', 'GOOG', 'scheduled__2024-02-07T00:00:00+00:00', '--job-id', '357', '--raw', '--subdir', 'DAGS_FOLDER/get_stocks.py', '--cfg-path', '/tmp/tmp12n_ne81', '--error-file', '/tmp/tmpetn6f3b6']
[2024-04-02 17:44:23,428] {standard_task_runner.py:80} INFO - Job 357: Subtask GOOG
[2024-04-02 17:44:23,551] {task_command.py:370} INFO - Running <TaskInstance: get_stocks_dag.GOOG scheduled__2024-02-07T00:00:00+00:00 [running]> on host alexmend-virtual-machine
[2024-04-02 17:44:23,681] {taskinstance.py:1569} INFO - Exporting the following env vars:
AIRFLOW_CTX_DAG_OWNER=airflow
AIRFLOW_CTX_DAG_ID=get_stocks_dag
AIRFLOW_CTX_TASK_ID=GOOG
AIRFLOW_CTX_EXECUTION_DATE=2024-02-07T00:00:00+00:00
AIRFLOW_CTX_TRY_NUMBER=1
AIRFLOW_CTX_DAG_RUN_ID=scheduled__2024-02-07T00:00:00+00:00
[2024-04-02 17:44:24,358] {python.py:173} INFO - Done. Returned value was: None
[2024-04-02 17:44:24,380] {taskinstance.py:1395} INFO - Marking task as SUCCESS. dag_id=get_stocks_dag, task_id=GOOG, execution_date=20240207T000000, start_date=20240402T204423, end_date=20240402T204424
[2024-04-02 17:44:24,404] {local_task_job.py:156} INFO - Task exited with return code 0
[2024-04-02 17:44:24,457] {local_task_job.py:273} INFO - 0 downstream tasks scheduled from follow-on schedule check
