[2024-04-02 13:04:10,793] {taskinstance.py:1159} INFO - Dependencies all met for <TaskInstance: get_stocks_dag.MSFT scheduled__2024-02-07T00:00:00+00:00 [queued]>
[2024-04-02 13:04:10,802] {taskinstance.py:1159} INFO - Dependencies all met for <TaskInstance: get_stocks_dag.MSFT scheduled__2024-02-07T00:00:00+00:00 [queued]>
[2024-04-02 13:04:10,803] {taskinstance.py:1356} INFO - 
--------------------------------------------------------------------------------
[2024-04-02 13:04:10,803] {taskinstance.py:1357} INFO - Starting attempt 1 of 1
[2024-04-02 13:04:10,804] {taskinstance.py:1358} INFO - 
--------------------------------------------------------------------------------
[2024-04-02 13:04:10,829] {taskinstance.py:1377} INFO - Executing <Task(_PythonDecoratedOperator): MSFT> on 2024-02-07 00:00:00+00:00
[2024-04-02 13:04:10,836] {standard_task_runner.py:52} INFO - Started process 10294 to run task
[2024-04-02 13:04:10,840] {standard_task_runner.py:79} INFO - Running: ['airflow', 'tasks', 'run', 'get_stocks_dag', 'MSFT', 'scheduled__2024-02-07T00:00:00+00:00', '--job-id', '112', '--raw', '--subdir', 'DAGS_FOLDER/get_stocks.py', '--cfg-path', '/tmp/tmptjzya1s0', '--error-file', '/tmp/tmpodlp8cak']
[2024-04-02 13:04:10,841] {standard_task_runner.py:80} INFO - Job 112: Subtask MSFT
[2024-04-02 13:04:10,904] {task_command.py:370} INFO - Running <TaskInstance: get_stocks_dag.MSFT scheduled__2024-02-07T00:00:00+00:00 [running]> on host alexmend-virtual-machine
[2024-04-02 13:04:11,006] {taskinstance.py:1569} INFO - Exporting the following env vars:
AIRFLOW_CTX_DAG_OWNER=airflow
AIRFLOW_CTX_DAG_ID=get_stocks_dag
AIRFLOW_CTX_TASK_ID=MSFT
AIRFLOW_CTX_EXECUTION_DATE=2024-02-07T00:00:00+00:00
AIRFLOW_CTX_TRY_NUMBER=1
AIRFLOW_CTX_DAG_RUN_ID=scheduled__2024-02-07T00:00:00+00:00
[2024-04-02 13:04:11,700] {python.py:173} INFO - Done. Returned value was: None
[2024-04-02 13:04:11,714] {taskinstance.py:1395} INFO - Marking task as SUCCESS. dag_id=get_stocks_dag, task_id=MSFT, execution_date=20240207T000000, start_date=20240402T160410, end_date=20240402T160411
[2024-04-02 13:04:11,743] {local_task_job.py:156} INFO - Task exited with return code 0
[2024-04-02 13:04:11,768] {local_task_job.py:273} INFO - 0 downstream tasks scheduled from follow-on schedule check
[2024-04-02 17:18:21,640] {taskinstance.py:1159} INFO - Dependencies all met for <TaskInstance: get_stocks_dag.MSFT scheduled__2024-02-07T00:00:00+00:00 [queued]>
[2024-04-02 17:18:21,724] {taskinstance.py:1159} INFO - Dependencies all met for <TaskInstance: get_stocks_dag.MSFT scheduled__2024-02-07T00:00:00+00:00 [queued]>
[2024-04-02 17:18:21,724] {taskinstance.py:1356} INFO - 
--------------------------------------------------------------------------------
[2024-04-02 17:18:21,725] {taskinstance.py:1357} INFO - Starting attempt 1 of 1
[2024-04-02 17:18:21,725] {taskinstance.py:1358} INFO - 
--------------------------------------------------------------------------------
[2024-04-02 17:18:21,831] {taskinstance.py:1377} INFO - Executing <Task(_PythonDecoratedOperator): MSFT> on 2024-02-07 00:00:00+00:00
[2024-04-02 17:18:21,858] {standard_task_runner.py:52} INFO - Started process 6223 to run task
[2024-04-02 17:18:21,923] {standard_task_runner.py:79} INFO - Running: ['airflow', 'tasks', 'run', 'get_stocks_dag', 'MSFT', 'scheduled__2024-02-07T00:00:00+00:00', '--job-id', '96', '--raw', '--subdir', 'DAGS_FOLDER/get_stocks.py', '--cfg-path', '/tmp/tmpny94on0k', '--error-file', '/tmp/tmpme_lmaz3']
[2024-04-02 17:18:21,968] {standard_task_runner.py:80} INFO - Job 96: Subtask MSFT
[2024-04-02 17:18:22,508] {task_command.py:370} INFO - Running <TaskInstance: get_stocks_dag.MSFT scheduled__2024-02-07T00:00:00+00:00 [running]> on host alexmend-virtual-machine
[2024-04-02 17:18:23,012] {taskinstance.py:1569} INFO - Exporting the following env vars:
AIRFLOW_CTX_DAG_OWNER=airflow
AIRFLOW_CTX_DAG_ID=get_stocks_dag
AIRFLOW_CTX_TASK_ID=MSFT
AIRFLOW_CTX_EXECUTION_DATE=2024-02-07T00:00:00+00:00
AIRFLOW_CTX_TRY_NUMBER=1
AIRFLOW_CTX_DAG_RUN_ID=scheduled__2024-02-07T00:00:00+00:00
[2024-04-02 17:18:23,988] {python.py:173} INFO - Done. Returned value was: None
[2024-04-02 17:18:24,185] {taskinstance.py:1395} INFO - Marking task as SUCCESS. dag_id=get_stocks_dag, task_id=MSFT, execution_date=20240207T000000, start_date=20240402T201821, end_date=20240402T201824
[2024-04-02 17:18:24,316] {local_task_job.py:156} INFO - Task exited with return code 0
[2024-04-02 17:18:24,564] {local_task_job.py:273} INFO - 0 downstream tasks scheduled from follow-on schedule check
[2024-04-02 17:44:20,940] {taskinstance.py:1159} INFO - Dependencies all met for <TaskInstance: get_stocks_dag.MSFT scheduled__2024-02-07T00:00:00+00:00 [queued]>
[2024-04-02 17:44:20,958] {taskinstance.py:1159} INFO - Dependencies all met for <TaskInstance: get_stocks_dag.MSFT scheduled__2024-02-07T00:00:00+00:00 [queued]>
[2024-04-02 17:44:20,959] {taskinstance.py:1356} INFO - 
--------------------------------------------------------------------------------
[2024-04-02 17:44:20,959] {taskinstance.py:1357} INFO - Starting attempt 1 of 1
[2024-04-02 17:44:20,960] {taskinstance.py:1358} INFO - 
--------------------------------------------------------------------------------
[2024-04-02 17:44:20,986] {taskinstance.py:1377} INFO - Executing <Task(_PythonDecoratedOperator): MSFT> on 2024-02-07 00:00:00+00:00
[2024-04-02 17:44:20,993] {standard_task_runner.py:52} INFO - Started process 20873 to run task
[2024-04-02 17:44:21,012] {standard_task_runner.py:79} INFO - Running: ['airflow', 'tasks', 'run', 'get_stocks_dag', 'MSFT', 'scheduled__2024-02-07T00:00:00+00:00', '--job-id', '356', '--raw', '--subdir', 'DAGS_FOLDER/get_stocks.py', '--cfg-path', '/tmp/tmpt5jznaks', '--error-file', '/tmp/tmpq02jd6bg']
[2024-04-02 17:44:21,013] {standard_task_runner.py:80} INFO - Job 356: Subtask MSFT
[2024-04-02 17:44:21,130] {task_command.py:370} INFO - Running <TaskInstance: get_stocks_dag.MSFT scheduled__2024-02-07T00:00:00+00:00 [running]> on host alexmend-virtual-machine
[2024-04-02 17:44:21,276] {taskinstance.py:1569} INFO - Exporting the following env vars:
AIRFLOW_CTX_DAG_OWNER=airflow
AIRFLOW_CTX_DAG_ID=get_stocks_dag
AIRFLOW_CTX_TASK_ID=MSFT
AIRFLOW_CTX_EXECUTION_DATE=2024-02-07T00:00:00+00:00
AIRFLOW_CTX_TRY_NUMBER=1
AIRFLOW_CTX_DAG_RUN_ID=scheduled__2024-02-07T00:00:00+00:00
[2024-04-02 17:44:21,910] {python.py:173} INFO - Done. Returned value was: None
[2024-04-02 17:44:21,931] {taskinstance.py:1395} INFO - Marking task as SUCCESS. dag_id=get_stocks_dag, task_id=MSFT, execution_date=20240207T000000, start_date=20240402T204420, end_date=20240402T204421
[2024-04-02 17:44:21,981] {local_task_job.py:156} INFO - Task exited with return code 0
[2024-04-02 17:44:22,036] {local_task_job.py:273} INFO - 0 downstream tasks scheduled from follow-on schedule check
