[2024-04-02 13:00:20,175] {taskinstance.py:1159} INFO - Dependencies all met for <TaskInstance: get_stocks_dag.MSFT scheduled__2024-01-18T00:00:00+00:00 [queued]>
[2024-04-02 13:00:20,185] {taskinstance.py:1159} INFO - Dependencies all met for <TaskInstance: get_stocks_dag.MSFT scheduled__2024-01-18T00:00:00+00:00 [queued]>
[2024-04-02 13:00:20,185] {taskinstance.py:1356} INFO - 
--------------------------------------------------------------------------------
[2024-04-02 13:00:20,185] {taskinstance.py:1357} INFO - Starting attempt 1 of 1
[2024-04-02 13:00:20,186] {taskinstance.py:1358} INFO - 
--------------------------------------------------------------------------------
[2024-04-02 13:00:20,202] {taskinstance.py:1377} INFO - Executing <Task(_PythonDecoratedOperator): MSFT> on 2024-01-18 00:00:00+00:00
[2024-04-02 13:00:20,208] {standard_task_runner.py:52} INFO - Started process 8991 to run task
[2024-04-02 13:00:20,214] {standard_task_runner.py:79} INFO - Running: ['airflow', 'tasks', 'run', 'get_stocks_dag', 'MSFT', 'scheduled__2024-01-18T00:00:00+00:00', '--job-id', '56', '--raw', '--subdir', 'DAGS_FOLDER/get_stocks.py', '--cfg-path', '/tmp/tmpfbmgvbsp', '--error-file', '/tmp/tmpntexvh0i']
[2024-04-02 13:00:20,216] {standard_task_runner.py:80} INFO - Job 56: Subtask MSFT
[2024-04-02 13:00:20,278] {task_command.py:370} INFO - Running <TaskInstance: get_stocks_dag.MSFT scheduled__2024-01-18T00:00:00+00:00 [running]> on host alexmend-virtual-machine
[2024-04-02 13:00:20,349] {taskinstance.py:1569} INFO - Exporting the following env vars:
AIRFLOW_CTX_DAG_OWNER=airflow
AIRFLOW_CTX_DAG_ID=get_stocks_dag
AIRFLOW_CTX_TASK_ID=MSFT
AIRFLOW_CTX_EXECUTION_DATE=2024-01-18T00:00:00+00:00
AIRFLOW_CTX_TRY_NUMBER=1
AIRFLOW_CTX_DAG_RUN_ID=scheduled__2024-01-18T00:00:00+00:00
[2024-04-02 13:00:21,016] {python.py:173} INFO - Done. Returned value was: None
[2024-04-02 13:00:21,034] {taskinstance.py:1395} INFO - Marking task as SUCCESS. dag_id=get_stocks_dag, task_id=MSFT, execution_date=20240118T000000, start_date=20240402T160020, end_date=20240402T160021
[2024-04-02 13:00:21,070] {local_task_job.py:156} INFO - Task exited with return code 0
[2024-04-02 13:00:21,100] {local_task_job.py:273} INFO - 0 downstream tasks scheduled from follow-on schedule check
[2024-04-02 17:17:33,056] {taskinstance.py:1159} INFO - Dependencies all met for <TaskInstance: get_stocks_dag.MSFT scheduled__2024-01-18T00:00:00+00:00 [queued]>
[2024-04-02 17:17:33,217] {taskinstance.py:1159} INFO - Dependencies all met for <TaskInstance: get_stocks_dag.MSFT scheduled__2024-01-18T00:00:00+00:00 [queued]>
[2024-04-02 17:17:33,218] {taskinstance.py:1356} INFO - 
--------------------------------------------------------------------------------
[2024-04-02 17:17:33,218] {taskinstance.py:1357} INFO - Starting attempt 1 of 1
[2024-04-02 17:17:33,218] {taskinstance.py:1358} INFO - 
--------------------------------------------------------------------------------
[2024-04-02 17:17:33,468] {taskinstance.py:1377} INFO - Executing <Task(_PythonDecoratedOperator): MSFT> on 2024-01-18 00:00:00+00:00
[2024-04-02 17:17:33,524] {standard_task_runner.py:52} INFO - Started process 4813 to run task
[2024-04-02 17:17:33,759] {standard_task_runner.py:79} INFO - Running: ['airflow', 'tasks', 'run', 'get_stocks_dag', 'MSFT', 'scheduled__2024-01-18T00:00:00+00:00', '--job-id', '40', '--raw', '--subdir', 'DAGS_FOLDER/get_stocks.py', '--cfg-path', '/tmp/tmpv489voln', '--error-file', '/tmp/tmpmvfao3__']
[2024-04-02 17:17:33,761] {standard_task_runner.py:80} INFO - Job 40: Subtask MSFT
[2024-04-02 17:17:34,880] {task_command.py:370} INFO - Running <TaskInstance: get_stocks_dag.MSFT scheduled__2024-01-18T00:00:00+00:00 [running]> on host alexmend-virtual-machine
[2024-04-02 17:17:36,313] {taskinstance.py:1569} INFO - Exporting the following env vars:
AIRFLOW_CTX_DAG_OWNER=airflow
AIRFLOW_CTX_DAG_ID=get_stocks_dag
AIRFLOW_CTX_TASK_ID=MSFT
AIRFLOW_CTX_EXECUTION_DATE=2024-01-18T00:00:00+00:00
AIRFLOW_CTX_TRY_NUMBER=1
AIRFLOW_CTX_DAG_RUN_ID=scheduled__2024-01-18T00:00:00+00:00
[2024-04-02 17:17:38,788] {python.py:173} INFO - Done. Returned value was: None
[2024-04-02 17:17:38,821] {taskinstance.py:1395} INFO - Marking task as SUCCESS. dag_id=get_stocks_dag, task_id=MSFT, execution_date=20240118T000000, start_date=20240402T201733, end_date=20240402T201738
[2024-04-02 17:17:39,089] {local_task_job.py:156} INFO - Task exited with return code 0
[2024-04-02 17:17:40,053] {local_task_job.py:273} INFO - 0 downstream tasks scheduled from follow-on schedule check
[2024-04-02 17:42:57,681] {taskinstance.py:1159} INFO - Dependencies all met for <TaskInstance: get_stocks_dag.MSFT scheduled__2024-01-18T00:00:00+00:00 [queued]>
[2024-04-02 17:42:57,691] {taskinstance.py:1159} INFO - Dependencies all met for <TaskInstance: get_stocks_dag.MSFT scheduled__2024-01-18T00:00:00+00:00 [queued]>
[2024-04-02 17:42:57,692] {taskinstance.py:1356} INFO - 
--------------------------------------------------------------------------------
[2024-04-02 17:42:57,692] {taskinstance.py:1357} INFO - Starting attempt 1 of 1
[2024-04-02 17:42:57,692] {taskinstance.py:1358} INFO - 
--------------------------------------------------------------------------------
[2024-04-02 17:42:57,707] {taskinstance.py:1377} INFO - Executing <Task(_PythonDecoratedOperator): MSFT> on 2024-01-18 00:00:00+00:00
[2024-04-02 17:42:57,714] {standard_task_runner.py:52} INFO - Started process 19236 to run task
[2024-04-02 17:42:57,723] {standard_task_runner.py:79} INFO - Running: ['airflow', 'tasks', 'run', 'get_stocks_dag', 'MSFT', 'scheduled__2024-01-18T00:00:00+00:00', '--job-id', '300', '--raw', '--subdir', 'DAGS_FOLDER/get_stocks.py', '--cfg-path', '/tmp/tmpn4ft18on', '--error-file', '/tmp/tmp_j2mk71x']
[2024-04-02 17:42:57,724] {standard_task_runner.py:80} INFO - Job 300: Subtask MSFT
[2024-04-02 17:42:57,822] {task_command.py:370} INFO - Running <TaskInstance: get_stocks_dag.MSFT scheduled__2024-01-18T00:00:00+00:00 [running]> on host alexmend-virtual-machine
[2024-04-02 17:42:57,950] {taskinstance.py:1569} INFO - Exporting the following env vars:
AIRFLOW_CTX_DAG_OWNER=airflow
AIRFLOW_CTX_DAG_ID=get_stocks_dag
AIRFLOW_CTX_TASK_ID=MSFT
AIRFLOW_CTX_EXECUTION_DATE=2024-01-18T00:00:00+00:00
AIRFLOW_CTX_TRY_NUMBER=1
AIRFLOW_CTX_DAG_RUN_ID=scheduled__2024-01-18T00:00:00+00:00
[2024-04-02 17:42:58,584] {python.py:173} INFO - Done. Returned value was: None
[2024-04-02 17:42:58,603] {taskinstance.py:1395} INFO - Marking task as SUCCESS. dag_id=get_stocks_dag, task_id=MSFT, execution_date=20240118T000000, start_date=20240402T204257, end_date=20240402T204258
[2024-04-02 17:42:58,667] {local_task_job.py:156} INFO - Task exited with return code 0
[2024-04-02 17:42:58,733] {local_task_job.py:273} INFO - 0 downstream tasks scheduled from follow-on schedule check
