[2024-04-02 21:46:59,827] {taskinstance.py:1159} INFO - Dependencies all met for <TaskInstance: get_crypto_dag.AVAX scheduled__2024-03-02T00:00:00+00:00 [queued]>
[2024-04-02 21:46:59,847] {taskinstance.py:1159} INFO - Dependencies all met for <TaskInstance: get_crypto_dag.AVAX scheduled__2024-03-02T00:00:00+00:00 [queued]>
[2024-04-02 21:46:59,847] {taskinstance.py:1356} INFO - 
--------------------------------------------------------------------------------
[2024-04-02 21:46:59,848] {taskinstance.py:1357} INFO - Starting attempt 1 of 1
[2024-04-02 21:46:59,848] {taskinstance.py:1358} INFO - 
--------------------------------------------------------------------------------
[2024-04-02 21:46:59,890] {taskinstance.py:1377} INFO - Executing <Task(_PythonDecoratedOperator): AVAX> on 2024-03-02 00:00:00+00:00
[2024-04-02 21:46:59,906] {standard_task_runner.py:52} INFO - Started process 48631 to run task
[2024-04-02 21:46:59,917] {standard_task_runner.py:79} INFO - Running: ['airflow', 'tasks', 'run', 'get_crypto_dag', 'AVAX', 'scheduled__2024-03-02T00:00:00+00:00', '--job-id', '768', '--raw', '--subdir', 'DAGS_FOLDER/get_crypto.py', '--cfg-path', '/tmp/tmp4z4f_jfg', '--error-file', '/tmp/tmpjgde86_p']
[2024-04-02 21:46:59,919] {standard_task_runner.py:80} INFO - Job 768: Subtask AVAX
[2024-04-02 21:47:00,104] {task_command.py:370} INFO - Running <TaskInstance: get_crypto_dag.AVAX scheduled__2024-03-02T00:00:00+00:00 [running]> on host alexmend-virtual-machine
[2024-04-02 21:47:00,334] {taskinstance.py:1569} INFO - Exporting the following env vars:
AIRFLOW_CTX_DAG_OWNER=airflow
AIRFLOW_CTX_DAG_ID=get_crypto_dag
AIRFLOW_CTX_TASK_ID=AVAX
AIRFLOW_CTX_EXECUTION_DATE=2024-03-02T00:00:00+00:00
AIRFLOW_CTX_TRY_NUMBER=1
AIRFLOW_CTX_DAG_RUN_ID=scheduled__2024-03-02T00:00:00+00:00
[2024-04-02 21:47:04,566] {history.py:90} ERROR - AVAX: No timezone found, symbol may be delisted
[2024-04-02 21:47:14,586] {python.py:173} INFO - Done. Returned value was: None
[2024-04-02 21:47:14,655] {taskinstance.py:1395} INFO - Marking task as SUCCESS. dag_id=get_crypto_dag, task_id=AVAX, execution_date=20240302T000000, start_date=20240403T004659, end_date=20240403T004714
[2024-04-02 21:47:14,786] {local_task_job.py:156} INFO - Task exited with return code 0
[2024-04-02 21:47:15,272] {local_task_job.py:273} INFO - 0 downstream tasks scheduled from follow-on schedule check
[2024-04-02 22:51:48,661] {taskinstance.py:1159} INFO - Dependencies all met for <TaskInstance: get_crypto_dag.AVAX scheduled__2024-03-02T00:00:00+00:00 [queued]>
[2024-04-02 22:51:48,689] {taskinstance.py:1159} INFO - Dependencies all met for <TaskInstance: get_crypto_dag.AVAX scheduled__2024-03-02T00:00:00+00:00 [queued]>
[2024-04-02 22:51:48,690] {taskinstance.py:1356} INFO - 
--------------------------------------------------------------------------------
[2024-04-02 22:51:48,691] {taskinstance.py:1357} INFO - Starting attempt 1 of 1
[2024-04-02 22:51:48,692] {taskinstance.py:1358} INFO - 
--------------------------------------------------------------------------------
[2024-04-02 22:51:48,726] {taskinstance.py:1377} INFO - Executing <Task(_PythonDecoratedOperator): AVAX> on 2024-03-02 00:00:00+00:00
[2024-04-02 22:51:48,742] {standard_task_runner.py:52} INFO - Started process 71748 to run task
[2024-04-02 22:51:48,750] {standard_task_runner.py:79} INFO - Running: ['airflow', 'tasks', 'run', 'get_crypto_dag', 'AVAX', 'scheduled__2024-03-02T00:00:00+00:00', '--job-id', '1008', '--raw', '--subdir', 'DAGS_FOLDER/get_crypto.py', '--cfg-path', '/tmp/tmpc_s2ty_b', '--error-file', '/tmp/tmprz3mb9vm']
[2024-04-02 22:51:48,758] {standard_task_runner.py:80} INFO - Job 1008: Subtask AVAX
[2024-04-02 22:51:49,048] {task_command.py:370} INFO - Running <TaskInstance: get_crypto_dag.AVAX scheduled__2024-03-02T00:00:00+00:00 [running]> on host alexmend-virtual-machine
[2024-04-02 22:51:49,545] {taskinstance.py:1569} INFO - Exporting the following env vars:
AIRFLOW_CTX_DAG_OWNER=airflow
AIRFLOW_CTX_DAG_ID=get_crypto_dag
AIRFLOW_CTX_TASK_ID=AVAX
AIRFLOW_CTX_EXECUTION_DATE=2024-03-02T00:00:00+00:00
AIRFLOW_CTX_TRY_NUMBER=1
AIRFLOW_CTX_DAG_RUN_ID=scheduled__2024-03-02T00:00:00+00:00
[2024-04-02 22:51:53,346] {history.py:90} ERROR - AVAX: No timezone found, symbol may be delisted
[2024-04-02 22:52:03,367] {python.py:173} INFO - Done. Returned value was: None
[2024-04-02 22:52:03,471] {taskinstance.py:1395} INFO - Marking task as SUCCESS. dag_id=get_crypto_dag, task_id=AVAX, execution_date=20240302T000000, start_date=20240403T015148, end_date=20240403T015203
[2024-04-02 22:52:03,592] {local_task_job.py:156} INFO - Task exited with return code 0
[2024-04-02 22:52:03,669] {local_task_job.py:273} INFO - 0 downstream tasks scheduled from follow-on schedule check
