[2024-04-02 21:59:12,523] {taskinstance.py:1159} INFO - Dependencies all met for <TaskInstance: get_crypto_dag.DOGE scheduled__2024-03-21T00:00:00+00:00 [queued]>
[2024-04-02 21:59:12,537] {taskinstance.py:1159} INFO - Dependencies all met for <TaskInstance: get_crypto_dag.DOGE scheduled__2024-03-21T00:00:00+00:00 [queued]>
[2024-04-02 21:59:12,537] {taskinstance.py:1356} INFO - 
--------------------------------------------------------------------------------
[2024-04-02 21:59:12,537] {taskinstance.py:1357} INFO - Starting attempt 1 of 1
[2024-04-02 21:59:12,537] {taskinstance.py:1358} INFO - 
--------------------------------------------------------------------------------
[2024-04-02 21:59:12,556] {taskinstance.py:1377} INFO - Executing <Task(_PythonDecoratedOperator): DOGE> on 2024-03-21 00:00:00+00:00
[2024-04-02 21:59:12,566] {standard_task_runner.py:52} INFO - Started process 57255 to run task
[2024-04-02 21:59:12,575] {standard_task_runner.py:79} INFO - Running: ['airflow', 'tasks', 'run', 'get_crypto_dag', 'DOGE', 'scheduled__2024-03-21T00:00:00+00:00', '--job-id', '919', '--raw', '--subdir', 'DAGS_FOLDER/get_crypto.py', '--cfg-path', '/tmp/tmp_zjv3sml', '--error-file', '/tmp/tmp372z4hfk']
[2024-04-02 21:59:12,576] {standard_task_runner.py:80} INFO - Job 919: Subtask DOGE
[2024-04-02 21:59:12,678] {task_command.py:370} INFO - Running <TaskInstance: get_crypto_dag.DOGE scheduled__2024-03-21T00:00:00+00:00 [running]> on host alexmend-virtual-machine
[2024-04-02 21:59:12,772] {taskinstance.py:1569} INFO - Exporting the following env vars:
AIRFLOW_CTX_DAG_OWNER=airflow
AIRFLOW_CTX_DAG_ID=get_crypto_dag
AIRFLOW_CTX_TASK_ID=DOGE
AIRFLOW_CTX_EXECUTION_DATE=2024-03-21T00:00:00+00:00
AIRFLOW_CTX_TRY_NUMBER=1
AIRFLOW_CTX_DAG_RUN_ID=scheduled__2024-03-21T00:00:00+00:00
[2024-04-02 21:59:16,727] {history.py:90} ERROR - DOGE: No timezone found, symbol may be delisted
[2024-04-02 21:59:26,746] {python.py:173} INFO - Done. Returned value was: None
[2024-04-02 21:59:26,779] {taskinstance.py:1395} INFO - Marking task as SUCCESS. dag_id=get_crypto_dag, task_id=DOGE, execution_date=20240321T000000, start_date=20240403T005912, end_date=20240403T005926
[2024-04-02 21:59:26,830] {local_task_job.py:156} INFO - Task exited with return code 0
[2024-04-02 21:59:26,883] {local_task_job.py:273} INFO - 0 downstream tasks scheduled from follow-on schedule check
[2024-04-02 23:09:58,334] {taskinstance.py:1159} INFO - Dependencies all met for <TaskInstance: get_crypto_dag.DOGE scheduled__2024-03-21T00:00:00+00:00 [queued]>
[2024-04-02 23:09:58,396] {taskinstance.py:1159} INFO - Dependencies all met for <TaskInstance: get_crypto_dag.DOGE scheduled__2024-03-21T00:00:00+00:00 [queued]>
[2024-04-02 23:09:58,398] {taskinstance.py:1356} INFO - 
--------------------------------------------------------------------------------
[2024-04-02 23:09:58,399] {taskinstance.py:1357} INFO - Starting attempt 1 of 1
[2024-04-02 23:09:58,400] {taskinstance.py:1358} INFO - 
--------------------------------------------------------------------------------
[2024-04-02 23:09:58,443] {taskinstance.py:1377} INFO - Executing <Task(_PythonDecoratedOperator): DOGE> on 2024-03-21 00:00:00+00:00
[2024-04-02 23:09:58,452] {standard_task_runner.py:52} INFO - Started process 81409 to run task
[2024-04-02 23:09:58,464] {standard_task_runner.py:79} INFO - Running: ['airflow', 'tasks', 'run', 'get_crypto_dag', 'DOGE', 'scheduled__2024-03-21T00:00:00+00:00', '--job-id', '1135', '--raw', '--subdir', 'DAGS_FOLDER/get_crypto.py', '--cfg-path', '/tmp/tmpnwlvmq9g', '--error-file', '/tmp/tmpi9j_902u']
[2024-04-02 23:09:58,467] {standard_task_runner.py:80} INFO - Job 1135: Subtask DOGE
[2024-04-02 23:09:58,641] {task_command.py:370} INFO - Running <TaskInstance: get_crypto_dag.DOGE scheduled__2024-03-21T00:00:00+00:00 [running]> on host alexmend-virtual-machine
[2024-04-02 23:09:58,882] {taskinstance.py:1569} INFO - Exporting the following env vars:
AIRFLOW_CTX_DAG_OWNER=airflow
AIRFLOW_CTX_DAG_ID=get_crypto_dag
AIRFLOW_CTX_TASK_ID=DOGE
AIRFLOW_CTX_EXECUTION_DATE=2024-03-21T00:00:00+00:00
AIRFLOW_CTX_TRY_NUMBER=1
AIRFLOW_CTX_DAG_RUN_ID=scheduled__2024-03-21T00:00:00+00:00
[2024-04-02 23:10:02,349] {history.py:90} ERROR - DOGE: No timezone found, symbol may be delisted
[2024-04-02 23:10:12,367] {python.py:173} INFO - Done. Returned value was: None
[2024-04-02 23:10:12,396] {taskinstance.py:1395} INFO - Marking task as SUCCESS. dag_id=get_crypto_dag, task_id=DOGE, execution_date=20240321T000000, start_date=20240403T020958, end_date=20240403T021012
[2024-04-02 23:10:12,457] {local_task_job.py:156} INFO - Task exited with return code 0
[2024-04-02 23:10:12,521] {local_task_job.py:273} INFO - 0 downstream tasks scheduled from follow-on schedule check
