[2024-04-02 22:05:09,399] {taskinstance.py:1159} INFO - Dependencies all met for <TaskInstance: get_crypto_dag.BTC scheduled__2024-04-02T00:00:00+00:00 [queued]>
[2024-04-02 22:05:09,418] {taskinstance.py:1159} INFO - Dependencies all met for <TaskInstance: get_crypto_dag.BTC scheduled__2024-04-02T00:00:00+00:00 [queued]>
[2024-04-02 22:05:09,418] {taskinstance.py:1356} INFO - 
--------------------------------------------------------------------------------
[2024-04-02 22:05:09,418] {taskinstance.py:1357} INFO - Starting attempt 1 of 1
[2024-04-02 22:05:09,419] {taskinstance.py:1358} INFO - 
--------------------------------------------------------------------------------
[2024-04-02 22:05:09,454] {taskinstance.py:1377} INFO - Executing <Task(_PythonDecoratedOperator): BTC> on 2024-04-02 00:00:00+00:00
[2024-04-02 22:05:09,463] {standard_task_runner.py:52} INFO - Started process 60937 to run task
[2024-04-02 22:05:09,474] {standard_task_runner.py:79} INFO - Running: ['airflow', 'tasks', 'run', 'get_crypto_dag', 'BTC', 'scheduled__2024-04-02T00:00:00+00:00', '--job-id', '965', '--raw', '--subdir', 'DAGS_FOLDER/get_crypto.py', '--cfg-path', '/tmp/tmppcro83p2', '--error-file', '/tmp/tmpe95p7wrs']
[2024-04-02 22:05:09,476] {standard_task_runner.py:80} INFO - Job 965: Subtask BTC
[2024-04-02 22:05:09,594] {task_command.py:370} INFO - Running <TaskInstance: get_crypto_dag.BTC scheduled__2024-04-02T00:00:00+00:00 [running]> on host alexmend-virtual-machine
[2024-04-02 22:05:09,722] {taskinstance.py:1569} INFO - Exporting the following env vars:
AIRFLOW_CTX_DAG_OWNER=airflow
AIRFLOW_CTX_DAG_ID=get_crypto_dag
AIRFLOW_CTX_TASK_ID=BTC
AIRFLOW_CTX_EXECUTION_DATE=2024-04-02T00:00:00+00:00
AIRFLOW_CTX_TRY_NUMBER=1
AIRFLOW_CTX_DAG_RUN_ID=scheduled__2024-04-02T00:00:00+00:00
[2024-04-02 22:05:10,305] {history.py:222} ERROR - BTC: No price data found, symbol may be delisted (1h 2024-04-01 -> 2024-04-02)
[2024-04-02 22:05:20,318] {python.py:173} INFO - Done. Returned value was: None
[2024-04-02 22:05:20,345] {taskinstance.py:1395} INFO - Marking task as SUCCESS. dag_id=get_crypto_dag, task_id=BTC, execution_date=20240402T000000, start_date=20240403T010509, end_date=20240403T010520
[2024-04-02 22:05:20,397] {local_task_job.py:156} INFO - Task exited with return code 0
[2024-04-02 22:05:20,455] {local_task_job.py:273} INFO - 0 downstream tasks scheduled from follow-on schedule check
[2024-04-02 23:21:43,606] {taskinstance.py:1159} INFO - Dependencies all met for <TaskInstance: get_crypto_dag.BTC scheduled__2024-04-02T00:00:00+00:00 [queued]>
[2024-04-02 23:21:43,640] {taskinstance.py:1159} INFO - Dependencies all met for <TaskInstance: get_crypto_dag.BTC scheduled__2024-04-02T00:00:00+00:00 [queued]>
[2024-04-02 23:21:43,640] {taskinstance.py:1356} INFO - 
--------------------------------------------------------------------------------
[2024-04-02 23:21:43,640] {taskinstance.py:1357} INFO - Starting attempt 1 of 1
[2024-04-02 23:21:43,640] {taskinstance.py:1358} INFO - 
--------------------------------------------------------------------------------
[2024-04-02 23:21:43,698] {taskinstance.py:1377} INFO - Executing <Task(_PythonDecoratedOperator): BTC> on 2024-04-02 00:00:00+00:00
[2024-04-02 23:21:43,707] {standard_task_runner.py:52} INFO - Started process 87847 to run task
[2024-04-02 23:21:43,726] {standard_task_runner.py:79} INFO - Running: ['airflow', 'tasks', 'run', 'get_crypto_dag', 'BTC', 'scheduled__2024-04-02T00:00:00+00:00', '--job-id', '1217', '--raw', '--subdir', 'DAGS_FOLDER/get_crypto.py', '--cfg-path', '/tmp/tmpu1tc1phc', '--error-file', '/tmp/tmpjgc8ewo9']
[2024-04-02 23:21:43,729] {standard_task_runner.py:80} INFO - Job 1217: Subtask BTC
[2024-04-02 23:21:43,894] {task_command.py:370} INFO - Running <TaskInstance: get_crypto_dag.BTC scheduled__2024-04-02T00:00:00+00:00 [running]> on host alexmend-virtual-machine
[2024-04-02 23:21:44,052] {taskinstance.py:1569} INFO - Exporting the following env vars:
AIRFLOW_CTX_DAG_OWNER=airflow
AIRFLOW_CTX_DAG_ID=get_crypto_dag
AIRFLOW_CTX_TASK_ID=BTC
AIRFLOW_CTX_EXECUTION_DATE=2024-04-02T00:00:00+00:00
AIRFLOW_CTX_TRY_NUMBER=1
AIRFLOW_CTX_DAG_RUN_ID=scheduled__2024-04-02T00:00:00+00:00
[2024-04-02 23:21:44,726] {history.py:222} ERROR - BTC: No price data found, symbol may be delisted (1h 2024-04-01 -> 2024-04-02)
[2024-04-02 23:21:54,751] {python.py:173} INFO - Done. Returned value was: None
[2024-04-02 23:21:54,785] {taskinstance.py:1395} INFO - Marking task as SUCCESS. dag_id=get_crypto_dag, task_id=BTC, execution_date=20240402T000000, start_date=20240403T022143, end_date=20240403T022154
[2024-04-02 23:21:54,838] {local_task_job.py:156} INFO - Task exited with return code 0
[2024-04-02 23:21:54,934] {local_task_job.py:273} INFO - 0 downstream tasks scheduled from follow-on schedule check
