[2024-04-02 13:01:19,296] {taskinstance.py:1159} INFO - Dependencies all met for <TaskInstance: get_stocks_dag.AAPL scheduled__2024-01-24T00:00:00+00:00 [queued]>
[2024-04-02 13:01:19,306] {taskinstance.py:1159} INFO - Dependencies all met for <TaskInstance: get_stocks_dag.AAPL scheduled__2024-01-24T00:00:00+00:00 [queued]>
[2024-04-02 13:01:19,306] {taskinstance.py:1356} INFO - 
--------------------------------------------------------------------------------
[2024-04-02 13:01:19,306] {taskinstance.py:1357} INFO - Starting attempt 1 of 1
[2024-04-02 13:01:19,306] {taskinstance.py:1358} INFO - 
--------------------------------------------------------------------------------
[2024-04-02 13:01:19,324] {taskinstance.py:1377} INFO - Executing <Task(_PythonDecoratedOperator): AAPL> on 2024-01-24 00:00:00+00:00
[2024-04-02 13:01:19,332] {standard_task_runner.py:52} INFO - Started process 9339 to run task
[2024-04-02 13:01:19,338] {standard_task_runner.py:79} INFO - Running: ['airflow', 'tasks', 'run', 'get_stocks_dag', 'AAPL', 'scheduled__2024-01-24T00:00:00+00:00', '--job-id', '71', '--raw', '--subdir', 'DAGS_FOLDER/get_stocks.py', '--cfg-path', '/tmp/tmpyp4juhao', '--error-file', '/tmp/tmpexc70q16']
[2024-04-02 13:01:19,339] {standard_task_runner.py:80} INFO - Job 71: Subtask AAPL
[2024-04-02 13:01:19,405] {task_command.py:370} INFO - Running <TaskInstance: get_stocks_dag.AAPL scheduled__2024-01-24T00:00:00+00:00 [running]> on host alexmend-virtual-machine
[2024-04-02 13:01:19,476] {taskinstance.py:1569} INFO - Exporting the following env vars:
AIRFLOW_CTX_DAG_OWNER=airflow
AIRFLOW_CTX_DAG_ID=get_stocks_dag
AIRFLOW_CTX_TASK_ID=AAPL
AIRFLOW_CTX_EXECUTION_DATE=2024-01-24T00:00:00+00:00
AIRFLOW_CTX_TRY_NUMBER=1
AIRFLOW_CTX_DAG_RUN_ID=scheduled__2024-01-24T00:00:00+00:00
[2024-04-02 13:01:20,198] {python.py:173} INFO - Done. Returned value was: None
[2024-04-02 13:01:20,209] {taskinstance.py:1395} INFO - Marking task as SUCCESS. dag_id=get_stocks_dag, task_id=AAPL, execution_date=20240124T000000, start_date=20240402T160119, end_date=20240402T160120
[2024-04-02 13:01:20,235] {local_task_job.py:156} INFO - Task exited with return code 0
[2024-04-02 13:01:20,267] {local_task_job.py:273} INFO - 0 downstream tasks scheduled from follow-on schedule check
[2024-04-02 17:17:50,343] {taskinstance.py:1159} INFO - Dependencies all met for <TaskInstance: get_stocks_dag.AAPL scheduled__2024-01-24T00:00:00+00:00 [queued]>
[2024-04-02 17:17:50,421] {taskinstance.py:1159} INFO - Dependencies all met for <TaskInstance: get_stocks_dag.AAPL scheduled__2024-01-24T00:00:00+00:00 [queued]>
[2024-04-02 17:17:50,421] {taskinstance.py:1356} INFO - 
--------------------------------------------------------------------------------
[2024-04-02 17:17:50,423] {taskinstance.py:1357} INFO - Starting attempt 1 of 1
[2024-04-02 17:17:50,424] {taskinstance.py:1358} INFO - 
--------------------------------------------------------------------------------
[2024-04-02 17:17:50,485] {taskinstance.py:1377} INFO - Executing <Task(_PythonDecoratedOperator): AAPL> on 2024-01-24 00:00:00+00:00
[2024-04-02 17:17:50,521] {standard_task_runner.py:52} INFO - Started process 5247 to run task
[2024-04-02 17:17:50,557] {standard_task_runner.py:79} INFO - Running: ['airflow', 'tasks', 'run', 'get_stocks_dag', 'AAPL', 'scheduled__2024-01-24T00:00:00+00:00', '--job-id', '54', '--raw', '--subdir', 'DAGS_FOLDER/get_stocks.py', '--cfg-path', '/tmp/tmp4_hu4al6', '--error-file', '/tmp/tmp02uz8ie6']
[2024-04-02 17:17:50,560] {standard_task_runner.py:80} INFO - Job 54: Subtask AAPL
[2024-04-02 17:17:50,878] {task_command.py:370} INFO - Running <TaskInstance: get_stocks_dag.AAPL scheduled__2024-01-24T00:00:00+00:00 [running]> on host alexmend-virtual-machine
[2024-04-02 17:17:51,488] {taskinstance.py:1569} INFO - Exporting the following env vars:
AIRFLOW_CTX_DAG_OWNER=airflow
AIRFLOW_CTX_DAG_ID=get_stocks_dag
AIRFLOW_CTX_TASK_ID=AAPL
AIRFLOW_CTX_EXECUTION_DATE=2024-01-24T00:00:00+00:00
AIRFLOW_CTX_TRY_NUMBER=1
AIRFLOW_CTX_DAG_RUN_ID=scheduled__2024-01-24T00:00:00+00:00
[2024-04-02 17:17:53,571] {python.py:173} INFO - Done. Returned value was: None
[2024-04-02 17:17:53,726] {taskinstance.py:1395} INFO - Marking task as SUCCESS. dag_id=get_stocks_dag, task_id=AAPL, execution_date=20240124T000000, start_date=20240402T201750, end_date=20240402T201753
[2024-04-02 17:17:54,126] {local_task_job.py:156} INFO - Task exited with return code 0
[2024-04-02 17:17:54,447] {local_task_job.py:273} INFO - 0 downstream tasks scheduled from follow-on schedule check
[2024-04-02 17:43:19,244] {taskinstance.py:1159} INFO - Dependencies all met for <TaskInstance: get_stocks_dag.AAPL scheduled__2024-01-24T00:00:00+00:00 [queued]>
[2024-04-02 17:43:19,266] {taskinstance.py:1159} INFO - Dependencies all met for <TaskInstance: get_stocks_dag.AAPL scheduled__2024-01-24T00:00:00+00:00 [queued]>
[2024-04-02 17:43:19,267] {taskinstance.py:1356} INFO - 
--------------------------------------------------------------------------------
[2024-04-02 17:43:19,267] {taskinstance.py:1357} INFO - Starting attempt 1 of 1
[2024-04-02 17:43:19,267] {taskinstance.py:1358} INFO - 
--------------------------------------------------------------------------------
[2024-04-02 17:43:19,288] {taskinstance.py:1377} INFO - Executing <Task(_PythonDecoratedOperator): AAPL> on 2024-01-24 00:00:00+00:00
[2024-04-02 17:43:19,296] {standard_task_runner.py:52} INFO - Started process 19687 to run task
[2024-04-02 17:43:19,302] {standard_task_runner.py:79} INFO - Running: ['airflow', 'tasks', 'run', 'get_stocks_dag', 'AAPL', 'scheduled__2024-01-24T00:00:00+00:00', '--job-id', '315', '--raw', '--subdir', 'DAGS_FOLDER/get_stocks.py', '--cfg-path', '/tmp/tmp30mkq8lr', '--error-file', '/tmp/tmpu2jgmfpk']
[2024-04-02 17:43:19,304] {standard_task_runner.py:80} INFO - Job 315: Subtask AAPL
[2024-04-02 17:43:19,441] {task_command.py:370} INFO - Running <TaskInstance: get_stocks_dag.AAPL scheduled__2024-01-24T00:00:00+00:00 [running]> on host alexmend-virtual-machine
[2024-04-02 17:43:19,629] {taskinstance.py:1569} INFO - Exporting the following env vars:
AIRFLOW_CTX_DAG_OWNER=airflow
AIRFLOW_CTX_DAG_ID=get_stocks_dag
AIRFLOW_CTX_TASK_ID=AAPL
AIRFLOW_CTX_EXECUTION_DATE=2024-01-24T00:00:00+00:00
AIRFLOW_CTX_TRY_NUMBER=1
AIRFLOW_CTX_DAG_RUN_ID=scheduled__2024-01-24T00:00:00+00:00
[2024-04-02 17:43:20,267] {python.py:173} INFO - Done. Returned value was: None
[2024-04-02 17:43:20,292] {taskinstance.py:1395} INFO - Marking task as SUCCESS. dag_id=get_stocks_dag, task_id=AAPL, execution_date=20240124T000000, start_date=20240402T204319, end_date=20240402T204320
[2024-04-02 17:43:20,322] {local_task_job.py:156} INFO - Task exited with return code 0
[2024-04-02 17:43:20,398] {local_task_job.py:273} INFO - 0 downstream tasks scheduled from follow-on schedule check
