[2024-04-02 13:10:09,538] {taskinstance.py:1159} INFO - Dependencies all met for <TaskInstance: get_stocks_dag.AAPL scheduled__2024-03-08T00:00:00+00:00 [queued]>
[2024-04-02 13:10:09,545] {taskinstance.py:1159} INFO - Dependencies all met for <TaskInstance: get_stocks_dag.AAPL scheduled__2024-03-08T00:00:00+00:00 [queued]>
[2024-04-02 13:10:09,546] {taskinstance.py:1356} INFO - 
--------------------------------------------------------------------------------
[2024-04-02 13:10:09,546] {taskinstance.py:1357} INFO - Starting attempt 1 of 1
[2024-04-02 13:10:09,547] {taskinstance.py:1358} INFO - 
--------------------------------------------------------------------------------
[2024-04-02 13:10:09,571] {taskinstance.py:1377} INFO - Executing <Task(_PythonDecoratedOperator): AAPL> on 2024-03-08 00:00:00+00:00
[2024-04-02 13:10:09,578] {standard_task_runner.py:52} INFO - Started process 12449 to run task
[2024-04-02 13:10:09,584] {standard_task_runner.py:79} INFO - Running: ['airflow', 'tasks', 'run', 'get_stocks_dag', 'AAPL', 'scheduled__2024-03-08T00:00:00+00:00', '--job-id', '199', '--raw', '--subdir', 'DAGS_FOLDER/get_stocks.py', '--cfg-path', '/tmp/tmp7p8v8s2h', '--error-file', '/tmp/tmp7ly04q54']
[2024-04-02 13:10:09,585] {standard_task_runner.py:80} INFO - Job 199: Subtask AAPL
[2024-04-02 13:10:09,652] {task_command.py:370} INFO - Running <TaskInstance: get_stocks_dag.AAPL scheduled__2024-03-08T00:00:00+00:00 [running]> on host alexmend-virtual-machine
[2024-04-02 13:10:09,745] {taskinstance.py:1569} INFO - Exporting the following env vars:
AIRFLOW_CTX_DAG_OWNER=airflow
AIRFLOW_CTX_DAG_ID=get_stocks_dag
AIRFLOW_CTX_TASK_ID=AAPL
AIRFLOW_CTX_EXECUTION_DATE=2024-03-08T00:00:00+00:00
AIRFLOW_CTX_TRY_NUMBER=1
AIRFLOW_CTX_DAG_RUN_ID=scheduled__2024-03-08T00:00:00+00:00
[2024-04-02 13:10:10,532] {python.py:173} INFO - Done. Returned value was: None
[2024-04-02 13:10:10,543] {taskinstance.py:1395} INFO - Marking task as SUCCESS. dag_id=get_stocks_dag, task_id=AAPL, execution_date=20240308T000000, start_date=20240402T161009, end_date=20240402T161010
[2024-04-02 13:10:10,602] {local_task_job.py:156} INFO - Task exited with return code 0
[2024-04-02 13:10:10,626] {local_task_job.py:273} INFO - 0 downstream tasks scheduled from follow-on schedule check
[2024-04-02 17:19:32,277] {taskinstance.py:1159} INFO - Dependencies all met for <TaskInstance: get_stocks_dag.AAPL scheduled__2024-03-08T00:00:00+00:00 [queued]>
[2024-04-02 17:19:32,388] {taskinstance.py:1159} INFO - Dependencies all met for <TaskInstance: get_stocks_dag.AAPL scheduled__2024-03-08T00:00:00+00:00 [queued]>
[2024-04-02 17:19:32,388] {taskinstance.py:1356} INFO - 
--------------------------------------------------------------------------------
[2024-04-02 17:19:32,388] {taskinstance.py:1357} INFO - Starting attempt 1 of 1
[2024-04-02 17:19:32,389] {taskinstance.py:1358} INFO - 
--------------------------------------------------------------------------------
[2024-04-02 17:19:32,632] {taskinstance.py:1377} INFO - Executing <Task(_PythonDecoratedOperator): AAPL> on 2024-03-08 00:00:00+00:00
[2024-04-02 17:19:32,708] {standard_task_runner.py:52} INFO - Started process 8363 to run task
[2024-04-02 17:19:32,858] {standard_task_runner.py:79} INFO - Running: ['airflow', 'tasks', 'run', 'get_stocks_dag', 'AAPL', 'scheduled__2024-03-08T00:00:00+00:00', '--job-id', '184', '--raw', '--subdir', 'DAGS_FOLDER/get_stocks.py', '--cfg-path', '/tmp/tmplr4eagwo', '--error-file', '/tmp/tmpkgx1e15b']
[2024-04-02 17:19:32,876] {standard_task_runner.py:80} INFO - Job 184: Subtask AAPL
[2024-04-02 17:19:33,694] {task_command.py:370} INFO - Running <TaskInstance: get_stocks_dag.AAPL scheduled__2024-03-08T00:00:00+00:00 [running]> on host alexmend-virtual-machine
[2024-04-02 17:19:34,324] {taskinstance.py:1569} INFO - Exporting the following env vars:
AIRFLOW_CTX_DAG_OWNER=airflow
AIRFLOW_CTX_DAG_ID=get_stocks_dag
AIRFLOW_CTX_TASK_ID=AAPL
AIRFLOW_CTX_EXECUTION_DATE=2024-03-08T00:00:00+00:00
AIRFLOW_CTX_TRY_NUMBER=1
AIRFLOW_CTX_DAG_RUN_ID=scheduled__2024-03-08T00:00:00+00:00
[2024-04-02 17:19:36,281] {python.py:173} INFO - Done. Returned value was: None
[2024-04-02 17:19:37,053] {taskinstance.py:1395} INFO - Marking task as SUCCESS. dag_id=get_stocks_dag, task_id=AAPL, execution_date=20240308T000000, start_date=20240402T201932, end_date=20240402T201937
[2024-04-02 17:19:37,205] {local_task_job.py:156} INFO - Task exited with return code 0
[2024-04-02 17:19:37,307] {local_task_job.py:273} INFO - 0 downstream tasks scheduled from follow-on schedule check
[2024-04-02 17:46:18,998] {taskinstance.py:1159} INFO - Dependencies all met for <TaskInstance: get_stocks_dag.AAPL scheduled__2024-03-08T00:00:00+00:00 [queued]>
[2024-04-02 17:46:19,013] {taskinstance.py:1159} INFO - Dependencies all met for <TaskInstance: get_stocks_dag.AAPL scheduled__2024-03-08T00:00:00+00:00 [queued]>
[2024-04-02 17:46:19,014] {taskinstance.py:1356} INFO - 
--------------------------------------------------------------------------------
[2024-04-02 17:46:19,014] {taskinstance.py:1357} INFO - Starting attempt 1 of 1
[2024-04-02 17:46:19,014] {taskinstance.py:1358} INFO - 
--------------------------------------------------------------------------------
[2024-04-02 17:46:19,033] {taskinstance.py:1377} INFO - Executing <Task(_PythonDecoratedOperator): AAPL> on 2024-03-08 00:00:00+00:00
[2024-04-02 17:46:19,051] {standard_task_runner.py:79} INFO - Running: ['airflow', 'tasks', 'run', 'get_stocks_dag', 'AAPL', 'scheduled__2024-03-08T00:00:00+00:00', '--job-id', '445', '--raw', '--subdir', 'DAGS_FOLDER/get_stocks.py', '--cfg-path', '/tmp/tmpxit7ysd7', '--error-file', '/tmp/tmpzse28o9p']
[2024-04-02 17:46:19,053] {standard_task_runner.py:80} INFO - Job 445: Subtask AAPL
[2024-04-02 17:46:19,043] {standard_task_runner.py:52} INFO - Started process 23412 to run task
[2024-04-02 17:46:19,179] {task_command.py:370} INFO - Running <TaskInstance: get_stocks_dag.AAPL scheduled__2024-03-08T00:00:00+00:00 [running]> on host alexmend-virtual-machine
[2024-04-02 17:46:19,326] {taskinstance.py:1569} INFO - Exporting the following env vars:
AIRFLOW_CTX_DAG_OWNER=airflow
AIRFLOW_CTX_DAG_ID=get_stocks_dag
AIRFLOW_CTX_TASK_ID=AAPL
AIRFLOW_CTX_EXECUTION_DATE=2024-03-08T00:00:00+00:00
AIRFLOW_CTX_TRY_NUMBER=1
AIRFLOW_CTX_DAG_RUN_ID=scheduled__2024-03-08T00:00:00+00:00
[2024-04-02 17:46:20,082] {python.py:173} INFO - Done. Returned value was: None
[2024-04-02 17:46:20,107] {taskinstance.py:1395} INFO - Marking task as SUCCESS. dag_id=get_stocks_dag, task_id=AAPL, execution_date=20240308T000000, start_date=20240402T204619, end_date=20240402T204620
[2024-04-02 17:46:20,166] {local_task_job.py:156} INFO - Task exited with return code 0
[2024-04-02 17:46:20,246] {local_task_job.py:273} INFO - 0 downstream tasks scheduled from follow-on schedule check
[2024-04-02 19:15:08,684] {taskinstance.py:1159} INFO - Dependencies all met for <TaskInstance: get_stocks_dag.AAPL scheduled__2024-03-08T00:00:00+00:00 [queued]>
[2024-04-02 19:15:08,699] {taskinstance.py:1159} INFO - Dependencies all met for <TaskInstance: get_stocks_dag.AAPL scheduled__2024-03-08T00:00:00+00:00 [queued]>
[2024-04-02 19:15:08,699] {taskinstance.py:1356} INFO - 
--------------------------------------------------------------------------------
[2024-04-02 19:15:08,699] {taskinstance.py:1357} INFO - Starting attempt 1 of 1
[2024-04-02 19:15:08,699] {taskinstance.py:1358} INFO - 
--------------------------------------------------------------------------------
[2024-04-02 19:15:08,729] {taskinstance.py:1377} INFO - Executing <Task(_PythonDecoratedOperator): AAPL> on 2024-03-08 00:00:00+00:00
[2024-04-02 19:15:08,739] {standard_task_runner.py:52} INFO - Started process 14369 to run task
[2024-04-02 19:15:08,745] {standard_task_runner.py:79} INFO - Running: ['airflow', 'tasks', 'run', 'get_stocks_dag', 'AAPL', 'scheduled__2024-03-08T00:00:00+00:00', '--job-id', '543', '--raw', '--subdir', 'DAGS_FOLDER/get_stocks.py', '--cfg-path', '/tmp/tmpusc_j_ql', '--error-file', '/tmp/tmprksw7g1a']
[2024-04-02 19:15:08,747] {standard_task_runner.py:80} INFO - Job 543: Subtask AAPL
[2024-04-02 19:15:08,991] {task_command.py:370} INFO - Running <TaskInstance: get_stocks_dag.AAPL scheduled__2024-03-08T00:00:00+00:00 [running]> on host alexmend-virtual-machine
[2024-04-02 19:15:09,212] {taskinstance.py:1569} INFO - Exporting the following env vars:
AIRFLOW_CTX_DAG_OWNER=airflow
AIRFLOW_CTX_DAG_ID=get_stocks_dag
AIRFLOW_CTX_TASK_ID=AAPL
AIRFLOW_CTX_EXECUTION_DATE=2024-03-08T00:00:00+00:00
AIRFLOW_CTX_TRY_NUMBER=1
AIRFLOW_CTX_DAG_RUN_ID=scheduled__2024-03-08T00:00:00+00:00
[2024-04-02 19:15:09,995] {python.py:173} INFO - Done. Returned value was: None
[2024-04-02 19:15:10,013] {taskinstance.py:1395} INFO - Marking task as SUCCESS. dag_id=get_stocks_dag, task_id=AAPL, execution_date=20240308T000000, start_date=20240402T221508, end_date=20240402T221510
[2024-04-02 19:15:10,067] {local_task_job.py:156} INFO - Task exited with return code 0
[2024-04-02 19:15:10,175] {local_task_job.py:273} INFO - 0 downstream tasks scheduled from follow-on schedule check
[2024-04-02 20:38:52,384] {taskinstance.py:1159} INFO - Dependencies all met for <TaskInstance: get_stocks_dag.AAPL scheduled__2024-03-08T00:00:00+00:00 [queued]>
[2024-04-02 20:38:52,430] {taskinstance.py:1159} INFO - Dependencies all met for <TaskInstance: get_stocks_dag.AAPL scheduled__2024-03-08T00:00:00+00:00 [queued]>
[2024-04-02 20:38:52,430] {taskinstance.py:1356} INFO - 
--------------------------------------------------------------------------------
[2024-04-02 20:38:52,430] {taskinstance.py:1357} INFO - Starting attempt 1 of 1
[2024-04-02 20:38:52,431] {taskinstance.py:1358} INFO - 
--------------------------------------------------------------------------------
[2024-04-02 20:38:52,479] {taskinstance.py:1377} INFO - Executing <Task(_PythonDecoratedOperator): AAPL> on 2024-03-08 00:00:00+00:00
[2024-04-02 20:38:52,502] {standard_task_runner.py:52} INFO - Started process 25732 to run task
[2024-04-02 20:38:52,522] {standard_task_runner.py:79} INFO - Running: ['airflow', 'tasks', 'run', 'get_stocks_dag', 'AAPL', 'scheduled__2024-03-08T00:00:00+00:00', '--job-id', '645', '--raw', '--subdir', 'DAGS_FOLDER/get_stocks.py', '--cfg-path', '/tmp/tmpxnqo5vg1', '--error-file', '/tmp/tmpf5weizmg']
[2024-04-02 20:38:52,525] {standard_task_runner.py:80} INFO - Job 645: Subtask AAPL
[2024-04-02 20:38:52,913] {task_command.py:370} INFO - Running <TaskInstance: get_stocks_dag.AAPL scheduled__2024-03-08T00:00:00+00:00 [running]> on host alexmend-virtual-machine
[2024-04-02 20:38:53,305] {taskinstance.py:1569} INFO - Exporting the following env vars:
AIRFLOW_CTX_DAG_OWNER=airflow
AIRFLOW_CTX_DAG_ID=get_stocks_dag
AIRFLOW_CTX_TASK_ID=AAPL
AIRFLOW_CTX_EXECUTION_DATE=2024-03-08T00:00:00+00:00
AIRFLOW_CTX_TRY_NUMBER=1
AIRFLOW_CTX_DAG_RUN_ID=scheduled__2024-03-08T00:00:00+00:00
[2024-04-02 20:38:54,180] {python.py:173} INFO - Done. Returned value was: None
[2024-04-02 20:38:54,256] {taskinstance.py:1395} INFO - Marking task as SUCCESS. dag_id=get_stocks_dag, task_id=AAPL, execution_date=20240308T000000, start_date=20240402T233852, end_date=20240402T233854
[2024-04-02 20:38:54,326] {local_task_job.py:156} INFO - Task exited with return code 0
[2024-04-02 20:38:54,469] {local_task_job.py:273} INFO - 0 downstream tasks scheduled from follow-on schedule check
[2024-04-02 21:47:49,934] {taskinstance.py:1159} INFO - Dependencies all met for <TaskInstance: get_stocks_dag.AAPL scheduled__2024-03-08T00:00:00+00:00 [queued]>
[2024-04-02 21:47:49,961] {taskinstance.py:1159} INFO - Dependencies all met for <TaskInstance: get_stocks_dag.AAPL scheduled__2024-03-08T00:00:00+00:00 [queued]>
[2024-04-02 21:47:49,961] {taskinstance.py:1356} INFO - 
--------------------------------------------------------------------------------
[2024-04-02 21:47:49,962] {taskinstance.py:1357} INFO - Starting attempt 1 of 1
[2024-04-02 21:47:49,962] {taskinstance.py:1358} INFO - 
--------------------------------------------------------------------------------
[2024-04-02 21:47:50,034] {taskinstance.py:1377} INFO - Executing <Task(_PythonDecoratedOperator): AAPL> on 2024-03-08 00:00:00+00:00
[2024-04-02 21:47:50,082] {standard_task_runner.py:52} INFO - Started process 49155 to run task
[2024-04-02 21:47:50,115] {standard_task_runner.py:79} INFO - Running: ['airflow', 'tasks', 'run', 'get_stocks_dag', 'AAPL', 'scheduled__2024-03-08T00:00:00+00:00', '--job-id', '777', '--raw', '--subdir', 'DAGS_FOLDER/get_stocks.py', '--cfg-path', '/tmp/tmpnojpub76', '--error-file', '/tmp/tmp7dm49bkl']
[2024-04-02 21:47:50,121] {standard_task_runner.py:80} INFO - Job 777: Subtask AAPL
[2024-04-02 21:47:50,624] {task_command.py:370} INFO - Running <TaskInstance: get_stocks_dag.AAPL scheduled__2024-03-08T00:00:00+00:00 [running]> on host alexmend-virtual-machine
[2024-04-02 21:47:51,154] {taskinstance.py:1569} INFO - Exporting the following env vars:
AIRFLOW_CTX_DAG_OWNER=airflow
AIRFLOW_CTX_DAG_ID=get_stocks_dag
AIRFLOW_CTX_TASK_ID=AAPL
AIRFLOW_CTX_EXECUTION_DATE=2024-03-08T00:00:00+00:00
AIRFLOW_CTX_TRY_NUMBER=1
AIRFLOW_CTX_DAG_RUN_ID=scheduled__2024-03-08T00:00:00+00:00
[2024-04-02 21:48:02,274] {python.py:173} INFO - Done. Returned value was: None
[2024-04-02 21:48:02,309] {taskinstance.py:1395} INFO - Marking task as SUCCESS. dag_id=get_stocks_dag, task_id=AAPL, execution_date=20240308T000000, start_date=20240403T004749, end_date=20240403T004802
[2024-04-02 21:48:02,386] {local_task_job.py:156} INFO - Task exited with return code 0
[2024-04-02 21:48:02,464] {local_task_job.py:273} INFO - 0 downstream tasks scheduled from follow-on schedule check
[2024-04-02 22:58:10,028] {taskinstance.py:1159} INFO - Dependencies all met for <TaskInstance: get_stocks_dag.AAPL scheduled__2024-03-08T00:00:00+00:00 [queued]>
[2024-04-02 22:58:10,119] {taskinstance.py:1159} INFO - Dependencies all met for <TaskInstance: get_stocks_dag.AAPL scheduled__2024-03-08T00:00:00+00:00 [queued]>
[2024-04-02 22:58:10,120] {taskinstance.py:1356} INFO - 
--------------------------------------------------------------------------------
[2024-04-02 22:58:10,120] {taskinstance.py:1357} INFO - Starting attempt 1 of 1
[2024-04-02 22:58:10,121] {taskinstance.py:1358} INFO - 
--------------------------------------------------------------------------------
[2024-04-02 22:58:10,381] {taskinstance.py:1377} INFO - Executing <Task(_PythonDecoratedOperator): AAPL> on 2024-03-08 00:00:00+00:00
[2024-04-02 22:58:10,494] {standard_task_runner.py:52} INFO - Started process 74670 to run task
[2024-04-02 22:58:10,519] {standard_task_runner.py:79} INFO - Running: ['airflow', 'tasks', 'run', 'get_stocks_dag', 'AAPL', 'scheduled__2024-03-08T00:00:00+00:00', '--job-id', '1045', '--raw', '--subdir', 'DAGS_FOLDER/get_stocks.py', '--cfg-path', '/tmp/tmpah7_6be1', '--error-file', '/tmp/tmpb3qyfq84']
[2024-04-02 22:58:10,563] {standard_task_runner.py:80} INFO - Job 1045: Subtask AAPL
[2024-04-02 22:58:11,167] {task_command.py:370} INFO - Running <TaskInstance: get_stocks_dag.AAPL scheduled__2024-03-08T00:00:00+00:00 [running]> on host alexmend-virtual-machine
[2024-04-02 22:58:11,798] {taskinstance.py:1569} INFO - Exporting the following env vars:
AIRFLOW_CTX_DAG_OWNER=airflow
AIRFLOW_CTX_DAG_ID=get_stocks_dag
AIRFLOW_CTX_TASK_ID=AAPL
AIRFLOW_CTX_EXECUTION_DATE=2024-03-08T00:00:00+00:00
AIRFLOW_CTX_TRY_NUMBER=1
AIRFLOW_CTX_DAG_RUN_ID=scheduled__2024-03-08T00:00:00+00:00
[2024-04-02 22:58:22,908] {python.py:173} INFO - Done. Returned value was: None
[2024-04-02 22:58:23,013] {taskinstance.py:1395} INFO - Marking task as SUCCESS. dag_id=get_stocks_dag, task_id=AAPL, execution_date=20240308T000000, start_date=20240403T015810, end_date=20240403T015823
[2024-04-02 22:58:23,176] {local_task_job.py:156} INFO - Task exited with return code 0
[2024-04-02 22:58:23,458] {local_task_job.py:273} INFO - 0 downstream tasks scheduled from follow-on schedule check
