[2024-04-02 13:10:48,181] {taskinstance.py:1159} INFO - Dependencies all met for <TaskInstance: get_stocks_dag.GOOG scheduled__2024-03-12T00:00:00+00:00 [queued]>
[2024-04-02 13:10:48,190] {taskinstance.py:1159} INFO - Dependencies all met for <TaskInstance: get_stocks_dag.GOOG scheduled__2024-03-12T00:00:00+00:00 [queued]>
[2024-04-02 13:10:48,191] {taskinstance.py:1356} INFO - 
--------------------------------------------------------------------------------
[2024-04-02 13:10:48,191] {taskinstance.py:1357} INFO - Starting attempt 1 of 1
[2024-04-02 13:10:48,191] {taskinstance.py:1358} INFO - 
--------------------------------------------------------------------------------
[2024-04-02 13:10:48,221] {taskinstance.py:1377} INFO - Executing <Task(_PythonDecoratedOperator): GOOG> on 2024-03-12 00:00:00+00:00
[2024-04-02 13:10:48,228] {standard_task_runner.py:52} INFO - Started process 12660 to run task
[2024-04-02 13:10:48,233] {standard_task_runner.py:79} INFO - Running: ['airflow', 'tasks', 'run', 'get_stocks_dag', 'GOOG', 'scheduled__2024-03-12T00:00:00+00:00', '--job-id', '209', '--raw', '--subdir', 'DAGS_FOLDER/get_stocks.py', '--cfg-path', '/tmp/tmp78kr0t35', '--error-file', '/tmp/tmpscsuumtg']
[2024-04-02 13:10:48,234] {standard_task_runner.py:80} INFO - Job 209: Subtask GOOG
[2024-04-02 13:10:48,305] {task_command.py:370} INFO - Running <TaskInstance: get_stocks_dag.GOOG scheduled__2024-03-12T00:00:00+00:00 [running]> on host alexmend-virtual-machine
[2024-04-02 13:10:48,391] {taskinstance.py:1569} INFO - Exporting the following env vars:
AIRFLOW_CTX_DAG_OWNER=airflow
AIRFLOW_CTX_DAG_ID=get_stocks_dag
AIRFLOW_CTX_TASK_ID=GOOG
AIRFLOW_CTX_EXECUTION_DATE=2024-03-12T00:00:00+00:00
AIRFLOW_CTX_TRY_NUMBER=1
AIRFLOW_CTX_DAG_RUN_ID=scheduled__2024-03-12T00:00:00+00:00
[2024-04-02 13:10:49,111] {python.py:173} INFO - Done. Returned value was: None
[2024-04-02 13:10:49,122] {taskinstance.py:1395} INFO - Marking task as SUCCESS. dag_id=get_stocks_dag, task_id=GOOG, execution_date=20240312T000000, start_date=20240402T161048, end_date=20240402T161049
[2024-04-02 13:10:49,142] {local_task_job.py:156} INFO - Task exited with return code 0
[2024-04-02 13:10:49,163] {local_task_job.py:273} INFO - 0 downstream tasks scheduled from follow-on schedule check
[2024-04-02 17:19:42,396] {taskinstance.py:1159} INFO - Dependencies all met for <TaskInstance: get_stocks_dag.GOOG scheduled__2024-03-12T00:00:00+00:00 [queued]>
[2024-04-02 17:19:42,416] {taskinstance.py:1159} INFO - Dependencies all met for <TaskInstance: get_stocks_dag.GOOG scheduled__2024-03-12T00:00:00+00:00 [queued]>
[2024-04-02 17:19:42,416] {taskinstance.py:1356} INFO - 
--------------------------------------------------------------------------------
[2024-04-02 17:19:42,417] {taskinstance.py:1357} INFO - Starting attempt 1 of 1
[2024-04-02 17:19:42,417] {taskinstance.py:1358} INFO - 
--------------------------------------------------------------------------------
[2024-04-02 17:19:42,448] {taskinstance.py:1377} INFO - Executing <Task(_PythonDecoratedOperator): GOOG> on 2024-03-12 00:00:00+00:00
[2024-04-02 17:19:42,470] {standard_task_runner.py:52} INFO - Started process 8606 to run task
[2024-04-02 17:19:42,561] {standard_task_runner.py:79} INFO - Running: ['airflow', 'tasks', 'run', 'get_stocks_dag', 'GOOG', 'scheduled__2024-03-12T00:00:00+00:00', '--job-id', '193', '--raw', '--subdir', 'DAGS_FOLDER/get_stocks.py', '--cfg-path', '/tmp/tmp4lb22irg', '--error-file', '/tmp/tmpzgfwvb7q']
[2024-04-02 17:19:42,563] {standard_task_runner.py:80} INFO - Job 193: Subtask GOOG
[2024-04-02 17:19:43,059] {task_command.py:370} INFO - Running <TaskInstance: get_stocks_dag.GOOG scheduled__2024-03-12T00:00:00+00:00 [running]> on host alexmend-virtual-machine
[2024-04-02 17:19:43,787] {taskinstance.py:1569} INFO - Exporting the following env vars:
AIRFLOW_CTX_DAG_OWNER=airflow
AIRFLOW_CTX_DAG_ID=get_stocks_dag
AIRFLOW_CTX_TASK_ID=GOOG
AIRFLOW_CTX_EXECUTION_DATE=2024-03-12T00:00:00+00:00
AIRFLOW_CTX_TRY_NUMBER=1
AIRFLOW_CTX_DAG_RUN_ID=scheduled__2024-03-12T00:00:00+00:00
[2024-04-02 17:19:44,881] {python.py:173} INFO - Done. Returned value was: None
[2024-04-02 17:19:44,922] {taskinstance.py:1395} INFO - Marking task as SUCCESS. dag_id=get_stocks_dag, task_id=GOOG, execution_date=20240312T000000, start_date=20240402T201942, end_date=20240402T201944
[2024-04-02 17:19:45,004] {local_task_job.py:156} INFO - Task exited with return code 0
[2024-04-02 17:19:45,153] {local_task_job.py:273} INFO - 0 downstream tasks scheduled from follow-on schedule check
[2024-04-02 17:46:29,782] {taskinstance.py:1159} INFO - Dependencies all met for <TaskInstance: get_stocks_dag.GOOG scheduled__2024-03-12T00:00:00+00:00 [queued]>
[2024-04-02 17:46:29,826] {taskinstance.py:1159} INFO - Dependencies all met for <TaskInstance: get_stocks_dag.GOOG scheduled__2024-03-12T00:00:00+00:00 [queued]>
[2024-04-02 17:46:29,826] {taskinstance.py:1356} INFO - 
--------------------------------------------------------------------------------
[2024-04-02 17:46:29,827] {taskinstance.py:1357} INFO - Starting attempt 1 of 1
[2024-04-02 17:46:29,827] {taskinstance.py:1358} INFO - 
--------------------------------------------------------------------------------
[2024-04-02 17:46:29,879] {taskinstance.py:1377} INFO - Executing <Task(_PythonDecoratedOperator): GOOG> on 2024-03-12 00:00:00+00:00
[2024-04-02 17:46:29,894] {standard_task_runner.py:52} INFO - Started process 23615 to run task
[2024-04-02 17:46:29,925] {standard_task_runner.py:79} INFO - Running: ['airflow', 'tasks', 'run', 'get_stocks_dag', 'GOOG', 'scheduled__2024-03-12T00:00:00+00:00', '--job-id', '453', '--raw', '--subdir', 'DAGS_FOLDER/get_stocks.py', '--cfg-path', '/tmp/tmpyk5xrej9', '--error-file', '/tmp/tmpjr7_pb1l']
[2024-04-02 17:46:29,926] {standard_task_runner.py:80} INFO - Job 453: Subtask GOOG
[2024-04-02 17:46:30,181] {task_command.py:370} INFO - Running <TaskInstance: get_stocks_dag.GOOG scheduled__2024-03-12T00:00:00+00:00 [running]> on host alexmend-virtual-machine
[2024-04-02 17:46:30,424] {taskinstance.py:1569} INFO - Exporting the following env vars:
AIRFLOW_CTX_DAG_OWNER=airflow
AIRFLOW_CTX_DAG_ID=get_stocks_dag
AIRFLOW_CTX_TASK_ID=GOOG
AIRFLOW_CTX_EXECUTION_DATE=2024-03-12T00:00:00+00:00
AIRFLOW_CTX_TRY_NUMBER=1
AIRFLOW_CTX_DAG_RUN_ID=scheduled__2024-03-12T00:00:00+00:00
[2024-04-02 17:46:31,183] {python.py:173} INFO - Done. Returned value was: None
[2024-04-02 17:46:31,220] {taskinstance.py:1395} INFO - Marking task as SUCCESS. dag_id=get_stocks_dag, task_id=GOOG, execution_date=20240312T000000, start_date=20240402T204629, end_date=20240402T204631
[2024-04-02 17:46:31,259] {local_task_job.py:156} INFO - Task exited with return code 0
[2024-04-02 17:46:31,361] {local_task_job.py:273} INFO - 0 downstream tasks scheduled from follow-on schedule check
[2024-04-02 19:15:26,981] {taskinstance.py:1159} INFO - Dependencies all met for <TaskInstance: get_stocks_dag.GOOG scheduled__2024-03-12T00:00:00+00:00 [queued]>
[2024-04-02 19:15:27,001] {taskinstance.py:1159} INFO - Dependencies all met for <TaskInstance: get_stocks_dag.GOOG scheduled__2024-03-12T00:00:00+00:00 [queued]>
[2024-04-02 19:15:27,002] {taskinstance.py:1356} INFO - 
--------------------------------------------------------------------------------
[2024-04-02 19:15:27,002] {taskinstance.py:1357} INFO - Starting attempt 1 of 1
[2024-04-02 19:15:27,003] {taskinstance.py:1358} INFO - 
--------------------------------------------------------------------------------
[2024-04-02 19:15:27,024] {taskinstance.py:1377} INFO - Executing <Task(_PythonDecoratedOperator): GOOG> on 2024-03-12 00:00:00+00:00
[2024-04-02 19:15:27,033] {standard_task_runner.py:52} INFO - Started process 14729 to run task
[2024-04-02 19:15:27,057] {standard_task_runner.py:79} INFO - Running: ['airflow', 'tasks', 'run', 'get_stocks_dag', 'GOOG', 'scheduled__2024-03-12T00:00:00+00:00', '--job-id', '554', '--raw', '--subdir', 'DAGS_FOLDER/get_stocks.py', '--cfg-path', '/tmp/tmpszdmjo2y', '--error-file', '/tmp/tmpe_whhd97']
[2024-04-02 19:15:27,059] {standard_task_runner.py:80} INFO - Job 554: Subtask GOOG
[2024-04-02 19:15:27,187] {task_command.py:370} INFO - Running <TaskInstance: get_stocks_dag.GOOG scheduled__2024-03-12T00:00:00+00:00 [running]> on host alexmend-virtual-machine
[2024-04-02 19:15:27,300] {taskinstance.py:1569} INFO - Exporting the following env vars:
AIRFLOW_CTX_DAG_OWNER=airflow
AIRFLOW_CTX_DAG_ID=get_stocks_dag
AIRFLOW_CTX_TASK_ID=GOOG
AIRFLOW_CTX_EXECUTION_DATE=2024-03-12T00:00:00+00:00
AIRFLOW_CTX_TRY_NUMBER=1
AIRFLOW_CTX_DAG_RUN_ID=scheduled__2024-03-12T00:00:00+00:00
[2024-04-02 19:15:28,020] {python.py:173} INFO - Done. Returned value was: None
[2024-04-02 19:15:28,048] {taskinstance.py:1395} INFO - Marking task as SUCCESS. dag_id=get_stocks_dag, task_id=GOOG, execution_date=20240312T000000, start_date=20240402T221526, end_date=20240402T221528
[2024-04-02 19:15:28,149] {local_task_job.py:156} INFO - Task exited with return code 0
[2024-04-02 19:15:28,213] {local_task_job.py:273} INFO - 0 downstream tasks scheduled from follow-on schedule check
[2024-04-02 20:39:15,991] {taskinstance.py:1159} INFO - Dependencies all met for <TaskInstance: get_stocks_dag.GOOG scheduled__2024-03-12T00:00:00+00:00 [queued]>
[2024-04-02 20:39:16,009] {taskinstance.py:1159} INFO - Dependencies all met for <TaskInstance: get_stocks_dag.GOOG scheduled__2024-03-12T00:00:00+00:00 [queued]>
[2024-04-02 20:39:16,010] {taskinstance.py:1356} INFO - 
--------------------------------------------------------------------------------
[2024-04-02 20:39:16,010] {taskinstance.py:1357} INFO - Starting attempt 1 of 1
[2024-04-02 20:39:16,011] {taskinstance.py:1358} INFO - 
--------------------------------------------------------------------------------
[2024-04-02 20:39:16,027] {taskinstance.py:1377} INFO - Executing <Task(_PythonDecoratedOperator): GOOG> on 2024-03-12 00:00:00+00:00
[2024-04-02 20:39:16,043] {standard_task_runner.py:52} INFO - Started process 26121 to run task
[2024-04-02 20:39:16,050] {standard_task_runner.py:79} INFO - Running: ['airflow', 'tasks', 'run', 'get_stocks_dag', 'GOOG', 'scheduled__2024-03-12T00:00:00+00:00', '--job-id', '655', '--raw', '--subdir', 'DAGS_FOLDER/get_stocks.py', '--cfg-path', '/tmp/tmpcvfj9tlq', '--error-file', '/tmp/tmpzlfy5dsa']
[2024-04-02 20:39:16,052] {standard_task_runner.py:80} INFO - Job 655: Subtask GOOG
[2024-04-02 20:39:16,220] {task_command.py:370} INFO - Running <TaskInstance: get_stocks_dag.GOOG scheduled__2024-03-12T00:00:00+00:00 [running]> on host alexmend-virtual-machine
[2024-04-02 20:39:16,370] {taskinstance.py:1569} INFO - Exporting the following env vars:
AIRFLOW_CTX_DAG_OWNER=airflow
AIRFLOW_CTX_DAG_ID=get_stocks_dag
AIRFLOW_CTX_TASK_ID=GOOG
AIRFLOW_CTX_EXECUTION_DATE=2024-03-12T00:00:00+00:00
AIRFLOW_CTX_TRY_NUMBER=1
AIRFLOW_CTX_DAG_RUN_ID=scheduled__2024-03-12T00:00:00+00:00
[2024-04-02 20:39:17,150] {python.py:173} INFO - Done. Returned value was: None
[2024-04-02 20:39:17,190] {taskinstance.py:1395} INFO - Marking task as SUCCESS. dag_id=get_stocks_dag, task_id=GOOG, execution_date=20240312T000000, start_date=20240402T233915, end_date=20240402T233917
[2024-04-02 20:39:17,241] {local_task_job.py:156} INFO - Task exited with return code 0
[2024-04-02 20:39:17,359] {local_task_job.py:273} INFO - 0 downstream tasks scheduled from follow-on schedule check
[2024-04-02 21:49:10,422] {taskinstance.py:1159} INFO - Dependencies all met for <TaskInstance: get_stocks_dag.GOOG scheduled__2024-03-12T00:00:00+00:00 [queued]>
[2024-04-02 21:49:10,448] {taskinstance.py:1159} INFO - Dependencies all met for <TaskInstance: get_stocks_dag.GOOG scheduled__2024-03-12T00:00:00+00:00 [queued]>
[2024-04-02 21:49:10,448] {taskinstance.py:1356} INFO - 
--------------------------------------------------------------------------------
[2024-04-02 21:49:10,448] {taskinstance.py:1357} INFO - Starting attempt 1 of 1
[2024-04-02 21:49:10,448] {taskinstance.py:1358} INFO - 
--------------------------------------------------------------------------------
[2024-04-02 21:49:10,485] {taskinstance.py:1377} INFO - Executing <Task(_PythonDecoratedOperator): GOOG> on 2024-03-12 00:00:00+00:00
[2024-04-02 21:49:10,499] {standard_task_runner.py:52} INFO - Started process 50235 to run task
[2024-04-02 21:49:10,514] {standard_task_runner.py:79} INFO - Running: ['airflow', 'tasks', 'run', 'get_stocks_dag', 'GOOG', 'scheduled__2024-03-12T00:00:00+00:00', '--job-id', '797', '--raw', '--subdir', 'DAGS_FOLDER/get_stocks.py', '--cfg-path', '/tmp/tmpls6s1qg0', '--error-file', '/tmp/tmpcoho4gq1']
[2024-04-02 21:49:10,516] {standard_task_runner.py:80} INFO - Job 797: Subtask GOOG
[2024-04-02 21:49:10,706] {task_command.py:370} INFO - Running <TaskInstance: get_stocks_dag.GOOG scheduled__2024-03-12T00:00:00+00:00 [running]> on host alexmend-virtual-machine
[2024-04-02 21:49:10,901] {taskinstance.py:1569} INFO - Exporting the following env vars:
AIRFLOW_CTX_DAG_OWNER=airflow
AIRFLOW_CTX_DAG_ID=get_stocks_dag
AIRFLOW_CTX_TASK_ID=GOOG
AIRFLOW_CTX_EXECUTION_DATE=2024-03-12T00:00:00+00:00
AIRFLOW_CTX_TRY_NUMBER=1
AIRFLOW_CTX_DAG_RUN_ID=scheduled__2024-03-12T00:00:00+00:00
[2024-04-02 21:49:21,850] {python.py:173} INFO - Done. Returned value was: None
[2024-04-02 21:49:21,917] {taskinstance.py:1395} INFO - Marking task as SUCCESS. dag_id=get_stocks_dag, task_id=GOOG, execution_date=20240312T000000, start_date=20240403T004910, end_date=20240403T004921
[2024-04-02 21:49:22,083] {local_task_job.py:156} INFO - Task exited with return code 0
[2024-04-02 21:49:22,321] {local_task_job.py:273} INFO - 0 downstream tasks scheduled from follow-on schedule check
[2024-04-02 23:01:42,516] {taskinstance.py:1159} INFO - Dependencies all met for <TaskInstance: get_stocks_dag.GOOG scheduled__2024-03-12T00:00:00+00:00 [queued]>
[2024-04-02 23:01:42,536] {taskinstance.py:1159} INFO - Dependencies all met for <TaskInstance: get_stocks_dag.GOOG scheduled__2024-03-12T00:00:00+00:00 [queued]>
[2024-04-02 23:01:42,536] {taskinstance.py:1356} INFO - 
--------------------------------------------------------------------------------
[2024-04-02 23:01:42,537] {taskinstance.py:1357} INFO - Starting attempt 1 of 1
[2024-04-02 23:01:42,537] {taskinstance.py:1358} INFO - 
--------------------------------------------------------------------------------
[2024-04-02 23:01:42,568] {taskinstance.py:1377} INFO - Executing <Task(_PythonDecoratedOperator): GOOG> on 2024-03-12 00:00:00+00:00
[2024-04-02 23:01:42,582] {standard_task_runner.py:52} INFO - Started process 76624 to run task
[2024-04-02 23:01:42,589] {standard_task_runner.py:79} INFO - Running: ['airflow', 'tasks', 'run', 'get_stocks_dag', 'GOOG', 'scheduled__2024-03-12T00:00:00+00:00', '--job-id', '1071', '--raw', '--subdir', 'DAGS_FOLDER/get_stocks.py', '--cfg-path', '/tmp/tmpaocsfaad', '--error-file', '/tmp/tmp99oyhs4d']
[2024-04-02 23:01:42,594] {standard_task_runner.py:80} INFO - Job 1071: Subtask GOOG
[2024-04-02 23:01:42,773] {task_command.py:370} INFO - Running <TaskInstance: get_stocks_dag.GOOG scheduled__2024-03-12T00:00:00+00:00 [running]> on host alexmend-virtual-machine
[2024-04-02 23:01:42,958] {taskinstance.py:1569} INFO - Exporting the following env vars:
AIRFLOW_CTX_DAG_OWNER=airflow
AIRFLOW_CTX_DAG_ID=get_stocks_dag
AIRFLOW_CTX_TASK_ID=GOOG
AIRFLOW_CTX_EXECUTION_DATE=2024-03-12T00:00:00+00:00
AIRFLOW_CTX_TRY_NUMBER=1
AIRFLOW_CTX_DAG_RUN_ID=scheduled__2024-03-12T00:00:00+00:00
[2024-04-02 23:01:53,671] {python.py:173} INFO - Done. Returned value was: None
[2024-04-02 23:01:53,720] {taskinstance.py:1395} INFO - Marking task as SUCCESS. dag_id=get_stocks_dag, task_id=GOOG, execution_date=20240312T000000, start_date=20240403T020142, end_date=20240403T020153
[2024-04-02 23:01:53,807] {local_task_job.py:156} INFO - Task exited with return code 0
[2024-04-02 23:01:53,879] {local_task_job.py:273} INFO - 0 downstream tasks scheduled from follow-on schedule check
