[2024-04-02 21:53:03,630] {taskinstance.py:1159} INFO - Dependencies all met for <TaskInstance: get_crypto_dag.DOGE scheduled__2024-03-12T00:00:00+00:00 [queued]>
[2024-04-02 21:53:03,687] {taskinstance.py:1159} INFO - Dependencies all met for <TaskInstance: get_crypto_dag.DOGE scheduled__2024-03-12T00:00:00+00:00 [queued]>
[2024-04-02 21:53:03,688] {taskinstance.py:1356} INFO - 
--------------------------------------------------------------------------------
[2024-04-02 21:53:03,688] {taskinstance.py:1357} INFO - Starting attempt 1 of 1
[2024-04-02 21:53:03,688] {taskinstance.py:1358} INFO - 
--------------------------------------------------------------------------------
[2024-04-02 21:53:03,808] {taskinstance.py:1377} INFO - Executing <Task(_PythonDecoratedOperator): DOGE> on 2024-03-12 00:00:00+00:00
[2024-04-02 21:53:03,970] {standard_task_runner.py:79} INFO - Running: ['airflow', 'tasks', 'run', 'get_crypto_dag', 'DOGE', 'scheduled__2024-03-12T00:00:00+00:00', '--job-id', '847', '--raw', '--subdir', 'DAGS_FOLDER/get_crypto.py', '--cfg-path', '/tmp/tmp9qdtz69u', '--error-file', '/tmp/tmpshz0pkro']
[2024-04-02 21:53:03,981] {standard_task_runner.py:80} INFO - Job 847: Subtask DOGE
[2024-04-02 21:53:03,916] {standard_task_runner.py:52} INFO - Started process 53010 to run task
[2024-04-02 21:53:05,472] {task_command.py:370} INFO - Running <TaskInstance: get_crypto_dag.DOGE scheduled__2024-03-12T00:00:00+00:00 [running]> on host alexmend-virtual-machine
[2024-04-02 21:53:06,987] {taskinstance.py:1569} INFO - Exporting the following env vars:
AIRFLOW_CTX_DAG_OWNER=airflow
AIRFLOW_CTX_DAG_ID=get_crypto_dag
AIRFLOW_CTX_TASK_ID=DOGE
AIRFLOW_CTX_EXECUTION_DATE=2024-03-12T00:00:00+00:00
AIRFLOW_CTX_TRY_NUMBER=1
AIRFLOW_CTX_DAG_RUN_ID=scheduled__2024-03-12T00:00:00+00:00
[2024-04-02 21:53:14,020] {history.py:90} ERROR - DOGE: No timezone found, symbol may be delisted
[2024-04-02 21:53:24,118] {python.py:173} INFO - Done. Returned value was: None
[2024-04-02 21:53:26,197] {taskinstance.py:1395} INFO - Marking task as SUCCESS. dag_id=get_crypto_dag, task_id=DOGE, execution_date=20240312T000000, start_date=20240403T005303, end_date=20240403T005326
[2024-04-02 21:53:26,850] {local_task_job.py:156} INFO - Task exited with return code 0
[2024-04-02 21:53:28,540] {local_task_job.py:273} INFO - 0 downstream tasks scheduled from follow-on schedule check
[2024-04-02 23:02:11,554] {taskinstance.py:1159} INFO - Dependencies all met for <TaskInstance: get_crypto_dag.DOGE scheduled__2024-03-12T00:00:00+00:00 [queued]>
[2024-04-02 23:02:11,573] {taskinstance.py:1159} INFO - Dependencies all met for <TaskInstance: get_crypto_dag.DOGE scheduled__2024-03-12T00:00:00+00:00 [queued]>
[2024-04-02 23:02:11,573] {taskinstance.py:1356} INFO - 
--------------------------------------------------------------------------------
[2024-04-02 23:02:11,573] {taskinstance.py:1357} INFO - Starting attempt 1 of 1
[2024-04-02 23:02:11,574] {taskinstance.py:1358} INFO - 
--------------------------------------------------------------------------------
[2024-04-02 23:02:11,594] {taskinstance.py:1377} INFO - Executing <Task(_PythonDecoratedOperator): DOGE> on 2024-03-12 00:00:00+00:00
[2024-04-02 23:02:11,610] {standard_task_runner.py:52} INFO - Started process 76920 to run task
[2024-04-02 23:02:11,623] {standard_task_runner.py:79} INFO - Running: ['airflow', 'tasks', 'run', 'get_crypto_dag', 'DOGE', 'scheduled__2024-03-12T00:00:00+00:00', '--job-id', '1074', '--raw', '--subdir', 'DAGS_FOLDER/get_crypto.py', '--cfg-path', '/tmp/tmpckp3f_hd', '--error-file', '/tmp/tmpcpfdh3oi']
[2024-04-02 23:02:11,625] {standard_task_runner.py:80} INFO - Job 1074: Subtask DOGE
[2024-04-02 23:02:11,832] {task_command.py:370} INFO - Running <TaskInstance: get_crypto_dag.DOGE scheduled__2024-03-12T00:00:00+00:00 [running]> on host alexmend-virtual-machine
[2024-04-02 23:02:12,039] {taskinstance.py:1569} INFO - Exporting the following env vars:
AIRFLOW_CTX_DAG_OWNER=airflow
AIRFLOW_CTX_DAG_ID=get_crypto_dag
AIRFLOW_CTX_TASK_ID=DOGE
AIRFLOW_CTX_EXECUTION_DATE=2024-03-12T00:00:00+00:00
AIRFLOW_CTX_TRY_NUMBER=1
AIRFLOW_CTX_DAG_RUN_ID=scheduled__2024-03-12T00:00:00+00:00
[2024-04-02 23:02:15,698] {history.py:90} ERROR - DOGE: No timezone found, symbol may be delisted
[2024-04-02 23:02:25,715] {python.py:173} INFO - Done. Returned value was: None
[2024-04-02 23:02:25,933] {taskinstance.py:1395} INFO - Marking task as SUCCESS. dag_id=get_crypto_dag, task_id=DOGE, execution_date=20240312T000000, start_date=20240403T020211, end_date=20240403T020225
[2024-04-02 23:02:26,036] {local_task_job.py:156} INFO - Task exited with return code 0
[2024-04-02 23:02:26,114] {local_task_job.py:273} INFO - 0 downstream tasks scheduled from follow-on schedule check
