[2024-04-02 13:02:45,830] {taskinstance.py:1159} INFO - Dependencies all met for <TaskInstance: get_stocks_dag.AAPL scheduled__2024-01-31T00:00:00+00:00 [queued]>
[2024-04-02 13:02:45,844] {taskinstance.py:1159} INFO - Dependencies all met for <TaskInstance: get_stocks_dag.AAPL scheduled__2024-01-31T00:00:00+00:00 [queued]>
[2024-04-02 13:02:45,844] {taskinstance.py:1356} INFO - 
--------------------------------------------------------------------------------
[2024-04-02 13:02:45,845] {taskinstance.py:1357} INFO - Starting attempt 1 of 1
[2024-04-02 13:02:45,845] {taskinstance.py:1358} INFO - 
--------------------------------------------------------------------------------
[2024-04-02 13:02:45,868] {taskinstance.py:1377} INFO - Executing <Task(_PythonDecoratedOperator): AAPL> on 2024-01-31 00:00:00+00:00
[2024-04-02 13:02:45,873] {standard_task_runner.py:52} INFO - Started process 9808 to run task
[2024-04-02 13:02:45,877] {standard_task_runner.py:79} INFO - Running: ['airflow', 'tasks', 'run', 'get_stocks_dag', 'AAPL', 'scheduled__2024-01-31T00:00:00+00:00', '--job-id', '91', '--raw', '--subdir', 'DAGS_FOLDER/get_stocks.py', '--cfg-path', '/tmp/tmpjvlp7h8f', '--error-file', '/tmp/tmpw3ddf7cb']
[2024-04-02 13:02:45,878] {standard_task_runner.py:80} INFO - Job 91: Subtask AAPL
[2024-04-02 13:02:45,935] {task_command.py:370} INFO - Running <TaskInstance: get_stocks_dag.AAPL scheduled__2024-01-31T00:00:00+00:00 [running]> on host alexmend-virtual-machine
[2024-04-02 13:02:46,007] {taskinstance.py:1569} INFO - Exporting the following env vars:
AIRFLOW_CTX_DAG_OWNER=airflow
AIRFLOW_CTX_DAG_ID=get_stocks_dag
AIRFLOW_CTX_TASK_ID=AAPL
AIRFLOW_CTX_EXECUTION_DATE=2024-01-31T00:00:00+00:00
AIRFLOW_CTX_TRY_NUMBER=1
AIRFLOW_CTX_DAG_RUN_ID=scheduled__2024-01-31T00:00:00+00:00
[2024-04-02 13:02:46,715] {python.py:173} INFO - Done. Returned value was: None
[2024-04-02 13:02:46,726] {taskinstance.py:1395} INFO - Marking task as SUCCESS. dag_id=get_stocks_dag, task_id=AAPL, execution_date=20240131T000000, start_date=20240402T160245, end_date=20240402T160246
[2024-04-02 13:02:46,780] {local_task_job.py:156} INFO - Task exited with return code 0
[2024-04-02 13:02:46,831] {local_task_job.py:273} INFO - 0 downstream tasks scheduled from follow-on schedule check
[2024-04-02 17:18:02,138] {taskinstance.py:1159} INFO - Dependencies all met for <TaskInstance: get_stocks_dag.AAPL scheduled__2024-01-31T00:00:00+00:00 [queued]>
[2024-04-02 17:18:02,228] {taskinstance.py:1159} INFO - Dependencies all met for <TaskInstance: get_stocks_dag.AAPL scheduled__2024-01-31T00:00:00+00:00 [queued]>
[2024-04-02 17:18:02,232] {taskinstance.py:1356} INFO - 
--------------------------------------------------------------------------------
[2024-04-02 17:18:02,233] {taskinstance.py:1357} INFO - Starting attempt 1 of 1
[2024-04-02 17:18:02,238] {taskinstance.py:1358} INFO - 
--------------------------------------------------------------------------------
[2024-04-02 17:18:02,315] {taskinstance.py:1377} INFO - Executing <Task(_PythonDecoratedOperator): AAPL> on 2024-01-31 00:00:00+00:00
[2024-04-02 17:18:02,358] {standard_task_runner.py:52} INFO - Started process 5653 to run task
[2024-04-02 17:18:02,429] {standard_task_runner.py:79} INFO - Running: ['airflow', 'tasks', 'run', 'get_stocks_dag', 'AAPL', 'scheduled__2024-01-31T00:00:00+00:00', '--job-id', '76', '--raw', '--subdir', 'DAGS_FOLDER/get_stocks.py', '--cfg-path', '/tmp/tmp2qn3uw8q', '--error-file', '/tmp/tmpwo4x0_d5']
[2024-04-02 17:18:02,468] {standard_task_runner.py:80} INFO - Job 76: Subtask AAPL
[2024-04-02 17:18:02,856] {task_command.py:370} INFO - Running <TaskInstance: get_stocks_dag.AAPL scheduled__2024-01-31T00:00:00+00:00 [running]> on host alexmend-virtual-machine
[2024-04-02 17:18:03,585] {taskinstance.py:1569} INFO - Exporting the following env vars:
AIRFLOW_CTX_DAG_OWNER=airflow
AIRFLOW_CTX_DAG_ID=get_stocks_dag
AIRFLOW_CTX_TASK_ID=AAPL
AIRFLOW_CTX_EXECUTION_DATE=2024-01-31T00:00:00+00:00
AIRFLOW_CTX_TRY_NUMBER=1
AIRFLOW_CTX_DAG_RUN_ID=scheduled__2024-01-31T00:00:00+00:00
[2024-04-02 17:18:04,942] {python.py:173} INFO - Done. Returned value was: None
[2024-04-02 17:18:05,181] {taskinstance.py:1395} INFO - Marking task as SUCCESS. dag_id=get_stocks_dag, task_id=AAPL, execution_date=20240131T000000, start_date=20240402T201802, end_date=20240402T201805
[2024-04-02 17:18:05,317] {local_task_job.py:156} INFO - Task exited with return code 0
[2024-04-02 17:18:05,700] {local_task_job.py:273} INFO - 0 downstream tasks scheduled from follow-on schedule check
[2024-04-02 17:43:49,363] {taskinstance.py:1159} INFO - Dependencies all met for <TaskInstance: get_stocks_dag.AAPL scheduled__2024-01-31T00:00:00+00:00 [queued]>
[2024-04-02 17:43:49,385] {taskinstance.py:1159} INFO - Dependencies all met for <TaskInstance: get_stocks_dag.AAPL scheduled__2024-01-31T00:00:00+00:00 [queued]>
[2024-04-02 17:43:49,386] {taskinstance.py:1356} INFO - 
--------------------------------------------------------------------------------
[2024-04-02 17:43:49,386] {taskinstance.py:1357} INFO - Starting attempt 1 of 1
[2024-04-02 17:43:49,387] {taskinstance.py:1358} INFO - 
--------------------------------------------------------------------------------
[2024-04-02 17:43:49,407] {taskinstance.py:1377} INFO - Executing <Task(_PythonDecoratedOperator): AAPL> on 2024-01-31 00:00:00+00:00
[2024-04-02 17:43:49,416] {standard_task_runner.py:52} INFO - Started process 20282 to run task
[2024-04-02 17:43:49,424] {standard_task_runner.py:79} INFO - Running: ['airflow', 'tasks', 'run', 'get_stocks_dag', 'AAPL', 'scheduled__2024-01-31T00:00:00+00:00', '--job-id', '336', '--raw', '--subdir', 'DAGS_FOLDER/get_stocks.py', '--cfg-path', '/tmp/tmp5ttf59n8', '--error-file', '/tmp/tmpe9qv1w6o']
[2024-04-02 17:43:49,426] {standard_task_runner.py:80} INFO - Job 336: Subtask AAPL
[2024-04-02 17:43:49,567] {task_command.py:370} INFO - Running <TaskInstance: get_stocks_dag.AAPL scheduled__2024-01-31T00:00:00+00:00 [running]> on host alexmend-virtual-machine
[2024-04-02 17:43:49,853] {taskinstance.py:1569} INFO - Exporting the following env vars:
AIRFLOW_CTX_DAG_OWNER=airflow
AIRFLOW_CTX_DAG_ID=get_stocks_dag
AIRFLOW_CTX_TASK_ID=AAPL
AIRFLOW_CTX_EXECUTION_DATE=2024-01-31T00:00:00+00:00
AIRFLOW_CTX_TRY_NUMBER=1
AIRFLOW_CTX_DAG_RUN_ID=scheduled__2024-01-31T00:00:00+00:00
[2024-04-02 17:43:50,595] {python.py:173} INFO - Done. Returned value was: None
[2024-04-02 17:43:50,631] {taskinstance.py:1395} INFO - Marking task as SUCCESS. dag_id=get_stocks_dag, task_id=AAPL, execution_date=20240131T000000, start_date=20240402T204349, end_date=20240402T204350
[2024-04-02 17:43:50,689] {local_task_job.py:156} INFO - Task exited with return code 0
[2024-04-02 17:43:50,778] {local_task_job.py:273} INFO - 0 downstream tasks scheduled from follow-on schedule check
