[2024-04-02 21:50:56,289] {taskinstance.py:1159} INFO - Dependencies all met for <TaskInstance: get_crypto_dag.BTC scheduled__2024-03-09T00:00:00+00:00 [queued]>
[2024-04-02 21:50:56,350] {taskinstance.py:1159} INFO - Dependencies all met for <TaskInstance: get_crypto_dag.BTC scheduled__2024-03-09T00:00:00+00:00 [queued]>
[2024-04-02 21:50:56,350] {taskinstance.py:1356} INFO - 
--------------------------------------------------------------------------------
[2024-04-02 21:50:56,354] {taskinstance.py:1357} INFO - Starting attempt 1 of 1
[2024-04-02 21:50:56,354] {taskinstance.py:1358} INFO - 
--------------------------------------------------------------------------------
[2024-04-02 21:50:56,453] {taskinstance.py:1377} INFO - Executing <Task(_PythonDecoratedOperator): BTC> on 2024-03-09 00:00:00+00:00
[2024-04-02 21:50:56,485] {standard_task_runner.py:52} INFO - Started process 51592 to run task
[2024-04-02 21:50:56,532] {standard_task_runner.py:79} INFO - Running: ['airflow', 'tasks', 'run', 'get_crypto_dag', 'BTC', 'scheduled__2024-03-09T00:00:00+00:00', '--job-id', '821', '--raw', '--subdir', 'DAGS_FOLDER/get_crypto.py', '--cfg-path', '/tmp/tmpslzgow_b', '--error-file', '/tmp/tmplev3v24h']
[2024-04-02 21:50:56,534] {standard_task_runner.py:80} INFO - Job 821: Subtask BTC
[2024-04-02 21:50:56,816] {task_command.py:370} INFO - Running <TaskInstance: get_crypto_dag.BTC scheduled__2024-03-09T00:00:00+00:00 [running]> on host alexmend-virtual-machine
[2024-04-02 21:50:57,043] {taskinstance.py:1569} INFO - Exporting the following env vars:
AIRFLOW_CTX_DAG_OWNER=airflow
AIRFLOW_CTX_DAG_ID=get_crypto_dag
AIRFLOW_CTX_TASK_ID=BTC
AIRFLOW_CTX_EXECUTION_DATE=2024-03-09T00:00:00+00:00
AIRFLOW_CTX_TRY_NUMBER=1
AIRFLOW_CTX_DAG_RUN_ID=scheduled__2024-03-09T00:00:00+00:00
[2024-04-02 21:50:57,707] {history.py:222} ERROR - BTC: No price data found, symbol may be delisted (1h 2024-03-08 -> 2024-03-09)
[2024-04-02 21:51:07,721] {python.py:173} INFO - Done. Returned value was: None
[2024-04-02 21:51:07,773] {taskinstance.py:1395} INFO - Marking task as SUCCESS. dag_id=get_crypto_dag, task_id=BTC, execution_date=20240309T000000, start_date=20240403T005056, end_date=20240403T005107
[2024-04-02 21:51:07,848] {local_task_job.py:156} INFO - Task exited with return code 0
[2024-04-02 21:51:07,938] {local_task_job.py:273} INFO - 0 downstream tasks scheduled from follow-on schedule check
[2024-04-02 22:59:40,693] {taskinstance.py:1159} INFO - Dependencies all met for <TaskInstance: get_crypto_dag.BTC scheduled__2024-03-09T00:00:00+00:00 [queued]>
[2024-04-02 22:59:40,715] {taskinstance.py:1159} INFO - Dependencies all met for <TaskInstance: get_crypto_dag.BTC scheduled__2024-03-09T00:00:00+00:00 [queued]>
[2024-04-02 22:59:40,715] {taskinstance.py:1356} INFO - 
--------------------------------------------------------------------------------
[2024-04-02 22:59:40,715] {taskinstance.py:1357} INFO - Starting attempt 1 of 1
[2024-04-02 22:59:40,715] {taskinstance.py:1358} INFO - 
--------------------------------------------------------------------------------
[2024-04-02 22:59:40,741] {taskinstance.py:1377} INFO - Executing <Task(_PythonDecoratedOperator): BTC> on 2024-03-09 00:00:00+00:00
[2024-04-02 22:59:40,750] {standard_task_runner.py:52} INFO - Started process 75449 to run task
[2024-04-02 22:59:40,763] {standard_task_runner.py:79} INFO - Running: ['airflow', 'tasks', 'run', 'get_crypto_dag', 'BTC', 'scheduled__2024-03-09T00:00:00+00:00', '--job-id', '1055', '--raw', '--subdir', 'DAGS_FOLDER/get_crypto.py', '--cfg-path', '/tmp/tmpthytjydm', '--error-file', '/tmp/tmpyrawn43l']
[2024-04-02 22:59:40,765] {standard_task_runner.py:80} INFO - Job 1055: Subtask BTC
[2024-04-02 22:59:40,952] {task_command.py:370} INFO - Running <TaskInstance: get_crypto_dag.BTC scheduled__2024-03-09T00:00:00+00:00 [running]> on host alexmend-virtual-machine
[2024-04-02 22:59:41,188] {taskinstance.py:1569} INFO - Exporting the following env vars:
AIRFLOW_CTX_DAG_OWNER=airflow
AIRFLOW_CTX_DAG_ID=get_crypto_dag
AIRFLOW_CTX_TASK_ID=BTC
AIRFLOW_CTX_EXECUTION_DATE=2024-03-09T00:00:00+00:00
AIRFLOW_CTX_TRY_NUMBER=1
AIRFLOW_CTX_DAG_RUN_ID=scheduled__2024-03-09T00:00:00+00:00
[2024-04-02 22:59:41,835] {history.py:222} ERROR - BTC: No price data found, symbol may be delisted (1h 2024-03-08 -> 2024-03-09)
[2024-04-02 22:59:51,867] {python.py:173} INFO - Done. Returned value was: None
[2024-04-02 22:59:51,919] {taskinstance.py:1395} INFO - Marking task as SUCCESS. dag_id=get_crypto_dag, task_id=BTC, execution_date=20240309T000000, start_date=20240403T015940, end_date=20240403T015951
[2024-04-02 22:59:52,047] {local_task_job.py:156} INFO - Task exited with return code 0
[2024-04-02 22:59:52,173] {local_task_job.py:273} INFO - 0 downstream tasks scheduled from follow-on schedule check
