[2024-04-02 13:08:05,419] {taskinstance.py:1159} INFO - Dependencies all met for <TaskInstance: get_stocks_dag.MSFT scheduled__2024-02-27T00:00:00+00:00 [queued]>
[2024-04-02 13:08:05,432] {taskinstance.py:1159} INFO - Dependencies all met for <TaskInstance: get_stocks_dag.MSFT scheduled__2024-02-27T00:00:00+00:00 [queued]>
[2024-04-02 13:08:05,432] {taskinstance.py:1356} INFO - 
--------------------------------------------------------------------------------
[2024-04-02 13:08:05,432] {taskinstance.py:1357} INFO - Starting attempt 1 of 1
[2024-04-02 13:08:05,432] {taskinstance.py:1358} INFO - 
--------------------------------------------------------------------------------
[2024-04-02 13:08:05,456] {taskinstance.py:1377} INFO - Executing <Task(_PythonDecoratedOperator): MSFT> on 2024-02-27 00:00:00+00:00
[2024-04-02 13:08:05,462] {standard_task_runner.py:52} INFO - Started process 11710 to run task
[2024-04-02 13:08:05,468] {standard_task_runner.py:79} INFO - Running: ['airflow', 'tasks', 'run', 'get_stocks_dag', 'MSFT', 'scheduled__2024-02-27T00:00:00+00:00', '--job-id', '168', '--raw', '--subdir', 'DAGS_FOLDER/get_stocks.py', '--cfg-path', '/tmp/tmp9_h3rx82', '--error-file', '/tmp/tmp16lvv19m']
[2024-04-02 13:08:05,469] {standard_task_runner.py:80} INFO - Job 168: Subtask MSFT
[2024-04-02 13:08:05,542] {task_command.py:370} INFO - Running <TaskInstance: get_stocks_dag.MSFT scheduled__2024-02-27T00:00:00+00:00 [running]> on host alexmend-virtual-machine
[2024-04-02 13:08:05,630] {taskinstance.py:1569} INFO - Exporting the following env vars:
AIRFLOW_CTX_DAG_OWNER=airflow
AIRFLOW_CTX_DAG_ID=get_stocks_dag
AIRFLOW_CTX_TASK_ID=MSFT
AIRFLOW_CTX_EXECUTION_DATE=2024-02-27T00:00:00+00:00
AIRFLOW_CTX_TRY_NUMBER=1
AIRFLOW_CTX_DAG_RUN_ID=scheduled__2024-02-27T00:00:00+00:00
[2024-04-02 13:08:06,252] {python.py:173} INFO - Done. Returned value was: None
[2024-04-02 13:08:06,262] {taskinstance.py:1395} INFO - Marking task as SUCCESS. dag_id=get_stocks_dag, task_id=MSFT, execution_date=20240227T000000, start_date=20240402T160805, end_date=20240402T160806
[2024-04-02 13:08:06,284] {local_task_job.py:156} INFO - Task exited with return code 0
[2024-04-02 13:08:06,311] {local_task_job.py:273} INFO - 0 downstream tasks scheduled from follow-on schedule check
[2024-04-02 17:19:03,434] {taskinstance.py:1159} INFO - Dependencies all met for <TaskInstance: get_stocks_dag.MSFT scheduled__2024-02-27T00:00:00+00:00 [queued]>
[2024-04-02 17:19:03,469] {taskinstance.py:1159} INFO - Dependencies all met for <TaskInstance: get_stocks_dag.MSFT scheduled__2024-02-27T00:00:00+00:00 [queued]>
[2024-04-02 17:19:03,470] {taskinstance.py:1356} INFO - 
--------------------------------------------------------------------------------
[2024-04-02 17:19:03,472] {taskinstance.py:1357} INFO - Starting attempt 1 of 1
[2024-04-02 17:19:03,473] {taskinstance.py:1358} INFO - 
--------------------------------------------------------------------------------
[2024-04-02 17:19:03,518] {taskinstance.py:1377} INFO - Executing <Task(_PythonDecoratedOperator): MSFT> on 2024-02-27 00:00:00+00:00
[2024-04-02 17:19:03,528] {standard_task_runner.py:52} INFO - Started process 7539 to run task
[2024-04-02 17:19:03,539] {standard_task_runner.py:79} INFO - Running: ['airflow', 'tasks', 'run', 'get_stocks_dag', 'MSFT', 'scheduled__2024-02-27T00:00:00+00:00', '--job-id', '152', '--raw', '--subdir', 'DAGS_FOLDER/get_stocks.py', '--cfg-path', '/tmp/tmpkf4wpiga', '--error-file', '/tmp/tmpp27c1rm8']
[2024-04-02 17:19:03,554] {standard_task_runner.py:80} INFO - Job 152: Subtask MSFT
[2024-04-02 17:19:03,738] {task_command.py:370} INFO - Running <TaskInstance: get_stocks_dag.MSFT scheduled__2024-02-27T00:00:00+00:00 [running]> on host alexmend-virtual-machine
[2024-04-02 17:19:03,865] {taskinstance.py:1569} INFO - Exporting the following env vars:
AIRFLOW_CTX_DAG_OWNER=airflow
AIRFLOW_CTX_DAG_ID=get_stocks_dag
AIRFLOW_CTX_TASK_ID=MSFT
AIRFLOW_CTX_EXECUTION_DATE=2024-02-27T00:00:00+00:00
AIRFLOW_CTX_TRY_NUMBER=1
AIRFLOW_CTX_DAG_RUN_ID=scheduled__2024-02-27T00:00:00+00:00
[2024-04-02 17:19:04,489] {python.py:173} INFO - Done. Returned value was: None
[2024-04-02 17:19:04,521] {taskinstance.py:1395} INFO - Marking task as SUCCESS. dag_id=get_stocks_dag, task_id=MSFT, execution_date=20240227T000000, start_date=20240402T201903, end_date=20240402T201904
[2024-04-02 17:19:04,580] {local_task_job.py:156} INFO - Task exited with return code 0
[2024-04-02 17:19:04,631] {local_task_job.py:273} INFO - 0 downstream tasks scheduled from follow-on schedule check
[2024-04-02 17:45:35,520] {taskinstance.py:1159} INFO - Dependencies all met for <TaskInstance: get_stocks_dag.MSFT scheduled__2024-02-27T00:00:00+00:00 [queued]>
[2024-04-02 17:45:35,536] {taskinstance.py:1159} INFO - Dependencies all met for <TaskInstance: get_stocks_dag.MSFT scheduled__2024-02-27T00:00:00+00:00 [queued]>
[2024-04-02 17:45:35,537] {taskinstance.py:1356} INFO - 
--------------------------------------------------------------------------------
[2024-04-02 17:45:35,538] {taskinstance.py:1357} INFO - Starting attempt 1 of 1
[2024-04-02 17:45:35,538] {taskinstance.py:1358} INFO - 
--------------------------------------------------------------------------------
[2024-04-02 17:45:35,560] {taskinstance.py:1377} INFO - Executing <Task(_PythonDecoratedOperator): MSFT> on 2024-02-27 00:00:00+00:00
[2024-04-02 17:45:35,569] {standard_task_runner.py:52} INFO - Started process 22536 to run task
[2024-04-02 17:45:35,580] {standard_task_runner.py:79} INFO - Running: ['airflow', 'tasks', 'run', 'get_stocks_dag', 'MSFT', 'scheduled__2024-02-27T00:00:00+00:00', '--job-id', '412', '--raw', '--subdir', 'DAGS_FOLDER/get_stocks.py', '--cfg-path', '/tmp/tmp6ztlgx67', '--error-file', '/tmp/tmpxyn9i_ql']
[2024-04-02 17:45:35,581] {standard_task_runner.py:80} INFO - Job 412: Subtask MSFT
[2024-04-02 17:45:35,701] {task_command.py:370} INFO - Running <TaskInstance: get_stocks_dag.MSFT scheduled__2024-02-27T00:00:00+00:00 [running]> on host alexmend-virtual-machine
[2024-04-02 17:45:35,827] {taskinstance.py:1569} INFO - Exporting the following env vars:
AIRFLOW_CTX_DAG_OWNER=airflow
AIRFLOW_CTX_DAG_ID=get_stocks_dag
AIRFLOW_CTX_TASK_ID=MSFT
AIRFLOW_CTX_EXECUTION_DATE=2024-02-27T00:00:00+00:00
AIRFLOW_CTX_TRY_NUMBER=1
AIRFLOW_CTX_DAG_RUN_ID=scheduled__2024-02-27T00:00:00+00:00
[2024-04-02 17:45:36,452] {python.py:173} INFO - Done. Returned value was: None
[2024-04-02 17:45:36,504] {taskinstance.py:1395} INFO - Marking task as SUCCESS. dag_id=get_stocks_dag, task_id=MSFT, execution_date=20240227T000000, start_date=20240402T204535, end_date=20240402T204536
[2024-04-02 17:45:36,533] {local_task_job.py:156} INFO - Task exited with return code 0
[2024-04-02 17:45:36,594] {local_task_job.py:273} INFO - 0 downstream tasks scheduled from follow-on schedule check
[2024-04-02 19:13:43,151] {taskinstance.py:1159} INFO - Dependencies all met for <TaskInstance: get_stocks_dag.MSFT scheduled__2024-02-27T00:00:00+00:00 [queued]>
[2024-04-02 19:13:43,177] {taskinstance.py:1159} INFO - Dependencies all met for <TaskInstance: get_stocks_dag.MSFT scheduled__2024-02-27T00:00:00+00:00 [queued]>
[2024-04-02 19:13:43,178] {taskinstance.py:1356} INFO - 
--------------------------------------------------------------------------------
[2024-04-02 19:13:43,178] {taskinstance.py:1357} INFO - Starting attempt 1 of 1
[2024-04-02 19:13:43,178] {taskinstance.py:1358} INFO - 
--------------------------------------------------------------------------------
[2024-04-02 19:13:43,287] {taskinstance.py:1377} INFO - Executing <Task(_PythonDecoratedOperator): MSFT> on 2024-02-27 00:00:00+00:00
[2024-04-02 19:13:43,374] {standard_task_runner.py:52} INFO - Started process 13080 to run task
[2024-04-02 19:13:43,531] {standard_task_runner.py:79} INFO - Running: ['airflow', 'tasks', 'run', 'get_stocks_dag', 'MSFT', 'scheduled__2024-02-27T00:00:00+00:00', '--job-id', '513', '--raw', '--subdir', 'DAGS_FOLDER/get_stocks.py', '--cfg-path', '/tmp/tmpitjouo7r', '--error-file', '/tmp/tmp6nvwfzdh']
[2024-04-02 19:13:43,549] {standard_task_runner.py:80} INFO - Job 513: Subtask MSFT
[2024-04-02 19:13:44,550] {task_command.py:370} INFO - Running <TaskInstance: get_stocks_dag.MSFT scheduled__2024-02-27T00:00:00+00:00 [running]> on host alexmend-virtual-machine
[2024-04-02 19:13:44,869] {taskinstance.py:1569} INFO - Exporting the following env vars:
AIRFLOW_CTX_DAG_OWNER=airflow
AIRFLOW_CTX_DAG_ID=get_stocks_dag
AIRFLOW_CTX_TASK_ID=MSFT
AIRFLOW_CTX_EXECUTION_DATE=2024-02-27T00:00:00+00:00
AIRFLOW_CTX_TRY_NUMBER=1
AIRFLOW_CTX_DAG_RUN_ID=scheduled__2024-02-27T00:00:00+00:00
[2024-04-02 19:13:46,796] {python.py:173} INFO - Done. Returned value was: None
[2024-04-02 19:13:46,965] {taskinstance.py:1395} INFO - Marking task as SUCCESS. dag_id=get_stocks_dag, task_id=MSFT, execution_date=20240227T000000, start_date=20240402T221343, end_date=20240402T221346
[2024-04-02 19:13:47,035] {local_task_job.py:156} INFO - Task exited with return code 0
[2024-04-02 19:13:47,127] {local_task_job.py:273} INFO - 0 downstream tasks scheduled from follow-on schedule check
[2024-04-02 20:37:25,409] {taskinstance.py:1159} INFO - Dependencies all met for <TaskInstance: get_stocks_dag.MSFT scheduled__2024-02-27T00:00:00+00:00 [queued]>
[2024-04-02 20:37:25,449] {taskinstance.py:1159} INFO - Dependencies all met for <TaskInstance: get_stocks_dag.MSFT scheduled__2024-02-27T00:00:00+00:00 [queued]>
[2024-04-02 20:37:25,450] {taskinstance.py:1356} INFO - 
--------------------------------------------------------------------------------
[2024-04-02 20:37:25,450] {taskinstance.py:1357} INFO - Starting attempt 1 of 1
[2024-04-02 20:37:25,450] {taskinstance.py:1358} INFO - 
--------------------------------------------------------------------------------
[2024-04-02 20:37:25,512] {taskinstance.py:1377} INFO - Executing <Task(_PythonDecoratedOperator): MSFT> on 2024-02-27 00:00:00+00:00
[2024-04-02 20:37:25,596] {standard_task_runner.py:79} INFO - Running: ['airflow', 'tasks', 'run', 'get_stocks_dag', 'MSFT', 'scheduled__2024-02-27T00:00:00+00:00', '--job-id', '613', '--raw', '--subdir', 'DAGS_FOLDER/get_stocks.py', '--cfg-path', '/tmp/tmp94wrzt96', '--error-file', '/tmp/tmpqfdh40_c']
[2024-04-02 20:37:25,598] {standard_task_runner.py:80} INFO - Job 613: Subtask MSFT
[2024-04-02 20:37:25,546] {standard_task_runner.py:52} INFO - Started process 24443 to run task
[2024-04-02 20:37:26,763] {task_command.py:370} INFO - Running <TaskInstance: get_stocks_dag.MSFT scheduled__2024-02-27T00:00:00+00:00 [running]> on host alexmend-virtual-machine
[2024-04-02 20:37:29,419] {taskinstance.py:1569} INFO - Exporting the following env vars:
AIRFLOW_CTX_DAG_OWNER=airflow
AIRFLOW_CTX_DAG_ID=get_stocks_dag
AIRFLOW_CTX_TASK_ID=MSFT
AIRFLOW_CTX_EXECUTION_DATE=2024-02-27T00:00:00+00:00
AIRFLOW_CTX_TRY_NUMBER=1
AIRFLOW_CTX_DAG_RUN_ID=scheduled__2024-02-27T00:00:00+00:00
[2024-04-02 20:37:33,530] {python.py:173} INFO - Done. Returned value was: None
[2024-04-02 20:37:33,624] {taskinstance.py:1395} INFO - Marking task as SUCCESS. dag_id=get_stocks_dag, task_id=MSFT, execution_date=20240227T000000, start_date=20240402T233725, end_date=20240402T233733
[2024-04-02 20:37:33,707] {local_task_job.py:156} INFO - Task exited with return code 0
[2024-04-02 20:37:33,787] {local_task_job.py:273} INFO - 0 downstream tasks scheduled from follow-on schedule check
[2024-04-02 21:40:20,267] {taskinstance.py:1159} INFO - Dependencies all met for <TaskInstance: get_stocks_dag.MSFT scheduled__2024-02-27T00:00:00+00:00 [queued]>
[2024-04-02 21:40:20,453] {taskinstance.py:1159} INFO - Dependencies all met for <TaskInstance: get_stocks_dag.MSFT scheduled__2024-02-27T00:00:00+00:00 [queued]>
[2024-04-02 21:40:20,454] {taskinstance.py:1356} INFO - 
--------------------------------------------------------------------------------
[2024-04-02 21:40:20,454] {taskinstance.py:1357} INFO - Starting attempt 1 of 1
[2024-04-02 21:40:20,454] {taskinstance.py:1358} INFO - 
--------------------------------------------------------------------------------
[2024-04-02 21:40:20,486] {taskinstance.py:1377} INFO - Executing <Task(_PythonDecoratedOperator): MSFT> on 2024-02-27 00:00:00+00:00
[2024-04-02 21:40:20,571] {standard_task_runner.py:52} INFO - Started process 45741 to run task
[2024-04-02 21:40:20,832] {standard_task_runner.py:79} INFO - Running: ['airflow', 'tasks', 'run', 'get_stocks_dag', 'MSFT', 'scheduled__2024-02-27T00:00:00+00:00', '--job-id', '717', '--raw', '--subdir', 'DAGS_FOLDER/get_stocks.py', '--cfg-path', '/tmp/tmp35v295qy', '--error-file', '/tmp/tmpd559zm7m']
[2024-04-02 21:40:20,895] {standard_task_runner.py:80} INFO - Job 717: Subtask MSFT
[2024-04-02 21:40:21,731] {task_command.py:370} INFO - Running <TaskInstance: get_stocks_dag.MSFT scheduled__2024-02-27T00:00:00+00:00 [running]> on host alexmend-virtual-machine
[2024-04-02 21:40:22,738] {taskinstance.py:1569} INFO - Exporting the following env vars:
AIRFLOW_CTX_DAG_OWNER=airflow
AIRFLOW_CTX_DAG_ID=get_stocks_dag
AIRFLOW_CTX_TASK_ID=MSFT
AIRFLOW_CTX_EXECUTION_DATE=2024-02-27T00:00:00+00:00
AIRFLOW_CTX_TRY_NUMBER=1
AIRFLOW_CTX_DAG_RUN_ID=scheduled__2024-02-27T00:00:00+00:00
[2024-04-02 21:40:40,031] {python.py:173} INFO - Done. Returned value was: None
[2024-04-02 21:43:16,142] {taskinstance.py:1395} INFO - Marking task as SUCCESS. dag_id=get_stocks_dag, task_id=MSFT, execution_date=20240227T000000, start_date=20240403T004020, end_date=20240403T004316
[2024-04-02 21:43:16,414] {local_task_job.py:156} INFO - Task exited with return code 0
[2024-04-02 21:43:16,699] {local_task_job.py:273} INFO - 0 downstream tasks scheduled from follow-on schedule check
[2024-04-02 22:46:04,778] {taskinstance.py:1159} INFO - Dependencies all met for <TaskInstance: get_stocks_dag.MSFT scheduled__2024-02-27T00:00:00+00:00 [queued]>
[2024-04-02 22:46:04,811] {taskinstance.py:1159} INFO - Dependencies all met for <TaskInstance: get_stocks_dag.MSFT scheduled__2024-02-27T00:00:00+00:00 [queued]>
[2024-04-02 22:46:04,812] {taskinstance.py:1356} INFO - 
--------------------------------------------------------------------------------
[2024-04-02 22:46:04,812] {taskinstance.py:1357} INFO - Starting attempt 1 of 1
[2024-04-02 22:46:04,812] {taskinstance.py:1358} INFO - 
--------------------------------------------------------------------------------
[2024-04-02 22:46:04,876] {taskinstance.py:1377} INFO - Executing <Task(_PythonDecoratedOperator): MSFT> on 2024-02-27 00:00:00+00:00
[2024-04-02 22:46:04,891] {standard_task_runner.py:52} INFO - Started process 68747 to run task
[2024-04-02 22:46:05,473] {standard_task_runner.py:79} INFO - Running: ['airflow', 'tasks', 'run', 'get_stocks_dag', 'MSFT', 'scheduled__2024-02-27T00:00:00+00:00', '--job-id', '969', '--raw', '--subdir', 'DAGS_FOLDER/get_stocks.py', '--cfg-path', '/tmp/tmpxrjr6hjv', '--error-file', '/tmp/tmp937js637']
[2024-04-02 22:46:05,474] {standard_task_runner.py:80} INFO - Job 969: Subtask MSFT
[2024-04-02 22:46:08,139] {task_command.py:370} INFO - Running <TaskInstance: get_stocks_dag.MSFT scheduled__2024-02-27T00:00:00+00:00 [running]> on host alexmend-virtual-machine
[2024-04-02 22:46:09,801] {taskinstance.py:1569} INFO - Exporting the following env vars:
AIRFLOW_CTX_DAG_OWNER=airflow
AIRFLOW_CTX_DAG_ID=get_stocks_dag
AIRFLOW_CTX_TASK_ID=MSFT
AIRFLOW_CTX_EXECUTION_DATE=2024-02-27T00:00:00+00:00
AIRFLOW_CTX_TRY_NUMBER=1
AIRFLOW_CTX_DAG_RUN_ID=scheduled__2024-02-27T00:00:00+00:00
[2024-04-02 22:46:23,192] {python.py:173} INFO - Done. Returned value was: None
[2024-04-02 22:46:23,361] {taskinstance.py:1395} INFO - Marking task as SUCCESS. dag_id=get_stocks_dag, task_id=MSFT, execution_date=20240227T000000, start_date=20240403T014604, end_date=20240403T014623
[2024-04-02 22:46:23,471] {local_task_job.py:156} INFO - Task exited with return code 0
[2024-04-02 22:46:23,551] {local_task_job.py:273} INFO - 0 downstream tasks scheduled from follow-on schedule check
