[2024-04-02 21:54:05,680] {taskinstance.py:1159} INFO - Dependencies all met for <TaskInstance: get_crypto_dag.AVAX scheduled__2024-03-12T00:00:00+00:00 [queued]>
[2024-04-02 21:54:05,743] {taskinstance.py:1159} INFO - Dependencies all met for <TaskInstance: get_crypto_dag.AVAX scheduled__2024-03-12T00:00:00+00:00 [queued]>
[2024-04-02 21:54:05,744] {taskinstance.py:1356} INFO - 
--------------------------------------------------------------------------------
[2024-04-02 21:54:05,745] {taskinstance.py:1357} INFO - Starting attempt 1 of 1
[2024-04-02 21:54:05,745] {taskinstance.py:1358} INFO - 
--------------------------------------------------------------------------------
[2024-04-02 21:54:05,862] {taskinstance.py:1377} INFO - Executing <Task(_PythonDecoratedOperator): AVAX> on 2024-03-12 00:00:00+00:00
[2024-04-02 21:54:05,911] {standard_task_runner.py:52} INFO - Started process 53248 to run task
[2024-04-02 21:54:05,987] {standard_task_runner.py:79} INFO - Running: ['airflow', 'tasks', 'run', 'get_crypto_dag', 'AVAX', 'scheduled__2024-03-12T00:00:00+00:00', '--job-id', '850', '--raw', '--subdir', 'DAGS_FOLDER/get_crypto.py', '--cfg-path', '/tmp/tmpig3e283u', '--error-file', '/tmp/tmp3n_yq2n4']
[2024-04-02 21:54:06,008] {standard_task_runner.py:80} INFO - Job 850: Subtask AVAX
[2024-04-02 21:54:06,566] {task_command.py:370} INFO - Running <TaskInstance: get_crypto_dag.AVAX scheduled__2024-03-12T00:00:00+00:00 [running]> on host alexmend-virtual-machine
[2024-04-02 21:54:07,133] {taskinstance.py:1569} INFO - Exporting the following env vars:
AIRFLOW_CTX_DAG_OWNER=airflow
AIRFLOW_CTX_DAG_ID=get_crypto_dag
AIRFLOW_CTX_TASK_ID=AVAX
AIRFLOW_CTX_EXECUTION_DATE=2024-03-12T00:00:00+00:00
AIRFLOW_CTX_TRY_NUMBER=1
AIRFLOW_CTX_DAG_RUN_ID=scheduled__2024-03-12T00:00:00+00:00
[2024-04-02 21:54:11,909] {history.py:90} ERROR - AVAX: No timezone found, symbol may be delisted
[2024-04-02 21:54:22,008] {python.py:173} INFO - Done. Returned value was: None
[2024-04-02 21:54:22,160] {taskinstance.py:1395} INFO - Marking task as SUCCESS. dag_id=get_crypto_dag, task_id=AVAX, execution_date=20240312T000000, start_date=20240403T005405, end_date=20240403T005422
[2024-04-02 21:54:22,313] {local_task_job.py:156} INFO - Task exited with return code 0
[2024-04-02 21:54:22,471] {local_task_job.py:273} INFO - 0 downstream tasks scheduled from follow-on schedule check
[2024-04-02 23:01:54,248] {taskinstance.py:1159} INFO - Dependencies all met for <TaskInstance: get_crypto_dag.AVAX scheduled__2024-03-12T00:00:00+00:00 [queued]>
[2024-04-02 23:01:54,282] {taskinstance.py:1159} INFO - Dependencies all met for <TaskInstance: get_crypto_dag.AVAX scheduled__2024-03-12T00:00:00+00:00 [queued]>
[2024-04-02 23:01:54,284] {taskinstance.py:1356} INFO - 
--------------------------------------------------------------------------------
[2024-04-02 23:01:54,285] {taskinstance.py:1357} INFO - Starting attempt 1 of 1
[2024-04-02 23:01:54,285] {taskinstance.py:1358} INFO - 
--------------------------------------------------------------------------------
[2024-04-02 23:01:54,354] {taskinstance.py:1377} INFO - Executing <Task(_PythonDecoratedOperator): AVAX> on 2024-03-12 00:00:00+00:00
[2024-04-02 23:01:54,366] {standard_task_runner.py:52} INFO - Started process 76769 to run task
[2024-04-02 23:01:54,417] {standard_task_runner.py:79} INFO - Running: ['airflow', 'tasks', 'run', 'get_crypto_dag', 'AVAX', 'scheduled__2024-03-12T00:00:00+00:00', '--job-id', '1072', '--raw', '--subdir', 'DAGS_FOLDER/get_crypto.py', '--cfg-path', '/tmp/tmp53_l_kod', '--error-file', '/tmp/tmpqu76imdn']
[2024-04-02 23:01:54,420] {standard_task_runner.py:80} INFO - Job 1072: Subtask AVAX
[2024-04-02 23:01:54,697] {task_command.py:370} INFO - Running <TaskInstance: get_crypto_dag.AVAX scheduled__2024-03-12T00:00:00+00:00 [running]> on host alexmend-virtual-machine
[2024-04-02 23:01:54,991] {taskinstance.py:1569} INFO - Exporting the following env vars:
AIRFLOW_CTX_DAG_OWNER=airflow
AIRFLOW_CTX_DAG_ID=get_crypto_dag
AIRFLOW_CTX_TASK_ID=AVAX
AIRFLOW_CTX_EXECUTION_DATE=2024-03-12T00:00:00+00:00
AIRFLOW_CTX_TRY_NUMBER=1
AIRFLOW_CTX_DAG_RUN_ID=scheduled__2024-03-12T00:00:00+00:00
[2024-04-02 23:01:58,690] {history.py:90} ERROR - AVAX: No timezone found, symbol may be delisted
[2024-04-02 23:02:08,707] {python.py:173} INFO - Done. Returned value was: None
[2024-04-02 23:02:08,755] {taskinstance.py:1395} INFO - Marking task as SUCCESS. dag_id=get_crypto_dag, task_id=AVAX, execution_date=20240312T000000, start_date=20240403T020154, end_date=20240403T020208
[2024-04-02 23:02:08,805] {local_task_job.py:156} INFO - Task exited with return code 0
[2024-04-02 23:02:08,869] {local_task_job.py:273} INFO - 0 downstream tasks scheduled from follow-on schedule check
