[2024-04-02 22:01:00,528] {taskinstance.py:1159} INFO - Dependencies all met for <TaskInstance: get_crypto_dag.BTC scheduled__2024-03-25T00:00:00+00:00 [queued]>
[2024-04-02 22:01:00,544] {taskinstance.py:1159} INFO - Dependencies all met for <TaskInstance: get_crypto_dag.BTC scheduled__2024-03-25T00:00:00+00:00 [queued]>
[2024-04-02 22:01:00,544] {taskinstance.py:1356} INFO - 
--------------------------------------------------------------------------------
[2024-04-02 22:01:00,544] {taskinstance.py:1357} INFO - Starting attempt 1 of 1
[2024-04-02 22:01:00,544] {taskinstance.py:1358} INFO - 
--------------------------------------------------------------------------------
[2024-04-02 22:01:00,574] {taskinstance.py:1377} INFO - Executing <Task(_PythonDecoratedOperator): BTC> on 2024-03-25 00:00:00+00:00
[2024-04-02 22:01:00,582] {standard_task_runner.py:52} INFO - Started process 58401 to run task
[2024-04-02 22:01:00,593] {standard_task_runner.py:79} INFO - Running: ['airflow', 'tasks', 'run', 'get_crypto_dag', 'BTC', 'scheduled__2024-03-25T00:00:00+00:00', '--job-id', '933', '--raw', '--subdir', 'DAGS_FOLDER/get_crypto.py', '--cfg-path', '/tmp/tmpmdhv1_fd', '--error-file', '/tmp/tmpf27xshmx']
[2024-04-02 22:01:00,599] {standard_task_runner.py:80} INFO - Job 933: Subtask BTC
[2024-04-02 22:01:00,729] {task_command.py:370} INFO - Running <TaskInstance: get_crypto_dag.BTC scheduled__2024-03-25T00:00:00+00:00 [running]> on host alexmend-virtual-machine
[2024-04-02 22:01:00,871] {taskinstance.py:1569} INFO - Exporting the following env vars:
AIRFLOW_CTX_DAG_OWNER=airflow
AIRFLOW_CTX_DAG_ID=get_crypto_dag
AIRFLOW_CTX_TASK_ID=BTC
AIRFLOW_CTX_EXECUTION_DATE=2024-03-25T00:00:00+00:00
AIRFLOW_CTX_TRY_NUMBER=1
AIRFLOW_CTX_DAG_RUN_ID=scheduled__2024-03-25T00:00:00+00:00
[2024-04-02 22:01:01,632] {history.py:222} ERROR - BTC: No price data found, symbol may be delisted (1h 2024-03-24 -> 2024-03-25)
[2024-04-02 22:01:11,646] {python.py:173} INFO - Done. Returned value was: None
[2024-04-02 22:01:11,706] {taskinstance.py:1395} INFO - Marking task as SUCCESS. dag_id=get_crypto_dag, task_id=BTC, execution_date=20240325T000000, start_date=20240403T010100, end_date=20240403T010111
[2024-04-02 22:01:11,790] {local_task_job.py:156} INFO - Task exited with return code 0
[2024-04-02 22:01:11,848] {local_task_job.py:273} INFO - 0 downstream tasks scheduled from follow-on schedule check
[2024-04-02 23:13:40,580] {taskinstance.py:1159} INFO - Dependencies all met for <TaskInstance: get_crypto_dag.BTC scheduled__2024-03-25T00:00:00+00:00 [queued]>
[2024-04-02 23:13:40,632] {taskinstance.py:1159} INFO - Dependencies all met for <TaskInstance: get_crypto_dag.BTC scheduled__2024-03-25T00:00:00+00:00 [queued]>
[2024-04-02 23:13:40,633] {taskinstance.py:1356} INFO - 
--------------------------------------------------------------------------------
[2024-04-02 23:13:40,633] {taskinstance.py:1357} INFO - Starting attempt 1 of 1
[2024-04-02 23:13:40,633] {taskinstance.py:1358} INFO - 
--------------------------------------------------------------------------------
[2024-04-02 23:13:40,671] {taskinstance.py:1377} INFO - Executing <Task(_PythonDecoratedOperator): BTC> on 2024-03-25 00:00:00+00:00
[2024-04-02 23:13:40,680] {standard_task_runner.py:52} INFO - Started process 83486 to run task
[2024-04-02 23:13:40,689] {standard_task_runner.py:79} INFO - Running: ['airflow', 'tasks', 'run', 'get_crypto_dag', 'BTC', 'scheduled__2024-03-25T00:00:00+00:00', '--job-id', '1161', '--raw', '--subdir', 'DAGS_FOLDER/get_crypto.py', '--cfg-path', '/tmp/tmp7tnwmszv', '--error-file', '/tmp/tmpfdpr75if']
[2024-04-02 23:13:40,693] {standard_task_runner.py:80} INFO - Job 1161: Subtask BTC
[2024-04-02 23:13:40,869] {task_command.py:370} INFO - Running <TaskInstance: get_crypto_dag.BTC scheduled__2024-03-25T00:00:00+00:00 [running]> on host alexmend-virtual-machine
[2024-04-02 23:13:41,042] {taskinstance.py:1569} INFO - Exporting the following env vars:
AIRFLOW_CTX_DAG_OWNER=airflow
AIRFLOW_CTX_DAG_ID=get_crypto_dag
AIRFLOW_CTX_TASK_ID=BTC
AIRFLOW_CTX_EXECUTION_DATE=2024-03-25T00:00:00+00:00
AIRFLOW_CTX_TRY_NUMBER=1
AIRFLOW_CTX_DAG_RUN_ID=scheduled__2024-03-25T00:00:00+00:00
[2024-04-02 23:13:42,194] {history.py:222} ERROR - BTC: No price data found, symbol may be delisted (1h 2024-03-24 -> 2024-03-25)
[2024-04-02 23:13:52,228] {python.py:173} INFO - Done. Returned value was: None
[2024-04-02 23:13:52,294] {taskinstance.py:1395} INFO - Marking task as SUCCESS. dag_id=get_crypto_dag, task_id=BTC, execution_date=20240325T000000, start_date=20240403T021340, end_date=20240403T021352
[2024-04-02 23:13:52,388] {local_task_job.py:156} INFO - Task exited with return code 0
[2024-04-02 23:13:52,479] {local_task_job.py:273} INFO - 0 downstream tasks scheduled from follow-on schedule check
