[2024-04-02 12:56:48,762] {taskinstance.py:1159} INFO - Dependencies all met for <TaskInstance: get_stocks_dag.AAPL scheduled__2024-01-04T00:00:00+00:00 [queued]>
[2024-04-02 12:56:48,770] {taskinstance.py:1159} INFO - Dependencies all met for <TaskInstance: get_stocks_dag.AAPL scheduled__2024-01-04T00:00:00+00:00 [queued]>
[2024-04-02 12:56:48,770] {taskinstance.py:1356} INFO - 
--------------------------------------------------------------------------------
[2024-04-02 12:56:48,770] {taskinstance.py:1357} INFO - Starting attempt 1 of 1
[2024-04-02 12:56:48,770] {taskinstance.py:1358} INFO - 
--------------------------------------------------------------------------------
[2024-04-02 12:56:48,787] {taskinstance.py:1377} INFO - Executing <Task(_PythonDecoratedOperator): AAPL> on 2024-01-04 00:00:00+00:00
[2024-04-02 12:56:48,795] {standard_task_runner.py:52} INFO - Started process 7968 to run task
[2024-04-02 12:56:48,802] {standard_task_runner.py:79} INFO - Running: ['airflow', 'tasks', 'run', 'get_stocks_dag', 'AAPL', 'scheduled__2024-01-04T00:00:00+00:00', '--job-id', '15', '--raw', '--subdir', 'DAGS_FOLDER/get_stocks.py', '--cfg-path', '/tmp/tmpr_ujuwu3', '--error-file', '/tmp/tmp0xew4snn']
[2024-04-02 12:56:48,804] {standard_task_runner.py:80} INFO - Job 15: Subtask AAPL
[2024-04-02 12:56:48,860] {task_command.py:370} INFO - Running <TaskInstance: get_stocks_dag.AAPL scheduled__2024-01-04T00:00:00+00:00 [running]> on host alexmend-virtual-machine
[2024-04-02 12:56:48,934] {taskinstance.py:1569} INFO - Exporting the following env vars:
AIRFLOW_CTX_DAG_OWNER=airflow
AIRFLOW_CTX_DAG_ID=get_stocks_dag
AIRFLOW_CTX_TASK_ID=AAPL
AIRFLOW_CTX_EXECUTION_DATE=2024-01-04T00:00:00+00:00
AIRFLOW_CTX_TRY_NUMBER=1
AIRFLOW_CTX_DAG_RUN_ID=scheduled__2024-01-04T00:00:00+00:00
[2024-04-02 12:56:49,624] {python.py:173} INFO - Done. Returned value was: None
[2024-04-02 12:56:49,640] {taskinstance.py:1395} INFO - Marking task as SUCCESS. dag_id=get_stocks_dag, task_id=AAPL, execution_date=20240104T000000, start_date=20240402T155648, end_date=20240402T155649
[2024-04-02 12:56:49,711] {local_task_job.py:156} INFO - Task exited with return code 0
[2024-04-02 12:56:49,737] {local_task_job.py:273} INFO - 0 downstream tasks scheduled from follow-on schedule check
[2024-04-02 17:41:43,783] {taskinstance.py:1159} INFO - Dependencies all met for <TaskInstance: get_stocks_dag.AAPL scheduled__2024-01-04T00:00:00+00:00 [queued]>
[2024-04-02 17:41:43,804] {taskinstance.py:1159} INFO - Dependencies all met for <TaskInstance: get_stocks_dag.AAPL scheduled__2024-01-04T00:00:00+00:00 [queued]>
[2024-04-02 17:41:43,804] {taskinstance.py:1356} INFO - 
--------------------------------------------------------------------------------
[2024-04-02 17:41:43,804] {taskinstance.py:1357} INFO - Starting attempt 1 of 1
[2024-04-02 17:41:43,804] {taskinstance.py:1358} INFO - 
--------------------------------------------------------------------------------
[2024-04-02 17:41:43,835] {taskinstance.py:1377} INFO - Executing <Task(_PythonDecoratedOperator): AAPL> on 2024-01-04 00:00:00+00:00
[2024-04-02 17:41:43,842] {standard_task_runner.py:52} INFO - Started process 17984 to run task
[2024-04-02 17:41:43,860] {standard_task_runner.py:79} INFO - Running: ['airflow', 'tasks', 'run', 'get_stocks_dag', 'AAPL', 'scheduled__2024-01-04T00:00:00+00:00', '--job-id', '259', '--raw', '--subdir', 'DAGS_FOLDER/get_stocks.py', '--cfg-path', '/tmp/tmpfa733okc', '--error-file', '/tmp/tmphgknxkc1']
[2024-04-02 17:41:43,864] {standard_task_runner.py:80} INFO - Job 259: Subtask AAPL
[2024-04-02 17:41:44,067] {task_command.py:370} INFO - Running <TaskInstance: get_stocks_dag.AAPL scheduled__2024-01-04T00:00:00+00:00 [running]> on host alexmend-virtual-machine
[2024-04-02 17:41:44,259] {taskinstance.py:1569} INFO - Exporting the following env vars:
AIRFLOW_CTX_DAG_OWNER=airflow
AIRFLOW_CTX_DAG_ID=get_stocks_dag
AIRFLOW_CTX_TASK_ID=AAPL
AIRFLOW_CTX_EXECUTION_DATE=2024-01-04T00:00:00+00:00
AIRFLOW_CTX_TRY_NUMBER=1
AIRFLOW_CTX_DAG_RUN_ID=scheduled__2024-01-04T00:00:00+00:00
[2024-04-02 17:41:44,995] {python.py:173} INFO - Done. Returned value was: None
[2024-04-02 17:41:45,028] {taskinstance.py:1395} INFO - Marking task as SUCCESS. dag_id=get_stocks_dag, task_id=AAPL, execution_date=20240104T000000, start_date=20240402T204143, end_date=20240402T204145
[2024-04-02 17:41:45,095] {local_task_job.py:156} INFO - Task exited with return code 0
[2024-04-02 17:41:45,176] {local_task_job.py:273} INFO - 0 downstream tasks scheduled from follow-on schedule check
