[2024-04-02 13:00:07,108] {taskinstance.py:1159} INFO - Dependencies all met for <TaskInstance: get_stocks_dag.GOOG scheduled__2024-01-17T00:00:00+00:00 [queued]>
[2024-04-02 13:00:07,118] {taskinstance.py:1159} INFO - Dependencies all met for <TaskInstance: get_stocks_dag.GOOG scheduled__2024-01-17T00:00:00+00:00 [queued]>
[2024-04-02 13:00:07,119] {taskinstance.py:1356} INFO - 
--------------------------------------------------------------------------------
[2024-04-02 13:00:07,119] {taskinstance.py:1357} INFO - Starting attempt 1 of 1
[2024-04-02 13:00:07,120] {taskinstance.py:1358} INFO - 
--------------------------------------------------------------------------------
[2024-04-02 13:00:07,149] {taskinstance.py:1377} INFO - Executing <Task(_PythonDecoratedOperator): GOOG> on 2024-01-17 00:00:00+00:00
[2024-04-02 13:00:07,155] {standard_task_runner.py:52} INFO - Started process 8916 to run task
[2024-04-02 13:00:07,160] {standard_task_runner.py:79} INFO - Running: ['airflow', 'tasks', 'run', 'get_stocks_dag', 'GOOG', 'scheduled__2024-01-17T00:00:00+00:00', '--job-id', '53', '--raw', '--subdir', 'DAGS_FOLDER/get_stocks.py', '--cfg-path', '/tmp/tmp7745hpgo', '--error-file', '/tmp/tmpu_13kh1a']
[2024-04-02 13:00:07,162] {standard_task_runner.py:80} INFO - Job 53: Subtask GOOG
[2024-04-02 13:00:07,232] {task_command.py:370} INFO - Running <TaskInstance: get_stocks_dag.GOOG scheduled__2024-01-17T00:00:00+00:00 [running]> on host alexmend-virtual-machine
[2024-04-02 13:00:07,318] {taskinstance.py:1569} INFO - Exporting the following env vars:
AIRFLOW_CTX_DAG_OWNER=airflow
AIRFLOW_CTX_DAG_ID=get_stocks_dag
AIRFLOW_CTX_TASK_ID=GOOG
AIRFLOW_CTX_EXECUTION_DATE=2024-01-17T00:00:00+00:00
AIRFLOW_CTX_TRY_NUMBER=1
AIRFLOW_CTX_DAG_RUN_ID=scheduled__2024-01-17T00:00:00+00:00
[2024-04-02 13:00:08,278] {python.py:173} INFO - Done. Returned value was: None
[2024-04-02 13:00:08,291] {taskinstance.py:1395} INFO - Marking task as SUCCESS. dag_id=get_stocks_dag, task_id=GOOG, execution_date=20240117T000000, start_date=20240402T160007, end_date=20240402T160008
[2024-04-02 13:00:08,339] {local_task_job.py:156} INFO - Task exited with return code 0
[2024-04-02 13:00:08,367] {local_task_job.py:273} INFO - 0 downstream tasks scheduled from follow-on schedule check
[2024-04-02 17:17:18,651] {taskinstance.py:1159} INFO - Dependencies all met for <TaskInstance: get_stocks_dag.GOOG scheduled__2024-01-17T00:00:00+00:00 [queued]>
[2024-04-02 17:17:18,753] {taskinstance.py:1159} INFO - Dependencies all met for <TaskInstance: get_stocks_dag.GOOG scheduled__2024-01-17T00:00:00+00:00 [queued]>
[2024-04-02 17:17:18,780] {taskinstance.py:1356} INFO - 
--------------------------------------------------------------------------------
[2024-04-02 17:17:18,789] {taskinstance.py:1357} INFO - Starting attempt 1 of 1
[2024-04-02 17:17:18,800] {taskinstance.py:1358} INFO - 
--------------------------------------------------------------------------------
[2024-04-02 17:17:19,138] {taskinstance.py:1377} INFO - Executing <Task(_PythonDecoratedOperator): GOOG> on 2024-01-17 00:00:00+00:00
[2024-04-02 17:17:19,232] {standard_task_runner.py:52} INFO - Started process 4576 to run task
[2024-04-02 17:17:19,322] {standard_task_runner.py:79} INFO - Running: ['airflow', 'tasks', 'run', 'get_stocks_dag', 'GOOG', 'scheduled__2024-01-17T00:00:00+00:00', '--job-id', '35', '--raw', '--subdir', 'DAGS_FOLDER/get_stocks.py', '--cfg-path', '/tmp/tmpn8bwxyhh', '--error-file', '/tmp/tmpxcpeit3c']
[2024-04-02 17:17:19,344] {standard_task_runner.py:80} INFO - Job 35: Subtask GOOG
[2024-04-02 17:17:20,537] {task_command.py:370} INFO - Running <TaskInstance: get_stocks_dag.GOOG scheduled__2024-01-17T00:00:00+00:00 [running]> on host alexmend-virtual-machine
[2024-04-02 17:17:21,167] {taskinstance.py:1569} INFO - Exporting the following env vars:
AIRFLOW_CTX_DAG_OWNER=airflow
AIRFLOW_CTX_DAG_ID=get_stocks_dag
AIRFLOW_CTX_TASK_ID=GOOG
AIRFLOW_CTX_EXECUTION_DATE=2024-01-17T00:00:00+00:00
AIRFLOW_CTX_TRY_NUMBER=1
AIRFLOW_CTX_DAG_RUN_ID=scheduled__2024-01-17T00:00:00+00:00
[2024-04-02 17:17:22,983] {python.py:173} INFO - Done. Returned value was: None
[2024-04-02 17:17:23,210] {taskinstance.py:1395} INFO - Marking task as SUCCESS. dag_id=get_stocks_dag, task_id=GOOG, execution_date=20240117T000000, start_date=20240402T201718, end_date=20240402T201723
[2024-04-02 17:17:23,641] {local_task_job.py:156} INFO - Task exited with return code 0
[2024-04-02 17:17:24,082] {local_task_job.py:273} INFO - 0 downstream tasks scheduled from follow-on schedule check
[2024-04-02 17:42:53,749] {taskinstance.py:1159} INFO - Dependencies all met for <TaskInstance: get_stocks_dag.GOOG scheduled__2024-01-17T00:00:00+00:00 [queued]>
[2024-04-02 17:42:53,761] {taskinstance.py:1159} INFO - Dependencies all met for <TaskInstance: get_stocks_dag.GOOG scheduled__2024-01-17T00:00:00+00:00 [queued]>
[2024-04-02 17:42:53,761] {taskinstance.py:1356} INFO - 
--------------------------------------------------------------------------------
[2024-04-02 17:42:53,761] {taskinstance.py:1357} INFO - Starting attempt 1 of 1
[2024-04-02 17:42:53,762] {taskinstance.py:1358} INFO - 
--------------------------------------------------------------------------------
[2024-04-02 17:42:53,777] {taskinstance.py:1377} INFO - Executing <Task(_PythonDecoratedOperator): GOOG> on 2024-01-17 00:00:00+00:00
[2024-04-02 17:42:53,784] {standard_task_runner.py:52} INFO - Started process 19138 to run task
[2024-04-02 17:42:53,794] {standard_task_runner.py:79} INFO - Running: ['airflow', 'tasks', 'run', 'get_stocks_dag', 'GOOG', 'scheduled__2024-01-17T00:00:00+00:00', '--job-id', '297', '--raw', '--subdir', 'DAGS_FOLDER/get_stocks.py', '--cfg-path', '/tmp/tmpm_mjcgxb', '--error-file', '/tmp/tmpkms_xqkb']
[2024-04-02 17:42:53,795] {standard_task_runner.py:80} INFO - Job 297: Subtask GOOG
[2024-04-02 17:42:53,898] {task_command.py:370} INFO - Running <TaskInstance: get_stocks_dag.GOOG scheduled__2024-01-17T00:00:00+00:00 [running]> on host alexmend-virtual-machine
[2024-04-02 17:42:54,025] {taskinstance.py:1569} INFO - Exporting the following env vars:
AIRFLOW_CTX_DAG_OWNER=airflow
AIRFLOW_CTX_DAG_ID=get_stocks_dag
AIRFLOW_CTX_TASK_ID=GOOG
AIRFLOW_CTX_EXECUTION_DATE=2024-01-17T00:00:00+00:00
AIRFLOW_CTX_TRY_NUMBER=1
AIRFLOW_CTX_DAG_RUN_ID=scheduled__2024-01-17T00:00:00+00:00
[2024-04-02 17:42:54,640] {python.py:173} INFO - Done. Returned value was: None
[2024-04-02 17:42:54,663] {taskinstance.py:1395} INFO - Marking task as SUCCESS. dag_id=get_stocks_dag, task_id=GOOG, execution_date=20240117T000000, start_date=20240402T204253, end_date=20240402T204254
[2024-04-02 17:42:54,690] {local_task_job.py:156} INFO - Task exited with return code 0
[2024-04-02 17:42:54,752] {local_task_job.py:273} INFO - 0 downstream tasks scheduled from follow-on schedule check
