[2024-04-02 21:57:31,090] {taskinstance.py:1159} INFO - Dependencies all met for <TaskInstance: get_crypto_dag.ETH scheduled__2024-03-18T00:00:00+00:00 [queued]>
[2024-04-02 21:57:31,112] {taskinstance.py:1159} INFO - Dependencies all met for <TaskInstance: get_crypto_dag.ETH scheduled__2024-03-18T00:00:00+00:00 [queued]>
[2024-04-02 21:57:31,113] {taskinstance.py:1356} INFO - 
--------------------------------------------------------------------------------
[2024-04-02 21:57:31,113] {taskinstance.py:1357} INFO - Starting attempt 1 of 1
[2024-04-02 21:57:31,113] {taskinstance.py:1358} INFO - 
--------------------------------------------------------------------------------
[2024-04-02 21:57:31,149] {taskinstance.py:1377} INFO - Executing <Task(_PythonDecoratedOperator): ETH> on 2024-03-18 00:00:00+00:00
[2024-04-02 21:57:31,158] {standard_task_runner.py:52} INFO - Started process 56050 to run task
[2024-04-02 21:57:31,166] {standard_task_runner.py:79} INFO - Running: ['airflow', 'tasks', 'run', 'get_crypto_dag', 'ETH', 'scheduled__2024-03-18T00:00:00+00:00', '--job-id', '900', '--raw', '--subdir', 'DAGS_FOLDER/get_crypto.py', '--cfg-path', '/tmp/tmp29do5ckg', '--error-file', '/tmp/tmp2d_0afrl']
[2024-04-02 21:57:31,169] {standard_task_runner.py:80} INFO - Job 900: Subtask ETH
[2024-04-02 21:57:31,285] {task_command.py:370} INFO - Running <TaskInstance: get_crypto_dag.ETH scheduled__2024-03-18T00:00:00+00:00 [running]> on host alexmend-virtual-machine
[2024-04-02 21:57:31,425] {taskinstance.py:1569} INFO - Exporting the following env vars:
AIRFLOW_CTX_DAG_OWNER=airflow
AIRFLOW_CTX_DAG_ID=get_crypto_dag
AIRFLOW_CTX_TASK_ID=ETH
AIRFLOW_CTX_EXECUTION_DATE=2024-03-18T00:00:00+00:00
AIRFLOW_CTX_TRY_NUMBER=1
AIRFLOW_CTX_DAG_RUN_ID=scheduled__2024-03-18T00:00:00+00:00
[2024-04-02 21:57:35,485] {history.py:90} ERROR - ETH: No timezone found, symbol may be delisted
[2024-04-02 21:57:45,506] {python.py:173} INFO - Done. Returned value was: None
[2024-04-02 21:57:45,530] {taskinstance.py:1395} INFO - Marking task as SUCCESS. dag_id=get_crypto_dag, task_id=ETH, execution_date=20240318T000000, start_date=20240403T005731, end_date=20240403T005745
[2024-04-02 21:57:45,587] {local_task_job.py:156} INFO - Task exited with return code 0
[2024-04-02 21:57:45,630] {local_task_job.py:273} INFO - 0 downstream tasks scheduled from follow-on schedule check
[2024-04-02 23:07:21,210] {taskinstance.py:1159} INFO - Dependencies all met for <TaskInstance: get_crypto_dag.ETH scheduled__2024-03-18T00:00:00+00:00 [queued]>
[2024-04-02 23:07:21,246] {taskinstance.py:1159} INFO - Dependencies all met for <TaskInstance: get_crypto_dag.ETH scheduled__2024-03-18T00:00:00+00:00 [queued]>
[2024-04-02 23:07:21,246] {taskinstance.py:1356} INFO - 
--------------------------------------------------------------------------------
[2024-04-02 23:07:21,247] {taskinstance.py:1357} INFO - Starting attempt 1 of 1
[2024-04-02 23:07:21,247] {taskinstance.py:1358} INFO - 
--------------------------------------------------------------------------------
[2024-04-02 23:07:21,282] {taskinstance.py:1377} INFO - Executing <Task(_PythonDecoratedOperator): ETH> on 2024-03-18 00:00:00+00:00
[2024-04-02 23:07:21,306] {standard_task_runner.py:52} INFO - Started process 79878 to run task
[2024-04-02 23:07:21,325] {standard_task_runner.py:79} INFO - Running: ['airflow', 'tasks', 'run', 'get_crypto_dag', 'ETH', 'scheduled__2024-03-18T00:00:00+00:00', '--job-id', '1115', '--raw', '--subdir', 'DAGS_FOLDER/get_crypto.py', '--cfg-path', '/tmp/tmp5gw77cdf', '--error-file', '/tmp/tmpc4c36vrz']
[2024-04-02 23:07:21,329] {standard_task_runner.py:80} INFO - Job 1115: Subtask ETH
[2024-04-02 23:07:21,513] {task_command.py:370} INFO - Running <TaskInstance: get_crypto_dag.ETH scheduled__2024-03-18T00:00:00+00:00 [running]> on host alexmend-virtual-machine
[2024-04-02 23:07:21,791] {taskinstance.py:1569} INFO - Exporting the following env vars:
AIRFLOW_CTX_DAG_OWNER=airflow
AIRFLOW_CTX_DAG_ID=get_crypto_dag
AIRFLOW_CTX_TASK_ID=ETH
AIRFLOW_CTX_EXECUTION_DATE=2024-03-18T00:00:00+00:00
AIRFLOW_CTX_TRY_NUMBER=1
AIRFLOW_CTX_DAG_RUN_ID=scheduled__2024-03-18T00:00:00+00:00
[2024-04-02 23:07:25,490] {history.py:90} ERROR - ETH: No timezone found, symbol may be delisted
[2024-04-02 23:07:35,507] {python.py:173} INFO - Done. Returned value was: None
[2024-04-02 23:07:35,540] {taskinstance.py:1395} INFO - Marking task as SUCCESS. dag_id=get_crypto_dag, task_id=ETH, execution_date=20240318T000000, start_date=20240403T020721, end_date=20240403T020735
[2024-04-02 23:07:35,639] {local_task_job.py:156} INFO - Task exited with return code 0
[2024-04-02 23:07:35,711] {local_task_job.py:273} INFO - 0 downstream tasks scheduled from follow-on schedule check
