[2024-04-02 22:04:38,873] {taskinstance.py:1159} INFO - Dependencies all met for <TaskInstance: get_crypto_dag.BTC scheduled__2024-04-01T00:00:00+00:00 [queued]>
[2024-04-02 22:04:38,884] {taskinstance.py:1159} INFO - Dependencies all met for <TaskInstance: get_crypto_dag.BTC scheduled__2024-04-01T00:00:00+00:00 [queued]>
[2024-04-02 22:04:38,885] {taskinstance.py:1356} INFO - 
--------------------------------------------------------------------------------
[2024-04-02 22:04:38,885] {taskinstance.py:1357} INFO - Starting attempt 1 of 1
[2024-04-02 22:04:38,885] {taskinstance.py:1358} INFO - 
--------------------------------------------------------------------------------
[2024-04-02 22:04:38,901] {taskinstance.py:1377} INFO - Executing <Task(_PythonDecoratedOperator): BTC> on 2024-04-01 00:00:00+00:00
[2024-04-02 22:04:38,911] {standard_task_runner.py:52} INFO - Started process 60616 to run task
[2024-04-02 22:04:38,919] {standard_task_runner.py:79} INFO - Running: ['airflow', 'tasks', 'run', 'get_crypto_dag', 'BTC', 'scheduled__2024-04-01T00:00:00+00:00', '--job-id', '961', '--raw', '--subdir', 'DAGS_FOLDER/get_crypto.py', '--cfg-path', '/tmp/tmpba4n7ls7', '--error-file', '/tmp/tmpu3ep3me0']
[2024-04-02 22:04:38,920] {standard_task_runner.py:80} INFO - Job 961: Subtask BTC
[2024-04-02 22:04:39,041] {task_command.py:370} INFO - Running <TaskInstance: get_crypto_dag.BTC scheduled__2024-04-01T00:00:00+00:00 [running]> on host alexmend-virtual-machine
[2024-04-02 22:04:39,171] {taskinstance.py:1569} INFO - Exporting the following env vars:
AIRFLOW_CTX_DAG_OWNER=airflow
AIRFLOW_CTX_DAG_ID=get_crypto_dag
AIRFLOW_CTX_TASK_ID=BTC
AIRFLOW_CTX_EXECUTION_DATE=2024-04-01T00:00:00+00:00
AIRFLOW_CTX_TRY_NUMBER=1
AIRFLOW_CTX_DAG_RUN_ID=scheduled__2024-04-01T00:00:00+00:00
[2024-04-02 22:04:39,740] {history.py:222} ERROR - BTC: No price data found, symbol may be delisted (1h 2024-03-31 -> 2024-04-01)
[2024-04-02 22:04:49,755] {python.py:173} INFO - Done. Returned value was: None
[2024-04-02 22:04:49,811] {taskinstance.py:1395} INFO - Marking task as SUCCESS. dag_id=get_crypto_dag, task_id=BTC, execution_date=20240401T000000, start_date=20240403T010438, end_date=20240403T010449
[2024-04-02 22:04:49,879] {local_task_job.py:156} INFO - Task exited with return code 0
[2024-04-02 22:04:49,917] {local_task_job.py:273} INFO - 0 downstream tasks scheduled from follow-on schedule check
[2024-04-02 23:20:45,245] {taskinstance.py:1159} INFO - Dependencies all met for <TaskInstance: get_crypto_dag.BTC scheduled__2024-04-01T00:00:00+00:00 [queued]>
[2024-04-02 23:20:45,294] {taskinstance.py:1159} INFO - Dependencies all met for <TaskInstance: get_crypto_dag.BTC scheduled__2024-04-01T00:00:00+00:00 [queued]>
[2024-04-02 23:20:45,296] {taskinstance.py:1356} INFO - 
--------------------------------------------------------------------------------
[2024-04-02 23:20:45,296] {taskinstance.py:1357} INFO - Starting attempt 1 of 1
[2024-04-02 23:20:45,297] {taskinstance.py:1358} INFO - 
--------------------------------------------------------------------------------
[2024-04-02 23:20:45,333] {taskinstance.py:1377} INFO - Executing <Task(_PythonDecoratedOperator): BTC> on 2024-04-01 00:00:00+00:00
[2024-04-02 23:20:45,343] {standard_task_runner.py:52} INFO - Started process 87261 to run task
[2024-04-02 23:20:45,350] {standard_task_runner.py:79} INFO - Running: ['airflow', 'tasks', 'run', 'get_crypto_dag', 'BTC', 'scheduled__2024-04-01T00:00:00+00:00', '--job-id', '1209', '--raw', '--subdir', 'DAGS_FOLDER/get_crypto.py', '--cfg-path', '/tmp/tmpg38jvz3h', '--error-file', '/tmp/tmpo4wixutj']
[2024-04-02 23:20:45,362] {standard_task_runner.py:80} INFO - Job 1209: Subtask BTC
[2024-04-02 23:20:45,518] {task_command.py:370} INFO - Running <TaskInstance: get_crypto_dag.BTC scheduled__2024-04-01T00:00:00+00:00 [running]> on host alexmend-virtual-machine
[2024-04-02 23:20:45,809] {taskinstance.py:1569} INFO - Exporting the following env vars:
AIRFLOW_CTX_DAG_OWNER=airflow
AIRFLOW_CTX_DAG_ID=get_crypto_dag
AIRFLOW_CTX_TASK_ID=BTC
AIRFLOW_CTX_EXECUTION_DATE=2024-04-01T00:00:00+00:00
AIRFLOW_CTX_TRY_NUMBER=1
AIRFLOW_CTX_DAG_RUN_ID=scheduled__2024-04-01T00:00:00+00:00
[2024-04-02 23:20:46,459] {history.py:222} ERROR - BTC: No price data found, symbol may be delisted (1h 2024-03-31 -> 2024-04-01)
[2024-04-02 23:20:56,472] {python.py:173} INFO - Done. Returned value was: None
[2024-04-02 23:20:56,511] {taskinstance.py:1395} INFO - Marking task as SUCCESS. dag_id=get_crypto_dag, task_id=BTC, execution_date=20240401T000000, start_date=20240403T022045, end_date=20240403T022056
[2024-04-02 23:20:56,560] {local_task_job.py:156} INFO - Task exited with return code 0
[2024-04-02 23:20:56,755] {local_task_job.py:273} INFO - 0 downstream tasks scheduled from follow-on schedule check
