[2024-04-02 13:04:42,825] {taskinstance.py:1159} INFO - Dependencies all met for <TaskInstance: get_stocks_dag.AAPL scheduled__2024-02-09T00:00:00+00:00 [queued]>
[2024-04-02 13:04:42,837] {taskinstance.py:1159} INFO - Dependencies all met for <TaskInstance: get_stocks_dag.AAPL scheduled__2024-02-09T00:00:00+00:00 [queued]>
[2024-04-02 13:04:42,837] {taskinstance.py:1356} INFO - 
--------------------------------------------------------------------------------
[2024-04-02 13:04:42,837] {taskinstance.py:1357} INFO - Starting attempt 1 of 1
[2024-04-02 13:04:42,837] {taskinstance.py:1358} INFO - 
--------------------------------------------------------------------------------
[2024-04-02 13:04:42,870] {taskinstance.py:1377} INFO - Executing <Task(_PythonDecoratedOperator): AAPL> on 2024-02-09 00:00:00+00:00
[2024-04-02 13:04:42,886] {standard_task_runner.py:79} INFO - Running: ['airflow', 'tasks', 'run', 'get_stocks_dag', 'AAPL', 'scheduled__2024-02-09T00:00:00+00:00', '--job-id', '119', '--raw', '--subdir', 'DAGS_FOLDER/get_stocks.py', '--cfg-path', '/tmp/tmpb6_9p0y1', '--error-file', '/tmp/tmpswqoc6y_']
[2024-04-02 13:04:42,896] {standard_task_runner.py:80} INFO - Job 119: Subtask AAPL
[2024-04-02 13:04:42,880] {standard_task_runner.py:52} INFO - Started process 10515 to run task
[2024-04-02 13:04:43,054] {task_command.py:370} INFO - Running <TaskInstance: get_stocks_dag.AAPL scheduled__2024-02-09T00:00:00+00:00 [running]> on host alexmend-virtual-machine
[2024-04-02 13:04:43,221] {taskinstance.py:1569} INFO - Exporting the following env vars:
AIRFLOW_CTX_DAG_OWNER=airflow
AIRFLOW_CTX_DAG_ID=get_stocks_dag
AIRFLOW_CTX_TASK_ID=AAPL
AIRFLOW_CTX_EXECUTION_DATE=2024-02-09T00:00:00+00:00
AIRFLOW_CTX_TRY_NUMBER=1
AIRFLOW_CTX_DAG_RUN_ID=scheduled__2024-02-09T00:00:00+00:00
[2024-04-02 13:04:44,123] {python.py:173} INFO - Done. Returned value was: None
[2024-04-02 13:04:44,137] {taskinstance.py:1395} INFO - Marking task as SUCCESS. dag_id=get_stocks_dag, task_id=AAPL, execution_date=20240209T000000, start_date=20240402T160442, end_date=20240402T160444
[2024-04-02 13:04:44,201] {local_task_job.py:156} INFO - Task exited with return code 0
[2024-04-02 13:04:44,238] {local_task_job.py:273} INFO - 0 downstream tasks scheduled from follow-on schedule check
[2024-04-02 17:18:25,624] {taskinstance.py:1159} INFO - Dependencies all met for <TaskInstance: get_stocks_dag.AAPL scheduled__2024-02-09T00:00:00+00:00 [queued]>
[2024-04-02 17:18:25,655] {taskinstance.py:1159} INFO - Dependencies all met for <TaskInstance: get_stocks_dag.AAPL scheduled__2024-02-09T00:00:00+00:00 [queued]>
[2024-04-02 17:18:25,655] {taskinstance.py:1356} INFO - 
--------------------------------------------------------------------------------
[2024-04-02 17:18:25,655] {taskinstance.py:1357} INFO - Starting attempt 1 of 1
[2024-04-02 17:18:25,655] {taskinstance.py:1358} INFO - 
--------------------------------------------------------------------------------
[2024-04-02 17:18:25,684] {taskinstance.py:1377} INFO - Executing <Task(_PythonDecoratedOperator): AAPL> on 2024-02-09 00:00:00+00:00
[2024-04-02 17:18:25,692] {standard_task_runner.py:52} INFO - Started process 6358 to run task
[2024-04-02 17:18:25,722] {standard_task_runner.py:79} INFO - Running: ['airflow', 'tasks', 'run', 'get_stocks_dag', 'AAPL', 'scheduled__2024-02-09T00:00:00+00:00', '--job-id', '102', '--raw', '--subdir', 'DAGS_FOLDER/get_stocks.py', '--cfg-path', '/tmp/tmpqd_yvhwn', '--error-file', '/tmp/tmpiuzbfrcb']
[2024-04-02 17:18:25,734] {standard_task_runner.py:80} INFO - Job 102: Subtask AAPL
[2024-04-02 17:18:26,009] {task_command.py:370} INFO - Running <TaskInstance: get_stocks_dag.AAPL scheduled__2024-02-09T00:00:00+00:00 [running]> on host alexmend-virtual-machine
[2024-04-02 17:18:26,595] {taskinstance.py:1569} INFO - Exporting the following env vars:
AIRFLOW_CTX_DAG_OWNER=airflow
AIRFLOW_CTX_DAG_ID=get_stocks_dag
AIRFLOW_CTX_TASK_ID=AAPL
AIRFLOW_CTX_EXECUTION_DATE=2024-02-09T00:00:00+00:00
AIRFLOW_CTX_TRY_NUMBER=1
AIRFLOW_CTX_DAG_RUN_ID=scheduled__2024-02-09T00:00:00+00:00
[2024-04-02 17:18:27,468] {python.py:173} INFO - Done. Returned value was: None
[2024-04-02 17:18:28,066] {taskinstance.py:1395} INFO - Marking task as SUCCESS. dag_id=get_stocks_dag, task_id=AAPL, execution_date=20240209T000000, start_date=20240402T201825, end_date=20240402T201828
[2024-04-02 17:18:28,369] {local_task_job.py:156} INFO - Task exited with return code 0
[2024-04-02 17:18:28,812] {local_task_job.py:273} INFO - 0 downstream tasks scheduled from follow-on schedule check
[2024-04-02 17:44:32,649] {taskinstance.py:1159} INFO - Dependencies all met for <TaskInstance: get_stocks_dag.AAPL scheduled__2024-02-09T00:00:00+00:00 [queued]>
[2024-04-02 17:44:32,667] {taskinstance.py:1159} INFO - Dependencies all met for <TaskInstance: get_stocks_dag.AAPL scheduled__2024-02-09T00:00:00+00:00 [queued]>
[2024-04-02 17:44:32,668] {taskinstance.py:1356} INFO - 
--------------------------------------------------------------------------------
[2024-04-02 17:44:32,668] {taskinstance.py:1357} INFO - Starting attempt 1 of 1
[2024-04-02 17:44:32,668] {taskinstance.py:1358} INFO - 
--------------------------------------------------------------------------------
[2024-04-02 17:44:32,690] {taskinstance.py:1377} INFO - Executing <Task(_PythonDecoratedOperator): AAPL> on 2024-02-09 00:00:00+00:00
[2024-04-02 17:44:32,702] {standard_task_runner.py:52} INFO - Started process 21110 to run task
[2024-04-02 17:44:32,716] {standard_task_runner.py:79} INFO - Running: ['airflow', 'tasks', 'run', 'get_stocks_dag', 'AAPL', 'scheduled__2024-02-09T00:00:00+00:00', '--job-id', '364', '--raw', '--subdir', 'DAGS_FOLDER/get_stocks.py', '--cfg-path', '/tmp/tmpvgo7ehq5', '--error-file', '/tmp/tmpy6cze0bj']
[2024-04-02 17:44:32,719] {standard_task_runner.py:80} INFO - Job 364: Subtask AAPL
[2024-04-02 17:44:32,859] {task_command.py:370} INFO - Running <TaskInstance: get_stocks_dag.AAPL scheduled__2024-02-09T00:00:00+00:00 [running]> on host alexmend-virtual-machine
[2024-04-02 17:44:33,040] {taskinstance.py:1569} INFO - Exporting the following env vars:
AIRFLOW_CTX_DAG_OWNER=airflow
AIRFLOW_CTX_DAG_ID=get_stocks_dag
AIRFLOW_CTX_TASK_ID=AAPL
AIRFLOW_CTX_EXECUTION_DATE=2024-02-09T00:00:00+00:00
AIRFLOW_CTX_TRY_NUMBER=1
AIRFLOW_CTX_DAG_RUN_ID=scheduled__2024-02-09T00:00:00+00:00
[2024-04-02 17:44:33,658] {python.py:173} INFO - Done. Returned value was: None
[2024-04-02 17:44:33,680] {taskinstance.py:1395} INFO - Marking task as SUCCESS. dag_id=get_stocks_dag, task_id=AAPL, execution_date=20240209T000000, start_date=20240402T204432, end_date=20240402T204433
[2024-04-02 17:44:33,704] {local_task_job.py:156} INFO - Task exited with return code 0
[2024-04-02 17:44:33,836] {local_task_job.py:273} INFO - 0 downstream tasks scheduled from follow-on schedule check
