[2024-04-02 21:51:48,556] {taskinstance.py:1159} INFO - Dependencies all met for <TaskInstance: get_crypto_dag.BTC scheduled__2024-03-10T00:00:00+00:00 [queued]>
[2024-04-02 21:51:48,571] {taskinstance.py:1159} INFO - Dependencies all met for <TaskInstance: get_crypto_dag.BTC scheduled__2024-03-10T00:00:00+00:00 [queued]>
[2024-04-02 21:51:48,572] {taskinstance.py:1356} INFO - 
--------------------------------------------------------------------------------
[2024-04-02 21:51:48,572] {taskinstance.py:1357} INFO - Starting attempt 1 of 1
[2024-04-02 21:51:48,572] {taskinstance.py:1358} INFO - 
--------------------------------------------------------------------------------
[2024-04-02 21:51:48,599] {taskinstance.py:1377} INFO - Executing <Task(_PythonDecoratedOperator): BTC> on 2024-03-10 00:00:00+00:00
[2024-04-02 21:51:48,610] {standard_task_runner.py:52} INFO - Started process 52325 to run task
[2024-04-02 21:51:48,616] {standard_task_runner.py:79} INFO - Running: ['airflow', 'tasks', 'run', 'get_crypto_dag', 'BTC', 'scheduled__2024-03-10T00:00:00+00:00', '--job-id', '835', '--raw', '--subdir', 'DAGS_FOLDER/get_crypto.py', '--cfg-path', '/tmp/tmpttn33yel', '--error-file', '/tmp/tmpt2013obc']
[2024-04-02 21:51:48,618] {standard_task_runner.py:80} INFO - Job 835: Subtask BTC
[2024-04-02 21:51:48,745] {task_command.py:370} INFO - Running <TaskInstance: get_crypto_dag.BTC scheduled__2024-03-10T00:00:00+00:00 [running]> on host alexmend-virtual-machine
[2024-04-02 21:51:48,883] {taskinstance.py:1569} INFO - Exporting the following env vars:
AIRFLOW_CTX_DAG_OWNER=airflow
AIRFLOW_CTX_DAG_ID=get_crypto_dag
AIRFLOW_CTX_TASK_ID=BTC
AIRFLOW_CTX_EXECUTION_DATE=2024-03-10T00:00:00+00:00
AIRFLOW_CTX_TRY_NUMBER=1
AIRFLOW_CTX_DAG_RUN_ID=scheduled__2024-03-10T00:00:00+00:00
[2024-04-02 21:51:49,465] {history.py:222} ERROR - BTC: No price data found, symbol may be delisted (1h 2024-03-09 -> 2024-03-10)
[2024-04-02 21:51:59,482] {python.py:173} INFO - Done. Returned value was: None
[2024-04-02 21:51:59,532] {taskinstance.py:1395} INFO - Marking task as SUCCESS. dag_id=get_crypto_dag, task_id=BTC, execution_date=20240310T000000, start_date=20240403T005148, end_date=20240403T005159
[2024-04-02 21:51:59,610] {local_task_job.py:156} INFO - Task exited with return code 0
[2024-04-02 21:51:59,692] {local_task_job.py:273} INFO - 0 downstream tasks scheduled from follow-on schedule check
[2024-04-02 23:00:36,896] {taskinstance.py:1159} INFO - Dependencies all met for <TaskInstance: get_crypto_dag.BTC scheduled__2024-03-10T00:00:00+00:00 [queued]>
[2024-04-02 23:00:36,923] {taskinstance.py:1159} INFO - Dependencies all met for <TaskInstance: get_crypto_dag.BTC scheduled__2024-03-10T00:00:00+00:00 [queued]>
[2024-04-02 23:00:36,923] {taskinstance.py:1356} INFO - 
--------------------------------------------------------------------------------
[2024-04-02 23:00:36,923] {taskinstance.py:1357} INFO - Starting attempt 1 of 1
[2024-04-02 23:00:36,923] {taskinstance.py:1358} INFO - 
--------------------------------------------------------------------------------
[2024-04-02 23:00:36,945] {taskinstance.py:1377} INFO - Executing <Task(_PythonDecoratedOperator): BTC> on 2024-03-10 00:00:00+00:00
[2024-04-02 23:00:36,955] {standard_task_runner.py:52} INFO - Started process 75998 to run task
[2024-04-02 23:00:36,982] {standard_task_runner.py:79} INFO - Running: ['airflow', 'tasks', 'run', 'get_crypto_dag', 'BTC', 'scheduled__2024-03-10T00:00:00+00:00', '--job-id', '1062', '--raw', '--subdir', 'DAGS_FOLDER/get_crypto.py', '--cfg-path', '/tmp/tmpsrw0o_ub', '--error-file', '/tmp/tmpbyd1n9d4']
[2024-04-02 23:00:36,985] {standard_task_runner.py:80} INFO - Job 1062: Subtask BTC
[2024-04-02 23:00:37,211] {task_command.py:370} INFO - Running <TaskInstance: get_crypto_dag.BTC scheduled__2024-03-10T00:00:00+00:00 [running]> on host alexmend-virtual-machine
[2024-04-02 23:00:37,379] {taskinstance.py:1569} INFO - Exporting the following env vars:
AIRFLOW_CTX_DAG_OWNER=airflow
AIRFLOW_CTX_DAG_ID=get_crypto_dag
AIRFLOW_CTX_TASK_ID=BTC
AIRFLOW_CTX_EXECUTION_DATE=2024-03-10T00:00:00+00:00
AIRFLOW_CTX_TRY_NUMBER=1
AIRFLOW_CTX_DAG_RUN_ID=scheduled__2024-03-10T00:00:00+00:00
[2024-04-02 23:00:38,021] {history.py:222} ERROR - BTC: No price data found, symbol may be delisted (1h 2024-03-09 -> 2024-03-10)
[2024-04-02 23:00:48,035] {python.py:173} INFO - Done. Returned value was: None
[2024-04-02 23:00:48,085] {taskinstance.py:1395} INFO - Marking task as SUCCESS. dag_id=get_crypto_dag, task_id=BTC, execution_date=20240310T000000, start_date=20240403T020036, end_date=20240403T020048
[2024-04-02 23:00:48,149] {local_task_job.py:156} INFO - Task exited with return code 0
[2024-04-02 23:00:48,378] {local_task_job.py:273} INFO - 0 downstream tasks scheduled from follow-on schedule check
