[2024-04-02 13:02:15,052] {taskinstance.py:1159} INFO - Dependencies all met for <TaskInstance: get_stocks_dag.GOOG scheduled__2024-01-27T00:00:00+00:00 [queued]>
[2024-04-02 13:02:15,060] {taskinstance.py:1159} INFO - Dependencies all met for <TaskInstance: get_stocks_dag.GOOG scheduled__2024-01-27T00:00:00+00:00 [queued]>
[2024-04-02 13:02:15,060] {taskinstance.py:1356} INFO - 
--------------------------------------------------------------------------------
[2024-04-02 13:02:15,061] {taskinstance.py:1357} INFO - Starting attempt 1 of 1
[2024-04-02 13:02:15,061] {taskinstance.py:1358} INFO - 
--------------------------------------------------------------------------------
[2024-04-02 13:02:15,098] {taskinstance.py:1377} INFO - Executing <Task(_PythonDecoratedOperator): GOOG> on 2024-01-27 00:00:00+00:00
[2024-04-02 13:02:15,110] {standard_task_runner.py:52} INFO - Started process 9671 to run task
[2024-04-02 13:02:15,119] {standard_task_runner.py:79} INFO - Running: ['airflow', 'tasks', 'run', 'get_stocks_dag', 'GOOG', 'scheduled__2024-01-27T00:00:00+00:00', '--job-id', '85', '--raw', '--subdir', 'DAGS_FOLDER/get_stocks.py', '--cfg-path', '/tmp/tmps99iai35', '--error-file', '/tmp/tmp9tptz2nt']
[2024-04-02 13:02:15,120] {standard_task_runner.py:80} INFO - Job 85: Subtask GOOG
[2024-04-02 13:02:15,197] {task_command.py:370} INFO - Running <TaskInstance: get_stocks_dag.GOOG scheduled__2024-01-27T00:00:00+00:00 [running]> on host alexmend-virtual-machine
[2024-04-02 13:02:15,303] {taskinstance.py:1569} INFO - Exporting the following env vars:
AIRFLOW_CTX_DAG_OWNER=airflow
AIRFLOW_CTX_DAG_ID=get_stocks_dag
AIRFLOW_CTX_TASK_ID=GOOG
AIRFLOW_CTX_EXECUTION_DATE=2024-01-27T00:00:00+00:00
AIRFLOW_CTX_TRY_NUMBER=1
AIRFLOW_CTX_DAG_RUN_ID=scheduled__2024-01-27T00:00:00+00:00
[2024-04-02 13:02:16,063] {python.py:173} INFO - Done. Returned value was: None
[2024-04-02 13:02:16,081] {taskinstance.py:1395} INFO - Marking task as SUCCESS. dag_id=get_stocks_dag, task_id=GOOG, execution_date=20240127T000000, start_date=20240402T160215, end_date=20240402T160216
[2024-04-02 13:02:16,140] {local_task_job.py:156} INFO - Task exited with return code 0
[2024-04-02 13:02:16,174] {local_task_job.py:273} INFO - 0 downstream tasks scheduled from follow-on schedule check
[2024-04-02 17:17:55,312] {taskinstance.py:1159} INFO - Dependencies all met for <TaskInstance: get_stocks_dag.GOOG scheduled__2024-01-27T00:00:00+00:00 [queued]>
[2024-04-02 17:17:55,430] {taskinstance.py:1159} INFO - Dependencies all met for <TaskInstance: get_stocks_dag.GOOG scheduled__2024-01-27T00:00:00+00:00 [queued]>
[2024-04-02 17:17:55,431] {taskinstance.py:1356} INFO - 
--------------------------------------------------------------------------------
[2024-04-02 17:17:55,431] {taskinstance.py:1357} INFO - Starting attempt 1 of 1
[2024-04-02 17:17:55,431] {taskinstance.py:1358} INFO - 
--------------------------------------------------------------------------------
[2024-04-02 17:17:55,584] {taskinstance.py:1377} INFO - Executing <Task(_PythonDecoratedOperator): GOOG> on 2024-01-27 00:00:00+00:00
[2024-04-02 17:17:55,643] {standard_task_runner.py:52} INFO - Started process 5467 to run task
[2024-04-02 17:17:55,883] {standard_task_runner.py:79} INFO - Running: ['airflow', 'tasks', 'run', 'get_stocks_dag', 'GOOG', 'scheduled__2024-01-27T00:00:00+00:00', '--job-id', '66', '--raw', '--subdir', 'DAGS_FOLDER/get_stocks.py', '--cfg-path', '/tmp/tmpejmko7ld', '--error-file', '/tmp/tmpssm7jlal']
[2024-04-02 17:17:55,935] {standard_task_runner.py:80} INFO - Job 66: Subtask GOOG
[2024-04-02 17:17:56,775] {task_command.py:370} INFO - Running <TaskInstance: get_stocks_dag.GOOG scheduled__2024-01-27T00:00:00+00:00 [running]> on host alexmend-virtual-machine
[2024-04-02 17:17:57,272] {taskinstance.py:1569} INFO - Exporting the following env vars:
AIRFLOW_CTX_DAG_OWNER=airflow
AIRFLOW_CTX_DAG_ID=get_stocks_dag
AIRFLOW_CTX_TASK_ID=GOOG
AIRFLOW_CTX_EXECUTION_DATE=2024-01-27T00:00:00+00:00
AIRFLOW_CTX_TRY_NUMBER=1
AIRFLOW_CTX_DAG_RUN_ID=scheduled__2024-01-27T00:00:00+00:00
[2024-04-02 17:17:58,366] {python.py:173} INFO - Done. Returned value was: None
[2024-04-02 17:17:58,519] {taskinstance.py:1395} INFO - Marking task as SUCCESS. dag_id=get_stocks_dag, task_id=GOOG, execution_date=20240127T000000, start_date=20240402T201755, end_date=20240402T201758
[2024-04-02 17:17:58,640] {local_task_job.py:156} INFO - Task exited with return code 0
[2024-04-02 17:17:58,750] {local_task_job.py:273} INFO - 0 downstream tasks scheduled from follow-on schedule check
[2024-04-02 17:43:39,999] {taskinstance.py:1159} INFO - Dependencies all met for <TaskInstance: get_stocks_dag.GOOG scheduled__2024-01-27T00:00:00+00:00 [queued]>
[2024-04-02 17:43:40,020] {taskinstance.py:1159} INFO - Dependencies all met for <TaskInstance: get_stocks_dag.GOOG scheduled__2024-01-27T00:00:00+00:00 [queued]>
[2024-04-02 17:43:40,021] {taskinstance.py:1356} INFO - 
--------------------------------------------------------------------------------
[2024-04-02 17:43:40,021] {taskinstance.py:1357} INFO - Starting attempt 1 of 1
[2024-04-02 17:43:40,021] {taskinstance.py:1358} INFO - 
--------------------------------------------------------------------------------
[2024-04-02 17:43:40,038] {taskinstance.py:1377} INFO - Executing <Task(_PythonDecoratedOperator): GOOG> on 2024-01-27 00:00:00+00:00
[2024-04-02 17:43:40,045] {standard_task_runner.py:52} INFO - Started process 20159 to run task
[2024-04-02 17:43:40,055] {standard_task_runner.py:79} INFO - Running: ['airflow', 'tasks', 'run', 'get_stocks_dag', 'GOOG', 'scheduled__2024-01-27T00:00:00+00:00', '--job-id', '329', '--raw', '--subdir', 'DAGS_FOLDER/get_stocks.py', '--cfg-path', '/tmp/tmprx9zxlz0', '--error-file', '/tmp/tmpm87mmb24']
[2024-04-02 17:43:40,057] {standard_task_runner.py:80} INFO - Job 329: Subtask GOOG
[2024-04-02 17:43:40,177] {task_command.py:370} INFO - Running <TaskInstance: get_stocks_dag.GOOG scheduled__2024-01-27T00:00:00+00:00 [running]> on host alexmend-virtual-machine
[2024-04-02 17:43:40,319] {taskinstance.py:1569} INFO - Exporting the following env vars:
AIRFLOW_CTX_DAG_OWNER=airflow
AIRFLOW_CTX_DAG_ID=get_stocks_dag
AIRFLOW_CTX_TASK_ID=GOOG
AIRFLOW_CTX_EXECUTION_DATE=2024-01-27T00:00:00+00:00
AIRFLOW_CTX_TRY_NUMBER=1
AIRFLOW_CTX_DAG_RUN_ID=scheduled__2024-01-27T00:00:00+00:00
[2024-04-02 17:43:40,974] {python.py:173} INFO - Done. Returned value was: None
[2024-04-02 17:43:40,996] {taskinstance.py:1395} INFO - Marking task as SUCCESS. dag_id=get_stocks_dag, task_id=GOOG, execution_date=20240127T000000, start_date=20240402T204340, end_date=20240402T204340
[2024-04-02 17:43:41,035] {local_task_job.py:156} INFO - Task exited with return code 0
[2024-04-02 17:43:41,101] {local_task_job.py:273} INFO - 0 downstream tasks scheduled from follow-on schedule check
