[2024-04-02 13:01:51,929] {taskinstance.py:1159} INFO - Dependencies all met for <TaskInstance: get_stocks_dag.AAPL scheduled__2024-01-26T00:00:00+00:00 [queued]>
[2024-04-02 13:01:51,938] {taskinstance.py:1159} INFO - Dependencies all met for <TaskInstance: get_stocks_dag.AAPL scheduled__2024-01-26T00:00:00+00:00 [queued]>
[2024-04-02 13:01:51,939] {taskinstance.py:1356} INFO - 
--------------------------------------------------------------------------------
[2024-04-02 13:01:51,940] {taskinstance.py:1357} INFO - Starting attempt 1 of 1
[2024-04-02 13:01:51,940] {taskinstance.py:1358} INFO - 
--------------------------------------------------------------------------------
[2024-04-02 13:01:51,966] {taskinstance.py:1377} INFO - Executing <Task(_PythonDecoratedOperator): AAPL> on 2024-01-26 00:00:00+00:00
[2024-04-02 13:01:51,972] {standard_task_runner.py:52} INFO - Started process 9526 to run task
[2024-04-02 13:01:51,977] {standard_task_runner.py:79} INFO - Running: ['airflow', 'tasks', 'run', 'get_stocks_dag', 'AAPL', 'scheduled__2024-01-26T00:00:00+00:00', '--job-id', '79', '--raw', '--subdir', 'DAGS_FOLDER/get_stocks.py', '--cfg-path', '/tmp/tmp58lh4s4f', '--error-file', '/tmp/tmpagzqgpsz']
[2024-04-02 13:01:51,978] {standard_task_runner.py:80} INFO - Job 79: Subtask AAPL
[2024-04-02 13:01:52,039] {task_command.py:370} INFO - Running <TaskInstance: get_stocks_dag.AAPL scheduled__2024-01-26T00:00:00+00:00 [running]> on host alexmend-virtual-machine
[2024-04-02 13:01:52,104] {taskinstance.py:1569} INFO - Exporting the following env vars:
AIRFLOW_CTX_DAG_OWNER=airflow
AIRFLOW_CTX_DAG_ID=get_stocks_dag
AIRFLOW_CTX_TASK_ID=AAPL
AIRFLOW_CTX_EXECUTION_DATE=2024-01-26T00:00:00+00:00
AIRFLOW_CTX_TRY_NUMBER=1
AIRFLOW_CTX_DAG_RUN_ID=scheduled__2024-01-26T00:00:00+00:00
[2024-04-02 13:01:52,865] {python.py:173} INFO - Done. Returned value was: None
[2024-04-02 13:01:52,878] {taskinstance.py:1395} INFO - Marking task as SUCCESS. dag_id=get_stocks_dag, task_id=AAPL, execution_date=20240126T000000, start_date=20240402T160151, end_date=20240402T160152
[2024-04-02 13:01:52,923] {local_task_job.py:156} INFO - Task exited with return code 0
[2024-04-02 13:01:52,953] {local_task_job.py:273} INFO - 0 downstream tasks scheduled from follow-on schedule check
[2024-04-02 17:17:55,261] {taskinstance.py:1159} INFO - Dependencies all met for <TaskInstance: get_stocks_dag.AAPL scheduled__2024-01-26T00:00:00+00:00 [queued]>
[2024-04-02 17:17:55,283] {taskinstance.py:1159} INFO - Dependencies all met for <TaskInstance: get_stocks_dag.AAPL scheduled__2024-01-26T00:00:00+00:00 [queued]>
[2024-04-02 17:17:55,283] {taskinstance.py:1356} INFO - 
--------------------------------------------------------------------------------
[2024-04-02 17:17:55,283] {taskinstance.py:1357} INFO - Starting attempt 1 of 1
[2024-04-02 17:17:55,284] {taskinstance.py:1358} INFO - 
--------------------------------------------------------------------------------
[2024-04-02 17:17:55,323] {taskinstance.py:1377} INFO - Executing <Task(_PythonDecoratedOperator): AAPL> on 2024-01-26 00:00:00+00:00
[2024-04-02 17:17:55,395] {standard_task_runner.py:79} INFO - Running: ['airflow', 'tasks', 'run', 'get_stocks_dag', 'AAPL', 'scheduled__2024-01-26T00:00:00+00:00', '--job-id', '67', '--raw', '--subdir', 'DAGS_FOLDER/get_stocks.py', '--cfg-path', '/tmp/tmpan6mumeu', '--error-file', '/tmp/tmpx7la02kb']
[2024-04-02 17:17:55,445] {standard_task_runner.py:80} INFO - Job 67: Subtask AAPL
[2024-04-02 17:17:55,340] {standard_task_runner.py:52} INFO - Started process 5450 to run task
[2024-04-02 17:17:56,417] {task_command.py:370} INFO - Running <TaskInstance: get_stocks_dag.AAPL scheduled__2024-01-26T00:00:00+00:00 [running]> on host alexmend-virtual-machine
[2024-04-02 17:17:57,119] {taskinstance.py:1569} INFO - Exporting the following env vars:
AIRFLOW_CTX_DAG_OWNER=airflow
AIRFLOW_CTX_DAG_ID=get_stocks_dag
AIRFLOW_CTX_TASK_ID=AAPL
AIRFLOW_CTX_EXECUTION_DATE=2024-01-26T00:00:00+00:00
AIRFLOW_CTX_TRY_NUMBER=1
AIRFLOW_CTX_DAG_RUN_ID=scheduled__2024-01-26T00:00:00+00:00
[2024-04-02 17:17:58,039] {python.py:173} INFO - Done. Returned value was: None
[2024-04-02 17:17:58,092] {taskinstance.py:1395} INFO - Marking task as SUCCESS. dag_id=get_stocks_dag, task_id=AAPL, execution_date=20240126T000000, start_date=20240402T201755, end_date=20240402T201758
[2024-04-02 17:17:58,154] {local_task_job.py:156} INFO - Task exited with return code 0
[2024-04-02 17:17:58,292] {local_task_job.py:273} INFO - 0 downstream tasks scheduled from follow-on schedule check
[2024-04-02 17:43:29,778] {taskinstance.py:1159} INFO - Dependencies all met for <TaskInstance: get_stocks_dag.AAPL scheduled__2024-01-26T00:00:00+00:00 [queued]>
[2024-04-02 17:43:29,810] {taskinstance.py:1159} INFO - Dependencies all met for <TaskInstance: get_stocks_dag.AAPL scheduled__2024-01-26T00:00:00+00:00 [queued]>
[2024-04-02 17:43:29,811] {taskinstance.py:1356} INFO - 
--------------------------------------------------------------------------------
[2024-04-02 17:43:29,811] {taskinstance.py:1357} INFO - Starting attempt 1 of 1
[2024-04-02 17:43:29,811] {taskinstance.py:1358} INFO - 
--------------------------------------------------------------------------------
[2024-04-02 17:43:29,835] {taskinstance.py:1377} INFO - Executing <Task(_PythonDecoratedOperator): AAPL> on 2024-01-26 00:00:00+00:00
[2024-04-02 17:43:29,841] {standard_task_runner.py:52} INFO - Started process 19911 to run task
[2024-04-02 17:43:29,855] {standard_task_runner.py:79} INFO - Running: ['airflow', 'tasks', 'run', 'get_stocks_dag', 'AAPL', 'scheduled__2024-01-26T00:00:00+00:00', '--job-id', '323', '--raw', '--subdir', 'DAGS_FOLDER/get_stocks.py', '--cfg-path', '/tmp/tmpnygzif0a', '--error-file', '/tmp/tmp_vtsl99k']
[2024-04-02 17:43:29,857] {standard_task_runner.py:80} INFO - Job 323: Subtask AAPL
[2024-04-02 17:43:30,018] {task_command.py:370} INFO - Running <TaskInstance: get_stocks_dag.AAPL scheduled__2024-01-26T00:00:00+00:00 [running]> on host alexmend-virtual-machine
[2024-04-02 17:43:30,208] {taskinstance.py:1569} INFO - Exporting the following env vars:
AIRFLOW_CTX_DAG_OWNER=airflow
AIRFLOW_CTX_DAG_ID=get_stocks_dag
AIRFLOW_CTX_TASK_ID=AAPL
AIRFLOW_CTX_EXECUTION_DATE=2024-01-26T00:00:00+00:00
AIRFLOW_CTX_TRY_NUMBER=1
AIRFLOW_CTX_DAG_RUN_ID=scheduled__2024-01-26T00:00:00+00:00
[2024-04-02 17:43:30,935] {python.py:173} INFO - Done. Returned value was: None
[2024-04-02 17:43:30,983] {taskinstance.py:1395} INFO - Marking task as SUCCESS. dag_id=get_stocks_dag, task_id=AAPL, execution_date=20240126T000000, start_date=20240402T204329, end_date=20240402T204330
[2024-04-02 17:43:31,016] {local_task_job.py:156} INFO - Task exited with return code 0
[2024-04-02 17:43:31,079] {local_task_job.py:273} INFO - 0 downstream tasks scheduled from follow-on schedule check
