[2024-04-02 22:02:33,117] {taskinstance.py:1159} INFO - Dependencies all met for <TaskInstance: get_crypto_dag.DOGE scheduled__2024-03-27T00:00:00+00:00 [queued]>
[2024-04-02 22:02:33,137] {taskinstance.py:1159} INFO - Dependencies all met for <TaskInstance: get_crypto_dag.DOGE scheduled__2024-03-27T00:00:00+00:00 [queued]>
[2024-04-02 22:02:33,137] {taskinstance.py:1356} INFO - 
--------------------------------------------------------------------------------
[2024-04-02 22:02:33,138] {taskinstance.py:1357} INFO - Starting attempt 1 of 1
[2024-04-02 22:02:33,138] {taskinstance.py:1358} INFO - 
--------------------------------------------------------------------------------
[2024-04-02 22:02:33,161] {taskinstance.py:1377} INFO - Executing <Task(_PythonDecoratedOperator): DOGE> on 2024-03-27 00:00:00+00:00
[2024-04-02 22:02:33,170] {standard_task_runner.py:52} INFO - Started process 59307 to run task
[2024-04-02 22:02:33,179] {standard_task_runner.py:79} INFO - Running: ['airflow', 'tasks', 'run', 'get_crypto_dag', 'DOGE', 'scheduled__2024-03-27T00:00:00+00:00', '--job-id', '944', '--raw', '--subdir', 'DAGS_FOLDER/get_crypto.py', '--cfg-path', '/tmp/tmpikx9vvru', '--error-file', '/tmp/tmpfqp08bco']
[2024-04-02 22:02:33,182] {standard_task_runner.py:80} INFO - Job 944: Subtask DOGE
[2024-04-02 22:02:33,316] {task_command.py:370} INFO - Running <TaskInstance: get_crypto_dag.DOGE scheduled__2024-03-27T00:00:00+00:00 [running]> on host alexmend-virtual-machine
[2024-04-02 22:02:33,546] {taskinstance.py:1569} INFO - Exporting the following env vars:
AIRFLOW_CTX_DAG_OWNER=airflow
AIRFLOW_CTX_DAG_ID=get_crypto_dag
AIRFLOW_CTX_TASK_ID=DOGE
AIRFLOW_CTX_EXECUTION_DATE=2024-03-27T00:00:00+00:00
AIRFLOW_CTX_TRY_NUMBER=1
AIRFLOW_CTX_DAG_RUN_ID=scheduled__2024-03-27T00:00:00+00:00
[2024-04-02 22:02:37,722] {history.py:90} ERROR - DOGE: No timezone found, symbol may be delisted
[2024-04-02 22:02:47,741] {python.py:173} INFO - Done. Returned value was: None
[2024-04-02 22:02:47,773] {taskinstance.py:1395} INFO - Marking task as SUCCESS. dag_id=get_crypto_dag, task_id=DOGE, execution_date=20240327T000000, start_date=20240403T010233, end_date=20240403T010247
[2024-04-02 22:02:47,820] {local_task_job.py:156} INFO - Task exited with return code 0
[2024-04-02 22:02:47,894] {local_task_job.py:273} INFO - 0 downstream tasks scheduled from follow-on schedule check
[2024-04-02 23:16:13,121] {taskinstance.py:1159} INFO - Dependencies all met for <TaskInstance: get_crypto_dag.DOGE scheduled__2024-03-27T00:00:00+00:00 [queued]>
[2024-04-02 23:16:13,211] {taskinstance.py:1159} INFO - Dependencies all met for <TaskInstance: get_crypto_dag.DOGE scheduled__2024-03-27T00:00:00+00:00 [queued]>
[2024-04-02 23:16:13,214] {taskinstance.py:1356} INFO - 
--------------------------------------------------------------------------------
[2024-04-02 23:16:13,216] {taskinstance.py:1357} INFO - Starting attempt 1 of 1
[2024-04-02 23:16:13,231] {taskinstance.py:1358} INFO - 
--------------------------------------------------------------------------------
[2024-04-02 23:16:13,446] {taskinstance.py:1377} INFO - Executing <Task(_PythonDecoratedOperator): DOGE> on 2024-03-27 00:00:00+00:00
[2024-04-02 23:16:13,527] {standard_task_runner.py:52} INFO - Started process 84598 to run task
[2024-04-02 23:16:13,629] {standard_task_runner.py:79} INFO - Running: ['airflow', 'tasks', 'run', 'get_crypto_dag', 'DOGE', 'scheduled__2024-03-27T00:00:00+00:00', '--job-id', '1174', '--raw', '--subdir', 'DAGS_FOLDER/get_crypto.py', '--cfg-path', '/tmp/tmp4b5cgtwh', '--error-file', '/tmp/tmpraxe3zhb']
[2024-04-02 23:16:13,647] {standard_task_runner.py:80} INFO - Job 1174: Subtask DOGE
[2024-04-02 23:16:14,590] {task_command.py:370} INFO - Running <TaskInstance: get_crypto_dag.DOGE scheduled__2024-03-27T00:00:00+00:00 [running]> on host alexmend-virtual-machine
[2024-04-02 23:16:15,457] {taskinstance.py:1569} INFO - Exporting the following env vars:
AIRFLOW_CTX_DAG_OWNER=airflow
AIRFLOW_CTX_DAG_ID=get_crypto_dag
AIRFLOW_CTX_TASK_ID=DOGE
AIRFLOW_CTX_EXECUTION_DATE=2024-03-27T00:00:00+00:00
AIRFLOW_CTX_TRY_NUMBER=1
AIRFLOW_CTX_DAG_RUN_ID=scheduled__2024-03-27T00:00:00+00:00
[2024-04-02 23:16:20,888] {history.py:90} ERROR - DOGE: No timezone found, symbol may be delisted
[2024-04-02 23:16:30,915] {python.py:173} INFO - Done. Returned value was: None
[2024-04-02 23:16:30,952] {taskinstance.py:1395} INFO - Marking task as SUCCESS. dag_id=get_crypto_dag, task_id=DOGE, execution_date=20240327T000000, start_date=20240403T021613, end_date=20240403T021630
[2024-04-02 23:16:31,032] {local_task_job.py:156} INFO - Task exited with return code 0
[2024-04-02 23:16:31,137] {local_task_job.py:273} INFO - 0 downstream tasks scheduled from follow-on schedule check
