[2024-04-02 21:51:31,035] {taskinstance.py:1159} INFO - Dependencies all met for <TaskInstance: get_crypto_dag.DOGE scheduled__2024-03-10T00:00:00+00:00 [queued]>
[2024-04-02 21:51:31,054] {taskinstance.py:1159} INFO - Dependencies all met for <TaskInstance: get_crypto_dag.DOGE scheduled__2024-03-10T00:00:00+00:00 [queued]>
[2024-04-02 21:51:31,054] {taskinstance.py:1356} INFO - 
--------------------------------------------------------------------------------
[2024-04-02 21:51:31,054] {taskinstance.py:1357} INFO - Starting attempt 1 of 1
[2024-04-02 21:51:31,054] {taskinstance.py:1358} INFO - 
--------------------------------------------------------------------------------
[2024-04-02 21:51:31,088] {taskinstance.py:1377} INFO - Executing <Task(_PythonDecoratedOperator): DOGE> on 2024-03-10 00:00:00+00:00
[2024-04-02 21:51:31,099] {standard_task_runner.py:52} INFO - Started process 52062 to run task
[2024-04-02 21:51:31,126] {standard_task_runner.py:79} INFO - Running: ['airflow', 'tasks', 'run', 'get_crypto_dag', 'DOGE', 'scheduled__2024-03-10T00:00:00+00:00', '--job-id', '831', '--raw', '--subdir', 'DAGS_FOLDER/get_crypto.py', '--cfg-path', '/tmp/tmpxvs0opxv', '--error-file', '/tmp/tmpf4d0vyxd']
[2024-04-02 21:51:31,129] {standard_task_runner.py:80} INFO - Job 831: Subtask DOGE
[2024-04-02 21:51:31,388] {task_command.py:370} INFO - Running <TaskInstance: get_crypto_dag.DOGE scheduled__2024-03-10T00:00:00+00:00 [running]> on host alexmend-virtual-machine
[2024-04-02 21:51:31,575] {taskinstance.py:1569} INFO - Exporting the following env vars:
AIRFLOW_CTX_DAG_OWNER=airflow
AIRFLOW_CTX_DAG_ID=get_crypto_dag
AIRFLOW_CTX_TASK_ID=DOGE
AIRFLOW_CTX_EXECUTION_DATE=2024-03-10T00:00:00+00:00
AIRFLOW_CTX_TRY_NUMBER=1
AIRFLOW_CTX_DAG_RUN_ID=scheduled__2024-03-10T00:00:00+00:00
[2024-04-02 21:51:35,509] {history.py:90} ERROR - DOGE: No timezone found, symbol may be delisted
[2024-04-02 21:51:45,526] {python.py:173} INFO - Done. Returned value was: None
[2024-04-02 21:51:45,704] {taskinstance.py:1395} INFO - Marking task as SUCCESS. dag_id=get_crypto_dag, task_id=DOGE, execution_date=20240310T000000, start_date=20240403T005131, end_date=20240403T005145
[2024-04-02 21:51:45,796] {local_task_job.py:156} INFO - Task exited with return code 0
[2024-04-02 21:51:45,868] {local_task_job.py:273} INFO - 0 downstream tasks scheduled from follow-on schedule check
[2024-04-02 23:00:42,033] {taskinstance.py:1159} INFO - Dependencies all met for <TaskInstance: get_crypto_dag.DOGE scheduled__2024-03-10T00:00:00+00:00 [queued]>
[2024-04-02 23:00:42,062] {taskinstance.py:1159} INFO - Dependencies all met for <TaskInstance: get_crypto_dag.DOGE scheduled__2024-03-10T00:00:00+00:00 [queued]>
[2024-04-02 23:00:42,064] {taskinstance.py:1356} INFO - 
--------------------------------------------------------------------------------
[2024-04-02 23:00:42,065] {taskinstance.py:1357} INFO - Starting attempt 1 of 1
[2024-04-02 23:00:42,065] {taskinstance.py:1358} INFO - 
--------------------------------------------------------------------------------
[2024-04-02 23:00:42,095] {taskinstance.py:1377} INFO - Executing <Task(_PythonDecoratedOperator): DOGE> on 2024-03-10 00:00:00+00:00
[2024-04-02 23:00:42,115] {standard_task_runner.py:52} INFO - Started process 76035 to run task
[2024-04-02 23:00:42,132] {standard_task_runner.py:79} INFO - Running: ['airflow', 'tasks', 'run', 'get_crypto_dag', 'DOGE', 'scheduled__2024-03-10T00:00:00+00:00', '--job-id', '1063', '--raw', '--subdir', 'DAGS_FOLDER/get_crypto.py', '--cfg-path', '/tmp/tmpb342kayz', '--error-file', '/tmp/tmpbxk0w8_9']
[2024-04-02 23:00:42,140] {standard_task_runner.py:80} INFO - Job 1063: Subtask DOGE
[2024-04-02 23:00:42,307] {task_command.py:370} INFO - Running <TaskInstance: get_crypto_dag.DOGE scheduled__2024-03-10T00:00:00+00:00 [running]> on host alexmend-virtual-machine
[2024-04-02 23:00:42,469] {taskinstance.py:1569} INFO - Exporting the following env vars:
AIRFLOW_CTX_DAG_OWNER=airflow
AIRFLOW_CTX_DAG_ID=get_crypto_dag
AIRFLOW_CTX_TASK_ID=DOGE
AIRFLOW_CTX_EXECUTION_DATE=2024-03-10T00:00:00+00:00
AIRFLOW_CTX_TRY_NUMBER=1
AIRFLOW_CTX_DAG_RUN_ID=scheduled__2024-03-10T00:00:00+00:00
[2024-04-02 23:00:45,900] {history.py:90} ERROR - DOGE: No timezone found, symbol may be delisted
[2024-04-02 23:00:55,915] {python.py:173} INFO - Done. Returned value was: None
[2024-04-02 23:00:55,994] {taskinstance.py:1395} INFO - Marking task as SUCCESS. dag_id=get_crypto_dag, task_id=DOGE, execution_date=20240310T000000, start_date=20240403T020042, end_date=20240403T020055
[2024-04-02 23:00:56,078] {local_task_job.py:156} INFO - Task exited with return code 0
[2024-04-02 23:00:56,181] {local_task_job.py:273} INFO - 0 downstream tasks scheduled from follow-on schedule check
