[2024-04-02 21:50:52,098] {taskinstance.py:1159} INFO - Dependencies all met for <TaskInstance: get_crypto_dag.BTC scheduled__2024-03-08T00:00:00+00:00 [queued]>
[2024-04-02 21:50:52,133] {taskinstance.py:1159} INFO - Dependencies all met for <TaskInstance: get_crypto_dag.BTC scheduled__2024-03-08T00:00:00+00:00 [queued]>
[2024-04-02 21:50:52,133] {taskinstance.py:1356} INFO - 
--------------------------------------------------------------------------------
[2024-04-02 21:50:52,133] {taskinstance.py:1357} INFO - Starting attempt 1 of 1
[2024-04-02 21:50:52,133] {taskinstance.py:1358} INFO - 
--------------------------------------------------------------------------------
[2024-04-02 21:50:52,175] {taskinstance.py:1377} INFO - Executing <Task(_PythonDecoratedOperator): BTC> on 2024-03-08 00:00:00+00:00
[2024-04-02 21:50:52,189] {standard_task_runner.py:52} INFO - Started process 51516 to run task
[2024-04-02 21:50:52,206] {standard_task_runner.py:79} INFO - Running: ['airflow', 'tasks', 'run', 'get_crypto_dag', 'BTC', 'scheduled__2024-03-08T00:00:00+00:00', '--job-id', '820', '--raw', '--subdir', 'DAGS_FOLDER/get_crypto.py', '--cfg-path', '/tmp/tmpc1ob60uf', '--error-file', '/tmp/tmpp19mr1hn']
[2024-04-02 21:50:52,209] {standard_task_runner.py:80} INFO - Job 820: Subtask BTC
[2024-04-02 21:50:52,404] {task_command.py:370} INFO - Running <TaskInstance: get_crypto_dag.BTC scheduled__2024-03-08T00:00:00+00:00 [running]> on host alexmend-virtual-machine
[2024-04-02 21:50:52,693] {taskinstance.py:1569} INFO - Exporting the following env vars:
AIRFLOW_CTX_DAG_OWNER=airflow
AIRFLOW_CTX_DAG_ID=get_crypto_dag
AIRFLOW_CTX_TASK_ID=BTC
AIRFLOW_CTX_EXECUTION_DATE=2024-03-08T00:00:00+00:00
AIRFLOW_CTX_TRY_NUMBER=1
AIRFLOW_CTX_DAG_RUN_ID=scheduled__2024-03-08T00:00:00+00:00
[2024-04-02 21:50:53,435] {history.py:222} ERROR - BTC: No price data found, symbol may be delisted (1h 2024-03-07 -> 2024-03-08)
[2024-04-02 21:51:03,454] {python.py:173} INFO - Done. Returned value was: None
[2024-04-02 21:51:03,483] {taskinstance.py:1395} INFO - Marking task as SUCCESS. dag_id=get_crypto_dag, task_id=BTC, execution_date=20240308T000000, start_date=20240403T005052, end_date=20240403T005103
[2024-04-02 21:51:03,534] {local_task_job.py:156} INFO - Task exited with return code 0
[2024-04-02 21:51:03,604] {local_task_job.py:273} INFO - 0 downstream tasks scheduled from follow-on schedule check
[2024-04-02 22:58:42,386] {taskinstance.py:1159} INFO - Dependencies all met for <TaskInstance: get_crypto_dag.BTC scheduled__2024-03-08T00:00:00+00:00 [queued]>
[2024-04-02 22:58:42,406] {taskinstance.py:1159} INFO - Dependencies all met for <TaskInstance: get_crypto_dag.BTC scheduled__2024-03-08T00:00:00+00:00 [queued]>
[2024-04-02 22:58:42,406] {taskinstance.py:1356} INFO - 
--------------------------------------------------------------------------------
[2024-04-02 22:58:42,407] {taskinstance.py:1357} INFO - Starting attempt 1 of 1
[2024-04-02 22:58:42,407] {taskinstance.py:1358} INFO - 
--------------------------------------------------------------------------------
[2024-04-02 22:58:42,466] {taskinstance.py:1377} INFO - Executing <Task(_PythonDecoratedOperator): BTC> on 2024-03-08 00:00:00+00:00
[2024-04-02 22:58:42,487] {standard_task_runner.py:52} INFO - Started process 74960 to run task
[2024-04-02 22:58:42,520] {standard_task_runner.py:79} INFO - Running: ['airflow', 'tasks', 'run', 'get_crypto_dag', 'BTC', 'scheduled__2024-03-08T00:00:00+00:00', '--job-id', '1049', '--raw', '--subdir', 'DAGS_FOLDER/get_crypto.py', '--cfg-path', '/tmp/tmpyj7pb4k9', '--error-file', '/tmp/tmpivk7jctp']
[2024-04-02 22:58:42,526] {standard_task_runner.py:80} INFO - Job 1049: Subtask BTC
[2024-04-02 22:58:42,717] {task_command.py:370} INFO - Running <TaskInstance: get_crypto_dag.BTC scheduled__2024-03-08T00:00:00+00:00 [running]> on host alexmend-virtual-machine
[2024-04-02 22:58:42,913] {taskinstance.py:1569} INFO - Exporting the following env vars:
AIRFLOW_CTX_DAG_OWNER=airflow
AIRFLOW_CTX_DAG_ID=get_crypto_dag
AIRFLOW_CTX_TASK_ID=BTC
AIRFLOW_CTX_EXECUTION_DATE=2024-03-08T00:00:00+00:00
AIRFLOW_CTX_TRY_NUMBER=1
AIRFLOW_CTX_DAG_RUN_ID=scheduled__2024-03-08T00:00:00+00:00
[2024-04-02 22:58:43,594] {history.py:222} ERROR - BTC: No price data found, symbol may be delisted (1h 2024-03-07 -> 2024-03-08)
[2024-04-02 22:58:53,611] {python.py:173} INFO - Done. Returned value was: None
[2024-04-02 22:58:53,668] {taskinstance.py:1395} INFO - Marking task as SUCCESS. dag_id=get_crypto_dag, task_id=BTC, execution_date=20240308T000000, start_date=20240403T015842, end_date=20240403T015853
[2024-04-02 22:58:53,757] {local_task_job.py:156} INFO - Task exited with return code 0
[2024-04-02 22:58:53,847] {local_task_job.py:273} INFO - 0 downstream tasks scheduled from follow-on schedule check
