[2024-04-02 21:57:16,539] {taskinstance.py:1159} INFO - Dependencies all met for <TaskInstance: get_crypto_dag.AVAX scheduled__2024-03-17T00:00:00+00:00 [queued]>
[2024-04-02 21:57:16,558] {taskinstance.py:1159} INFO - Dependencies all met for <TaskInstance: get_crypto_dag.AVAX scheduled__2024-03-17T00:00:00+00:00 [queued]>
[2024-04-02 21:57:16,558] {taskinstance.py:1356} INFO - 
--------------------------------------------------------------------------------
[2024-04-02 21:57:16,558] {taskinstance.py:1357} INFO - Starting attempt 1 of 1
[2024-04-02 21:57:16,558] {taskinstance.py:1358} INFO - 
--------------------------------------------------------------------------------
[2024-04-02 21:57:16,590] {taskinstance.py:1377} INFO - Executing <Task(_PythonDecoratedOperator): AVAX> on 2024-03-17 00:00:00+00:00
[2024-04-02 21:57:16,607] {standard_task_runner.py:52} INFO - Started process 55800 to run task
[2024-04-02 21:57:16,626] {standard_task_runner.py:79} INFO - Running: ['airflow', 'tasks', 'run', 'get_crypto_dag', 'AVAX', 'scheduled__2024-03-17T00:00:00+00:00', '--job-id', '896', '--raw', '--subdir', 'DAGS_FOLDER/get_crypto.py', '--cfg-path', '/tmp/tmpt4fjd6sa', '--error-file', '/tmp/tmpjnz_ptot']
[2024-04-02 21:57:16,628] {standard_task_runner.py:80} INFO - Job 896: Subtask AVAX
[2024-04-02 21:57:16,770] {task_command.py:370} INFO - Running <TaskInstance: get_crypto_dag.AVAX scheduled__2024-03-17T00:00:00+00:00 [running]> on host alexmend-virtual-machine
[2024-04-02 21:57:16,981] {taskinstance.py:1569} INFO - Exporting the following env vars:
AIRFLOW_CTX_DAG_OWNER=airflow
AIRFLOW_CTX_DAG_ID=get_crypto_dag
AIRFLOW_CTX_TASK_ID=AVAX
AIRFLOW_CTX_EXECUTION_DATE=2024-03-17T00:00:00+00:00
AIRFLOW_CTX_TRY_NUMBER=1
AIRFLOW_CTX_DAG_RUN_ID=scheduled__2024-03-17T00:00:00+00:00
[2024-04-02 21:57:21,551] {history.py:90} ERROR - AVAX: No timezone found, symbol may be delisted
[2024-04-02 21:57:31,562] {python.py:173} INFO - Done. Returned value was: None
[2024-04-02 21:57:31,596] {taskinstance.py:1395} INFO - Marking task as SUCCESS. dag_id=get_crypto_dag, task_id=AVAX, execution_date=20240317T000000, start_date=20240403T005716, end_date=20240403T005731
[2024-04-02 21:57:31,658] {local_task_job.py:156} INFO - Task exited with return code 0
[2024-04-02 21:57:31,724] {local_task_job.py:273} INFO - 0 downstream tasks scheduled from follow-on schedule check
[2024-04-02 23:07:04,010] {taskinstance.py:1159} INFO - Dependencies all met for <TaskInstance: get_crypto_dag.AVAX scheduled__2024-03-17T00:00:00+00:00 [queued]>
[2024-04-02 23:07:04,032] {taskinstance.py:1159} INFO - Dependencies all met for <TaskInstance: get_crypto_dag.AVAX scheduled__2024-03-17T00:00:00+00:00 [queued]>
[2024-04-02 23:07:04,033] {taskinstance.py:1356} INFO - 
--------------------------------------------------------------------------------
[2024-04-02 23:07:04,033] {taskinstance.py:1357} INFO - Starting attempt 1 of 1
[2024-04-02 23:07:04,033] {taskinstance.py:1358} INFO - 
--------------------------------------------------------------------------------
[2024-04-02 23:07:04,070] {taskinstance.py:1377} INFO - Executing <Task(_PythonDecoratedOperator): AVAX> on 2024-03-17 00:00:00+00:00
[2024-04-02 23:07:04,085] {standard_task_runner.py:52} INFO - Started process 79735 to run task
[2024-04-02 23:07:04,117] {standard_task_runner.py:79} INFO - Running: ['airflow', 'tasks', 'run', 'get_crypto_dag', 'AVAX', 'scheduled__2024-03-17T00:00:00+00:00', '--job-id', '1112', '--raw', '--subdir', 'DAGS_FOLDER/get_crypto.py', '--cfg-path', '/tmp/tmpthhytyzs', '--error-file', '/tmp/tmp_okg_f9z']
[2024-04-02 23:07:04,131] {standard_task_runner.py:80} INFO - Job 1112: Subtask AVAX
[2024-04-02 23:07:04,320] {task_command.py:370} INFO - Running <TaskInstance: get_crypto_dag.AVAX scheduled__2024-03-17T00:00:00+00:00 [running]> on host alexmend-virtual-machine
[2024-04-02 23:07:04,475] {taskinstance.py:1569} INFO - Exporting the following env vars:
AIRFLOW_CTX_DAG_OWNER=airflow
AIRFLOW_CTX_DAG_ID=get_crypto_dag
AIRFLOW_CTX_TASK_ID=AVAX
AIRFLOW_CTX_EXECUTION_DATE=2024-03-17T00:00:00+00:00
AIRFLOW_CTX_TRY_NUMBER=1
AIRFLOW_CTX_DAG_RUN_ID=scheduled__2024-03-17T00:00:00+00:00
[2024-04-02 23:07:08,063] {history.py:90} ERROR - AVAX: No timezone found, symbol may be delisted
[2024-04-02 23:07:18,084] {python.py:173} INFO - Done. Returned value was: None
[2024-04-02 23:07:18,128] {taskinstance.py:1395} INFO - Marking task as SUCCESS. dag_id=get_crypto_dag, task_id=AVAX, execution_date=20240317T000000, start_date=20240403T020704, end_date=20240403T020718
[2024-04-02 23:07:18,209] {local_task_job.py:156} INFO - Task exited with return code 0
[2024-04-02 23:07:18,291] {local_task_job.py:273} INFO - 0 downstream tasks scheduled from follow-on schedule check
