[2024-04-02 21:55:36,561] {taskinstance.py:1159} INFO - Dependencies all met for <TaskInstance: get_crypto_dag.BTC scheduled__2024-03-14T00:00:00+00:00 [queued]>
[2024-04-02 21:55:36,614] {taskinstance.py:1159} INFO - Dependencies all met for <TaskInstance: get_crypto_dag.BTC scheduled__2024-03-14T00:00:00+00:00 [queued]>
[2024-04-02 21:55:36,614] {taskinstance.py:1356} INFO - 
--------------------------------------------------------------------------------
[2024-04-02 21:55:36,614] {taskinstance.py:1357} INFO - Starting attempt 1 of 1
[2024-04-02 21:55:36,614] {taskinstance.py:1358} INFO - 
--------------------------------------------------------------------------------
[2024-04-02 21:55:36,663] {taskinstance.py:1377} INFO - Executing <Task(_PythonDecoratedOperator): BTC> on 2024-03-14 00:00:00+00:00
[2024-04-02 21:55:36,678] {standard_task_runner.py:52} INFO - Started process 54397 to run task
[2024-04-02 21:55:36,691] {standard_task_runner.py:79} INFO - Running: ['airflow', 'tasks', 'run', 'get_crypto_dag', 'BTC', 'scheduled__2024-03-14T00:00:00+00:00', '--job-id', '870', '--raw', '--subdir', 'DAGS_FOLDER/get_crypto.py', '--cfg-path', '/tmp/tmpy8o5tsx6', '--error-file', '/tmp/tmpf1941rpb']
[2024-04-02 21:55:36,696] {standard_task_runner.py:80} INFO - Job 870: Subtask BTC
[2024-04-02 21:55:36,999] {task_command.py:370} INFO - Running <TaskInstance: get_crypto_dag.BTC scheduled__2024-03-14T00:00:00+00:00 [running]> on host alexmend-virtual-machine
[2024-04-02 21:55:37,312] {taskinstance.py:1569} INFO - Exporting the following env vars:
AIRFLOW_CTX_DAG_OWNER=airflow
AIRFLOW_CTX_DAG_ID=get_crypto_dag
AIRFLOW_CTX_TASK_ID=BTC
AIRFLOW_CTX_EXECUTION_DATE=2024-03-14T00:00:00+00:00
AIRFLOW_CTX_TRY_NUMBER=1
AIRFLOW_CTX_DAG_RUN_ID=scheduled__2024-03-14T00:00:00+00:00
[2024-04-02 21:55:38,016] {history.py:222} ERROR - BTC: No price data found, symbol may be delisted (1h 2024-03-13 -> 2024-03-14)
[2024-04-02 21:55:48,038] {python.py:173} INFO - Done. Returned value was: None
[2024-04-02 21:55:48,075] {taskinstance.py:1395} INFO - Marking task as SUCCESS. dag_id=get_crypto_dag, task_id=BTC, execution_date=20240314T000000, start_date=20240403T005536, end_date=20240403T005548
[2024-04-02 21:55:48,148] {local_task_job.py:156} INFO - Task exited with return code 0
[2024-04-02 21:55:48,214] {local_task_job.py:273} INFO - 0 downstream tasks scheduled from follow-on schedule check
[2024-04-02 23:03:33,729] {taskinstance.py:1159} INFO - Dependencies all met for <TaskInstance: get_crypto_dag.BTC scheduled__2024-03-14T00:00:00+00:00 [queued]>
[2024-04-02 23:03:33,752] {taskinstance.py:1159} INFO - Dependencies all met for <TaskInstance: get_crypto_dag.BTC scheduled__2024-03-14T00:00:00+00:00 [queued]>
[2024-04-02 23:03:33,752] {taskinstance.py:1356} INFO - 
--------------------------------------------------------------------------------
[2024-04-02 23:03:33,752] {taskinstance.py:1357} INFO - Starting attempt 1 of 1
[2024-04-02 23:03:33,753] {taskinstance.py:1358} INFO - 
--------------------------------------------------------------------------------
[2024-04-02 23:03:33,798] {taskinstance.py:1377} INFO - Executing <Task(_PythonDecoratedOperator): BTC> on 2024-03-14 00:00:00+00:00
[2024-04-02 23:03:33,814] {standard_task_runner.py:52} INFO - Started process 77728 to run task
[2024-04-02 23:03:33,826] {standard_task_runner.py:79} INFO - Running: ['airflow', 'tasks', 'run', 'get_crypto_dag', 'BTC', 'scheduled__2024-03-14T00:00:00+00:00', '--job-id', '1085', '--raw', '--subdir', 'DAGS_FOLDER/get_crypto.py', '--cfg-path', '/tmp/tmpzkkypu9w', '--error-file', '/tmp/tmpzhbco_qy']
[2024-04-02 23:03:33,828] {standard_task_runner.py:80} INFO - Job 1085: Subtask BTC
[2024-04-02 23:03:34,043] {task_command.py:370} INFO - Running <TaskInstance: get_crypto_dag.BTC scheduled__2024-03-14T00:00:00+00:00 [running]> on host alexmend-virtual-machine
[2024-04-02 23:03:34,204] {taskinstance.py:1569} INFO - Exporting the following env vars:
AIRFLOW_CTX_DAG_OWNER=airflow
AIRFLOW_CTX_DAG_ID=get_crypto_dag
AIRFLOW_CTX_TASK_ID=BTC
AIRFLOW_CTX_EXECUTION_DATE=2024-03-14T00:00:00+00:00
AIRFLOW_CTX_TRY_NUMBER=1
AIRFLOW_CTX_DAG_RUN_ID=scheduled__2024-03-14T00:00:00+00:00
[2024-04-02 23:03:34,856] {history.py:222} ERROR - BTC: No price data found, symbol may be delisted (1h 2024-03-13 -> 2024-03-14)
[2024-04-02 23:03:44,887] {python.py:173} INFO - Done. Returned value was: None
[2024-04-02 23:03:45,025] {taskinstance.py:1395} INFO - Marking task as SUCCESS. dag_id=get_crypto_dag, task_id=BTC, execution_date=20240314T000000, start_date=20240403T020333, end_date=20240403T020345
[2024-04-02 23:03:45,228] {local_task_job.py:156} INFO - Task exited with return code 0
[2024-04-02 23:03:45,323] {local_task_job.py:273} INFO - 0 downstream tasks scheduled from follow-on schedule check
