[2024-04-02 13:07:29,201] {taskinstance.py:1159} INFO - Dependencies all met for <TaskInstance: get_stocks_dag.AAPL scheduled__2024-02-23T00:00:00+00:00 [queued]>
[2024-04-02 13:07:29,210] {taskinstance.py:1159} INFO - Dependencies all met for <TaskInstance: get_stocks_dag.AAPL scheduled__2024-02-23T00:00:00+00:00 [queued]>
[2024-04-02 13:07:29,210] {taskinstance.py:1356} INFO - 
--------------------------------------------------------------------------------
[2024-04-02 13:07:29,210] {taskinstance.py:1357} INFO - Starting attempt 1 of 1
[2024-04-02 13:07:29,210] {taskinstance.py:1358} INFO - 
--------------------------------------------------------------------------------
[2024-04-02 13:07:29,233] {taskinstance.py:1377} INFO - Executing <Task(_PythonDecoratedOperator): AAPL> on 2024-02-23 00:00:00+00:00
[2024-04-02 13:07:29,245] {standard_task_runner.py:52} INFO - Started process 11501 to run task
[2024-04-02 13:07:29,249] {standard_task_runner.py:79} INFO - Running: ['airflow', 'tasks', 'run', 'get_stocks_dag', 'AAPL', 'scheduled__2024-02-23T00:00:00+00:00', '--job-id', '159', '--raw', '--subdir', 'DAGS_FOLDER/get_stocks.py', '--cfg-path', '/tmp/tmpnbrhsbhg', '--error-file', '/tmp/tmpblc5fl89']
[2024-04-02 13:07:29,250] {standard_task_runner.py:80} INFO - Job 159: Subtask AAPL
[2024-04-02 13:07:29,307] {task_command.py:370} INFO - Running <TaskInstance: get_stocks_dag.AAPL scheduled__2024-02-23T00:00:00+00:00 [running]> on host alexmend-virtual-machine
[2024-04-02 13:07:29,388] {taskinstance.py:1569} INFO - Exporting the following env vars:
AIRFLOW_CTX_DAG_OWNER=airflow
AIRFLOW_CTX_DAG_ID=get_stocks_dag
AIRFLOW_CTX_TASK_ID=AAPL
AIRFLOW_CTX_EXECUTION_DATE=2024-02-23T00:00:00+00:00
AIRFLOW_CTX_TRY_NUMBER=1
AIRFLOW_CTX_DAG_RUN_ID=scheduled__2024-02-23T00:00:00+00:00
[2024-04-02 13:07:30,194] {python.py:173} INFO - Done. Returned value was: None
[2024-04-02 13:07:30,202] {taskinstance.py:1395} INFO - Marking task as SUCCESS. dag_id=get_stocks_dag, task_id=AAPL, execution_date=20240223T000000, start_date=20240402T160729, end_date=20240402T160730
[2024-04-02 13:07:30,266] {local_task_job.py:156} INFO - Task exited with return code 0
[2024-04-02 13:07:30,286] {local_task_job.py:273} INFO - 0 downstream tasks scheduled from follow-on schedule check
[2024-04-02 17:18:58,533] {taskinstance.py:1159} INFO - Dependencies all met for <TaskInstance: get_stocks_dag.AAPL scheduled__2024-02-23T00:00:00+00:00 [queued]>
[2024-04-02 17:18:58,629] {taskinstance.py:1159} INFO - Dependencies all met for <TaskInstance: get_stocks_dag.AAPL scheduled__2024-02-23T00:00:00+00:00 [queued]>
[2024-04-02 17:18:58,629] {taskinstance.py:1356} INFO - 
--------------------------------------------------------------------------------
[2024-04-02 17:18:58,629] {taskinstance.py:1357} INFO - Starting attempt 1 of 1
[2024-04-02 17:18:58,629] {taskinstance.py:1358} INFO - 
--------------------------------------------------------------------------------
[2024-04-02 17:18:58,699] {taskinstance.py:1377} INFO - Executing <Task(_PythonDecoratedOperator): AAPL> on 2024-02-23 00:00:00+00:00
[2024-04-02 17:18:58,728] {standard_task_runner.py:52} INFO - Started process 7359 to run task
[2024-04-02 17:18:58,770] {standard_task_runner.py:79} INFO - Running: ['airflow', 'tasks', 'run', 'get_stocks_dag', 'AAPL', 'scheduled__2024-02-23T00:00:00+00:00', '--job-id', '143', '--raw', '--subdir', 'DAGS_FOLDER/get_stocks.py', '--cfg-path', '/tmp/tmpmh377_ii', '--error-file', '/tmp/tmpz72hotmp']
[2024-04-02 17:18:58,788] {standard_task_runner.py:80} INFO - Job 143: Subtask AAPL
[2024-04-02 17:18:59,224] {task_command.py:370} INFO - Running <TaskInstance: get_stocks_dag.AAPL scheduled__2024-02-23T00:00:00+00:00 [running]> on host alexmend-virtual-machine
[2024-04-02 17:19:00,078] {taskinstance.py:1569} INFO - Exporting the following env vars:
AIRFLOW_CTX_DAG_OWNER=airflow
AIRFLOW_CTX_DAG_ID=get_stocks_dag
AIRFLOW_CTX_TASK_ID=AAPL
AIRFLOW_CTX_EXECUTION_DATE=2024-02-23T00:00:00+00:00
AIRFLOW_CTX_TRY_NUMBER=1
AIRFLOW_CTX_DAG_RUN_ID=scheduled__2024-02-23T00:00:00+00:00
[2024-04-02 17:19:01,281] {python.py:173} INFO - Done. Returned value was: None
[2024-04-02 17:19:01,373] {taskinstance.py:1395} INFO - Marking task as SUCCESS. dag_id=get_stocks_dag, task_id=AAPL, execution_date=20240223T000000, start_date=20240402T201858, end_date=20240402T201901
[2024-04-02 17:19:01,534] {local_task_job.py:156} INFO - Task exited with return code 0
[2024-04-02 17:19:01,698] {local_task_job.py:273} INFO - 0 downstream tasks scheduled from follow-on schedule check
[2024-04-02 17:45:23,588] {taskinstance.py:1159} INFO - Dependencies all met for <TaskInstance: get_stocks_dag.AAPL scheduled__2024-02-23T00:00:00+00:00 [queued]>
[2024-04-02 17:45:23,601] {taskinstance.py:1159} INFO - Dependencies all met for <TaskInstance: get_stocks_dag.AAPL scheduled__2024-02-23T00:00:00+00:00 [queued]>
[2024-04-02 17:45:23,602] {taskinstance.py:1356} INFO - 
--------------------------------------------------------------------------------
[2024-04-02 17:45:23,602] {taskinstance.py:1357} INFO - Starting attempt 1 of 1
[2024-04-02 17:45:23,602] {taskinstance.py:1358} INFO - 
--------------------------------------------------------------------------------
[2024-04-02 17:45:23,621] {taskinstance.py:1377} INFO - Executing <Task(_PythonDecoratedOperator): AAPL> on 2024-02-23 00:00:00+00:00
[2024-04-02 17:45:23,628] {standard_task_runner.py:52} INFO - Started process 22212 to run task
[2024-04-02 17:45:23,644] {standard_task_runner.py:79} INFO - Running: ['airflow', 'tasks', 'run', 'get_stocks_dag', 'AAPL', 'scheduled__2024-02-23T00:00:00+00:00', '--job-id', '403', '--raw', '--subdir', 'DAGS_FOLDER/get_stocks.py', '--cfg-path', '/tmp/tmp6lr_au_4', '--error-file', '/tmp/tmp2coxa6j8']
[2024-04-02 17:45:23,646] {standard_task_runner.py:80} INFO - Job 403: Subtask AAPL
[2024-04-02 17:45:23,768] {task_command.py:370} INFO - Running <TaskInstance: get_stocks_dag.AAPL scheduled__2024-02-23T00:00:00+00:00 [running]> on host alexmend-virtual-machine
[2024-04-02 17:45:23,950] {taskinstance.py:1569} INFO - Exporting the following env vars:
AIRFLOW_CTX_DAG_OWNER=airflow
AIRFLOW_CTX_DAG_ID=get_stocks_dag
AIRFLOW_CTX_TASK_ID=AAPL
AIRFLOW_CTX_EXECUTION_DATE=2024-02-23T00:00:00+00:00
AIRFLOW_CTX_TRY_NUMBER=1
AIRFLOW_CTX_DAG_RUN_ID=scheduled__2024-02-23T00:00:00+00:00
[2024-04-02 17:45:24,541] {python.py:173} INFO - Done. Returned value was: None
[2024-04-02 17:45:24,561] {taskinstance.py:1395} INFO - Marking task as SUCCESS. dag_id=get_stocks_dag, task_id=AAPL, execution_date=20240223T000000, start_date=20240402T204523, end_date=20240402T204524
[2024-04-02 17:45:24,612] {local_task_job.py:156} INFO - Task exited with return code 0
[2024-04-02 17:45:24,667] {local_task_job.py:273} INFO - 0 downstream tasks scheduled from follow-on schedule check
