[2024-04-02 21:51:43,735] {taskinstance.py:1159} INFO - Dependencies all met for <TaskInstance: get_crypto_dag.ETH scheduled__2024-03-10T00:00:00+00:00 [queued]>
[2024-04-02 21:51:43,802] {taskinstance.py:1159} INFO - Dependencies all met for <TaskInstance: get_crypto_dag.ETH scheduled__2024-03-10T00:00:00+00:00 [queued]>
[2024-04-02 21:51:43,803] {taskinstance.py:1356} INFO - 
--------------------------------------------------------------------------------
[2024-04-02 21:51:43,803] {taskinstance.py:1357} INFO - Starting attempt 1 of 1
[2024-04-02 21:51:43,803] {taskinstance.py:1358} INFO - 
--------------------------------------------------------------------------------
[2024-04-02 21:51:43,873] {taskinstance.py:1377} INFO - Executing <Task(_PythonDecoratedOperator): ETH> on 2024-03-10 00:00:00+00:00
[2024-04-02 21:51:43,905] {standard_task_runner.py:79} INFO - Running: ['airflow', 'tasks', 'run', 'get_crypto_dag', 'ETH', 'scheduled__2024-03-10T00:00:00+00:00', '--job-id', '832', '--raw', '--subdir', 'DAGS_FOLDER/get_crypto.py', '--cfg-path', '/tmp/tmpmfa4tlxi', '--error-file', '/tmp/tmpcd7695j_']
[2024-04-02 21:51:43,901] {standard_task_runner.py:52} INFO - Started process 52244 to run task
[2024-04-02 21:51:43,908] {standard_task_runner.py:80} INFO - Job 832: Subtask ETH
[2024-04-02 21:51:44,144] {task_command.py:370} INFO - Running <TaskInstance: get_crypto_dag.ETH scheduled__2024-03-10T00:00:00+00:00 [running]> on host alexmend-virtual-machine
[2024-04-02 21:51:44,571] {taskinstance.py:1569} INFO - Exporting the following env vars:
AIRFLOW_CTX_DAG_OWNER=airflow
AIRFLOW_CTX_DAG_ID=get_crypto_dag
AIRFLOW_CTX_TASK_ID=ETH
AIRFLOW_CTX_EXECUTION_DATE=2024-03-10T00:00:00+00:00
AIRFLOW_CTX_TRY_NUMBER=1
AIRFLOW_CTX_DAG_RUN_ID=scheduled__2024-03-10T00:00:00+00:00
[2024-04-02 21:51:49,147] {history.py:90} ERROR - ETH: No timezone found, symbol may be delisted
[2024-04-02 21:51:59,162] {python.py:173} INFO - Done. Returned value was: None
[2024-04-02 21:51:59,213] {taskinstance.py:1395} INFO - Marking task as SUCCESS. dag_id=get_crypto_dag, task_id=ETH, execution_date=20240310T000000, start_date=20240403T005143, end_date=20240403T005159
[2024-04-02 21:51:59,323] {local_task_job.py:156} INFO - Task exited with return code 0
[2024-04-02 21:51:59,398] {local_task_job.py:273} INFO - 0 downstream tasks scheduled from follow-on schedule check
[2024-04-02 23:00:26,111] {taskinstance.py:1159} INFO - Dependencies all met for <TaskInstance: get_crypto_dag.ETH scheduled__2024-03-10T00:00:00+00:00 [queued]>
[2024-04-02 23:00:26,131] {taskinstance.py:1159} INFO - Dependencies all met for <TaskInstance: get_crypto_dag.ETH scheduled__2024-03-10T00:00:00+00:00 [queued]>
[2024-04-02 23:00:26,132] {taskinstance.py:1356} INFO - 
--------------------------------------------------------------------------------
[2024-04-02 23:00:26,132] {taskinstance.py:1357} INFO - Starting attempt 1 of 1
[2024-04-02 23:00:26,132] {taskinstance.py:1358} INFO - 
--------------------------------------------------------------------------------
[2024-04-02 23:00:26,167] {taskinstance.py:1377} INFO - Executing <Task(_PythonDecoratedOperator): ETH> on 2024-03-10 00:00:00+00:00
[2024-04-02 23:00:26,177] {standard_task_runner.py:52} INFO - Started process 75928 to run task
[2024-04-02 23:00:26,194] {standard_task_runner.py:79} INFO - Running: ['airflow', 'tasks', 'run', 'get_crypto_dag', 'ETH', 'scheduled__2024-03-10T00:00:00+00:00', '--job-id', '1061', '--raw', '--subdir', 'DAGS_FOLDER/get_crypto.py', '--cfg-path', '/tmp/tmp6uvhea3f', '--error-file', '/tmp/tmp2jtx1w43']
[2024-04-02 23:00:26,196] {standard_task_runner.py:80} INFO - Job 1061: Subtask ETH
[2024-04-02 23:00:26,389] {task_command.py:370} INFO - Running <TaskInstance: get_crypto_dag.ETH scheduled__2024-03-10T00:00:00+00:00 [running]> on host alexmend-virtual-machine
[2024-04-02 23:00:26,571] {taskinstance.py:1569} INFO - Exporting the following env vars:
AIRFLOW_CTX_DAG_OWNER=airflow
AIRFLOW_CTX_DAG_ID=get_crypto_dag
AIRFLOW_CTX_TASK_ID=ETH
AIRFLOW_CTX_EXECUTION_DATE=2024-03-10T00:00:00+00:00
AIRFLOW_CTX_TRY_NUMBER=1
AIRFLOW_CTX_DAG_RUN_ID=scheduled__2024-03-10T00:00:00+00:00
[2024-04-02 23:00:29,976] {history.py:90} ERROR - ETH: No timezone found, symbol may be delisted
[2024-04-02 23:00:39,991] {python.py:173} INFO - Done. Returned value was: None
[2024-04-02 23:00:40,024] {taskinstance.py:1395} INFO - Marking task as SUCCESS. dag_id=get_crypto_dag, task_id=ETH, execution_date=20240310T000000, start_date=20240403T020026, end_date=20240403T020040
[2024-04-02 23:00:40,081] {local_task_job.py:156} INFO - Task exited with return code 0
[2024-04-02 23:00:40,148] {local_task_job.py:273} INFO - 0 downstream tasks scheduled from follow-on schedule check
