[2024-04-02 13:11:44,195] {taskinstance.py:1159} INFO - Dependencies all met for <TaskInstance: get_stocks_dag.AAPL scheduled__2024-03-16T00:00:00+00:00 [queued]>
[2024-04-02 13:11:44,206] {taskinstance.py:1159} INFO - Dependencies all met for <TaskInstance: get_stocks_dag.AAPL scheduled__2024-03-16T00:00:00+00:00 [queued]>
[2024-04-02 13:11:44,207] {taskinstance.py:1356} INFO - 
--------------------------------------------------------------------------------
[2024-04-02 13:11:44,207] {taskinstance.py:1357} INFO - Starting attempt 1 of 1
[2024-04-02 13:11:44,207] {taskinstance.py:1358} INFO - 
--------------------------------------------------------------------------------
[2024-04-02 13:11:44,233] {taskinstance.py:1377} INFO - Executing <Task(_PythonDecoratedOperator): AAPL> on 2024-03-16 00:00:00+00:00
[2024-04-02 13:11:44,238] {standard_task_runner.py:52} INFO - Started process 13001 to run task
[2024-04-02 13:11:44,245] {standard_task_runner.py:79} INFO - Running: ['airflow', 'tasks', 'run', 'get_stocks_dag', 'AAPL', 'scheduled__2024-03-16T00:00:00+00:00', '--job-id', '223', '--raw', '--subdir', 'DAGS_FOLDER/get_stocks.py', '--cfg-path', '/tmp/tmpsaxhtkdx', '--error-file', '/tmp/tmpv37mi3vu']
[2024-04-02 13:11:44,246] {standard_task_runner.py:80} INFO - Job 223: Subtask AAPL
[2024-04-02 13:11:44,308] {task_command.py:370} INFO - Running <TaskInstance: get_stocks_dag.AAPL scheduled__2024-03-16T00:00:00+00:00 [running]> on host alexmend-virtual-machine
[2024-04-02 13:11:44,378] {taskinstance.py:1569} INFO - Exporting the following env vars:
AIRFLOW_CTX_DAG_OWNER=airflow
AIRFLOW_CTX_DAG_ID=get_stocks_dag
AIRFLOW_CTX_TASK_ID=AAPL
AIRFLOW_CTX_EXECUTION_DATE=2024-03-16T00:00:00+00:00
AIRFLOW_CTX_TRY_NUMBER=1
AIRFLOW_CTX_DAG_RUN_ID=scheduled__2024-03-16T00:00:00+00:00
[2024-04-02 13:11:45,365] {python.py:173} INFO - Done. Returned value was: None
[2024-04-02 13:11:45,389] {taskinstance.py:1395} INFO - Marking task as SUCCESS. dag_id=get_stocks_dag, task_id=AAPL, execution_date=20240316T000000, start_date=20240402T161144, end_date=20240402T161145
[2024-04-02 13:11:45,433] {local_task_job.py:156} INFO - Task exited with return code 0
[2024-04-02 13:11:45,454] {local_task_job.py:273} INFO - 0 downstream tasks scheduled from follow-on schedule check
[2024-04-02 17:19:54,561] {taskinstance.py:1159} INFO - Dependencies all met for <TaskInstance: get_stocks_dag.AAPL scheduled__2024-03-16T00:00:00+00:00 [queued]>
[2024-04-02 17:19:54,736] {taskinstance.py:1159} INFO - Dependencies all met for <TaskInstance: get_stocks_dag.AAPL scheduled__2024-03-16T00:00:00+00:00 [queued]>
[2024-04-02 17:19:54,737] {taskinstance.py:1356} INFO - 
--------------------------------------------------------------------------------
[2024-04-02 17:19:54,737] {taskinstance.py:1357} INFO - Starting attempt 1 of 1
[2024-04-02 17:19:54,737] {taskinstance.py:1358} INFO - 
--------------------------------------------------------------------------------
[2024-04-02 17:19:54,994] {taskinstance.py:1377} INFO - Executing <Task(_PythonDecoratedOperator): AAPL> on 2024-03-16 00:00:00+00:00
[2024-04-02 17:19:55,077] {standard_task_runner.py:52} INFO - Started process 8974 to run task
[2024-04-02 17:19:55,202] {standard_task_runner.py:79} INFO - Running: ['airflow', 'tasks', 'run', 'get_stocks_dag', 'AAPL', 'scheduled__2024-03-16T00:00:00+00:00', '--job-id', '209', '--raw', '--subdir', 'DAGS_FOLDER/get_stocks.py', '--cfg-path', '/tmp/tmp3s3l2_eh', '--error-file', '/tmp/tmpg2_o_06g']
[2024-04-02 17:19:55,234] {standard_task_runner.py:80} INFO - Job 209: Subtask AAPL
[2024-04-02 17:19:56,230] {task_command.py:370} INFO - Running <TaskInstance: get_stocks_dag.AAPL scheduled__2024-03-16T00:00:00+00:00 [running]> on host alexmend-virtual-machine
[2024-04-02 17:19:56,995] {taskinstance.py:1569} INFO - Exporting the following env vars:
AIRFLOW_CTX_DAG_OWNER=airflow
AIRFLOW_CTX_DAG_ID=get_stocks_dag
AIRFLOW_CTX_TASK_ID=AAPL
AIRFLOW_CTX_EXECUTION_DATE=2024-03-16T00:00:00+00:00
AIRFLOW_CTX_TRY_NUMBER=1
AIRFLOW_CTX_DAG_RUN_ID=scheduled__2024-03-16T00:00:00+00:00
[2024-04-02 17:19:59,305] {python.py:173} INFO - Done. Returned value was: None
[2024-04-02 17:19:59,423] {taskinstance.py:1395} INFO - Marking task as SUCCESS. dag_id=get_stocks_dag, task_id=AAPL, execution_date=20240316T000000, start_date=20240402T201954, end_date=20240402T201959
[2024-04-02 17:19:59,592] {local_task_job.py:156} INFO - Task exited with return code 0
[2024-04-02 17:19:59,801] {local_task_job.py:273} INFO - 0 downstream tasks scheduled from follow-on schedule check
[2024-04-02 17:46:56,888] {taskinstance.py:1159} INFO - Dependencies all met for <TaskInstance: get_stocks_dag.AAPL scheduled__2024-03-16T00:00:00+00:00 [queued]>
[2024-04-02 17:46:56,916] {taskinstance.py:1159} INFO - Dependencies all met for <TaskInstance: get_stocks_dag.AAPL scheduled__2024-03-16T00:00:00+00:00 [queued]>
[2024-04-02 17:46:56,916] {taskinstance.py:1356} INFO - 
--------------------------------------------------------------------------------
[2024-04-02 17:46:56,917] {taskinstance.py:1357} INFO - Starting attempt 1 of 1
[2024-04-02 17:46:56,917] {taskinstance.py:1358} INFO - 
--------------------------------------------------------------------------------
[2024-04-02 17:46:56,955] {taskinstance.py:1377} INFO - Executing <Task(_PythonDecoratedOperator): AAPL> on 2024-03-16 00:00:00+00:00
[2024-04-02 17:46:56,964] {standard_task_runner.py:52} INFO - Started process 24065 to run task
[2024-04-02 17:46:56,975] {standard_task_runner.py:79} INFO - Running: ['airflow', 'tasks', 'run', 'get_stocks_dag', 'AAPL', 'scheduled__2024-03-16T00:00:00+00:00', '--job-id', '467', '--raw', '--subdir', 'DAGS_FOLDER/get_stocks.py', '--cfg-path', '/tmp/tmp2nuu5_lo', '--error-file', '/tmp/tmpf1qlblnb']
[2024-04-02 17:46:56,978] {standard_task_runner.py:80} INFO - Job 467: Subtask AAPL
[2024-04-02 17:46:57,130] {task_command.py:370} INFO - Running <TaskInstance: get_stocks_dag.AAPL scheduled__2024-03-16T00:00:00+00:00 [running]> on host alexmend-virtual-machine
[2024-04-02 17:46:57,320] {taskinstance.py:1569} INFO - Exporting the following env vars:
AIRFLOW_CTX_DAG_OWNER=airflow
AIRFLOW_CTX_DAG_ID=get_stocks_dag
AIRFLOW_CTX_TASK_ID=AAPL
AIRFLOW_CTX_EXECUTION_DATE=2024-03-16T00:00:00+00:00
AIRFLOW_CTX_TRY_NUMBER=1
AIRFLOW_CTX_DAG_RUN_ID=scheduled__2024-03-16T00:00:00+00:00
[2024-04-02 17:46:58,056] {python.py:173} INFO - Done. Returned value was: None
[2024-04-02 17:46:58,083] {taskinstance.py:1395} INFO - Marking task as SUCCESS. dag_id=get_stocks_dag, task_id=AAPL, execution_date=20240316T000000, start_date=20240402T204656, end_date=20240402T204658
[2024-04-02 17:46:58,164] {local_task_job.py:156} INFO - Task exited with return code 0
[2024-04-02 17:46:58,245] {local_task_job.py:273} INFO - 0 downstream tasks scheduled from follow-on schedule check
[2024-04-02 19:15:48,857] {taskinstance.py:1159} INFO - Dependencies all met for <TaskInstance: get_stocks_dag.AAPL scheduled__2024-03-16T00:00:00+00:00 [queued]>
[2024-04-02 19:15:48,875] {taskinstance.py:1159} INFO - Dependencies all met for <TaskInstance: get_stocks_dag.AAPL scheduled__2024-03-16T00:00:00+00:00 [queued]>
[2024-04-02 19:15:48,876] {taskinstance.py:1356} INFO - 
--------------------------------------------------------------------------------
[2024-04-02 19:15:48,876] {taskinstance.py:1357} INFO - Starting attempt 1 of 1
[2024-04-02 19:15:48,877] {taskinstance.py:1358} INFO - 
--------------------------------------------------------------------------------
[2024-04-02 19:15:48,896] {taskinstance.py:1377} INFO - Executing <Task(_PythonDecoratedOperator): AAPL> on 2024-03-16 00:00:00+00:00
[2024-04-02 19:15:48,906] {standard_task_runner.py:52} INFO - Started process 15217 to run task
[2024-04-02 19:15:48,913] {standard_task_runner.py:79} INFO - Running: ['airflow', 'tasks', 'run', 'get_stocks_dag', 'AAPL', 'scheduled__2024-03-16T00:00:00+00:00', '--job-id', '568', '--raw', '--subdir', 'DAGS_FOLDER/get_stocks.py', '--cfg-path', '/tmp/tmp3q75x01u', '--error-file', '/tmp/tmplqp7ef0c']
[2024-04-02 19:15:48,915] {standard_task_runner.py:80} INFO - Job 568: Subtask AAPL
[2024-04-02 19:15:49,022] {task_command.py:370} INFO - Running <TaskInstance: get_stocks_dag.AAPL scheduled__2024-03-16T00:00:00+00:00 [running]> on host alexmend-virtual-machine
[2024-04-02 19:15:49,136] {taskinstance.py:1569} INFO - Exporting the following env vars:
AIRFLOW_CTX_DAG_OWNER=airflow
AIRFLOW_CTX_DAG_ID=get_stocks_dag
AIRFLOW_CTX_TASK_ID=AAPL
AIRFLOW_CTX_EXECUTION_DATE=2024-03-16T00:00:00+00:00
AIRFLOW_CTX_TRY_NUMBER=1
AIRFLOW_CTX_DAG_RUN_ID=scheduled__2024-03-16T00:00:00+00:00
[2024-04-02 19:15:49,982] {python.py:173} INFO - Done. Returned value was: None
[2024-04-02 19:15:50,014] {taskinstance.py:1395} INFO - Marking task as SUCCESS. dag_id=get_stocks_dag, task_id=AAPL, execution_date=20240316T000000, start_date=20240402T221548, end_date=20240402T221550
[2024-04-02 19:15:50,062] {local_task_job.py:156} INFO - Task exited with return code 0
[2024-04-02 19:15:50,135] {local_task_job.py:273} INFO - 0 downstream tasks scheduled from follow-on schedule check
[2024-04-02 20:39:50,832] {taskinstance.py:1159} INFO - Dependencies all met for <TaskInstance: get_stocks_dag.AAPL scheduled__2024-03-16T00:00:00+00:00 [queued]>
[2024-04-02 20:39:50,850] {taskinstance.py:1159} INFO - Dependencies all met for <TaskInstance: get_stocks_dag.AAPL scheduled__2024-03-16T00:00:00+00:00 [queued]>
[2024-04-02 20:39:50,852] {taskinstance.py:1356} INFO - 
--------------------------------------------------------------------------------
[2024-04-02 20:39:50,853] {taskinstance.py:1357} INFO - Starting attempt 1 of 1
[2024-04-02 20:39:50,853] {taskinstance.py:1358} INFO - 
--------------------------------------------------------------------------------
[2024-04-02 20:39:50,875] {taskinstance.py:1377} INFO - Executing <Task(_PythonDecoratedOperator): AAPL> on 2024-03-16 00:00:00+00:00
[2024-04-02 20:39:50,887] {standard_task_runner.py:52} INFO - Started process 26758 to run task
[2024-04-02 20:39:50,896] {standard_task_runner.py:79} INFO - Running: ['airflow', 'tasks', 'run', 'get_stocks_dag', 'AAPL', 'scheduled__2024-03-16T00:00:00+00:00', '--job-id', '672', '--raw', '--subdir', 'DAGS_FOLDER/get_stocks.py', '--cfg-path', '/tmp/tmpggvkzf9z', '--error-file', '/tmp/tmpbvq_6sy6']
[2024-04-02 20:39:50,898] {standard_task_runner.py:80} INFO - Job 672: Subtask AAPL
[2024-04-02 20:39:51,068] {task_command.py:370} INFO - Running <TaskInstance: get_stocks_dag.AAPL scheduled__2024-03-16T00:00:00+00:00 [running]> on host alexmend-virtual-machine
[2024-04-02 20:39:51,323] {taskinstance.py:1569} INFO - Exporting the following env vars:
AIRFLOW_CTX_DAG_OWNER=airflow
AIRFLOW_CTX_DAG_ID=get_stocks_dag
AIRFLOW_CTX_TASK_ID=AAPL
AIRFLOW_CTX_EXECUTION_DATE=2024-03-16T00:00:00+00:00
AIRFLOW_CTX_TRY_NUMBER=1
AIRFLOW_CTX_DAG_RUN_ID=scheduled__2024-03-16T00:00:00+00:00
[2024-04-02 20:39:52,244] {python.py:173} INFO - Done. Returned value was: None
[2024-04-02 20:39:52,293] {taskinstance.py:1395} INFO - Marking task as SUCCESS. dag_id=get_stocks_dag, task_id=AAPL, execution_date=20240316T000000, start_date=20240402T233950, end_date=20240402T233952
[2024-04-02 20:39:52,364] {local_task_job.py:156} INFO - Task exited with return code 0
[2024-04-02 20:39:52,467] {local_task_job.py:273} INFO - 0 downstream tasks scheduled from follow-on schedule check
[2024-04-02 21:50:57,010] {taskinstance.py:1159} INFO - Dependencies all met for <TaskInstance: get_stocks_dag.AAPL scheduled__2024-03-16T00:00:00+00:00 [queued]>
[2024-04-02 21:50:57,031] {taskinstance.py:1159} INFO - Dependencies all met for <TaskInstance: get_stocks_dag.AAPL scheduled__2024-03-16T00:00:00+00:00 [queued]>
[2024-04-02 21:50:57,031] {taskinstance.py:1356} INFO - 
--------------------------------------------------------------------------------
[2024-04-02 21:50:57,031] {taskinstance.py:1357} INFO - Starting attempt 1 of 1
[2024-04-02 21:50:57,031] {taskinstance.py:1358} INFO - 
--------------------------------------------------------------------------------
[2024-04-02 21:50:57,062] {taskinstance.py:1377} INFO - Executing <Task(_PythonDecoratedOperator): AAPL> on 2024-03-16 00:00:00+00:00
[2024-04-02 21:50:57,075] {standard_task_runner.py:52} INFO - Started process 51602 to run task
[2024-04-02 21:50:57,086] {standard_task_runner.py:79} INFO - Running: ['airflow', 'tasks', 'run', 'get_stocks_dag', 'AAPL', 'scheduled__2024-03-16T00:00:00+00:00', '--job-id', '823', '--raw', '--subdir', 'DAGS_FOLDER/get_stocks.py', '--cfg-path', '/tmp/tmpvgpzpklx', '--error-file', '/tmp/tmpd4__q1b4']
[2024-04-02 21:50:57,090] {standard_task_runner.py:80} INFO - Job 823: Subtask AAPL
[2024-04-02 21:50:57,293] {task_command.py:370} INFO - Running <TaskInstance: get_stocks_dag.AAPL scheduled__2024-03-16T00:00:00+00:00 [running]> on host alexmend-virtual-machine
[2024-04-02 21:50:57,518] {taskinstance.py:1569} INFO - Exporting the following env vars:
AIRFLOW_CTX_DAG_OWNER=airflow
AIRFLOW_CTX_DAG_ID=get_stocks_dag
AIRFLOW_CTX_TASK_ID=AAPL
AIRFLOW_CTX_EXECUTION_DATE=2024-03-16T00:00:00+00:00
AIRFLOW_CTX_TRY_NUMBER=1
AIRFLOW_CTX_DAG_RUN_ID=scheduled__2024-03-16T00:00:00+00:00
[2024-04-02 21:51:08,589] {python.py:173} INFO - Done. Returned value was: None
[2024-04-02 21:51:08,669] {taskinstance.py:1395} INFO - Marking task as SUCCESS. dag_id=get_stocks_dag, task_id=AAPL, execution_date=20240316T000000, start_date=20240403T005057, end_date=20240403T005108
[2024-04-02 21:51:08,752] {local_task_job.py:156} INFO - Task exited with return code 0
[2024-04-02 21:51:08,877] {local_task_job.py:273} INFO - 0 downstream tasks scheduled from follow-on schedule check
[2024-04-02 23:05:47,823] {taskinstance.py:1159} INFO - Dependencies all met for <TaskInstance: get_stocks_dag.AAPL scheduled__2024-03-16T00:00:00+00:00 [queued]>
[2024-04-02 23:05:47,859] {taskinstance.py:1159} INFO - Dependencies all met for <TaskInstance: get_stocks_dag.AAPL scheduled__2024-03-16T00:00:00+00:00 [queued]>
[2024-04-02 23:05:47,859] {taskinstance.py:1356} INFO - 
--------------------------------------------------------------------------------
[2024-04-02 23:05:47,860] {taskinstance.py:1357} INFO - Starting attempt 1 of 1
[2024-04-02 23:05:47,860] {taskinstance.py:1358} INFO - 
--------------------------------------------------------------------------------
[2024-04-02 23:05:47,892] {taskinstance.py:1377} INFO - Executing <Task(_PythonDecoratedOperator): AAPL> on 2024-03-16 00:00:00+00:00
[2024-04-02 23:05:47,903] {standard_task_runner.py:52} INFO - Started process 78982 to run task
[2024-04-02 23:05:47,920] {standard_task_runner.py:79} INFO - Running: ['airflow', 'tasks', 'run', 'get_stocks_dag', 'AAPL', 'scheduled__2024-03-16T00:00:00+00:00', '--job-id', '1102', '--raw', '--subdir', 'DAGS_FOLDER/get_stocks.py', '--cfg-path', '/tmp/tmpgvn10kl_', '--error-file', '/tmp/tmp8x1y5ph5']
[2024-04-02 23:05:47,928] {standard_task_runner.py:80} INFO - Job 1102: Subtask AAPL
[2024-04-02 23:05:48,140] {task_command.py:370} INFO - Running <TaskInstance: get_stocks_dag.AAPL scheduled__2024-03-16T00:00:00+00:00 [running]> on host alexmend-virtual-machine
[2024-04-02 23:05:48,412] {taskinstance.py:1569} INFO - Exporting the following env vars:
AIRFLOW_CTX_DAG_OWNER=airflow
AIRFLOW_CTX_DAG_ID=get_stocks_dag
AIRFLOW_CTX_TASK_ID=AAPL
AIRFLOW_CTX_EXECUTION_DATE=2024-03-16T00:00:00+00:00
AIRFLOW_CTX_TRY_NUMBER=1
AIRFLOW_CTX_DAG_RUN_ID=scheduled__2024-03-16T00:00:00+00:00
[2024-04-02 23:05:59,380] {python.py:173} INFO - Done. Returned value was: None
[2024-04-02 23:05:59,457] {taskinstance.py:1395} INFO - Marking task as SUCCESS. dag_id=get_stocks_dag, task_id=AAPL, execution_date=20240316T000000, start_date=20240403T020547, end_date=20240403T020559
[2024-04-02 23:05:59,556] {local_task_job.py:156} INFO - Task exited with return code 0
[2024-04-02 23:05:59,680] {local_task_job.py:273} INFO - 0 downstream tasks scheduled from follow-on schedule check
