[2024-04-02 13:02:37,230] {taskinstance.py:1159} INFO - Dependencies all met for <TaskInstance: get_stocks_dag.GOOG scheduled__2024-01-30T00:00:00+00:00 [queued]>
[2024-04-02 13:02:37,240] {taskinstance.py:1159} INFO - Dependencies all met for <TaskInstance: get_stocks_dag.GOOG scheduled__2024-01-30T00:00:00+00:00 [queued]>
[2024-04-02 13:02:37,241] {taskinstance.py:1356} INFO - 
--------------------------------------------------------------------------------
[2024-04-02 13:02:37,241] {taskinstance.py:1357} INFO - Starting attempt 1 of 1
[2024-04-02 13:02:37,241] {taskinstance.py:1358} INFO - 
--------------------------------------------------------------------------------
[2024-04-02 13:02:37,265] {taskinstance.py:1377} INFO - Executing <Task(_PythonDecoratedOperator): GOOG> on 2024-01-30 00:00:00+00:00
[2024-04-02 13:02:37,279] {standard_task_runner.py:52} INFO - Started process 9760 to run task
[2024-04-02 13:02:37,296] {standard_task_runner.py:79} INFO - Running: ['airflow', 'tasks', 'run', 'get_stocks_dag', 'GOOG', 'scheduled__2024-01-30T00:00:00+00:00', '--job-id', '89', '--raw', '--subdir', 'DAGS_FOLDER/get_stocks.py', '--cfg-path', '/tmp/tmpqx50dd5e', '--error-file', '/tmp/tmp6agkm0pw']
[2024-04-02 13:02:37,298] {standard_task_runner.py:80} INFO - Job 89: Subtask GOOG
[2024-04-02 13:02:37,368] {task_command.py:370} INFO - Running <TaskInstance: get_stocks_dag.GOOG scheduled__2024-01-30T00:00:00+00:00 [running]> on host alexmend-virtual-machine
[2024-04-02 13:02:37,442] {taskinstance.py:1569} INFO - Exporting the following env vars:
AIRFLOW_CTX_DAG_OWNER=airflow
AIRFLOW_CTX_DAG_ID=get_stocks_dag
AIRFLOW_CTX_TASK_ID=GOOG
AIRFLOW_CTX_EXECUTION_DATE=2024-01-30T00:00:00+00:00
AIRFLOW_CTX_TRY_NUMBER=1
AIRFLOW_CTX_DAG_RUN_ID=scheduled__2024-01-30T00:00:00+00:00
[2024-04-02 13:02:38,144] {python.py:173} INFO - Done. Returned value was: None
[2024-04-02 13:02:38,155] {taskinstance.py:1395} INFO - Marking task as SUCCESS. dag_id=get_stocks_dag, task_id=GOOG, execution_date=20240130T000000, start_date=20240402T160237, end_date=20240402T160238
[2024-04-02 13:02:38,183] {local_task_job.py:156} INFO - Task exited with return code 0
[2024-04-02 13:02:38,209] {local_task_job.py:273} INFO - 0 downstream tasks scheduled from follow-on schedule check
[2024-04-02 17:18:00,697] {taskinstance.py:1159} INFO - Dependencies all met for <TaskInstance: get_stocks_dag.GOOG scheduled__2024-01-30T00:00:00+00:00 [queued]>
[2024-04-02 17:18:00,819] {taskinstance.py:1159} INFO - Dependencies all met for <TaskInstance: get_stocks_dag.GOOG scheduled__2024-01-30T00:00:00+00:00 [queued]>
[2024-04-02 17:18:00,819] {taskinstance.py:1356} INFO - 
--------------------------------------------------------------------------------
[2024-04-02 17:18:00,820] {taskinstance.py:1357} INFO - Starting attempt 1 of 1
[2024-04-02 17:18:00,820] {taskinstance.py:1358} INFO - 
--------------------------------------------------------------------------------
[2024-04-02 17:18:00,982] {taskinstance.py:1377} INFO - Executing <Task(_PythonDecoratedOperator): GOOG> on 2024-01-30 00:00:00+00:00
[2024-04-02 17:18:01,010] {standard_task_runner.py:52} INFO - Started process 5589 to run task
[2024-04-02 17:18:01,118] {standard_task_runner.py:79} INFO - Running: ['airflow', 'tasks', 'run', 'get_stocks_dag', 'GOOG', 'scheduled__2024-01-30T00:00:00+00:00', '--job-id', '69', '--raw', '--subdir', 'DAGS_FOLDER/get_stocks.py', '--cfg-path', '/tmp/tmpk_8ziuqj', '--error-file', '/tmp/tmpshx677hx']
[2024-04-02 17:18:01,149] {standard_task_runner.py:80} INFO - Job 69: Subtask GOOG
[2024-04-02 17:18:01,656] {task_command.py:370} INFO - Running <TaskInstance: get_stocks_dag.GOOG scheduled__2024-01-30T00:00:00+00:00 [running]> on host alexmend-virtual-machine
[2024-04-02 17:18:02,098] {taskinstance.py:1569} INFO - Exporting the following env vars:
AIRFLOW_CTX_DAG_OWNER=airflow
AIRFLOW_CTX_DAG_ID=get_stocks_dag
AIRFLOW_CTX_TASK_ID=GOOG
AIRFLOW_CTX_EXECUTION_DATE=2024-01-30T00:00:00+00:00
AIRFLOW_CTX_TRY_NUMBER=1
AIRFLOW_CTX_DAG_RUN_ID=scheduled__2024-01-30T00:00:00+00:00
[2024-04-02 17:18:03,565] {python.py:173} INFO - Done. Returned value was: None
[2024-04-02 17:18:03,805] {taskinstance.py:1395} INFO - Marking task as SUCCESS. dag_id=get_stocks_dag, task_id=GOOG, execution_date=20240130T000000, start_date=20240402T201800, end_date=20240402T201803
[2024-04-02 17:18:03,935] {local_task_job.py:156} INFO - Task exited with return code 0
[2024-04-02 17:18:04,191] {local_task_job.py:273} INFO - 0 downstream tasks scheduled from follow-on schedule check
[2024-04-02 17:43:45,413] {taskinstance.py:1159} INFO - Dependencies all met for <TaskInstance: get_stocks_dag.GOOG scheduled__2024-01-30T00:00:00+00:00 [queued]>
[2024-04-02 17:43:45,435] {taskinstance.py:1159} INFO - Dependencies all met for <TaskInstance: get_stocks_dag.GOOG scheduled__2024-01-30T00:00:00+00:00 [queued]>
[2024-04-02 17:43:45,436] {taskinstance.py:1356} INFO - 
--------------------------------------------------------------------------------
[2024-04-02 17:43:45,436] {taskinstance.py:1357} INFO - Starting attempt 1 of 1
[2024-04-02 17:43:45,437] {taskinstance.py:1358} INFO - 
--------------------------------------------------------------------------------
[2024-04-02 17:43:45,468] {taskinstance.py:1377} INFO - Executing <Task(_PythonDecoratedOperator): GOOG> on 2024-01-30 00:00:00+00:00
[2024-04-02 17:43:45,475] {standard_task_runner.py:52} INFO - Started process 20242 to run task
[2024-04-02 17:43:45,487] {standard_task_runner.py:79} INFO - Running: ['airflow', 'tasks', 'run', 'get_stocks_dag', 'GOOG', 'scheduled__2024-01-30T00:00:00+00:00', '--job-id', '333', '--raw', '--subdir', 'DAGS_FOLDER/get_stocks.py', '--cfg-path', '/tmp/tmpejexevz0', '--error-file', '/tmp/tmpc0ydskf3']
[2024-04-02 17:43:45,489] {standard_task_runner.py:80} INFO - Job 333: Subtask GOOG
[2024-04-02 17:43:45,637] {task_command.py:370} INFO - Running <TaskInstance: get_stocks_dag.GOOG scheduled__2024-01-30T00:00:00+00:00 [running]> on host alexmend-virtual-machine
[2024-04-02 17:43:45,858] {taskinstance.py:1569} INFO - Exporting the following env vars:
AIRFLOW_CTX_DAG_OWNER=airflow
AIRFLOW_CTX_DAG_ID=get_stocks_dag
AIRFLOW_CTX_TASK_ID=GOOG
AIRFLOW_CTX_EXECUTION_DATE=2024-01-30T00:00:00+00:00
AIRFLOW_CTX_TRY_NUMBER=1
AIRFLOW_CTX_DAG_RUN_ID=scheduled__2024-01-30T00:00:00+00:00
[2024-04-02 17:43:46,672] {python.py:173} INFO - Done. Returned value was: None
[2024-04-02 17:43:46,705] {taskinstance.py:1395} INFO - Marking task as SUCCESS. dag_id=get_stocks_dag, task_id=GOOG, execution_date=20240130T000000, start_date=20240402T204345, end_date=20240402T204346
[2024-04-02 17:43:46,749] {local_task_job.py:156} INFO - Task exited with return code 0
[2024-04-02 17:43:46,815] {local_task_job.py:273} INFO - 0 downstream tasks scheduled from follow-on schedule check
