[2024-04-02 13:04:07,129] {taskinstance.py:1159} INFO - Dependencies all met for <TaskInstance: get_stocks_dag.AAPL scheduled__2024-02-07T00:00:00+00:00 [queued]>
[2024-04-02 13:04:07,140] {taskinstance.py:1159} INFO - Dependencies all met for <TaskInstance: get_stocks_dag.AAPL scheduled__2024-02-07T00:00:00+00:00 [queued]>
[2024-04-02 13:04:07,141] {taskinstance.py:1356} INFO - 
--------------------------------------------------------------------------------
[2024-04-02 13:04:07,141] {taskinstance.py:1357} INFO - Starting attempt 1 of 1
[2024-04-02 13:04:07,141] {taskinstance.py:1358} INFO - 
--------------------------------------------------------------------------------
[2024-04-02 13:04:07,159] {taskinstance.py:1377} INFO - Executing <Task(_PythonDecoratedOperator): AAPL> on 2024-02-07 00:00:00+00:00
[2024-04-02 13:04:07,167] {standard_task_runner.py:52} INFO - Started process 10272 to run task
[2024-04-02 13:04:07,172] {standard_task_runner.py:79} INFO - Running: ['airflow', 'tasks', 'run', 'get_stocks_dag', 'AAPL', 'scheduled__2024-02-07T00:00:00+00:00', '--job-id', '111', '--raw', '--subdir', 'DAGS_FOLDER/get_stocks.py', '--cfg-path', '/tmp/tmpjkf00u0c', '--error-file', '/tmp/tmpdv3u_oc0']
[2024-04-02 13:04:07,174] {standard_task_runner.py:80} INFO - Job 111: Subtask AAPL
[2024-04-02 13:04:07,260] {task_command.py:370} INFO - Running <TaskInstance: get_stocks_dag.AAPL scheduled__2024-02-07T00:00:00+00:00 [running]> on host alexmend-virtual-machine
[2024-04-02 13:04:07,340] {taskinstance.py:1569} INFO - Exporting the following env vars:
AIRFLOW_CTX_DAG_OWNER=airflow
AIRFLOW_CTX_DAG_ID=get_stocks_dag
AIRFLOW_CTX_TASK_ID=AAPL
AIRFLOW_CTX_EXECUTION_DATE=2024-02-07T00:00:00+00:00
AIRFLOW_CTX_TRY_NUMBER=1
AIRFLOW_CTX_DAG_RUN_ID=scheduled__2024-02-07T00:00:00+00:00
[2024-04-02 13:04:08,073] {python.py:173} INFO - Done. Returned value was: None
[2024-04-02 13:04:08,081] {taskinstance.py:1395} INFO - Marking task as SUCCESS. dag_id=get_stocks_dag, task_id=AAPL, execution_date=20240207T000000, start_date=20240402T160407, end_date=20240402T160408
[2024-04-02 13:04:08,110] {local_task_job.py:156} INFO - Task exited with return code 0
[2024-04-02 13:04:08,138] {local_task_job.py:273} INFO - 0 downstream tasks scheduled from follow-on schedule check
[2024-04-02 17:18:20,265] {taskinstance.py:1159} INFO - Dependencies all met for <TaskInstance: get_stocks_dag.AAPL scheduled__2024-02-07T00:00:00+00:00 [queued]>
[2024-04-02 17:18:20,381] {taskinstance.py:1159} INFO - Dependencies all met for <TaskInstance: get_stocks_dag.AAPL scheduled__2024-02-07T00:00:00+00:00 [queued]>
[2024-04-02 17:18:20,384] {taskinstance.py:1356} INFO - 
--------------------------------------------------------------------------------
[2024-04-02 17:18:20,386] {taskinstance.py:1357} INFO - Starting attempt 1 of 1
[2024-04-02 17:18:20,387] {taskinstance.py:1358} INFO - 
--------------------------------------------------------------------------------
[2024-04-02 17:18:20,546] {taskinstance.py:1377} INFO - Executing <Task(_PythonDecoratedOperator): AAPL> on 2024-02-07 00:00:00+00:00
[2024-04-02 17:18:20,613] {standard_task_runner.py:52} INFO - Started process 6191 to run task
[2024-04-02 17:18:20,655] {standard_task_runner.py:79} INFO - Running: ['airflow', 'tasks', 'run', 'get_stocks_dag', 'AAPL', 'scheduled__2024-02-07T00:00:00+00:00', '--job-id', '93', '--raw', '--subdir', 'DAGS_FOLDER/get_stocks.py', '--cfg-path', '/tmp/tmpkctmpavx', '--error-file', '/tmp/tmp3hp52e7r']
[2024-04-02 17:18:20,657] {standard_task_runner.py:80} INFO - Job 93: Subtask AAPL
[2024-04-02 17:18:21,285] {task_command.py:370} INFO - Running <TaskInstance: get_stocks_dag.AAPL scheduled__2024-02-07T00:00:00+00:00 [running]> on host alexmend-virtual-machine
[2024-04-02 17:18:21,999] {taskinstance.py:1569} INFO - Exporting the following env vars:
AIRFLOW_CTX_DAG_OWNER=airflow
AIRFLOW_CTX_DAG_ID=get_stocks_dag
AIRFLOW_CTX_TASK_ID=AAPL
AIRFLOW_CTX_EXECUTION_DATE=2024-02-07T00:00:00+00:00
AIRFLOW_CTX_TRY_NUMBER=1
AIRFLOW_CTX_DAG_RUN_ID=scheduled__2024-02-07T00:00:00+00:00
[2024-04-02 17:18:23,707] {python.py:173} INFO - Done. Returned value was: None
[2024-04-02 17:18:24,108] {taskinstance.py:1395} INFO - Marking task as SUCCESS. dag_id=get_stocks_dag, task_id=AAPL, execution_date=20240207T000000, start_date=20240402T201820, end_date=20240402T201824
[2024-04-02 17:18:24,254] {local_task_job.py:156} INFO - Task exited with return code 0
[2024-04-02 17:18:24,516] {local_task_job.py:273} INFO - 0 downstream tasks scheduled from follow-on schedule check
[2024-04-02 17:44:20,901] {taskinstance.py:1159} INFO - Dependencies all met for <TaskInstance: get_stocks_dag.AAPL scheduled__2024-02-07T00:00:00+00:00 [queued]>
[2024-04-02 17:44:20,914] {taskinstance.py:1159} INFO - Dependencies all met for <TaskInstance: get_stocks_dag.AAPL scheduled__2024-02-07T00:00:00+00:00 [queued]>
[2024-04-02 17:44:20,914] {taskinstance.py:1356} INFO - 
--------------------------------------------------------------------------------
[2024-04-02 17:44:20,914] {taskinstance.py:1357} INFO - Starting attempt 1 of 1
[2024-04-02 17:44:20,914] {taskinstance.py:1358} INFO - 
--------------------------------------------------------------------------------
[2024-04-02 17:44:20,930] {taskinstance.py:1377} INFO - Executing <Task(_PythonDecoratedOperator): AAPL> on 2024-02-07 00:00:00+00:00
[2024-04-02 17:44:20,936] {standard_task_runner.py:52} INFO - Started process 20871 to run task
[2024-04-02 17:44:20,945] {standard_task_runner.py:79} INFO - Running: ['airflow', 'tasks', 'run', 'get_stocks_dag', 'AAPL', 'scheduled__2024-02-07T00:00:00+00:00', '--job-id', '355', '--raw', '--subdir', 'DAGS_FOLDER/get_stocks.py', '--cfg-path', '/tmp/tmpb3njdi3d', '--error-file', '/tmp/tmppidgb1g5']
[2024-04-02 17:44:20,947] {standard_task_runner.py:80} INFO - Job 355: Subtask AAPL
[2024-04-02 17:44:21,065] {task_command.py:370} INFO - Running <TaskInstance: get_stocks_dag.AAPL scheduled__2024-02-07T00:00:00+00:00 [running]> on host alexmend-virtual-machine
[2024-04-02 17:44:21,187] {taskinstance.py:1569} INFO - Exporting the following env vars:
AIRFLOW_CTX_DAG_OWNER=airflow
AIRFLOW_CTX_DAG_ID=get_stocks_dag
AIRFLOW_CTX_TASK_ID=AAPL
AIRFLOW_CTX_EXECUTION_DATE=2024-02-07T00:00:00+00:00
AIRFLOW_CTX_TRY_NUMBER=1
AIRFLOW_CTX_DAG_RUN_ID=scheduled__2024-02-07T00:00:00+00:00
[2024-04-02 17:44:21,864] {python.py:173} INFO - Done. Returned value was: None
[2024-04-02 17:44:21,883] {taskinstance.py:1395} INFO - Marking task as SUCCESS. dag_id=get_stocks_dag, task_id=AAPL, execution_date=20240207T000000, start_date=20240402T204420, end_date=20240402T204421
[2024-04-02 17:44:21,922] {local_task_job.py:156} INFO - Task exited with return code 0
[2024-04-02 17:44:21,975] {local_task_job.py:273} INFO - 0 downstream tasks scheduled from follow-on schedule check
