[2024-04-02 22:05:09,162] {taskinstance.py:1159} INFO - Dependencies all met for <TaskInstance: get_crypto_dag.AVAX scheduled__2024-04-01T00:00:00+00:00 [queued]>
[2024-04-02 22:05:09,178] {taskinstance.py:1159} INFO - Dependencies all met for <TaskInstance: get_crypto_dag.AVAX scheduled__2024-04-01T00:00:00+00:00 [queued]>
[2024-04-02 22:05:09,179] {taskinstance.py:1356} INFO - 
--------------------------------------------------------------------------------
[2024-04-02 22:05:09,179] {taskinstance.py:1357} INFO - Starting attempt 1 of 1
[2024-04-02 22:05:09,179] {taskinstance.py:1358} INFO - 
--------------------------------------------------------------------------------
[2024-04-02 22:05:09,202] {taskinstance.py:1377} INFO - Executing <Task(_PythonDecoratedOperator): AVAX> on 2024-04-01 00:00:00+00:00
[2024-04-02 22:05:09,211] {standard_task_runner.py:52} INFO - Started process 60930 to run task
[2024-04-02 22:05:09,220] {standard_task_runner.py:79} INFO - Running: ['airflow', 'tasks', 'run', 'get_crypto_dag', 'AVAX', 'scheduled__2024-04-01T00:00:00+00:00', '--job-id', '964', '--raw', '--subdir', 'DAGS_FOLDER/get_crypto.py', '--cfg-path', '/tmp/tmp6a7l9fpc', '--error-file', '/tmp/tmpy9cqta2a']
[2024-04-02 22:05:09,223] {standard_task_runner.py:80} INFO - Job 964: Subtask AVAX
[2024-04-02 22:05:09,360] {task_command.py:370} INFO - Running <TaskInstance: get_crypto_dag.AVAX scheduled__2024-04-01T00:00:00+00:00 [running]> on host alexmend-virtual-machine
[2024-04-02 22:05:09,513] {taskinstance.py:1569} INFO - Exporting the following env vars:
AIRFLOW_CTX_DAG_OWNER=airflow
AIRFLOW_CTX_DAG_ID=get_crypto_dag
AIRFLOW_CTX_TASK_ID=AVAX
AIRFLOW_CTX_EXECUTION_DATE=2024-04-01T00:00:00+00:00
AIRFLOW_CTX_TRY_NUMBER=1
AIRFLOW_CTX_DAG_RUN_ID=scheduled__2024-04-01T00:00:00+00:00
[2024-04-02 22:05:13,360] {history.py:90} ERROR - AVAX: No timezone found, symbol may be delisted
[2024-04-02 22:05:23,374] {python.py:173} INFO - Done. Returned value was: None
[2024-04-02 22:05:23,399] {taskinstance.py:1395} INFO - Marking task as SUCCESS. dag_id=get_crypto_dag, task_id=AVAX, execution_date=20240401T000000, start_date=20240403T010509, end_date=20240403T010523
[2024-04-02 22:05:23,450] {local_task_job.py:156} INFO - Task exited with return code 0
[2024-04-02 22:05:23,511] {local_task_job.py:273} INFO - 0 downstream tasks scheduled from follow-on schedule check
[2024-04-02 23:21:08,533] {taskinstance.py:1159} INFO - Dependencies all met for <TaskInstance: get_crypto_dag.AVAX scheduled__2024-04-01T00:00:00+00:00 [queued]>
[2024-04-02 23:21:08,555] {taskinstance.py:1159} INFO - Dependencies all met for <TaskInstance: get_crypto_dag.AVAX scheduled__2024-04-01T00:00:00+00:00 [queued]>
[2024-04-02 23:21:08,556] {taskinstance.py:1356} INFO - 
--------------------------------------------------------------------------------
[2024-04-02 23:21:08,556] {taskinstance.py:1357} INFO - Starting attempt 1 of 1
[2024-04-02 23:21:08,556] {taskinstance.py:1358} INFO - 
--------------------------------------------------------------------------------
[2024-04-02 23:21:08,596] {taskinstance.py:1377} INFO - Executing <Task(_PythonDecoratedOperator): AVAX> on 2024-04-01 00:00:00+00:00
[2024-04-02 23:21:08,607] {standard_task_runner.py:52} INFO - Started process 87502 to run task
[2024-04-02 23:21:08,617] {standard_task_runner.py:79} INFO - Running: ['airflow', 'tasks', 'run', 'get_crypto_dag', 'AVAX', 'scheduled__2024-04-01T00:00:00+00:00', '--job-id', '1212', '--raw', '--subdir', 'DAGS_FOLDER/get_crypto.py', '--cfg-path', '/tmp/tmp26v86xo_', '--error-file', '/tmp/tmpl_xydxb4']
[2024-04-02 23:21:08,620] {standard_task_runner.py:80} INFO - Job 1212: Subtask AVAX
[2024-04-02 23:21:08,764] {task_command.py:370} INFO - Running <TaskInstance: get_crypto_dag.AVAX scheduled__2024-04-01T00:00:00+00:00 [running]> on host alexmend-virtual-machine
[2024-04-02 23:21:08,944] {taskinstance.py:1569} INFO - Exporting the following env vars:
AIRFLOW_CTX_DAG_OWNER=airflow
AIRFLOW_CTX_DAG_ID=get_crypto_dag
AIRFLOW_CTX_TASK_ID=AVAX
AIRFLOW_CTX_EXECUTION_DATE=2024-04-01T00:00:00+00:00
AIRFLOW_CTX_TRY_NUMBER=1
AIRFLOW_CTX_DAG_RUN_ID=scheduled__2024-04-01T00:00:00+00:00
[2024-04-02 23:21:12,553] {history.py:90} ERROR - AVAX: No timezone found, symbol may be delisted
[2024-04-02 23:21:22,571] {python.py:173} INFO - Done. Returned value was: None
[2024-04-02 23:21:22,639] {taskinstance.py:1395} INFO - Marking task as SUCCESS. dag_id=get_crypto_dag, task_id=AVAX, execution_date=20240401T000000, start_date=20240403T022108, end_date=20240403T022122
[2024-04-02 23:21:22,740] {local_task_job.py:156} INFO - Task exited with return code 0
[2024-04-02 23:21:22,842] {local_task_job.py:273} INFO - 0 downstream tasks scheduled from follow-on schedule check
