[2024-04-02 13:00:51,786] {taskinstance.py:1159} INFO - Dependencies all met for <TaskInstance: get_stocks_dag.MSFT scheduled__2024-01-20T00:00:00+00:00 [queued]>
[2024-04-02 13:00:51,795] {taskinstance.py:1159} INFO - Dependencies all met for <TaskInstance: get_stocks_dag.MSFT scheduled__2024-01-20T00:00:00+00:00 [queued]>
[2024-04-02 13:00:51,796] {taskinstance.py:1356} INFO - 
--------------------------------------------------------------------------------
[2024-04-02 13:00:51,796] {taskinstance.py:1357} INFO - Starting attempt 1 of 1
[2024-04-02 13:00:51,796] {taskinstance.py:1358} INFO - 
--------------------------------------------------------------------------------
[2024-04-02 13:00:51,818] {taskinstance.py:1377} INFO - Executing <Task(_PythonDecoratedOperator): MSFT> on 2024-01-20 00:00:00+00:00
[2024-04-02 13:00:51,824] {standard_task_runner.py:52} INFO - Started process 9175 to run task
[2024-04-02 13:00:51,829] {standard_task_runner.py:79} INFO - Running: ['airflow', 'tasks', 'run', 'get_stocks_dag', 'MSFT', 'scheduled__2024-01-20T00:00:00+00:00', '--job-id', '64', '--raw', '--subdir', 'DAGS_FOLDER/get_stocks.py', '--cfg-path', '/tmp/tmp3otx978s', '--error-file', '/tmp/tmp9od3swgq']
[2024-04-02 13:00:51,830] {standard_task_runner.py:80} INFO - Job 64: Subtask MSFT
[2024-04-02 13:00:51,890] {task_command.py:370} INFO - Running <TaskInstance: get_stocks_dag.MSFT scheduled__2024-01-20T00:00:00+00:00 [running]> on host alexmend-virtual-machine
[2024-04-02 13:00:51,975] {taskinstance.py:1569} INFO - Exporting the following env vars:
AIRFLOW_CTX_DAG_OWNER=airflow
AIRFLOW_CTX_DAG_ID=get_stocks_dag
AIRFLOW_CTX_TASK_ID=MSFT
AIRFLOW_CTX_EXECUTION_DATE=2024-01-20T00:00:00+00:00
AIRFLOW_CTX_TRY_NUMBER=1
AIRFLOW_CTX_DAG_RUN_ID=scheduled__2024-01-20T00:00:00+00:00
[2024-04-02 13:00:52,563] {python.py:173} INFO - Done. Returned value was: None
[2024-04-02 13:00:52,574] {taskinstance.py:1395} INFO - Marking task as SUCCESS. dag_id=get_stocks_dag, task_id=MSFT, execution_date=20240120T000000, start_date=20240402T160051, end_date=20240402T160052
[2024-04-02 13:00:52,620] {local_task_job.py:156} INFO - Task exited with return code 0
[2024-04-02 13:00:52,647] {local_task_job.py:273} INFO - 0 downstream tasks scheduled from follow-on schedule check
[2024-04-02 17:17:36,887] {taskinstance.py:1159} INFO - Dependencies all met for <TaskInstance: get_stocks_dag.MSFT scheduled__2024-01-20T00:00:00+00:00 [queued]>
[2024-04-02 17:17:36,936] {taskinstance.py:1159} INFO - Dependencies all met for <TaskInstance: get_stocks_dag.MSFT scheduled__2024-01-20T00:00:00+00:00 [queued]>
[2024-04-02 17:17:36,936] {taskinstance.py:1356} INFO - 
--------------------------------------------------------------------------------
[2024-04-02 17:17:36,936] {taskinstance.py:1357} INFO - Starting attempt 1 of 1
[2024-04-02 17:17:36,938] {taskinstance.py:1358} INFO - 
--------------------------------------------------------------------------------
[2024-04-02 17:17:36,982] {taskinstance.py:1377} INFO - Executing <Task(_PythonDecoratedOperator): MSFT> on 2024-01-20 00:00:00+00:00
[2024-04-02 17:17:36,992] {standard_task_runner.py:52} INFO - Started process 4901 to run task
[2024-04-02 17:17:37,367] {standard_task_runner.py:79} INFO - Running: ['airflow', 'tasks', 'run', 'get_stocks_dag', 'MSFT', 'scheduled__2024-01-20T00:00:00+00:00', '--job-id', '47', '--raw', '--subdir', 'DAGS_FOLDER/get_stocks.py', '--cfg-path', '/tmp/tmpjt9x11s4', '--error-file', '/tmp/tmpro6kgn10']
[2024-04-02 17:17:37,426] {standard_task_runner.py:80} INFO - Job 47: Subtask MSFT
[2024-04-02 17:17:38,225] {task_command.py:370} INFO - Running <TaskInstance: get_stocks_dag.MSFT scheduled__2024-01-20T00:00:00+00:00 [running]> on host alexmend-virtual-machine
[2024-04-02 17:17:39,413] {taskinstance.py:1569} INFO - Exporting the following env vars:
AIRFLOW_CTX_DAG_OWNER=airflow
AIRFLOW_CTX_DAG_ID=get_stocks_dag
AIRFLOW_CTX_TASK_ID=MSFT
AIRFLOW_CTX_EXECUTION_DATE=2024-01-20T00:00:00+00:00
AIRFLOW_CTX_TRY_NUMBER=1
AIRFLOW_CTX_DAG_RUN_ID=scheduled__2024-01-20T00:00:00+00:00
[2024-04-02 17:17:41,637] {python.py:173} INFO - Done. Returned value was: None
[2024-04-02 17:17:42,034] {taskinstance.py:1395} INFO - Marking task as SUCCESS. dag_id=get_stocks_dag, task_id=MSFT, execution_date=20240120T000000, start_date=20240402T201736, end_date=20240402T201742
[2024-04-02 17:17:42,574] {local_task_job.py:156} INFO - Task exited with return code 0
[2024-04-02 17:17:42,786] {local_task_job.py:273} INFO - 0 downstream tasks scheduled from follow-on schedule check
[2024-04-02 17:43:11,675] {taskinstance.py:1159} INFO - Dependencies all met for <TaskInstance: get_stocks_dag.MSFT scheduled__2024-01-20T00:00:00+00:00 [queued]>
[2024-04-02 17:43:11,693] {taskinstance.py:1159} INFO - Dependencies all met for <TaskInstance: get_stocks_dag.MSFT scheduled__2024-01-20T00:00:00+00:00 [queued]>
[2024-04-02 17:43:11,693] {taskinstance.py:1356} INFO - 
--------------------------------------------------------------------------------
[2024-04-02 17:43:11,694] {taskinstance.py:1357} INFO - Starting attempt 1 of 1
[2024-04-02 17:43:11,694] {taskinstance.py:1358} INFO - 
--------------------------------------------------------------------------------
[2024-04-02 17:43:11,745] {taskinstance.py:1377} INFO - Executing <Task(_PythonDecoratedOperator): MSFT> on 2024-01-20 00:00:00+00:00
[2024-04-02 17:43:11,752] {standard_task_runner.py:52} INFO - Started process 19572 to run task
[2024-04-02 17:43:11,775] {standard_task_runner.py:79} INFO - Running: ['airflow', 'tasks', 'run', 'get_stocks_dag', 'MSFT', 'scheduled__2024-01-20T00:00:00+00:00', '--job-id', '309', '--raw', '--subdir', 'DAGS_FOLDER/get_stocks.py', '--cfg-path', '/tmp/tmpr9gooes8', '--error-file', '/tmp/tmpl77qsybk']
[2024-04-02 17:43:11,777] {standard_task_runner.py:80} INFO - Job 309: Subtask MSFT
[2024-04-02 17:43:11,904] {task_command.py:370} INFO - Running <TaskInstance: get_stocks_dag.MSFT scheduled__2024-01-20T00:00:00+00:00 [running]> on host alexmend-virtual-machine
[2024-04-02 17:43:12,038] {taskinstance.py:1569} INFO - Exporting the following env vars:
AIRFLOW_CTX_DAG_OWNER=airflow
AIRFLOW_CTX_DAG_ID=get_stocks_dag
AIRFLOW_CTX_TASK_ID=MSFT
AIRFLOW_CTX_EXECUTION_DATE=2024-01-20T00:00:00+00:00
AIRFLOW_CTX_TRY_NUMBER=1
AIRFLOW_CTX_DAG_RUN_ID=scheduled__2024-01-20T00:00:00+00:00
[2024-04-02 17:43:12,735] {python.py:173} INFO - Done. Returned value was: None
[2024-04-02 17:43:12,762] {taskinstance.py:1395} INFO - Marking task as SUCCESS. dag_id=get_stocks_dag, task_id=MSFT, execution_date=20240120T000000, start_date=20240402T204311, end_date=20240402T204312
[2024-04-02 17:43:12,787] {local_task_job.py:156} INFO - Task exited with return code 0
[2024-04-02 17:43:12,837] {local_task_job.py:273} INFO - 0 downstream tasks scheduled from follow-on schedule check
