[2024-04-02 21:58:56,882] {taskinstance.py:1159} INFO - Dependencies all met for <TaskInstance: get_crypto_dag.ETH scheduled__2024-03-21T00:00:00+00:00 [queued]>
[2024-04-02 21:58:56,894] {taskinstance.py:1159} INFO - Dependencies all met for <TaskInstance: get_crypto_dag.ETH scheduled__2024-03-21T00:00:00+00:00 [queued]>
[2024-04-02 21:58:56,894] {taskinstance.py:1356} INFO - 
--------------------------------------------------------------------------------
[2024-04-02 21:58:56,894] {taskinstance.py:1357} INFO - Starting attempt 1 of 1
[2024-04-02 21:58:56,894] {taskinstance.py:1358} INFO - 
--------------------------------------------------------------------------------
[2024-04-02 21:58:56,918] {taskinstance.py:1377} INFO - Executing <Task(_PythonDecoratedOperator): ETH> on 2024-03-21 00:00:00+00:00
[2024-04-02 21:58:56,927] {standard_task_runner.py:52} INFO - Started process 57125 to run task
[2024-04-02 21:58:56,935] {standard_task_runner.py:79} INFO - Running: ['airflow', 'tasks', 'run', 'get_crypto_dag', 'ETH', 'scheduled__2024-03-21T00:00:00+00:00', '--job-id', '917', '--raw', '--subdir', 'DAGS_FOLDER/get_crypto.py', '--cfg-path', '/tmp/tmpprkja7_e', '--error-file', '/tmp/tmpft_fj9km']
[2024-04-02 21:58:56,936] {standard_task_runner.py:80} INFO - Job 917: Subtask ETH
[2024-04-02 21:58:57,054] {task_command.py:370} INFO - Running <TaskInstance: get_crypto_dag.ETH scheduled__2024-03-21T00:00:00+00:00 [running]> on host alexmend-virtual-machine
[2024-04-02 21:58:57,230] {taskinstance.py:1569} INFO - Exporting the following env vars:
AIRFLOW_CTX_DAG_OWNER=airflow
AIRFLOW_CTX_DAG_ID=get_crypto_dag
AIRFLOW_CTX_TASK_ID=ETH
AIRFLOW_CTX_EXECUTION_DATE=2024-03-21T00:00:00+00:00
AIRFLOW_CTX_TRY_NUMBER=1
AIRFLOW_CTX_DAG_RUN_ID=scheduled__2024-03-21T00:00:00+00:00
[2024-04-02 21:59:00,959] {history.py:90} ERROR - ETH: No timezone found, symbol may be delisted
[2024-04-02 21:59:10,982] {python.py:173} INFO - Done. Returned value was: None
[2024-04-02 21:59:11,033] {taskinstance.py:1395} INFO - Marking task as SUCCESS. dag_id=get_crypto_dag, task_id=ETH, execution_date=20240321T000000, start_date=20240403T005856, end_date=20240403T005911
[2024-04-02 21:59:11,101] {local_task_job.py:156} INFO - Task exited with return code 0
[2024-04-02 21:59:11,168] {local_task_job.py:273} INFO - 0 downstream tasks scheduled from follow-on schedule check
[2024-04-02 23:09:53,827] {taskinstance.py:1159} INFO - Dependencies all met for <TaskInstance: get_crypto_dag.ETH scheduled__2024-03-21T00:00:00+00:00 [queued]>
[2024-04-02 23:09:53,878] {taskinstance.py:1159} INFO - Dependencies all met for <TaskInstance: get_crypto_dag.ETH scheduled__2024-03-21T00:00:00+00:00 [queued]>
[2024-04-02 23:09:53,879] {taskinstance.py:1356} INFO - 
--------------------------------------------------------------------------------
[2024-04-02 23:09:53,879] {taskinstance.py:1357} INFO - Starting attempt 1 of 1
[2024-04-02 23:09:53,879] {taskinstance.py:1358} INFO - 
--------------------------------------------------------------------------------
[2024-04-02 23:09:53,926] {taskinstance.py:1377} INFO - Executing <Task(_PythonDecoratedOperator): ETH> on 2024-03-21 00:00:00+00:00
[2024-04-02 23:09:53,940] {standard_task_runner.py:52} INFO - Started process 81354 to run task
[2024-04-02 23:09:53,963] {standard_task_runner.py:79} INFO - Running: ['airflow', 'tasks', 'run', 'get_crypto_dag', 'ETH', 'scheduled__2024-03-21T00:00:00+00:00', '--job-id', '1134', '--raw', '--subdir', 'DAGS_FOLDER/get_crypto.py', '--cfg-path', '/tmp/tmp7gwq43t2', '--error-file', '/tmp/tmp9699yyd5']
[2024-04-02 23:09:53,966] {standard_task_runner.py:80} INFO - Job 1134: Subtask ETH
[2024-04-02 23:09:54,196] {task_command.py:370} INFO - Running <TaskInstance: get_crypto_dag.ETH scheduled__2024-03-21T00:00:00+00:00 [running]> on host alexmend-virtual-machine
[2024-04-02 23:09:54,488] {taskinstance.py:1569} INFO - Exporting the following env vars:
AIRFLOW_CTX_DAG_OWNER=airflow
AIRFLOW_CTX_DAG_ID=get_crypto_dag
AIRFLOW_CTX_TASK_ID=ETH
AIRFLOW_CTX_EXECUTION_DATE=2024-03-21T00:00:00+00:00
AIRFLOW_CTX_TRY_NUMBER=1
AIRFLOW_CTX_DAG_RUN_ID=scheduled__2024-03-21T00:00:00+00:00
[2024-04-02 23:09:58,627] {history.py:90} ERROR - ETH: No timezone found, symbol may be delisted
[2024-04-02 23:10:08,655] {python.py:173} INFO - Done. Returned value was: None
[2024-04-02 23:10:08,692] {taskinstance.py:1395} INFO - Marking task as SUCCESS. dag_id=get_crypto_dag, task_id=ETH, execution_date=20240321T000000, start_date=20240403T020953, end_date=20240403T021008
[2024-04-02 23:10:08,760] {local_task_job.py:156} INFO - Task exited with return code 0
[2024-04-02 23:10:08,845] {local_task_job.py:273} INFO - 0 downstream tasks scheduled from follow-on schedule check
