[2024-04-02 13:03:11,504] {taskinstance.py:1159} INFO - Dependencies all met for <TaskInstance: get_stocks_dag.GOOG scheduled__2024-02-01T00:00:00+00:00 [queued]>
[2024-04-02 13:03:11,512] {taskinstance.py:1159} INFO - Dependencies all met for <TaskInstance: get_stocks_dag.GOOG scheduled__2024-02-01T00:00:00+00:00 [queued]>
[2024-04-02 13:03:11,512] {taskinstance.py:1356} INFO - 
--------------------------------------------------------------------------------
[2024-04-02 13:03:11,513] {taskinstance.py:1357} INFO - Starting attempt 1 of 1
[2024-04-02 13:03:11,513] {taskinstance.py:1358} INFO - 
--------------------------------------------------------------------------------
[2024-04-02 13:03:11,540] {taskinstance.py:1377} INFO - Executing <Task(_PythonDecoratedOperator): GOOG> on 2024-02-01 00:00:00+00:00
[2024-04-02 13:03:11,546] {standard_task_runner.py:52} INFO - Started process 9949 to run task
[2024-04-02 13:03:11,552] {standard_task_runner.py:79} INFO - Running: ['airflow', 'tasks', 'run', 'get_stocks_dag', 'GOOG', 'scheduled__2024-02-01T00:00:00+00:00', '--job-id', '97', '--raw', '--subdir', 'DAGS_FOLDER/get_stocks.py', '--cfg-path', '/tmp/tmp50ctkb6l', '--error-file', '/tmp/tmp6mvtwt9q']
[2024-04-02 13:03:11,554] {standard_task_runner.py:80} INFO - Job 97: Subtask GOOG
[2024-04-02 13:03:11,634] {task_command.py:370} INFO - Running <TaskInstance: get_stocks_dag.GOOG scheduled__2024-02-01T00:00:00+00:00 [running]> on host alexmend-virtual-machine
[2024-04-02 13:03:11,707] {taskinstance.py:1569} INFO - Exporting the following env vars:
AIRFLOW_CTX_DAG_OWNER=airflow
AIRFLOW_CTX_DAG_ID=get_stocks_dag
AIRFLOW_CTX_TASK_ID=GOOG
AIRFLOW_CTX_EXECUTION_DATE=2024-02-01T00:00:00+00:00
AIRFLOW_CTX_TRY_NUMBER=1
AIRFLOW_CTX_DAG_RUN_ID=scheduled__2024-02-01T00:00:00+00:00
[2024-04-02 13:03:12,406] {python.py:173} INFO - Done. Returned value was: None
[2024-04-02 13:03:12,418] {taskinstance.py:1395} INFO - Marking task as SUCCESS. dag_id=get_stocks_dag, task_id=GOOG, execution_date=20240201T000000, start_date=20240402T160311, end_date=20240402T160312
[2024-04-02 13:03:12,449] {local_task_job.py:156} INFO - Task exited with return code 0
[2024-04-02 13:03:12,477] {local_task_job.py:273} INFO - 0 downstream tasks scheduled from follow-on schedule check
[2024-04-02 17:18:12,684] {taskinstance.py:1159} INFO - Dependencies all met for <TaskInstance: get_stocks_dag.GOOG scheduled__2024-02-01T00:00:00+00:00 [queued]>
[2024-04-02 17:18:12,924] {taskinstance.py:1159} INFO - Dependencies all met for <TaskInstance: get_stocks_dag.GOOG scheduled__2024-02-01T00:00:00+00:00 [queued]>
[2024-04-02 17:18:12,963] {taskinstance.py:1356} INFO - 
--------------------------------------------------------------------------------
[2024-04-02 17:18:12,967] {taskinstance.py:1357} INFO - Starting attempt 1 of 1
[2024-04-02 17:18:12,968] {taskinstance.py:1358} INFO - 
--------------------------------------------------------------------------------
[2024-04-02 17:18:13,140] {taskinstance.py:1377} INFO - Executing <Task(_PythonDecoratedOperator): GOOG> on 2024-02-01 00:00:00+00:00
[2024-04-02 17:18:13,192] {standard_task_runner.py:52} INFO - Started process 5937 to run task
[2024-04-02 17:18:13,223] {standard_task_runner.py:79} INFO - Running: ['airflow', 'tasks', 'run', 'get_stocks_dag', 'GOOG', 'scheduled__2024-02-01T00:00:00+00:00', '--job-id', '85', '--raw', '--subdir', 'DAGS_FOLDER/get_stocks.py', '--cfg-path', '/tmp/tmpd7awc3q9', '--error-file', '/tmp/tmpacf6fu3s']
[2024-04-02 17:18:13,246] {standard_task_runner.py:80} INFO - Job 85: Subtask GOOG
[2024-04-02 17:18:13,898] {task_command.py:370} INFO - Running <TaskInstance: get_stocks_dag.GOOG scheduled__2024-02-01T00:00:00+00:00 [running]> on host alexmend-virtual-machine
[2024-04-02 17:18:14,730] {taskinstance.py:1569} INFO - Exporting the following env vars:
AIRFLOW_CTX_DAG_OWNER=airflow
AIRFLOW_CTX_DAG_ID=get_stocks_dag
AIRFLOW_CTX_TASK_ID=GOOG
AIRFLOW_CTX_EXECUTION_DATE=2024-02-01T00:00:00+00:00
AIRFLOW_CTX_TRY_NUMBER=1
AIRFLOW_CTX_DAG_RUN_ID=scheduled__2024-02-01T00:00:00+00:00
[2024-04-02 17:18:16,417] {python.py:173} INFO - Done. Returned value was: None
[2024-04-02 17:18:17,274] {taskinstance.py:1395} INFO - Marking task as SUCCESS. dag_id=get_stocks_dag, task_id=GOOG, execution_date=20240201T000000, start_date=20240402T201812, end_date=20240402T201817
[2024-04-02 17:18:17,502] {local_task_job.py:156} INFO - Task exited with return code 0
[2024-04-02 17:18:17,875] {local_task_job.py:273} INFO - 0 downstream tasks scheduled from follow-on schedule check
[2024-04-02 17:43:59,120] {taskinstance.py:1159} INFO - Dependencies all met for <TaskInstance: get_stocks_dag.GOOG scheduled__2024-02-01T00:00:00+00:00 [queued]>
[2024-04-02 17:43:59,141] {taskinstance.py:1159} INFO - Dependencies all met for <TaskInstance: get_stocks_dag.GOOG scheduled__2024-02-01T00:00:00+00:00 [queued]>
[2024-04-02 17:43:59,141] {taskinstance.py:1356} INFO - 
--------------------------------------------------------------------------------
[2024-04-02 17:43:59,141] {taskinstance.py:1357} INFO - Starting attempt 1 of 1
[2024-04-02 17:43:59,141] {taskinstance.py:1358} INFO - 
--------------------------------------------------------------------------------
[2024-04-02 17:43:59,171] {taskinstance.py:1377} INFO - Executing <Task(_PythonDecoratedOperator): GOOG> on 2024-02-01 00:00:00+00:00
[2024-04-02 17:43:59,178] {standard_task_runner.py:52} INFO - Started process 20450 to run task
[2024-04-02 17:43:59,187] {standard_task_runner.py:79} INFO - Running: ['airflow', 'tasks', 'run', 'get_stocks_dag', 'GOOG', 'scheduled__2024-02-01T00:00:00+00:00', '--job-id', '342', '--raw', '--subdir', 'DAGS_FOLDER/get_stocks.py', '--cfg-path', '/tmp/tmpjrc6c3go', '--error-file', '/tmp/tmphzyumw9w']
[2024-04-02 17:43:59,189] {standard_task_runner.py:80} INFO - Job 342: Subtask GOOG
[2024-04-02 17:43:59,331] {task_command.py:370} INFO - Running <TaskInstance: get_stocks_dag.GOOG scheduled__2024-02-01T00:00:00+00:00 [running]> on host alexmend-virtual-machine
[2024-04-02 17:43:59,491] {taskinstance.py:1569} INFO - Exporting the following env vars:
AIRFLOW_CTX_DAG_OWNER=airflow
AIRFLOW_CTX_DAG_ID=get_stocks_dag
AIRFLOW_CTX_TASK_ID=GOOG
AIRFLOW_CTX_EXECUTION_DATE=2024-02-01T00:00:00+00:00
AIRFLOW_CTX_TRY_NUMBER=1
AIRFLOW_CTX_DAG_RUN_ID=scheduled__2024-02-01T00:00:00+00:00
[2024-04-02 17:44:00,230] {python.py:173} INFO - Done. Returned value was: None
[2024-04-02 17:44:00,252] {taskinstance.py:1395} INFO - Marking task as SUCCESS. dag_id=get_stocks_dag, task_id=GOOG, execution_date=20240201T000000, start_date=20240402T204359, end_date=20240402T204400
[2024-04-02 17:44:00,286] {local_task_job.py:156} INFO - Task exited with return code 0
[2024-04-02 17:44:00,342] {local_task_job.py:273} INFO - 0 downstream tasks scheduled from follow-on schedule check
