[2024-04-02 13:11:22,933] {taskinstance.py:1159} INFO - Dependencies all met for <TaskInstance: get_stocks_dag.TSLA scheduled__2024-03-14T00:00:00+00:00 [queued]>
[2024-04-02 13:11:22,941] {taskinstance.py:1159} INFO - Dependencies all met for <TaskInstance: get_stocks_dag.TSLA scheduled__2024-03-14T00:00:00+00:00 [queued]>
[2024-04-02 13:11:22,941] {taskinstance.py:1356} INFO - 
--------------------------------------------------------------------------------
[2024-04-02 13:11:22,942] {taskinstance.py:1357} INFO - Starting attempt 1 of 1
[2024-04-02 13:11:22,942] {taskinstance.py:1358} INFO - 
--------------------------------------------------------------------------------
[2024-04-02 13:11:22,961] {taskinstance.py:1377} INFO - Executing <Task(_PythonDecoratedOperator): TSLA> on 2024-03-14 00:00:00+00:00
[2024-04-02 13:11:22,969] {standard_task_runner.py:52} INFO - Started process 12873 to run task
[2024-04-02 13:11:22,973] {standard_task_runner.py:79} INFO - Running: ['airflow', 'tasks', 'run', 'get_stocks_dag', 'TSLA', 'scheduled__2024-03-14T00:00:00+00:00', '--job-id', '218', '--raw', '--subdir', 'DAGS_FOLDER/get_stocks.py', '--cfg-path', '/tmp/tmpty8xxo7x', '--error-file', '/tmp/tmpb4nwetw8']
[2024-04-02 13:11:22,974] {standard_task_runner.py:80} INFO - Job 218: Subtask TSLA
[2024-04-02 13:11:23,032] {task_command.py:370} INFO - Running <TaskInstance: get_stocks_dag.TSLA scheduled__2024-03-14T00:00:00+00:00 [running]> on host alexmend-virtual-machine
[2024-04-02 13:11:23,125] {taskinstance.py:1569} INFO - Exporting the following env vars:
AIRFLOW_CTX_DAG_OWNER=airflow
AIRFLOW_CTX_DAG_ID=get_stocks_dag
AIRFLOW_CTX_TASK_ID=TSLA
AIRFLOW_CTX_EXECUTION_DATE=2024-03-14T00:00:00+00:00
AIRFLOW_CTX_TRY_NUMBER=1
AIRFLOW_CTX_DAG_RUN_ID=scheduled__2024-03-14T00:00:00+00:00
[2024-04-02 13:11:23,914] {python.py:173} INFO - Done. Returned value was: None
[2024-04-02 13:11:23,927] {taskinstance.py:1395} INFO - Marking task as SUCCESS. dag_id=get_stocks_dag, task_id=TSLA, execution_date=20240314T000000, start_date=20240402T161122, end_date=20240402T161123
[2024-04-02 13:11:23,992] {local_task_job.py:156} INFO - Task exited with return code 0
[2024-04-02 13:11:24,012] {local_task_job.py:273} INFO - 0 downstream tasks scheduled from follow-on schedule check
[2024-04-02 17:19:44,606] {taskinstance.py:1159} INFO - Dependencies all met for <TaskInstance: get_stocks_dag.TSLA scheduled__2024-03-14T00:00:00+00:00 [queued]>
[2024-04-02 17:19:44,728] {taskinstance.py:1159} INFO - Dependencies all met for <TaskInstance: get_stocks_dag.TSLA scheduled__2024-03-14T00:00:00+00:00 [queued]>
[2024-04-02 17:19:44,729] {taskinstance.py:1356} INFO - 
--------------------------------------------------------------------------------
[2024-04-02 17:19:44,729] {taskinstance.py:1357} INFO - Starting attempt 1 of 1
[2024-04-02 17:19:44,729] {taskinstance.py:1358} INFO - 
--------------------------------------------------------------------------------
[2024-04-02 17:19:44,854] {taskinstance.py:1377} INFO - Executing <Task(_PythonDecoratedOperator): TSLA> on 2024-03-14 00:00:00+00:00
[2024-04-02 17:19:44,905] {standard_task_runner.py:52} INFO - Started process 8709 to run task
[2024-04-02 17:19:44,934] {standard_task_runner.py:79} INFO - Running: ['airflow', 'tasks', 'run', 'get_stocks_dag', 'TSLA', 'scheduled__2024-03-14T00:00:00+00:00', '--job-id', '200', '--raw', '--subdir', 'DAGS_FOLDER/get_stocks.py', '--cfg-path', '/tmp/tmpn7nl59kq', '--error-file', '/tmp/tmp7lpwhhbu']
[2024-04-02 17:19:44,938] {standard_task_runner.py:80} INFO - Job 200: Subtask TSLA
[2024-04-02 17:19:45,382] {task_command.py:370} INFO - Running <TaskInstance: get_stocks_dag.TSLA scheduled__2024-03-14T00:00:00+00:00 [running]> on host alexmend-virtual-machine
[2024-04-02 17:19:46,174] {taskinstance.py:1569} INFO - Exporting the following env vars:
AIRFLOW_CTX_DAG_OWNER=airflow
AIRFLOW_CTX_DAG_ID=get_stocks_dag
AIRFLOW_CTX_TASK_ID=TSLA
AIRFLOW_CTX_EXECUTION_DATE=2024-03-14T00:00:00+00:00
AIRFLOW_CTX_TRY_NUMBER=1
AIRFLOW_CTX_DAG_RUN_ID=scheduled__2024-03-14T00:00:00+00:00
[2024-04-02 17:19:47,696] {python.py:173} INFO - Done. Returned value was: None
[2024-04-02 17:19:47,889] {taskinstance.py:1395} INFO - Marking task as SUCCESS. dag_id=get_stocks_dag, task_id=TSLA, execution_date=20240314T000000, start_date=20240402T201944, end_date=20240402T201947
[2024-04-02 17:19:48,036] {local_task_job.py:156} INFO - Task exited with return code 0
[2024-04-02 17:19:48,302] {local_task_job.py:273} INFO - 0 downstream tasks scheduled from follow-on schedule check
[2024-04-02 17:46:49,898] {taskinstance.py:1159} INFO - Dependencies all met for <TaskInstance: get_stocks_dag.TSLA scheduled__2024-03-14T00:00:00+00:00 [queued]>
[2024-04-02 17:46:49,913] {taskinstance.py:1159} INFO - Dependencies all met for <TaskInstance: get_stocks_dag.TSLA scheduled__2024-03-14T00:00:00+00:00 [queued]>
[2024-04-02 17:46:49,914] {taskinstance.py:1356} INFO - 
--------------------------------------------------------------------------------
[2024-04-02 17:46:49,914] {taskinstance.py:1357} INFO - Starting attempt 1 of 1
[2024-04-02 17:46:49,914] {taskinstance.py:1358} INFO - 
--------------------------------------------------------------------------------
[2024-04-02 17:46:49,938] {taskinstance.py:1377} INFO - Executing <Task(_PythonDecoratedOperator): TSLA> on 2024-03-14 00:00:00+00:00
[2024-04-02 17:46:49,946] {standard_task_runner.py:52} INFO - Started process 23970 to run task
[2024-04-02 17:46:49,959] {standard_task_runner.py:79} INFO - Running: ['airflow', 'tasks', 'run', 'get_stocks_dag', 'TSLA', 'scheduled__2024-03-14T00:00:00+00:00', '--job-id', '463', '--raw', '--subdir', 'DAGS_FOLDER/get_stocks.py', '--cfg-path', '/tmp/tmpi21nxphr', '--error-file', '/tmp/tmpqeg7cfg9']
[2024-04-02 17:46:49,962] {standard_task_runner.py:80} INFO - Job 463: Subtask TSLA
[2024-04-02 17:46:50,113] {task_command.py:370} INFO - Running <TaskInstance: get_stocks_dag.TSLA scheduled__2024-03-14T00:00:00+00:00 [running]> on host alexmend-virtual-machine
[2024-04-02 17:46:50,335] {taskinstance.py:1569} INFO - Exporting the following env vars:
AIRFLOW_CTX_DAG_OWNER=airflow
AIRFLOW_CTX_DAG_ID=get_stocks_dag
AIRFLOW_CTX_TASK_ID=TSLA
AIRFLOW_CTX_EXECUTION_DATE=2024-03-14T00:00:00+00:00
AIRFLOW_CTX_TRY_NUMBER=1
AIRFLOW_CTX_DAG_RUN_ID=scheduled__2024-03-14T00:00:00+00:00
[2024-04-02 17:46:51,090] {python.py:173} INFO - Done. Returned value was: None
[2024-04-02 17:46:51,138] {taskinstance.py:1395} INFO - Marking task as SUCCESS. dag_id=get_stocks_dag, task_id=TSLA, execution_date=20240314T000000, start_date=20240402T204649, end_date=20240402T204651
[2024-04-02 17:46:51,184] {local_task_job.py:156} INFO - Task exited with return code 0
[2024-04-02 17:46:51,289] {local_task_job.py:273} INFO - 0 downstream tasks scheduled from follow-on schedule check
[2024-04-02 19:15:42,150] {taskinstance.py:1159} INFO - Dependencies all met for <TaskInstance: get_stocks_dag.TSLA scheduled__2024-03-14T00:00:00+00:00 [queued]>
[2024-04-02 19:15:42,173] {taskinstance.py:1159} INFO - Dependencies all met for <TaskInstance: get_stocks_dag.TSLA scheduled__2024-03-14T00:00:00+00:00 [queued]>
[2024-04-02 19:15:42,174] {taskinstance.py:1356} INFO - 
--------------------------------------------------------------------------------
[2024-04-02 19:15:42,174] {taskinstance.py:1357} INFO - Starting attempt 1 of 1
[2024-04-02 19:15:42,174] {taskinstance.py:1358} INFO - 
--------------------------------------------------------------------------------
[2024-04-02 19:15:42,209] {taskinstance.py:1377} INFO - Executing <Task(_PythonDecoratedOperator): TSLA> on 2024-03-14 00:00:00+00:00
[2024-04-02 19:15:42,244] {standard_task_runner.py:79} INFO - Running: ['airflow', 'tasks', 'run', 'get_stocks_dag', 'TSLA', 'scheduled__2024-03-14T00:00:00+00:00', '--job-id', '563', '--raw', '--subdir', 'DAGS_FOLDER/get_stocks.py', '--cfg-path', '/tmp/tmpsknzbidx', '--error-file', '/tmp/tmps774u0bc']
[2024-04-02 19:15:42,249] {standard_task_runner.py:80} INFO - Job 563: Subtask TSLA
[2024-04-02 19:15:42,227] {standard_task_runner.py:52} INFO - Started process 15074 to run task
[2024-04-02 19:15:42,464] {task_command.py:370} INFO - Running <TaskInstance: get_stocks_dag.TSLA scheduled__2024-03-14T00:00:00+00:00 [running]> on host alexmend-virtual-machine
[2024-04-02 19:15:42,623] {taskinstance.py:1569} INFO - Exporting the following env vars:
AIRFLOW_CTX_DAG_OWNER=airflow
AIRFLOW_CTX_DAG_ID=get_stocks_dag
AIRFLOW_CTX_TASK_ID=TSLA
AIRFLOW_CTX_EXECUTION_DATE=2024-03-14T00:00:00+00:00
AIRFLOW_CTX_TRY_NUMBER=1
AIRFLOW_CTX_DAG_RUN_ID=scheduled__2024-03-14T00:00:00+00:00
[2024-04-02 19:15:43,328] {python.py:173} INFO - Done. Returned value was: None
[2024-04-02 19:15:43,406] {taskinstance.py:1395} INFO - Marking task as SUCCESS. dag_id=get_stocks_dag, task_id=TSLA, execution_date=20240314T000000, start_date=20240402T221542, end_date=20240402T221543
[2024-04-02 19:15:43,482] {local_task_job.py:156} INFO - Task exited with return code 0
[2024-04-02 19:15:43,563] {local_task_job.py:273} INFO - 0 downstream tasks scheduled from follow-on schedule check
[2024-04-02 20:39:35,441] {taskinstance.py:1159} INFO - Dependencies all met for <TaskInstance: get_stocks_dag.TSLA scheduled__2024-03-14T00:00:00+00:00 [queued]>
[2024-04-02 20:39:35,463] {taskinstance.py:1159} INFO - Dependencies all met for <TaskInstance: get_stocks_dag.TSLA scheduled__2024-03-14T00:00:00+00:00 [queued]>
[2024-04-02 20:39:35,463] {taskinstance.py:1356} INFO - 
--------------------------------------------------------------------------------
[2024-04-02 20:39:35,463] {taskinstance.py:1357} INFO - Starting attempt 1 of 1
[2024-04-02 20:39:35,463] {taskinstance.py:1358} INFO - 
--------------------------------------------------------------------------------
[2024-04-02 20:39:35,496] {taskinstance.py:1377} INFO - Executing <Task(_PythonDecoratedOperator): TSLA> on 2024-03-14 00:00:00+00:00
[2024-04-02 20:39:35,504] {standard_task_runner.py:52} INFO - Started process 26472 to run task
[2024-04-02 20:39:35,510] {standard_task_runner.py:79} INFO - Running: ['airflow', 'tasks', 'run', 'get_stocks_dag', 'TSLA', 'scheduled__2024-03-14T00:00:00+00:00', '--job-id', '664', '--raw', '--subdir', 'DAGS_FOLDER/get_stocks.py', '--cfg-path', '/tmp/tmpsv3wz0qh', '--error-file', '/tmp/tmpdq44rf1f']
[2024-04-02 20:39:35,512] {standard_task_runner.py:80} INFO - Job 664: Subtask TSLA
[2024-04-02 20:39:35,672] {task_command.py:370} INFO - Running <TaskInstance: get_stocks_dag.TSLA scheduled__2024-03-14T00:00:00+00:00 [running]> on host alexmend-virtual-machine
[2024-04-02 20:39:35,823] {taskinstance.py:1569} INFO - Exporting the following env vars:
AIRFLOW_CTX_DAG_OWNER=airflow
AIRFLOW_CTX_DAG_ID=get_stocks_dag
AIRFLOW_CTX_TASK_ID=TSLA
AIRFLOW_CTX_EXECUTION_DATE=2024-03-14T00:00:00+00:00
AIRFLOW_CTX_TRY_NUMBER=1
AIRFLOW_CTX_DAG_RUN_ID=scheduled__2024-03-14T00:00:00+00:00
[2024-04-02 20:39:36,469] {python.py:173} INFO - Done. Returned value was: None
[2024-04-02 20:39:36,512] {taskinstance.py:1395} INFO - Marking task as SUCCESS. dag_id=get_stocks_dag, task_id=TSLA, execution_date=20240314T000000, start_date=20240402T233935, end_date=20240402T233936
[2024-04-02 20:39:36,602] {local_task_job.py:156} INFO - Task exited with return code 0
[2024-04-02 20:39:36,666] {local_task_job.py:273} INFO - 0 downstream tasks scheduled from follow-on schedule check
[2024-04-02 21:49:58,223] {taskinstance.py:1159} INFO - Dependencies all met for <TaskInstance: get_stocks_dag.TSLA scheduled__2024-03-14T00:00:00+00:00 [queued]>
[2024-04-02 21:49:58,270] {taskinstance.py:1159} INFO - Dependencies all met for <TaskInstance: get_stocks_dag.TSLA scheduled__2024-03-14T00:00:00+00:00 [queued]>
[2024-04-02 21:49:58,270] {taskinstance.py:1356} INFO - 
--------------------------------------------------------------------------------
[2024-04-02 21:49:58,271] {taskinstance.py:1357} INFO - Starting attempt 1 of 1
[2024-04-02 21:49:58,271] {taskinstance.py:1358} INFO - 
--------------------------------------------------------------------------------
[2024-04-02 21:49:58,333] {taskinstance.py:1377} INFO - Executing <Task(_PythonDecoratedOperator): TSLA> on 2024-03-14 00:00:00+00:00
[2024-04-02 21:49:58,348] {standard_task_runner.py:52} INFO - Started process 50767 to run task
[2024-04-02 21:49:58,378] {standard_task_runner.py:79} INFO - Running: ['airflow', 'tasks', 'run', 'get_stocks_dag', 'TSLA', 'scheduled__2024-03-14T00:00:00+00:00', '--job-id', '806', '--raw', '--subdir', 'DAGS_FOLDER/get_stocks.py', '--cfg-path', '/tmp/tmpd2__w5u6', '--error-file', '/tmp/tmpecsquing']
[2024-04-02 21:49:58,381] {standard_task_runner.py:80} INFO - Job 806: Subtask TSLA
[2024-04-02 21:49:58,667] {task_command.py:370} INFO - Running <TaskInstance: get_stocks_dag.TSLA scheduled__2024-03-14T00:00:00+00:00 [running]> on host alexmend-virtual-machine
[2024-04-02 21:49:59,051] {taskinstance.py:1569} INFO - Exporting the following env vars:
AIRFLOW_CTX_DAG_OWNER=airflow
AIRFLOW_CTX_DAG_ID=get_stocks_dag
AIRFLOW_CTX_TASK_ID=TSLA
AIRFLOW_CTX_EXECUTION_DATE=2024-03-14T00:00:00+00:00
AIRFLOW_CTX_TRY_NUMBER=1
AIRFLOW_CTX_DAG_RUN_ID=scheduled__2024-03-14T00:00:00+00:00
[2024-04-02 21:50:10,591] {python.py:173} INFO - Done. Returned value was: None
[2024-04-02 21:50:10,636] {taskinstance.py:1395} INFO - Marking task as SUCCESS. dag_id=get_stocks_dag, task_id=TSLA, execution_date=20240314T000000, start_date=20240403T004958, end_date=20240403T005010
[2024-04-02 21:50:10,722] {local_task_job.py:156} INFO - Task exited with return code 0
[2024-04-02 21:50:10,802] {local_task_job.py:273} INFO - 0 downstream tasks scheduled from follow-on schedule check
[2024-04-02 23:04:04,145] {taskinstance.py:1159} INFO - Dependencies all met for <TaskInstance: get_stocks_dag.TSLA scheduled__2024-03-14T00:00:00+00:00 [queued]>
[2024-04-02 23:04:04,173] {taskinstance.py:1159} INFO - Dependencies all met for <TaskInstance: get_stocks_dag.TSLA scheduled__2024-03-14T00:00:00+00:00 [queued]>
[2024-04-02 23:04:04,174] {taskinstance.py:1356} INFO - 
--------------------------------------------------------------------------------
[2024-04-02 23:04:04,174] {taskinstance.py:1357} INFO - Starting attempt 1 of 1
[2024-04-02 23:04:04,174] {taskinstance.py:1358} INFO - 
--------------------------------------------------------------------------------
[2024-04-02 23:04:04,198] {taskinstance.py:1377} INFO - Executing <Task(_PythonDecoratedOperator): TSLA> on 2024-03-14 00:00:00+00:00
[2024-04-02 23:04:04,209] {standard_task_runner.py:52} INFO - Started process 78017 to run task
[2024-04-02 23:04:04,231] {standard_task_runner.py:79} INFO - Running: ['airflow', 'tasks', 'run', 'get_stocks_dag', 'TSLA', 'scheduled__2024-03-14T00:00:00+00:00', '--job-id', '1089', '--raw', '--subdir', 'DAGS_FOLDER/get_stocks.py', '--cfg-path', '/tmp/tmpvtedis4p', '--error-file', '/tmp/tmpieigs8_u']
[2024-04-02 23:04:04,233] {standard_task_runner.py:80} INFO - Job 1089: Subtask TSLA
[2024-04-02 23:04:04,412] {task_command.py:370} INFO - Running <TaskInstance: get_stocks_dag.TSLA scheduled__2024-03-14T00:00:00+00:00 [running]> on host alexmend-virtual-machine
[2024-04-02 23:04:04,588] {taskinstance.py:1569} INFO - Exporting the following env vars:
AIRFLOW_CTX_DAG_OWNER=airflow
AIRFLOW_CTX_DAG_ID=get_stocks_dag
AIRFLOW_CTX_TASK_ID=TSLA
AIRFLOW_CTX_EXECUTION_DATE=2024-03-14T00:00:00+00:00
AIRFLOW_CTX_TRY_NUMBER=1
AIRFLOW_CTX_DAG_RUN_ID=scheduled__2024-03-14T00:00:00+00:00
[2024-04-02 23:04:15,309] {python.py:173} INFO - Done. Returned value was: None
[2024-04-02 23:04:15,359] {taskinstance.py:1395} INFO - Marking task as SUCCESS. dag_id=get_stocks_dag, task_id=TSLA, execution_date=20240314T000000, start_date=20240403T020404, end_date=20240403T020415
[2024-04-02 23:04:15,440] {local_task_job.py:156} INFO - Task exited with return code 0
[2024-04-02 23:04:15,508] {local_task_job.py:273} INFO - 0 downstream tasks scheduled from follow-on schedule check
