[2024-04-02 13:14:03,975] {taskinstance.py:1159} INFO - Dependencies all met for <TaskInstance: get_stocks_dag.AAPL scheduled__2024-03-29T00:00:00+00:00 [queued]>
[2024-04-02 13:14:03,987] {taskinstance.py:1159} INFO - Dependencies all met for <TaskInstance: get_stocks_dag.AAPL scheduled__2024-03-29T00:00:00+00:00 [queued]>
[2024-04-02 13:14:03,987] {taskinstance.py:1356} INFO - 
--------------------------------------------------------------------------------
[2024-04-02 13:14:03,987] {taskinstance.py:1357} INFO - Starting attempt 1 of 1
[2024-04-02 13:14:03,987] {taskinstance.py:1358} INFO - 
--------------------------------------------------------------------------------
[2024-04-02 13:14:04,013] {taskinstance.py:1377} INFO - Executing <Task(_PythonDecoratedOperator): AAPL> on 2024-03-29 00:00:00+00:00
[2024-04-02 13:14:04,019] {standard_task_runner.py:52} INFO - Started process 13828 to run task
[2024-04-02 13:14:04,025] {standard_task_runner.py:79} INFO - Running: ['airflow', 'tasks', 'run', 'get_stocks_dag', 'AAPL', 'scheduled__2024-03-29T00:00:00+00:00', '--job-id', '259', '--raw', '--subdir', 'DAGS_FOLDER/get_stocks.py', '--cfg-path', '/tmp/tmpeemv8i44', '--error-file', '/tmp/tmpebu_co4y']
[2024-04-02 13:14:04,026] {standard_task_runner.py:80} INFO - Job 259: Subtask AAPL
[2024-04-02 13:14:04,103] {task_command.py:370} INFO - Running <TaskInstance: get_stocks_dag.AAPL scheduled__2024-03-29T00:00:00+00:00 [running]> on host alexmend-virtual-machine
[2024-04-02 13:14:04,172] {taskinstance.py:1569} INFO - Exporting the following env vars:
AIRFLOW_CTX_DAG_OWNER=airflow
AIRFLOW_CTX_DAG_ID=get_stocks_dag
AIRFLOW_CTX_TASK_ID=AAPL
AIRFLOW_CTX_EXECUTION_DATE=2024-03-29T00:00:00+00:00
AIRFLOW_CTX_TRY_NUMBER=1
AIRFLOW_CTX_DAG_RUN_ID=scheduled__2024-03-29T00:00:00+00:00
[2024-04-02 13:14:05,260] {python.py:173} INFO - Done. Returned value was: None
[2024-04-02 13:14:05,271] {taskinstance.py:1395} INFO - Marking task as SUCCESS. dag_id=get_stocks_dag, task_id=AAPL, execution_date=20240329T000000, start_date=20240402T161403, end_date=20240402T161405
[2024-04-02 13:14:05,329] {local_task_job.py:156} INFO - Task exited with return code 0
[2024-04-02 13:14:05,350] {local_task_job.py:273} INFO - 0 downstream tasks scheduled from follow-on schedule check
[2024-04-02 17:20:23,124] {taskinstance.py:1159} INFO - Dependencies all met for <TaskInstance: get_stocks_dag.AAPL scheduled__2024-03-29T00:00:00+00:00 [queued]>
[2024-04-02 17:20:23,201] {taskinstance.py:1159} INFO - Dependencies all met for <TaskInstance: get_stocks_dag.AAPL scheduled__2024-03-29T00:00:00+00:00 [queued]>
[2024-04-02 17:20:23,208] {taskinstance.py:1356} INFO - 
--------------------------------------------------------------------------------
[2024-04-02 17:20:23,208] {taskinstance.py:1357} INFO - Starting attempt 1 of 1
[2024-04-02 17:20:23,208] {taskinstance.py:1358} INFO - 
--------------------------------------------------------------------------------
[2024-04-02 17:20:23,268] {taskinstance.py:1377} INFO - Executing <Task(_PythonDecoratedOperator): AAPL> on 2024-03-29 00:00:00+00:00
[2024-04-02 17:20:23,314] {standard_task_runner.py:52} INFO - Started process 9843 to run task
[2024-04-02 17:20:23,337] {standard_task_runner.py:79} INFO - Running: ['airflow', 'tasks', 'run', 'get_stocks_dag', 'AAPL', 'scheduled__2024-03-29T00:00:00+00:00', '--job-id', '245', '--raw', '--subdir', 'DAGS_FOLDER/get_stocks.py', '--cfg-path', '/tmp/tmpyycnwjii', '--error-file', '/tmp/tmp4lkn84rs']
[2024-04-02 17:20:23,372] {standard_task_runner.py:80} INFO - Job 245: Subtask AAPL
[2024-04-02 17:20:23,576] {task_command.py:370} INFO - Running <TaskInstance: get_stocks_dag.AAPL scheduled__2024-03-29T00:00:00+00:00 [running]> on host alexmend-virtual-machine
[2024-04-02 17:20:23,967] {taskinstance.py:1569} INFO - Exporting the following env vars:
AIRFLOW_CTX_DAG_OWNER=airflow
AIRFLOW_CTX_DAG_ID=get_stocks_dag
AIRFLOW_CTX_TASK_ID=AAPL
AIRFLOW_CTX_EXECUTION_DATE=2024-03-29T00:00:00+00:00
AIRFLOW_CTX_TRY_NUMBER=1
AIRFLOW_CTX_DAG_RUN_ID=scheduled__2024-03-29T00:00:00+00:00
[2024-04-02 17:20:24,781] {python.py:173} INFO - Done. Returned value was: None
[2024-04-02 17:20:24,803] {taskinstance.py:1395} INFO - Marking task as SUCCESS. dag_id=get_stocks_dag, task_id=AAPL, execution_date=20240329T000000, start_date=20240402T202023, end_date=20240402T202024
[2024-04-02 17:20:24,851] {local_task_job.py:156} INFO - Task exited with return code 0
[2024-04-02 17:20:24,929] {local_task_job.py:273} INFO - 0 downstream tasks scheduled from follow-on schedule check
[2024-04-02 17:48:14,350] {taskinstance.py:1159} INFO - Dependencies all met for <TaskInstance: get_stocks_dag.AAPL scheduled__2024-03-29T00:00:00+00:00 [queued]>
[2024-04-02 17:48:14,394] {taskinstance.py:1159} INFO - Dependencies all met for <TaskInstance: get_stocks_dag.AAPL scheduled__2024-03-29T00:00:00+00:00 [queued]>
[2024-04-02 17:48:14,395] {taskinstance.py:1356} INFO - 
--------------------------------------------------------------------------------
[2024-04-02 17:48:14,395] {taskinstance.py:1357} INFO - Starting attempt 1 of 1
[2024-04-02 17:48:14,395] {taskinstance.py:1358} INFO - 
--------------------------------------------------------------------------------
[2024-04-02 17:48:14,433] {taskinstance.py:1377} INFO - Executing <Task(_PythonDecoratedOperator): AAPL> on 2024-03-29 00:00:00+00:00
[2024-04-02 17:48:14,450] {standard_task_runner.py:52} INFO - Started process 25373 to run task
[2024-04-02 17:48:14,471] {standard_task_runner.py:79} INFO - Running: ['airflow', 'tasks', 'run', 'get_stocks_dag', 'AAPL', 'scheduled__2024-03-29T00:00:00+00:00', '--job-id', '503', '--raw', '--subdir', 'DAGS_FOLDER/get_stocks.py', '--cfg-path', '/tmp/tmpsa7kizk8', '--error-file', '/tmp/tmp78hzsutr']
[2024-04-02 17:48:14,474] {standard_task_runner.py:80} INFO - Job 503: Subtask AAPL
[2024-04-02 17:48:14,667] {task_command.py:370} INFO - Running <TaskInstance: get_stocks_dag.AAPL scheduled__2024-03-29T00:00:00+00:00 [running]> on host alexmend-virtual-machine
[2024-04-02 17:48:14,895] {taskinstance.py:1569} INFO - Exporting the following env vars:
AIRFLOW_CTX_DAG_OWNER=airflow
AIRFLOW_CTX_DAG_ID=get_stocks_dag
AIRFLOW_CTX_TASK_ID=AAPL
AIRFLOW_CTX_EXECUTION_DATE=2024-03-29T00:00:00+00:00
AIRFLOW_CTX_TRY_NUMBER=1
AIRFLOW_CTX_DAG_RUN_ID=scheduled__2024-03-29T00:00:00+00:00
[2024-04-02 17:48:15,876] {python.py:173} INFO - Done. Returned value was: None
[2024-04-02 17:48:15,911] {taskinstance.py:1395} INFO - Marking task as SUCCESS. dag_id=get_stocks_dag, task_id=AAPL, execution_date=20240329T000000, start_date=20240402T204814, end_date=20240402T204815
[2024-04-02 17:48:15,988] {local_task_job.py:156} INFO - Task exited with return code 0
[2024-04-02 17:48:16,079] {local_task_job.py:273} INFO - 0 downstream tasks scheduled from follow-on schedule check
[2024-04-02 19:16:49,416] {taskinstance.py:1159} INFO - Dependencies all met for <TaskInstance: get_stocks_dag.AAPL scheduled__2024-03-29T00:00:00+00:00 [queued]>
[2024-04-02 19:16:49,445] {taskinstance.py:1159} INFO - Dependencies all met for <TaskInstance: get_stocks_dag.AAPL scheduled__2024-03-29T00:00:00+00:00 [queued]>
[2024-04-02 19:16:49,446] {taskinstance.py:1356} INFO - 
--------------------------------------------------------------------------------
[2024-04-02 19:16:49,446] {taskinstance.py:1357} INFO - Starting attempt 1 of 1
[2024-04-02 19:16:49,446] {taskinstance.py:1358} INFO - 
--------------------------------------------------------------------------------
[2024-04-02 19:16:49,471] {taskinstance.py:1377} INFO - Executing <Task(_PythonDecoratedOperator): AAPL> on 2024-03-29 00:00:00+00:00
[2024-04-02 19:16:49,481] {standard_task_runner.py:52} INFO - Started process 16514 to run task
[2024-04-02 19:16:49,497] {standard_task_runner.py:79} INFO - Running: ['airflow', 'tasks', 'run', 'get_stocks_dag', 'AAPL', 'scheduled__2024-03-29T00:00:00+00:00', '--job-id', '605', '--raw', '--subdir', 'DAGS_FOLDER/get_stocks.py', '--cfg-path', '/tmp/tmpfhglnmdm', '--error-file', '/tmp/tmp0jw3hpss']
[2024-04-02 19:16:49,500] {standard_task_runner.py:80} INFO - Job 605: Subtask AAPL
[2024-04-02 19:16:49,663] {task_command.py:370} INFO - Running <TaskInstance: get_stocks_dag.AAPL scheduled__2024-03-29T00:00:00+00:00 [running]> on host alexmend-virtual-machine
[2024-04-02 19:16:49,880] {taskinstance.py:1569} INFO - Exporting the following env vars:
AIRFLOW_CTX_DAG_OWNER=airflow
AIRFLOW_CTX_DAG_ID=get_stocks_dag
AIRFLOW_CTX_TASK_ID=AAPL
AIRFLOW_CTX_EXECUTION_DATE=2024-03-29T00:00:00+00:00
AIRFLOW_CTX_TRY_NUMBER=1
AIRFLOW_CTX_DAG_RUN_ID=scheduled__2024-03-29T00:00:00+00:00
[2024-04-02 19:16:50,484] {python.py:173} INFO - Done. Returned value was: None
[2024-04-02 19:16:52,101] {taskinstance.py:1395} INFO - Marking task as SUCCESS. dag_id=get_stocks_dag, task_id=AAPL, execution_date=20240329T000000, start_date=20240402T221649, end_date=20240402T221652
[2024-04-02 19:16:52,183] {local_task_job.py:156} INFO - Task exited with return code 0
[2024-04-02 19:16:52,255] {local_task_job.py:273} INFO - 0 downstream tasks scheduled from follow-on schedule check
[2024-04-02 20:40:54,843] {taskinstance.py:1159} INFO - Dependencies all met for <TaskInstance: get_stocks_dag.AAPL scheduled__2024-03-29T00:00:00+00:00 [queued]>
[2024-04-02 20:40:54,865] {taskinstance.py:1159} INFO - Dependencies all met for <TaskInstance: get_stocks_dag.AAPL scheduled__2024-03-29T00:00:00+00:00 [queued]>
[2024-04-02 20:40:54,865] {taskinstance.py:1356} INFO - 
--------------------------------------------------------------------------------
[2024-04-02 20:40:54,865] {taskinstance.py:1357} INFO - Starting attempt 1 of 1
[2024-04-02 20:40:54,865] {taskinstance.py:1358} INFO - 
--------------------------------------------------------------------------------
[2024-04-02 20:40:54,895] {taskinstance.py:1377} INFO - Executing <Task(_PythonDecoratedOperator): AAPL> on 2024-03-29 00:00:00+00:00
[2024-04-02 20:40:54,905] {standard_task_runner.py:52} INFO - Started process 27960 to run task
[2024-04-02 20:40:54,913] {standard_task_runner.py:79} INFO - Running: ['airflow', 'tasks', 'run', 'get_stocks_dag', 'AAPL', 'scheduled__2024-03-29T00:00:00+00:00', '--job-id', '705', '--raw', '--subdir', 'DAGS_FOLDER/get_stocks.py', '--cfg-path', '/tmp/tmpfycafc92', '--error-file', '/tmp/tmp1stc36vg']
[2024-04-02 20:40:54,915] {standard_task_runner.py:80} INFO - Job 705: Subtask AAPL
[2024-04-02 20:40:55,086] {task_command.py:370} INFO - Running <TaskInstance: get_stocks_dag.AAPL scheduled__2024-03-29T00:00:00+00:00 [running]> on host alexmend-virtual-machine
[2024-04-02 20:40:55,320] {taskinstance.py:1569} INFO - Exporting the following env vars:
AIRFLOW_CTX_DAG_OWNER=airflow
AIRFLOW_CTX_DAG_ID=get_stocks_dag
AIRFLOW_CTX_TASK_ID=AAPL
AIRFLOW_CTX_EXECUTION_DATE=2024-03-29T00:00:00+00:00
AIRFLOW_CTX_TRY_NUMBER=1
AIRFLOW_CTX_DAG_RUN_ID=scheduled__2024-03-29T00:00:00+00:00
[2024-04-02 20:40:56,071] {python.py:173} INFO - Done. Returned value was: None
[2024-04-02 20:40:56,105] {taskinstance.py:1395} INFO - Marking task as SUCCESS. dag_id=get_stocks_dag, task_id=AAPL, execution_date=20240329T000000, start_date=20240402T234054, end_date=20240402T234056
[2024-04-02 20:40:56,185] {local_task_job.py:156} INFO - Task exited with return code 0
[2024-04-02 20:40:56,302] {local_task_job.py:273} INFO - 0 downstream tasks scheduled from follow-on schedule check
[2024-04-02 21:56:56,632] {taskinstance.py:1159} INFO - Dependencies all met for <TaskInstance: get_stocks_dag.AAPL scheduled__2024-03-29T00:00:00+00:00 [queued]>
[2024-04-02 21:56:56,711] {taskinstance.py:1159} INFO - Dependencies all met for <TaskInstance: get_stocks_dag.AAPL scheduled__2024-03-29T00:00:00+00:00 [queued]>
[2024-04-02 21:56:56,711] {taskinstance.py:1356} INFO - 
--------------------------------------------------------------------------------
[2024-04-02 21:56:56,713] {taskinstance.py:1357} INFO - Starting attempt 1 of 1
[2024-04-02 21:56:56,713] {taskinstance.py:1358} INFO - 
--------------------------------------------------------------------------------
[2024-04-02 21:56:56,756] {taskinstance.py:1377} INFO - Executing <Task(_PythonDecoratedOperator): AAPL> on 2024-03-29 00:00:00+00:00
[2024-04-02 21:56:56,772] {standard_task_runner.py:52} INFO - Started process 55550 to run task
[2024-04-02 21:56:56,802] {standard_task_runner.py:79} INFO - Running: ['airflow', 'tasks', 'run', 'get_stocks_dag', 'AAPL', 'scheduled__2024-03-29T00:00:00+00:00', '--job-id', '891', '--raw', '--subdir', 'DAGS_FOLDER/get_stocks.py', '--cfg-path', '/tmp/tmpqeh7wlj7', '--error-file', '/tmp/tmplwxr16ec']
[2024-04-02 21:56:56,807] {standard_task_runner.py:80} INFO - Job 891: Subtask AAPL
[2024-04-02 21:56:57,235] {task_command.py:370} INFO - Running <TaskInstance: get_stocks_dag.AAPL scheduled__2024-03-29T00:00:00+00:00 [running]> on host alexmend-virtual-machine
[2024-04-02 21:56:57,560] {taskinstance.py:1569} INFO - Exporting the following env vars:
AIRFLOW_CTX_DAG_OWNER=airflow
AIRFLOW_CTX_DAG_ID=get_stocks_dag
AIRFLOW_CTX_TASK_ID=AAPL
AIRFLOW_CTX_EXECUTION_DATE=2024-03-29T00:00:00+00:00
AIRFLOW_CTX_TRY_NUMBER=1
AIRFLOW_CTX_DAG_RUN_ID=scheduled__2024-03-29T00:00:00+00:00
[2024-04-02 21:57:08,306] {python.py:173} INFO - Done. Returned value was: None
[2024-04-02 21:57:08,350] {taskinstance.py:1395} INFO - Marking task as SUCCESS. dag_id=get_stocks_dag, task_id=AAPL, execution_date=20240329T000000, start_date=20240403T005656, end_date=20240403T005708
[2024-04-02 21:57:08,392] {local_task_job.py:156} INFO - Task exited with return code 0
[2024-04-02 21:57:08,532] {local_task_job.py:273} INFO - 0 downstream tasks scheduled from follow-on schedule check
[2024-04-02 23:18:50,960] {taskinstance.py:1159} INFO - Dependencies all met for <TaskInstance: get_stocks_dag.AAPL scheduled__2024-03-29T00:00:00+00:00 [queued]>
[2024-04-02 23:18:50,988] {taskinstance.py:1159} INFO - Dependencies all met for <TaskInstance: get_stocks_dag.AAPL scheduled__2024-03-29T00:00:00+00:00 [queued]>
[2024-04-02 23:18:50,991] {taskinstance.py:1356} INFO - 
--------------------------------------------------------------------------------
[2024-04-02 23:18:50,992] {taskinstance.py:1357} INFO - Starting attempt 1 of 1
[2024-04-02 23:18:50,992] {taskinstance.py:1358} INFO - 
--------------------------------------------------------------------------------
[2024-04-02 23:18:51,039] {taskinstance.py:1377} INFO - Executing <Task(_PythonDecoratedOperator): AAPL> on 2024-03-29 00:00:00+00:00
[2024-04-02 23:18:51,054] {standard_task_runner.py:52} INFO - Started process 86150 to run task
[2024-04-02 23:18:51,065] {standard_task_runner.py:79} INFO - Running: ['airflow', 'tasks', 'run', 'get_stocks_dag', 'AAPL', 'scheduled__2024-03-29T00:00:00+00:00', '--job-id', '1194', '--raw', '--subdir', 'DAGS_FOLDER/get_stocks.py', '--cfg-path', '/tmp/tmpb3qb5zz4', '--error-file', '/tmp/tmpt1fc6l2z']
[2024-04-02 23:18:51,080] {standard_task_runner.py:80} INFO - Job 1194: Subtask AAPL
[2024-04-02 23:18:51,335] {task_command.py:370} INFO - Running <TaskInstance: get_stocks_dag.AAPL scheduled__2024-03-29T00:00:00+00:00 [running]> on host alexmend-virtual-machine
[2024-04-02 23:18:51,621] {taskinstance.py:1569} INFO - Exporting the following env vars:
AIRFLOW_CTX_DAG_OWNER=airflow
AIRFLOW_CTX_DAG_ID=get_stocks_dag
AIRFLOW_CTX_TASK_ID=AAPL
AIRFLOW_CTX_EXECUTION_DATE=2024-03-29T00:00:00+00:00
AIRFLOW_CTX_TRY_NUMBER=1
AIRFLOW_CTX_DAG_RUN_ID=scheduled__2024-03-29T00:00:00+00:00
[2024-04-02 23:19:02,831] {python.py:173} INFO - Done. Returned value was: None
[2024-04-02 23:19:02,866] {taskinstance.py:1395} INFO - Marking task as SUCCESS. dag_id=get_stocks_dag, task_id=AAPL, execution_date=20240329T000000, start_date=20240403T021850, end_date=20240403T021902
[2024-04-02 23:19:02,941] {local_task_job.py:156} INFO - Task exited with return code 0
[2024-04-02 23:19:03,065] {local_task_job.py:273} INFO - 0 downstream tasks scheduled from follow-on schedule check
