[2024-04-02 22:03:53,434] {taskinstance.py:1159} INFO - Dependencies all met for <TaskInstance: get_crypto_dag.ETH scheduled__2024-03-30T00:00:00+00:00 [queued]>
[2024-04-02 22:03:53,447] {taskinstance.py:1159} INFO - Dependencies all met for <TaskInstance: get_crypto_dag.ETH scheduled__2024-03-30T00:00:00+00:00 [queued]>
[2024-04-02 22:03:53,447] {taskinstance.py:1356} INFO - 
--------------------------------------------------------------------------------
[2024-04-02 22:03:53,447] {taskinstance.py:1357} INFO - Starting attempt 1 of 1
[2024-04-02 22:03:53,447] {taskinstance.py:1358} INFO - 
--------------------------------------------------------------------------------
[2024-04-02 22:03:53,463] {taskinstance.py:1377} INFO - Executing <Task(_PythonDecoratedOperator): ETH> on 2024-03-30 00:00:00+00:00
[2024-04-02 22:03:53,472] {standard_task_runner.py:52} INFO - Started process 60097 to run task
[2024-04-02 22:03:53,480] {standard_task_runner.py:79} INFO - Running: ['airflow', 'tasks', 'run', 'get_crypto_dag', 'ETH', 'scheduled__2024-03-30T00:00:00+00:00', '--job-id', '955', '--raw', '--subdir', 'DAGS_FOLDER/get_crypto.py', '--cfg-path', '/tmp/tmpfy_vu4yo', '--error-file', '/tmp/tmpysbh426v']
[2024-04-02 22:03:53,481] {standard_task_runner.py:80} INFO - Job 955: Subtask ETH
[2024-04-02 22:03:53,592] {task_command.py:370} INFO - Running <TaskInstance: get_crypto_dag.ETH scheduled__2024-03-30T00:00:00+00:00 [running]> on host alexmend-virtual-machine
[2024-04-02 22:03:53,753] {taskinstance.py:1569} INFO - Exporting the following env vars:
AIRFLOW_CTX_DAG_OWNER=airflow
AIRFLOW_CTX_DAG_ID=get_crypto_dag
AIRFLOW_CTX_TASK_ID=ETH
AIRFLOW_CTX_EXECUTION_DATE=2024-03-30T00:00:00+00:00
AIRFLOW_CTX_TRY_NUMBER=1
AIRFLOW_CTX_DAG_RUN_ID=scheduled__2024-03-30T00:00:00+00:00
[2024-04-02 22:03:57,405] {history.py:90} ERROR - ETH: No timezone found, symbol may be delisted
[2024-04-02 22:04:07,425] {python.py:173} INFO - Done. Returned value was: None
[2024-04-02 22:04:07,448] {taskinstance.py:1395} INFO - Marking task as SUCCESS. dag_id=get_crypto_dag, task_id=ETH, execution_date=20240330T000000, start_date=20240403T010353, end_date=20240403T010407
[2024-04-02 22:04:07,490] {local_task_job.py:156} INFO - Task exited with return code 0
[2024-04-02 22:04:07,555] {local_task_job.py:273} INFO - 0 downstream tasks scheduled from follow-on schedule check
[2024-04-02 23:19:47,601] {taskinstance.py:1159} INFO - Dependencies all met for <TaskInstance: get_crypto_dag.ETH scheduled__2024-03-30T00:00:00+00:00 [queued]>
[2024-04-02 23:19:47,624] {taskinstance.py:1159} INFO - Dependencies all met for <TaskInstance: get_crypto_dag.ETH scheduled__2024-03-30T00:00:00+00:00 [queued]>
[2024-04-02 23:19:47,624] {taskinstance.py:1356} INFO - 
--------------------------------------------------------------------------------
[2024-04-02 23:19:47,624] {taskinstance.py:1357} INFO - Starting attempt 1 of 1
[2024-04-02 23:19:47,625] {taskinstance.py:1358} INFO - 
--------------------------------------------------------------------------------
[2024-04-02 23:19:47,672] {taskinstance.py:1377} INFO - Executing <Task(_PythonDecoratedOperator): ETH> on 2024-03-30 00:00:00+00:00
[2024-04-02 23:19:47,694] {standard_task_runner.py:52} INFO - Started process 86715 to run task
[2024-04-02 23:19:47,716] {standard_task_runner.py:79} INFO - Running: ['airflow', 'tasks', 'run', 'get_crypto_dag', 'ETH', 'scheduled__2024-03-30T00:00:00+00:00', '--job-id', '1202', '--raw', '--subdir', 'DAGS_FOLDER/get_crypto.py', '--cfg-path', '/tmp/tmpmgxsekjb', '--error-file', '/tmp/tmp4zbjgsv_']
[2024-04-02 23:19:47,718] {standard_task_runner.py:80} INFO - Job 1202: Subtask ETH
[2024-04-02 23:19:47,941] {task_command.py:370} INFO - Running <TaskInstance: get_crypto_dag.ETH scheduled__2024-03-30T00:00:00+00:00 [running]> on host alexmend-virtual-machine
[2024-04-02 23:19:48,153] {taskinstance.py:1569} INFO - Exporting the following env vars:
AIRFLOW_CTX_DAG_OWNER=airflow
AIRFLOW_CTX_DAG_ID=get_crypto_dag
AIRFLOW_CTX_TASK_ID=ETH
AIRFLOW_CTX_EXECUTION_DATE=2024-03-30T00:00:00+00:00
AIRFLOW_CTX_TRY_NUMBER=1
AIRFLOW_CTX_DAG_RUN_ID=scheduled__2024-03-30T00:00:00+00:00
[2024-04-02 23:19:52,151] {history.py:90} ERROR - ETH: No timezone found, symbol may be delisted
[2024-04-02 23:20:02,171] {python.py:173} INFO - Done. Returned value was: None
[2024-04-02 23:20:02,206] {taskinstance.py:1395} INFO - Marking task as SUCCESS. dag_id=get_crypto_dag, task_id=ETH, execution_date=20240330T000000, start_date=20240403T021947, end_date=20240403T022002
[2024-04-02 23:20:02,264] {local_task_job.py:156} INFO - Task exited with return code 0
[2024-04-02 23:20:02,324] {local_task_job.py:273} INFO - 0 downstream tasks scheduled from follow-on schedule check
