[2024-04-02 13:00:59,248] {taskinstance.py:1159} INFO - Dependencies all met for <TaskInstance: get_stocks_dag.TSLA scheduled__2024-01-20T00:00:00+00:00 [queued]>
[2024-04-02 13:00:59,258] {taskinstance.py:1159} INFO - Dependencies all met for <TaskInstance: get_stocks_dag.TSLA scheduled__2024-01-20T00:00:00+00:00 [queued]>
[2024-04-02 13:00:59,258] {taskinstance.py:1356} INFO - 
--------------------------------------------------------------------------------
[2024-04-02 13:00:59,259] {taskinstance.py:1357} INFO - Starting attempt 1 of 1
[2024-04-02 13:00:59,259] {taskinstance.py:1358} INFO - 
--------------------------------------------------------------------------------
[2024-04-02 13:00:59,288] {taskinstance.py:1377} INFO - Executing <Task(_PythonDecoratedOperator): TSLA> on 2024-01-20 00:00:00+00:00
[2024-04-02 13:00:59,294] {standard_task_runner.py:52} INFO - Started process 9215 to run task
[2024-04-02 13:00:59,299] {standard_task_runner.py:79} INFO - Running: ['airflow', 'tasks', 'run', 'get_stocks_dag', 'TSLA', 'scheduled__2024-01-20T00:00:00+00:00', '--job-id', '66', '--raw', '--subdir', 'DAGS_FOLDER/get_stocks.py', '--cfg-path', '/tmp/tmpgkk7_l3o', '--error-file', '/tmp/tmp7y0j45xw']
[2024-04-02 13:00:59,300] {standard_task_runner.py:80} INFO - Job 66: Subtask TSLA
[2024-04-02 13:00:59,381] {task_command.py:370} INFO - Running <TaskInstance: get_stocks_dag.TSLA scheduled__2024-01-20T00:00:00+00:00 [running]> on host alexmend-virtual-machine
[2024-04-02 13:00:59,454] {taskinstance.py:1569} INFO - Exporting the following env vars:
AIRFLOW_CTX_DAG_OWNER=airflow
AIRFLOW_CTX_DAG_ID=get_stocks_dag
AIRFLOW_CTX_TASK_ID=TSLA
AIRFLOW_CTX_EXECUTION_DATE=2024-01-20T00:00:00+00:00
AIRFLOW_CTX_TRY_NUMBER=1
AIRFLOW_CTX_DAG_RUN_ID=scheduled__2024-01-20T00:00:00+00:00
[2024-04-02 13:01:00,160] {python.py:173} INFO - Done. Returned value was: None
[2024-04-02 13:01:00,174] {taskinstance.py:1395} INFO - Marking task as SUCCESS. dag_id=get_stocks_dag, task_id=TSLA, execution_date=20240120T000000, start_date=20240402T160059, end_date=20240402T160100
[2024-04-02 13:01:00,238] {local_task_job.py:156} INFO - Task exited with return code 0
[2024-04-02 13:01:00,260] {local_task_job.py:273} INFO - 0 downstream tasks scheduled from follow-on schedule check
[2024-04-02 17:17:37,949] {taskinstance.py:1159} INFO - Dependencies all met for <TaskInstance: get_stocks_dag.TSLA scheduled__2024-01-20T00:00:00+00:00 [queued]>
[2024-04-02 17:17:38,122] {taskinstance.py:1159} INFO - Dependencies all met for <TaskInstance: get_stocks_dag.TSLA scheduled__2024-01-20T00:00:00+00:00 [queued]>
[2024-04-02 17:17:38,124] {taskinstance.py:1356} INFO - 
--------------------------------------------------------------------------------
[2024-04-02 17:17:38,126] {taskinstance.py:1357} INFO - Starting attempt 1 of 1
[2024-04-02 17:17:38,128] {taskinstance.py:1358} INFO - 
--------------------------------------------------------------------------------
[2024-04-02 17:17:38,213] {taskinstance.py:1377} INFO - Executing <Task(_PythonDecoratedOperator): TSLA> on 2024-01-20 00:00:00+00:00
[2024-04-02 17:17:38,227] {standard_task_runner.py:52} INFO - Started process 4950 to run task
[2024-04-02 17:17:38,309] {standard_task_runner.py:79} INFO - Running: ['airflow', 'tasks', 'run', 'get_stocks_dag', 'TSLA', 'scheduled__2024-01-20T00:00:00+00:00', '--job-id', '49', '--raw', '--subdir', 'DAGS_FOLDER/get_stocks.py', '--cfg-path', '/tmp/tmpxlyuvkgd', '--error-file', '/tmp/tmp4xdykq95']
[2024-04-02 17:17:38,312] {standard_task_runner.py:80} INFO - Job 49: Subtask TSLA
[2024-04-02 17:17:38,673] {task_command.py:370} INFO - Running <TaskInstance: get_stocks_dag.TSLA scheduled__2024-01-20T00:00:00+00:00 [running]> on host alexmend-virtual-machine
[2024-04-02 17:17:39,534] {taskinstance.py:1569} INFO - Exporting the following env vars:
AIRFLOW_CTX_DAG_OWNER=airflow
AIRFLOW_CTX_DAG_ID=get_stocks_dag
AIRFLOW_CTX_TASK_ID=TSLA
AIRFLOW_CTX_EXECUTION_DATE=2024-01-20T00:00:00+00:00
AIRFLOW_CTX_TRY_NUMBER=1
AIRFLOW_CTX_DAG_RUN_ID=scheduled__2024-01-20T00:00:00+00:00
[2024-04-02 17:17:42,242] {python.py:173} INFO - Done. Returned value was: None
[2024-04-02 17:17:42,487] {taskinstance.py:1395} INFO - Marking task as SUCCESS. dag_id=get_stocks_dag, task_id=TSLA, execution_date=20240120T000000, start_date=20240402T201737, end_date=20240402T201742
[2024-04-02 17:17:42,893] {local_task_job.py:156} INFO - Task exited with return code 0
[2024-04-02 17:17:43,902] {local_task_job.py:273} INFO - 0 downstream tasks scheduled from follow-on schedule check
[2024-04-02 17:43:08,967] {taskinstance.py:1159} INFO - Dependencies all met for <TaskInstance: get_stocks_dag.TSLA scheduled__2024-01-20T00:00:00+00:00 [queued]>
[2024-04-02 17:43:08,981] {taskinstance.py:1159} INFO - Dependencies all met for <TaskInstance: get_stocks_dag.TSLA scheduled__2024-01-20T00:00:00+00:00 [queued]>
[2024-04-02 17:43:08,981] {taskinstance.py:1356} INFO - 
--------------------------------------------------------------------------------
[2024-04-02 17:43:08,981] {taskinstance.py:1357} INFO - Starting attempt 1 of 1
[2024-04-02 17:43:08,981] {taskinstance.py:1358} INFO - 
--------------------------------------------------------------------------------
[2024-04-02 17:43:08,998] {taskinstance.py:1377} INFO - Executing <Task(_PythonDecoratedOperator): TSLA> on 2024-01-20 00:00:00+00:00
[2024-04-02 17:43:09,003] {standard_task_runner.py:52} INFO - Started process 19530 to run task
[2024-04-02 17:43:09,009] {standard_task_runner.py:79} INFO - Running: ['airflow', 'tasks', 'run', 'get_stocks_dag', 'TSLA', 'scheduled__2024-01-20T00:00:00+00:00', '--job-id', '308', '--raw', '--subdir', 'DAGS_FOLDER/get_stocks.py', '--cfg-path', '/tmp/tmpye1809mg', '--error-file', '/tmp/tmp5wchashs']
[2024-04-02 17:43:09,011] {standard_task_runner.py:80} INFO - Job 308: Subtask TSLA
[2024-04-02 17:43:09,094] {task_command.py:370} INFO - Running <TaskInstance: get_stocks_dag.TSLA scheduled__2024-01-20T00:00:00+00:00 [running]> on host alexmend-virtual-machine
[2024-04-02 17:43:09,198] {taskinstance.py:1569} INFO - Exporting the following env vars:
AIRFLOW_CTX_DAG_OWNER=airflow
AIRFLOW_CTX_DAG_ID=get_stocks_dag
AIRFLOW_CTX_TASK_ID=TSLA
AIRFLOW_CTX_EXECUTION_DATE=2024-01-20T00:00:00+00:00
AIRFLOW_CTX_TRY_NUMBER=1
AIRFLOW_CTX_DAG_RUN_ID=scheduled__2024-01-20T00:00:00+00:00
[2024-04-02 17:43:10,092] {python.py:173} INFO - Done. Returned value was: None
[2024-04-02 17:43:10,110] {taskinstance.py:1395} INFO - Marking task as SUCCESS. dag_id=get_stocks_dag, task_id=TSLA, execution_date=20240120T000000, start_date=20240402T204308, end_date=20240402T204310
[2024-04-02 17:43:10,147] {local_task_job.py:156} INFO - Task exited with return code 0
[2024-04-02 17:43:10,199] {local_task_job.py:273} INFO - 0 downstream tasks scheduled from follow-on schedule check
