[2024-04-02 13:05:48,376] {taskinstance.py:1159} INFO - Dependencies all met for <TaskInstance: get_stocks_dag.TSLA scheduled__2024-02-14T00:00:00+00:00 [queued]>
[2024-04-02 13:05:48,385] {taskinstance.py:1159} INFO - Dependencies all met for <TaskInstance: get_stocks_dag.TSLA scheduled__2024-02-14T00:00:00+00:00 [queued]>
[2024-04-02 13:05:48,386] {taskinstance.py:1356} INFO - 
--------------------------------------------------------------------------------
[2024-04-02 13:05:48,386] {taskinstance.py:1357} INFO - Starting attempt 1 of 1
[2024-04-02 13:05:48,386] {taskinstance.py:1358} INFO - 
--------------------------------------------------------------------------------
[2024-04-02 13:05:48,406] {taskinstance.py:1377} INFO - Executing <Task(_PythonDecoratedOperator): TSLA> on 2024-02-14 00:00:00+00:00
[2024-04-02 13:05:48,412] {standard_task_runner.py:52} INFO - Started process 10919 to run task
[2024-04-02 13:05:48,417] {standard_task_runner.py:79} INFO - Running: ['airflow', 'tasks', 'run', 'get_stocks_dag', 'TSLA', 'scheduled__2024-02-14T00:00:00+00:00', '--job-id', '134', '--raw', '--subdir', 'DAGS_FOLDER/get_stocks.py', '--cfg-path', '/tmp/tmpx81y45m1', '--error-file', '/tmp/tmpzlrcyb33']
[2024-04-02 13:05:48,418] {standard_task_runner.py:80} INFO - Job 134: Subtask TSLA
[2024-04-02 13:05:48,485] {task_command.py:370} INFO - Running <TaskInstance: get_stocks_dag.TSLA scheduled__2024-02-14T00:00:00+00:00 [running]> on host alexmend-virtual-machine
[2024-04-02 13:05:48,572] {taskinstance.py:1569} INFO - Exporting the following env vars:
AIRFLOW_CTX_DAG_OWNER=airflow
AIRFLOW_CTX_DAG_ID=get_stocks_dag
AIRFLOW_CTX_TASK_ID=TSLA
AIRFLOW_CTX_EXECUTION_DATE=2024-02-14T00:00:00+00:00
AIRFLOW_CTX_TRY_NUMBER=1
AIRFLOW_CTX_DAG_RUN_ID=scheduled__2024-02-14T00:00:00+00:00
[2024-04-02 13:05:49,213] {python.py:173} INFO - Done. Returned value was: None
[2024-04-02 13:05:49,231] {taskinstance.py:1395} INFO - Marking task as SUCCESS. dag_id=get_stocks_dag, task_id=TSLA, execution_date=20240214T000000, start_date=20240402T160548, end_date=20240402T160549
[2024-04-02 13:05:49,274] {local_task_job.py:156} INFO - Task exited with return code 0
[2024-04-02 13:05:49,299] {local_task_job.py:273} INFO - 0 downstream tasks scheduled from follow-on schedule check
[2024-04-02 17:18:38,047] {taskinstance.py:1159} INFO - Dependencies all met for <TaskInstance: get_stocks_dag.TSLA scheduled__2024-02-14T00:00:00+00:00 [queued]>
[2024-04-02 17:18:38,099] {taskinstance.py:1159} INFO - Dependencies all met for <TaskInstance: get_stocks_dag.TSLA scheduled__2024-02-14T00:00:00+00:00 [queued]>
[2024-04-02 17:18:38,099] {taskinstance.py:1356} INFO - 
--------------------------------------------------------------------------------
[2024-04-02 17:18:38,099] {taskinstance.py:1357} INFO - Starting attempt 1 of 1
[2024-04-02 17:18:38,099] {taskinstance.py:1358} INFO - 
--------------------------------------------------------------------------------
[2024-04-02 17:18:38,152] {taskinstance.py:1377} INFO - Executing <Task(_PythonDecoratedOperator): TSLA> on 2024-02-14 00:00:00+00:00
[2024-04-02 17:18:38,178] {standard_task_runner.py:52} INFO - Started process 6727 to run task
[2024-04-02 17:18:38,216] {standard_task_runner.py:79} INFO - Running: ['airflow', 'tasks', 'run', 'get_stocks_dag', 'TSLA', 'scheduled__2024-02-14T00:00:00+00:00', '--job-id', '120', '--raw', '--subdir', 'DAGS_FOLDER/get_stocks.py', '--cfg-path', '/tmp/tmp2w0z7xsc', '--error-file', '/tmp/tmpurti7k61']
[2024-04-02 17:18:38,219] {standard_task_runner.py:80} INFO - Job 120: Subtask TSLA
[2024-04-02 17:18:38,611] {task_command.py:370} INFO - Running <TaskInstance: get_stocks_dag.TSLA scheduled__2024-02-14T00:00:00+00:00 [running]> on host alexmend-virtual-machine
[2024-04-02 17:18:39,080] {taskinstance.py:1569} INFO - Exporting the following env vars:
AIRFLOW_CTX_DAG_OWNER=airflow
AIRFLOW_CTX_DAG_ID=get_stocks_dag
AIRFLOW_CTX_TASK_ID=TSLA
AIRFLOW_CTX_EXECUTION_DATE=2024-02-14T00:00:00+00:00
AIRFLOW_CTX_TRY_NUMBER=1
AIRFLOW_CTX_DAG_RUN_ID=scheduled__2024-02-14T00:00:00+00:00
[2024-04-02 17:18:40,051] {python.py:173} INFO - Done. Returned value was: None
[2024-04-02 17:18:40,085] {taskinstance.py:1395} INFO - Marking task as SUCCESS. dag_id=get_stocks_dag, task_id=TSLA, execution_date=20240214T000000, start_date=20240402T201838, end_date=20240402T201840
[2024-04-02 17:18:40,181] {local_task_job.py:156} INFO - Task exited with return code 0
[2024-04-02 17:18:40,504] {local_task_job.py:273} INFO - 0 downstream tasks scheduled from follow-on schedule check
[2024-04-02 17:44:51,659] {taskinstance.py:1159} INFO - Dependencies all met for <TaskInstance: get_stocks_dag.TSLA scheduled__2024-02-14T00:00:00+00:00 [queued]>
[2024-04-02 17:44:51,673] {taskinstance.py:1159} INFO - Dependencies all met for <TaskInstance: get_stocks_dag.TSLA scheduled__2024-02-14T00:00:00+00:00 [queued]>
[2024-04-02 17:44:51,673] {taskinstance.py:1356} INFO - 
--------------------------------------------------------------------------------
[2024-04-02 17:44:51,674] {taskinstance.py:1357} INFO - Starting attempt 1 of 1
[2024-04-02 17:44:51,674] {taskinstance.py:1358} INFO - 
--------------------------------------------------------------------------------
[2024-04-02 17:44:51,688] {taskinstance.py:1377} INFO - Executing <Task(_PythonDecoratedOperator): TSLA> on 2024-02-14 00:00:00+00:00
[2024-04-02 17:44:51,695] {standard_task_runner.py:52} INFO - Started process 21513 to run task
[2024-04-02 17:44:51,702] {standard_task_runner.py:79} INFO - Running: ['airflow', 'tasks', 'run', 'get_stocks_dag', 'TSLA', 'scheduled__2024-02-14T00:00:00+00:00', '--job-id', '378', '--raw', '--subdir', 'DAGS_FOLDER/get_stocks.py', '--cfg-path', '/tmp/tmpaxr0wj8g', '--error-file', '/tmp/tmpisk4yk90']
[2024-04-02 17:44:51,703] {standard_task_runner.py:80} INFO - Job 378: Subtask TSLA
[2024-04-02 17:44:51,799] {task_command.py:370} INFO - Running <TaskInstance: get_stocks_dag.TSLA scheduled__2024-02-14T00:00:00+00:00 [running]> on host alexmend-virtual-machine
[2024-04-02 17:44:51,912] {taskinstance.py:1569} INFO - Exporting the following env vars:
AIRFLOW_CTX_DAG_OWNER=airflow
AIRFLOW_CTX_DAG_ID=get_stocks_dag
AIRFLOW_CTX_TASK_ID=TSLA
AIRFLOW_CTX_EXECUTION_DATE=2024-02-14T00:00:00+00:00
AIRFLOW_CTX_TRY_NUMBER=1
AIRFLOW_CTX_DAG_RUN_ID=scheduled__2024-02-14T00:00:00+00:00
[2024-04-02 17:44:52,558] {python.py:173} INFO - Done. Returned value was: None
[2024-04-02 17:44:52,588] {taskinstance.py:1395} INFO - Marking task as SUCCESS. dag_id=get_stocks_dag, task_id=TSLA, execution_date=20240214T000000, start_date=20240402T204451, end_date=20240402T204452
[2024-04-02 17:44:52,641] {local_task_job.py:156} INFO - Task exited with return code 0
[2024-04-02 17:44:52,700] {local_task_job.py:273} INFO - 0 downstream tasks scheduled from follow-on schedule check
