[2024-04-02 21:56:29,166] {taskinstance.py:1159} INFO - Dependencies all met for <TaskInstance: get_crypto_dag.ETH scheduled__2024-03-16T00:00:00+00:00 [queued]>
[2024-04-02 21:56:29,190] {taskinstance.py:1159} INFO - Dependencies all met for <TaskInstance: get_crypto_dag.ETH scheduled__2024-03-16T00:00:00+00:00 [queued]>
[2024-04-02 21:56:29,190] {taskinstance.py:1356} INFO - 
--------------------------------------------------------------------------------
[2024-04-02 21:56:29,191] {taskinstance.py:1357} INFO - Starting attempt 1 of 1
[2024-04-02 21:56:29,191] {taskinstance.py:1358} INFO - 
--------------------------------------------------------------------------------
[2024-04-02 21:56:29,211] {taskinstance.py:1377} INFO - Executing <Task(_PythonDecoratedOperator): ETH> on 2024-03-16 00:00:00+00:00
[2024-04-02 21:56:29,225] {standard_task_runner.py:52} INFO - Started process 55182 to run task
[2024-04-02 21:56:29,235] {standard_task_runner.py:79} INFO - Running: ['airflow', 'tasks', 'run', 'get_crypto_dag', 'ETH', 'scheduled__2024-03-16T00:00:00+00:00', '--job-id', '885', '--raw', '--subdir', 'DAGS_FOLDER/get_crypto.py', '--cfg-path', '/tmp/tmpw689qtfu', '--error-file', '/tmp/tmp2akjdmzg']
[2024-04-02 21:56:29,237] {standard_task_runner.py:80} INFO - Job 885: Subtask ETH
[2024-04-02 21:56:29,355] {task_command.py:370} INFO - Running <TaskInstance: get_crypto_dag.ETH scheduled__2024-03-16T00:00:00+00:00 [running]> on host alexmend-virtual-machine
[2024-04-02 21:56:29,523] {taskinstance.py:1569} INFO - Exporting the following env vars:
AIRFLOW_CTX_DAG_OWNER=airflow
AIRFLOW_CTX_DAG_ID=get_crypto_dag
AIRFLOW_CTX_TASK_ID=ETH
AIRFLOW_CTX_EXECUTION_DATE=2024-03-16T00:00:00+00:00
AIRFLOW_CTX_TRY_NUMBER=1
AIRFLOW_CTX_DAG_RUN_ID=scheduled__2024-03-16T00:00:00+00:00
[2024-04-02 21:56:33,151] {history.py:90} ERROR - ETH: No timezone found, symbol may be delisted
[2024-04-02 21:56:43,169] {python.py:173} INFO - Done. Returned value was: None
[2024-04-02 21:56:43,202] {taskinstance.py:1395} INFO - Marking task as SUCCESS. dag_id=get_crypto_dag, task_id=ETH, execution_date=20240316T000000, start_date=20240403T005629, end_date=20240403T005643
[2024-04-02 21:56:43,250] {local_task_job.py:156} INFO - Task exited with return code 0
[2024-04-02 21:56:43,316] {local_task_job.py:273} INFO - 0 downstream tasks scheduled from follow-on schedule check
[2024-04-02 23:06:01,834] {taskinstance.py:1159} INFO - Dependencies all met for <TaskInstance: get_crypto_dag.ETH scheduled__2024-03-16T00:00:00+00:00 [queued]>
[2024-04-02 23:06:01,855] {taskinstance.py:1159} INFO - Dependencies all met for <TaskInstance: get_crypto_dag.ETH scheduled__2024-03-16T00:00:00+00:00 [queued]>
[2024-04-02 23:06:01,856] {taskinstance.py:1356} INFO - 
--------------------------------------------------------------------------------
[2024-04-02 23:06:01,856] {taskinstance.py:1357} INFO - Starting attempt 1 of 1
[2024-04-02 23:06:01,857] {taskinstance.py:1358} INFO - 
--------------------------------------------------------------------------------
[2024-04-02 23:06:01,889] {taskinstance.py:1377} INFO - Executing <Task(_PythonDecoratedOperator): ETH> on 2024-03-16 00:00:00+00:00
[2024-04-02 23:06:01,901] {standard_task_runner.py:52} INFO - Started process 79137 to run task
[2024-04-02 23:06:01,927] {standard_task_runner.py:79} INFO - Running: ['airflow', 'tasks', 'run', 'get_crypto_dag', 'ETH', 'scheduled__2024-03-16T00:00:00+00:00', '--job-id', '1104', '--raw', '--subdir', 'DAGS_FOLDER/get_crypto.py', '--cfg-path', '/tmp/tmp31fklkrt', '--error-file', '/tmp/tmpd3ydl9kl']
[2024-04-02 23:06:01,933] {standard_task_runner.py:80} INFO - Job 1104: Subtask ETH
[2024-04-02 23:06:02,089] {task_command.py:370} INFO - Running <TaskInstance: get_crypto_dag.ETH scheduled__2024-03-16T00:00:00+00:00 [running]> on host alexmend-virtual-machine
[2024-04-02 23:06:02,359] {taskinstance.py:1569} INFO - Exporting the following env vars:
AIRFLOW_CTX_DAG_OWNER=airflow
AIRFLOW_CTX_DAG_ID=get_crypto_dag
AIRFLOW_CTX_TASK_ID=ETH
AIRFLOW_CTX_EXECUTION_DATE=2024-03-16T00:00:00+00:00
AIRFLOW_CTX_TRY_NUMBER=1
AIRFLOW_CTX_DAG_RUN_ID=scheduled__2024-03-16T00:00:00+00:00
[2024-04-02 23:06:06,241] {history.py:90} ERROR - ETH: No timezone found, symbol may be delisted
[2024-04-02 23:06:16,267] {python.py:173} INFO - Done. Returned value was: None
[2024-04-02 23:06:16,316] {taskinstance.py:1395} INFO - Marking task as SUCCESS. dag_id=get_crypto_dag, task_id=ETH, execution_date=20240316T000000, start_date=20240403T020601, end_date=20240403T020616
[2024-04-02 23:06:16,385] {local_task_job.py:156} INFO - Task exited with return code 0
[2024-04-02 23:06:16,511] {local_task_job.py:273} INFO - 0 downstream tasks scheduled from follow-on schedule check
