[2024-04-02 13:06:20,109] {taskinstance.py:1159} INFO - Dependencies all met for <TaskInstance: get_stocks_dag.TSLA scheduled__2024-02-16T00:00:00+00:00 [queued]>
[2024-04-02 13:06:20,117] {taskinstance.py:1159} INFO - Dependencies all met for <TaskInstance: get_stocks_dag.TSLA scheduled__2024-02-16T00:00:00+00:00 [queued]>
[2024-04-02 13:06:20,117] {taskinstance.py:1356} INFO - 
--------------------------------------------------------------------------------
[2024-04-02 13:06:20,118] {taskinstance.py:1357} INFO - Starting attempt 1 of 1
[2024-04-02 13:06:20,118] {taskinstance.py:1358} INFO - 
--------------------------------------------------------------------------------
[2024-04-02 13:06:20,148] {taskinstance.py:1377} INFO - Executing <Task(_PythonDecoratedOperator): TSLA> on 2024-02-16 00:00:00+00:00
[2024-04-02 13:06:20,154] {standard_task_runner.py:52} INFO - Started process 11094 to run task
[2024-04-02 13:06:20,160] {standard_task_runner.py:79} INFO - Running: ['airflow', 'tasks', 'run', 'get_stocks_dag', 'TSLA', 'scheduled__2024-02-16T00:00:00+00:00', '--job-id', '142', '--raw', '--subdir', 'DAGS_FOLDER/get_stocks.py', '--cfg-path', '/tmp/tmpbyonvd67', '--error-file', '/tmp/tmpu41uq1zo']
[2024-04-02 13:06:20,162] {standard_task_runner.py:80} INFO - Job 142: Subtask TSLA
[2024-04-02 13:06:20,232] {task_command.py:370} INFO - Running <TaskInstance: get_stocks_dag.TSLA scheduled__2024-02-16T00:00:00+00:00 [running]> on host alexmend-virtual-machine
[2024-04-02 13:06:20,332] {taskinstance.py:1569} INFO - Exporting the following env vars:
AIRFLOW_CTX_DAG_OWNER=airflow
AIRFLOW_CTX_DAG_ID=get_stocks_dag
AIRFLOW_CTX_TASK_ID=TSLA
AIRFLOW_CTX_EXECUTION_DATE=2024-02-16T00:00:00+00:00
AIRFLOW_CTX_TRY_NUMBER=1
AIRFLOW_CTX_DAG_RUN_ID=scheduled__2024-02-16T00:00:00+00:00
[2024-04-02 13:06:21,004] {python.py:173} INFO - Done. Returned value was: None
[2024-04-02 13:06:21,012] {taskinstance.py:1395} INFO - Marking task as SUCCESS. dag_id=get_stocks_dag, task_id=TSLA, execution_date=20240216T000000, start_date=20240402T160620, end_date=20240402T160621
[2024-04-02 13:06:21,031] {local_task_job.py:156} INFO - Task exited with return code 0
[2024-04-02 13:06:21,056] {local_task_job.py:273} INFO - 0 downstream tasks scheduled from follow-on schedule check
[2024-04-02 17:18:41,808] {taskinstance.py:1159} INFO - Dependencies all met for <TaskInstance: get_stocks_dag.TSLA scheduled__2024-02-16T00:00:00+00:00 [queued]>
[2024-04-02 17:18:41,850] {taskinstance.py:1159} INFO - Dependencies all met for <TaskInstance: get_stocks_dag.TSLA scheduled__2024-02-16T00:00:00+00:00 [queued]>
[2024-04-02 17:18:41,850] {taskinstance.py:1356} INFO - 
--------------------------------------------------------------------------------
[2024-04-02 17:18:41,850] {taskinstance.py:1357} INFO - Starting attempt 1 of 1
[2024-04-02 17:18:41,850] {taskinstance.py:1358} INFO - 
--------------------------------------------------------------------------------
[2024-04-02 17:18:41,892] {taskinstance.py:1377} INFO - Executing <Task(_PythonDecoratedOperator): TSLA> on 2024-02-16 00:00:00+00:00
[2024-04-02 17:18:41,901] {standard_task_runner.py:52} INFO - Started process 6840 to run task
[2024-04-02 17:18:41,938] {standard_task_runner.py:79} INFO - Running: ['airflow', 'tasks', 'run', 'get_stocks_dag', 'TSLA', 'scheduled__2024-02-16T00:00:00+00:00', '--job-id', '123', '--raw', '--subdir', 'DAGS_FOLDER/get_stocks.py', '--cfg-path', '/tmp/tmpmo7n2hdq', '--error-file', '/tmp/tmpe2kn2b06']
[2024-04-02 17:18:41,940] {standard_task_runner.py:80} INFO - Job 123: Subtask TSLA
[2024-04-02 17:18:42,682] {task_command.py:370} INFO - Running <TaskInstance: get_stocks_dag.TSLA scheduled__2024-02-16T00:00:00+00:00 [running]> on host alexmend-virtual-machine
[2024-04-02 17:18:43,385] {taskinstance.py:1569} INFO - Exporting the following env vars:
AIRFLOW_CTX_DAG_OWNER=airflow
AIRFLOW_CTX_DAG_ID=get_stocks_dag
AIRFLOW_CTX_TASK_ID=TSLA
AIRFLOW_CTX_EXECUTION_DATE=2024-02-16T00:00:00+00:00
AIRFLOW_CTX_TRY_NUMBER=1
AIRFLOW_CTX_DAG_RUN_ID=scheduled__2024-02-16T00:00:00+00:00
[2024-04-02 17:18:44,968] {python.py:173} INFO - Done. Returned value was: None
[2024-04-02 17:18:45,041] {taskinstance.py:1395} INFO - Marking task as SUCCESS. dag_id=get_stocks_dag, task_id=TSLA, execution_date=20240216T000000, start_date=20240402T201841, end_date=20240402T201845
[2024-04-02 17:18:45,114] {local_task_job.py:156} INFO - Task exited with return code 0
[2024-04-02 17:18:45,495] {local_task_job.py:273} INFO - 0 downstream tasks scheduled from follow-on schedule check
[2024-04-02 17:45:02,158] {taskinstance.py:1159} INFO - Dependencies all met for <TaskInstance: get_stocks_dag.TSLA scheduled__2024-02-16T00:00:00+00:00 [queued]>
[2024-04-02 17:45:02,172] {taskinstance.py:1159} INFO - Dependencies all met for <TaskInstance: get_stocks_dag.TSLA scheduled__2024-02-16T00:00:00+00:00 [queued]>
[2024-04-02 17:45:02,172] {taskinstance.py:1356} INFO - 
--------------------------------------------------------------------------------
[2024-04-02 17:45:02,172] {taskinstance.py:1357} INFO - Starting attempt 1 of 1
[2024-04-02 17:45:02,172] {taskinstance.py:1358} INFO - 
--------------------------------------------------------------------------------
[2024-04-02 17:45:02,189] {taskinstance.py:1377} INFO - Executing <Task(_PythonDecoratedOperator): TSLA> on 2024-02-16 00:00:00+00:00
[2024-04-02 17:45:02,196] {standard_task_runner.py:52} INFO - Started process 21747 to run task
[2024-04-02 17:45:02,203] {standard_task_runner.py:79} INFO - Running: ['airflow', 'tasks', 'run', 'get_stocks_dag', 'TSLA', 'scheduled__2024-02-16T00:00:00+00:00', '--job-id', '386', '--raw', '--subdir', 'DAGS_FOLDER/get_stocks.py', '--cfg-path', '/tmp/tmpxhwqbby7', '--error-file', '/tmp/tmpyze4ewfe']
[2024-04-02 17:45:02,204] {standard_task_runner.py:80} INFO - Job 386: Subtask TSLA
[2024-04-02 17:45:02,302] {task_command.py:370} INFO - Running <TaskInstance: get_stocks_dag.TSLA scheduled__2024-02-16T00:00:00+00:00 [running]> on host alexmend-virtual-machine
[2024-04-02 17:45:02,437] {taskinstance.py:1569} INFO - Exporting the following env vars:
AIRFLOW_CTX_DAG_OWNER=airflow
AIRFLOW_CTX_DAG_ID=get_stocks_dag
AIRFLOW_CTX_TASK_ID=TSLA
AIRFLOW_CTX_EXECUTION_DATE=2024-02-16T00:00:00+00:00
AIRFLOW_CTX_TRY_NUMBER=1
AIRFLOW_CTX_DAG_RUN_ID=scheduled__2024-02-16T00:00:00+00:00
[2024-04-02 17:45:03,079] {python.py:173} INFO - Done. Returned value was: None
[2024-04-02 17:45:03,100] {taskinstance.py:1395} INFO - Marking task as SUCCESS. dag_id=get_stocks_dag, task_id=TSLA, execution_date=20240216T000000, start_date=20240402T204502, end_date=20240402T204503
[2024-04-02 17:45:03,139] {local_task_job.py:156} INFO - Task exited with return code 0
[2024-04-02 17:45:03,195] {local_task_job.py:273} INFO - 0 downstream tasks scheduled from follow-on schedule check
