[2024-04-02 21:44:45,007] {taskinstance.py:1159} INFO - Dependencies all met for <TaskInstance: get_crypto_dag.ETH scheduled__2024-02-28T00:00:00+00:00 [queued]>
[2024-04-02 21:44:45,024] {taskinstance.py:1159} INFO - Dependencies all met for <TaskInstance: get_crypto_dag.ETH scheduled__2024-02-28T00:00:00+00:00 [queued]>
[2024-04-02 21:44:45,024] {taskinstance.py:1356} INFO - 
--------------------------------------------------------------------------------
[2024-04-02 21:44:45,024] {taskinstance.py:1357} INFO - Starting attempt 1 of 1
[2024-04-02 21:44:45,024] {taskinstance.py:1358} INFO - 
--------------------------------------------------------------------------------
[2024-04-02 21:44:45,043] {taskinstance.py:1377} INFO - Executing <Task(_PythonDecoratedOperator): ETH> on 2024-02-28 00:00:00+00:00
[2024-04-02 21:44:45,055] {standard_task_runner.py:52} INFO - Started process 46878 to run task
[2024-04-02 21:44:45,064] {standard_task_runner.py:79} INFO - Running: ['airflow', 'tasks', 'run', 'get_crypto_dag', 'ETH', 'scheduled__2024-02-28T00:00:00+00:00', '--job-id', '737', '--raw', '--subdir', 'DAGS_FOLDER/get_crypto.py', '--cfg-path', '/tmp/tmprdh2aaeb', '--error-file', '/tmp/tmpxpzmabj8']
[2024-04-02 21:44:45,067] {standard_task_runner.py:80} INFO - Job 737: Subtask ETH
[2024-04-02 21:44:45,287] {task_command.py:370} INFO - Running <TaskInstance: get_crypto_dag.ETH scheduled__2024-02-28T00:00:00+00:00 [running]> on host alexmend-virtual-machine
[2024-04-02 21:44:45,513] {taskinstance.py:1569} INFO - Exporting the following env vars:
AIRFLOW_CTX_DAG_OWNER=airflow
AIRFLOW_CTX_DAG_ID=get_crypto_dag
AIRFLOW_CTX_TASK_ID=ETH
AIRFLOW_CTX_EXECUTION_DATE=2024-02-28T00:00:00+00:00
AIRFLOW_CTX_TRY_NUMBER=1
AIRFLOW_CTX_DAG_RUN_ID=scheduled__2024-02-28T00:00:00+00:00
[2024-04-02 21:44:49,258] {history.py:90} ERROR - ETH: No timezone found, symbol may be delisted
[2024-04-02 21:44:59,278] {python.py:173} INFO - Done. Returned value was: None
[2024-04-02 21:44:59,365] {taskinstance.py:1395} INFO - Marking task as SUCCESS. dag_id=get_crypto_dag, task_id=ETH, execution_date=20240228T000000, start_date=20240403T004445, end_date=20240403T004459
[2024-04-02 21:44:59,521] {local_task_job.py:156} INFO - Task exited with return code 0
[2024-04-02 21:44:59,655] {local_task_job.py:273} INFO - 0 downstream tasks scheduled from follow-on schedule check
[2024-04-02 22:48:07,061] {taskinstance.py:1159} INFO - Dependencies all met for <TaskInstance: get_crypto_dag.ETH scheduled__2024-02-28T00:00:00+00:00 [queued]>
[2024-04-02 22:48:07,126] {taskinstance.py:1159} INFO - Dependencies all met for <TaskInstance: get_crypto_dag.ETH scheduled__2024-02-28T00:00:00+00:00 [queued]>
[2024-04-02 22:48:07,129] {taskinstance.py:1356} INFO - 
--------------------------------------------------------------------------------
[2024-04-02 22:48:07,130] {taskinstance.py:1357} INFO - Starting attempt 1 of 1
[2024-04-02 22:48:07,130] {taskinstance.py:1358} INFO - 
--------------------------------------------------------------------------------
[2024-04-02 22:48:07,205] {taskinstance.py:1377} INFO - Executing <Task(_PythonDecoratedOperator): ETH> on 2024-02-28 00:00:00+00:00
[2024-04-02 22:48:07,225] {standard_task_runner.py:52} INFO - Started process 69787 to run task
[2024-04-02 22:48:07,246] {standard_task_runner.py:79} INFO - Running: ['airflow', 'tasks', 'run', 'get_crypto_dag', 'ETH', 'scheduled__2024-02-28T00:00:00+00:00', '--job-id', '982', '--raw', '--subdir', 'DAGS_FOLDER/get_crypto.py', '--cfg-path', '/tmp/tmpc2897z6d', '--error-file', '/tmp/tmpm5oopn5y']
[2024-04-02 22:48:07,248] {standard_task_runner.py:80} INFO - Job 982: Subtask ETH
[2024-04-02 22:48:07,507] {task_command.py:370} INFO - Running <TaskInstance: get_crypto_dag.ETH scheduled__2024-02-28T00:00:00+00:00 [running]> on host alexmend-virtual-machine
[2024-04-02 22:48:07,775] {taskinstance.py:1569} INFO - Exporting the following env vars:
AIRFLOW_CTX_DAG_OWNER=airflow
AIRFLOW_CTX_DAG_ID=get_crypto_dag
AIRFLOW_CTX_TASK_ID=ETH
AIRFLOW_CTX_EXECUTION_DATE=2024-02-28T00:00:00+00:00
AIRFLOW_CTX_TRY_NUMBER=1
AIRFLOW_CTX_DAG_RUN_ID=scheduled__2024-02-28T00:00:00+00:00
[2024-04-02 22:48:11,738] {history.py:90} ERROR - ETH: No timezone found, symbol may be delisted
[2024-04-02 22:48:21,816] {python.py:173} INFO - Done. Returned value was: None
[2024-04-02 22:48:22,176] {taskinstance.py:1395} INFO - Marking task as SUCCESS. dag_id=get_crypto_dag, task_id=ETH, execution_date=20240228T000000, start_date=20240403T014807, end_date=20240403T014822
[2024-04-02 22:48:22,334] {local_task_job.py:156} INFO - Task exited with return code 0
[2024-04-02 22:48:22,492] {local_task_job.py:273} INFO - 0 downstream tasks scheduled from follow-on schedule check
