[2024-04-02 13:12:26,838] {taskinstance.py:1159} INFO - Dependencies all met for <TaskInstance: get_stocks_dag.TSLA scheduled__2024-03-20T00:00:00+00:00 [queued]>
[2024-04-02 13:12:26,848] {taskinstance.py:1159} INFO - Dependencies all met for <TaskInstance: get_stocks_dag.TSLA scheduled__2024-03-20T00:00:00+00:00 [queued]>
[2024-04-02 13:12:26,849] {taskinstance.py:1356} INFO - 
--------------------------------------------------------------------------------
[2024-04-02 13:12:26,849] {taskinstance.py:1357} INFO - Starting attempt 1 of 1
[2024-04-02 13:12:26,849] {taskinstance.py:1358} INFO - 
--------------------------------------------------------------------------------
[2024-04-02 13:12:26,871] {taskinstance.py:1377} INFO - Executing <Task(_PythonDecoratedOperator): TSLA> on 2024-03-20 00:00:00+00:00
[2024-04-02 13:12:26,877] {standard_task_runner.py:52} INFO - Started process 13240 to run task
[2024-04-02 13:12:26,883] {standard_task_runner.py:79} INFO - Running: ['airflow', 'tasks', 'run', 'get_stocks_dag', 'TSLA', 'scheduled__2024-03-20T00:00:00+00:00', '--job-id', '234', '--raw', '--subdir', 'DAGS_FOLDER/get_stocks.py', '--cfg-path', '/tmp/tmp1j1p3ay8', '--error-file', '/tmp/tmpn6yt67ri']
[2024-04-02 13:12:26,885] {standard_task_runner.py:80} INFO - Job 234: Subtask TSLA
[2024-04-02 13:12:26,942] {task_command.py:370} INFO - Running <TaskInstance: get_stocks_dag.TSLA scheduled__2024-03-20T00:00:00+00:00 [running]> on host alexmend-virtual-machine
[2024-04-02 13:12:27,024] {taskinstance.py:1569} INFO - Exporting the following env vars:
AIRFLOW_CTX_DAG_OWNER=airflow
AIRFLOW_CTX_DAG_ID=get_stocks_dag
AIRFLOW_CTX_TASK_ID=TSLA
AIRFLOW_CTX_EXECUTION_DATE=2024-03-20T00:00:00+00:00
AIRFLOW_CTX_TRY_NUMBER=1
AIRFLOW_CTX_DAG_RUN_ID=scheduled__2024-03-20T00:00:00+00:00
[2024-04-02 13:12:27,697] {python.py:173} INFO - Done. Returned value was: None
[2024-04-02 13:12:27,708] {taskinstance.py:1395} INFO - Marking task as SUCCESS. dag_id=get_stocks_dag, task_id=TSLA, execution_date=20240320T000000, start_date=20240402T161226, end_date=20240402T161227
[2024-04-02 13:12:27,754] {local_task_job.py:156} INFO - Task exited with return code 0
[2024-04-02 13:12:27,786] {local_task_job.py:273} INFO - 0 downstream tasks scheduled from follow-on schedule check
[2024-04-02 17:19:54,662] {taskinstance.py:1159} INFO - Dependencies all met for <TaskInstance: get_stocks_dag.TSLA scheduled__2024-03-20T00:00:00+00:00 [queued]>
[2024-04-02 17:19:54,774] {taskinstance.py:1159} INFO - Dependencies all met for <TaskInstance: get_stocks_dag.TSLA scheduled__2024-03-20T00:00:00+00:00 [queued]>
[2024-04-02 17:19:54,774] {taskinstance.py:1356} INFO - 
--------------------------------------------------------------------------------
[2024-04-02 17:19:54,775] {taskinstance.py:1357} INFO - Starting attempt 1 of 1
[2024-04-02 17:19:54,775] {taskinstance.py:1358} INFO - 
--------------------------------------------------------------------------------
[2024-04-02 17:19:55,018] {taskinstance.py:1377} INFO - Executing <Task(_PythonDecoratedOperator): TSLA> on 2024-03-20 00:00:00+00:00
[2024-04-02 17:19:55,099] {standard_task_runner.py:52} INFO - Started process 8975 to run task
[2024-04-02 17:19:55,194] {standard_task_runner.py:79} INFO - Running: ['airflow', 'tasks', 'run', 'get_stocks_dag', 'TSLA', 'scheduled__2024-03-20T00:00:00+00:00', '--job-id', '211', '--raw', '--subdir', 'DAGS_FOLDER/get_stocks.py', '--cfg-path', '/tmp/tmp1tr69ua6', '--error-file', '/tmp/tmpae9rrem1']
[2024-04-02 17:19:55,228] {standard_task_runner.py:80} INFO - Job 211: Subtask TSLA
[2024-04-02 17:19:56,166] {task_command.py:370} INFO - Running <TaskInstance: get_stocks_dag.TSLA scheduled__2024-03-20T00:00:00+00:00 [running]> on host alexmend-virtual-machine
[2024-04-02 17:19:56,784] {taskinstance.py:1569} INFO - Exporting the following env vars:
AIRFLOW_CTX_DAG_OWNER=airflow
AIRFLOW_CTX_DAG_ID=get_stocks_dag
AIRFLOW_CTX_TASK_ID=TSLA
AIRFLOW_CTX_EXECUTION_DATE=2024-03-20T00:00:00+00:00
AIRFLOW_CTX_TRY_NUMBER=1
AIRFLOW_CTX_DAG_RUN_ID=scheduled__2024-03-20T00:00:00+00:00
[2024-04-02 17:19:58,924] {python.py:173} INFO - Done. Returned value was: None
[2024-04-02 17:19:59,142] {taskinstance.py:1395} INFO - Marking task as SUCCESS. dag_id=get_stocks_dag, task_id=TSLA, execution_date=20240320T000000, start_date=20240402T201954, end_date=20240402T201959
[2024-04-02 17:19:59,365] {local_task_job.py:156} INFO - Task exited with return code 0
[2024-04-02 17:19:59,872] {local_task_job.py:273} INFO - 0 downstream tasks scheduled from follow-on schedule check
[2024-04-02 17:47:15,950] {taskinstance.py:1159} INFO - Dependencies all met for <TaskInstance: get_stocks_dag.TSLA scheduled__2024-03-20T00:00:00+00:00 [queued]>
[2024-04-02 17:47:15,976] {taskinstance.py:1159} INFO - Dependencies all met for <TaskInstance: get_stocks_dag.TSLA scheduled__2024-03-20T00:00:00+00:00 [queued]>
[2024-04-02 17:47:15,977] {taskinstance.py:1356} INFO - 
--------------------------------------------------------------------------------
[2024-04-02 17:47:15,977] {taskinstance.py:1357} INFO - Starting attempt 1 of 1
[2024-04-02 17:47:15,978] {taskinstance.py:1358} INFO - 
--------------------------------------------------------------------------------
[2024-04-02 17:47:16,037] {taskinstance.py:1377} INFO - Executing <Task(_PythonDecoratedOperator): TSLA> on 2024-03-20 00:00:00+00:00
[2024-04-02 17:47:16,075] {standard_task_runner.py:52} INFO - Started process 24415 to run task
[2024-04-02 17:47:16,096] {standard_task_runner.py:79} INFO - Running: ['airflow', 'tasks', 'run', 'get_stocks_dag', 'TSLA', 'scheduled__2024-03-20T00:00:00+00:00', '--job-id', '475', '--raw', '--subdir', 'DAGS_FOLDER/get_stocks.py', '--cfg-path', '/tmp/tmpmh48qycx', '--error-file', '/tmp/tmposthamjw']
[2024-04-02 17:47:16,105] {standard_task_runner.py:80} INFO - Job 475: Subtask TSLA
[2024-04-02 17:47:16,453] {task_command.py:370} INFO - Running <TaskInstance: get_stocks_dag.TSLA scheduled__2024-03-20T00:00:00+00:00 [running]> on host alexmend-virtual-machine
[2024-04-02 17:47:16,684] {taskinstance.py:1569} INFO - Exporting the following env vars:
AIRFLOW_CTX_DAG_OWNER=airflow
AIRFLOW_CTX_DAG_ID=get_stocks_dag
AIRFLOW_CTX_TASK_ID=TSLA
AIRFLOW_CTX_EXECUTION_DATE=2024-03-20T00:00:00+00:00
AIRFLOW_CTX_TRY_NUMBER=1
AIRFLOW_CTX_DAG_RUN_ID=scheduled__2024-03-20T00:00:00+00:00
[2024-04-02 17:47:17,435] {python.py:173} INFO - Done. Returned value was: None
[2024-04-02 17:47:17,469] {taskinstance.py:1395} INFO - Marking task as SUCCESS. dag_id=get_stocks_dag, task_id=TSLA, execution_date=20240320T000000, start_date=20240402T204715, end_date=20240402T204717
[2024-04-02 17:47:17,536] {local_task_job.py:156} INFO - Task exited with return code 0
[2024-04-02 17:47:17,615] {local_task_job.py:273} INFO - 0 downstream tasks scheduled from follow-on schedule check
[2024-04-02 19:16:07,260] {taskinstance.py:1159} INFO - Dependencies all met for <TaskInstance: get_stocks_dag.TSLA scheduled__2024-03-20T00:00:00+00:00 [queued]>
[2024-04-02 19:16:07,277] {taskinstance.py:1159} INFO - Dependencies all met for <TaskInstance: get_stocks_dag.TSLA scheduled__2024-03-20T00:00:00+00:00 [queued]>
[2024-04-02 19:16:07,278] {taskinstance.py:1356} INFO - 
--------------------------------------------------------------------------------
[2024-04-02 19:16:07,278] {taskinstance.py:1357} INFO - Starting attempt 1 of 1
[2024-04-02 19:16:07,279] {taskinstance.py:1358} INFO - 
--------------------------------------------------------------------------------
[2024-04-02 19:16:07,301] {taskinstance.py:1377} INFO - Executing <Task(_PythonDecoratedOperator): TSLA> on 2024-03-20 00:00:00+00:00
[2024-04-02 19:16:07,308] {standard_task_runner.py:52} INFO - Started process 15604 to run task
[2024-04-02 19:16:07,316] {standard_task_runner.py:79} INFO - Running: ['airflow', 'tasks', 'run', 'get_stocks_dag', 'TSLA', 'scheduled__2024-03-20T00:00:00+00:00', '--job-id', '579', '--raw', '--subdir', 'DAGS_FOLDER/get_stocks.py', '--cfg-path', '/tmp/tmpm11tm9pl', '--error-file', '/tmp/tmpbkpt9mqo']
[2024-04-02 19:16:07,318] {standard_task_runner.py:80} INFO - Job 579: Subtask TSLA
[2024-04-02 19:16:07,436] {task_command.py:370} INFO - Running <TaskInstance: get_stocks_dag.TSLA scheduled__2024-03-20T00:00:00+00:00 [running]> on host alexmend-virtual-machine
[2024-04-02 19:16:07,559] {taskinstance.py:1569} INFO - Exporting the following env vars:
AIRFLOW_CTX_DAG_OWNER=airflow
AIRFLOW_CTX_DAG_ID=get_stocks_dag
AIRFLOW_CTX_TASK_ID=TSLA
AIRFLOW_CTX_EXECUTION_DATE=2024-03-20T00:00:00+00:00
AIRFLOW_CTX_TRY_NUMBER=1
AIRFLOW_CTX_DAG_RUN_ID=scheduled__2024-03-20T00:00:00+00:00
[2024-04-02 19:16:08,179] {python.py:173} INFO - Done. Returned value was: None
[2024-04-02 19:16:08,228] {taskinstance.py:1395} INFO - Marking task as SUCCESS. dag_id=get_stocks_dag, task_id=TSLA, execution_date=20240320T000000, start_date=20240402T221607, end_date=20240402T221608
[2024-04-02 19:16:08,309] {local_task_job.py:156} INFO - Task exited with return code 0
[2024-04-02 19:16:08,417] {local_task_job.py:273} INFO - 0 downstream tasks scheduled from follow-on schedule check
[2024-04-02 20:40:09,685] {taskinstance.py:1159} INFO - Dependencies all met for <TaskInstance: get_stocks_dag.TSLA scheduled__2024-03-20T00:00:00+00:00 [queued]>
[2024-04-02 20:40:09,703] {taskinstance.py:1159} INFO - Dependencies all met for <TaskInstance: get_stocks_dag.TSLA scheduled__2024-03-20T00:00:00+00:00 [queued]>
[2024-04-02 20:40:09,703] {taskinstance.py:1356} INFO - 
--------------------------------------------------------------------------------
[2024-04-02 20:40:09,703] {taskinstance.py:1357} INFO - Starting attempt 1 of 1
[2024-04-02 20:40:09,703] {taskinstance.py:1358} INFO - 
--------------------------------------------------------------------------------
[2024-04-02 20:40:09,721] {taskinstance.py:1377} INFO - Executing <Task(_PythonDecoratedOperator): TSLA> on 2024-03-20 00:00:00+00:00
[2024-04-02 20:40:09,729] {standard_task_runner.py:52} INFO - Started process 27072 to run task
[2024-04-02 20:40:09,737] {standard_task_runner.py:79} INFO - Running: ['airflow', 'tasks', 'run', 'get_stocks_dag', 'TSLA', 'scheduled__2024-03-20T00:00:00+00:00', '--job-id', '680', '--raw', '--subdir', 'DAGS_FOLDER/get_stocks.py', '--cfg-path', '/tmp/tmpd982qdv3', '--error-file', '/tmp/tmpaixe36sq']
[2024-04-02 20:40:09,739] {standard_task_runner.py:80} INFO - Job 680: Subtask TSLA
[2024-04-02 20:40:09,853] {task_command.py:370} INFO - Running <TaskInstance: get_stocks_dag.TSLA scheduled__2024-03-20T00:00:00+00:00 [running]> on host alexmend-virtual-machine
[2024-04-02 20:40:09,977] {taskinstance.py:1569} INFO - Exporting the following env vars:
AIRFLOW_CTX_DAG_OWNER=airflow
AIRFLOW_CTX_DAG_ID=get_stocks_dag
AIRFLOW_CTX_TASK_ID=TSLA
AIRFLOW_CTX_EXECUTION_DATE=2024-03-20T00:00:00+00:00
AIRFLOW_CTX_TRY_NUMBER=1
AIRFLOW_CTX_DAG_RUN_ID=scheduled__2024-03-20T00:00:00+00:00
[2024-04-02 20:40:10,626] {python.py:173} INFO - Done. Returned value was: None
[2024-04-02 20:40:10,663] {taskinstance.py:1395} INFO - Marking task as SUCCESS. dag_id=get_stocks_dag, task_id=TSLA, execution_date=20240320T000000, start_date=20240402T234009, end_date=20240402T234010
[2024-04-02 20:40:10,719] {local_task_job.py:156} INFO - Task exited with return code 0
[2024-04-02 20:40:10,785] {local_task_job.py:273} INFO - 0 downstream tasks scheduled from follow-on schedule check
[2024-04-02 21:52:15,670] {taskinstance.py:1159} INFO - Dependencies all met for <TaskInstance: get_stocks_dag.TSLA scheduled__2024-03-20T00:00:00+00:00 [queued]>
[2024-04-02 21:52:15,731] {taskinstance.py:1159} INFO - Dependencies all met for <TaskInstance: get_stocks_dag.TSLA scheduled__2024-03-20T00:00:00+00:00 [queued]>
[2024-04-02 21:52:15,732] {taskinstance.py:1356} INFO - 
--------------------------------------------------------------------------------
[2024-04-02 21:52:15,732] {taskinstance.py:1357} INFO - Starting attempt 1 of 1
[2024-04-02 21:52:15,732] {taskinstance.py:1358} INFO - 
--------------------------------------------------------------------------------
[2024-04-02 21:52:15,829] {taskinstance.py:1377} INFO - Executing <Task(_PythonDecoratedOperator): TSLA> on 2024-03-20 00:00:00+00:00
[2024-04-02 21:52:15,858] {standard_task_runner.py:52} INFO - Started process 52689 to run task
[2024-04-02 21:52:15,912] {standard_task_runner.py:79} INFO - Running: ['airflow', 'tasks', 'run', 'get_stocks_dag', 'TSLA', 'scheduled__2024-03-20T00:00:00+00:00', '--job-id', '841', '--raw', '--subdir', 'DAGS_FOLDER/get_stocks.py', '--cfg-path', '/tmp/tmpi416e90v', '--error-file', '/tmp/tmptafpywlc']
[2024-04-02 21:52:15,915] {standard_task_runner.py:80} INFO - Job 841: Subtask TSLA
[2024-04-02 21:52:16,187] {task_command.py:370} INFO - Running <TaskInstance: get_stocks_dag.TSLA scheduled__2024-03-20T00:00:00+00:00 [running]> on host alexmend-virtual-machine
[2024-04-02 21:52:16,627] {taskinstance.py:1569} INFO - Exporting the following env vars:
AIRFLOW_CTX_DAG_OWNER=airflow
AIRFLOW_CTX_DAG_ID=get_stocks_dag
AIRFLOW_CTX_TASK_ID=TSLA
AIRFLOW_CTX_EXECUTION_DATE=2024-03-20T00:00:00+00:00
AIRFLOW_CTX_TRY_NUMBER=1
AIRFLOW_CTX_DAG_RUN_ID=scheduled__2024-03-20T00:00:00+00:00
[2024-04-02 21:52:27,518] {python.py:173} INFO - Done. Returned value was: None
[2024-04-02 21:52:27,594] {taskinstance.py:1395} INFO - Marking task as SUCCESS. dag_id=get_stocks_dag, task_id=TSLA, execution_date=20240320T000000, start_date=20240403T005215, end_date=20240403T005227
[2024-04-02 21:52:27,682] {local_task_job.py:156} INFO - Task exited with return code 0
[2024-04-02 21:52:27,963] {local_task_job.py:273} INFO - 0 downstream tasks scheduled from follow-on schedule check
[2024-04-02 23:09:09,009] {taskinstance.py:1159} INFO - Dependencies all met for <TaskInstance: get_stocks_dag.TSLA scheduled__2024-03-20T00:00:00+00:00 [queued]>
[2024-04-02 23:09:09,047] {taskinstance.py:1159} INFO - Dependencies all met for <TaskInstance: get_stocks_dag.TSLA scheduled__2024-03-20T00:00:00+00:00 [queued]>
[2024-04-02 23:09:09,047] {taskinstance.py:1356} INFO - 
--------------------------------------------------------------------------------
[2024-04-02 23:09:09,048] {taskinstance.py:1357} INFO - Starting attempt 1 of 1
[2024-04-02 23:09:09,048] {taskinstance.py:1358} INFO - 
--------------------------------------------------------------------------------
[2024-04-02 23:09:09,104] {taskinstance.py:1377} INFO - Executing <Task(_PythonDecoratedOperator): TSLA> on 2024-03-20 00:00:00+00:00
[2024-04-02 23:09:09,117] {standard_task_runner.py:52} INFO - Started process 80966 to run task
[2024-04-02 23:09:09,141] {standard_task_runner.py:79} INFO - Running: ['airflow', 'tasks', 'run', 'get_stocks_dag', 'TSLA', 'scheduled__2024-03-20T00:00:00+00:00', '--job-id', '1128', '--raw', '--subdir', 'DAGS_FOLDER/get_stocks.py', '--cfg-path', '/tmp/tmpcukawagt', '--error-file', '/tmp/tmp2tdshyvi']
[2024-04-02 23:09:09,151] {standard_task_runner.py:80} INFO - Job 1128: Subtask TSLA
[2024-04-02 23:09:09,376] {task_command.py:370} INFO - Running <TaskInstance: get_stocks_dag.TSLA scheduled__2024-03-20T00:00:00+00:00 [running]> on host alexmend-virtual-machine
[2024-04-02 23:09:09,632] {taskinstance.py:1569} INFO - Exporting the following env vars:
AIRFLOW_CTX_DAG_OWNER=airflow
AIRFLOW_CTX_DAG_ID=get_stocks_dag
AIRFLOW_CTX_TASK_ID=TSLA
AIRFLOW_CTX_EXECUTION_DATE=2024-03-20T00:00:00+00:00
AIRFLOW_CTX_TRY_NUMBER=1
AIRFLOW_CTX_DAG_RUN_ID=scheduled__2024-03-20T00:00:00+00:00
[2024-04-02 23:09:20,507] {python.py:173} INFO - Done. Returned value was: None
[2024-04-02 23:09:20,531] {taskinstance.py:1395} INFO - Marking task as SUCCESS. dag_id=get_stocks_dag, task_id=TSLA, execution_date=20240320T000000, start_date=20240403T020909, end_date=20240403T020920
[2024-04-02 23:09:20,572] {local_task_job.py:156} INFO - Task exited with return code 0
[2024-04-02 23:09:20,627] {local_task_job.py:273} INFO - 0 downstream tasks scheduled from follow-on schedule check
