[2024-04-02 21:54:27,532] {taskinstance.py:1159} INFO - Dependencies all met for <TaskInstance: get_crypto_dag.ETH scheduled__2024-03-12T00:00:00+00:00 [queued]>
[2024-04-02 21:54:27,557] {taskinstance.py:1159} INFO - Dependencies all met for <TaskInstance: get_crypto_dag.ETH scheduled__2024-03-12T00:00:00+00:00 [queued]>
[2024-04-02 21:54:27,557] {taskinstance.py:1356} INFO - 
--------------------------------------------------------------------------------
[2024-04-02 21:54:27,558] {taskinstance.py:1357} INFO - Starting attempt 1 of 1
[2024-04-02 21:54:27,558] {taskinstance.py:1358} INFO - 
--------------------------------------------------------------------------------
[2024-04-02 21:54:27,588] {taskinstance.py:1377} INFO - Executing <Task(_PythonDecoratedOperator): ETH> on 2024-03-12 00:00:00+00:00
[2024-04-02 21:54:27,601] {standard_task_runner.py:52} INFO - Started process 53488 to run task
[2024-04-02 21:54:27,612] {standard_task_runner.py:79} INFO - Running: ['airflow', 'tasks', 'run', 'get_crypto_dag', 'ETH', 'scheduled__2024-03-12T00:00:00+00:00', '--job-id', '854', '--raw', '--subdir', 'DAGS_FOLDER/get_crypto.py', '--cfg-path', '/tmp/tmp_36588xc', '--error-file', '/tmp/tmpug72tjea']
[2024-04-02 21:54:27,615] {standard_task_runner.py:80} INFO - Job 854: Subtask ETH
[2024-04-02 21:54:27,940] {task_command.py:370} INFO - Running <TaskInstance: get_crypto_dag.ETH scheduled__2024-03-12T00:00:00+00:00 [running]> on host alexmend-virtual-machine
[2024-04-02 21:54:28,244] {taskinstance.py:1569} INFO - Exporting the following env vars:
AIRFLOW_CTX_DAG_OWNER=airflow
AIRFLOW_CTX_DAG_ID=get_crypto_dag
AIRFLOW_CTX_TASK_ID=ETH
AIRFLOW_CTX_EXECUTION_DATE=2024-03-12T00:00:00+00:00
AIRFLOW_CTX_TRY_NUMBER=1
AIRFLOW_CTX_DAG_RUN_ID=scheduled__2024-03-12T00:00:00+00:00
[2024-04-02 21:54:32,354] {history.py:90} ERROR - ETH: No timezone found, symbol may be delisted
[2024-04-02 21:54:42,390] {python.py:173} INFO - Done. Returned value was: None
[2024-04-02 21:54:42,453] {taskinstance.py:1395} INFO - Marking task as SUCCESS. dag_id=get_crypto_dag, task_id=ETH, execution_date=20240312T000000, start_date=20240403T005427, end_date=20240403T005442
[2024-04-02 21:54:42,536] {local_task_job.py:156} INFO - Task exited with return code 0
[2024-04-02 21:54:42,598] {local_task_job.py:273} INFO - 0 downstream tasks scheduled from follow-on schedule check
[2024-04-02 23:02:11,251] {taskinstance.py:1159} INFO - Dependencies all met for <TaskInstance: get_crypto_dag.ETH scheduled__2024-03-12T00:00:00+00:00 [queued]>
[2024-04-02 23:02:11,282] {taskinstance.py:1159} INFO - Dependencies all met for <TaskInstance: get_crypto_dag.ETH scheduled__2024-03-12T00:00:00+00:00 [queued]>
[2024-04-02 23:02:11,282] {taskinstance.py:1356} INFO - 
--------------------------------------------------------------------------------
[2024-04-02 23:02:11,282] {taskinstance.py:1357} INFO - Starting attempt 1 of 1
[2024-04-02 23:02:11,282] {taskinstance.py:1358} INFO - 
--------------------------------------------------------------------------------
[2024-04-02 23:02:11,318] {taskinstance.py:1377} INFO - Executing <Task(_PythonDecoratedOperator): ETH> on 2024-03-12 00:00:00+00:00
[2024-04-02 23:02:11,339] {standard_task_runner.py:52} INFO - Started process 76915 to run task
[2024-04-02 23:02:11,367] {standard_task_runner.py:79} INFO - Running: ['airflow', 'tasks', 'run', 'get_crypto_dag', 'ETH', 'scheduled__2024-03-12T00:00:00+00:00', '--job-id', '1075', '--raw', '--subdir', 'DAGS_FOLDER/get_crypto.py', '--cfg-path', '/tmp/tmp10lfhiqf', '--error-file', '/tmp/tmp53u2tet7']
[2024-04-02 23:02:11,376] {standard_task_runner.py:80} INFO - Job 1075: Subtask ETH
[2024-04-02 23:02:11,589] {task_command.py:370} INFO - Running <TaskInstance: get_crypto_dag.ETH scheduled__2024-03-12T00:00:00+00:00 [running]> on host alexmend-virtual-machine
[2024-04-02 23:02:11,880] {taskinstance.py:1569} INFO - Exporting the following env vars:
AIRFLOW_CTX_DAG_OWNER=airflow
AIRFLOW_CTX_DAG_ID=get_crypto_dag
AIRFLOW_CTX_TASK_ID=ETH
AIRFLOW_CTX_EXECUTION_DATE=2024-03-12T00:00:00+00:00
AIRFLOW_CTX_TRY_NUMBER=1
AIRFLOW_CTX_DAG_RUN_ID=scheduled__2024-03-12T00:00:00+00:00
[2024-04-02 23:02:16,003] {history.py:90} ERROR - ETH: No timezone found, symbol may be delisted
[2024-04-02 23:02:26,019] {python.py:173} INFO - Done. Returned value was: None
[2024-04-02 23:02:26,053] {taskinstance.py:1395} INFO - Marking task as SUCCESS. dag_id=get_crypto_dag, task_id=ETH, execution_date=20240312T000000, start_date=20240403T020211, end_date=20240403T020226
[2024-04-02 23:02:26,125] {local_task_job.py:156} INFO - Task exited with return code 0
[2024-04-02 23:02:26,219] {local_task_job.py:273} INFO - 0 downstream tasks scheduled from follow-on schedule check
