[2024-04-02 12:57:17,618] {taskinstance.py:1159} INFO - Dependencies all met for <TaskInstance: get_stocks_dag.TSLA scheduled__2024-01-05T00:00:00+00:00 [queued]>
[2024-04-02 12:57:17,628] {taskinstance.py:1159} INFO - Dependencies all met for <TaskInstance: get_stocks_dag.TSLA scheduled__2024-01-05T00:00:00+00:00 [queued]>
[2024-04-02 12:57:17,628] {taskinstance.py:1356} INFO - 
--------------------------------------------------------------------------------
[2024-04-02 12:57:17,628] {taskinstance.py:1357} INFO - Starting attempt 1 of 1
[2024-04-02 12:57:17,628] {taskinstance.py:1358} INFO - 
--------------------------------------------------------------------------------
[2024-04-02 12:57:17,658] {taskinstance.py:1377} INFO - Executing <Task(_PythonDecoratedOperator): TSLA> on 2024-01-05 00:00:00+00:00
[2024-04-02 12:57:17,664] {standard_task_runner.py:52} INFO - Started process 8117 to run task
[2024-04-02 12:57:17,668] {standard_task_runner.py:79} INFO - Running: ['airflow', 'tasks', 'run', 'get_stocks_dag', 'TSLA', 'scheduled__2024-01-05T00:00:00+00:00', '--job-id', '22', '--raw', '--subdir', 'DAGS_FOLDER/get_stocks.py', '--cfg-path', '/tmp/tmp0s9z3e00', '--error-file', '/tmp/tmp751nfu28']
[2024-04-02 12:57:17,669] {standard_task_runner.py:80} INFO - Job 22: Subtask TSLA
[2024-04-02 12:57:17,732] {task_command.py:370} INFO - Running <TaskInstance: get_stocks_dag.TSLA scheduled__2024-01-05T00:00:00+00:00 [running]> on host alexmend-virtual-machine
[2024-04-02 12:57:17,811] {taskinstance.py:1569} INFO - Exporting the following env vars:
AIRFLOW_CTX_DAG_OWNER=airflow
AIRFLOW_CTX_DAG_ID=get_stocks_dag
AIRFLOW_CTX_TASK_ID=TSLA
AIRFLOW_CTX_EXECUTION_DATE=2024-01-05T00:00:00+00:00
AIRFLOW_CTX_TRY_NUMBER=1
AIRFLOW_CTX_DAG_RUN_ID=scheduled__2024-01-05T00:00:00+00:00
[2024-04-02 12:57:18,552] {python.py:173} INFO - Done. Returned value was: None
[2024-04-02 12:57:18,567] {taskinstance.py:1395} INFO - Marking task as SUCCESS. dag_id=get_stocks_dag, task_id=TSLA, execution_date=20240105T000000, start_date=20240402T155717, end_date=20240402T155718
[2024-04-02 12:57:18,609] {local_task_job.py:156} INFO - Task exited with return code 0
[2024-04-02 12:57:18,640] {local_task_job.py:273} INFO - 0 downstream tasks scheduled from follow-on schedule check
[2024-04-02 17:41:55,478] {taskinstance.py:1159} INFO - Dependencies all met for <TaskInstance: get_stocks_dag.TSLA scheduled__2024-01-05T00:00:00+00:00 [queued]>
[2024-04-02 17:41:55,498] {taskinstance.py:1159} INFO - Dependencies all met for <TaskInstance: get_stocks_dag.TSLA scheduled__2024-01-05T00:00:00+00:00 [queued]>
[2024-04-02 17:41:55,499] {taskinstance.py:1356} INFO - 
--------------------------------------------------------------------------------
[2024-04-02 17:41:55,499] {taskinstance.py:1357} INFO - Starting attempt 1 of 1
[2024-04-02 17:41:55,499] {taskinstance.py:1358} INFO - 
--------------------------------------------------------------------------------
[2024-04-02 17:41:55,521] {taskinstance.py:1377} INFO - Executing <Task(_PythonDecoratedOperator): TSLA> on 2024-01-05 00:00:00+00:00
[2024-04-02 17:41:55,535] {standard_task_runner.py:52} INFO - Started process 18152 to run task
[2024-04-02 17:41:55,546] {standard_task_runner.py:79} INFO - Running: ['airflow', 'tasks', 'run', 'get_stocks_dag', 'TSLA', 'scheduled__2024-01-05T00:00:00+00:00', '--job-id', '265', '--raw', '--subdir', 'DAGS_FOLDER/get_stocks.py', '--cfg-path', '/tmp/tmpu336ltv5', '--error-file', '/tmp/tmp6ly1tuyq']
[2024-04-02 17:41:55,552] {standard_task_runner.py:80} INFO - Job 265: Subtask TSLA
[2024-04-02 17:41:55,709] {task_command.py:370} INFO - Running <TaskInstance: get_stocks_dag.TSLA scheduled__2024-01-05T00:00:00+00:00 [running]> on host alexmend-virtual-machine
[2024-04-02 17:41:55,872] {taskinstance.py:1569} INFO - Exporting the following env vars:
AIRFLOW_CTX_DAG_OWNER=airflow
AIRFLOW_CTX_DAG_ID=get_stocks_dag
AIRFLOW_CTX_TASK_ID=TSLA
AIRFLOW_CTX_EXECUTION_DATE=2024-01-05T00:00:00+00:00
AIRFLOW_CTX_TRY_NUMBER=1
AIRFLOW_CTX_DAG_RUN_ID=scheduled__2024-01-05T00:00:00+00:00
[2024-04-02 17:41:56,499] {python.py:173} INFO - Done. Returned value was: None
[2024-04-02 17:41:56,534] {taskinstance.py:1395} INFO - Marking task as SUCCESS. dag_id=get_stocks_dag, task_id=TSLA, execution_date=20240105T000000, start_date=20240402T204155, end_date=20240402T204156
[2024-04-02 17:41:56,603] {local_task_job.py:156} INFO - Task exited with return code 0
[2024-04-02 17:41:56,676] {local_task_job.py:273} INFO - 0 downstream tasks scheduled from follow-on schedule check
