[2024-04-02 22:04:20,771] {taskinstance.py:1159} INFO - Dependencies all met for <TaskInstance: get_crypto_dag.ETH scheduled__2024-03-31T00:00:00+00:00 [queued]>
[2024-04-02 22:04:20,785] {taskinstance.py:1159} INFO - Dependencies all met for <TaskInstance: get_crypto_dag.ETH scheduled__2024-03-31T00:00:00+00:00 [queued]>
[2024-04-02 22:04:20,785] {taskinstance.py:1356} INFO - 
--------------------------------------------------------------------------------
[2024-04-02 22:04:20,785] {taskinstance.py:1357} INFO - Starting attempt 1 of 1
[2024-04-02 22:04:20,785] {taskinstance.py:1358} INFO - 
--------------------------------------------------------------------------------
[2024-04-02 22:04:20,803] {taskinstance.py:1377} INFO - Executing <Task(_PythonDecoratedOperator): ETH> on 2024-03-31 00:00:00+00:00
[2024-04-02 22:04:20,813] {standard_task_runner.py:52} INFO - Started process 60383 to run task
[2024-04-02 22:04:20,823] {standard_task_runner.py:79} INFO - Running: ['airflow', 'tasks', 'run', 'get_crypto_dag', 'ETH', 'scheduled__2024-03-31T00:00:00+00:00', '--job-id', '958', '--raw', '--subdir', 'DAGS_FOLDER/get_crypto.py', '--cfg-path', '/tmp/tmptydrbfzd', '--error-file', '/tmp/tmpbvpo3w3w']
[2024-04-02 22:04:20,825] {standard_task_runner.py:80} INFO - Job 958: Subtask ETH
[2024-04-02 22:04:20,982] {task_command.py:370} INFO - Running <TaskInstance: get_crypto_dag.ETH scheduled__2024-03-31T00:00:00+00:00 [running]> on host alexmend-virtual-machine
[2024-04-02 22:04:21,145] {taskinstance.py:1569} INFO - Exporting the following env vars:
AIRFLOW_CTX_DAG_OWNER=airflow
AIRFLOW_CTX_DAG_ID=get_crypto_dag
AIRFLOW_CTX_TASK_ID=ETH
AIRFLOW_CTX_EXECUTION_DATE=2024-03-31T00:00:00+00:00
AIRFLOW_CTX_TRY_NUMBER=1
AIRFLOW_CTX_DAG_RUN_ID=scheduled__2024-03-31T00:00:00+00:00
[2024-04-02 22:04:25,131] {history.py:90} ERROR - ETH: No timezone found, symbol may be delisted
[2024-04-02 22:04:35,154] {python.py:173} INFO - Done. Returned value was: None
[2024-04-02 22:04:35,206] {taskinstance.py:1395} INFO - Marking task as SUCCESS. dag_id=get_crypto_dag, task_id=ETH, execution_date=20240331T000000, start_date=20240403T010420, end_date=20240403T010435
[2024-04-02 22:04:35,270] {local_task_job.py:156} INFO - Task exited with return code 0
[2024-04-02 22:04:35,324] {local_task_job.py:273} INFO - 0 downstream tasks scheduled from follow-on schedule check
[2024-04-02 23:20:24,990] {taskinstance.py:1159} INFO - Dependencies all met for <TaskInstance: get_crypto_dag.ETH scheduled__2024-03-31T00:00:00+00:00 [queued]>
[2024-04-02 23:20:25,014] {taskinstance.py:1159} INFO - Dependencies all met for <TaskInstance: get_crypto_dag.ETH scheduled__2024-03-31T00:00:00+00:00 [queued]>
[2024-04-02 23:20:25,014] {taskinstance.py:1356} INFO - 
--------------------------------------------------------------------------------
[2024-04-02 23:20:25,015] {taskinstance.py:1357} INFO - Starting attempt 1 of 1
[2024-04-02 23:20:25,015] {taskinstance.py:1358} INFO - 
--------------------------------------------------------------------------------
[2024-04-02 23:20:25,041] {taskinstance.py:1377} INFO - Executing <Task(_PythonDecoratedOperator): ETH> on 2024-03-31 00:00:00+00:00
[2024-04-02 23:20:25,052] {standard_task_runner.py:52} INFO - Started process 87081 to run task
[2024-04-02 23:20:25,065] {standard_task_runner.py:79} INFO - Running: ['airflow', 'tasks', 'run', 'get_crypto_dag', 'ETH', 'scheduled__2024-03-31T00:00:00+00:00', '--job-id', '1207', '--raw', '--subdir', 'DAGS_FOLDER/get_crypto.py', '--cfg-path', '/tmp/tmpm1nuuhxg', '--error-file', '/tmp/tmpkuc8_thb']
[2024-04-02 23:20:25,068] {standard_task_runner.py:80} INFO - Job 1207: Subtask ETH
[2024-04-02 23:20:25,224] {task_command.py:370} INFO - Running <TaskInstance: get_crypto_dag.ETH scheduled__2024-03-31T00:00:00+00:00 [running]> on host alexmend-virtual-machine
[2024-04-02 23:20:25,390] {taskinstance.py:1569} INFO - Exporting the following env vars:
AIRFLOW_CTX_DAG_OWNER=airflow
AIRFLOW_CTX_DAG_ID=get_crypto_dag
AIRFLOW_CTX_TASK_ID=ETH
AIRFLOW_CTX_EXECUTION_DATE=2024-03-31T00:00:00+00:00
AIRFLOW_CTX_TRY_NUMBER=1
AIRFLOW_CTX_DAG_RUN_ID=scheduled__2024-03-31T00:00:00+00:00
[2024-04-02 23:20:32,746] {history.py:90} ERROR - ETH: No timezone found, symbol may be delisted
[2024-04-02 23:20:42,767] {python.py:173} INFO - Done. Returned value was: None
[2024-04-02 23:20:42,805] {taskinstance.py:1395} INFO - Marking task as SUCCESS. dag_id=get_crypto_dag, task_id=ETH, execution_date=20240331T000000, start_date=20240403T022024, end_date=20240403T022042
[2024-04-02 23:20:42,872] {local_task_job.py:156} INFO - Task exited with return code 0
[2024-04-02 23:20:42,933] {local_task_job.py:273} INFO - 0 downstream tasks scheduled from follow-on schedule check
