[2024-04-02 13:00:10,972] {taskinstance.py:1159} INFO - Dependencies all met for <TaskInstance: get_stocks_dag.TSLA scheduled__2024-01-17T00:00:00+00:00 [queued]>
[2024-04-02 13:00:10,980] {taskinstance.py:1159} INFO - Dependencies all met for <TaskInstance: get_stocks_dag.TSLA scheduled__2024-01-17T00:00:00+00:00 [queued]>
[2024-04-02 13:00:10,980] {taskinstance.py:1356} INFO - 
--------------------------------------------------------------------------------
[2024-04-02 13:00:10,980] {taskinstance.py:1357} INFO - Starting attempt 1 of 1
[2024-04-02 13:00:10,980] {taskinstance.py:1358} INFO - 
--------------------------------------------------------------------------------
[2024-04-02 13:00:10,997] {taskinstance.py:1377} INFO - Executing <Task(_PythonDecoratedOperator): TSLA> on 2024-01-17 00:00:00+00:00
[2024-04-02 13:00:11,003] {standard_task_runner.py:52} INFO - Started process 8935 to run task
[2024-04-02 13:00:11,009] {standard_task_runner.py:79} INFO - Running: ['airflow', 'tasks', 'run', 'get_stocks_dag', 'TSLA', 'scheduled__2024-01-17T00:00:00+00:00', '--job-id', '54', '--raw', '--subdir', 'DAGS_FOLDER/get_stocks.py', '--cfg-path', '/tmp/tmpgrk22ibr', '--error-file', '/tmp/tmpqfjle5i1']
[2024-04-02 13:00:11,010] {standard_task_runner.py:80} INFO - Job 54: Subtask TSLA
[2024-04-02 13:00:11,088] {task_command.py:370} INFO - Running <TaskInstance: get_stocks_dag.TSLA scheduled__2024-01-17T00:00:00+00:00 [running]> on host alexmend-virtual-machine
[2024-04-02 13:00:11,157] {taskinstance.py:1569} INFO - Exporting the following env vars:
AIRFLOW_CTX_DAG_OWNER=airflow
AIRFLOW_CTX_DAG_ID=get_stocks_dag
AIRFLOW_CTX_TASK_ID=TSLA
AIRFLOW_CTX_EXECUTION_DATE=2024-01-17T00:00:00+00:00
AIRFLOW_CTX_TRY_NUMBER=1
AIRFLOW_CTX_DAG_RUN_ID=scheduled__2024-01-17T00:00:00+00:00
[2024-04-02 13:00:11,867] {python.py:173} INFO - Done. Returned value was: None
[2024-04-02 13:00:11,880] {taskinstance.py:1395} INFO - Marking task as SUCCESS. dag_id=get_stocks_dag, task_id=TSLA, execution_date=20240117T000000, start_date=20240402T160010, end_date=20240402T160011
[2024-04-02 13:00:11,907] {local_task_job.py:156} INFO - Task exited with return code 0
[2024-04-02 13:00:11,931] {local_task_job.py:273} INFO - 0 downstream tasks scheduled from follow-on schedule check
[2024-04-02 17:17:18,412] {taskinstance.py:1159} INFO - Dependencies all met for <TaskInstance: get_stocks_dag.TSLA scheduled__2024-01-17T00:00:00+00:00 [queued]>
[2024-04-02 17:17:18,485] {taskinstance.py:1159} INFO - Dependencies all met for <TaskInstance: get_stocks_dag.TSLA scheduled__2024-01-17T00:00:00+00:00 [queued]>
[2024-04-02 17:17:18,485] {taskinstance.py:1356} INFO - 
--------------------------------------------------------------------------------
[2024-04-02 17:17:18,485] {taskinstance.py:1357} INFO - Starting attempt 1 of 1
[2024-04-02 17:17:18,485] {taskinstance.py:1358} INFO - 
--------------------------------------------------------------------------------
[2024-04-02 17:17:18,610] {taskinstance.py:1377} INFO - Executing <Task(_PythonDecoratedOperator): TSLA> on 2024-01-17 00:00:00+00:00
[2024-04-02 17:17:18,755] {standard_task_runner.py:79} INFO - Running: ['airflow', 'tasks', 'run', 'get_stocks_dag', 'TSLA', 'scheduled__2024-01-17T00:00:00+00:00', '--job-id', '34', '--raw', '--subdir', 'DAGS_FOLDER/get_stocks.py', '--cfg-path', '/tmp/tmp2yd436u6', '--error-file', '/tmp/tmpbat6mq_u']
[2024-04-02 17:17:18,763] {standard_task_runner.py:80} INFO - Job 34: Subtask TSLA
[2024-04-02 17:17:18,725] {standard_task_runner.py:52} INFO - Started process 4559 to run task
[2024-04-02 17:17:19,143] {task_command.py:370} INFO - Running <TaskInstance: get_stocks_dag.TSLA scheduled__2024-01-17T00:00:00+00:00 [running]> on host alexmend-virtual-machine
[2024-04-02 17:17:20,089] {taskinstance.py:1569} INFO - Exporting the following env vars:
AIRFLOW_CTX_DAG_OWNER=airflow
AIRFLOW_CTX_DAG_ID=get_stocks_dag
AIRFLOW_CTX_TASK_ID=TSLA
AIRFLOW_CTX_EXECUTION_DATE=2024-01-17T00:00:00+00:00
AIRFLOW_CTX_TRY_NUMBER=1
AIRFLOW_CTX_DAG_RUN_ID=scheduled__2024-01-17T00:00:00+00:00
[2024-04-02 17:17:22,230] {python.py:173} INFO - Done. Returned value was: None
[2024-04-02 17:17:22,474] {taskinstance.py:1395} INFO - Marking task as SUCCESS. dag_id=get_stocks_dag, task_id=TSLA, execution_date=20240117T000000, start_date=20240402T201718, end_date=20240402T201722
[2024-04-02 17:17:22,719] {local_task_job.py:156} INFO - Task exited with return code 0
[2024-04-02 17:17:22,902] {local_task_job.py:273} INFO - 0 downstream tasks scheduled from follow-on schedule check
[2024-04-02 17:42:55,322] {taskinstance.py:1159} INFO - Dependencies all met for <TaskInstance: get_stocks_dag.TSLA scheduled__2024-01-17T00:00:00+00:00 [queued]>
[2024-04-02 17:42:55,337] {taskinstance.py:1159} INFO - Dependencies all met for <TaskInstance: get_stocks_dag.TSLA scheduled__2024-01-17T00:00:00+00:00 [queued]>
[2024-04-02 17:42:55,338] {taskinstance.py:1356} INFO - 
--------------------------------------------------------------------------------
[2024-04-02 17:42:55,338] {taskinstance.py:1357} INFO - Starting attempt 1 of 1
[2024-04-02 17:42:55,338] {taskinstance.py:1358} INFO - 
--------------------------------------------------------------------------------
[2024-04-02 17:42:55,358] {taskinstance.py:1377} INFO - Executing <Task(_PythonDecoratedOperator): TSLA> on 2024-01-17 00:00:00+00:00
[2024-04-02 17:42:55,365] {standard_task_runner.py:52} INFO - Started process 19186 to run task
[2024-04-02 17:42:55,374] {standard_task_runner.py:79} INFO - Running: ['airflow', 'tasks', 'run', 'get_stocks_dag', 'TSLA', 'scheduled__2024-01-17T00:00:00+00:00', '--job-id', '298', '--raw', '--subdir', 'DAGS_FOLDER/get_stocks.py', '--cfg-path', '/tmp/tmp9_buq1f7', '--error-file', '/tmp/tmpa80yqx3m']
[2024-04-02 17:42:55,376] {standard_task_runner.py:80} INFO - Job 298: Subtask TSLA
[2024-04-02 17:42:55,530] {task_command.py:370} INFO - Running <TaskInstance: get_stocks_dag.TSLA scheduled__2024-01-17T00:00:00+00:00 [running]> on host alexmend-virtual-machine
[2024-04-02 17:42:55,660] {taskinstance.py:1569} INFO - Exporting the following env vars:
AIRFLOW_CTX_DAG_OWNER=airflow
AIRFLOW_CTX_DAG_ID=get_stocks_dag
AIRFLOW_CTX_TASK_ID=TSLA
AIRFLOW_CTX_EXECUTION_DATE=2024-01-17T00:00:00+00:00
AIRFLOW_CTX_TRY_NUMBER=1
AIRFLOW_CTX_DAG_RUN_ID=scheduled__2024-01-17T00:00:00+00:00
[2024-04-02 17:42:56,406] {python.py:173} INFO - Done. Returned value was: None
[2024-04-02 17:42:56,429] {taskinstance.py:1395} INFO - Marking task as SUCCESS. dag_id=get_stocks_dag, task_id=TSLA, execution_date=20240117T000000, start_date=20240402T204255, end_date=20240402T204256
[2024-04-02 17:42:56,474] {local_task_job.py:156} INFO - Task exited with return code 0
[2024-04-02 17:42:56,556] {local_task_job.py:273} INFO - 0 downstream tasks scheduled from follow-on schedule check
