[2024-04-02 21:57:17,630] {taskinstance.py:1159} INFO - Dependencies all met for <TaskInstance: get_crypto_dag.BTC scheduled__2024-03-18T00:00:00+00:00 [queued]>
[2024-04-02 21:57:17,654] {taskinstance.py:1159} INFO - Dependencies all met for <TaskInstance: get_crypto_dag.BTC scheduled__2024-03-18T00:00:00+00:00 [queued]>
[2024-04-02 21:57:17,655] {taskinstance.py:1356} INFO - 
--------------------------------------------------------------------------------
[2024-04-02 21:57:17,655] {taskinstance.py:1357} INFO - Starting attempt 1 of 1
[2024-04-02 21:57:17,655] {taskinstance.py:1358} INFO - 
--------------------------------------------------------------------------------
[2024-04-02 21:57:17,687] {taskinstance.py:1377} INFO - Executing <Task(_PythonDecoratedOperator): BTC> on 2024-03-18 00:00:00+00:00
[2024-04-02 21:57:17,697] {standard_task_runner.py:52} INFO - Started process 55830 to run task
[2024-04-02 21:57:17,707] {standard_task_runner.py:79} INFO - Running: ['airflow', 'tasks', 'run', 'get_crypto_dag', 'BTC', 'scheduled__2024-03-18T00:00:00+00:00', '--job-id', '897', '--raw', '--subdir', 'DAGS_FOLDER/get_crypto.py', '--cfg-path', '/tmp/tmpm_d0kc4y', '--error-file', '/tmp/tmpqkw4it72']
[2024-04-02 21:57:17,709] {standard_task_runner.py:80} INFO - Job 897: Subtask BTC
[2024-04-02 21:57:17,874] {task_command.py:370} INFO - Running <TaskInstance: get_crypto_dag.BTC scheduled__2024-03-18T00:00:00+00:00 [running]> on host alexmend-virtual-machine
[2024-04-02 21:57:18,025] {taskinstance.py:1569} INFO - Exporting the following env vars:
AIRFLOW_CTX_DAG_OWNER=airflow
AIRFLOW_CTX_DAG_ID=get_crypto_dag
AIRFLOW_CTX_TASK_ID=BTC
AIRFLOW_CTX_EXECUTION_DATE=2024-03-18T00:00:00+00:00
AIRFLOW_CTX_TRY_NUMBER=1
AIRFLOW_CTX_DAG_RUN_ID=scheduled__2024-03-18T00:00:00+00:00
[2024-04-02 21:57:18,596] {history.py:222} ERROR - BTC: No price data found, symbol may be delisted (1h 2024-03-17 -> 2024-03-18)
[2024-04-02 21:57:28,614] {python.py:173} INFO - Done. Returned value was: None
[2024-04-02 21:57:28,662] {taskinstance.py:1395} INFO - Marking task as SUCCESS. dag_id=get_crypto_dag, task_id=BTC, execution_date=20240318T000000, start_date=20240403T005717, end_date=20240403T005728
[2024-04-02 21:57:28,716] {local_task_job.py:156} INFO - Task exited with return code 0
[2024-04-02 21:57:28,780] {local_task_job.py:273} INFO - 0 downstream tasks scheduled from follow-on schedule check
[2024-04-02 23:07:07,824] {taskinstance.py:1159} INFO - Dependencies all met for <TaskInstance: get_crypto_dag.BTC scheduled__2024-03-18T00:00:00+00:00 [queued]>
[2024-04-02 23:07:07,847] {taskinstance.py:1159} INFO - Dependencies all met for <TaskInstance: get_crypto_dag.BTC scheduled__2024-03-18T00:00:00+00:00 [queued]>
[2024-04-02 23:07:07,848] {taskinstance.py:1356} INFO - 
--------------------------------------------------------------------------------
[2024-04-02 23:07:07,848] {taskinstance.py:1357} INFO - Starting attempt 1 of 1
[2024-04-02 23:07:07,848] {taskinstance.py:1358} INFO - 
--------------------------------------------------------------------------------
[2024-04-02 23:07:07,886] {taskinstance.py:1377} INFO - Executing <Task(_PythonDecoratedOperator): BTC> on 2024-03-18 00:00:00+00:00
[2024-04-02 23:07:07,897] {standard_task_runner.py:52} INFO - Started process 79783 to run task
[2024-04-02 23:07:07,907] {standard_task_runner.py:79} INFO - Running: ['airflow', 'tasks', 'run', 'get_crypto_dag', 'BTC', 'scheduled__2024-03-18T00:00:00+00:00', '--job-id', '1113', '--raw', '--subdir', 'DAGS_FOLDER/get_crypto.py', '--cfg-path', '/tmp/tmp2z4igw4g', '--error-file', '/tmp/tmplf02nhbn']
[2024-04-02 23:07:07,909] {standard_task_runner.py:80} INFO - Job 1113: Subtask BTC
[2024-04-02 23:07:08,042] {task_command.py:370} INFO - Running <TaskInstance: get_crypto_dag.BTC scheduled__2024-03-18T00:00:00+00:00 [running]> on host alexmend-virtual-machine
[2024-04-02 23:07:08,238] {taskinstance.py:1569} INFO - Exporting the following env vars:
AIRFLOW_CTX_DAG_OWNER=airflow
AIRFLOW_CTX_DAG_ID=get_crypto_dag
AIRFLOW_CTX_TASK_ID=BTC
AIRFLOW_CTX_EXECUTION_DATE=2024-03-18T00:00:00+00:00
AIRFLOW_CTX_TRY_NUMBER=1
AIRFLOW_CTX_DAG_RUN_ID=scheduled__2024-03-18T00:00:00+00:00
[2024-04-02 23:07:08,815] {history.py:222} ERROR - BTC: No price data found, symbol may be delisted (1h 2024-03-17 -> 2024-03-18)
[2024-04-02 23:07:18,832] {python.py:173} INFO - Done. Returned value was: None
[2024-04-02 23:07:18,899] {taskinstance.py:1395} INFO - Marking task as SUCCESS. dag_id=get_crypto_dag, task_id=BTC, execution_date=20240318T000000, start_date=20240403T020707, end_date=20240403T020718
[2024-04-02 23:07:18,968] {local_task_job.py:156} INFO - Task exited with return code 0
[2024-04-02 23:07:19,115] {local_task_job.py:273} INFO - 0 downstream tasks scheduled from follow-on schedule check
