[2024-04-02 13:06:08,831] {taskinstance.py:1159} INFO - Dependencies all met for <TaskInstance: get_stocks_dag.AAPL scheduled__2024-02-16T00:00:00+00:00 [queued]>
[2024-04-02 13:06:08,842] {taskinstance.py:1159} INFO - Dependencies all met for <TaskInstance: get_stocks_dag.AAPL scheduled__2024-02-16T00:00:00+00:00 [queued]>
[2024-04-02 13:06:08,842] {taskinstance.py:1356} INFO - 
--------------------------------------------------------------------------------
[2024-04-02 13:06:08,842] {taskinstance.py:1357} INFO - Starting attempt 1 of 1
[2024-04-02 13:06:08,843] {taskinstance.py:1358} INFO - 
--------------------------------------------------------------------------------
[2024-04-02 13:06:08,873] {taskinstance.py:1377} INFO - Executing <Task(_PythonDecoratedOperator): AAPL> on 2024-02-16 00:00:00+00:00
[2024-04-02 13:06:08,880] {standard_task_runner.py:52} INFO - Started process 11034 to run task
[2024-04-02 13:06:08,886] {standard_task_runner.py:79} INFO - Running: ['airflow', 'tasks', 'run', 'get_stocks_dag', 'AAPL', 'scheduled__2024-02-16T00:00:00+00:00', '--job-id', '139', '--raw', '--subdir', 'DAGS_FOLDER/get_stocks.py', '--cfg-path', '/tmp/tmpqdb1mlkc', '--error-file', '/tmp/tmpdzypqgsl']
[2024-04-02 13:06:08,887] {standard_task_runner.py:80} INFO - Job 139: Subtask AAPL
[2024-04-02 13:06:08,950] {task_command.py:370} INFO - Running <TaskInstance: get_stocks_dag.AAPL scheduled__2024-02-16T00:00:00+00:00 [running]> on host alexmend-virtual-machine
[2024-04-02 13:06:09,027] {taskinstance.py:1569} INFO - Exporting the following env vars:
AIRFLOW_CTX_DAG_OWNER=airflow
AIRFLOW_CTX_DAG_ID=get_stocks_dag
AIRFLOW_CTX_TASK_ID=AAPL
AIRFLOW_CTX_EXECUTION_DATE=2024-02-16T00:00:00+00:00
AIRFLOW_CTX_TRY_NUMBER=1
AIRFLOW_CTX_DAG_RUN_ID=scheduled__2024-02-16T00:00:00+00:00
[2024-04-02 13:06:09,826] {python.py:173} INFO - Done. Returned value was: None
[2024-04-02 13:06:09,852] {taskinstance.py:1395} INFO - Marking task as SUCCESS. dag_id=get_stocks_dag, task_id=AAPL, execution_date=20240216T000000, start_date=20240402T160608, end_date=20240402T160609
[2024-04-02 13:06:09,905] {local_task_job.py:156} INFO - Task exited with return code 0
[2024-04-02 13:06:09,929] {local_task_job.py:273} INFO - 0 downstream tasks scheduled from follow-on schedule check
[2024-04-02 17:18:38,950] {taskinstance.py:1159} INFO - Dependencies all met for <TaskInstance: get_stocks_dag.AAPL scheduled__2024-02-16T00:00:00+00:00 [queued]>
[2024-04-02 17:18:39,113] {taskinstance.py:1159} INFO - Dependencies all met for <TaskInstance: get_stocks_dag.AAPL scheduled__2024-02-16T00:00:00+00:00 [queued]>
[2024-04-02 17:18:39,113] {taskinstance.py:1356} INFO - 
--------------------------------------------------------------------------------
[2024-04-02 17:18:39,113] {taskinstance.py:1357} INFO - Starting attempt 1 of 1
[2024-04-02 17:18:39,113] {taskinstance.py:1358} INFO - 
--------------------------------------------------------------------------------
[2024-04-02 17:18:39,208] {taskinstance.py:1377} INFO - Executing <Task(_PythonDecoratedOperator): AAPL> on 2024-02-16 00:00:00+00:00
[2024-04-02 17:18:39,329] {standard_task_runner.py:52} INFO - Started process 6768 to run task
[2024-04-02 17:18:39,427] {standard_task_runner.py:79} INFO - Running: ['airflow', 'tasks', 'run', 'get_stocks_dag', 'AAPL', 'scheduled__2024-02-16T00:00:00+00:00', '--job-id', '121', '--raw', '--subdir', 'DAGS_FOLDER/get_stocks.py', '--cfg-path', '/tmp/tmp2oky552d', '--error-file', '/tmp/tmpguvmfbd2']
[2024-04-02 17:18:39,459] {standard_task_runner.py:80} INFO - Job 121: Subtask AAPL
[2024-04-02 17:18:40,023] {task_command.py:370} INFO - Running <TaskInstance: get_stocks_dag.AAPL scheduled__2024-02-16T00:00:00+00:00 [running]> on host alexmend-virtual-machine
[2024-04-02 17:18:40,541] {taskinstance.py:1569} INFO - Exporting the following env vars:
AIRFLOW_CTX_DAG_OWNER=airflow
AIRFLOW_CTX_DAG_ID=get_stocks_dag
AIRFLOW_CTX_TASK_ID=AAPL
AIRFLOW_CTX_EXECUTION_DATE=2024-02-16T00:00:00+00:00
AIRFLOW_CTX_TRY_NUMBER=1
AIRFLOW_CTX_DAG_RUN_ID=scheduled__2024-02-16T00:00:00+00:00
[2024-04-02 17:18:41,676] {python.py:173} INFO - Done. Returned value was: None
[2024-04-02 17:18:41,896] {taskinstance.py:1395} INFO - Marking task as SUCCESS. dag_id=get_stocks_dag, task_id=AAPL, execution_date=20240216T000000, start_date=20240402T201838, end_date=20240402T201841
[2024-04-02 17:18:42,015] {local_task_job.py:156} INFO - Task exited with return code 0
[2024-04-02 17:18:42,115] {local_task_job.py:273} INFO - 0 downstream tasks scheduled from follow-on schedule check
[2024-04-02 17:44:58,255] {taskinstance.py:1159} INFO - Dependencies all met for <TaskInstance: get_stocks_dag.AAPL scheduled__2024-02-16T00:00:00+00:00 [queued]>
[2024-04-02 17:44:58,267] {taskinstance.py:1159} INFO - Dependencies all met for <TaskInstance: get_stocks_dag.AAPL scheduled__2024-02-16T00:00:00+00:00 [queued]>
[2024-04-02 17:44:58,268] {taskinstance.py:1356} INFO - 
--------------------------------------------------------------------------------
[2024-04-02 17:44:58,268] {taskinstance.py:1357} INFO - Starting attempt 1 of 1
[2024-04-02 17:44:58,268] {taskinstance.py:1358} INFO - 
--------------------------------------------------------------------------------
[2024-04-02 17:44:58,281] {taskinstance.py:1377} INFO - Executing <Task(_PythonDecoratedOperator): AAPL> on 2024-02-16 00:00:00+00:00
[2024-04-02 17:44:58,288] {standard_task_runner.py:52} INFO - Started process 21638 to run task
[2024-04-02 17:44:58,298] {standard_task_runner.py:79} INFO - Running: ['airflow', 'tasks', 'run', 'get_stocks_dag', 'AAPL', 'scheduled__2024-02-16T00:00:00+00:00', '--job-id', '383', '--raw', '--subdir', 'DAGS_FOLDER/get_stocks.py', '--cfg-path', '/tmp/tmp8q_wbxz8', '--error-file', '/tmp/tmpbfpxckb8']
[2024-04-02 17:44:58,300] {standard_task_runner.py:80} INFO - Job 383: Subtask AAPL
[2024-04-02 17:44:58,406] {task_command.py:370} INFO - Running <TaskInstance: get_stocks_dag.AAPL scheduled__2024-02-16T00:00:00+00:00 [running]> on host alexmend-virtual-machine
[2024-04-02 17:44:58,516] {taskinstance.py:1569} INFO - Exporting the following env vars:
AIRFLOW_CTX_DAG_OWNER=airflow
AIRFLOW_CTX_DAG_ID=get_stocks_dag
AIRFLOW_CTX_TASK_ID=AAPL
AIRFLOW_CTX_EXECUTION_DATE=2024-02-16T00:00:00+00:00
AIRFLOW_CTX_TRY_NUMBER=1
AIRFLOW_CTX_DAG_RUN_ID=scheduled__2024-02-16T00:00:00+00:00
[2024-04-02 17:44:59,388] {python.py:173} INFO - Done. Returned value was: None
[2024-04-02 17:44:59,409] {taskinstance.py:1395} INFO - Marking task as SUCCESS. dag_id=get_stocks_dag, task_id=AAPL, execution_date=20240216T000000, start_date=20240402T204458, end_date=20240402T204459
[2024-04-02 17:44:59,448] {local_task_job.py:156} INFO - Task exited with return code 0
[2024-04-02 17:44:59,500] {local_task_job.py:273} INFO - 0 downstream tasks scheduled from follow-on schedule check
