[2024-04-02 21:43:44,191] {taskinstance.py:1159} INFO - Dependencies all met for <TaskInstance: get_crypto_dag.ETH scheduled__2024-02-26T00:00:00+00:00 [queued]>
[2024-04-02 21:43:44,282] {taskinstance.py:1159} INFO - Dependencies all met for <TaskInstance: get_crypto_dag.ETH scheduled__2024-02-26T00:00:00+00:00 [queued]>
[2024-04-02 21:43:44,289] {taskinstance.py:1356} INFO - 
--------------------------------------------------------------------------------
[2024-04-02 21:43:44,289] {taskinstance.py:1357} INFO - Starting attempt 1 of 1
[2024-04-02 21:43:44,290] {taskinstance.py:1358} INFO - 
--------------------------------------------------------------------------------
[2024-04-02 21:43:44,436] {taskinstance.py:1377} INFO - Executing <Task(_PythonDecoratedOperator): ETH> on 2024-02-26 00:00:00+00:00
[2024-04-02 21:43:44,470] {standard_task_runner.py:52} INFO - Started process 46133 to run task
[2024-04-02 21:43:44,495] {standard_task_runner.py:79} INFO - Running: ['airflow', 'tasks', 'run', 'get_crypto_dag', 'ETH', 'scheduled__2024-02-26T00:00:00+00:00', '--job-id', '723', '--raw', '--subdir', 'DAGS_FOLDER/get_crypto.py', '--cfg-path', '/tmp/tmp3h_mqwo9', '--error-file', '/tmp/tmpjigkovtb']
[2024-04-02 21:43:44,499] {standard_task_runner.py:80} INFO - Job 723: Subtask ETH
[2024-04-02 21:43:44,996] {task_command.py:370} INFO - Running <TaskInstance: get_crypto_dag.ETH scheduled__2024-02-26T00:00:00+00:00 [running]> on host alexmend-virtual-machine
[2024-04-02 21:43:45,675] {taskinstance.py:1569} INFO - Exporting the following env vars:
AIRFLOW_CTX_DAG_OWNER=airflow
AIRFLOW_CTX_DAG_ID=get_crypto_dag
AIRFLOW_CTX_TASK_ID=ETH
AIRFLOW_CTX_EXECUTION_DATE=2024-02-26T00:00:00+00:00
AIRFLOW_CTX_TRY_NUMBER=1
AIRFLOW_CTX_DAG_RUN_ID=scheduled__2024-02-26T00:00:00+00:00
[2024-04-02 21:43:50,289] {history.py:90} ERROR - ETH: No timezone found, symbol may be delisted
[2024-04-02 21:44:00,310] {python.py:173} INFO - Done. Returned value was: None
[2024-04-02 21:44:00,352] {taskinstance.py:1395} INFO - Marking task as SUCCESS. dag_id=get_crypto_dag, task_id=ETH, execution_date=20240226T000000, start_date=20240403T004344, end_date=20240403T004400
[2024-04-02 21:44:00,411] {local_task_job.py:156} INFO - Task exited with return code 0
[2024-04-02 21:44:00,597] {local_task_job.py:273} INFO - 0 downstream tasks scheduled from follow-on schedule check
[2024-04-02 22:46:48,693] {taskinstance.py:1159} INFO - Dependencies all met for <TaskInstance: get_crypto_dag.ETH scheduled__2024-02-26T00:00:00+00:00 [queued]>
[2024-04-02 22:46:48,732] {taskinstance.py:1159} INFO - Dependencies all met for <TaskInstance: get_crypto_dag.ETH scheduled__2024-02-26T00:00:00+00:00 [queued]>
[2024-04-02 22:46:48,733] {taskinstance.py:1356} INFO - 
--------------------------------------------------------------------------------
[2024-04-02 22:46:48,733] {taskinstance.py:1357} INFO - Starting attempt 1 of 1
[2024-04-02 22:46:48,733] {taskinstance.py:1358} INFO - 
--------------------------------------------------------------------------------
[2024-04-02 22:46:48,774] {taskinstance.py:1377} INFO - Executing <Task(_PythonDecoratedOperator): ETH> on 2024-02-26 00:00:00+00:00
[2024-04-02 22:46:48,800] {standard_task_runner.py:79} INFO - Running: ['airflow', 'tasks', 'run', 'get_crypto_dag', 'ETH', 'scheduled__2024-02-26T00:00:00+00:00', '--job-id', '974', '--raw', '--subdir', 'DAGS_FOLDER/get_crypto.py', '--cfg-path', '/tmp/tmpglrnggev', '--error-file', '/tmp/tmp1ydfyy0c']
[2024-04-02 22:46:48,803] {standard_task_runner.py:80} INFO - Job 974: Subtask ETH
[2024-04-02 22:46:48,787] {standard_task_runner.py:52} INFO - Started process 69134 to run task
[2024-04-02 22:46:49,064] {task_command.py:370} INFO - Running <TaskInstance: get_crypto_dag.ETH scheduled__2024-02-26T00:00:00+00:00 [running]> on host alexmend-virtual-machine
[2024-04-02 22:46:49,285] {taskinstance.py:1569} INFO - Exporting the following env vars:
AIRFLOW_CTX_DAG_OWNER=airflow
AIRFLOW_CTX_DAG_ID=get_crypto_dag
AIRFLOW_CTX_TASK_ID=ETH
AIRFLOW_CTX_EXECUTION_DATE=2024-02-26T00:00:00+00:00
AIRFLOW_CTX_TRY_NUMBER=1
AIRFLOW_CTX_DAG_RUN_ID=scheduled__2024-02-26T00:00:00+00:00
[2024-04-02 22:46:53,014] {history.py:90} ERROR - ETH: No timezone found, symbol may be delisted
[2024-04-02 22:47:03,039] {python.py:173} INFO - Done. Returned value was: None
[2024-04-02 22:47:03,126] {taskinstance.py:1395} INFO - Marking task as SUCCESS. dag_id=get_crypto_dag, task_id=ETH, execution_date=20240226T000000, start_date=20240403T014648, end_date=20240403T014703
[2024-04-02 22:47:03,400] {local_task_job.py:156} INFO - Task exited with return code 0
[2024-04-02 22:47:03,591] {local_task_job.py:273} INFO - 0 downstream tasks scheduled from follow-on schedule check
