[2024-04-02 12:59:09,134] {taskinstance.py:1159} INFO - Dependencies all met for <TaskInstance: get_stocks_dag.AAPL scheduled__2024-01-12T00:00:00+00:00 [queued]>
[2024-04-02 12:59:09,146] {taskinstance.py:1159} INFO - Dependencies all met for <TaskInstance: get_stocks_dag.AAPL scheduled__2024-01-12T00:00:00+00:00 [queued]>
[2024-04-02 12:59:09,147] {taskinstance.py:1356} INFO - 
--------------------------------------------------------------------------------
[2024-04-02 12:59:09,147] {taskinstance.py:1357} INFO - Starting attempt 1 of 1
[2024-04-02 12:59:09,147] {taskinstance.py:1358} INFO - 
--------------------------------------------------------------------------------
[2024-04-02 12:59:09,174] {taskinstance.py:1377} INFO - Executing <Task(_PythonDecoratedOperator): AAPL> on 2024-01-12 00:00:00+00:00
[2024-04-02 12:59:09,183] {standard_task_runner.py:52} INFO - Started process 8581 to run task
[2024-04-02 12:59:09,189] {standard_task_runner.py:79} INFO - Running: ['airflow', 'tasks', 'run', 'get_stocks_dag', 'AAPL', 'scheduled__2024-01-12T00:00:00+00:00', '--job-id', '39', '--raw', '--subdir', 'DAGS_FOLDER/get_stocks.py', '--cfg-path', '/tmp/tmp2798pxp9', '--error-file', '/tmp/tmpqo_gd24y']
[2024-04-02 12:59:09,190] {standard_task_runner.py:80} INFO - Job 39: Subtask AAPL
[2024-04-02 12:59:09,283] {task_command.py:370} INFO - Running <TaskInstance: get_stocks_dag.AAPL scheduled__2024-01-12T00:00:00+00:00 [running]> on host alexmend-virtual-machine
[2024-04-02 12:59:09,363] {taskinstance.py:1569} INFO - Exporting the following env vars:
AIRFLOW_CTX_DAG_OWNER=airflow
AIRFLOW_CTX_DAG_ID=get_stocks_dag
AIRFLOW_CTX_TASK_ID=AAPL
AIRFLOW_CTX_EXECUTION_DATE=2024-01-12T00:00:00+00:00
AIRFLOW_CTX_TRY_NUMBER=1
AIRFLOW_CTX_DAG_RUN_ID=scheduled__2024-01-12T00:00:00+00:00
[2024-04-02 12:59:10,119] {python.py:173} INFO - Done. Returned value was: None
[2024-04-02 12:59:10,134] {taskinstance.py:1395} INFO - Marking task as SUCCESS. dag_id=get_stocks_dag, task_id=AAPL, execution_date=20240112T000000, start_date=20240402T155909, end_date=20240402T155910
[2024-04-02 12:59:10,167] {local_task_job.py:156} INFO - Task exited with return code 0
[2024-04-02 12:59:10,205] {local_task_job.py:273} INFO - 0 downstream tasks scheduled from follow-on schedule check
[2024-04-02 17:17:03,925] {taskinstance.py:1159} INFO - Dependencies all met for <TaskInstance: get_stocks_dag.AAPL scheduled__2024-01-12T00:00:00+00:00 [queued]>
[2024-04-02 17:17:03,998] {taskinstance.py:1159} INFO - Dependencies all met for <TaskInstance: get_stocks_dag.AAPL scheduled__2024-01-12T00:00:00+00:00 [queued]>
[2024-04-02 17:17:03,998] {taskinstance.py:1356} INFO - 
--------------------------------------------------------------------------------
[2024-04-02 17:17:03,998] {taskinstance.py:1357} INFO - Starting attempt 1 of 1
[2024-04-02 17:17:03,998] {taskinstance.py:1358} INFO - 
--------------------------------------------------------------------------------
[2024-04-02 17:17:04,105] {taskinstance.py:1377} INFO - Executing <Task(_PythonDecoratedOperator): AAPL> on 2024-01-12 00:00:00+00:00
[2024-04-02 17:17:04,178] {standard_task_runner.py:52} INFO - Started process 4367 to run task
[2024-04-02 17:17:04,705] {standard_task_runner.py:79} INFO - Running: ['airflow', 'tasks', 'run', 'get_stocks_dag', 'AAPL', 'scheduled__2024-01-12T00:00:00+00:00', '--job-id', '27', '--raw', '--subdir', 'DAGS_FOLDER/get_stocks.py', '--cfg-path', '/tmp/tmpk8k6l1kq', '--error-file', '/tmp/tmpb7cebr7w']
[2024-04-02 17:17:04,708] {standard_task_runner.py:80} INFO - Job 27: Subtask AAPL
[2024-04-02 17:17:12,478] {task_command.py:370} INFO - Running <TaskInstance: get_stocks_dag.AAPL scheduled__2024-01-12T00:00:00+00:00 [running]> on host alexmend-virtual-machine
[2024-04-02 17:17:15,425] {taskinstance.py:1569} INFO - Exporting the following env vars:
AIRFLOW_CTX_DAG_OWNER=airflow
AIRFLOW_CTX_DAG_ID=get_stocks_dag
AIRFLOW_CTX_TASK_ID=AAPL
AIRFLOW_CTX_EXECUTION_DATE=2024-01-12T00:00:00+00:00
AIRFLOW_CTX_TRY_NUMBER=1
AIRFLOW_CTX_DAG_RUN_ID=scheduled__2024-01-12T00:00:00+00:00
[2024-04-02 17:17:19,804] {python.py:173} INFO - Done. Returned value was: None
[2024-04-02 17:17:20,117] {taskinstance.py:1395} INFO - Marking task as SUCCESS. dag_id=get_stocks_dag, task_id=AAPL, execution_date=20240112T000000, start_date=20240402T201703, end_date=20240402T201720
[2024-04-02 17:17:20,481] {local_task_job.py:156} INFO - Task exited with return code 0
[2024-04-02 17:17:20,711] {local_task_job.py:273} INFO - 0 downstream tasks scheduled from follow-on schedule check
[2024-04-02 17:42:35,369] {taskinstance.py:1159} INFO - Dependencies all met for <TaskInstance: get_stocks_dag.AAPL scheduled__2024-01-12T00:00:00+00:00 [queued]>
[2024-04-02 17:42:35,393] {taskinstance.py:1159} INFO - Dependencies all met for <TaskInstance: get_stocks_dag.AAPL scheduled__2024-01-12T00:00:00+00:00 [queued]>
[2024-04-02 17:42:35,394] {taskinstance.py:1356} INFO - 
--------------------------------------------------------------------------------
[2024-04-02 17:42:35,394] {taskinstance.py:1357} INFO - Starting attempt 1 of 1
[2024-04-02 17:42:35,394] {taskinstance.py:1358} INFO - 
--------------------------------------------------------------------------------
[2024-04-02 17:42:35,430] {taskinstance.py:1377} INFO - Executing <Task(_PythonDecoratedOperator): AAPL> on 2024-01-12 00:00:00+00:00
[2024-04-02 17:42:35,439] {standard_task_runner.py:52} INFO - Started process 18862 to run task
[2024-04-02 17:42:35,446] {standard_task_runner.py:79} INFO - Running: ['airflow', 'tasks', 'run', 'get_stocks_dag', 'AAPL', 'scheduled__2024-01-12T00:00:00+00:00', '--job-id', '284', '--raw', '--subdir', 'DAGS_FOLDER/get_stocks.py', '--cfg-path', '/tmp/tmpmo_cyd34', '--error-file', '/tmp/tmprmy6diiu']
[2024-04-02 17:42:35,448] {standard_task_runner.py:80} INFO - Job 284: Subtask AAPL
[2024-04-02 17:42:35,550] {task_command.py:370} INFO - Running <TaskInstance: get_stocks_dag.AAPL scheduled__2024-01-12T00:00:00+00:00 [running]> on host alexmend-virtual-machine
[2024-04-02 17:42:35,662] {taskinstance.py:1569} INFO - Exporting the following env vars:
AIRFLOW_CTX_DAG_OWNER=airflow
AIRFLOW_CTX_DAG_ID=get_stocks_dag
AIRFLOW_CTX_TASK_ID=AAPL
AIRFLOW_CTX_EXECUTION_DATE=2024-01-12T00:00:00+00:00
AIRFLOW_CTX_TRY_NUMBER=1
AIRFLOW_CTX_DAG_RUN_ID=scheduled__2024-01-12T00:00:00+00:00
[2024-04-02 17:42:36,268] {python.py:173} INFO - Done. Returned value was: None
[2024-04-02 17:42:36,288] {taskinstance.py:1395} INFO - Marking task as SUCCESS. dag_id=get_stocks_dag, task_id=AAPL, execution_date=20240112T000000, start_date=20240402T204235, end_date=20240402T204236
[2024-04-02 17:42:36,348] {local_task_job.py:156} INFO - Task exited with return code 0
[2024-04-02 17:42:36,422] {local_task_job.py:273} INFO - 0 downstream tasks scheduled from follow-on schedule check
