[2024-04-02 21:48:28,688] {taskinstance.py:1159} INFO - Dependencies all met for <TaskInstance: get_crypto_dag.DOGE scheduled__2024-03-05T00:00:00+00:00 [queued]>
[2024-04-02 21:48:28,726] {taskinstance.py:1159} INFO - Dependencies all met for <TaskInstance: get_crypto_dag.DOGE scheduled__2024-03-05T00:00:00+00:00 [queued]>
[2024-04-02 21:48:28,727] {taskinstance.py:1356} INFO - 
--------------------------------------------------------------------------------
[2024-04-02 21:48:28,727] {taskinstance.py:1357} INFO - Starting attempt 1 of 1
[2024-04-02 21:48:28,727] {taskinstance.py:1358} INFO - 
--------------------------------------------------------------------------------
[2024-04-02 21:48:28,833] {taskinstance.py:1377} INFO - Executing <Task(_PythonDecoratedOperator): DOGE> on 2024-03-05 00:00:00+00:00
[2024-04-02 21:48:28,876] {standard_task_runner.py:52} INFO - Started process 49665 to run task
[2024-04-02 21:48:28,903] {standard_task_runner.py:79} INFO - Running: ['airflow', 'tasks', 'run', 'get_crypto_dag', 'DOGE', 'scheduled__2024-03-05T00:00:00+00:00', '--job-id', '787', '--raw', '--subdir', 'DAGS_FOLDER/get_crypto.py', '--cfg-path', '/tmp/tmpcwepv0vn', '--error-file', '/tmp/tmp7db4h0zt']
[2024-04-02 21:48:28,907] {standard_task_runner.py:80} INFO - Job 787: Subtask DOGE
[2024-04-02 21:48:29,140] {task_command.py:370} INFO - Running <TaskInstance: get_crypto_dag.DOGE scheduled__2024-03-05T00:00:00+00:00 [running]> on host alexmend-virtual-machine
[2024-04-02 21:48:29,404] {taskinstance.py:1569} INFO - Exporting the following env vars:
AIRFLOW_CTX_DAG_OWNER=airflow
AIRFLOW_CTX_DAG_ID=get_crypto_dag
AIRFLOW_CTX_TASK_ID=DOGE
AIRFLOW_CTX_EXECUTION_DATE=2024-03-05T00:00:00+00:00
AIRFLOW_CTX_TRY_NUMBER=1
AIRFLOW_CTX_DAG_RUN_ID=scheduled__2024-03-05T00:00:00+00:00
[2024-04-02 21:48:33,341] {history.py:90} ERROR - DOGE: No timezone found, symbol may be delisted
[2024-04-02 21:48:43,362] {python.py:173} INFO - Done. Returned value was: None
[2024-04-02 21:48:43,397] {taskinstance.py:1395} INFO - Marking task as SUCCESS. dag_id=get_crypto_dag, task_id=DOGE, execution_date=20240305T000000, start_date=20240403T004828, end_date=20240403T004843
[2024-04-02 21:48:43,470] {local_task_job.py:156} INFO - Task exited with return code 0
[2024-04-02 21:48:43,551] {local_task_job.py:273} INFO - 0 downstream tasks scheduled from follow-on schedule check
[2024-04-02 22:54:26,920] {taskinstance.py:1159} INFO - Dependencies all met for <TaskInstance: get_crypto_dag.DOGE scheduled__2024-03-05T00:00:00+00:00 [queued]>
[2024-04-02 22:54:26,939] {taskinstance.py:1159} INFO - Dependencies all met for <TaskInstance: get_crypto_dag.DOGE scheduled__2024-03-05T00:00:00+00:00 [queued]>
[2024-04-02 22:54:26,940] {taskinstance.py:1356} INFO - 
--------------------------------------------------------------------------------
[2024-04-02 22:54:26,940] {taskinstance.py:1357} INFO - Starting attempt 1 of 1
[2024-04-02 22:54:26,941] {taskinstance.py:1358} INFO - 
--------------------------------------------------------------------------------
[2024-04-02 22:54:26,964] {taskinstance.py:1377} INFO - Executing <Task(_PythonDecoratedOperator): DOGE> on 2024-03-05 00:00:00+00:00
[2024-04-02 22:54:26,977] {standard_task_runner.py:52} INFO - Started process 73201 to run task
[2024-04-02 22:54:26,989] {standard_task_runner.py:79} INFO - Running: ['airflow', 'tasks', 'run', 'get_crypto_dag', 'DOGE', 'scheduled__2024-03-05T00:00:00+00:00', '--job-id', '1027', '--raw', '--subdir', 'DAGS_FOLDER/get_crypto.py', '--cfg-path', '/tmp/tmpg79rgdzd', '--error-file', '/tmp/tmp4xz49ydw']
[2024-04-02 22:54:26,996] {standard_task_runner.py:80} INFO - Job 1027: Subtask DOGE
[2024-04-02 22:54:27,136] {task_command.py:370} INFO - Running <TaskInstance: get_crypto_dag.DOGE scheduled__2024-03-05T00:00:00+00:00 [running]> on host alexmend-virtual-machine
[2024-04-02 22:54:27,313] {taskinstance.py:1569} INFO - Exporting the following env vars:
AIRFLOW_CTX_DAG_OWNER=airflow
AIRFLOW_CTX_DAG_ID=get_crypto_dag
AIRFLOW_CTX_TASK_ID=DOGE
AIRFLOW_CTX_EXECUTION_DATE=2024-03-05T00:00:00+00:00
AIRFLOW_CTX_TRY_NUMBER=1
AIRFLOW_CTX_DAG_RUN_ID=scheduled__2024-03-05T00:00:00+00:00
[2024-04-02 22:54:30,783] {history.py:90} ERROR - DOGE: No timezone found, symbol may be delisted
[2024-04-02 22:54:40,803] {python.py:173} INFO - Done. Returned value was: None
[2024-04-02 22:54:41,037] {taskinstance.py:1395} INFO - Marking task as SUCCESS. dag_id=get_crypto_dag, task_id=DOGE, execution_date=20240305T000000, start_date=20240403T015426, end_date=20240403T015441
[2024-04-02 22:54:41,134] {local_task_job.py:156} INFO - Task exited with return code 0
[2024-04-02 22:54:41,248] {local_task_job.py:273} INFO - 0 downstream tasks scheduled from follow-on schedule check
