[2024-04-02 22:01:46,510] {taskinstance.py:1159} INFO - Dependencies all met for <TaskInstance: get_crypto_dag.ETH scheduled__2024-03-26T00:00:00+00:00 [queued]>
[2024-04-02 22:01:46,531] {taskinstance.py:1159} INFO - Dependencies all met for <TaskInstance: get_crypto_dag.ETH scheduled__2024-03-26T00:00:00+00:00 [queued]>
[2024-04-02 22:01:46,534] {taskinstance.py:1356} INFO - 
--------------------------------------------------------------------------------
[2024-04-02 22:01:46,534] {taskinstance.py:1357} INFO - Starting attempt 1 of 1
[2024-04-02 22:01:46,539] {taskinstance.py:1358} INFO - 
--------------------------------------------------------------------------------
[2024-04-02 22:01:46,612] {taskinstance.py:1377} INFO - Executing <Task(_PythonDecoratedOperator): ETH> on 2024-03-26 00:00:00+00:00
[2024-04-02 22:01:46,625] {standard_task_runner.py:52} INFO - Started process 58821 to run task
[2024-04-02 22:01:46,662] {standard_task_runner.py:79} INFO - Running: ['airflow', 'tasks', 'run', 'get_crypto_dag', 'ETH', 'scheduled__2024-03-26T00:00:00+00:00', '--job-id', '938', '--raw', '--subdir', 'DAGS_FOLDER/get_crypto.py', '--cfg-path', '/tmp/tmpynsfkfoi', '--error-file', '/tmp/tmps3eqcpok']
[2024-04-02 22:01:46,664] {standard_task_runner.py:80} INFO - Job 938: Subtask ETH
[2024-04-02 22:01:46,799] {task_command.py:370} INFO - Running <TaskInstance: get_crypto_dag.ETH scheduled__2024-03-26T00:00:00+00:00 [running]> on host alexmend-virtual-machine
[2024-04-02 22:01:46,950] {taskinstance.py:1569} INFO - Exporting the following env vars:
AIRFLOW_CTX_DAG_OWNER=airflow
AIRFLOW_CTX_DAG_ID=get_crypto_dag
AIRFLOW_CTX_TASK_ID=ETH
AIRFLOW_CTX_EXECUTION_DATE=2024-03-26T00:00:00+00:00
AIRFLOW_CTX_TRY_NUMBER=1
AIRFLOW_CTX_DAG_RUN_ID=scheduled__2024-03-26T00:00:00+00:00
[2024-04-02 22:01:50,627] {history.py:90} ERROR - ETH: No timezone found, symbol may be delisted
[2024-04-02 22:02:00,645] {python.py:173} INFO - Done. Returned value was: None
[2024-04-02 22:02:00,682] {taskinstance.py:1395} INFO - Marking task as SUCCESS. dag_id=get_crypto_dag, task_id=ETH, execution_date=20240326T000000, start_date=20240403T010146, end_date=20240403T010200
[2024-04-02 22:02:00,758] {local_task_job.py:156} INFO - Task exited with return code 0
[2024-04-02 22:02:00,833] {local_task_job.py:273} INFO - 0 downstream tasks scheduled from follow-on schedule check
[2024-04-02 23:15:42,086] {taskinstance.py:1159} INFO - Dependencies all met for <TaskInstance: get_crypto_dag.ETH scheduled__2024-03-26T00:00:00+00:00 [queued]>
[2024-04-02 23:15:42,188] {taskinstance.py:1159} INFO - Dependencies all met for <TaskInstance: get_crypto_dag.ETH scheduled__2024-03-26T00:00:00+00:00 [queued]>
[2024-04-02 23:15:42,191] {taskinstance.py:1356} INFO - 
--------------------------------------------------------------------------------
[2024-04-02 23:15:42,192] {taskinstance.py:1357} INFO - Starting attempt 1 of 1
[2024-04-02 23:15:42,193] {taskinstance.py:1358} INFO - 
--------------------------------------------------------------------------------
[2024-04-02 23:15:42,341] {taskinstance.py:1377} INFO - Executing <Task(_PythonDecoratedOperator): ETH> on 2024-03-26 00:00:00+00:00
[2024-04-02 23:15:42,396] {standard_task_runner.py:52} INFO - Started process 84400 to run task
[2024-04-02 23:15:42,522] {standard_task_runner.py:79} INFO - Running: ['airflow', 'tasks', 'run', 'get_crypto_dag', 'ETH', 'scheduled__2024-03-26T00:00:00+00:00', '--job-id', '1172', '--raw', '--subdir', 'DAGS_FOLDER/get_crypto.py', '--cfg-path', '/tmp/tmpn6cic706', '--error-file', '/tmp/tmpcsmpq6zx']
[2024-04-02 23:15:42,544] {standard_task_runner.py:80} INFO - Job 1172: Subtask ETH
[2024-04-02 23:15:43,672] {task_command.py:370} INFO - Running <TaskInstance: get_crypto_dag.ETH scheduled__2024-03-26T00:00:00+00:00 [running]> on host alexmend-virtual-machine
[2024-04-02 23:15:45,042] {taskinstance.py:1569} INFO - Exporting the following env vars:
AIRFLOW_CTX_DAG_OWNER=airflow
AIRFLOW_CTX_DAG_ID=get_crypto_dag
AIRFLOW_CTX_TASK_ID=ETH
AIRFLOW_CTX_EXECUTION_DATE=2024-03-26T00:00:00+00:00
AIRFLOW_CTX_TRY_NUMBER=1
AIRFLOW_CTX_DAG_RUN_ID=scheduled__2024-03-26T00:00:00+00:00
[2024-04-02 23:15:50,647] {history.py:90} ERROR - ETH: No timezone found, symbol may be delisted
[2024-04-02 23:16:00,748] {python.py:173} INFO - Done. Returned value was: None
[2024-04-02 23:16:00,902] {taskinstance.py:1395} INFO - Marking task as SUCCESS. dag_id=get_crypto_dag, task_id=ETH, execution_date=20240326T000000, start_date=20240403T021542, end_date=20240403T021600
[2024-04-02 23:16:01,150] {local_task_job.py:156} INFO - Task exited with return code 0
[2024-04-02 23:16:01,635] {local_task_job.py:273} INFO - 0 downstream tasks scheduled from follow-on schedule check
