[2024-04-02 21:54:44,792] {taskinstance.py:1159} INFO - Dependencies all met for <TaskInstance: get_crypto_dag.AVAX scheduled__2024-03-13T00:00:00+00:00 [queued]>
[2024-04-02 21:54:44,815] {taskinstance.py:1159} INFO - Dependencies all met for <TaskInstance: get_crypto_dag.AVAX scheduled__2024-03-13T00:00:00+00:00 [queued]>
[2024-04-02 21:54:44,815] {taskinstance.py:1356} INFO - 
--------------------------------------------------------------------------------
[2024-04-02 21:54:44,815] {taskinstance.py:1357} INFO - Starting attempt 1 of 1
[2024-04-02 21:54:44,815] {taskinstance.py:1358} INFO - 
--------------------------------------------------------------------------------
[2024-04-02 21:54:44,838] {taskinstance.py:1377} INFO - Executing <Task(_PythonDecoratedOperator): AVAX> on 2024-03-13 00:00:00+00:00
[2024-04-02 21:54:44,848] {standard_task_runner.py:52} INFO - Started process 53699 to run task
[2024-04-02 21:54:44,860] {standard_task_runner.py:79} INFO - Running: ['airflow', 'tasks', 'run', 'get_crypto_dag', 'AVAX', 'scheduled__2024-03-13T00:00:00+00:00', '--job-id', '858', '--raw', '--subdir', 'DAGS_FOLDER/get_crypto.py', '--cfg-path', '/tmp/tmpz0r_s35x', '--error-file', '/tmp/tmpashujjte']
[2024-04-02 21:54:44,863] {standard_task_runner.py:80} INFO - Job 858: Subtask AVAX
[2024-04-02 21:54:45,023] {task_command.py:370} INFO - Running <TaskInstance: get_crypto_dag.AVAX scheduled__2024-03-13T00:00:00+00:00 [running]> on host alexmend-virtual-machine
[2024-04-02 21:54:45,184] {taskinstance.py:1569} INFO - Exporting the following env vars:
AIRFLOW_CTX_DAG_OWNER=airflow
AIRFLOW_CTX_DAG_ID=get_crypto_dag
AIRFLOW_CTX_TASK_ID=AVAX
AIRFLOW_CTX_EXECUTION_DATE=2024-03-13T00:00:00+00:00
AIRFLOW_CTX_TRY_NUMBER=1
AIRFLOW_CTX_DAG_RUN_ID=scheduled__2024-03-13T00:00:00+00:00
[2024-04-02 21:54:49,496] {history.py:90} ERROR - AVAX: No timezone found, symbol may be delisted
[2024-04-02 21:54:59,514] {python.py:173} INFO - Done. Returned value was: None
[2024-04-02 21:54:59,540] {taskinstance.py:1395} INFO - Marking task as SUCCESS. dag_id=get_crypto_dag, task_id=AVAX, execution_date=20240313T000000, start_date=20240403T005444, end_date=20240403T005459
[2024-04-02 21:54:59,602] {local_task_job.py:156} INFO - Task exited with return code 0
[2024-04-02 21:54:59,654] {local_task_job.py:273} INFO - 0 downstream tasks scheduled from follow-on schedule check
[2024-04-02 23:03:16,504] {taskinstance.py:1159} INFO - Dependencies all met for <TaskInstance: get_crypto_dag.AVAX scheduled__2024-03-13T00:00:00+00:00 [queued]>
[2024-04-02 23:03:16,528] {taskinstance.py:1159} INFO - Dependencies all met for <TaskInstance: get_crypto_dag.AVAX scheduled__2024-03-13T00:00:00+00:00 [queued]>
[2024-04-02 23:03:16,528] {taskinstance.py:1356} INFO - 
--------------------------------------------------------------------------------
[2024-04-02 23:03:16,529] {taskinstance.py:1357} INFO - Starting attempt 1 of 1
[2024-04-02 23:03:16,529] {taskinstance.py:1358} INFO - 
--------------------------------------------------------------------------------
[2024-04-02 23:03:16,559] {taskinstance.py:1377} INFO - Executing <Task(_PythonDecoratedOperator): AVAX> on 2024-03-13 00:00:00+00:00
[2024-04-02 23:03:16,574] {standard_task_runner.py:52} INFO - Started process 77526 to run task
[2024-04-02 23:03:16,604] {standard_task_runner.py:79} INFO - Running: ['airflow', 'tasks', 'run', 'get_crypto_dag', 'AVAX', 'scheduled__2024-03-13T00:00:00+00:00', '--job-id', '1083', '--raw', '--subdir', 'DAGS_FOLDER/get_crypto.py', '--cfg-path', '/tmp/tmpjb4x57i4', '--error-file', '/tmp/tmplfwblch6']
[2024-04-02 23:03:16,607] {standard_task_runner.py:80} INFO - Job 1083: Subtask AVAX
[2024-04-02 23:03:16,769] {task_command.py:370} INFO - Running <TaskInstance: get_crypto_dag.AVAX scheduled__2024-03-13T00:00:00+00:00 [running]> on host alexmend-virtual-machine
[2024-04-02 23:03:16,925] {taskinstance.py:1569} INFO - Exporting the following env vars:
AIRFLOW_CTX_DAG_OWNER=airflow
AIRFLOW_CTX_DAG_ID=get_crypto_dag
AIRFLOW_CTX_TASK_ID=AVAX
AIRFLOW_CTX_EXECUTION_DATE=2024-03-13T00:00:00+00:00
AIRFLOW_CTX_TRY_NUMBER=1
AIRFLOW_CTX_DAG_RUN_ID=scheduled__2024-03-13T00:00:00+00:00
[2024-04-02 23:03:20,623] {history.py:90} ERROR - AVAX: No timezone found, symbol may be delisted
[2024-04-02 23:03:30,642] {python.py:173} INFO - Done. Returned value was: None
[2024-04-02 23:03:30,695] {taskinstance.py:1395} INFO - Marking task as SUCCESS. dag_id=get_crypto_dag, task_id=AVAX, execution_date=20240313T000000, start_date=20240403T020316, end_date=20240403T020330
[2024-04-02 23:03:30,797] {local_task_job.py:156} INFO - Task exited with return code 0
[2024-04-02 23:03:30,899] {local_task_job.py:273} INFO - 0 downstream tasks scheduled from follow-on schedule check
