[2024-04-02 13:07:45,581] {taskinstance.py:1159} INFO - Dependencies all met for <TaskInstance: get_stocks_dag.AAPL scheduled__2024-02-24T00:00:00+00:00 [queued]>
[2024-04-02 13:07:45,592] {taskinstance.py:1159} INFO - Dependencies all met for <TaskInstance: get_stocks_dag.AAPL scheduled__2024-02-24T00:00:00+00:00 [queued]>
[2024-04-02 13:07:45,592] {taskinstance.py:1356} INFO - 
--------------------------------------------------------------------------------
[2024-04-02 13:07:45,592] {taskinstance.py:1357} INFO - Starting attempt 1 of 1
[2024-04-02 13:07:45,592] {taskinstance.py:1358} INFO - 
--------------------------------------------------------------------------------
[2024-04-02 13:07:45,612] {taskinstance.py:1377} INFO - Executing <Task(_PythonDecoratedOperator): AAPL> on 2024-02-24 00:00:00+00:00
[2024-04-02 13:07:45,619] {standard_task_runner.py:52} INFO - Started process 11595 to run task
[2024-04-02 13:07:45,627] {standard_task_runner.py:79} INFO - Running: ['airflow', 'tasks', 'run', 'get_stocks_dag', 'AAPL', 'scheduled__2024-02-24T00:00:00+00:00', '--job-id', '163', '--raw', '--subdir', 'DAGS_FOLDER/get_stocks.py', '--cfg-path', '/tmp/tmpks9r6cuv', '--error-file', '/tmp/tmpeichcpxq']
[2024-04-02 13:07:45,629] {standard_task_runner.py:80} INFO - Job 163: Subtask AAPL
[2024-04-02 13:07:45,725] {task_command.py:370} INFO - Running <TaskInstance: get_stocks_dag.AAPL scheduled__2024-02-24T00:00:00+00:00 [running]> on host alexmend-virtual-machine
[2024-04-02 13:07:45,839] {taskinstance.py:1569} INFO - Exporting the following env vars:
AIRFLOW_CTX_DAG_OWNER=airflow
AIRFLOW_CTX_DAG_ID=get_stocks_dag
AIRFLOW_CTX_TASK_ID=AAPL
AIRFLOW_CTX_EXECUTION_DATE=2024-02-24T00:00:00+00:00
AIRFLOW_CTX_TRY_NUMBER=1
AIRFLOW_CTX_DAG_RUN_ID=scheduled__2024-02-24T00:00:00+00:00
[2024-04-02 13:07:46,936] {python.py:173} INFO - Done. Returned value was: None
[2024-04-02 13:07:46,951] {taskinstance.py:1395} INFO - Marking task as SUCCESS. dag_id=get_stocks_dag, task_id=AAPL, execution_date=20240224T000000, start_date=20240402T160745, end_date=20240402T160746
[2024-04-02 13:07:47,005] {local_task_job.py:156} INFO - Task exited with return code 0
[2024-04-02 13:07:47,028] {local_task_job.py:273} INFO - 0 downstream tasks scheduled from follow-on schedule check
[2024-04-02 17:18:58,857] {taskinstance.py:1159} INFO - Dependencies all met for <TaskInstance: get_stocks_dag.AAPL scheduled__2024-02-24T00:00:00+00:00 [queued]>
[2024-04-02 17:18:58,972] {taskinstance.py:1159} INFO - Dependencies all met for <TaskInstance: get_stocks_dag.AAPL scheduled__2024-02-24T00:00:00+00:00 [queued]>
[2024-04-02 17:18:58,972] {taskinstance.py:1356} INFO - 
--------------------------------------------------------------------------------
[2024-04-02 17:18:58,973] {taskinstance.py:1357} INFO - Starting attempt 1 of 1
[2024-04-02 17:18:58,973] {taskinstance.py:1358} INFO - 
--------------------------------------------------------------------------------
[2024-04-02 17:18:59,149] {taskinstance.py:1377} INFO - Executing <Task(_PythonDecoratedOperator): AAPL> on 2024-02-24 00:00:00+00:00
[2024-04-02 17:18:59,234] {standard_task_runner.py:79} INFO - Running: ['airflow', 'tasks', 'run', 'get_stocks_dag', 'AAPL', 'scheduled__2024-02-24T00:00:00+00:00', '--job-id', '144', '--raw', '--subdir', 'DAGS_FOLDER/get_stocks.py', '--cfg-path', '/tmp/tmp0si_b96_', '--error-file', '/tmp/tmp3s82fes5']
[2024-04-02 17:18:59,193] {standard_task_runner.py:52} INFO - Started process 7384 to run task
[2024-04-02 17:18:59,236] {standard_task_runner.py:80} INFO - Job 144: Subtask AAPL
[2024-04-02 17:18:59,742] {task_command.py:370} INFO - Running <TaskInstance: get_stocks_dag.AAPL scheduled__2024-02-24T00:00:00+00:00 [running]> on host alexmend-virtual-machine
[2024-04-02 17:19:00,229] {taskinstance.py:1569} INFO - Exporting the following env vars:
AIRFLOW_CTX_DAG_OWNER=airflow
AIRFLOW_CTX_DAG_ID=get_stocks_dag
AIRFLOW_CTX_TASK_ID=AAPL
AIRFLOW_CTX_EXECUTION_DATE=2024-02-24T00:00:00+00:00
AIRFLOW_CTX_TRY_NUMBER=1
AIRFLOW_CTX_DAG_RUN_ID=scheduled__2024-02-24T00:00:00+00:00
[2024-04-02 17:19:01,169] {python.py:173} INFO - Done. Returned value was: None
[2024-04-02 17:19:01,337] {taskinstance.py:1395} INFO - Marking task as SUCCESS. dag_id=get_stocks_dag, task_id=AAPL, execution_date=20240224T000000, start_date=20240402T201858, end_date=20240402T201901
[2024-04-02 17:19:01,401] {local_task_job.py:156} INFO - Task exited with return code 0
[2024-04-02 17:19:01,759] {local_task_job.py:273} INFO - 0 downstream tasks scheduled from follow-on schedule check
[2024-04-02 17:45:28,942] {taskinstance.py:1159} INFO - Dependencies all met for <TaskInstance: get_stocks_dag.AAPL scheduled__2024-02-24T00:00:00+00:00 [queued]>
[2024-04-02 17:45:28,966] {taskinstance.py:1159} INFO - Dependencies all met for <TaskInstance: get_stocks_dag.AAPL scheduled__2024-02-24T00:00:00+00:00 [queued]>
[2024-04-02 17:45:28,966] {taskinstance.py:1356} INFO - 
--------------------------------------------------------------------------------
[2024-04-02 17:45:28,966] {taskinstance.py:1357} INFO - Starting attempt 1 of 1
[2024-04-02 17:45:28,966] {taskinstance.py:1358} INFO - 
--------------------------------------------------------------------------------
[2024-04-02 17:45:29,020] {taskinstance.py:1377} INFO - Executing <Task(_PythonDecoratedOperator): AAPL> on 2024-02-24 00:00:00+00:00
[2024-04-02 17:45:29,033] {standard_task_runner.py:52} INFO - Started process 22328 to run task
[2024-04-02 17:45:29,057] {standard_task_runner.py:79} INFO - Running: ['airflow', 'tasks', 'run', 'get_stocks_dag', 'AAPL', 'scheduled__2024-02-24T00:00:00+00:00', '--job-id', '407', '--raw', '--subdir', 'DAGS_FOLDER/get_stocks.py', '--cfg-path', '/tmp/tmpa3vildy1', '--error-file', '/tmp/tmpn6jypqzq']
[2024-04-02 17:45:29,059] {standard_task_runner.py:80} INFO - Job 407: Subtask AAPL
[2024-04-02 17:45:29,285] {task_command.py:370} INFO - Running <TaskInstance: get_stocks_dag.AAPL scheduled__2024-02-24T00:00:00+00:00 [running]> on host alexmend-virtual-machine
[2024-04-02 17:45:29,473] {taskinstance.py:1569} INFO - Exporting the following env vars:
AIRFLOW_CTX_DAG_OWNER=airflow
AIRFLOW_CTX_DAG_ID=get_stocks_dag
AIRFLOW_CTX_TASK_ID=AAPL
AIRFLOW_CTX_EXECUTION_DATE=2024-02-24T00:00:00+00:00
AIRFLOW_CTX_TRY_NUMBER=1
AIRFLOW_CTX_DAG_RUN_ID=scheduled__2024-02-24T00:00:00+00:00
[2024-04-02 17:45:30,103] {python.py:173} INFO - Done. Returned value was: None
[2024-04-02 17:45:30,127] {taskinstance.py:1395} INFO - Marking task as SUCCESS. dag_id=get_stocks_dag, task_id=AAPL, execution_date=20240224T000000, start_date=20240402T204528, end_date=20240402T204530
[2024-04-02 17:45:30,152] {local_task_job.py:156} INFO - Task exited with return code 0
[2024-04-02 17:45:30,201] {local_task_job.py:273} INFO - 0 downstream tasks scheduled from follow-on schedule check
