[2024-04-02 21:00:14,044] {taskinstance.py:1159} INFO - Dependencies all met for <TaskInstance: get_stocks_dag.MSFT scheduled__2024-04-02T00:00:00+00:00 [queued]>
[2024-04-02 21:00:14,074] {taskinstance.py:1159} INFO - Dependencies all met for <TaskInstance: get_stocks_dag.MSFT scheduled__2024-04-02T00:00:00+00:00 [queued]>
[2024-04-02 21:00:14,074] {taskinstance.py:1356} INFO - 
--------------------------------------------------------------------------------
[2024-04-02 21:00:14,075] {taskinstance.py:1357} INFO - Starting attempt 1 of 1
[2024-04-02 21:00:14,075] {taskinstance.py:1358} INFO - 
--------------------------------------------------------------------------------
[2024-04-02 21:00:14,100] {taskinstance.py:1377} INFO - Executing <Task(_PythonDecoratedOperator): MSFT> on 2024-04-02 00:00:00+00:00
[2024-04-02 21:00:14,108] {standard_task_runner.py:52} INFO - Started process 33350 to run task
[2024-04-02 21:00:14,125] {standard_task_runner.py:79} INFO - Running: ['airflow', 'tasks', 'run', 'get_stocks_dag', 'MSFT', 'scheduled__2024-04-02T00:00:00+00:00', '--job-id', '714', '--raw', '--subdir', 'DAGS_FOLDER/get_stocks.py', '--cfg-path', '/tmp/tmpvlkkwr_9', '--error-file', '/tmp/tmp7il333hx']
[2024-04-02 21:00:14,139] {standard_task_runner.py:80} INFO - Job 714: Subtask MSFT
[2024-04-02 21:00:14,379] {task_command.py:370} INFO - Running <TaskInstance: get_stocks_dag.MSFT scheduled__2024-04-02T00:00:00+00:00 [running]> on host alexmend-virtual-machine
[2024-04-02 21:00:16,188] {taskinstance.py:1569} INFO - Exporting the following env vars:
AIRFLOW_CTX_DAG_OWNER=airflow
AIRFLOW_CTX_DAG_ID=get_stocks_dag
AIRFLOW_CTX_TASK_ID=MSFT
AIRFLOW_CTX_EXECUTION_DATE=2024-04-02T00:00:00+00:00
AIRFLOW_CTX_TRY_NUMBER=1
AIRFLOW_CTX_DAG_RUN_ID=scheduled__2024-04-02T00:00:00+00:00
[2024-04-02 21:00:18,987] {python.py:173} INFO - Done. Returned value was: None
[2024-04-02 21:00:19,023] {taskinstance.py:1395} INFO - Marking task as SUCCESS. dag_id=get_stocks_dag, task_id=MSFT, execution_date=20240402T000000, start_date=20240403T000014, end_date=20240403T000019
[2024-04-02 21:00:19,096] {local_task_job.py:156} INFO - Task exited with return code 0
[2024-04-02 21:00:19,172] {local_task_job.py:273} INFO - 0 downstream tasks scheduled from follow-on schedule check
[2024-04-02 21:58:06,220] {taskinstance.py:1159} INFO - Dependencies all met for <TaskInstance: get_stocks_dag.MSFT scheduled__2024-04-02T00:00:00+00:00 [queued]>
[2024-04-02 21:58:06,234] {taskinstance.py:1159} INFO - Dependencies all met for <TaskInstance: get_stocks_dag.MSFT scheduled__2024-04-02T00:00:00+00:00 [queued]>
[2024-04-02 21:58:06,234] {taskinstance.py:1356} INFO - 
--------------------------------------------------------------------------------
[2024-04-02 21:58:06,234] {taskinstance.py:1357} INFO - Starting attempt 1 of 1
[2024-04-02 21:58:06,234] {taskinstance.py:1358} INFO - 
--------------------------------------------------------------------------------
[2024-04-02 21:58:06,271] {taskinstance.py:1377} INFO - Executing <Task(_PythonDecoratedOperator): MSFT> on 2024-04-02 00:00:00+00:00
[2024-04-02 21:58:06,280] {standard_task_runner.py:52} INFO - Started process 56574 to run task
[2024-04-02 21:58:06,294] {standard_task_runner.py:79} INFO - Running: ['airflow', 'tasks', 'run', 'get_stocks_dag', 'MSFT', 'scheduled__2024-04-02T00:00:00+00:00', '--job-id', '911', '--raw', '--subdir', 'DAGS_FOLDER/get_stocks.py', '--cfg-path', '/tmp/tmpf6u1xl9d', '--error-file', '/tmp/tmpm6olxbpj']
[2024-04-02 21:58:06,297] {standard_task_runner.py:80} INFO - Job 911: Subtask MSFT
[2024-04-02 21:58:06,479] {task_command.py:370} INFO - Running <TaskInstance: get_stocks_dag.MSFT scheduled__2024-04-02T00:00:00+00:00 [running]> on host alexmend-virtual-machine
[2024-04-02 21:58:06,654] {taskinstance.py:1569} INFO - Exporting the following env vars:
AIRFLOW_CTX_DAG_OWNER=airflow
AIRFLOW_CTX_DAG_ID=get_stocks_dag
AIRFLOW_CTX_TASK_ID=MSFT
AIRFLOW_CTX_EXECUTION_DATE=2024-04-02T00:00:00+00:00
AIRFLOW_CTX_TRY_NUMBER=1
AIRFLOW_CTX_DAG_RUN_ID=scheduled__2024-04-02T00:00:00+00:00
[2024-04-02 21:58:17,361] {python.py:173} INFO - Done. Returned value was: None
[2024-04-02 21:58:17,409] {taskinstance.py:1395} INFO - Marking task as SUCCESS. dag_id=get_stocks_dag, task_id=MSFT, execution_date=20240402T000000, start_date=20240403T005806, end_date=20240403T005817
[2024-04-02 21:58:17,446] {local_task_job.py:156} INFO - Task exited with return code 0
[2024-04-02 21:58:17,507] {local_task_job.py:273} INFO - 0 downstream tasks scheduled from follow-on schedule check
[2024-04-02 23:21:24,766] {taskinstance.py:1159} INFO - Dependencies all met for <TaskInstance: get_stocks_dag.MSFT scheduled__2024-04-02T00:00:00+00:00 [queued]>
[2024-04-02 23:21:24,786] {taskinstance.py:1159} INFO - Dependencies all met for <TaskInstance: get_stocks_dag.MSFT scheduled__2024-04-02T00:00:00+00:00 [queued]>
[2024-04-02 23:21:24,786] {taskinstance.py:1356} INFO - 
--------------------------------------------------------------------------------
[2024-04-02 23:21:24,786] {taskinstance.py:1357} INFO - Starting attempt 1 of 1
[2024-04-02 23:21:24,786] {taskinstance.py:1358} INFO - 
--------------------------------------------------------------------------------
[2024-04-02 23:21:24,813] {taskinstance.py:1377} INFO - Executing <Task(_PythonDecoratedOperator): MSFT> on 2024-04-02 00:00:00+00:00
[2024-04-02 23:21:24,829] {standard_task_runner.py:52} INFO - Started process 87639 to run task
[2024-04-02 23:21:24,843] {standard_task_runner.py:79} INFO - Running: ['airflow', 'tasks', 'run', 'get_stocks_dag', 'MSFT', 'scheduled__2024-04-02T00:00:00+00:00', '--job-id', '1214', '--raw', '--subdir', 'DAGS_FOLDER/get_stocks.py', '--cfg-path', '/tmp/tmpggo36x29', '--error-file', '/tmp/tmpqjsnefyp']
[2024-04-02 23:21:24,856] {standard_task_runner.py:80} INFO - Job 1214: Subtask MSFT
[2024-04-02 23:21:25,000] {task_command.py:370} INFO - Running <TaskInstance: get_stocks_dag.MSFT scheduled__2024-04-02T00:00:00+00:00 [running]> on host alexmend-virtual-machine
[2024-04-02 23:21:25,570] {taskinstance.py:1569} INFO - Exporting the following env vars:
AIRFLOW_CTX_DAG_OWNER=airflow
AIRFLOW_CTX_DAG_ID=get_stocks_dag
AIRFLOW_CTX_TASK_ID=MSFT
AIRFLOW_CTX_EXECUTION_DATE=2024-04-02T00:00:00+00:00
AIRFLOW_CTX_TRY_NUMBER=1
AIRFLOW_CTX_DAG_RUN_ID=scheduled__2024-04-02T00:00:00+00:00
[2024-04-02 23:21:36,411] {python.py:173} INFO - Done. Returned value was: None
[2024-04-02 23:21:36,450] {taskinstance.py:1395} INFO - Marking task as SUCCESS. dag_id=get_stocks_dag, task_id=MSFT, execution_date=20240402T000000, start_date=20240403T022124, end_date=20240403T022136
[2024-04-02 23:21:36,525] {local_task_job.py:156} INFO - Task exited with return code 0
[2024-04-02 23:21:36,588] {local_task_job.py:273} INFO - 0 downstream tasks scheduled from follow-on schedule check
