[2024-04-02 12:58:59,348] {taskinstance.py:1159} INFO - Dependencies all met for <TaskInstance: get_stocks_dag.GOOG scheduled__2024-01-11T00:00:00+00:00 [queued]>
[2024-04-02 12:58:59,360] {taskinstance.py:1159} INFO - Dependencies all met for <TaskInstance: get_stocks_dag.GOOG scheduled__2024-01-11T00:00:00+00:00 [queued]>
[2024-04-02 12:58:59,360] {taskinstance.py:1356} INFO - 
--------------------------------------------------------------------------------
[2024-04-02 12:58:59,360] {taskinstance.py:1357} INFO - Starting attempt 1 of 1
[2024-04-02 12:58:59,360] {taskinstance.py:1358} INFO - 
--------------------------------------------------------------------------------
[2024-04-02 12:58:59,383] {taskinstance.py:1377} INFO - Executing <Task(_PythonDecoratedOperator): GOOG> on 2024-01-11 00:00:00+00:00
[2024-04-02 12:58:59,389] {standard_task_runner.py:52} INFO - Started process 8526 to run task
[2024-04-02 12:58:59,397] {standard_task_runner.py:79} INFO - Running: ['airflow', 'tasks', 'run', 'get_stocks_dag', 'GOOG', 'scheduled__2024-01-11T00:00:00+00:00', '--job-id', '37', '--raw', '--subdir', 'DAGS_FOLDER/get_stocks.py', '--cfg-path', '/tmp/tmpq7r1amln', '--error-file', '/tmp/tmpy3zg83ll']
[2024-04-02 12:58:59,398] {standard_task_runner.py:80} INFO - Job 37: Subtask GOOG
[2024-04-02 12:58:59,470] {task_command.py:370} INFO - Running <TaskInstance: get_stocks_dag.GOOG scheduled__2024-01-11T00:00:00+00:00 [running]> on host alexmend-virtual-machine
[2024-04-02 12:58:59,550] {taskinstance.py:1569} INFO - Exporting the following env vars:
AIRFLOW_CTX_DAG_OWNER=airflow
AIRFLOW_CTX_DAG_ID=get_stocks_dag
AIRFLOW_CTX_TASK_ID=GOOG
AIRFLOW_CTX_EXECUTION_DATE=2024-01-11T00:00:00+00:00
AIRFLOW_CTX_TRY_NUMBER=1
AIRFLOW_CTX_DAG_RUN_ID=scheduled__2024-01-11T00:00:00+00:00
[2024-04-02 12:59:00,324] {python.py:173} INFO - Done. Returned value was: None
[2024-04-02 12:59:00,347] {taskinstance.py:1395} INFO - Marking task as SUCCESS. dag_id=get_stocks_dag, task_id=GOOG, execution_date=20240111T000000, start_date=20240402T155859, end_date=20240402T155900
[2024-04-02 12:59:00,382] {local_task_job.py:156} INFO - Task exited with return code 0
[2024-04-02 12:59:00,416] {local_task_job.py:273} INFO - 0 downstream tasks scheduled from follow-on schedule check
[2024-04-02 17:42:32,367] {taskinstance.py:1159} INFO - Dependencies all met for <TaskInstance: get_stocks_dag.GOOG scheduled__2024-01-11T00:00:00+00:00 [queued]>
[2024-04-02 17:42:32,385] {taskinstance.py:1159} INFO - Dependencies all met for <TaskInstance: get_stocks_dag.GOOG scheduled__2024-01-11T00:00:00+00:00 [queued]>
[2024-04-02 17:42:32,386] {taskinstance.py:1356} INFO - 
--------------------------------------------------------------------------------
[2024-04-02 17:42:32,391] {taskinstance.py:1357} INFO - Starting attempt 1 of 1
[2024-04-02 17:42:32,391] {taskinstance.py:1358} INFO - 
--------------------------------------------------------------------------------
[2024-04-02 17:42:32,448] {taskinstance.py:1377} INFO - Executing <Task(_PythonDecoratedOperator): GOOG> on 2024-01-11 00:00:00+00:00
[2024-04-02 17:42:32,458] {standard_task_runner.py:52} INFO - Started process 18770 to run task
[2024-04-02 17:42:32,466] {standard_task_runner.py:79} INFO - Running: ['airflow', 'tasks', 'run', 'get_stocks_dag', 'GOOG', 'scheduled__2024-01-11T00:00:00+00:00', '--job-id', '281', '--raw', '--subdir', 'DAGS_FOLDER/get_stocks.py', '--cfg-path', '/tmp/tmpdylfcvce', '--error-file', '/tmp/tmpaoou57ul']
[2024-04-02 17:42:32,468] {standard_task_runner.py:80} INFO - Job 281: Subtask GOOG
[2024-04-02 17:42:32,600] {task_command.py:370} INFO - Running <TaskInstance: get_stocks_dag.GOOG scheduled__2024-01-11T00:00:00+00:00 [running]> on host alexmend-virtual-machine
[2024-04-02 17:42:32,723] {taskinstance.py:1569} INFO - Exporting the following env vars:
AIRFLOW_CTX_DAG_OWNER=airflow
AIRFLOW_CTX_DAG_ID=get_stocks_dag
AIRFLOW_CTX_TASK_ID=GOOG
AIRFLOW_CTX_EXECUTION_DATE=2024-01-11T00:00:00+00:00
AIRFLOW_CTX_TRY_NUMBER=1
AIRFLOW_CTX_DAG_RUN_ID=scheduled__2024-01-11T00:00:00+00:00
[2024-04-02 17:42:33,506] {python.py:173} INFO - Done. Returned value was: None
[2024-04-02 17:42:33,542] {taskinstance.py:1395} INFO - Marking task as SUCCESS. dag_id=get_stocks_dag, task_id=GOOG, execution_date=20240111T000000, start_date=20240402T204232, end_date=20240402T204233
[2024-04-02 17:42:33,608] {local_task_job.py:156} INFO - Task exited with return code 0
[2024-04-02 17:42:33,698] {local_task_job.py:273} INFO - 0 downstream tasks scheduled from follow-on schedule check
