[2024-04-02 13:10:35,753] {taskinstance.py:1159} INFO - Dependencies all met for <TaskInstance: get_stocks_dag.TSLA scheduled__2024-03-09T00:00:00+00:00 [queued]>
[2024-04-02 13:10:35,762] {taskinstance.py:1159} INFO - Dependencies all met for <TaskInstance: get_stocks_dag.TSLA scheduled__2024-03-09T00:00:00+00:00 [queued]>
[2024-04-02 13:10:35,762] {taskinstance.py:1356} INFO - 
--------------------------------------------------------------------------------
[2024-04-02 13:10:35,762] {taskinstance.py:1357} INFO - Starting attempt 1 of 1
[2024-04-02 13:10:35,762] {taskinstance.py:1358} INFO - 
--------------------------------------------------------------------------------
[2024-04-02 13:10:35,780] {taskinstance.py:1377} INFO - Executing <Task(_PythonDecoratedOperator): TSLA> on 2024-03-09 00:00:00+00:00
[2024-04-02 13:10:35,786] {standard_task_runner.py:52} INFO - Started process 12590 to run task
[2024-04-02 13:10:35,796] {standard_task_runner.py:79} INFO - Running: ['airflow', 'tasks', 'run', 'get_stocks_dag', 'TSLA', 'scheduled__2024-03-09T00:00:00+00:00', '--job-id', '206', '--raw', '--subdir', 'DAGS_FOLDER/get_stocks.py', '--cfg-path', '/tmp/tmp2c1v3cnq', '--error-file', '/tmp/tmpqubni13y']
[2024-04-02 13:10:35,797] {standard_task_runner.py:80} INFO - Job 206: Subtask TSLA
[2024-04-02 13:10:35,872] {task_command.py:370} INFO - Running <TaskInstance: get_stocks_dag.TSLA scheduled__2024-03-09T00:00:00+00:00 [running]> on host alexmend-virtual-machine
[2024-04-02 13:10:35,945] {taskinstance.py:1569} INFO - Exporting the following env vars:
AIRFLOW_CTX_DAG_OWNER=airflow
AIRFLOW_CTX_DAG_ID=get_stocks_dag
AIRFLOW_CTX_TASK_ID=TSLA
AIRFLOW_CTX_EXECUTION_DATE=2024-03-09T00:00:00+00:00
AIRFLOW_CTX_TRY_NUMBER=1
AIRFLOW_CTX_DAG_RUN_ID=scheduled__2024-03-09T00:00:00+00:00
[2024-04-02 13:10:36,607] {python.py:173} INFO - Done. Returned value was: None
[2024-04-02 13:10:36,614] {taskinstance.py:1395} INFO - Marking task as SUCCESS. dag_id=get_stocks_dag, task_id=TSLA, execution_date=20240309T000000, start_date=20240402T161035, end_date=20240402T161036
[2024-04-02 13:10:36,651] {local_task_job.py:156} INFO - Task exited with return code 0
[2024-04-02 13:10:36,675] {local_task_job.py:273} INFO - 0 downstream tasks scheduled from follow-on schedule check
[2024-04-02 17:19:41,078] {taskinstance.py:1159} INFO - Dependencies all met for <TaskInstance: get_stocks_dag.TSLA scheduled__2024-03-09T00:00:00+00:00 [queued]>
[2024-04-02 17:19:41,154] {taskinstance.py:1159} INFO - Dependencies all met for <TaskInstance: get_stocks_dag.TSLA scheduled__2024-03-09T00:00:00+00:00 [queued]>
[2024-04-02 17:19:41,154] {taskinstance.py:1356} INFO - 
--------------------------------------------------------------------------------
[2024-04-02 17:19:41,155] {taskinstance.py:1357} INFO - Starting attempt 1 of 1
[2024-04-02 17:19:41,155] {taskinstance.py:1358} INFO - 
--------------------------------------------------------------------------------
[2024-04-02 17:19:41,184] {taskinstance.py:1377} INFO - Executing <Task(_PythonDecoratedOperator): TSLA> on 2024-03-09 00:00:00+00:00
[2024-04-02 17:19:41,197] {standard_task_runner.py:52} INFO - Started process 8559 to run task
[2024-04-02 17:19:41,247] {standard_task_runner.py:79} INFO - Running: ['airflow', 'tasks', 'run', 'get_stocks_dag', 'TSLA', 'scheduled__2024-03-09T00:00:00+00:00', '--job-id', '190', '--raw', '--subdir', 'DAGS_FOLDER/get_stocks.py', '--cfg-path', '/tmp/tmp6v4eiuo9', '--error-file', '/tmp/tmprr_ybvq2']
[2024-04-02 17:19:41,249] {standard_task_runner.py:80} INFO - Job 190: Subtask TSLA
[2024-04-02 17:19:41,957] {task_command.py:370} INFO - Running <TaskInstance: get_stocks_dag.TSLA scheduled__2024-03-09T00:00:00+00:00 [running]> on host alexmend-virtual-machine
[2024-04-02 17:19:42,326] {taskinstance.py:1569} INFO - Exporting the following env vars:
AIRFLOW_CTX_DAG_OWNER=airflow
AIRFLOW_CTX_DAG_ID=get_stocks_dag
AIRFLOW_CTX_TASK_ID=TSLA
AIRFLOW_CTX_EXECUTION_DATE=2024-03-09T00:00:00+00:00
AIRFLOW_CTX_TRY_NUMBER=1
AIRFLOW_CTX_DAG_RUN_ID=scheduled__2024-03-09T00:00:00+00:00
[2024-04-02 17:19:43,345] {python.py:173} INFO - Done. Returned value was: None
[2024-04-02 17:19:43,667] {taskinstance.py:1395} INFO - Marking task as SUCCESS. dag_id=get_stocks_dag, task_id=TSLA, execution_date=20240309T000000, start_date=20240402T201941, end_date=20240402T201943
[2024-04-02 17:19:43,774] {local_task_job.py:156} INFO - Task exited with return code 0
[2024-04-02 17:19:44,229] {local_task_job.py:273} INFO - 0 downstream tasks scheduled from follow-on schedule check
[2024-04-02 17:46:26,505] {taskinstance.py:1159} INFO - Dependencies all met for <TaskInstance: get_stocks_dag.TSLA scheduled__2024-03-09T00:00:00+00:00 [queued]>
[2024-04-02 17:46:26,521] {taskinstance.py:1159} INFO - Dependencies all met for <TaskInstance: get_stocks_dag.TSLA scheduled__2024-03-09T00:00:00+00:00 [queued]>
[2024-04-02 17:46:26,521] {taskinstance.py:1356} INFO - 
--------------------------------------------------------------------------------
[2024-04-02 17:46:26,521] {taskinstance.py:1357} INFO - Starting attempt 1 of 1
[2024-04-02 17:46:26,521] {taskinstance.py:1358} INFO - 
--------------------------------------------------------------------------------
[2024-04-02 17:46:26,538] {taskinstance.py:1377} INFO - Executing <Task(_PythonDecoratedOperator): TSLA> on 2024-03-09 00:00:00+00:00
[2024-04-02 17:46:26,546] {standard_task_runner.py:52} INFO - Started process 23542 to run task
[2024-04-02 17:46:26,562] {standard_task_runner.py:79} INFO - Running: ['airflow', 'tasks', 'run', 'get_stocks_dag', 'TSLA', 'scheduled__2024-03-09T00:00:00+00:00', '--job-id', '450', '--raw', '--subdir', 'DAGS_FOLDER/get_stocks.py', '--cfg-path', '/tmp/tmpr_vrt6rn', '--error-file', '/tmp/tmpddcruuq9']
[2024-04-02 17:46:26,564] {standard_task_runner.py:80} INFO - Job 450: Subtask TSLA
[2024-04-02 17:46:26,692] {task_command.py:370} INFO - Running <TaskInstance: get_stocks_dag.TSLA scheduled__2024-03-09T00:00:00+00:00 [running]> on host alexmend-virtual-machine
[2024-04-02 17:46:26,808] {taskinstance.py:1569} INFO - Exporting the following env vars:
AIRFLOW_CTX_DAG_OWNER=airflow
AIRFLOW_CTX_DAG_ID=get_stocks_dag
AIRFLOW_CTX_TASK_ID=TSLA
AIRFLOW_CTX_EXECUTION_DATE=2024-03-09T00:00:00+00:00
AIRFLOW_CTX_TRY_NUMBER=1
AIRFLOW_CTX_DAG_RUN_ID=scheduled__2024-03-09T00:00:00+00:00
[2024-04-02 17:46:27,509] {python.py:173} INFO - Done. Returned value was: None
[2024-04-02 17:46:27,545] {taskinstance.py:1395} INFO - Marking task as SUCCESS. dag_id=get_stocks_dag, task_id=TSLA, execution_date=20240309T000000, start_date=20240402T204626, end_date=20240402T204627
[2024-04-02 17:46:27,621] {local_task_job.py:156} INFO - Task exited with return code 0
[2024-04-02 17:46:27,709] {local_task_job.py:273} INFO - 0 downstream tasks scheduled from follow-on schedule check
[2024-04-02 19:15:23,891] {taskinstance.py:1159} INFO - Dependencies all met for <TaskInstance: get_stocks_dag.TSLA scheduled__2024-03-09T00:00:00+00:00 [queued]>
[2024-04-02 19:15:23,910] {taskinstance.py:1159} INFO - Dependencies all met for <TaskInstance: get_stocks_dag.TSLA scheduled__2024-03-09T00:00:00+00:00 [queued]>
[2024-04-02 19:15:23,910] {taskinstance.py:1356} INFO - 
--------------------------------------------------------------------------------
[2024-04-02 19:15:23,910] {taskinstance.py:1357} INFO - Starting attempt 1 of 1
[2024-04-02 19:15:23,910] {taskinstance.py:1358} INFO - 
--------------------------------------------------------------------------------
[2024-04-02 19:15:23,932] {taskinstance.py:1377} INFO - Executing <Task(_PythonDecoratedOperator): TSLA> on 2024-03-09 00:00:00+00:00
[2024-04-02 19:15:23,941] {standard_task_runner.py:52} INFO - Started process 14656 to run task
[2024-04-02 19:15:23,949] {standard_task_runner.py:79} INFO - Running: ['airflow', 'tasks', 'run', 'get_stocks_dag', 'TSLA', 'scheduled__2024-03-09T00:00:00+00:00', '--job-id', '551', '--raw', '--subdir', 'DAGS_FOLDER/get_stocks.py', '--cfg-path', '/tmp/tmp5seu1_ob', '--error-file', '/tmp/tmpjv8cp44v']
[2024-04-02 19:15:23,951] {standard_task_runner.py:80} INFO - Job 551: Subtask TSLA
[2024-04-02 19:15:24,112] {task_command.py:370} INFO - Running <TaskInstance: get_stocks_dag.TSLA scheduled__2024-03-09T00:00:00+00:00 [running]> on host alexmend-virtual-machine
[2024-04-02 19:15:24,233] {taskinstance.py:1569} INFO - Exporting the following env vars:
AIRFLOW_CTX_DAG_OWNER=airflow
AIRFLOW_CTX_DAG_ID=get_stocks_dag
AIRFLOW_CTX_TASK_ID=TSLA
AIRFLOW_CTX_EXECUTION_DATE=2024-03-09T00:00:00+00:00
AIRFLOW_CTX_TRY_NUMBER=1
AIRFLOW_CTX_DAG_RUN_ID=scheduled__2024-03-09T00:00:00+00:00
[2024-04-02 19:15:24,907] {python.py:173} INFO - Done. Returned value was: None
[2024-04-02 19:15:24,933] {taskinstance.py:1395} INFO - Marking task as SUCCESS. dag_id=get_stocks_dag, task_id=TSLA, execution_date=20240309T000000, start_date=20240402T221523, end_date=20240402T221524
[2024-04-02 19:15:24,973] {local_task_job.py:156} INFO - Task exited with return code 0
[2024-04-02 19:15:25,024] {local_task_job.py:273} INFO - 0 downstream tasks scheduled from follow-on schedule check
[2024-04-02 20:39:08,087] {taskinstance.py:1159} INFO - Dependencies all met for <TaskInstance: get_stocks_dag.TSLA scheduled__2024-03-09T00:00:00+00:00 [queued]>
[2024-04-02 20:39:08,124] {taskinstance.py:1159} INFO - Dependencies all met for <TaskInstance: get_stocks_dag.TSLA scheduled__2024-03-09T00:00:00+00:00 [queued]>
[2024-04-02 20:39:08,125] {taskinstance.py:1356} INFO - 
--------------------------------------------------------------------------------
[2024-04-02 20:39:08,125] {taskinstance.py:1357} INFO - Starting attempt 1 of 1
[2024-04-02 20:39:08,125] {taskinstance.py:1358} INFO - 
--------------------------------------------------------------------------------
[2024-04-02 20:39:08,218] {taskinstance.py:1377} INFO - Executing <Task(_PythonDecoratedOperator): TSLA> on 2024-03-09 00:00:00+00:00
[2024-04-02 20:39:08,243] {standard_task_runner.py:52} INFO - Started process 25983 to run task
[2024-04-02 20:39:08,269] {standard_task_runner.py:79} INFO - Running: ['airflow', 'tasks', 'run', 'get_stocks_dag', 'TSLA', 'scheduled__2024-03-09T00:00:00+00:00', '--job-id', '652', '--raw', '--subdir', 'DAGS_FOLDER/get_stocks.py', '--cfg-path', '/tmp/tmpv39osvps', '--error-file', '/tmp/tmp09yfwnca']
[2024-04-02 20:39:08,280] {standard_task_runner.py:80} INFO - Job 652: Subtask TSLA
[2024-04-02 20:39:08,486] {task_command.py:370} INFO - Running <TaskInstance: get_stocks_dag.TSLA scheduled__2024-03-09T00:00:00+00:00 [running]> on host alexmend-virtual-machine
[2024-04-02 20:39:08,779] {taskinstance.py:1569} INFO - Exporting the following env vars:
AIRFLOW_CTX_DAG_OWNER=airflow
AIRFLOW_CTX_DAG_ID=get_stocks_dag
AIRFLOW_CTX_TASK_ID=TSLA
AIRFLOW_CTX_EXECUTION_DATE=2024-03-09T00:00:00+00:00
AIRFLOW_CTX_TRY_NUMBER=1
AIRFLOW_CTX_DAG_RUN_ID=scheduled__2024-03-09T00:00:00+00:00
[2024-04-02 20:39:09,861] {python.py:173} INFO - Done. Returned value was: None
[2024-04-02 20:39:09,886] {taskinstance.py:1395} INFO - Marking task as SUCCESS. dag_id=get_stocks_dag, task_id=TSLA, execution_date=20240309T000000, start_date=20240402T233908, end_date=20240402T233909
[2024-04-02 20:39:09,949] {local_task_job.py:156} INFO - Task exited with return code 0
[2024-04-02 20:39:10,014] {local_task_job.py:273} INFO - 0 downstream tasks scheduled from follow-on schedule check
[2024-04-02 21:48:23,047] {taskinstance.py:1159} INFO - Dependencies all met for <TaskInstance: get_stocks_dag.TSLA scheduled__2024-03-09T00:00:00+00:00 [queued]>
[2024-04-02 21:48:23,069] {taskinstance.py:1159} INFO - Dependencies all met for <TaskInstance: get_stocks_dag.TSLA scheduled__2024-03-09T00:00:00+00:00 [queued]>
[2024-04-02 21:48:23,069] {taskinstance.py:1356} INFO - 
--------------------------------------------------------------------------------
[2024-04-02 21:48:23,069] {taskinstance.py:1357} INFO - Starting attempt 1 of 1
[2024-04-02 21:48:23,069] {taskinstance.py:1358} INFO - 
--------------------------------------------------------------------------------
[2024-04-02 21:48:23,117] {taskinstance.py:1377} INFO - Executing <Task(_PythonDecoratedOperator): TSLA> on 2024-03-09 00:00:00+00:00
[2024-04-02 21:48:23,134] {standard_task_runner.py:52} INFO - Started process 49558 to run task
[2024-04-02 21:48:23,160] {standard_task_runner.py:79} INFO - Running: ['airflow', 'tasks', 'run', 'get_stocks_dag', 'TSLA', 'scheduled__2024-03-09T00:00:00+00:00', '--job-id', '784', '--raw', '--subdir', 'DAGS_FOLDER/get_stocks.py', '--cfg-path', '/tmp/tmplu_ow584', '--error-file', '/tmp/tmpxegurn4q']
[2024-04-02 21:48:23,170] {standard_task_runner.py:80} INFO - Job 784: Subtask TSLA
[2024-04-02 21:48:23,369] {task_command.py:370} INFO - Running <TaskInstance: get_stocks_dag.TSLA scheduled__2024-03-09T00:00:00+00:00 [running]> on host alexmend-virtual-machine
[2024-04-02 21:48:23,652] {taskinstance.py:1569} INFO - Exporting the following env vars:
AIRFLOW_CTX_DAG_OWNER=airflow
AIRFLOW_CTX_DAG_ID=get_stocks_dag
AIRFLOW_CTX_TASK_ID=TSLA
AIRFLOW_CTX_EXECUTION_DATE=2024-03-09T00:00:00+00:00
AIRFLOW_CTX_TRY_NUMBER=1
AIRFLOW_CTX_DAG_RUN_ID=scheduled__2024-03-09T00:00:00+00:00
[2024-04-02 21:48:34,701] {python.py:173} INFO - Done. Returned value was: None
[2024-04-02 21:48:34,739] {taskinstance.py:1395} INFO - Marking task as SUCCESS. dag_id=get_stocks_dag, task_id=TSLA, execution_date=20240309T000000, start_date=20240403T004823, end_date=20240403T004834
[2024-04-02 21:48:34,825] {local_task_job.py:156} INFO - Task exited with return code 0
[2024-04-02 21:48:34,929] {local_task_job.py:273} INFO - 0 downstream tasks scheduled from follow-on schedule check
[2024-04-02 23:00:22,575] {taskinstance.py:1159} INFO - Dependencies all met for <TaskInstance: get_stocks_dag.TSLA scheduled__2024-03-09T00:00:00+00:00 [queued]>
[2024-04-02 23:00:22,626] {taskinstance.py:1159} INFO - Dependencies all met for <TaskInstance: get_stocks_dag.TSLA scheduled__2024-03-09T00:00:00+00:00 [queued]>
[2024-04-02 23:00:22,627] {taskinstance.py:1356} INFO - 
--------------------------------------------------------------------------------
[2024-04-02 23:00:22,628] {taskinstance.py:1357} INFO - Starting attempt 1 of 1
[2024-04-02 23:00:22,629] {taskinstance.py:1358} INFO - 
--------------------------------------------------------------------------------
[2024-04-02 23:00:22,682] {taskinstance.py:1377} INFO - Executing <Task(_PythonDecoratedOperator): TSLA> on 2024-03-09 00:00:00+00:00
[2024-04-02 23:00:22,700] {standard_task_runner.py:52} INFO - Started process 75875 to run task
[2024-04-02 23:00:22,710] {standard_task_runner.py:79} INFO - Running: ['airflow', 'tasks', 'run', 'get_stocks_dag', 'TSLA', 'scheduled__2024-03-09T00:00:00+00:00', '--job-id', '1060', '--raw', '--subdir', 'DAGS_FOLDER/get_stocks.py', '--cfg-path', '/tmp/tmps98r7ez0', '--error-file', '/tmp/tmpa8_u6j2_']
[2024-04-02 23:00:22,720] {standard_task_runner.py:80} INFO - Job 1060: Subtask TSLA
[2024-04-02 23:00:22,885] {task_command.py:370} INFO - Running <TaskInstance: get_stocks_dag.TSLA scheduled__2024-03-09T00:00:00+00:00 [running]> on host alexmend-virtual-machine
[2024-04-02 23:00:23,128] {taskinstance.py:1569} INFO - Exporting the following env vars:
AIRFLOW_CTX_DAG_OWNER=airflow
AIRFLOW_CTX_DAG_ID=get_stocks_dag
AIRFLOW_CTX_TASK_ID=TSLA
AIRFLOW_CTX_EXECUTION_DATE=2024-03-09T00:00:00+00:00
AIRFLOW_CTX_TRY_NUMBER=1
AIRFLOW_CTX_DAG_RUN_ID=scheduled__2024-03-09T00:00:00+00:00
[2024-04-02 23:00:34,287] {python.py:173} INFO - Done. Returned value was: None
[2024-04-02 23:00:34,337] {taskinstance.py:1395} INFO - Marking task as SUCCESS. dag_id=get_stocks_dag, task_id=TSLA, execution_date=20240309T000000, start_date=20240403T020022, end_date=20240403T020034
[2024-04-02 23:00:34,443] {local_task_job.py:156} INFO - Task exited with return code 0
[2024-04-02 23:00:34,514] {local_task_job.py:273} INFO - 0 downstream tasks scheduled from follow-on schedule check
