[2024-04-02 13:03:35,588] {taskinstance.py:1159} INFO - Dependencies all met for <TaskInstance: get_stocks_dag.AAPL scheduled__2024-02-03T00:00:00+00:00 [queued]>
[2024-04-02 13:03:35,596] {taskinstance.py:1159} INFO - Dependencies all met for <TaskInstance: get_stocks_dag.AAPL scheduled__2024-02-03T00:00:00+00:00 [queued]>
[2024-04-02 13:03:35,597] {taskinstance.py:1356} INFO - 
--------------------------------------------------------------------------------
[2024-04-02 13:03:35,597] {taskinstance.py:1357} INFO - Starting attempt 1 of 1
[2024-04-02 13:03:35,597] {taskinstance.py:1358} INFO - 
--------------------------------------------------------------------------------
[2024-04-02 13:03:35,618] {taskinstance.py:1377} INFO - Executing <Task(_PythonDecoratedOperator): AAPL> on 2024-02-03 00:00:00+00:00
[2024-04-02 13:03:35,624] {standard_task_runner.py:52} INFO - Started process 10090 to run task
[2024-04-02 13:03:35,629] {standard_task_runner.py:79} INFO - Running: ['airflow', 'tasks', 'run', 'get_stocks_dag', 'AAPL', 'scheduled__2024-02-03T00:00:00+00:00', '--job-id', '103', '--raw', '--subdir', 'DAGS_FOLDER/get_stocks.py', '--cfg-path', '/tmp/tmplw_5yoah', '--error-file', '/tmp/tmp366y176h']
[2024-04-02 13:03:35,630] {standard_task_runner.py:80} INFO - Job 103: Subtask AAPL
[2024-04-02 13:03:35,710] {task_command.py:370} INFO - Running <TaskInstance: get_stocks_dag.AAPL scheduled__2024-02-03T00:00:00+00:00 [running]> on host alexmend-virtual-machine
[2024-04-02 13:03:35,800] {taskinstance.py:1569} INFO - Exporting the following env vars:
AIRFLOW_CTX_DAG_OWNER=airflow
AIRFLOW_CTX_DAG_ID=get_stocks_dag
AIRFLOW_CTX_TASK_ID=AAPL
AIRFLOW_CTX_EXECUTION_DATE=2024-02-03T00:00:00+00:00
AIRFLOW_CTX_TRY_NUMBER=1
AIRFLOW_CTX_DAG_RUN_ID=scheduled__2024-02-03T00:00:00+00:00
[2024-04-02 13:03:36,527] {python.py:173} INFO - Done. Returned value was: None
[2024-04-02 13:03:36,547] {taskinstance.py:1395} INFO - Marking task as SUCCESS. dag_id=get_stocks_dag, task_id=AAPL, execution_date=20240203T000000, start_date=20240402T160335, end_date=20240402T160336
[2024-04-02 13:03:36,607] {local_task_job.py:156} INFO - Task exited with return code 0
[2024-04-02 13:03:36,634] {local_task_job.py:273} INFO - 0 downstream tasks scheduled from follow-on schedule check
[2024-04-02 17:18:10,653] {taskinstance.py:1159} INFO - Dependencies all met for <TaskInstance: get_stocks_dag.AAPL scheduled__2024-02-03T00:00:00+00:00 [queued]>
[2024-04-02 17:18:10,723] {taskinstance.py:1159} INFO - Dependencies all met for <TaskInstance: get_stocks_dag.AAPL scheduled__2024-02-03T00:00:00+00:00 [queued]>
[2024-04-02 17:18:10,724] {taskinstance.py:1356} INFO - 
--------------------------------------------------------------------------------
[2024-04-02 17:18:10,724] {taskinstance.py:1357} INFO - Starting attempt 1 of 1
[2024-04-02 17:18:10,724] {taskinstance.py:1358} INFO - 
--------------------------------------------------------------------------------
[2024-04-02 17:18:10,886] {taskinstance.py:1377} INFO - Executing <Task(_PythonDecoratedOperator): AAPL> on 2024-02-03 00:00:00+00:00
[2024-04-02 17:18:11,012] {standard_task_runner.py:52} INFO - Started process 5856 to run task
[2024-04-02 17:18:11,137] {standard_task_runner.py:79} INFO - Running: ['airflow', 'tasks', 'run', 'get_stocks_dag', 'AAPL', 'scheduled__2024-02-03T00:00:00+00:00', '--job-id', '81', '--raw', '--subdir', 'DAGS_FOLDER/get_stocks.py', '--cfg-path', '/tmp/tmps7g5f976', '--error-file', '/tmp/tmpiwge69xw']
[2024-04-02 17:18:11,168] {standard_task_runner.py:80} INFO - Job 81: Subtask AAPL
[2024-04-02 17:18:12,205] {task_command.py:370} INFO - Running <TaskInstance: get_stocks_dag.AAPL scheduled__2024-02-03T00:00:00+00:00 [running]> on host alexmend-virtual-machine
[2024-04-02 17:18:12,798] {taskinstance.py:1569} INFO - Exporting the following env vars:
AIRFLOW_CTX_DAG_OWNER=airflow
AIRFLOW_CTX_DAG_ID=get_stocks_dag
AIRFLOW_CTX_TASK_ID=AAPL
AIRFLOW_CTX_EXECUTION_DATE=2024-02-03T00:00:00+00:00
AIRFLOW_CTX_TRY_NUMBER=1
AIRFLOW_CTX_DAG_RUN_ID=scheduled__2024-02-03T00:00:00+00:00
[2024-04-02 17:18:13,941] {python.py:173} INFO - Done. Returned value was: None
[2024-04-02 17:18:14,058] {taskinstance.py:1395} INFO - Marking task as SUCCESS. dag_id=get_stocks_dag, task_id=AAPL, execution_date=20240203T000000, start_date=20240402T201810, end_date=20240402T201814
[2024-04-02 17:18:14,431] {local_task_job.py:156} INFO - Task exited with return code 0
[2024-04-02 17:18:14,668] {local_task_job.py:273} INFO - 0 downstream tasks scheduled from follow-on schedule check
[2024-04-02 17:44:08,539] {taskinstance.py:1159} INFO - Dependencies all met for <TaskInstance: get_stocks_dag.AAPL scheduled__2024-02-03T00:00:00+00:00 [queued]>
[2024-04-02 17:44:08,559] {taskinstance.py:1159} INFO - Dependencies all met for <TaskInstance: get_stocks_dag.AAPL scheduled__2024-02-03T00:00:00+00:00 [queued]>
[2024-04-02 17:44:08,560] {taskinstance.py:1356} INFO - 
--------------------------------------------------------------------------------
[2024-04-02 17:44:08,561] {taskinstance.py:1357} INFO - Starting attempt 1 of 1
[2024-04-02 17:44:08,562] {taskinstance.py:1358} INFO - 
--------------------------------------------------------------------------------
[2024-04-02 17:44:08,587] {taskinstance.py:1377} INFO - Executing <Task(_PythonDecoratedOperator): AAPL> on 2024-02-03 00:00:00+00:00
[2024-04-02 17:44:08,596] {standard_task_runner.py:52} INFO - Started process 20713 to run task
[2024-04-02 17:44:08,605] {standard_task_runner.py:79} INFO - Running: ['airflow', 'tasks', 'run', 'get_stocks_dag', 'AAPL', 'scheduled__2024-02-03T00:00:00+00:00', '--job-id', '348', '--raw', '--subdir', 'DAGS_FOLDER/get_stocks.py', '--cfg-path', '/tmp/tmp0emb1ube', '--error-file', '/tmp/tmphngl13t_']
[2024-04-02 17:44:08,607] {standard_task_runner.py:80} INFO - Job 348: Subtask AAPL
[2024-04-02 17:44:08,778] {task_command.py:370} INFO - Running <TaskInstance: get_stocks_dag.AAPL scheduled__2024-02-03T00:00:00+00:00 [running]> on host alexmend-virtual-machine
[2024-04-02 17:44:08,962] {taskinstance.py:1569} INFO - Exporting the following env vars:
AIRFLOW_CTX_DAG_OWNER=airflow
AIRFLOW_CTX_DAG_ID=get_stocks_dag
AIRFLOW_CTX_TASK_ID=AAPL
AIRFLOW_CTX_EXECUTION_DATE=2024-02-03T00:00:00+00:00
AIRFLOW_CTX_TRY_NUMBER=1
AIRFLOW_CTX_DAG_RUN_ID=scheduled__2024-02-03T00:00:00+00:00
[2024-04-02 17:44:09,643] {python.py:173} INFO - Done. Returned value was: None
[2024-04-02 17:44:09,669] {taskinstance.py:1395} INFO - Marking task as SUCCESS. dag_id=get_stocks_dag, task_id=AAPL, execution_date=20240203T000000, start_date=20240402T204408, end_date=20240402T204409
[2024-04-02 17:44:09,715] {local_task_job.py:156} INFO - Task exited with return code 0
[2024-04-02 17:44:09,787] {local_task_job.py:273} INFO - 0 downstream tasks scheduled from follow-on schedule check
