[2024-04-02 13:07:57,038] {taskinstance.py:1159} INFO - Dependencies all met for <TaskInstance: get_stocks_dag.TSLA scheduled__2024-02-24T00:00:00+00:00 [queued]>
[2024-04-02 13:07:57,047] {taskinstance.py:1159} INFO - Dependencies all met for <TaskInstance: get_stocks_dag.TSLA scheduled__2024-02-24T00:00:00+00:00 [queued]>
[2024-04-02 13:07:57,047] {taskinstance.py:1356} INFO - 
--------------------------------------------------------------------------------
[2024-04-02 13:07:57,047] {taskinstance.py:1357} INFO - Starting attempt 1 of 1
[2024-04-02 13:07:57,047] {taskinstance.py:1358} INFO - 
--------------------------------------------------------------------------------
[2024-04-02 13:07:57,062] {taskinstance.py:1377} INFO - Executing <Task(_PythonDecoratedOperator): TSLA> on 2024-02-24 00:00:00+00:00
[2024-04-02 13:07:57,068] {standard_task_runner.py:52} INFO - Started process 11661 to run task
[2024-04-02 13:07:57,073] {standard_task_runner.py:79} INFO - Running: ['airflow', 'tasks', 'run', 'get_stocks_dag', 'TSLA', 'scheduled__2024-02-24T00:00:00+00:00', '--job-id', '166', '--raw', '--subdir', 'DAGS_FOLDER/get_stocks.py', '--cfg-path', '/tmp/tmprbdo7dta', '--error-file', '/tmp/tmps391j825']
[2024-04-02 13:07:57,074] {standard_task_runner.py:80} INFO - Job 166: Subtask TSLA
[2024-04-02 13:07:57,136] {task_command.py:370} INFO - Running <TaskInstance: get_stocks_dag.TSLA scheduled__2024-02-24T00:00:00+00:00 [running]> on host alexmend-virtual-machine
[2024-04-02 13:07:57,229] {taskinstance.py:1569} INFO - Exporting the following env vars:
AIRFLOW_CTX_DAG_OWNER=airflow
AIRFLOW_CTX_DAG_ID=get_stocks_dag
AIRFLOW_CTX_TASK_ID=TSLA
AIRFLOW_CTX_EXECUTION_DATE=2024-02-24T00:00:00+00:00
AIRFLOW_CTX_TRY_NUMBER=1
AIRFLOW_CTX_DAG_RUN_ID=scheduled__2024-02-24T00:00:00+00:00
[2024-04-02 13:07:58,001] {python.py:173} INFO - Done. Returned value was: None
[2024-04-02 13:07:58,018] {taskinstance.py:1395} INFO - Marking task as SUCCESS. dag_id=get_stocks_dag, task_id=TSLA, execution_date=20240224T000000, start_date=20240402T160757, end_date=20240402T160758
[2024-04-02 13:07:58,092] {local_task_job.py:156} INFO - Task exited with return code 0
[2024-04-02 13:07:58,114] {local_task_job.py:273} INFO - 0 downstream tasks scheduled from follow-on schedule check
[2024-04-02 17:19:01,542] {taskinstance.py:1159} INFO - Dependencies all met for <TaskInstance: get_stocks_dag.TSLA scheduled__2024-02-24T00:00:00+00:00 [queued]>
[2024-04-02 17:19:01,636] {taskinstance.py:1159} INFO - Dependencies all met for <TaskInstance: get_stocks_dag.TSLA scheduled__2024-02-24T00:00:00+00:00 [queued]>
[2024-04-02 17:19:01,636] {taskinstance.py:1356} INFO - 
--------------------------------------------------------------------------------
[2024-04-02 17:19:01,636] {taskinstance.py:1357} INFO - Starting attempt 1 of 1
[2024-04-02 17:19:01,636] {taskinstance.py:1358} INFO - 
--------------------------------------------------------------------------------
[2024-04-02 17:19:01,713] {taskinstance.py:1377} INFO - Executing <Task(_PythonDecoratedOperator): TSLA> on 2024-02-24 00:00:00+00:00
[2024-04-02 17:19:01,726] {standard_task_runner.py:52} INFO - Started process 7467 to run task
[2024-04-02 17:19:01,757] {standard_task_runner.py:79} INFO - Running: ['airflow', 'tasks', 'run', 'get_stocks_dag', 'TSLA', 'scheduled__2024-02-24T00:00:00+00:00', '--job-id', '148', '--raw', '--subdir', 'DAGS_FOLDER/get_stocks.py', '--cfg-path', '/tmp/tmph4bof0uf', '--error-file', '/tmp/tmpdw2urmtr']
[2024-04-02 17:19:01,758] {standard_task_runner.py:80} INFO - Job 148: Subtask TSLA
[2024-04-02 17:19:02,067] {task_command.py:370} INFO - Running <TaskInstance: get_stocks_dag.TSLA scheduled__2024-02-24T00:00:00+00:00 [running]> on host alexmend-virtual-machine
[2024-04-02 17:19:02,361] {taskinstance.py:1569} INFO - Exporting the following env vars:
AIRFLOW_CTX_DAG_OWNER=airflow
AIRFLOW_CTX_DAG_ID=get_stocks_dag
AIRFLOW_CTX_TASK_ID=TSLA
AIRFLOW_CTX_EXECUTION_DATE=2024-02-24T00:00:00+00:00
AIRFLOW_CTX_TRY_NUMBER=1
AIRFLOW_CTX_DAG_RUN_ID=scheduled__2024-02-24T00:00:00+00:00
[2024-04-02 17:19:03,292] {python.py:173} INFO - Done. Returned value was: None
[2024-04-02 17:19:03,352] {taskinstance.py:1395} INFO - Marking task as SUCCESS. dag_id=get_stocks_dag, task_id=TSLA, execution_date=20240224T000000, start_date=20240402T201901, end_date=20240402T201903
[2024-04-02 17:19:03,429] {local_task_job.py:156} INFO - Task exited with return code 0
[2024-04-02 17:19:03,522] {local_task_job.py:273} INFO - 0 downstream tasks scheduled from follow-on schedule check
[2024-04-02 17:45:32,854] {taskinstance.py:1159} INFO - Dependencies all met for <TaskInstance: get_stocks_dag.TSLA scheduled__2024-02-24T00:00:00+00:00 [queued]>
[2024-04-02 17:45:32,873] {taskinstance.py:1159} INFO - Dependencies all met for <TaskInstance: get_stocks_dag.TSLA scheduled__2024-02-24T00:00:00+00:00 [queued]>
[2024-04-02 17:45:32,873] {taskinstance.py:1356} INFO - 
--------------------------------------------------------------------------------
[2024-04-02 17:45:32,873] {taskinstance.py:1357} INFO - Starting attempt 1 of 1
[2024-04-02 17:45:32,874] {taskinstance.py:1358} INFO - 
--------------------------------------------------------------------------------
[2024-04-02 17:45:32,893] {taskinstance.py:1377} INFO - Executing <Task(_PythonDecoratedOperator): TSLA> on 2024-02-24 00:00:00+00:00
[2024-04-02 17:45:32,900] {standard_task_runner.py:52} INFO - Started process 22422 to run task
[2024-04-02 17:45:32,916] {standard_task_runner.py:79} INFO - Running: ['airflow', 'tasks', 'run', 'get_stocks_dag', 'TSLA', 'scheduled__2024-02-24T00:00:00+00:00', '--job-id', '410', '--raw', '--subdir', 'DAGS_FOLDER/get_stocks.py', '--cfg-path', '/tmp/tmp7ao1ilw0', '--error-file', '/tmp/tmp_o_39ozd']
[2024-04-02 17:45:32,918] {standard_task_runner.py:80} INFO - Job 410: Subtask TSLA
[2024-04-02 17:45:33,062] {task_command.py:370} INFO - Running <TaskInstance: get_stocks_dag.TSLA scheduled__2024-02-24T00:00:00+00:00 [running]> on host alexmend-virtual-machine
[2024-04-02 17:45:33,213] {taskinstance.py:1569} INFO - Exporting the following env vars:
AIRFLOW_CTX_DAG_OWNER=airflow
AIRFLOW_CTX_DAG_ID=get_stocks_dag
AIRFLOW_CTX_TASK_ID=TSLA
AIRFLOW_CTX_EXECUTION_DATE=2024-02-24T00:00:00+00:00
AIRFLOW_CTX_TRY_NUMBER=1
AIRFLOW_CTX_DAG_RUN_ID=scheduled__2024-02-24T00:00:00+00:00
[2024-04-02 17:45:33,834] {python.py:173} INFO - Done. Returned value was: None
[2024-04-02 17:45:33,862] {taskinstance.py:1395} INFO - Marking task as SUCCESS. dag_id=get_stocks_dag, task_id=TSLA, execution_date=20240224T000000, start_date=20240402T204532, end_date=20240402T204533
[2024-04-02 17:45:33,937] {local_task_job.py:156} INFO - Task exited with return code 0
[2024-04-02 17:45:34,015] {local_task_job.py:273} INFO - 0 downstream tasks scheduled from follow-on schedule check
