[2024-04-02 13:00:27,525] {taskinstance.py:1159} INFO - Dependencies all met for <TaskInstance: get_stocks_dag.TSLA scheduled__2024-01-18T00:00:00+00:00 [queued]>
[2024-04-02 13:00:27,537] {taskinstance.py:1159} INFO - Dependencies all met for <TaskInstance: get_stocks_dag.TSLA scheduled__2024-01-18T00:00:00+00:00 [queued]>
[2024-04-02 13:00:27,537] {taskinstance.py:1356} INFO - 
--------------------------------------------------------------------------------
[2024-04-02 13:00:27,537] {taskinstance.py:1357} INFO - Starting attempt 1 of 1
[2024-04-02 13:00:27,537] {taskinstance.py:1358} INFO - 
--------------------------------------------------------------------------------
[2024-04-02 13:00:27,559] {taskinstance.py:1377} INFO - Executing <Task(_PythonDecoratedOperator): TSLA> on 2024-01-18 00:00:00+00:00
[2024-04-02 13:00:27,567] {standard_task_runner.py:52} INFO - Started process 9031 to run task
[2024-04-02 13:00:27,574] {standard_task_runner.py:79} INFO - Running: ['airflow', 'tasks', 'run', 'get_stocks_dag', 'TSLA', 'scheduled__2024-01-18T00:00:00+00:00', '--job-id', '58', '--raw', '--subdir', 'DAGS_FOLDER/get_stocks.py', '--cfg-path', '/tmp/tmpl55v21ly', '--error-file', '/tmp/tmppxtrumt6']
[2024-04-02 13:00:27,575] {standard_task_runner.py:80} INFO - Job 58: Subtask TSLA
[2024-04-02 13:00:27,638] {task_command.py:370} INFO - Running <TaskInstance: get_stocks_dag.TSLA scheduled__2024-01-18T00:00:00+00:00 [running]> on host alexmend-virtual-machine
[2024-04-02 13:00:27,708] {taskinstance.py:1569} INFO - Exporting the following env vars:
AIRFLOW_CTX_DAG_OWNER=airflow
AIRFLOW_CTX_DAG_ID=get_stocks_dag
AIRFLOW_CTX_TASK_ID=TSLA
AIRFLOW_CTX_EXECUTION_DATE=2024-01-18T00:00:00+00:00
AIRFLOW_CTX_TRY_NUMBER=1
AIRFLOW_CTX_DAG_RUN_ID=scheduled__2024-01-18T00:00:00+00:00
[2024-04-02 13:00:28,319] {python.py:173} INFO - Done. Returned value was: None
[2024-04-02 13:00:28,328] {taskinstance.py:1395} INFO - Marking task as SUCCESS. dag_id=get_stocks_dag, task_id=TSLA, execution_date=20240118T000000, start_date=20240402T160027, end_date=20240402T160028
[2024-04-02 13:00:28,371] {local_task_job.py:156} INFO - Task exited with return code 0
[2024-04-02 13:00:28,389] {local_task_job.py:273} INFO - 0 downstream tasks scheduled from follow-on schedule check
[2024-04-02 17:17:32,451] {taskinstance.py:1159} INFO - Dependencies all met for <TaskInstance: get_stocks_dag.TSLA scheduled__2024-01-18T00:00:00+00:00 [queued]>
[2024-04-02 17:17:32,584] {taskinstance.py:1159} INFO - Dependencies all met for <TaskInstance: get_stocks_dag.TSLA scheduled__2024-01-18T00:00:00+00:00 [queued]>
[2024-04-02 17:17:32,588] {taskinstance.py:1356} INFO - 
--------------------------------------------------------------------------------
[2024-04-02 17:17:32,592] {taskinstance.py:1357} INFO - Starting attempt 1 of 1
[2024-04-02 17:17:32,597] {taskinstance.py:1358} INFO - 
--------------------------------------------------------------------------------
[2024-04-02 17:17:32,800] {taskinstance.py:1377} INFO - Executing <Task(_PythonDecoratedOperator): TSLA> on 2024-01-18 00:00:00+00:00
[2024-04-02 17:17:32,851] {standard_task_runner.py:52} INFO - Started process 4797 to run task
[2024-04-02 17:17:33,020] {standard_task_runner.py:79} INFO - Running: ['airflow', 'tasks', 'run', 'get_stocks_dag', 'TSLA', 'scheduled__2024-01-18T00:00:00+00:00', '--job-id', '37', '--raw', '--subdir', 'DAGS_FOLDER/get_stocks.py', '--cfg-path', '/tmp/tmpkagqh1xh', '--error-file', '/tmp/tmpitlz3c57']
[2024-04-02 17:17:33,022] {standard_task_runner.py:80} INFO - Job 37: Subtask TSLA
[2024-04-02 17:17:34,474] {task_command.py:370} INFO - Running <TaskInstance: get_stocks_dag.TSLA scheduled__2024-01-18T00:00:00+00:00 [running]> on host alexmend-virtual-machine
[2024-04-02 17:17:35,269] {taskinstance.py:1569} INFO - Exporting the following env vars:
AIRFLOW_CTX_DAG_OWNER=airflow
AIRFLOW_CTX_DAG_ID=get_stocks_dag
AIRFLOW_CTX_TASK_ID=TSLA
AIRFLOW_CTX_EXECUTION_DATE=2024-01-18T00:00:00+00:00
AIRFLOW_CTX_TRY_NUMBER=1
AIRFLOW_CTX_DAG_RUN_ID=scheduled__2024-01-18T00:00:00+00:00
[2024-04-02 17:17:37,579] {python.py:173} INFO - Done. Returned value was: None
[2024-04-02 17:17:37,770] {taskinstance.py:1395} INFO - Marking task as SUCCESS. dag_id=get_stocks_dag, task_id=TSLA, execution_date=20240118T000000, start_date=20240402T201732, end_date=20240402T201737
[2024-04-02 17:17:38,024] {local_task_job.py:156} INFO - Task exited with return code 0
[2024-04-02 17:17:38,318] {local_task_job.py:273} INFO - 0 downstream tasks scheduled from follow-on schedule check
[2024-04-02 17:43:00,301] {taskinstance.py:1159} INFO - Dependencies all met for <TaskInstance: get_stocks_dag.TSLA scheduled__2024-01-18T00:00:00+00:00 [queued]>
[2024-04-02 17:43:00,316] {taskinstance.py:1159} INFO - Dependencies all met for <TaskInstance: get_stocks_dag.TSLA scheduled__2024-01-18T00:00:00+00:00 [queued]>
[2024-04-02 17:43:00,316] {taskinstance.py:1356} INFO - 
--------------------------------------------------------------------------------
[2024-04-02 17:43:00,316] {taskinstance.py:1357} INFO - Starting attempt 1 of 1
[2024-04-02 17:43:00,316] {taskinstance.py:1358} INFO - 
--------------------------------------------------------------------------------
[2024-04-02 17:43:00,331] {taskinstance.py:1377} INFO - Executing <Task(_PythonDecoratedOperator): TSLA> on 2024-01-18 00:00:00+00:00
[2024-04-02 17:43:00,337] {standard_task_runner.py:52} INFO - Started process 19305 to run task
[2024-04-02 17:43:00,343] {standard_task_runner.py:79} INFO - Running: ['airflow', 'tasks', 'run', 'get_stocks_dag', 'TSLA', 'scheduled__2024-01-18T00:00:00+00:00', '--job-id', '302', '--raw', '--subdir', 'DAGS_FOLDER/get_stocks.py', '--cfg-path', '/tmp/tmpemyoe2ib', '--error-file', '/tmp/tmpy1z_d94s']
[2024-04-02 17:43:00,344] {standard_task_runner.py:80} INFO - Job 302: Subtask TSLA
[2024-04-02 17:43:00,458] {task_command.py:370} INFO - Running <TaskInstance: get_stocks_dag.TSLA scheduled__2024-01-18T00:00:00+00:00 [running]> on host alexmend-virtual-machine
[2024-04-02 17:43:00,614] {taskinstance.py:1569} INFO - Exporting the following env vars:
AIRFLOW_CTX_DAG_OWNER=airflow
AIRFLOW_CTX_DAG_ID=get_stocks_dag
AIRFLOW_CTX_TASK_ID=TSLA
AIRFLOW_CTX_EXECUTION_DATE=2024-01-18T00:00:00+00:00
AIRFLOW_CTX_TRY_NUMBER=1
AIRFLOW_CTX_DAG_RUN_ID=scheduled__2024-01-18T00:00:00+00:00
[2024-04-02 17:43:01,291] {python.py:173} INFO - Done. Returned value was: None
[2024-04-02 17:43:01,313] {taskinstance.py:1395} INFO - Marking task as SUCCESS. dag_id=get_stocks_dag, task_id=TSLA, execution_date=20240118T000000, start_date=20240402T204300, end_date=20240402T204301
[2024-04-02 17:43:01,358] {local_task_job.py:156} INFO - Task exited with return code 0
[2024-04-02 17:43:01,416] {local_task_job.py:273} INFO - 0 downstream tasks scheduled from follow-on schedule check
