[2024-04-02 13:09:31,911] {taskinstance.py:1159} INFO - Dependencies all met for <TaskInstance: get_stocks_dag.TSLA scheduled__2024-03-05T00:00:00+00:00 [queued]>
[2024-04-02 13:09:31,919] {taskinstance.py:1159} INFO - Dependencies all met for <TaskInstance: get_stocks_dag.TSLA scheduled__2024-03-05T00:00:00+00:00 [queued]>
[2024-04-02 13:09:31,919] {taskinstance.py:1356} INFO - 
--------------------------------------------------------------------------------
[2024-04-02 13:09:31,919] {taskinstance.py:1357} INFO - Starting attempt 1 of 1
[2024-04-02 13:09:31,919] {taskinstance.py:1358} INFO - 
--------------------------------------------------------------------------------
[2024-04-02 13:09:31,939] {taskinstance.py:1377} INFO - Executing <Task(_PythonDecoratedOperator): TSLA> on 2024-03-05 00:00:00+00:00
[2024-04-02 13:09:31,960] {standard_task_runner.py:52} INFO - Started process 12222 to run task
[2024-04-02 13:09:31,969] {standard_task_runner.py:79} INFO - Running: ['airflow', 'tasks', 'run', 'get_stocks_dag', 'TSLA', 'scheduled__2024-03-05T00:00:00+00:00', '--job-id', '190', '--raw', '--subdir', 'DAGS_FOLDER/get_stocks.py', '--cfg-path', '/tmp/tmpeghomxjq', '--error-file', '/tmp/tmpoeedvdhk']
[2024-04-02 13:09:31,970] {standard_task_runner.py:80} INFO - Job 190: Subtask TSLA
[2024-04-02 13:09:32,022] {task_command.py:370} INFO - Running <TaskInstance: get_stocks_dag.TSLA scheduled__2024-03-05T00:00:00+00:00 [running]> on host alexmend-virtual-machine
[2024-04-02 13:09:32,102] {taskinstance.py:1569} INFO - Exporting the following env vars:
AIRFLOW_CTX_DAG_OWNER=airflow
AIRFLOW_CTX_DAG_ID=get_stocks_dag
AIRFLOW_CTX_TASK_ID=TSLA
AIRFLOW_CTX_EXECUTION_DATE=2024-03-05T00:00:00+00:00
AIRFLOW_CTX_TRY_NUMBER=1
AIRFLOW_CTX_DAG_RUN_ID=scheduled__2024-03-05T00:00:00+00:00
[2024-04-02 13:09:33,098] {python.py:173} INFO - Done. Returned value was: None
[2024-04-02 13:09:33,111] {taskinstance.py:1395} INFO - Marking task as SUCCESS. dag_id=get_stocks_dag, task_id=TSLA, execution_date=20240305T000000, start_date=20240402T160931, end_date=20240402T160933
[2024-04-02 13:09:33,147] {local_task_job.py:156} INFO - Task exited with return code 0
[2024-04-02 13:09:33,173] {local_task_job.py:273} INFO - 0 downstream tasks scheduled from follow-on schedule check
[2024-04-02 17:19:30,125] {taskinstance.py:1159} INFO - Dependencies all met for <TaskInstance: get_stocks_dag.TSLA scheduled__2024-03-05T00:00:00+00:00 [queued]>
[2024-04-02 17:19:30,316] {taskinstance.py:1159} INFO - Dependencies all met for <TaskInstance: get_stocks_dag.TSLA scheduled__2024-03-05T00:00:00+00:00 [queued]>
[2024-04-02 17:19:30,333] {taskinstance.py:1356} INFO - 
--------------------------------------------------------------------------------
[2024-04-02 17:19:30,346] {taskinstance.py:1357} INFO - Starting attempt 1 of 1
[2024-04-02 17:19:30,361] {taskinstance.py:1358} INFO - 
--------------------------------------------------------------------------------
[2024-04-02 17:19:30,617] {taskinstance.py:1377} INFO - Executing <Task(_PythonDecoratedOperator): TSLA> on 2024-03-05 00:00:00+00:00
[2024-04-02 17:19:30,701] {standard_task_runner.py:52} INFO - Started process 8271 to run task
[2024-04-02 17:19:30,790] {standard_task_runner.py:79} INFO - Running: ['airflow', 'tasks', 'run', 'get_stocks_dag', 'TSLA', 'scheduled__2024-03-05T00:00:00+00:00', '--job-id', '180', '--raw', '--subdir', 'DAGS_FOLDER/get_stocks.py', '--cfg-path', '/tmp/tmpccq581im', '--error-file', '/tmp/tmp9pvu1tpp']
[2024-04-02 17:19:30,825] {standard_task_runner.py:80} INFO - Job 180: Subtask TSLA
[2024-04-02 17:19:31,434] {task_command.py:370} INFO - Running <TaskInstance: get_stocks_dag.TSLA scheduled__2024-03-05T00:00:00+00:00 [running]> on host alexmend-virtual-machine
[2024-04-02 17:19:32,050] {taskinstance.py:1569} INFO - Exporting the following env vars:
AIRFLOW_CTX_DAG_OWNER=airflow
AIRFLOW_CTX_DAG_ID=get_stocks_dag
AIRFLOW_CTX_TASK_ID=TSLA
AIRFLOW_CTX_EXECUTION_DATE=2024-03-05T00:00:00+00:00
AIRFLOW_CTX_TRY_NUMBER=1
AIRFLOW_CTX_DAG_RUN_ID=scheduled__2024-03-05T00:00:00+00:00
[2024-04-02 17:19:33,030] {python.py:173} INFO - Done. Returned value was: None
[2024-04-02 17:19:33,820] {taskinstance.py:1395} INFO - Marking task as SUCCESS. dag_id=get_stocks_dag, task_id=TSLA, execution_date=20240305T000000, start_date=20240402T201930, end_date=20240402T201933
[2024-04-02 17:19:34,001] {local_task_job.py:156} INFO - Task exited with return code 0
[2024-04-02 17:19:34,324] {local_task_job.py:273} INFO - 0 downstream tasks scheduled from follow-on schedule check
[2024-04-02 17:46:06,144] {taskinstance.py:1159} INFO - Dependencies all met for <TaskInstance: get_stocks_dag.TSLA scheduled__2024-03-05T00:00:00+00:00 [queued]>
[2024-04-02 17:46:06,178] {taskinstance.py:1159} INFO - Dependencies all met for <TaskInstance: get_stocks_dag.TSLA scheduled__2024-03-05T00:00:00+00:00 [queued]>
[2024-04-02 17:46:06,178] {taskinstance.py:1356} INFO - 
--------------------------------------------------------------------------------
[2024-04-02 17:46:06,179] {taskinstance.py:1357} INFO - Starting attempt 1 of 1
[2024-04-02 17:46:06,196] {taskinstance.py:1358} INFO - 
--------------------------------------------------------------------------------
[2024-04-02 17:46:06,229] {taskinstance.py:1377} INFO - Executing <Task(_PythonDecoratedOperator): TSLA> on 2024-03-05 00:00:00+00:00
[2024-04-02 17:46:06,239] {standard_task_runner.py:52} INFO - Started process 23170 to run task
[2024-04-02 17:46:06,249] {standard_task_runner.py:79} INFO - Running: ['airflow', 'tasks', 'run', 'get_stocks_dag', 'TSLA', 'scheduled__2024-03-05T00:00:00+00:00', '--job-id', '434', '--raw', '--subdir', 'DAGS_FOLDER/get_stocks.py', '--cfg-path', '/tmp/tmpi6b0926z', '--error-file', '/tmp/tmpmf8euqo0']
[2024-04-02 17:46:06,251] {standard_task_runner.py:80} INFO - Job 434: Subtask TSLA
[2024-04-02 17:46:06,369] {task_command.py:370} INFO - Running <TaskInstance: get_stocks_dag.TSLA scheduled__2024-03-05T00:00:00+00:00 [running]> on host alexmend-virtual-machine
[2024-04-02 17:46:06,505] {taskinstance.py:1569} INFO - Exporting the following env vars:
AIRFLOW_CTX_DAG_OWNER=airflow
AIRFLOW_CTX_DAG_ID=get_stocks_dag
AIRFLOW_CTX_TASK_ID=TSLA
AIRFLOW_CTX_EXECUTION_DATE=2024-03-05T00:00:00+00:00
AIRFLOW_CTX_TRY_NUMBER=1
AIRFLOW_CTX_DAG_RUN_ID=scheduled__2024-03-05T00:00:00+00:00
[2024-04-02 17:46:07,205] {python.py:173} INFO - Done. Returned value was: None
[2024-04-02 17:46:07,233] {taskinstance.py:1395} INFO - Marking task as SUCCESS. dag_id=get_stocks_dag, task_id=TSLA, execution_date=20240305T000000, start_date=20240402T204606, end_date=20240402T204607
[2024-04-02 17:46:07,271] {local_task_job.py:156} INFO - Task exited with return code 0
[2024-04-02 17:46:07,332] {local_task_job.py:273} INFO - 0 downstream tasks scheduled from follow-on schedule check
[2024-04-02 19:14:51,926] {taskinstance.py:1159} INFO - Dependencies all met for <TaskInstance: get_stocks_dag.TSLA scheduled__2024-03-05T00:00:00+00:00 [queued]>
[2024-04-02 19:14:51,953] {taskinstance.py:1159} INFO - Dependencies all met for <TaskInstance: get_stocks_dag.TSLA scheduled__2024-03-05T00:00:00+00:00 [queued]>
[2024-04-02 19:14:51,953] {taskinstance.py:1356} INFO - 
--------------------------------------------------------------------------------
[2024-04-02 19:14:51,953] {taskinstance.py:1357} INFO - Starting attempt 1 of 1
[2024-04-02 19:14:51,954] {taskinstance.py:1358} INFO - 
--------------------------------------------------------------------------------
[2024-04-02 19:14:51,982] {taskinstance.py:1377} INFO - Executing <Task(_PythonDecoratedOperator): TSLA> on 2024-03-05 00:00:00+00:00
[2024-04-02 19:14:51,994] {standard_task_runner.py:52} INFO - Started process 14054 to run task
[2024-04-02 19:14:52,012] {standard_task_runner.py:79} INFO - Running: ['airflow', 'tasks', 'run', 'get_stocks_dag', 'TSLA', 'scheduled__2024-03-05T00:00:00+00:00', '--job-id', '535', '--raw', '--subdir', 'DAGS_FOLDER/get_stocks.py', '--cfg-path', '/tmp/tmpyviozz19', '--error-file', '/tmp/tmp1ukvj0ko']
[2024-04-02 19:14:52,014] {standard_task_runner.py:80} INFO - Job 535: Subtask TSLA
[2024-04-02 19:14:52,210] {task_command.py:370} INFO - Running <TaskInstance: get_stocks_dag.TSLA scheduled__2024-03-05T00:00:00+00:00 [running]> on host alexmend-virtual-machine
[2024-04-02 19:14:52,402] {taskinstance.py:1569} INFO - Exporting the following env vars:
AIRFLOW_CTX_DAG_OWNER=airflow
AIRFLOW_CTX_DAG_ID=get_stocks_dag
AIRFLOW_CTX_TASK_ID=TSLA
AIRFLOW_CTX_EXECUTION_DATE=2024-03-05T00:00:00+00:00
AIRFLOW_CTX_TRY_NUMBER=1
AIRFLOW_CTX_DAG_RUN_ID=scheduled__2024-03-05T00:00:00+00:00
[2024-04-02 19:14:53,222] {python.py:173} INFO - Done. Returned value was: None
[2024-04-02 19:14:53,249] {taskinstance.py:1395} INFO - Marking task as SUCCESS. dag_id=get_stocks_dag, task_id=TSLA, execution_date=20240305T000000, start_date=20240402T221451, end_date=20240402T221453
[2024-04-02 19:14:53,279] {local_task_job.py:156} INFO - Task exited with return code 0
[2024-04-02 19:14:53,356] {local_task_job.py:273} INFO - 0 downstream tasks scheduled from follow-on schedule check
[2024-04-02 20:38:33,417] {taskinstance.py:1159} INFO - Dependencies all met for <TaskInstance: get_stocks_dag.TSLA scheduled__2024-03-05T00:00:00+00:00 [queued]>
[2024-04-02 20:38:33,451] {taskinstance.py:1159} INFO - Dependencies all met for <TaskInstance: get_stocks_dag.TSLA scheduled__2024-03-05T00:00:00+00:00 [queued]>
[2024-04-02 20:38:33,451] {taskinstance.py:1356} INFO - 
--------------------------------------------------------------------------------
[2024-04-02 20:38:33,452] {taskinstance.py:1357} INFO - Starting attempt 1 of 1
[2024-04-02 20:38:33,452] {taskinstance.py:1358} INFO - 
--------------------------------------------------------------------------------
[2024-04-02 20:38:33,500] {taskinstance.py:1377} INFO - Executing <Task(_PythonDecoratedOperator): TSLA> on 2024-03-05 00:00:00+00:00
[2024-04-02 20:38:33,509] {standard_task_runner.py:52} INFO - Started process 25368 to run task
[2024-04-02 20:38:33,535] {standard_task_runner.py:79} INFO - Running: ['airflow', 'tasks', 'run', 'get_stocks_dag', 'TSLA', 'scheduled__2024-03-05T00:00:00+00:00', '--job-id', '636', '--raw', '--subdir', 'DAGS_FOLDER/get_stocks.py', '--cfg-path', '/tmp/tmp_bkfczcr', '--error-file', '/tmp/tmpi5vt22hw']
[2024-04-02 20:38:33,545] {standard_task_runner.py:80} INFO - Job 636: Subtask TSLA
[2024-04-02 20:38:33,737] {task_command.py:370} INFO - Running <TaskInstance: get_stocks_dag.TSLA scheduled__2024-03-05T00:00:00+00:00 [running]> on host alexmend-virtual-machine
[2024-04-02 20:38:33,906] {taskinstance.py:1569} INFO - Exporting the following env vars:
AIRFLOW_CTX_DAG_OWNER=airflow
AIRFLOW_CTX_DAG_ID=get_stocks_dag
AIRFLOW_CTX_TASK_ID=TSLA
AIRFLOW_CTX_EXECUTION_DATE=2024-03-05T00:00:00+00:00
AIRFLOW_CTX_TRY_NUMBER=1
AIRFLOW_CTX_DAG_RUN_ID=scheduled__2024-03-05T00:00:00+00:00
[2024-04-02 20:38:34,873] {python.py:173} INFO - Done. Returned value was: None
[2024-04-02 20:38:34,928] {taskinstance.py:1395} INFO - Marking task as SUCCESS. dag_id=get_stocks_dag, task_id=TSLA, execution_date=20240305T000000, start_date=20240402T233833, end_date=20240402T233834
[2024-04-02 20:38:35,036] {local_task_job.py:156} INFO - Task exited with return code 0
[2024-04-02 20:38:35,185] {local_task_job.py:273} INFO - 0 downstream tasks scheduled from follow-on schedule check
[2024-04-02 21:46:03,797] {taskinstance.py:1159} INFO - Dependencies all met for <TaskInstance: get_stocks_dag.TSLA scheduled__2024-03-05T00:00:00+00:00 [queued]>
[2024-04-02 21:46:03,822] {taskinstance.py:1159} INFO - Dependencies all met for <TaskInstance: get_stocks_dag.TSLA scheduled__2024-03-05T00:00:00+00:00 [queued]>
[2024-04-02 21:46:03,822] {taskinstance.py:1356} INFO - 
--------------------------------------------------------------------------------
[2024-04-02 21:46:03,823] {taskinstance.py:1357} INFO - Starting attempt 1 of 1
[2024-04-02 21:46:03,823] {taskinstance.py:1358} INFO - 
--------------------------------------------------------------------------------
[2024-04-02 21:46:03,854] {taskinstance.py:1377} INFO - Executing <Task(_PythonDecoratedOperator): TSLA> on 2024-03-05 00:00:00+00:00
[2024-04-02 21:46:03,865] {standard_task_runner.py:52} INFO - Started process 47885 to run task
[2024-04-02 21:46:03,899] {standard_task_runner.py:79} INFO - Running: ['airflow', 'tasks', 'run', 'get_stocks_dag', 'TSLA', 'scheduled__2024-03-05T00:00:00+00:00', '--job-id', '754', '--raw', '--subdir', 'DAGS_FOLDER/get_stocks.py', '--cfg-path', '/tmp/tmpax80mhe7', '--error-file', '/tmp/tmpbevck_rw']
[2024-04-02 21:46:03,914] {standard_task_runner.py:80} INFO - Job 754: Subtask TSLA
[2024-04-02 21:46:04,184] {task_command.py:370} INFO - Running <TaskInstance: get_stocks_dag.TSLA scheduled__2024-03-05T00:00:00+00:00 [running]> on host alexmend-virtual-machine
[2024-04-02 21:46:04,498] {taskinstance.py:1569} INFO - Exporting the following env vars:
AIRFLOW_CTX_DAG_OWNER=airflow
AIRFLOW_CTX_DAG_ID=get_stocks_dag
AIRFLOW_CTX_TASK_ID=TSLA
AIRFLOW_CTX_EXECUTION_DATE=2024-03-05T00:00:00+00:00
AIRFLOW_CTX_TRY_NUMBER=1
AIRFLOW_CTX_DAG_RUN_ID=scheduled__2024-03-05T00:00:00+00:00
[2024-04-02 21:46:15,482] {python.py:173} INFO - Done. Returned value was: None
[2024-04-02 21:46:15,539] {taskinstance.py:1395} INFO - Marking task as SUCCESS. dag_id=get_stocks_dag, task_id=TSLA, execution_date=20240305T000000, start_date=20240403T004603, end_date=20240403T004615
[2024-04-02 21:46:15,648] {local_task_job.py:156} INFO - Task exited with return code 0
[2024-04-02 21:46:15,740] {local_task_job.py:273} INFO - 0 downstream tasks scheduled from follow-on schedule check
[2024-04-02 22:53:50,998] {taskinstance.py:1159} INFO - Dependencies all met for <TaskInstance: get_stocks_dag.TSLA scheduled__2024-03-05T00:00:00+00:00 [queued]>
[2024-04-02 22:53:51,017] {taskinstance.py:1159} INFO - Dependencies all met for <TaskInstance: get_stocks_dag.TSLA scheduled__2024-03-05T00:00:00+00:00 [queued]>
[2024-04-02 22:53:51,017] {taskinstance.py:1356} INFO - 
--------------------------------------------------------------------------------
[2024-04-02 22:53:51,017] {taskinstance.py:1357} INFO - Starting attempt 1 of 1
[2024-04-02 22:53:51,018] {taskinstance.py:1358} INFO - 
--------------------------------------------------------------------------------
[2024-04-02 22:53:51,058] {taskinstance.py:1377} INFO - Executing <Task(_PythonDecoratedOperator): TSLA> on 2024-03-05 00:00:00+00:00
[2024-04-02 22:53:51,070] {standard_task_runner.py:52} INFO - Started process 72853 to run task
[2024-04-02 22:53:51,092] {standard_task_runner.py:79} INFO - Running: ['airflow', 'tasks', 'run', 'get_stocks_dag', 'TSLA', 'scheduled__2024-03-05T00:00:00+00:00', '--job-id', '1022', '--raw', '--subdir', 'DAGS_FOLDER/get_stocks.py', '--cfg-path', '/tmp/tmpk3qnov04', '--error-file', '/tmp/tmpd91j6wa8']
[2024-04-02 22:53:51,115] {standard_task_runner.py:80} INFO - Job 1022: Subtask TSLA
[2024-04-02 22:53:51,291] {task_command.py:370} INFO - Running <TaskInstance: get_stocks_dag.TSLA scheduled__2024-03-05T00:00:00+00:00 [running]> on host alexmend-virtual-machine
[2024-04-02 22:53:51,504] {taskinstance.py:1569} INFO - Exporting the following env vars:
AIRFLOW_CTX_DAG_OWNER=airflow
AIRFLOW_CTX_DAG_ID=get_stocks_dag
AIRFLOW_CTX_TASK_ID=TSLA
AIRFLOW_CTX_EXECUTION_DATE=2024-03-05T00:00:00+00:00
AIRFLOW_CTX_TRY_NUMBER=1
AIRFLOW_CTX_DAG_RUN_ID=scheduled__2024-03-05T00:00:00+00:00
[2024-04-02 22:54:02,232] {python.py:173} INFO - Done. Returned value was: None
[2024-04-02 22:54:02,322] {taskinstance.py:1395} INFO - Marking task as SUCCESS. dag_id=get_stocks_dag, task_id=TSLA, execution_date=20240305T000000, start_date=20240403T015350, end_date=20240403T015402
[2024-04-02 22:54:02,415] {local_task_job.py:156} INFO - Task exited with return code 0
[2024-04-02 22:54:02,561] {local_task_job.py:273} INFO - 0 downstream tasks scheduled from follow-on schedule check
