[2024-04-02 22:02:02,639] {taskinstance.py:1159} INFO - Dependencies all met for <TaskInstance: get_crypto_dag.AVAX scheduled__2024-03-27T00:00:00+00:00 [queued]>
[2024-04-02 22:02:02,682] {taskinstance.py:1159} INFO - Dependencies all met for <TaskInstance: get_crypto_dag.AVAX scheduled__2024-03-27T00:00:00+00:00 [queued]>
[2024-04-02 22:02:02,682] {taskinstance.py:1356} INFO - 
--------------------------------------------------------------------------------
[2024-04-02 22:02:02,682] {taskinstance.py:1357} INFO - Starting attempt 1 of 1
[2024-04-02 22:02:02,682] {taskinstance.py:1358} INFO - 
--------------------------------------------------------------------------------
[2024-04-02 22:02:02,748] {taskinstance.py:1377} INFO - Executing <Task(_PythonDecoratedOperator): AVAX> on 2024-03-27 00:00:00+00:00
[2024-04-02 22:02:02,765] {standard_task_runner.py:52} INFO - Started process 59022 to run task
[2024-04-02 22:02:02,788] {standard_task_runner.py:79} INFO - Running: ['airflow', 'tasks', 'run', 'get_crypto_dag', 'AVAX', 'scheduled__2024-03-27T00:00:00+00:00', '--job-id', '941', '--raw', '--subdir', 'DAGS_FOLDER/get_crypto.py', '--cfg-path', '/tmp/tmp64x_lvbq', '--error-file', '/tmp/tmpo2dd0d2o']
[2024-04-02 22:02:02,790] {standard_task_runner.py:80} INFO - Job 941: Subtask AVAX
[2024-04-02 22:02:02,963] {task_command.py:370} INFO - Running <TaskInstance: get_crypto_dag.AVAX scheduled__2024-03-27T00:00:00+00:00 [running]> on host alexmend-virtual-machine
[2024-04-02 22:02:03,199] {taskinstance.py:1569} INFO - Exporting the following env vars:
AIRFLOW_CTX_DAG_OWNER=airflow
AIRFLOW_CTX_DAG_ID=get_crypto_dag
AIRFLOW_CTX_TASK_ID=AVAX
AIRFLOW_CTX_EXECUTION_DATE=2024-03-27T00:00:00+00:00
AIRFLOW_CTX_TRY_NUMBER=1
AIRFLOW_CTX_DAG_RUN_ID=scheduled__2024-03-27T00:00:00+00:00
[2024-04-02 22:02:06,929] {history.py:90} ERROR - AVAX: No timezone found, symbol may be delisted
[2024-04-02 22:02:16,945] {python.py:173} INFO - Done. Returned value was: None
[2024-04-02 22:02:16,968] {taskinstance.py:1395} INFO - Marking task as SUCCESS. dag_id=get_crypto_dag, task_id=AVAX, execution_date=20240327T000000, start_date=20240403T010202, end_date=20240403T010216
[2024-04-02 22:02:17,022] {local_task_job.py:156} INFO - Task exited with return code 0
[2024-04-02 22:02:17,128] {local_task_job.py:273} INFO - 0 downstream tasks scheduled from follow-on schedule check
[2024-04-02 23:16:16,081] {taskinstance.py:1159} INFO - Dependencies all met for <TaskInstance: get_crypto_dag.AVAX scheduled__2024-03-27T00:00:00+00:00 [queued]>
[2024-04-02 23:16:16,144] {taskinstance.py:1159} INFO - Dependencies all met for <TaskInstance: get_crypto_dag.AVAX scheduled__2024-03-27T00:00:00+00:00 [queued]>
[2024-04-02 23:16:16,146] {taskinstance.py:1356} INFO - 
--------------------------------------------------------------------------------
[2024-04-02 23:16:16,148] {taskinstance.py:1357} INFO - Starting attempt 1 of 1
[2024-04-02 23:16:16,152] {taskinstance.py:1358} INFO - 
--------------------------------------------------------------------------------
[2024-04-02 23:16:16,236] {taskinstance.py:1377} INFO - Executing <Task(_PythonDecoratedOperator): AVAX> on 2024-03-27 00:00:00+00:00
[2024-04-02 23:16:16,261] {standard_task_runner.py:52} INFO - Started process 84627 to run task
[2024-04-02 23:16:16,327] {standard_task_runner.py:79} INFO - Running: ['airflow', 'tasks', 'run', 'get_crypto_dag', 'AVAX', 'scheduled__2024-03-27T00:00:00+00:00', '--job-id', '1175', '--raw', '--subdir', 'DAGS_FOLDER/get_crypto.py', '--cfg-path', '/tmp/tmp45x2hmb9', '--error-file', '/tmp/tmp7u_s8bmy']
[2024-04-02 23:16:16,343] {standard_task_runner.py:80} INFO - Job 1175: Subtask AVAX
[2024-04-02 23:16:16,729] {task_command.py:370} INFO - Running <TaskInstance: get_crypto_dag.AVAX scheduled__2024-03-27T00:00:00+00:00 [running]> on host alexmend-virtual-machine
[2024-04-02 23:16:17,325] {taskinstance.py:1569} INFO - Exporting the following env vars:
AIRFLOW_CTX_DAG_OWNER=airflow
AIRFLOW_CTX_DAG_ID=get_crypto_dag
AIRFLOW_CTX_TASK_ID=AVAX
AIRFLOW_CTX_EXECUTION_DATE=2024-03-27T00:00:00+00:00
AIRFLOW_CTX_TRY_NUMBER=1
AIRFLOW_CTX_DAG_RUN_ID=scheduled__2024-03-27T00:00:00+00:00
[2024-04-02 23:16:21,674] {history.py:90} ERROR - AVAX: No timezone found, symbol may be delisted
[2024-04-02 23:16:31,711] {python.py:173} INFO - Done. Returned value was: None
[2024-04-02 23:16:31,754] {taskinstance.py:1395} INFO - Marking task as SUCCESS. dag_id=get_crypto_dag, task_id=AVAX, execution_date=20240327T000000, start_date=20240403T021616, end_date=20240403T021631
[2024-04-02 23:16:31,814] {local_task_job.py:220} WARNING - State of this instance has been externally set to success. Terminating instance.
[2024-04-02 23:16:31,865] {process_utils.py:125} INFO - Sending Signals.SIGTERM to group 84627. PIDs of all processes in the group: [84627]
[2024-04-02 23:16:31,868] {process_utils.py:80} INFO - Sending the signal Signals.SIGTERM to group 84627
[2024-04-02 23:16:31,873] {process_utils.py:75} INFO - Process psutil.Process(pid=84627, status='terminated', exitcode=0, started='23:16:15') (84627) terminated with exit code 0
