[2024-04-02 12:58:00,590] {taskinstance.py:1159} INFO - Dependencies all met for <TaskInstance: get_stocks_dag.MSFT scheduled__2024-01-09T00:00:00+00:00 [queued]>
[2024-04-02 12:58:00,614] {taskinstance.py:1159} INFO - Dependencies all met for <TaskInstance: get_stocks_dag.MSFT scheduled__2024-01-09T00:00:00+00:00 [queued]>
[2024-04-02 12:58:00,615] {taskinstance.py:1356} INFO - 
--------------------------------------------------------------------------------
[2024-04-02 12:58:00,615] {taskinstance.py:1357} INFO - Starting attempt 1 of 1
[2024-04-02 12:58:00,616] {taskinstance.py:1358} INFO - 
--------------------------------------------------------------------------------
[2024-04-02 12:58:00,685] {taskinstance.py:1377} INFO - Executing <Task(_PythonDecoratedOperator): MSFT> on 2024-01-09 00:00:00+00:00
[2024-04-02 12:58:00,698] {standard_task_runner.py:52} INFO - Started process 8277 to run task
[2024-04-02 12:58:00,708] {standard_task_runner.py:79} INFO - Running: ['airflow', 'tasks', 'run', 'get_stocks_dag', 'MSFT', 'scheduled__2024-01-09T00:00:00+00:00', '--job-id', '28', '--raw', '--subdir', 'DAGS_FOLDER/get_stocks.py', '--cfg-path', '/tmp/tmpclprqvkb', '--error-file', '/tmp/tmp_g8h64fw']
[2024-04-02 12:58:00,711] {standard_task_runner.py:80} INFO - Job 28: Subtask MSFT
[2024-04-02 12:58:00,838] {task_command.py:370} INFO - Running <TaskInstance: get_stocks_dag.MSFT scheduled__2024-01-09T00:00:00+00:00 [running]> on host alexmend-virtual-machine
[2024-04-02 12:58:00,975] {taskinstance.py:1569} INFO - Exporting the following env vars:
AIRFLOW_CTX_DAG_OWNER=airflow
AIRFLOW_CTX_DAG_ID=get_stocks_dag
AIRFLOW_CTX_TASK_ID=MSFT
AIRFLOW_CTX_EXECUTION_DATE=2024-01-09T00:00:00+00:00
AIRFLOW_CTX_TRY_NUMBER=1
AIRFLOW_CTX_DAG_RUN_ID=scheduled__2024-01-09T00:00:00+00:00
[2024-04-02 12:58:02,510] {python.py:173} INFO - Done. Returned value was: None
[2024-04-02 12:58:02,531] {taskinstance.py:1395} INFO - Marking task as SUCCESS. dag_id=get_stocks_dag, task_id=MSFT, execution_date=20240109T000000, start_date=20240402T155800, end_date=20240402T155802
[2024-04-02 12:58:02,583] {local_task_job.py:156} INFO - Task exited with return code 0
[2024-04-02 12:58:02,633] {local_task_job.py:273} INFO - 0 downstream tasks scheduled from follow-on schedule check
[2024-04-02 13:47:41,491] {taskinstance.py:1159} INFO - Dependencies all met for <TaskInstance: get_stocks_dag.MSFT scheduled__2024-01-09T00:00:00+00:00 [queued]>
[2024-04-02 13:47:41,641] {taskinstance.py:1159} INFO - Dependencies all met for <TaskInstance: get_stocks_dag.MSFT scheduled__2024-01-09T00:00:00+00:00 [queued]>
[2024-04-02 13:47:41,641] {taskinstance.py:1356} INFO - 
--------------------------------------------------------------------------------
[2024-04-02 13:47:41,641] {taskinstance.py:1357} INFO - Starting attempt 1 of 1
[2024-04-02 13:47:41,643] {taskinstance.py:1358} INFO - 
--------------------------------------------------------------------------------
[2024-04-02 13:47:41,744] {taskinstance.py:1377} INFO - Executing <Task(_PythonDecoratedOperator): MSFT> on 2024-01-09 00:00:00+00:00
[2024-04-02 13:47:42,353] {standard_task_runner.py:52} INFO - Started process 26886 to run task
[2024-04-02 13:47:44,314] {standard_task_runner.py:79} INFO - Running: ['airflow', 'tasks', 'run', 'get_stocks_dag', 'MSFT', 'scheduled__2024-01-09T00:00:00+00:00', '--job-id', '11', '--raw', '--subdir', 'DAGS_FOLDER/get_stocks.py', '--cfg-path', '/tmp/tmpkdk9ccus', '--error-file', '/tmp/tmpkyp130yn']
[2024-04-02 13:47:44,333] {standard_task_runner.py:80} INFO - Job 11: Subtask MSFT
[2024-04-02 13:47:48,038] {task_command.py:370} INFO - Running <TaskInstance: get_stocks_dag.MSFT scheduled__2024-01-09T00:00:00+00:00 [running]> on host alexmend-virtual-machine
[2024-04-02 13:48:07,485] {taskinstance.py:1569} INFO - Exporting the following env vars:
AIRFLOW_CTX_DAG_OWNER=airflow
AIRFLOW_CTX_DAG_ID=get_stocks_dag
AIRFLOW_CTX_TASK_ID=MSFT
AIRFLOW_CTX_EXECUTION_DATE=2024-01-09T00:00:00+00:00
AIRFLOW_CTX_TRY_NUMBER=1
AIRFLOW_CTX_DAG_RUN_ID=scheduled__2024-01-09T00:00:00+00:00
[2024-04-02 17:42:09,116] {taskinstance.py:1159} INFO - Dependencies all met for <TaskInstance: get_stocks_dag.MSFT scheduled__2024-01-09T00:00:00+00:00 [queued]>
[2024-04-02 17:42:09,144] {taskinstance.py:1159} INFO - Dependencies all met for <TaskInstance: get_stocks_dag.MSFT scheduled__2024-01-09T00:00:00+00:00 [queued]>
[2024-04-02 17:42:09,145] {taskinstance.py:1356} INFO - 
--------------------------------------------------------------------------------
[2024-04-02 17:42:09,145] {taskinstance.py:1357} INFO - Starting attempt 1 of 1
[2024-04-02 17:42:09,145] {taskinstance.py:1358} INFO - 
--------------------------------------------------------------------------------
[2024-04-02 17:42:09,190] {taskinstance.py:1377} INFO - Executing <Task(_PythonDecoratedOperator): MSFT> on 2024-01-09 00:00:00+00:00
[2024-04-02 17:42:09,203] {standard_task_runner.py:52} INFO - Started process 18423 to run task
[2024-04-02 17:42:09,241] {standard_task_runner.py:79} INFO - Running: ['airflow', 'tasks', 'run', 'get_stocks_dag', 'MSFT', 'scheduled__2024-01-09T00:00:00+00:00', '--job-id', '271', '--raw', '--subdir', 'DAGS_FOLDER/get_stocks.py', '--cfg-path', '/tmp/tmpt4c6n0wa', '--error-file', '/tmp/tmprzwop641']
[2024-04-02 17:42:09,246] {standard_task_runner.py:80} INFO - Job 271: Subtask MSFT
[2024-04-02 17:42:09,486] {task_command.py:370} INFO - Running <TaskInstance: get_stocks_dag.MSFT scheduled__2024-01-09T00:00:00+00:00 [running]> on host alexmend-virtual-machine
[2024-04-02 17:42:09,756] {taskinstance.py:1569} INFO - Exporting the following env vars:
AIRFLOW_CTX_DAG_OWNER=airflow
AIRFLOW_CTX_DAG_ID=get_stocks_dag
AIRFLOW_CTX_TASK_ID=MSFT
AIRFLOW_CTX_EXECUTION_DATE=2024-01-09T00:00:00+00:00
AIRFLOW_CTX_TRY_NUMBER=1
AIRFLOW_CTX_DAG_RUN_ID=scheduled__2024-01-09T00:00:00+00:00
[2024-04-02 17:42:10,525] {python.py:173} INFO - Done. Returned value was: None
[2024-04-02 17:42:10,559] {taskinstance.py:1395} INFO - Marking task as SUCCESS. dag_id=get_stocks_dag, task_id=MSFT, execution_date=20240109T000000, start_date=20240402T204209, end_date=20240402T204210
[2024-04-02 17:42:10,609] {local_task_job.py:156} INFO - Task exited with return code 0
[2024-04-02 17:42:10,680] {local_task_job.py:273} INFO - 0 downstream tasks scheduled from follow-on schedule check
