[2024-04-02 13:00:55,330] {taskinstance.py:1159} INFO - Dependencies all met for <TaskInstance: get_stocks_dag.GOOG scheduled__2024-01-20T00:00:00+00:00 [queued]>
[2024-04-02 13:00:55,338] {taskinstance.py:1159} INFO - Dependencies all met for <TaskInstance: get_stocks_dag.GOOG scheduled__2024-01-20T00:00:00+00:00 [queued]>
[2024-04-02 13:00:55,338] {taskinstance.py:1356} INFO - 
--------------------------------------------------------------------------------
[2024-04-02 13:00:55,338] {taskinstance.py:1357} INFO - Starting attempt 1 of 1
[2024-04-02 13:00:55,338] {taskinstance.py:1358} INFO - 
--------------------------------------------------------------------------------
[2024-04-02 13:00:55,357] {taskinstance.py:1377} INFO - Executing <Task(_PythonDecoratedOperator): GOOG> on 2024-01-20 00:00:00+00:00
[2024-04-02 13:00:55,362] {standard_task_runner.py:52} INFO - Started process 9192 to run task
[2024-04-02 13:00:55,368] {standard_task_runner.py:79} INFO - Running: ['airflow', 'tasks', 'run', 'get_stocks_dag', 'GOOG', 'scheduled__2024-01-20T00:00:00+00:00', '--job-id', '65', '--raw', '--subdir', 'DAGS_FOLDER/get_stocks.py', '--cfg-path', '/tmp/tmp3w9lgskb', '--error-file', '/tmp/tmp4ngys1jz']
[2024-04-02 13:00:55,369] {standard_task_runner.py:80} INFO - Job 65: Subtask GOOG
[2024-04-02 13:00:55,458] {task_command.py:370} INFO - Running <TaskInstance: get_stocks_dag.GOOG scheduled__2024-01-20T00:00:00+00:00 [running]> on host alexmend-virtual-machine
[2024-04-02 13:00:55,544] {taskinstance.py:1569} INFO - Exporting the following env vars:
AIRFLOW_CTX_DAG_OWNER=airflow
AIRFLOW_CTX_DAG_ID=get_stocks_dag
AIRFLOW_CTX_TASK_ID=GOOG
AIRFLOW_CTX_EXECUTION_DATE=2024-01-20T00:00:00+00:00
AIRFLOW_CTX_TRY_NUMBER=1
AIRFLOW_CTX_DAG_RUN_ID=scheduled__2024-01-20T00:00:00+00:00
[2024-04-02 13:00:56,498] {python.py:173} INFO - Done. Returned value was: None
[2024-04-02 13:00:56,508] {taskinstance.py:1395} INFO - Marking task as SUCCESS. dag_id=get_stocks_dag, task_id=GOOG, execution_date=20240120T000000, start_date=20240402T160055, end_date=20240402T160056
[2024-04-02 13:00:56,548] {local_task_job.py:156} INFO - Task exited with return code 0
[2024-04-02 13:00:56,574] {local_task_job.py:273} INFO - 0 downstream tasks scheduled from follow-on schedule check
[2024-04-02 17:17:36,604] {taskinstance.py:1159} INFO - Dependencies all met for <TaskInstance: get_stocks_dag.GOOG scheduled__2024-01-20T00:00:00+00:00 [queued]>
[2024-04-02 17:17:36,669] {taskinstance.py:1159} INFO - Dependencies all met for <TaskInstance: get_stocks_dag.GOOG scheduled__2024-01-20T00:00:00+00:00 [queued]>
[2024-04-02 17:17:36,670] {taskinstance.py:1356} INFO - 
--------------------------------------------------------------------------------
[2024-04-02 17:17:36,670] {taskinstance.py:1357} INFO - Starting attempt 1 of 1
[2024-04-02 17:17:36,671] {taskinstance.py:1358} INFO - 
--------------------------------------------------------------------------------
[2024-04-02 17:17:36,842] {taskinstance.py:1377} INFO - Executing <Task(_PythonDecoratedOperator): GOOG> on 2024-01-20 00:00:00+00:00
[2024-04-02 17:17:36,879] {standard_task_runner.py:52} INFO - Started process 4899 to run task
[2024-04-02 17:17:36,914] {standard_task_runner.py:79} INFO - Running: ['airflow', 'tasks', 'run', 'get_stocks_dag', 'GOOG', 'scheduled__2024-01-20T00:00:00+00:00', '--job-id', '45', '--raw', '--subdir', 'DAGS_FOLDER/get_stocks.py', '--cfg-path', '/tmp/tmp86ip_nzo', '--error-file', '/tmp/tmpdxm03x00']
[2024-04-02 17:17:36,916] {standard_task_runner.py:80} INFO - Job 45: Subtask GOOG
[2024-04-02 17:17:38,204] {task_command.py:370} INFO - Running <TaskInstance: get_stocks_dag.GOOG scheduled__2024-01-20T00:00:00+00:00 [running]> on host alexmend-virtual-machine
[2024-04-02 17:17:39,085] {taskinstance.py:1569} INFO - Exporting the following env vars:
AIRFLOW_CTX_DAG_OWNER=airflow
AIRFLOW_CTX_DAG_ID=get_stocks_dag
AIRFLOW_CTX_TASK_ID=GOOG
AIRFLOW_CTX_EXECUTION_DATE=2024-01-20T00:00:00+00:00
AIRFLOW_CTX_TRY_NUMBER=1
AIRFLOW_CTX_DAG_RUN_ID=scheduled__2024-01-20T00:00:00+00:00
[2024-04-02 17:17:40,694] {python.py:173} INFO - Done. Returned value was: None
[2024-04-02 17:17:41,047] {taskinstance.py:1395} INFO - Marking task as SUCCESS. dag_id=get_stocks_dag, task_id=GOOG, execution_date=20240120T000000, start_date=20240402T201736, end_date=20240402T201741
[2024-04-02 17:17:41,365] {local_task_job.py:156} INFO - Task exited with return code 0
[2024-04-02 17:17:42,052] {local_task_job.py:273} INFO - 0 downstream tasks scheduled from follow-on schedule check
[2024-04-02 17:43:11,763] {taskinstance.py:1159} INFO - Dependencies all met for <TaskInstance: get_stocks_dag.GOOG scheduled__2024-01-20T00:00:00+00:00 [queued]>
[2024-04-02 17:43:11,785] {taskinstance.py:1159} INFO - Dependencies all met for <TaskInstance: get_stocks_dag.GOOG scheduled__2024-01-20T00:00:00+00:00 [queued]>
[2024-04-02 17:43:11,787] {taskinstance.py:1356} INFO - 
--------------------------------------------------------------------------------
[2024-04-02 17:43:11,787] {taskinstance.py:1357} INFO - Starting attempt 1 of 1
[2024-04-02 17:43:11,787] {taskinstance.py:1358} INFO - 
--------------------------------------------------------------------------------
[2024-04-02 17:43:11,809] {taskinstance.py:1377} INFO - Executing <Task(_PythonDecoratedOperator): GOOG> on 2024-01-20 00:00:00+00:00
[2024-04-02 17:43:11,814] {standard_task_runner.py:52} INFO - Started process 19575 to run task
[2024-04-02 17:43:11,822] {standard_task_runner.py:79} INFO - Running: ['airflow', 'tasks', 'run', 'get_stocks_dag', 'GOOG', 'scheduled__2024-01-20T00:00:00+00:00', '--job-id', '310', '--raw', '--subdir', 'DAGS_FOLDER/get_stocks.py', '--cfg-path', '/tmp/tmp6_si3ycc', '--error-file', '/tmp/tmpn4_n9ukv']
[2024-04-02 17:43:11,824] {standard_task_runner.py:80} INFO - Job 310: Subtask GOOG
[2024-04-02 17:43:11,934] {task_command.py:370} INFO - Running <TaskInstance: get_stocks_dag.GOOG scheduled__2024-01-20T00:00:00+00:00 [running]> on host alexmend-virtual-machine
[2024-04-02 17:43:12,062] {taskinstance.py:1569} INFO - Exporting the following env vars:
AIRFLOW_CTX_DAG_OWNER=airflow
AIRFLOW_CTX_DAG_ID=get_stocks_dag
AIRFLOW_CTX_TASK_ID=GOOG
AIRFLOW_CTX_EXECUTION_DATE=2024-01-20T00:00:00+00:00
AIRFLOW_CTX_TRY_NUMBER=1
AIRFLOW_CTX_DAG_RUN_ID=scheduled__2024-01-20T00:00:00+00:00
[2024-04-02 17:43:13,070] {python.py:173} INFO - Done. Returned value was: None
[2024-04-02 17:43:13,092] {taskinstance.py:1395} INFO - Marking task as SUCCESS. dag_id=get_stocks_dag, task_id=GOOG, execution_date=20240120T000000, start_date=20240402T204311, end_date=20240402T204313
[2024-04-02 17:43:13,131] {local_task_job.py:156} INFO - Task exited with return code 0
[2024-04-02 17:43:13,181] {local_task_job.py:273} INFO - 0 downstream tasks scheduled from follow-on schedule check
