[2024-04-02 21:59:39,209] {taskinstance.py:1159} INFO - Dependencies all met for <TaskInstance: get_crypto_dag.ETH scheduled__2024-03-22T00:00:00+00:00 [queued]>
[2024-04-02 21:59:39,229] {taskinstance.py:1159} INFO - Dependencies all met for <TaskInstance: get_crypto_dag.ETH scheduled__2024-03-22T00:00:00+00:00 [queued]>
[2024-04-02 21:59:39,230] {taskinstance.py:1356} INFO - 
--------------------------------------------------------------------------------
[2024-04-02 21:59:39,230] {taskinstance.py:1357} INFO - Starting attempt 1 of 1
[2024-04-02 21:59:39,230] {taskinstance.py:1358} INFO - 
--------------------------------------------------------------------------------
[2024-04-02 21:59:39,261] {taskinstance.py:1377} INFO - Executing <Task(_PythonDecoratedOperator): ETH> on 2024-03-22 00:00:00+00:00
[2024-04-02 21:59:39,271] {standard_task_runner.py:52} INFO - Started process 57533 to run task
[2024-04-02 21:59:39,292] {standard_task_runner.py:79} INFO - Running: ['airflow', 'tasks', 'run', 'get_crypto_dag', 'ETH', 'scheduled__2024-03-22T00:00:00+00:00', '--job-id', '922', '--raw', '--subdir', 'DAGS_FOLDER/get_crypto.py', '--cfg-path', '/tmp/tmpj1n8j_ak', '--error-file', '/tmp/tmpq8jzpjkd']
[2024-04-02 21:59:39,305] {standard_task_runner.py:80} INFO - Job 922: Subtask ETH
[2024-04-02 21:59:39,473] {task_command.py:370} INFO - Running <TaskInstance: get_crypto_dag.ETH scheduled__2024-03-22T00:00:00+00:00 [running]> on host alexmend-virtual-machine
[2024-04-02 21:59:39,609] {taskinstance.py:1569} INFO - Exporting the following env vars:
AIRFLOW_CTX_DAG_OWNER=airflow
AIRFLOW_CTX_DAG_ID=get_crypto_dag
AIRFLOW_CTX_TASK_ID=ETH
AIRFLOW_CTX_EXECUTION_DATE=2024-03-22T00:00:00+00:00
AIRFLOW_CTX_TRY_NUMBER=1
AIRFLOW_CTX_DAG_RUN_ID=scheduled__2024-03-22T00:00:00+00:00
[2024-04-02 21:59:43,191] {history.py:90} ERROR - ETH: No timezone found, symbol may be delisted
[2024-04-02 21:59:53,221] {python.py:173} INFO - Done. Returned value was: None
[2024-04-02 21:59:53,247] {taskinstance.py:1395} INFO - Marking task as SUCCESS. dag_id=get_crypto_dag, task_id=ETH, execution_date=20240322T000000, start_date=20240403T005939, end_date=20240403T005953
[2024-04-02 21:59:53,315] {local_task_job.py:156} INFO - Task exited with return code 0
[2024-04-02 21:59:53,365] {local_task_job.py:273} INFO - 0 downstream tasks scheduled from follow-on schedule check
[2024-04-02 23:11:56,062] {taskinstance.py:1159} INFO - Dependencies all met for <TaskInstance: get_crypto_dag.ETH scheduled__2024-03-22T00:00:00+00:00 [queued]>
[2024-04-02 23:11:56,103] {taskinstance.py:1159} INFO - Dependencies all met for <TaskInstance: get_crypto_dag.ETH scheduled__2024-03-22T00:00:00+00:00 [queued]>
[2024-04-02 23:11:56,104] {taskinstance.py:1356} INFO - 
--------------------------------------------------------------------------------
[2024-04-02 23:11:56,105] {taskinstance.py:1357} INFO - Starting attempt 1 of 1
[2024-04-02 23:11:56,106] {taskinstance.py:1358} INFO - 
--------------------------------------------------------------------------------
[2024-04-02 23:11:56,161] {taskinstance.py:1377} INFO - Executing <Task(_PythonDecoratedOperator): ETH> on 2024-03-22 00:00:00+00:00
[2024-04-02 23:11:56,182] {standard_task_runner.py:52} INFO - Started process 82500 to run task
[2024-04-02 23:11:56,221] {standard_task_runner.py:79} INFO - Running: ['airflow', 'tasks', 'run', 'get_crypto_dag', 'ETH', 'scheduled__2024-03-22T00:00:00+00:00', '--job-id', '1149', '--raw', '--subdir', 'DAGS_FOLDER/get_crypto.py', '--cfg-path', '/tmp/tmp_oap3nih', '--error-file', '/tmp/tmpbyxis9eg']
[2024-04-02 23:11:56,232] {standard_task_runner.py:80} INFO - Job 1149: Subtask ETH
[2024-04-02 23:11:56,481] {task_command.py:370} INFO - Running <TaskInstance: get_crypto_dag.ETH scheduled__2024-03-22T00:00:00+00:00 [running]> on host alexmend-virtual-machine
[2024-04-02 23:11:56,745] {taskinstance.py:1569} INFO - Exporting the following env vars:
AIRFLOW_CTX_DAG_OWNER=airflow
AIRFLOW_CTX_DAG_ID=get_crypto_dag
AIRFLOW_CTX_TASK_ID=ETH
AIRFLOW_CTX_EXECUTION_DATE=2024-03-22T00:00:00+00:00
AIRFLOW_CTX_TRY_NUMBER=1
AIRFLOW_CTX_DAG_RUN_ID=scheduled__2024-03-22T00:00:00+00:00
[2024-04-02 23:12:00,212] {history.py:90} ERROR - ETH: No timezone found, symbol may be delisted
[2024-04-02 23:12:10,243] {python.py:173} INFO - Done. Returned value was: None
[2024-04-02 23:12:10,350] {taskinstance.py:1395} INFO - Marking task as SUCCESS. dag_id=get_crypto_dag, task_id=ETH, execution_date=20240322T000000, start_date=20240403T021156, end_date=20240403T021210
[2024-04-02 23:12:10,489] {local_task_job.py:156} INFO - Task exited with return code 0
[2024-04-02 23:12:10,653] {local_task_job.py:273} INFO - 0 downstream tasks scheduled from follow-on schedule check
