[2024-04-02 13:05:59,778] {taskinstance.py:1159} INFO - Dependencies all met for <TaskInstance: get_stocks_dag.GOOG scheduled__2024-02-15T00:00:00+00:00 [queued]>
[2024-04-02 13:05:59,785] {taskinstance.py:1159} INFO - Dependencies all met for <TaskInstance: get_stocks_dag.GOOG scheduled__2024-02-15T00:00:00+00:00 [queued]>
[2024-04-02 13:05:59,785] {taskinstance.py:1356} INFO - 
--------------------------------------------------------------------------------
[2024-04-02 13:05:59,785] {taskinstance.py:1357} INFO - Starting attempt 1 of 1
[2024-04-02 13:05:59,785] {taskinstance.py:1358} INFO - 
--------------------------------------------------------------------------------
[2024-04-02 13:05:59,802] {taskinstance.py:1377} INFO - Executing <Task(_PythonDecoratedOperator): GOOG> on 2024-02-15 00:00:00+00:00
[2024-04-02 13:05:59,814] {standard_task_runner.py:79} INFO - Running: ['airflow', 'tasks', 'run', 'get_stocks_dag', 'GOOG', 'scheduled__2024-02-15T00:00:00+00:00', '--job-id', '137', '--raw', '--subdir', 'DAGS_FOLDER/get_stocks.py', '--cfg-path', '/tmp/tmpjctsv4tq', '--error-file', '/tmp/tmp755y4bms']
[2024-04-02 13:05:59,815] {standard_task_runner.py:80} INFO - Job 137: Subtask GOOG
[2024-04-02 13:05:59,808] {standard_task_runner.py:52} INFO - Started process 10987 to run task
[2024-04-02 13:05:59,868] {task_command.py:370} INFO - Running <TaskInstance: get_stocks_dag.GOOG scheduled__2024-02-15T00:00:00+00:00 [running]> on host alexmend-virtual-machine
[2024-04-02 13:05:59,931] {taskinstance.py:1569} INFO - Exporting the following env vars:
AIRFLOW_CTX_DAG_OWNER=airflow
AIRFLOW_CTX_DAG_ID=get_stocks_dag
AIRFLOW_CTX_TASK_ID=GOOG
AIRFLOW_CTX_EXECUTION_DATE=2024-02-15T00:00:00+00:00
AIRFLOW_CTX_TRY_NUMBER=1
AIRFLOW_CTX_DAG_RUN_ID=scheduled__2024-02-15T00:00:00+00:00
[2024-04-02 13:06:00,843] {python.py:173} INFO - Done. Returned value was: None
[2024-04-02 13:06:00,858] {taskinstance.py:1395} INFO - Marking task as SUCCESS. dag_id=get_stocks_dag, task_id=GOOG, execution_date=20240215T000000, start_date=20240402T160559, end_date=20240402T160600
[2024-04-02 13:06:00,888] {local_task_job.py:156} INFO - Task exited with return code 0
[2024-04-02 13:06:00,918] {local_task_job.py:273} INFO - 0 downstream tasks scheduled from follow-on schedule check
[2024-04-02 17:18:38,356] {taskinstance.py:1159} INFO - Dependencies all met for <TaskInstance: get_stocks_dag.GOOG scheduled__2024-02-15T00:00:00+00:00 [queued]>
[2024-04-02 17:18:38,426] {taskinstance.py:1159} INFO - Dependencies all met for <TaskInstance: get_stocks_dag.GOOG scheduled__2024-02-15T00:00:00+00:00 [queued]>
[2024-04-02 17:18:38,426] {taskinstance.py:1356} INFO - 
--------------------------------------------------------------------------------
[2024-04-02 17:18:38,426] {taskinstance.py:1357} INFO - Starting attempt 1 of 1
[2024-04-02 17:18:38,426] {taskinstance.py:1358} INFO - 
--------------------------------------------------------------------------------
[2024-04-02 17:18:38,582] {taskinstance.py:1377} INFO - Executing <Task(_PythonDecoratedOperator): GOOG> on 2024-02-15 00:00:00+00:00
[2024-04-02 17:18:38,652] {standard_task_runner.py:52} INFO - Started process 6742 to run task
[2024-04-02 17:18:38,737] {standard_task_runner.py:79} INFO - Running: ['airflow', 'tasks', 'run', 'get_stocks_dag', 'GOOG', 'scheduled__2024-02-15T00:00:00+00:00', '--job-id', '118', '--raw', '--subdir', 'DAGS_FOLDER/get_stocks.py', '--cfg-path', '/tmp/tmpjcecqjfq', '--error-file', '/tmp/tmp_vk9e9rc']
[2024-04-02 17:18:38,762] {standard_task_runner.py:80} INFO - Job 118: Subtask GOOG
[2024-04-02 17:18:39,421] {task_command.py:370} INFO - Running <TaskInstance: get_stocks_dag.GOOG scheduled__2024-02-15T00:00:00+00:00 [running]> on host alexmend-virtual-machine
[2024-04-02 17:18:40,061] {taskinstance.py:1569} INFO - Exporting the following env vars:
AIRFLOW_CTX_DAG_OWNER=airflow
AIRFLOW_CTX_DAG_ID=get_stocks_dag
AIRFLOW_CTX_TASK_ID=GOOG
AIRFLOW_CTX_EXECUTION_DATE=2024-02-15T00:00:00+00:00
AIRFLOW_CTX_TRY_NUMBER=1
AIRFLOW_CTX_DAG_RUN_ID=scheduled__2024-02-15T00:00:00+00:00
[2024-04-02 17:18:41,138] {python.py:173} INFO - Done. Returned value was: None
[2024-04-02 17:18:41,259] {taskinstance.py:1395} INFO - Marking task as SUCCESS. dag_id=get_stocks_dag, task_id=GOOG, execution_date=20240215T000000, start_date=20240402T201838, end_date=20240402T201841
[2024-04-02 17:18:41,530] {local_task_job.py:156} INFO - Task exited with return code 0
[2024-04-02 17:18:41,757] {local_task_job.py:273} INFO - 0 downstream tasks scheduled from follow-on schedule check
[2024-04-02 17:44:55,453] {taskinstance.py:1159} INFO - Dependencies all met for <TaskInstance: get_stocks_dag.GOOG scheduled__2024-02-15T00:00:00+00:00 [queued]>
[2024-04-02 17:44:55,466] {taskinstance.py:1159} INFO - Dependencies all met for <TaskInstance: get_stocks_dag.GOOG scheduled__2024-02-15T00:00:00+00:00 [queued]>
[2024-04-02 17:44:55,467] {taskinstance.py:1356} INFO - 
--------------------------------------------------------------------------------
[2024-04-02 17:44:55,467] {taskinstance.py:1357} INFO - Starting attempt 1 of 1
[2024-04-02 17:44:55,467] {taskinstance.py:1358} INFO - 
--------------------------------------------------------------------------------
[2024-04-02 17:44:55,484] {taskinstance.py:1377} INFO - Executing <Task(_PythonDecoratedOperator): GOOG> on 2024-02-15 00:00:00+00:00
[2024-04-02 17:44:55,489] {standard_task_runner.py:52} INFO - Started process 21582 to run task
[2024-04-02 17:44:55,497] {standard_task_runner.py:79} INFO - Running: ['airflow', 'tasks', 'run', 'get_stocks_dag', 'GOOG', 'scheduled__2024-02-15T00:00:00+00:00', '--job-id', '381', '--raw', '--subdir', 'DAGS_FOLDER/get_stocks.py', '--cfg-path', '/tmp/tmp9z_m3mh3', '--error-file', '/tmp/tmpih6770oq']
[2024-04-02 17:44:55,498] {standard_task_runner.py:80} INFO - Job 381: Subtask GOOG
[2024-04-02 17:44:55,600] {task_command.py:370} INFO - Running <TaskInstance: get_stocks_dag.GOOG scheduled__2024-02-15T00:00:00+00:00 [running]> on host alexmend-virtual-machine
[2024-04-02 17:44:55,709] {taskinstance.py:1569} INFO - Exporting the following env vars:
AIRFLOW_CTX_DAG_OWNER=airflow
AIRFLOW_CTX_DAG_ID=get_stocks_dag
AIRFLOW_CTX_TASK_ID=GOOG
AIRFLOW_CTX_EXECUTION_DATE=2024-02-15T00:00:00+00:00
AIRFLOW_CTX_TRY_NUMBER=1
AIRFLOW_CTX_DAG_RUN_ID=scheduled__2024-02-15T00:00:00+00:00
[2024-04-02 17:44:56,304] {python.py:173} INFO - Done. Returned value was: None
[2024-04-02 17:44:56,327] {taskinstance.py:1395} INFO - Marking task as SUCCESS. dag_id=get_stocks_dag, task_id=GOOG, execution_date=20240215T000000, start_date=20240402T204455, end_date=20240402T204456
[2024-04-02 17:44:56,351] {local_task_job.py:156} INFO - Task exited with return code 0
[2024-04-02 17:44:56,406] {local_task_job.py:273} INFO - 0 downstream tasks scheduled from follow-on schedule check
