[2024-04-02 12:56:42,977] {taskinstance.py:1159} INFO - Dependencies all met for <TaskInstance: get_stocks_dag.TSLA scheduled__2024-01-03T00:00:00+00:00 [queued]>
[2024-04-02 12:56:42,989] {taskinstance.py:1159} INFO - Dependencies all met for <TaskInstance: get_stocks_dag.TSLA scheduled__2024-01-03T00:00:00+00:00 [queued]>
[2024-04-02 12:56:42,989] {taskinstance.py:1356} INFO - 
--------------------------------------------------------------------------------
[2024-04-02 12:56:42,989] {taskinstance.py:1357} INFO - Starting attempt 1 of 1
[2024-04-02 12:56:42,989] {taskinstance.py:1358} INFO - 
--------------------------------------------------------------------------------
[2024-04-02 12:56:43,005] {taskinstance.py:1377} INFO - Executing <Task(_PythonDecoratedOperator): TSLA> on 2024-01-03 00:00:00+00:00
[2024-04-02 12:56:43,010] {standard_task_runner.py:52} INFO - Started process 7935 to run task
[2024-04-02 12:56:43,017] {standard_task_runner.py:79} INFO - Running: ['airflow', 'tasks', 'run', 'get_stocks_dag', 'TSLA', 'scheduled__2024-01-03T00:00:00+00:00', '--job-id', '14', '--raw', '--subdir', 'DAGS_FOLDER/get_stocks.py', '--cfg-path', '/tmp/tmpnfuwxy29', '--error-file', '/tmp/tmpvczu8izu']
[2024-04-02 12:56:43,019] {standard_task_runner.py:80} INFO - Job 14: Subtask TSLA
[2024-04-02 12:56:43,113] {task_command.py:370} INFO - Running <TaskInstance: get_stocks_dag.TSLA scheduled__2024-01-03T00:00:00+00:00 [running]> on host alexmend-virtual-machine
[2024-04-02 12:56:43,318] {taskinstance.py:1569} INFO - Exporting the following env vars:
AIRFLOW_CTX_DAG_OWNER=airflow
AIRFLOW_CTX_DAG_ID=get_stocks_dag
AIRFLOW_CTX_TASK_ID=TSLA
AIRFLOW_CTX_EXECUTION_DATE=2024-01-03T00:00:00+00:00
AIRFLOW_CTX_TRY_NUMBER=1
AIRFLOW_CTX_DAG_RUN_ID=scheduled__2024-01-03T00:00:00+00:00
[2024-04-02 12:56:44,036] {python.py:173} INFO - Done. Returned value was: None
[2024-04-02 12:56:44,055] {taskinstance.py:1395} INFO - Marking task as SUCCESS. dag_id=get_stocks_dag, task_id=TSLA, execution_date=20240103T000000, start_date=20240402T155642, end_date=20240402T155644
[2024-04-02 12:56:44,088] {local_task_job.py:156} INFO - Task exited with return code 0
[2024-04-02 12:56:44,119] {local_task_job.py:273} INFO - 0 downstream tasks scheduled from follow-on schedule check
[2024-04-02 17:41:40,672] {taskinstance.py:1159} INFO - Dependencies all met for <TaskInstance: get_stocks_dag.TSLA scheduled__2024-01-03T00:00:00+00:00 [queued]>
[2024-04-02 17:41:40,715] {taskinstance.py:1159} INFO - Dependencies all met for <TaskInstance: get_stocks_dag.TSLA scheduled__2024-01-03T00:00:00+00:00 [queued]>
[2024-04-02 17:41:40,716] {taskinstance.py:1356} INFO - 
--------------------------------------------------------------------------------
[2024-04-02 17:41:40,716] {taskinstance.py:1357} INFO - Starting attempt 1 of 1
[2024-04-02 17:41:40,716] {taskinstance.py:1358} INFO - 
--------------------------------------------------------------------------------
[2024-04-02 17:41:40,754] {taskinstance.py:1377} INFO - Executing <Task(_PythonDecoratedOperator): TSLA> on 2024-01-03 00:00:00+00:00
[2024-04-02 17:41:40,769] {standard_task_runner.py:52} INFO - Started process 17945 to run task
[2024-04-02 17:41:40,791] {standard_task_runner.py:79} INFO - Running: ['airflow', 'tasks', 'run', 'get_stocks_dag', 'TSLA', 'scheduled__2024-01-03T00:00:00+00:00', '--job-id', '257', '--raw', '--subdir', 'DAGS_FOLDER/get_stocks.py', '--cfg-path', '/tmp/tmpuvlg2da1', '--error-file', '/tmp/tmpd4byx6vi']
[2024-04-02 17:41:40,793] {standard_task_runner.py:80} INFO - Job 257: Subtask TSLA
[2024-04-02 17:41:40,981] {task_command.py:370} INFO - Running <TaskInstance: get_stocks_dag.TSLA scheduled__2024-01-03T00:00:00+00:00 [running]> on host alexmend-virtual-machine
[2024-04-02 17:41:41,171] {taskinstance.py:1569} INFO - Exporting the following env vars:
AIRFLOW_CTX_DAG_OWNER=airflow
AIRFLOW_CTX_DAG_ID=get_stocks_dag
AIRFLOW_CTX_TASK_ID=TSLA
AIRFLOW_CTX_EXECUTION_DATE=2024-01-03T00:00:00+00:00
AIRFLOW_CTX_TRY_NUMBER=1
AIRFLOW_CTX_DAG_RUN_ID=scheduled__2024-01-03T00:00:00+00:00
[2024-04-02 17:41:41,805] {python.py:173} INFO - Done. Returned value was: None
[2024-04-02 17:41:41,832] {taskinstance.py:1395} INFO - Marking task as SUCCESS. dag_id=get_stocks_dag, task_id=TSLA, execution_date=20240103T000000, start_date=20240402T204140, end_date=20240402T204141
[2024-04-02 17:41:41,894] {local_task_job.py:156} INFO - Task exited with return code 0
[2024-04-02 17:41:41,978] {local_task_job.py:273} INFO - 0 downstream tasks scheduled from follow-on schedule check
