[2024-04-02 21:55:05,928] {taskinstance.py:1159} INFO - Dependencies all met for <TaskInstance: get_crypto_dag.DOGE scheduled__2024-03-14T00:00:00+00:00 [queued]>
[2024-04-02 21:55:05,951] {taskinstance.py:1159} INFO - Dependencies all met for <TaskInstance: get_crypto_dag.DOGE scheduled__2024-03-14T00:00:00+00:00 [queued]>
[2024-04-02 21:55:05,953] {taskinstance.py:1356} INFO - 
--------------------------------------------------------------------------------
[2024-04-02 21:55:05,953] {taskinstance.py:1357} INFO - Starting attempt 1 of 1
[2024-04-02 21:55:05,954] {taskinstance.py:1358} INFO - 
--------------------------------------------------------------------------------
[2024-04-02 21:55:05,988] {taskinstance.py:1377} INFO - Executing <Task(_PythonDecoratedOperator): DOGE> on 2024-03-14 00:00:00+00:00
[2024-04-02 21:55:06,034] {standard_task_runner.py:52} INFO - Started process 53982 to run task
[2024-04-02 21:55:06,066] {standard_task_runner.py:79} INFO - Running: ['airflow', 'tasks', 'run', 'get_crypto_dag', 'DOGE', 'scheduled__2024-03-14T00:00:00+00:00', '--job-id', '863', '--raw', '--subdir', 'DAGS_FOLDER/get_crypto.py', '--cfg-path', '/tmp/tmpf21bwkf4', '--error-file', '/tmp/tmpo8bopueg']
[2024-04-02 21:55:06,070] {standard_task_runner.py:80} INFO - Job 863: Subtask DOGE
[2024-04-02 21:55:06,381] {task_command.py:370} INFO - Running <TaskInstance: get_crypto_dag.DOGE scheduled__2024-03-14T00:00:00+00:00 [running]> on host alexmend-virtual-machine
[2024-04-02 21:55:06,640] {taskinstance.py:1569} INFO - Exporting the following env vars:
AIRFLOW_CTX_DAG_OWNER=airflow
AIRFLOW_CTX_DAG_ID=get_crypto_dag
AIRFLOW_CTX_TASK_ID=DOGE
AIRFLOW_CTX_EXECUTION_DATE=2024-03-14T00:00:00+00:00
AIRFLOW_CTX_TRY_NUMBER=1
AIRFLOW_CTX_DAG_RUN_ID=scheduled__2024-03-14T00:00:00+00:00
[2024-04-02 21:55:10,258] {history.py:90} ERROR - DOGE: No timezone found, symbol may be delisted
[2024-04-02 21:55:20,281] {python.py:173} INFO - Done. Returned value was: None
[2024-04-02 21:55:20,344] {taskinstance.py:1395} INFO - Marking task as SUCCESS. dag_id=get_crypto_dag, task_id=DOGE, execution_date=20240314T000000, start_date=20240403T005505, end_date=20240403T005520
[2024-04-02 21:55:20,462] {local_task_job.py:156} INFO - Task exited with return code 0
[2024-04-02 21:55:20,731] {local_task_job.py:273} INFO - 0 downstream tasks scheduled from follow-on schedule check
[2024-04-02 23:03:47,271] {taskinstance.py:1159} INFO - Dependencies all met for <TaskInstance: get_crypto_dag.DOGE scheduled__2024-03-14T00:00:00+00:00 [queued]>
[2024-04-02 23:03:47,296] {taskinstance.py:1159} INFO - Dependencies all met for <TaskInstance: get_crypto_dag.DOGE scheduled__2024-03-14T00:00:00+00:00 [queued]>
[2024-04-02 23:03:47,297] {taskinstance.py:1356} INFO - 
--------------------------------------------------------------------------------
[2024-04-02 23:03:47,298] {taskinstance.py:1357} INFO - Starting attempt 1 of 1
[2024-04-02 23:03:47,298] {taskinstance.py:1358} INFO - 
--------------------------------------------------------------------------------
[2024-04-02 23:03:47,331] {taskinstance.py:1377} INFO - Executing <Task(_PythonDecoratedOperator): DOGE> on 2024-03-14 00:00:00+00:00
[2024-04-02 23:03:47,342] {standard_task_runner.py:52} INFO - Started process 77816 to run task
[2024-04-02 23:03:47,357] {standard_task_runner.py:79} INFO - Running: ['airflow', 'tasks', 'run', 'get_crypto_dag', 'DOGE', 'scheduled__2024-03-14T00:00:00+00:00', '--job-id', '1087', '--raw', '--subdir', 'DAGS_FOLDER/get_crypto.py', '--cfg-path', '/tmp/tmpnr8wnj2e', '--error-file', '/tmp/tmpewtfv94k']
[2024-04-02 23:03:47,360] {standard_task_runner.py:80} INFO - Job 1087: Subtask DOGE
[2024-04-02 23:03:47,538] {task_command.py:370} INFO - Running <TaskInstance: get_crypto_dag.DOGE scheduled__2024-03-14T00:00:00+00:00 [running]> on host alexmend-virtual-machine
[2024-04-02 23:03:47,762] {taskinstance.py:1569} INFO - Exporting the following env vars:
AIRFLOW_CTX_DAG_OWNER=airflow
AIRFLOW_CTX_DAG_ID=get_crypto_dag
AIRFLOW_CTX_TASK_ID=DOGE
AIRFLOW_CTX_EXECUTION_DATE=2024-03-14T00:00:00+00:00
AIRFLOW_CTX_TRY_NUMBER=1
AIRFLOW_CTX_DAG_RUN_ID=scheduled__2024-03-14T00:00:00+00:00
[2024-04-02 23:03:51,460] {history.py:90} ERROR - DOGE: No timezone found, symbol may be delisted
[2024-04-02 23:04:01,484] {python.py:173} INFO - Done. Returned value was: None
[2024-04-02 23:04:01,675] {taskinstance.py:1395} INFO - Marking task as SUCCESS. dag_id=get_crypto_dag, task_id=DOGE, execution_date=20240314T000000, start_date=20240403T020347, end_date=20240403T020401
[2024-04-02 23:04:01,796] {local_task_job.py:156} INFO - Task exited with return code 0
[2024-04-02 23:04:01,991] {local_task_job.py:273} INFO - 0 downstream tasks scheduled from follow-on schedule check
