[2024-04-02 21:52:03,291] {taskinstance.py:1159} INFO - Dependencies all met for <TaskInstance: get_crypto_dag.BTC scheduled__2024-03-11T00:00:00+00:00 [queued]>
[2024-04-02 21:52:03,319] {taskinstance.py:1159} INFO - Dependencies all met for <TaskInstance: get_crypto_dag.BTC scheduled__2024-03-11T00:00:00+00:00 [queued]>
[2024-04-02 21:52:03,319] {taskinstance.py:1356} INFO - 
--------------------------------------------------------------------------------
[2024-04-02 21:52:03,320] {taskinstance.py:1357} INFO - Starting attempt 1 of 1
[2024-04-02 21:52:03,320] {taskinstance.py:1358} INFO - 
--------------------------------------------------------------------------------
[2024-04-02 21:52:03,349] {taskinstance.py:1377} INFO - Executing <Task(_PythonDecoratedOperator): BTC> on 2024-03-11 00:00:00+00:00
[2024-04-02 21:52:03,366] {standard_task_runner.py:52} INFO - Started process 52494 to run task
[2024-04-02 21:52:03,395] {standard_task_runner.py:79} INFO - Running: ['airflow', 'tasks', 'run', 'get_crypto_dag', 'BTC', 'scheduled__2024-03-11T00:00:00+00:00', '--job-id', '839', '--raw', '--subdir', 'DAGS_FOLDER/get_crypto.py', '--cfg-path', '/tmp/tmpwssinlbs', '--error-file', '/tmp/tmp3xbtdce9']
[2024-04-02 21:52:03,397] {standard_task_runner.py:80} INFO - Job 839: Subtask BTC
[2024-04-02 21:52:03,700] {task_command.py:370} INFO - Running <TaskInstance: get_crypto_dag.BTC scheduled__2024-03-11T00:00:00+00:00 [running]> on host alexmend-virtual-machine
[2024-04-02 21:52:04,208] {taskinstance.py:1569} INFO - Exporting the following env vars:
AIRFLOW_CTX_DAG_OWNER=airflow
AIRFLOW_CTX_DAG_ID=get_crypto_dag
AIRFLOW_CTX_TASK_ID=BTC
AIRFLOW_CTX_EXECUTION_DATE=2024-03-11T00:00:00+00:00
AIRFLOW_CTX_TRY_NUMBER=1
AIRFLOW_CTX_DAG_RUN_ID=scheduled__2024-03-11T00:00:00+00:00
[2024-04-02 21:52:05,146] {history.py:222} ERROR - BTC: No price data found, symbol may be delisted (1h 2024-03-10 -> 2024-03-11)
[2024-04-02 21:52:15,166] {python.py:173} INFO - Done. Returned value was: None
[2024-04-02 21:52:15,245] {taskinstance.py:1395} INFO - Marking task as SUCCESS. dag_id=get_crypto_dag, task_id=BTC, execution_date=20240311T000000, start_date=20240403T005203, end_date=20240403T005215
[2024-04-02 21:52:15,361] {local_task_job.py:156} INFO - Task exited with return code 0
[2024-04-02 21:52:15,552] {local_task_job.py:273} INFO - 0 downstream tasks scheduled from follow-on schedule check
[2024-04-02 23:00:58,705] {taskinstance.py:1159} INFO - Dependencies all met for <TaskInstance: get_crypto_dag.BTC scheduled__2024-03-11T00:00:00+00:00 [queued]>
[2024-04-02 23:00:58,737] {taskinstance.py:1159} INFO - Dependencies all met for <TaskInstance: get_crypto_dag.BTC scheduled__2024-03-11T00:00:00+00:00 [queued]>
[2024-04-02 23:00:58,738] {taskinstance.py:1356} INFO - 
--------------------------------------------------------------------------------
[2024-04-02 23:00:58,739] {taskinstance.py:1357} INFO - Starting attempt 1 of 1
[2024-04-02 23:00:58,740] {taskinstance.py:1358} INFO - 
--------------------------------------------------------------------------------
[2024-04-02 23:00:58,776] {taskinstance.py:1377} INFO - Executing <Task(_PythonDecoratedOperator): BTC> on 2024-03-11 00:00:00+00:00
[2024-04-02 23:00:58,785] {standard_task_runner.py:52} INFO - Started process 76240 to run task
[2024-04-02 23:00:58,796] {standard_task_runner.py:79} INFO - Running: ['airflow', 'tasks', 'run', 'get_crypto_dag', 'BTC', 'scheduled__2024-03-11T00:00:00+00:00', '--job-id', '1065', '--raw', '--subdir', 'DAGS_FOLDER/get_crypto.py', '--cfg-path', '/tmp/tmp8xoe5lrj', '--error-file', '/tmp/tmpk6du1uvh']
[2024-04-02 23:00:58,799] {standard_task_runner.py:80} INFO - Job 1065: Subtask BTC
[2024-04-02 23:00:58,981] {task_command.py:370} INFO - Running <TaskInstance: get_crypto_dag.BTC scheduled__2024-03-11T00:00:00+00:00 [running]> on host alexmend-virtual-machine
[2024-04-02 23:00:59,166] {taskinstance.py:1569} INFO - Exporting the following env vars:
AIRFLOW_CTX_DAG_OWNER=airflow
AIRFLOW_CTX_DAG_ID=get_crypto_dag
AIRFLOW_CTX_TASK_ID=BTC
AIRFLOW_CTX_EXECUTION_DATE=2024-03-11T00:00:00+00:00
AIRFLOW_CTX_TRY_NUMBER=1
AIRFLOW_CTX_DAG_RUN_ID=scheduled__2024-03-11T00:00:00+00:00
[2024-04-02 23:00:59,838] {history.py:222} ERROR - BTC: No price data found, symbol may be delisted (1h 2024-03-10 -> 2024-03-11)
[2024-04-02 23:01:09,855] {python.py:173} INFO - Done. Returned value was: None
[2024-04-02 23:01:09,886] {taskinstance.py:1395} INFO - Marking task as SUCCESS. dag_id=get_crypto_dag, task_id=BTC, execution_date=20240311T000000, start_date=20240403T020058, end_date=20240403T020109
[2024-04-02 23:01:09,948] {local_task_job.py:156} INFO - Task exited with return code 0
[2024-04-02 23:01:10,001] {local_task_job.py:273} INFO - 0 downstream tasks scheduled from follow-on schedule check
