[2024-04-02 13:03:55,817] {taskinstance.py:1159} INFO - Dependencies all met for <TaskInstance: get_stocks_dag.MSFT scheduled__2024-02-06T00:00:00+00:00 [queued]>
[2024-04-02 13:03:55,827] {taskinstance.py:1159} INFO - Dependencies all met for <TaskInstance: get_stocks_dag.MSFT scheduled__2024-02-06T00:00:00+00:00 [queued]>
[2024-04-02 13:03:55,827] {taskinstance.py:1356} INFO - 
--------------------------------------------------------------------------------
[2024-04-02 13:03:55,827] {taskinstance.py:1357} INFO - Starting attempt 1 of 1
[2024-04-02 13:03:55,827] {taskinstance.py:1358} INFO - 
--------------------------------------------------------------------------------
[2024-04-02 13:03:55,848] {taskinstance.py:1377} INFO - Executing <Task(_PythonDecoratedOperator): MSFT> on 2024-02-06 00:00:00+00:00
[2024-04-02 13:03:55,854] {standard_task_runner.py:52} INFO - Started process 10202 to run task
[2024-04-02 13:03:55,859] {standard_task_runner.py:79} INFO - Running: ['airflow', 'tasks', 'run', 'get_stocks_dag', 'MSFT', 'scheduled__2024-02-06T00:00:00+00:00', '--job-id', '108', '--raw', '--subdir', 'DAGS_FOLDER/get_stocks.py', '--cfg-path', '/tmp/tmpszi9iwze', '--error-file', '/tmp/tmpj5v5xvaf']
[2024-04-02 13:03:55,860] {standard_task_runner.py:80} INFO - Job 108: Subtask MSFT
[2024-04-02 13:03:55,927] {task_command.py:370} INFO - Running <TaskInstance: get_stocks_dag.MSFT scheduled__2024-02-06T00:00:00+00:00 [running]> on host alexmend-virtual-machine
[2024-04-02 13:03:56,002] {taskinstance.py:1569} INFO - Exporting the following env vars:
AIRFLOW_CTX_DAG_OWNER=airflow
AIRFLOW_CTX_DAG_ID=get_stocks_dag
AIRFLOW_CTX_TASK_ID=MSFT
AIRFLOW_CTX_EXECUTION_DATE=2024-02-06T00:00:00+00:00
AIRFLOW_CTX_TRY_NUMBER=1
AIRFLOW_CTX_DAG_RUN_ID=scheduled__2024-02-06T00:00:00+00:00
[2024-04-02 13:03:56,657] {python.py:173} INFO - Done. Returned value was: None
[2024-04-02 13:03:56,666] {taskinstance.py:1395} INFO - Marking task as SUCCESS. dag_id=get_stocks_dag, task_id=MSFT, execution_date=20240206T000000, start_date=20240402T160355, end_date=20240402T160356
[2024-04-02 13:03:56,719] {local_task_job.py:156} INFO - Task exited with return code 0
[2024-04-02 13:03:56,746] {local_task_job.py:273} INFO - 0 downstream tasks scheduled from follow-on schedule check
[2024-04-02 17:18:14,695] {taskinstance.py:1159} INFO - Dependencies all met for <TaskInstance: get_stocks_dag.MSFT scheduled__2024-02-06T00:00:00+00:00 [queued]>
[2024-04-02 17:18:14,812] {taskinstance.py:1159} INFO - Dependencies all met for <TaskInstance: get_stocks_dag.MSFT scheduled__2024-02-06T00:00:00+00:00 [queued]>
[2024-04-02 17:18:14,816] {taskinstance.py:1356} INFO - 
--------------------------------------------------------------------------------
[2024-04-02 17:18:14,816] {taskinstance.py:1357} INFO - Starting attempt 1 of 1
[2024-04-02 17:18:14,817] {taskinstance.py:1358} INFO - 
--------------------------------------------------------------------------------
[2024-04-02 17:18:14,942] {taskinstance.py:1377} INFO - Executing <Task(_PythonDecoratedOperator): MSFT> on 2024-02-06 00:00:00+00:00
[2024-04-02 17:18:14,996] {standard_task_runner.py:52} INFO - Started process 6014 to run task
[2024-04-02 17:18:15,128] {standard_task_runner.py:79} INFO - Running: ['airflow', 'tasks', 'run', 'get_stocks_dag', 'MSFT', 'scheduled__2024-02-06T00:00:00+00:00', '--job-id', '90', '--raw', '--subdir', 'DAGS_FOLDER/get_stocks.py', '--cfg-path', '/tmp/tmpp8ukojra', '--error-file', '/tmp/tmpiw_vmuvk']
[2024-04-02 17:18:15,135] {standard_task_runner.py:80} INFO - Job 90: Subtask MSFT
[2024-04-02 17:18:15,806] {task_command.py:370} INFO - Running <TaskInstance: get_stocks_dag.MSFT scheduled__2024-02-06T00:00:00+00:00 [running]> on host alexmend-virtual-machine
[2024-04-02 17:18:16,826] {taskinstance.py:1569} INFO - Exporting the following env vars:
AIRFLOW_CTX_DAG_OWNER=airflow
AIRFLOW_CTX_DAG_ID=get_stocks_dag
AIRFLOW_CTX_TASK_ID=MSFT
AIRFLOW_CTX_EXECUTION_DATE=2024-02-06T00:00:00+00:00
AIRFLOW_CTX_TRY_NUMBER=1
AIRFLOW_CTX_DAG_RUN_ID=scheduled__2024-02-06T00:00:00+00:00
[2024-04-02 17:18:18,276] {python.py:173} INFO - Done. Returned value was: None
[2024-04-02 17:18:18,975] {taskinstance.py:1395} INFO - Marking task as SUCCESS. dag_id=get_stocks_dag, task_id=MSFT, execution_date=20240206T000000, start_date=20240402T201814, end_date=20240402T201818
[2024-04-02 17:18:19,182] {local_task_job.py:156} INFO - Task exited with return code 0
[2024-04-02 17:18:19,572] {local_task_job.py:273} INFO - 0 downstream tasks scheduled from follow-on schedule check
[2024-04-02 17:44:17,876] {taskinstance.py:1159} INFO - Dependencies all met for <TaskInstance: get_stocks_dag.MSFT scheduled__2024-02-06T00:00:00+00:00 [queued]>
[2024-04-02 17:44:17,896] {taskinstance.py:1159} INFO - Dependencies all met for <TaskInstance: get_stocks_dag.MSFT scheduled__2024-02-06T00:00:00+00:00 [queued]>
[2024-04-02 17:44:17,897] {taskinstance.py:1356} INFO - 
--------------------------------------------------------------------------------
[2024-04-02 17:44:17,897] {taskinstance.py:1357} INFO - Starting attempt 1 of 1
[2024-04-02 17:44:17,897] {taskinstance.py:1358} INFO - 
--------------------------------------------------------------------------------
[2024-04-02 17:44:17,921] {taskinstance.py:1377} INFO - Executing <Task(_PythonDecoratedOperator): MSFT> on 2024-02-06 00:00:00+00:00
[2024-04-02 17:44:17,931] {standard_task_runner.py:52} INFO - Started process 20833 to run task
[2024-04-02 17:44:17,939] {standard_task_runner.py:79} INFO - Running: ['airflow', 'tasks', 'run', 'get_stocks_dag', 'MSFT', 'scheduled__2024-02-06T00:00:00+00:00', '--job-id', '353', '--raw', '--subdir', 'DAGS_FOLDER/get_stocks.py', '--cfg-path', '/tmp/tmpyn6_7hjz', '--error-file', '/tmp/tmpdcr9gehx']
[2024-04-02 17:44:17,941] {standard_task_runner.py:80} INFO - Job 353: Subtask MSFT
[2024-04-02 17:44:18,124] {task_command.py:370} INFO - Running <TaskInstance: get_stocks_dag.MSFT scheduled__2024-02-06T00:00:00+00:00 [running]> on host alexmend-virtual-machine
[2024-04-02 17:44:18,282] {taskinstance.py:1569} INFO - Exporting the following env vars:
AIRFLOW_CTX_DAG_OWNER=airflow
AIRFLOW_CTX_DAG_ID=get_stocks_dag
AIRFLOW_CTX_TASK_ID=MSFT
AIRFLOW_CTX_EXECUTION_DATE=2024-02-06T00:00:00+00:00
AIRFLOW_CTX_TRY_NUMBER=1
AIRFLOW_CTX_DAG_RUN_ID=scheduled__2024-02-06T00:00:00+00:00
[2024-04-02 17:44:19,029] {python.py:173} INFO - Done. Returned value was: None
[2024-04-02 17:44:19,063] {taskinstance.py:1395} INFO - Marking task as SUCCESS. dag_id=get_stocks_dag, task_id=MSFT, execution_date=20240206T000000, start_date=20240402T204417, end_date=20240402T204419
[2024-04-02 17:44:19,135] {local_task_job.py:156} INFO - Task exited with return code 0
[2024-04-02 17:44:19,223] {local_task_job.py:273} INFO - 0 downstream tasks scheduled from follow-on schedule check
