[2024-04-02 21:59:22,887] {taskinstance.py:1159} INFO - Dependencies all met for <TaskInstance: get_crypto_dag.AVAX scheduled__2024-03-21T00:00:00+00:00 [queued]>
[2024-04-02 21:59:22,923] {taskinstance.py:1159} INFO - Dependencies all met for <TaskInstance: get_crypto_dag.AVAX scheduled__2024-03-21T00:00:00+00:00 [queued]>
[2024-04-02 21:59:22,924] {taskinstance.py:1356} INFO - 
--------------------------------------------------------------------------------
[2024-04-02 21:59:22,924] {taskinstance.py:1357} INFO - Starting attempt 1 of 1
[2024-04-02 21:59:22,924] {taskinstance.py:1358} INFO - 
--------------------------------------------------------------------------------
[2024-04-02 21:59:22,960] {taskinstance.py:1377} INFO - Executing <Task(_PythonDecoratedOperator): AVAX> on 2024-03-21 00:00:00+00:00
[2024-04-02 21:59:22,973] {standard_task_runner.py:52} INFO - Started process 57375 to run task
[2024-04-02 21:59:22,986] {standard_task_runner.py:79} INFO - Running: ['airflow', 'tasks', 'run', 'get_crypto_dag', 'AVAX', 'scheduled__2024-03-21T00:00:00+00:00', '--job-id', '920', '--raw', '--subdir', 'DAGS_FOLDER/get_crypto.py', '--cfg-path', '/tmp/tmpzr9tlgbn', '--error-file', '/tmp/tmpcyhnp34_']
[2024-04-02 21:59:22,989] {standard_task_runner.py:80} INFO - Job 920: Subtask AVAX
[2024-04-02 21:59:23,157] {task_command.py:370} INFO - Running <TaskInstance: get_crypto_dag.AVAX scheduled__2024-03-21T00:00:00+00:00 [running]> on host alexmend-virtual-machine
[2024-04-02 21:59:23,276] {taskinstance.py:1569} INFO - Exporting the following env vars:
AIRFLOW_CTX_DAG_OWNER=airflow
AIRFLOW_CTX_DAG_ID=get_crypto_dag
AIRFLOW_CTX_TASK_ID=AVAX
AIRFLOW_CTX_EXECUTION_DATE=2024-03-21T00:00:00+00:00
AIRFLOW_CTX_TRY_NUMBER=1
AIRFLOW_CTX_DAG_RUN_ID=scheduled__2024-03-21T00:00:00+00:00
[2024-04-02 21:59:26,863] {history.py:90} ERROR - AVAX: No timezone found, symbol may be delisted
[2024-04-02 21:59:36,878] {python.py:173} INFO - Done. Returned value was: None
[2024-04-02 21:59:36,918] {taskinstance.py:1395} INFO - Marking task as SUCCESS. dag_id=get_crypto_dag, task_id=AVAX, execution_date=20240321T000000, start_date=20240403T005922, end_date=20240403T005936
[2024-04-02 21:59:36,977] {local_task_job.py:156} INFO - Task exited with return code 0
[2024-04-02 21:59:37,033] {local_task_job.py:273} INFO - 0 downstream tasks scheduled from follow-on schedule check
[2024-04-02 23:10:11,119] {taskinstance.py:1159} INFO - Dependencies all met for <TaskInstance: get_crypto_dag.AVAX scheduled__2024-03-21T00:00:00+00:00 [queued]>
[2024-04-02 23:10:11,139] {taskinstance.py:1159} INFO - Dependencies all met for <TaskInstance: get_crypto_dag.AVAX scheduled__2024-03-21T00:00:00+00:00 [queued]>
[2024-04-02 23:10:11,140] {taskinstance.py:1356} INFO - 
--------------------------------------------------------------------------------
[2024-04-02 23:10:11,140] {taskinstance.py:1357} INFO - Starting attempt 1 of 1
[2024-04-02 23:10:11,140] {taskinstance.py:1358} INFO - 
--------------------------------------------------------------------------------
[2024-04-02 23:10:11,165] {taskinstance.py:1377} INFO - Executing <Task(_PythonDecoratedOperator): AVAX> on 2024-03-21 00:00:00+00:00
[2024-04-02 23:10:11,177] {standard_task_runner.py:52} INFO - Started process 81553 to run task
[2024-04-02 23:10:11,188] {standard_task_runner.py:79} INFO - Running: ['airflow', 'tasks', 'run', 'get_crypto_dag', 'AVAX', 'scheduled__2024-03-21T00:00:00+00:00', '--job-id', '1136', '--raw', '--subdir', 'DAGS_FOLDER/get_crypto.py', '--cfg-path', '/tmp/tmp8j0x3gpz', '--error-file', '/tmp/tmpkbnh46ke']
[2024-04-02 23:10:11,190] {standard_task_runner.py:80} INFO - Job 1136: Subtask AVAX
[2024-04-02 23:10:11,352] {task_command.py:370} INFO - Running <TaskInstance: get_crypto_dag.AVAX scheduled__2024-03-21T00:00:00+00:00 [running]> on host alexmend-virtual-machine
[2024-04-02 23:10:11,511] {taskinstance.py:1569} INFO - Exporting the following env vars:
AIRFLOW_CTX_DAG_OWNER=airflow
AIRFLOW_CTX_DAG_ID=get_crypto_dag
AIRFLOW_CTX_TASK_ID=AVAX
AIRFLOW_CTX_EXECUTION_DATE=2024-03-21T00:00:00+00:00
AIRFLOW_CTX_TRY_NUMBER=1
AIRFLOW_CTX_DAG_RUN_ID=scheduled__2024-03-21T00:00:00+00:00
[2024-04-02 23:10:15,762] {history.py:90} ERROR - AVAX: No timezone found, symbol may be delisted
[2024-04-02 23:10:25,790] {python.py:173} INFO - Done. Returned value was: None
[2024-04-02 23:10:25,856] {taskinstance.py:1395} INFO - Marking task as SUCCESS. dag_id=get_crypto_dag, task_id=AVAX, execution_date=20240321T000000, start_date=20240403T021011, end_date=20240403T021025
[2024-04-02 23:10:25,947] {local_task_job.py:156} INFO - Task exited with return code 0
[2024-04-02 23:10:26,023] {local_task_job.py:273} INFO - 0 downstream tasks scheduled from follow-on schedule check
