[2024-04-02 13:03:23,998] {taskinstance.py:1159} INFO - Dependencies all met for <TaskInstance: get_stocks_dag.MSFT scheduled__2024-02-02T00:00:00+00:00 [queued]>
[2024-04-02 13:03:24,005] {taskinstance.py:1159} INFO - Dependencies all met for <TaskInstance: get_stocks_dag.MSFT scheduled__2024-02-02T00:00:00+00:00 [queued]>
[2024-04-02 13:03:24,005] {taskinstance.py:1356} INFO - 
--------------------------------------------------------------------------------
[2024-04-02 13:03:24,005] {taskinstance.py:1357} INFO - Starting attempt 1 of 1
[2024-04-02 13:03:24,005] {taskinstance.py:1358} INFO - 
--------------------------------------------------------------------------------
[2024-04-02 13:03:24,017] {taskinstance.py:1377} INFO - Executing <Task(_PythonDecoratedOperator): MSFT> on 2024-02-02 00:00:00+00:00
[2024-04-02 13:03:24,022] {standard_task_runner.py:52} INFO - Started process 10018 to run task
[2024-04-02 13:03:24,026] {standard_task_runner.py:79} INFO - Running: ['airflow', 'tasks', 'run', 'get_stocks_dag', 'MSFT', 'scheduled__2024-02-02T00:00:00+00:00', '--job-id', '100', '--raw', '--subdir', 'DAGS_FOLDER/get_stocks.py', '--cfg-path', '/tmp/tmp8dhcsr0h', '--error-file', '/tmp/tmp58s92pa8']
[2024-04-02 13:03:24,027] {standard_task_runner.py:80} INFO - Job 100: Subtask MSFT
[2024-04-02 13:03:24,108] {task_command.py:370} INFO - Running <TaskInstance: get_stocks_dag.MSFT scheduled__2024-02-02T00:00:00+00:00 [running]> on host alexmend-virtual-machine
[2024-04-02 13:03:24,197] {taskinstance.py:1569} INFO - Exporting the following env vars:
AIRFLOW_CTX_DAG_OWNER=airflow
AIRFLOW_CTX_DAG_ID=get_stocks_dag
AIRFLOW_CTX_TASK_ID=MSFT
AIRFLOW_CTX_EXECUTION_DATE=2024-02-02T00:00:00+00:00
AIRFLOW_CTX_TRY_NUMBER=1
AIRFLOW_CTX_DAG_RUN_ID=scheduled__2024-02-02T00:00:00+00:00
[2024-04-02 13:03:25,063] {python.py:173} INFO - Done. Returned value was: None
[2024-04-02 13:03:25,075] {taskinstance.py:1395} INFO - Marking task as SUCCESS. dag_id=get_stocks_dag, task_id=MSFT, execution_date=20240202T000000, start_date=20240402T160323, end_date=20240402T160325
[2024-04-02 13:03:25,126] {local_task_job.py:156} INFO - Task exited with return code 0
[2024-04-02 13:03:25,157] {local_task_job.py:273} INFO - 0 downstream tasks scheduled from follow-on schedule check
[2024-04-02 17:18:13,811] {taskinstance.py:1159} INFO - Dependencies all met for <TaskInstance: get_stocks_dag.MSFT scheduled__2024-02-02T00:00:00+00:00 [queued]>
[2024-04-02 17:18:13,899] {taskinstance.py:1159} INFO - Dependencies all met for <TaskInstance: get_stocks_dag.MSFT scheduled__2024-02-02T00:00:00+00:00 [queued]>
[2024-04-02 17:18:13,909] {taskinstance.py:1356} INFO - 
--------------------------------------------------------------------------------
[2024-04-02 17:18:13,910] {taskinstance.py:1357} INFO - Starting attempt 1 of 1
[2024-04-02 17:18:13,910] {taskinstance.py:1358} INFO - 
--------------------------------------------------------------------------------
[2024-04-02 17:18:14,065] {taskinstance.py:1377} INFO - Executing <Task(_PythonDecoratedOperator): MSFT> on 2024-02-02 00:00:00+00:00
[2024-04-02 17:18:14,109] {standard_task_runner.py:52} INFO - Started process 5976 to run task
[2024-04-02 17:18:14,215] {standard_task_runner.py:79} INFO - Running: ['airflow', 'tasks', 'run', 'get_stocks_dag', 'MSFT', 'scheduled__2024-02-02T00:00:00+00:00', '--job-id', '89', '--raw', '--subdir', 'DAGS_FOLDER/get_stocks.py', '--cfg-path', '/tmp/tmplg6lv2pp', '--error-file', '/tmp/tmpzrxlt7gi']
[2024-04-02 17:18:14,291] {standard_task_runner.py:80} INFO - Job 89: Subtask MSFT
[2024-04-02 17:18:15,191] {task_command.py:370} INFO - Running <TaskInstance: get_stocks_dag.MSFT scheduled__2024-02-02T00:00:00+00:00 [running]> on host alexmend-virtual-machine
[2024-04-02 17:18:16,343] {taskinstance.py:1569} INFO - Exporting the following env vars:
AIRFLOW_CTX_DAG_OWNER=airflow
AIRFLOW_CTX_DAG_ID=get_stocks_dag
AIRFLOW_CTX_TASK_ID=MSFT
AIRFLOW_CTX_EXECUTION_DATE=2024-02-02T00:00:00+00:00
AIRFLOW_CTX_TRY_NUMBER=1
AIRFLOW_CTX_DAG_RUN_ID=scheduled__2024-02-02T00:00:00+00:00
[2024-04-02 17:18:17,486] {python.py:173} INFO - Done. Returned value was: None
[2024-04-02 17:18:17,705] {taskinstance.py:1395} INFO - Marking task as SUCCESS. dag_id=get_stocks_dag, task_id=MSFT, execution_date=20240202T000000, start_date=20240402T201813, end_date=20240402T201817
[2024-04-02 17:18:18,202] {local_task_job.py:156} INFO - Task exited with return code 0
[2024-04-02 17:18:18,935] {local_task_job.py:273} INFO - 0 downstream tasks scheduled from follow-on schedule check
[2024-04-02 17:44:01,784] {taskinstance.py:1159} INFO - Dependencies all met for <TaskInstance: get_stocks_dag.MSFT scheduled__2024-02-02T00:00:00+00:00 [queued]>
[2024-04-02 17:44:01,801] {taskinstance.py:1159} INFO - Dependencies all met for <TaskInstance: get_stocks_dag.MSFT scheduled__2024-02-02T00:00:00+00:00 [queued]>
[2024-04-02 17:44:01,801] {taskinstance.py:1356} INFO - 
--------------------------------------------------------------------------------
[2024-04-02 17:44:01,802] {taskinstance.py:1357} INFO - Starting attempt 1 of 1
[2024-04-02 17:44:01,802] {taskinstance.py:1358} INFO - 
--------------------------------------------------------------------------------
[2024-04-02 17:44:01,821] {taskinstance.py:1377} INFO - Executing <Task(_PythonDecoratedOperator): MSFT> on 2024-02-02 00:00:00+00:00
[2024-04-02 17:44:01,829] {standard_task_runner.py:52} INFO - Started process 20517 to run task
[2024-04-02 17:44:01,854] {standard_task_runner.py:79} INFO - Running: ['airflow', 'tasks', 'run', 'get_stocks_dag', 'MSFT', 'scheduled__2024-02-02T00:00:00+00:00', '--job-id', '343', '--raw', '--subdir', 'DAGS_FOLDER/get_stocks.py', '--cfg-path', '/tmp/tmpmxeh50f_', '--error-file', '/tmp/tmpynule835']
[2024-04-02 17:44:01,859] {standard_task_runner.py:80} INFO - Job 343: Subtask MSFT
[2024-04-02 17:44:02,005] {task_command.py:370} INFO - Running <TaskInstance: get_stocks_dag.MSFT scheduled__2024-02-02T00:00:00+00:00 [running]> on host alexmend-virtual-machine
[2024-04-02 17:44:02,142] {taskinstance.py:1569} INFO - Exporting the following env vars:
AIRFLOW_CTX_DAG_OWNER=airflow
AIRFLOW_CTX_DAG_ID=get_stocks_dag
AIRFLOW_CTX_TASK_ID=MSFT
AIRFLOW_CTX_EXECUTION_DATE=2024-02-02T00:00:00+00:00
AIRFLOW_CTX_TRY_NUMBER=1
AIRFLOW_CTX_DAG_RUN_ID=scheduled__2024-02-02T00:00:00+00:00
[2024-04-02 17:44:03,109] {python.py:173} INFO - Done. Returned value was: None
[2024-04-02 17:44:03,146] {taskinstance.py:1395} INFO - Marking task as SUCCESS. dag_id=get_stocks_dag, task_id=MSFT, execution_date=20240202T000000, start_date=20240402T204401, end_date=20240402T204403
[2024-04-02 17:44:03,183] {local_task_job.py:156} INFO - Task exited with return code 0
[2024-04-02 17:44:03,299] {local_task_job.py:273} INFO - 0 downstream tasks scheduled from follow-on schedule check
