[2024-04-02 13:09:24,147] {taskinstance.py:1159} INFO - Dependencies all met for <TaskInstance: get_stocks_dag.MSFT scheduled__2024-03-05T00:00:00+00:00 [queued]>
[2024-04-02 13:09:24,158] {taskinstance.py:1159} INFO - Dependencies all met for <TaskInstance: get_stocks_dag.MSFT scheduled__2024-03-05T00:00:00+00:00 [queued]>
[2024-04-02 13:09:24,159] {taskinstance.py:1356} INFO - 
--------------------------------------------------------------------------------
[2024-04-02 13:09:24,159] {taskinstance.py:1357} INFO - Starting attempt 1 of 1
[2024-04-02 13:09:24,159] {taskinstance.py:1358} INFO - 
--------------------------------------------------------------------------------
[2024-04-02 13:09:24,183] {taskinstance.py:1377} INFO - Executing <Task(_PythonDecoratedOperator): MSFT> on 2024-03-05 00:00:00+00:00
[2024-04-02 13:09:24,190] {standard_task_runner.py:52} INFO - Started process 12182 to run task
[2024-04-02 13:09:24,197] {standard_task_runner.py:79} INFO - Running: ['airflow', 'tasks', 'run', 'get_stocks_dag', 'MSFT', 'scheduled__2024-03-05T00:00:00+00:00', '--job-id', '188', '--raw', '--subdir', 'DAGS_FOLDER/get_stocks.py', '--cfg-path', '/tmp/tmph6477s4e', '--error-file', '/tmp/tmpx81_7oat']
[2024-04-02 13:09:24,199] {standard_task_runner.py:80} INFO - Job 188: Subtask MSFT
[2024-04-02 13:09:24,266] {task_command.py:370} INFO - Running <TaskInstance: get_stocks_dag.MSFT scheduled__2024-03-05T00:00:00+00:00 [running]> on host alexmend-virtual-machine
[2024-04-02 13:09:24,370] {taskinstance.py:1569} INFO - Exporting the following env vars:
AIRFLOW_CTX_DAG_OWNER=airflow
AIRFLOW_CTX_DAG_ID=get_stocks_dag
AIRFLOW_CTX_TASK_ID=MSFT
AIRFLOW_CTX_EXECUTION_DATE=2024-03-05T00:00:00+00:00
AIRFLOW_CTX_TRY_NUMBER=1
AIRFLOW_CTX_DAG_RUN_ID=scheduled__2024-03-05T00:00:00+00:00
[2024-04-02 13:09:25,151] {python.py:173} INFO - Done. Returned value was: None
[2024-04-02 13:09:25,164] {taskinstance.py:1395} INFO - Marking task as SUCCESS. dag_id=get_stocks_dag, task_id=MSFT, execution_date=20240305T000000, start_date=20240402T160924, end_date=20240402T160925
[2024-04-02 13:09:25,218] {local_task_job.py:156} INFO - Task exited with return code 0
[2024-04-02 13:09:25,247] {local_task_job.py:273} INFO - 0 downstream tasks scheduled from follow-on schedule check
[2024-04-02 17:19:25,715] {taskinstance.py:1159} INFO - Dependencies all met for <TaskInstance: get_stocks_dag.MSFT scheduled__2024-03-05T00:00:00+00:00 [queued]>
[2024-04-02 17:19:25,793] {taskinstance.py:1159} INFO - Dependencies all met for <TaskInstance: get_stocks_dag.MSFT scheduled__2024-03-05T00:00:00+00:00 [queued]>
[2024-04-02 17:19:25,799] {taskinstance.py:1356} INFO - 
--------------------------------------------------------------------------------
[2024-04-02 17:19:25,800] {taskinstance.py:1357} INFO - Starting attempt 1 of 1
[2024-04-02 17:19:25,801] {taskinstance.py:1358} INFO - 
--------------------------------------------------------------------------------
[2024-04-02 17:19:25,869] {taskinstance.py:1377} INFO - Executing <Task(_PythonDecoratedOperator): MSFT> on 2024-03-05 00:00:00+00:00
[2024-04-02 17:19:25,912] {standard_task_runner.py:52} INFO - Started process 8086 to run task
[2024-04-02 17:19:25,978] {standard_task_runner.py:79} INFO - Running: ['airflow', 'tasks', 'run', 'get_stocks_dag', 'MSFT', 'scheduled__2024-03-05T00:00:00+00:00', '--job-id', '170', '--raw', '--subdir', 'DAGS_FOLDER/get_stocks.py', '--cfg-path', '/tmp/tmpj5g7eusa', '--error-file', '/tmp/tmp3j33scgy']
[2024-04-02 17:19:25,983] {standard_task_runner.py:80} INFO - Job 170: Subtask MSFT
[2024-04-02 17:19:26,625] {task_command.py:370} INFO - Running <TaskInstance: get_stocks_dag.MSFT scheduled__2024-03-05T00:00:00+00:00 [running]> on host alexmend-virtual-machine
[2024-04-02 17:19:27,468] {taskinstance.py:1569} INFO - Exporting the following env vars:
AIRFLOW_CTX_DAG_OWNER=airflow
AIRFLOW_CTX_DAG_ID=get_stocks_dag
AIRFLOW_CTX_TASK_ID=MSFT
AIRFLOW_CTX_EXECUTION_DATE=2024-03-05T00:00:00+00:00
AIRFLOW_CTX_TRY_NUMBER=1
AIRFLOW_CTX_DAG_RUN_ID=scheduled__2024-03-05T00:00:00+00:00
[2024-04-02 17:19:28,679] {python.py:173} INFO - Done. Returned value was: None
[2024-04-02 17:19:28,880] {taskinstance.py:1395} INFO - Marking task as SUCCESS. dag_id=get_stocks_dag, task_id=MSFT, execution_date=20240305T000000, start_date=20240402T201925, end_date=20240402T201928
[2024-04-02 17:19:28,984] {local_task_job.py:156} INFO - Task exited with return code 0
[2024-04-02 17:19:30,089] {local_task_job.py:273} INFO - 0 downstream tasks scheduled from follow-on schedule check
[2024-04-02 17:46:02,868] {taskinstance.py:1159} INFO - Dependencies all met for <TaskInstance: get_stocks_dag.MSFT scheduled__2024-03-05T00:00:00+00:00 [queued]>
[2024-04-02 17:46:02,882] {taskinstance.py:1159} INFO - Dependencies all met for <TaskInstance: get_stocks_dag.MSFT scheduled__2024-03-05T00:00:00+00:00 [queued]>
[2024-04-02 17:46:02,883] {taskinstance.py:1356} INFO - 
--------------------------------------------------------------------------------
[2024-04-02 17:46:02,883] {taskinstance.py:1357} INFO - Starting attempt 1 of 1
[2024-04-02 17:46:02,884] {taskinstance.py:1358} INFO - 
--------------------------------------------------------------------------------
[2024-04-02 17:46:02,906] {taskinstance.py:1377} INFO - Executing <Task(_PythonDecoratedOperator): MSFT> on 2024-03-05 00:00:00+00:00
[2024-04-02 17:46:02,914] {standard_task_runner.py:52} INFO - Started process 23057 to run task
[2024-04-02 17:46:02,930] {standard_task_runner.py:79} INFO - Running: ['airflow', 'tasks', 'run', 'get_stocks_dag', 'MSFT', 'scheduled__2024-03-05T00:00:00+00:00', '--job-id', '433', '--raw', '--subdir', 'DAGS_FOLDER/get_stocks.py', '--cfg-path', '/tmp/tmpk179wz8t', '--error-file', '/tmp/tmp2g_cgul6']
[2024-04-02 17:46:02,932] {standard_task_runner.py:80} INFO - Job 433: Subtask MSFT
[2024-04-02 17:46:03,071] {task_command.py:370} INFO - Running <TaskInstance: get_stocks_dag.MSFT scheduled__2024-03-05T00:00:00+00:00 [running]> on host alexmend-virtual-machine
[2024-04-02 17:46:03,227] {taskinstance.py:1569} INFO - Exporting the following env vars:
AIRFLOW_CTX_DAG_OWNER=airflow
AIRFLOW_CTX_DAG_ID=get_stocks_dag
AIRFLOW_CTX_TASK_ID=MSFT
AIRFLOW_CTX_EXECUTION_DATE=2024-03-05T00:00:00+00:00
AIRFLOW_CTX_TRY_NUMBER=1
AIRFLOW_CTX_DAG_RUN_ID=scheduled__2024-03-05T00:00:00+00:00
[2024-04-02 17:46:04,060] {python.py:173} INFO - Done. Returned value was: None
[2024-04-02 17:46:04,091] {taskinstance.py:1395} INFO - Marking task as SUCCESS. dag_id=get_stocks_dag, task_id=MSFT, execution_date=20240305T000000, start_date=20240402T204602, end_date=20240402T204604
[2024-04-02 17:46:04,146] {local_task_job.py:156} INFO - Task exited with return code 0
[2024-04-02 17:46:04,203] {local_task_job.py:273} INFO - 0 downstream tasks scheduled from follow-on schedule check
[2024-04-02 19:14:48,006] {taskinstance.py:1159} INFO - Dependencies all met for <TaskInstance: get_stocks_dag.MSFT scheduled__2024-03-05T00:00:00+00:00 [queued]>
[2024-04-02 19:14:48,022] {taskinstance.py:1159} INFO - Dependencies all met for <TaskInstance: get_stocks_dag.MSFT scheduled__2024-03-05T00:00:00+00:00 [queued]>
[2024-04-02 19:14:48,022] {taskinstance.py:1356} INFO - 
--------------------------------------------------------------------------------
[2024-04-02 19:14:48,022] {taskinstance.py:1357} INFO - Starting attempt 1 of 1
[2024-04-02 19:14:48,022] {taskinstance.py:1358} INFO - 
--------------------------------------------------------------------------------
[2024-04-02 19:14:48,042] {taskinstance.py:1377} INFO - Executing <Task(_PythonDecoratedOperator): MSFT> on 2024-03-05 00:00:00+00:00
[2024-04-02 19:14:48,051] {standard_task_runner.py:52} INFO - Started process 13987 to run task
[2024-04-02 19:14:48,059] {standard_task_runner.py:79} INFO - Running: ['airflow', 'tasks', 'run', 'get_stocks_dag', 'MSFT', 'scheduled__2024-03-05T00:00:00+00:00', '--job-id', '534', '--raw', '--subdir', 'DAGS_FOLDER/get_stocks.py', '--cfg-path', '/tmp/tmpcitywvt0', '--error-file', '/tmp/tmpyb1w5c4l']
[2024-04-02 19:14:48,063] {standard_task_runner.py:80} INFO - Job 534: Subtask MSFT
[2024-04-02 19:14:48,291] {task_command.py:370} INFO - Running <TaskInstance: get_stocks_dag.MSFT scheduled__2024-03-05T00:00:00+00:00 [running]> on host alexmend-virtual-machine
[2024-04-02 19:14:48,443] {taskinstance.py:1569} INFO - Exporting the following env vars:
AIRFLOW_CTX_DAG_OWNER=airflow
AIRFLOW_CTX_DAG_ID=get_stocks_dag
AIRFLOW_CTX_TASK_ID=MSFT
AIRFLOW_CTX_EXECUTION_DATE=2024-03-05T00:00:00+00:00
AIRFLOW_CTX_TRY_NUMBER=1
AIRFLOW_CTX_DAG_RUN_ID=scheduled__2024-03-05T00:00:00+00:00
[2024-04-02 19:14:49,053] {python.py:173} INFO - Done. Returned value was: None
[2024-04-02 19:14:49,082] {taskinstance.py:1395} INFO - Marking task as SUCCESS. dag_id=get_stocks_dag, task_id=MSFT, execution_date=20240305T000000, start_date=20240402T221448, end_date=20240402T221449
[2024-04-02 19:14:49,123] {local_task_job.py:156} INFO - Task exited with return code 0
[2024-04-02 19:14:49,184] {local_task_job.py:273} INFO - 0 downstream tasks scheduled from follow-on schedule check
[2024-04-02 20:38:29,858] {taskinstance.py:1159} INFO - Dependencies all met for <TaskInstance: get_stocks_dag.MSFT scheduled__2024-03-05T00:00:00+00:00 [queued]>
[2024-04-02 20:38:29,881] {taskinstance.py:1159} INFO - Dependencies all met for <TaskInstance: get_stocks_dag.MSFT scheduled__2024-03-05T00:00:00+00:00 [queued]>
[2024-04-02 20:38:29,882] {taskinstance.py:1356} INFO - 
--------------------------------------------------------------------------------
[2024-04-02 20:38:29,882] {taskinstance.py:1357} INFO - Starting attempt 1 of 1
[2024-04-02 20:38:29,882] {taskinstance.py:1358} INFO - 
--------------------------------------------------------------------------------
[2024-04-02 20:38:29,904] {taskinstance.py:1377} INFO - Executing <Task(_PythonDecoratedOperator): MSFT> on 2024-03-05 00:00:00+00:00
[2024-04-02 20:38:29,913] {standard_task_runner.py:52} INFO - Started process 25297 to run task
[2024-04-02 20:38:29,921] {standard_task_runner.py:79} INFO - Running: ['airflow', 'tasks', 'run', 'get_stocks_dag', 'MSFT', 'scheduled__2024-03-05T00:00:00+00:00', '--job-id', '634', '--raw', '--subdir', 'DAGS_FOLDER/get_stocks.py', '--cfg-path', '/tmp/tmpgu9uywb7', '--error-file', '/tmp/tmpeitd3ar1']
[2024-04-02 20:38:29,923] {standard_task_runner.py:80} INFO - Job 634: Subtask MSFT
[2024-04-02 20:38:30,065] {task_command.py:370} INFO - Running <TaskInstance: get_stocks_dag.MSFT scheduled__2024-03-05T00:00:00+00:00 [running]> on host alexmend-virtual-machine
[2024-04-02 20:38:30,218] {taskinstance.py:1569} INFO - Exporting the following env vars:
AIRFLOW_CTX_DAG_OWNER=airflow
AIRFLOW_CTX_DAG_ID=get_stocks_dag
AIRFLOW_CTX_TASK_ID=MSFT
AIRFLOW_CTX_EXECUTION_DATE=2024-03-05T00:00:00+00:00
AIRFLOW_CTX_TRY_NUMBER=1
AIRFLOW_CTX_DAG_RUN_ID=scheduled__2024-03-05T00:00:00+00:00
[2024-04-02 20:38:30,928] {python.py:173} INFO - Done. Returned value was: None
[2024-04-02 20:38:30,962] {taskinstance.py:1395} INFO - Marking task as SUCCESS. dag_id=get_stocks_dag, task_id=MSFT, execution_date=20240305T000000, start_date=20240402T233829, end_date=20240402T233830
[2024-04-02 20:38:31,024] {local_task_job.py:156} INFO - Task exited with return code 0
[2024-04-02 20:38:31,130] {local_task_job.py:273} INFO - 0 downstream tasks scheduled from follow-on schedule check
[2024-04-02 21:46:24,092] {taskinstance.py:1159} INFO - Dependencies all met for <TaskInstance: get_stocks_dag.MSFT scheduled__2024-03-05T00:00:00+00:00 [queued]>
[2024-04-02 21:46:24,127] {taskinstance.py:1159} INFO - Dependencies all met for <TaskInstance: get_stocks_dag.MSFT scheduled__2024-03-05T00:00:00+00:00 [queued]>
[2024-04-02 21:46:24,128] {taskinstance.py:1356} INFO - 
--------------------------------------------------------------------------------
[2024-04-02 21:46:24,129] {taskinstance.py:1357} INFO - Starting attempt 1 of 1
[2024-04-02 21:46:24,129] {taskinstance.py:1358} INFO - 
--------------------------------------------------------------------------------
[2024-04-02 21:46:24,190] {taskinstance.py:1377} INFO - Executing <Task(_PythonDecoratedOperator): MSFT> on 2024-03-05 00:00:00+00:00
[2024-04-02 21:46:24,216] {standard_task_runner.py:52} INFO - Started process 48171 to run task
[2024-04-02 21:46:24,230] {standard_task_runner.py:79} INFO - Running: ['airflow', 'tasks', 'run', 'get_stocks_dag', 'MSFT', 'scheduled__2024-03-05T00:00:00+00:00', '--job-id', '758', '--raw', '--subdir', 'DAGS_FOLDER/get_stocks.py', '--cfg-path', '/tmp/tmpm95r3rfa', '--error-file', '/tmp/tmpdejl3dgh']
[2024-04-02 21:46:24,233] {standard_task_runner.py:80} INFO - Job 758: Subtask MSFT
[2024-04-02 21:46:24,465] {task_command.py:370} INFO - Running <TaskInstance: get_stocks_dag.MSFT scheduled__2024-03-05T00:00:00+00:00 [running]> on host alexmend-virtual-machine
[2024-04-02 21:46:24,758] {taskinstance.py:1569} INFO - Exporting the following env vars:
AIRFLOW_CTX_DAG_OWNER=airflow
AIRFLOW_CTX_DAG_ID=get_stocks_dag
AIRFLOW_CTX_TASK_ID=MSFT
AIRFLOW_CTX_EXECUTION_DATE=2024-03-05T00:00:00+00:00
AIRFLOW_CTX_TRY_NUMBER=1
AIRFLOW_CTX_DAG_RUN_ID=scheduled__2024-03-05T00:00:00+00:00
[2024-04-02 21:46:35,566] {python.py:173} INFO - Done. Returned value was: None
[2024-04-02 21:46:35,614] {taskinstance.py:1395} INFO - Marking task as SUCCESS. dag_id=get_stocks_dag, task_id=MSFT, execution_date=20240305T000000, start_date=20240403T004624, end_date=20240403T004635
[2024-04-02 21:46:35,738] {local_task_job.py:156} INFO - Task exited with return code 0
[2024-04-02 21:46:35,820] {local_task_job.py:273} INFO - 0 downstream tasks scheduled from follow-on schedule check
[2024-04-02 22:54:13,470] {taskinstance.py:1159} INFO - Dependencies all met for <TaskInstance: get_stocks_dag.MSFT scheduled__2024-03-05T00:00:00+00:00 [queued]>
[2024-04-02 22:54:13,489] {taskinstance.py:1159} INFO - Dependencies all met for <TaskInstance: get_stocks_dag.MSFT scheduled__2024-03-05T00:00:00+00:00 [queued]>
[2024-04-02 22:54:13,490] {taskinstance.py:1356} INFO - 
--------------------------------------------------------------------------------
[2024-04-02 22:54:13,490] {taskinstance.py:1357} INFO - Starting attempt 1 of 1
[2024-04-02 22:54:13,490] {taskinstance.py:1358} INFO - 
--------------------------------------------------------------------------------
[2024-04-02 22:54:13,523] {taskinstance.py:1377} INFO - Executing <Task(_PythonDecoratedOperator): MSFT> on 2024-03-05 00:00:00+00:00
[2024-04-02 22:54:13,533] {standard_task_runner.py:52} INFO - Started process 73048 to run task
[2024-04-02 22:54:13,549] {standard_task_runner.py:79} INFO - Running: ['airflow', 'tasks', 'run', 'get_stocks_dag', 'MSFT', 'scheduled__2024-03-05T00:00:00+00:00', '--job-id', '1025', '--raw', '--subdir', 'DAGS_FOLDER/get_stocks.py', '--cfg-path', '/tmp/tmpjnz4gaa8', '--error-file', '/tmp/tmp2lbmd2e6']
[2024-04-02 22:54:13,554] {standard_task_runner.py:80} INFO - Job 1025: Subtask MSFT
[2024-04-02 22:54:13,716] {task_command.py:370} INFO - Running <TaskInstance: get_stocks_dag.MSFT scheduled__2024-03-05T00:00:00+00:00 [running]> on host alexmend-virtual-machine
[2024-04-02 22:54:13,939] {taskinstance.py:1569} INFO - Exporting the following env vars:
AIRFLOW_CTX_DAG_OWNER=airflow
AIRFLOW_CTX_DAG_ID=get_stocks_dag
AIRFLOW_CTX_TASK_ID=MSFT
AIRFLOW_CTX_EXECUTION_DATE=2024-03-05T00:00:00+00:00
AIRFLOW_CTX_TRY_NUMBER=1
AIRFLOW_CTX_DAG_RUN_ID=scheduled__2024-03-05T00:00:00+00:00
[2024-04-02 22:54:24,615] {python.py:173} INFO - Done. Returned value was: None
[2024-04-02 22:54:24,643] {taskinstance.py:1395} INFO - Marking task as SUCCESS. dag_id=get_stocks_dag, task_id=MSFT, execution_date=20240305T000000, start_date=20240403T015413, end_date=20240403T015424
[2024-04-02 22:54:24,701] {local_task_job.py:156} INFO - Task exited with return code 0
[2024-04-02 22:54:24,766] {local_task_job.py:273} INFO - 0 downstream tasks scheduled from follow-on schedule check
