[2024-04-02 13:13:43,555] {taskinstance.py:1159} INFO - Dependencies all met for <TaskInstance: get_stocks_dag.TSLA scheduled__2024-03-27T00:00:00+00:00 [queued]>
[2024-04-02 13:13:43,563] {taskinstance.py:1159} INFO - Dependencies all met for <TaskInstance: get_stocks_dag.TSLA scheduled__2024-03-27T00:00:00+00:00 [queued]>
[2024-04-02 13:13:43,563] {taskinstance.py:1356} INFO - 
--------------------------------------------------------------------------------
[2024-04-02 13:13:43,563] {taskinstance.py:1357} INFO - Starting attempt 1 of 1
[2024-04-02 13:13:43,563] {taskinstance.py:1358} INFO - 
--------------------------------------------------------------------------------
[2024-04-02 13:13:43,586] {taskinstance.py:1377} INFO - Executing <Task(_PythonDecoratedOperator): TSLA> on 2024-03-27 00:00:00+00:00
[2024-04-02 13:13:43,592] {standard_task_runner.py:52} INFO - Started process 13703 to run task
[2024-04-02 13:13:43,598] {standard_task_runner.py:79} INFO - Running: ['airflow', 'tasks', 'run', 'get_stocks_dag', 'TSLA', 'scheduled__2024-03-27T00:00:00+00:00', '--job-id', '254', '--raw', '--subdir', 'DAGS_FOLDER/get_stocks.py', '--cfg-path', '/tmp/tmpfcsmycpm', '--error-file', '/tmp/tmppt_743ew']
[2024-04-02 13:13:43,600] {standard_task_runner.py:80} INFO - Job 254: Subtask TSLA
[2024-04-02 13:13:43,660] {task_command.py:370} INFO - Running <TaskInstance: get_stocks_dag.TSLA scheduled__2024-03-27T00:00:00+00:00 [running]> on host alexmend-virtual-machine
[2024-04-02 13:13:43,763] {taskinstance.py:1569} INFO - Exporting the following env vars:
AIRFLOW_CTX_DAG_OWNER=airflow
AIRFLOW_CTX_DAG_ID=get_stocks_dag
AIRFLOW_CTX_TASK_ID=TSLA
AIRFLOW_CTX_EXECUTION_DATE=2024-03-27T00:00:00+00:00
AIRFLOW_CTX_TRY_NUMBER=1
AIRFLOW_CTX_DAG_RUN_ID=scheduled__2024-03-27T00:00:00+00:00
[2024-04-02 13:13:44,389] {python.py:173} INFO - Done. Returned value was: None
[2024-04-02 13:13:44,403] {taskinstance.py:1395} INFO - Marking task as SUCCESS. dag_id=get_stocks_dag, task_id=TSLA, execution_date=20240327T000000, start_date=20240402T161343, end_date=20240402T161344
[2024-04-02 13:13:44,459] {local_task_job.py:156} INFO - Task exited with return code 0
[2024-04-02 13:13:44,481] {local_task_job.py:273} INFO - 0 downstream tasks scheduled from follow-on schedule check
[2024-04-02 17:20:14,925] {taskinstance.py:1159} INFO - Dependencies all met for <TaskInstance: get_stocks_dag.TSLA scheduled__2024-03-27T00:00:00+00:00 [queued]>
[2024-04-02 17:20:14,953] {taskinstance.py:1159} INFO - Dependencies all met for <TaskInstance: get_stocks_dag.TSLA scheduled__2024-03-27T00:00:00+00:00 [queued]>
[2024-04-02 17:20:14,954] {taskinstance.py:1356} INFO - 
--------------------------------------------------------------------------------
[2024-04-02 17:20:14,956] {taskinstance.py:1357} INFO - Starting attempt 1 of 1
[2024-04-02 17:20:14,956] {taskinstance.py:1358} INFO - 
--------------------------------------------------------------------------------
[2024-04-02 17:20:14,981] {taskinstance.py:1377} INFO - Executing <Task(_PythonDecoratedOperator): TSLA> on 2024-03-27 00:00:00+00:00
[2024-04-02 17:20:14,989] {standard_task_runner.py:52} INFO - Started process 9621 to run task
[2024-04-02 17:20:14,998] {standard_task_runner.py:79} INFO - Running: ['airflow', 'tasks', 'run', 'get_stocks_dag', 'TSLA', 'scheduled__2024-03-27T00:00:00+00:00', '--job-id', '236', '--raw', '--subdir', 'DAGS_FOLDER/get_stocks.py', '--cfg-path', '/tmp/tmpnueku2bh', '--error-file', '/tmp/tmp7cfpbfkw']
[2024-04-02 17:20:15,000] {standard_task_runner.py:80} INFO - Job 236: Subtask TSLA
[2024-04-02 17:20:15,197] {task_command.py:370} INFO - Running <TaskInstance: get_stocks_dag.TSLA scheduled__2024-03-27T00:00:00+00:00 [running]> on host alexmend-virtual-machine
[2024-04-02 17:20:15,359] {taskinstance.py:1569} INFO - Exporting the following env vars:
AIRFLOW_CTX_DAG_OWNER=airflow
AIRFLOW_CTX_DAG_ID=get_stocks_dag
AIRFLOW_CTX_TASK_ID=TSLA
AIRFLOW_CTX_EXECUTION_DATE=2024-03-27T00:00:00+00:00
AIRFLOW_CTX_TRY_NUMBER=1
AIRFLOW_CTX_DAG_RUN_ID=scheduled__2024-03-27T00:00:00+00:00
[2024-04-02 17:20:16,094] {python.py:173} INFO - Done. Returned value was: None
[2024-04-02 17:20:16,123] {taskinstance.py:1395} INFO - Marking task as SUCCESS. dag_id=get_stocks_dag, task_id=TSLA, execution_date=20240327T000000, start_date=20240402T202014, end_date=20240402T202016
[2024-04-02 17:20:16,184] {local_task_job.py:156} INFO - Task exited with return code 0
[2024-04-02 17:20:16,282] {local_task_job.py:273} INFO - 0 downstream tasks scheduled from follow-on schedule check
[2024-04-02 17:48:04,441] {taskinstance.py:1159} INFO - Dependencies all met for <TaskInstance: get_stocks_dag.TSLA scheduled__2024-03-27T00:00:00+00:00 [queued]>
[2024-04-02 17:48:04,480] {taskinstance.py:1159} INFO - Dependencies all met for <TaskInstance: get_stocks_dag.TSLA scheduled__2024-03-27T00:00:00+00:00 [queued]>
[2024-04-02 17:48:04,480] {taskinstance.py:1356} INFO - 
--------------------------------------------------------------------------------
[2024-04-02 17:48:04,480] {taskinstance.py:1357} INFO - Starting attempt 1 of 1
[2024-04-02 17:48:04,481] {taskinstance.py:1358} INFO - 
--------------------------------------------------------------------------------
[2024-04-02 17:48:04,515] {taskinstance.py:1377} INFO - Executing <Task(_PythonDecoratedOperator): TSLA> on 2024-03-27 00:00:00+00:00
[2024-04-02 17:48:04,524] {standard_task_runner.py:52} INFO - Started process 25136 to run task
[2024-04-02 17:48:04,540] {standard_task_runner.py:79} INFO - Running: ['airflow', 'tasks', 'run', 'get_stocks_dag', 'TSLA', 'scheduled__2024-03-27T00:00:00+00:00', '--job-id', '498', '--raw', '--subdir', 'DAGS_FOLDER/get_stocks.py', '--cfg-path', '/tmp/tmp7jcgicsg', '--error-file', '/tmp/tmp_lve2izy']
[2024-04-02 17:48:04,543] {standard_task_runner.py:80} INFO - Job 498: Subtask TSLA
[2024-04-02 17:48:04,724] {task_command.py:370} INFO - Running <TaskInstance: get_stocks_dag.TSLA scheduled__2024-03-27T00:00:00+00:00 [running]> on host alexmend-virtual-machine
[2024-04-02 17:48:04,931] {taskinstance.py:1569} INFO - Exporting the following env vars:
AIRFLOW_CTX_DAG_OWNER=airflow
AIRFLOW_CTX_DAG_ID=get_stocks_dag
AIRFLOW_CTX_TASK_ID=TSLA
AIRFLOW_CTX_EXECUTION_DATE=2024-03-27T00:00:00+00:00
AIRFLOW_CTX_TRY_NUMBER=1
AIRFLOW_CTX_DAG_RUN_ID=scheduled__2024-03-27T00:00:00+00:00
[2024-04-02 17:48:05,760] {python.py:173} INFO - Done. Returned value was: None
[2024-04-02 17:48:05,791] {taskinstance.py:1395} INFO - Marking task as SUCCESS. dag_id=get_stocks_dag, task_id=TSLA, execution_date=20240327T000000, start_date=20240402T204804, end_date=20240402T204805
[2024-04-02 17:48:05,832] {local_task_job.py:156} INFO - Task exited with return code 0
[2024-04-02 17:48:05,932] {local_task_job.py:273} INFO - 0 downstream tasks scheduled from follow-on schedule check
[2024-04-02 19:16:38,145] {taskinstance.py:1159} INFO - Dependencies all met for <TaskInstance: get_stocks_dag.TSLA scheduled__2024-03-27T00:00:00+00:00 [queued]>
[2024-04-02 19:16:38,174] {taskinstance.py:1159} INFO - Dependencies all met for <TaskInstance: get_stocks_dag.TSLA scheduled__2024-03-27T00:00:00+00:00 [queued]>
[2024-04-02 19:16:38,174] {taskinstance.py:1356} INFO - 
--------------------------------------------------------------------------------
[2024-04-02 19:16:38,174] {taskinstance.py:1357} INFO - Starting attempt 1 of 1
[2024-04-02 19:16:38,174] {taskinstance.py:1358} INFO - 
--------------------------------------------------------------------------------
[2024-04-02 19:16:38,198] {taskinstance.py:1377} INFO - Executing <Task(_PythonDecoratedOperator): TSLA> on 2024-03-27 00:00:00+00:00
[2024-04-02 19:16:38,206] {standard_task_runner.py:52} INFO - Started process 16271 to run task
[2024-04-02 19:16:38,221] {standard_task_runner.py:79} INFO - Running: ['airflow', 'tasks', 'run', 'get_stocks_dag', 'TSLA', 'scheduled__2024-03-27T00:00:00+00:00', '--job-id', '599', '--raw', '--subdir', 'DAGS_FOLDER/get_stocks.py', '--cfg-path', '/tmp/tmp8a49pqvs', '--error-file', '/tmp/tmp33lnayir']
[2024-04-02 19:16:38,222] {standard_task_runner.py:80} INFO - Job 599: Subtask TSLA
[2024-04-02 19:16:38,438] {task_command.py:370} INFO - Running <TaskInstance: get_stocks_dag.TSLA scheduled__2024-03-27T00:00:00+00:00 [running]> on host alexmend-virtual-machine
[2024-04-02 19:16:38,666] {taskinstance.py:1569} INFO - Exporting the following env vars:
AIRFLOW_CTX_DAG_OWNER=airflow
AIRFLOW_CTX_DAG_ID=get_stocks_dag
AIRFLOW_CTX_TASK_ID=TSLA
AIRFLOW_CTX_EXECUTION_DATE=2024-03-27T00:00:00+00:00
AIRFLOW_CTX_TRY_NUMBER=1
AIRFLOW_CTX_DAG_RUN_ID=scheduled__2024-03-27T00:00:00+00:00
[2024-04-02 19:16:39,738] {python.py:173} INFO - Done. Returned value was: None
[2024-04-02 19:16:39,818] {taskinstance.py:1395} INFO - Marking task as SUCCESS. dag_id=get_stocks_dag, task_id=TSLA, execution_date=20240327T000000, start_date=20240402T221638, end_date=20240402T221639
[2024-04-02 19:16:39,887] {local_task_job.py:156} INFO - Task exited with return code 0
[2024-04-02 19:16:40,003] {local_task_job.py:273} INFO - 0 downstream tasks scheduled from follow-on schedule check
[2024-04-02 20:40:46,842] {taskinstance.py:1159} INFO - Dependencies all met for <TaskInstance: get_stocks_dag.TSLA scheduled__2024-03-27T00:00:00+00:00 [queued]>
[2024-04-02 20:40:46,899] {taskinstance.py:1159} INFO - Dependencies all met for <TaskInstance: get_stocks_dag.TSLA scheduled__2024-03-27T00:00:00+00:00 [queued]>
[2024-04-02 20:40:46,900] {taskinstance.py:1356} INFO - 
--------------------------------------------------------------------------------
[2024-04-02 20:40:46,900] {taskinstance.py:1357} INFO - Starting attempt 1 of 1
[2024-04-02 20:40:46,900] {taskinstance.py:1358} INFO - 
--------------------------------------------------------------------------------
[2024-04-02 20:40:46,954] {taskinstance.py:1377} INFO - Executing <Task(_PythonDecoratedOperator): TSLA> on 2024-03-27 00:00:00+00:00
[2024-04-02 20:40:46,964] {standard_task_runner.py:52} INFO - Started process 27795 to run task
[2024-04-02 20:40:46,974] {standard_task_runner.py:79} INFO - Running: ['airflow', 'tasks', 'run', 'get_stocks_dag', 'TSLA', 'scheduled__2024-03-27T00:00:00+00:00', '--job-id', '700', '--raw', '--subdir', 'DAGS_FOLDER/get_stocks.py', '--cfg-path', '/tmp/tmpaxbwh7l8', '--error-file', '/tmp/tmp_6kamkfe']
[2024-04-02 20:40:46,988] {standard_task_runner.py:80} INFO - Job 700: Subtask TSLA
[2024-04-02 20:40:47,198] {task_command.py:370} INFO - Running <TaskInstance: get_stocks_dag.TSLA scheduled__2024-03-27T00:00:00+00:00 [running]> on host alexmend-virtual-machine
[2024-04-02 20:40:47,460] {taskinstance.py:1569} INFO - Exporting the following env vars:
AIRFLOW_CTX_DAG_OWNER=airflow
AIRFLOW_CTX_DAG_ID=get_stocks_dag
AIRFLOW_CTX_TASK_ID=TSLA
AIRFLOW_CTX_EXECUTION_DATE=2024-03-27T00:00:00+00:00
AIRFLOW_CTX_TRY_NUMBER=1
AIRFLOW_CTX_DAG_RUN_ID=scheduled__2024-03-27T00:00:00+00:00
[2024-04-02 20:40:48,336] {python.py:173} INFO - Done. Returned value was: None
[2024-04-02 20:40:48,368] {taskinstance.py:1395} INFO - Marking task as SUCCESS. dag_id=get_stocks_dag, task_id=TSLA, execution_date=20240327T000000, start_date=20240402T234046, end_date=20240402T234048
[2024-04-02 20:40:48,438] {local_task_job.py:156} INFO - Task exited with return code 0
[2024-04-02 20:40:48,510] {local_task_job.py:273} INFO - 0 downstream tasks scheduled from follow-on schedule check
[2024-04-02 21:55:55,155] {taskinstance.py:1159} INFO - Dependencies all met for <TaskInstance: get_stocks_dag.TSLA scheduled__2024-03-27T00:00:00+00:00 [queued]>
[2024-04-02 21:55:55,188] {taskinstance.py:1159} INFO - Dependencies all met for <TaskInstance: get_stocks_dag.TSLA scheduled__2024-03-27T00:00:00+00:00 [queued]>
[2024-04-02 21:55:55,188] {taskinstance.py:1356} INFO - 
--------------------------------------------------------------------------------
[2024-04-02 21:55:55,188] {taskinstance.py:1357} INFO - Starting attempt 1 of 1
[2024-04-02 21:55:55,188] {taskinstance.py:1358} INFO - 
--------------------------------------------------------------------------------
[2024-04-02 21:55:55,217] {taskinstance.py:1377} INFO - Executing <Task(_PythonDecoratedOperator): TSLA> on 2024-03-27 00:00:00+00:00
[2024-04-02 21:55:55,230] {standard_task_runner.py:52} INFO - Started process 54726 to run task
[2024-04-02 21:55:55,241] {standard_task_runner.py:79} INFO - Running: ['airflow', 'tasks', 'run', 'get_stocks_dag', 'TSLA', 'scheduled__2024-03-27T00:00:00+00:00', '--job-id', '876', '--raw', '--subdir', 'DAGS_FOLDER/get_stocks.py', '--cfg-path', '/tmp/tmp72i7vhx7', '--error-file', '/tmp/tmpyrjykzhe']
[2024-04-02 21:55:55,243] {standard_task_runner.py:80} INFO - Job 876: Subtask TSLA
[2024-04-02 21:55:55,599] {task_command.py:370} INFO - Running <TaskInstance: get_stocks_dag.TSLA scheduled__2024-03-27T00:00:00+00:00 [running]> on host alexmend-virtual-machine
[2024-04-02 21:55:55,809] {taskinstance.py:1569} INFO - Exporting the following env vars:
AIRFLOW_CTX_DAG_OWNER=airflow
AIRFLOW_CTX_DAG_ID=get_stocks_dag
AIRFLOW_CTX_TASK_ID=TSLA
AIRFLOW_CTX_EXECUTION_DATE=2024-03-27T00:00:00+00:00
AIRFLOW_CTX_TRY_NUMBER=1
AIRFLOW_CTX_DAG_RUN_ID=scheduled__2024-03-27T00:00:00+00:00
[2024-04-02 21:56:06,510] {python.py:173} INFO - Done. Returned value was: None
[2024-04-02 21:56:06,552] {taskinstance.py:1395} INFO - Marking task as SUCCESS. dag_id=get_stocks_dag, task_id=TSLA, execution_date=20240327T000000, start_date=20240403T005555, end_date=20240403T005606
[2024-04-02 21:56:06,653] {local_task_job.py:156} INFO - Task exited with return code 0
[2024-04-02 21:56:06,802] {local_task_job.py:273} INFO - 0 downstream tasks scheduled from follow-on schedule check
[2024-04-02 23:16:35,481] {taskinstance.py:1159} INFO - Dependencies all met for <TaskInstance: get_stocks_dag.TSLA scheduled__2024-03-27T00:00:00+00:00 [queued]>
[2024-04-02 23:16:35,517] {taskinstance.py:1159} INFO - Dependencies all met for <TaskInstance: get_stocks_dag.TSLA scheduled__2024-03-27T00:00:00+00:00 [queued]>
[2024-04-02 23:16:35,517] {taskinstance.py:1356} INFO - 
--------------------------------------------------------------------------------
[2024-04-02 23:16:35,517] {taskinstance.py:1357} INFO - Starting attempt 1 of 1
[2024-04-02 23:16:35,518] {taskinstance.py:1358} INFO - 
--------------------------------------------------------------------------------
[2024-04-02 23:16:35,565] {taskinstance.py:1377} INFO - Executing <Task(_PythonDecoratedOperator): TSLA> on 2024-03-27 00:00:00+00:00
[2024-04-02 23:16:35,583] {standard_task_runner.py:52} INFO - Started process 84783 to run task
[2024-04-02 23:16:35,608] {standard_task_runner.py:79} INFO - Running: ['airflow', 'tasks', 'run', 'get_stocks_dag', 'TSLA', 'scheduled__2024-03-27T00:00:00+00:00', '--job-id', '1177', '--raw', '--subdir', 'DAGS_FOLDER/get_stocks.py', '--cfg-path', '/tmp/tmp9roccjcp', '--error-file', '/tmp/tmpyuv5fzg5']
[2024-04-02 23:16:35,618] {standard_task_runner.py:80} INFO - Job 1177: Subtask TSLA
[2024-04-02 23:16:36,048] {task_command.py:370} INFO - Running <TaskInstance: get_stocks_dag.TSLA scheduled__2024-03-27T00:00:00+00:00 [running]> on host alexmend-virtual-machine
[2024-04-02 23:16:36,671] {taskinstance.py:1569} INFO - Exporting the following env vars:
AIRFLOW_CTX_DAG_OWNER=airflow
AIRFLOW_CTX_DAG_ID=get_stocks_dag
AIRFLOW_CTX_TASK_ID=TSLA
AIRFLOW_CTX_EXECUTION_DATE=2024-03-27T00:00:00+00:00
AIRFLOW_CTX_TRY_NUMBER=1
AIRFLOW_CTX_DAG_RUN_ID=scheduled__2024-03-27T00:00:00+00:00
[2024-04-02 23:16:47,527] {python.py:173} INFO - Done. Returned value was: None
[2024-04-02 23:16:47,590] {taskinstance.py:1395} INFO - Marking task as SUCCESS. dag_id=get_stocks_dag, task_id=TSLA, execution_date=20240327T000000, start_date=20240403T021635, end_date=20240403T021647
[2024-04-02 23:16:47,660] {local_task_job.py:156} INFO - Task exited with return code 0
[2024-04-02 23:16:47,800] {local_task_job.py:273} INFO - 0 downstream tasks scheduled from follow-on schedule check
