[2024-04-02 13:13:36,277] {taskinstance.py:1159} INFO - Dependencies all met for <TaskInstance: get_stocks_dag.MSFT scheduled__2024-03-27T00:00:00+00:00 [queued]>
[2024-04-02 13:13:36,290] {taskinstance.py:1159} INFO - Dependencies all met for <TaskInstance: get_stocks_dag.MSFT scheduled__2024-03-27T00:00:00+00:00 [queued]>
[2024-04-02 13:13:36,291] {taskinstance.py:1356} INFO - 
--------------------------------------------------------------------------------
[2024-04-02 13:13:36,292] {taskinstance.py:1357} INFO - Starting attempt 1 of 1
[2024-04-02 13:13:36,293] {taskinstance.py:1358} INFO - 
--------------------------------------------------------------------------------
[2024-04-02 13:13:36,320] {taskinstance.py:1377} INFO - Executing <Task(_PythonDecoratedOperator): MSFT> on 2024-03-27 00:00:00+00:00
[2024-04-02 13:13:36,325] {standard_task_runner.py:52} INFO - Started process 13660 to run task
[2024-04-02 13:13:36,331] {standard_task_runner.py:79} INFO - Running: ['airflow', 'tasks', 'run', 'get_stocks_dag', 'MSFT', 'scheduled__2024-03-27T00:00:00+00:00', '--job-id', '252', '--raw', '--subdir', 'DAGS_FOLDER/get_stocks.py', '--cfg-path', '/tmp/tmp_q17w5hi', '--error-file', '/tmp/tmpxnbyzpj9']
[2024-04-02 13:13:36,332] {standard_task_runner.py:80} INFO - Job 252: Subtask MSFT
[2024-04-02 13:13:36,401] {task_command.py:370} INFO - Running <TaskInstance: get_stocks_dag.MSFT scheduled__2024-03-27T00:00:00+00:00 [running]> on host alexmend-virtual-machine
[2024-04-02 13:13:36,475] {taskinstance.py:1569} INFO - Exporting the following env vars:
AIRFLOW_CTX_DAG_OWNER=airflow
AIRFLOW_CTX_DAG_ID=get_stocks_dag
AIRFLOW_CTX_TASK_ID=MSFT
AIRFLOW_CTX_EXECUTION_DATE=2024-03-27T00:00:00+00:00
AIRFLOW_CTX_TRY_NUMBER=1
AIRFLOW_CTX_DAG_RUN_ID=scheduled__2024-03-27T00:00:00+00:00
[2024-04-02 13:13:37,348] {python.py:173} INFO - Done. Returned value was: None
[2024-04-02 13:13:37,359] {taskinstance.py:1395} INFO - Marking task as SUCCESS. dag_id=get_stocks_dag, task_id=MSFT, execution_date=20240327T000000, start_date=20240402T161336, end_date=20240402T161337
[2024-04-02 13:13:37,399] {local_task_job.py:156} INFO - Task exited with return code 0
[2024-04-02 13:13:37,421] {local_task_job.py:273} INFO - 0 downstream tasks scheduled from follow-on schedule check
[2024-04-02 17:20:14,792] {taskinstance.py:1159} INFO - Dependencies all met for <TaskInstance: get_stocks_dag.MSFT scheduled__2024-03-27T00:00:00+00:00 [queued]>
[2024-04-02 17:20:14,841] {taskinstance.py:1159} INFO - Dependencies all met for <TaskInstance: get_stocks_dag.MSFT scheduled__2024-03-27T00:00:00+00:00 [queued]>
[2024-04-02 17:20:14,842] {taskinstance.py:1356} INFO - 
--------------------------------------------------------------------------------
[2024-04-02 17:20:14,842] {taskinstance.py:1357} INFO - Starting attempt 1 of 1
[2024-04-02 17:20:14,843] {taskinstance.py:1358} INFO - 
--------------------------------------------------------------------------------
[2024-04-02 17:20:14,894] {taskinstance.py:1377} INFO - Executing <Task(_PythonDecoratedOperator): MSFT> on 2024-03-27 00:00:00+00:00
[2024-04-02 17:20:14,902] {standard_task_runner.py:52} INFO - Started process 9616 to run task
[2024-04-02 17:20:14,913] {standard_task_runner.py:79} INFO - Running: ['airflow', 'tasks', 'run', 'get_stocks_dag', 'MSFT', 'scheduled__2024-03-27T00:00:00+00:00', '--job-id', '235', '--raw', '--subdir', 'DAGS_FOLDER/get_stocks.py', '--cfg-path', '/tmp/tmphetyru_f', '--error-file', '/tmp/tmpd6d0bsil']
[2024-04-02 17:20:14,916] {standard_task_runner.py:80} INFO - Job 235: Subtask MSFT
[2024-04-02 17:20:15,082] {task_command.py:370} INFO - Running <TaskInstance: get_stocks_dag.MSFT scheduled__2024-03-27T00:00:00+00:00 [running]> on host alexmend-virtual-machine
[2024-04-02 17:20:15,243] {taskinstance.py:1569} INFO - Exporting the following env vars:
AIRFLOW_CTX_DAG_OWNER=airflow
AIRFLOW_CTX_DAG_ID=get_stocks_dag
AIRFLOW_CTX_TASK_ID=MSFT
AIRFLOW_CTX_EXECUTION_DATE=2024-03-27T00:00:00+00:00
AIRFLOW_CTX_TRY_NUMBER=1
AIRFLOW_CTX_DAG_RUN_ID=scheduled__2024-03-27T00:00:00+00:00
[2024-04-02 17:20:15,903] {python.py:173} INFO - Done. Returned value was: None
[2024-04-02 17:20:15,954] {taskinstance.py:1395} INFO - Marking task as SUCCESS. dag_id=get_stocks_dag, task_id=MSFT, execution_date=20240327T000000, start_date=20240402T202014, end_date=20240402T202015
[2024-04-02 17:20:16,013] {local_task_job.py:156} INFO - Task exited with return code 0
[2024-04-02 17:20:16,092] {local_task_job.py:273} INFO - 0 downstream tasks scheduled from follow-on schedule check
[2024-04-02 17:48:00,811] {taskinstance.py:1159} INFO - Dependencies all met for <TaskInstance: get_stocks_dag.MSFT scheduled__2024-03-27T00:00:00+00:00 [queued]>
[2024-04-02 17:48:00,852] {taskinstance.py:1159} INFO - Dependencies all met for <TaskInstance: get_stocks_dag.MSFT scheduled__2024-03-27T00:00:00+00:00 [queued]>
[2024-04-02 17:48:00,852] {taskinstance.py:1356} INFO - 
--------------------------------------------------------------------------------
[2024-04-02 17:48:00,852] {taskinstance.py:1357} INFO - Starting attempt 1 of 1
[2024-04-02 17:48:00,853] {taskinstance.py:1358} INFO - 
--------------------------------------------------------------------------------
[2024-04-02 17:48:00,886] {taskinstance.py:1377} INFO - Executing <Task(_PythonDecoratedOperator): MSFT> on 2024-03-27 00:00:00+00:00
[2024-04-02 17:48:00,905] {standard_task_runner.py:52} INFO - Started process 25073 to run task
[2024-04-02 17:48:00,935] {standard_task_runner.py:79} INFO - Running: ['airflow', 'tasks', 'run', 'get_stocks_dag', 'MSFT', 'scheduled__2024-03-27T00:00:00+00:00', '--job-id', '496', '--raw', '--subdir', 'DAGS_FOLDER/get_stocks.py', '--cfg-path', '/tmp/tmpytml5y_z', '--error-file', '/tmp/tmpya523rz_']
[2024-04-02 17:48:00,937] {standard_task_runner.py:80} INFO - Job 496: Subtask MSFT
[2024-04-02 17:48:01,129] {task_command.py:370} INFO - Running <TaskInstance: get_stocks_dag.MSFT scheduled__2024-03-27T00:00:00+00:00 [running]> on host alexmend-virtual-machine
[2024-04-02 17:48:01,442] {taskinstance.py:1569} INFO - Exporting the following env vars:
AIRFLOW_CTX_DAG_OWNER=airflow
AIRFLOW_CTX_DAG_ID=get_stocks_dag
AIRFLOW_CTX_TASK_ID=MSFT
AIRFLOW_CTX_EXECUTION_DATE=2024-03-27T00:00:00+00:00
AIRFLOW_CTX_TRY_NUMBER=1
AIRFLOW_CTX_DAG_RUN_ID=scheduled__2024-03-27T00:00:00+00:00
[2024-04-02 17:48:02,328] {python.py:173} INFO - Done. Returned value was: None
[2024-04-02 17:48:02,359] {taskinstance.py:1395} INFO - Marking task as SUCCESS. dag_id=get_stocks_dag, task_id=MSFT, execution_date=20240327T000000, start_date=20240402T204800, end_date=20240402T204802
[2024-04-02 17:48:02,438] {local_task_job.py:156} INFO - Task exited with return code 0
[2024-04-02 17:48:02,525] {local_task_job.py:273} INFO - 0 downstream tasks scheduled from follow-on schedule check
[2024-04-02 19:16:35,682] {taskinstance.py:1159} INFO - Dependencies all met for <TaskInstance: get_stocks_dag.MSFT scheduled__2024-03-27T00:00:00+00:00 [queued]>
[2024-04-02 19:16:35,699] {taskinstance.py:1159} INFO - Dependencies all met for <TaskInstance: get_stocks_dag.MSFT scheduled__2024-03-27T00:00:00+00:00 [queued]>
[2024-04-02 19:16:35,699] {taskinstance.py:1356} INFO - 
--------------------------------------------------------------------------------
[2024-04-02 19:16:35,700] {taskinstance.py:1357} INFO - Starting attempt 1 of 1
[2024-04-02 19:16:35,700] {taskinstance.py:1358} INFO - 
--------------------------------------------------------------------------------
[2024-04-02 19:16:35,715] {taskinstance.py:1377} INFO - Executing <Task(_PythonDecoratedOperator): MSFT> on 2024-03-27 00:00:00+00:00
[2024-04-02 19:16:35,722] {standard_task_runner.py:52} INFO - Started process 16211 to run task
[2024-04-02 19:16:35,726] {standard_task_runner.py:79} INFO - Running: ['airflow', 'tasks', 'run', 'get_stocks_dag', 'MSFT', 'scheduled__2024-03-27T00:00:00+00:00', '--job-id', '597', '--raw', '--subdir', 'DAGS_FOLDER/get_stocks.py', '--cfg-path', '/tmp/tmpoygifyye', '--error-file', '/tmp/tmp49r4gfvt']
[2024-04-02 19:16:35,728] {standard_task_runner.py:80} INFO - Job 597: Subtask MSFT
[2024-04-02 19:16:35,811] {task_command.py:370} INFO - Running <TaskInstance: get_stocks_dag.MSFT scheduled__2024-03-27T00:00:00+00:00 [running]> on host alexmend-virtual-machine
[2024-04-02 19:16:35,917] {taskinstance.py:1569} INFO - Exporting the following env vars:
AIRFLOW_CTX_DAG_OWNER=airflow
AIRFLOW_CTX_DAG_ID=get_stocks_dag
AIRFLOW_CTX_TASK_ID=MSFT
AIRFLOW_CTX_EXECUTION_DATE=2024-03-27T00:00:00+00:00
AIRFLOW_CTX_TRY_NUMBER=1
AIRFLOW_CTX_DAG_RUN_ID=scheduled__2024-03-27T00:00:00+00:00
[2024-04-02 19:16:36,515] {python.py:173} INFO - Done. Returned value was: None
[2024-04-02 19:16:36,547] {taskinstance.py:1395} INFO - Marking task as SUCCESS. dag_id=get_stocks_dag, task_id=MSFT, execution_date=20240327T000000, start_date=20240402T221635, end_date=20240402T221636
[2024-04-02 19:16:36,586] {local_task_job.py:156} INFO - Task exited with return code 0
[2024-04-02 19:16:36,652] {local_task_job.py:273} INFO - 0 downstream tasks scheduled from follow-on schedule check
[2024-04-02 20:40:43,767] {taskinstance.py:1159} INFO - Dependencies all met for <TaskInstance: get_stocks_dag.MSFT scheduled__2024-03-27T00:00:00+00:00 [queued]>
[2024-04-02 20:40:43,791] {taskinstance.py:1159} INFO - Dependencies all met for <TaskInstance: get_stocks_dag.MSFT scheduled__2024-03-27T00:00:00+00:00 [queued]>
[2024-04-02 20:40:43,791] {taskinstance.py:1356} INFO - 
--------------------------------------------------------------------------------
[2024-04-02 20:40:43,792] {taskinstance.py:1357} INFO - Starting attempt 1 of 1
[2024-04-02 20:40:43,792] {taskinstance.py:1358} INFO - 
--------------------------------------------------------------------------------
[2024-04-02 20:40:43,816] {taskinstance.py:1377} INFO - Executing <Task(_PythonDecoratedOperator): MSFT> on 2024-03-27 00:00:00+00:00
[2024-04-02 20:40:43,824] {standard_task_runner.py:52} INFO - Started process 27730 to run task
[2024-04-02 20:40:43,839] {standard_task_runner.py:79} INFO - Running: ['airflow', 'tasks', 'run', 'get_stocks_dag', 'MSFT', 'scheduled__2024-03-27T00:00:00+00:00', '--job-id', '699', '--raw', '--subdir', 'DAGS_FOLDER/get_stocks.py', '--cfg-path', '/tmp/tmpcht4hf9x', '--error-file', '/tmp/tmp4ejhqh56']
[2024-04-02 20:40:43,841] {standard_task_runner.py:80} INFO - Job 699: Subtask MSFT
[2024-04-02 20:40:43,961] {task_command.py:370} INFO - Running <TaskInstance: get_stocks_dag.MSFT scheduled__2024-03-27T00:00:00+00:00 [running]> on host alexmend-virtual-machine
[2024-04-02 20:40:44,096] {taskinstance.py:1569} INFO - Exporting the following env vars:
AIRFLOW_CTX_DAG_OWNER=airflow
AIRFLOW_CTX_DAG_ID=get_stocks_dag
AIRFLOW_CTX_TASK_ID=MSFT
AIRFLOW_CTX_EXECUTION_DATE=2024-03-27T00:00:00+00:00
AIRFLOW_CTX_TRY_NUMBER=1
AIRFLOW_CTX_DAG_RUN_ID=scheduled__2024-03-27T00:00:00+00:00
[2024-04-02 20:40:44,960] {python.py:173} INFO - Done. Returned value was: None
[2024-04-02 20:40:44,982] {taskinstance.py:1395} INFO - Marking task as SUCCESS. dag_id=get_stocks_dag, task_id=MSFT, execution_date=20240327T000000, start_date=20240402T234043, end_date=20240402T234044
[2024-04-02 20:40:45,028] {local_task_job.py:156} INFO - Task exited with return code 0
[2024-04-02 20:40:45,139] {local_task_job.py:273} INFO - 0 downstream tasks scheduled from follow-on schedule check
[2024-04-02 21:56:09,198] {taskinstance.py:1159} INFO - Dependencies all met for <TaskInstance: get_stocks_dag.MSFT scheduled__2024-03-27T00:00:00+00:00 [queued]>
[2024-04-02 21:56:09,216] {taskinstance.py:1159} INFO - Dependencies all met for <TaskInstance: get_stocks_dag.MSFT scheduled__2024-03-27T00:00:00+00:00 [queued]>
[2024-04-02 21:56:09,216] {taskinstance.py:1356} INFO - 
--------------------------------------------------------------------------------
[2024-04-02 21:56:09,216] {taskinstance.py:1357} INFO - Starting attempt 1 of 1
[2024-04-02 21:56:09,216] {taskinstance.py:1358} INFO - 
--------------------------------------------------------------------------------
[2024-04-02 21:56:09,240] {taskinstance.py:1377} INFO - Executing <Task(_PythonDecoratedOperator): MSFT> on 2024-03-27 00:00:00+00:00
[2024-04-02 21:56:09,257] {standard_task_runner.py:52} INFO - Started process 54861 to run task
[2024-04-02 21:56:09,294] {standard_task_runner.py:79} INFO - Running: ['airflow', 'tasks', 'run', 'get_stocks_dag', 'MSFT', 'scheduled__2024-03-27T00:00:00+00:00', '--job-id', '879', '--raw', '--subdir', 'DAGS_FOLDER/get_stocks.py', '--cfg-path', '/tmp/tmpbc6bsprb', '--error-file', '/tmp/tmpbya9ohec']
[2024-04-02 21:56:09,299] {standard_task_runner.py:80} INFO - Job 879: Subtask MSFT
[2024-04-02 21:56:09,518] {task_command.py:370} INFO - Running <TaskInstance: get_stocks_dag.MSFT scheduled__2024-03-27T00:00:00+00:00 [running]> on host alexmend-virtual-machine
[2024-04-02 21:56:09,694] {taskinstance.py:1569} INFO - Exporting the following env vars:
AIRFLOW_CTX_DAG_OWNER=airflow
AIRFLOW_CTX_DAG_ID=get_stocks_dag
AIRFLOW_CTX_TASK_ID=MSFT
AIRFLOW_CTX_EXECUTION_DATE=2024-03-27T00:00:00+00:00
AIRFLOW_CTX_TRY_NUMBER=1
AIRFLOW_CTX_DAG_RUN_ID=scheduled__2024-03-27T00:00:00+00:00
[2024-04-02 21:56:20,482] {python.py:173} INFO - Done. Returned value was: None
[2024-04-02 21:56:20,517] {taskinstance.py:1395} INFO - Marking task as SUCCESS. dag_id=get_stocks_dag, task_id=MSFT, execution_date=20240327T000000, start_date=20240403T005609, end_date=20240403T005620
[2024-04-02 21:56:20,563] {local_task_job.py:156} INFO - Task exited with return code 0
[2024-04-02 21:56:20,627] {local_task_job.py:273} INFO - 0 downstream tasks scheduled from follow-on schedule check
[2024-04-02 23:16:50,520] {taskinstance.py:1159} INFO - Dependencies all met for <TaskInstance: get_stocks_dag.MSFT scheduled__2024-03-27T00:00:00+00:00 [queued]>
[2024-04-02 23:16:50,558] {taskinstance.py:1159} INFO - Dependencies all met for <TaskInstance: get_stocks_dag.MSFT scheduled__2024-03-27T00:00:00+00:00 [queued]>
[2024-04-02 23:16:50,559] {taskinstance.py:1356} INFO - 
--------------------------------------------------------------------------------
[2024-04-02 23:16:50,559] {taskinstance.py:1357} INFO - Starting attempt 1 of 1
[2024-04-02 23:16:50,559] {taskinstance.py:1358} INFO - 
--------------------------------------------------------------------------------
[2024-04-02 23:16:50,603] {taskinstance.py:1377} INFO - Executing <Task(_PythonDecoratedOperator): MSFT> on 2024-03-27 00:00:00+00:00
[2024-04-02 23:16:50,615] {standard_task_runner.py:52} INFO - Started process 84939 to run task
[2024-04-02 23:16:50,637] {standard_task_runner.py:79} INFO - Running: ['airflow', 'tasks', 'run', 'get_stocks_dag', 'MSFT', 'scheduled__2024-03-27T00:00:00+00:00', '--job-id', '1179', '--raw', '--subdir', 'DAGS_FOLDER/get_stocks.py', '--cfg-path', '/tmp/tmp4utpevzb', '--error-file', '/tmp/tmpvr9lm0tp']
[2024-04-02 23:16:50,642] {standard_task_runner.py:80} INFO - Job 1179: Subtask MSFT
[2024-04-02 23:16:50,859] {task_command.py:370} INFO - Running <TaskInstance: get_stocks_dag.MSFT scheduled__2024-03-27T00:00:00+00:00 [running]> on host alexmend-virtual-machine
[2024-04-02 23:16:51,152] {taskinstance.py:1569} INFO - Exporting the following env vars:
AIRFLOW_CTX_DAG_OWNER=airflow
AIRFLOW_CTX_DAG_ID=get_stocks_dag
AIRFLOW_CTX_TASK_ID=MSFT
AIRFLOW_CTX_EXECUTION_DATE=2024-03-27T00:00:00+00:00
AIRFLOW_CTX_TRY_NUMBER=1
AIRFLOW_CTX_DAG_RUN_ID=scheduled__2024-03-27T00:00:00+00:00
[2024-04-02 23:17:01,945] {python.py:173} INFO - Done. Returned value was: None
[2024-04-02 23:17:01,994] {taskinstance.py:1395} INFO - Marking task as SUCCESS. dag_id=get_stocks_dag, task_id=MSFT, execution_date=20240327T000000, start_date=20240403T021650, end_date=20240403T021701
[2024-04-02 23:17:02,067] {local_task_job.py:156} INFO - Task exited with return code 0
[2024-04-02 23:17:02,133] {local_task_job.py:273} INFO - 0 downstream tasks scheduled from follow-on schedule check
