[2024-04-02 13:04:03,085] {taskinstance.py:1159} INFO - Dependencies all met for <TaskInstance: get_stocks_dag.TSLA scheduled__2024-02-06T00:00:00+00:00 [queued]>
[2024-04-02 13:04:03,096] {taskinstance.py:1159} INFO - Dependencies all met for <TaskInstance: get_stocks_dag.TSLA scheduled__2024-02-06T00:00:00+00:00 [queued]>
[2024-04-02 13:04:03,096] {taskinstance.py:1356} INFO - 
--------------------------------------------------------------------------------
[2024-04-02 13:04:03,097] {taskinstance.py:1357} INFO - Starting attempt 1 of 1
[2024-04-02 13:04:03,097] {taskinstance.py:1358} INFO - 
--------------------------------------------------------------------------------
[2024-04-02 13:04:03,123] {taskinstance.py:1377} INFO - Executing <Task(_PythonDecoratedOperator): TSLA> on 2024-02-06 00:00:00+00:00
[2024-04-02 13:04:03,129] {standard_task_runner.py:52} INFO - Started process 10240 to run task
[2024-04-02 13:04:03,133] {standard_task_runner.py:79} INFO - Running: ['airflow', 'tasks', 'run', 'get_stocks_dag', 'TSLA', 'scheduled__2024-02-06T00:00:00+00:00', '--job-id', '110', '--raw', '--subdir', 'DAGS_FOLDER/get_stocks.py', '--cfg-path', '/tmp/tmpcbnexe0m', '--error-file', '/tmp/tmpwrwb45n9']
[2024-04-02 13:04:03,134] {standard_task_runner.py:80} INFO - Job 110: Subtask TSLA
[2024-04-02 13:04:03,188] {task_command.py:370} INFO - Running <TaskInstance: get_stocks_dag.TSLA scheduled__2024-02-06T00:00:00+00:00 [running]> on host alexmend-virtual-machine
[2024-04-02 13:04:03,257] {taskinstance.py:1569} INFO - Exporting the following env vars:
AIRFLOW_CTX_DAG_OWNER=airflow
AIRFLOW_CTX_DAG_ID=get_stocks_dag
AIRFLOW_CTX_TASK_ID=TSLA
AIRFLOW_CTX_EXECUTION_DATE=2024-02-06T00:00:00+00:00
AIRFLOW_CTX_TRY_NUMBER=1
AIRFLOW_CTX_DAG_RUN_ID=scheduled__2024-02-06T00:00:00+00:00
[2024-04-02 13:04:03,877] {python.py:173} INFO - Done. Returned value was: None
[2024-04-02 13:04:03,885] {taskinstance.py:1395} INFO - Marking task as SUCCESS. dag_id=get_stocks_dag, task_id=TSLA, execution_date=20240206T000000, start_date=20240402T160403, end_date=20240402T160403
[2024-04-02 13:04:03,910] {local_task_job.py:156} INFO - Task exited with return code 0
[2024-04-02 13:04:03,936] {local_task_job.py:273} INFO - 0 downstream tasks scheduled from follow-on schedule check
[2024-04-02 17:18:14,992] {taskinstance.py:1159} INFO - Dependencies all met for <TaskInstance: get_stocks_dag.TSLA scheduled__2024-02-06T00:00:00+00:00 [queued]>
[2024-04-02 17:18:15,132] {taskinstance.py:1159} INFO - Dependencies all met for <TaskInstance: get_stocks_dag.TSLA scheduled__2024-02-06T00:00:00+00:00 [queued]>
[2024-04-02 17:18:15,132] {taskinstance.py:1356} INFO - 
--------------------------------------------------------------------------------
[2024-04-02 17:18:15,133] {taskinstance.py:1357} INFO - Starting attempt 1 of 1
[2024-04-02 17:18:15,133] {taskinstance.py:1358} INFO - 
--------------------------------------------------------------------------------
[2024-04-02 17:18:15,181] {taskinstance.py:1377} INFO - Executing <Task(_PythonDecoratedOperator): TSLA> on 2024-02-06 00:00:00+00:00
[2024-04-02 17:18:15,190] {standard_task_runner.py:52} INFO - Started process 6024 to run task
[2024-04-02 17:18:15,283] {standard_task_runner.py:79} INFO - Running: ['airflow', 'tasks', 'run', 'get_stocks_dag', 'TSLA', 'scheduled__2024-02-06T00:00:00+00:00', '--job-id', '91', '--raw', '--subdir', 'DAGS_FOLDER/get_stocks.py', '--cfg-path', '/tmp/tmpwaenjtxg', '--error-file', '/tmp/tmpqn1na0az']
[2024-04-02 17:18:15,302] {standard_task_runner.py:80} INFO - Job 91: Subtask TSLA
[2024-04-02 17:18:15,599] {task_command.py:370} INFO - Running <TaskInstance: get_stocks_dag.TSLA scheduled__2024-02-06T00:00:00+00:00 [running]> on host alexmend-virtual-machine
[2024-04-02 17:18:16,288] {taskinstance.py:1569} INFO - Exporting the following env vars:
AIRFLOW_CTX_DAG_OWNER=airflow
AIRFLOW_CTX_DAG_ID=get_stocks_dag
AIRFLOW_CTX_TASK_ID=TSLA
AIRFLOW_CTX_EXECUTION_DATE=2024-02-06T00:00:00+00:00
AIRFLOW_CTX_TRY_NUMBER=1
AIRFLOW_CTX_DAG_RUN_ID=scheduled__2024-02-06T00:00:00+00:00
[2024-04-02 17:18:18,216] {python.py:173} INFO - Done. Returned value was: None
[2024-04-02 17:18:18,932] {taskinstance.py:1395} INFO - Marking task as SUCCESS. dag_id=get_stocks_dag, task_id=TSLA, execution_date=20240206T000000, start_date=20240402T201815, end_date=20240402T201818
[2024-04-02 17:18:19,027] {local_task_job.py:156} INFO - Task exited with return code 0
[2024-04-02 17:18:19,420] {local_task_job.py:273} INFO - 0 downstream tasks scheduled from follow-on schedule check
[2024-04-02 17:44:14,637] {taskinstance.py:1159} INFO - Dependencies all met for <TaskInstance: get_stocks_dag.TSLA scheduled__2024-02-06T00:00:00+00:00 [queued]>
[2024-04-02 17:44:14,653] {taskinstance.py:1159} INFO - Dependencies all met for <TaskInstance: get_stocks_dag.TSLA scheduled__2024-02-06T00:00:00+00:00 [queued]>
[2024-04-02 17:44:14,654] {taskinstance.py:1356} INFO - 
--------------------------------------------------------------------------------
[2024-04-02 17:44:14,654] {taskinstance.py:1357} INFO - Starting attempt 1 of 1
[2024-04-02 17:44:14,654] {taskinstance.py:1358} INFO - 
--------------------------------------------------------------------------------
[2024-04-02 17:44:14,672] {taskinstance.py:1377} INFO - Executing <Task(_PythonDecoratedOperator): TSLA> on 2024-02-06 00:00:00+00:00
[2024-04-02 17:44:14,681] {standard_task_runner.py:52} INFO - Started process 20795 to run task
[2024-04-02 17:44:14,691] {standard_task_runner.py:79} INFO - Running: ['airflow', 'tasks', 'run', 'get_stocks_dag', 'TSLA', 'scheduled__2024-02-06T00:00:00+00:00', '--job-id', '351', '--raw', '--subdir', 'DAGS_FOLDER/get_stocks.py', '--cfg-path', '/tmp/tmpn3xt2xvp', '--error-file', '/tmp/tmply2czvr9']
[2024-04-02 17:44:14,693] {standard_task_runner.py:80} INFO - Job 351: Subtask TSLA
[2024-04-02 17:44:14,872] {task_command.py:370} INFO - Running <TaskInstance: get_stocks_dag.TSLA scheduled__2024-02-06T00:00:00+00:00 [running]> on host alexmend-virtual-machine
[2024-04-02 17:44:15,040] {taskinstance.py:1569} INFO - Exporting the following env vars:
AIRFLOW_CTX_DAG_OWNER=airflow
AIRFLOW_CTX_DAG_ID=get_stocks_dag
AIRFLOW_CTX_TASK_ID=TSLA
AIRFLOW_CTX_EXECUTION_DATE=2024-02-06T00:00:00+00:00
AIRFLOW_CTX_TRY_NUMBER=1
AIRFLOW_CTX_DAG_RUN_ID=scheduled__2024-02-06T00:00:00+00:00
[2024-04-02 17:44:15,844] {python.py:173} INFO - Done. Returned value was: None
[2024-04-02 17:44:15,871] {taskinstance.py:1395} INFO - Marking task as SUCCESS. dag_id=get_stocks_dag, task_id=TSLA, execution_date=20240206T000000, start_date=20240402T204414, end_date=20240402T204415
[2024-04-02 17:44:15,926] {local_task_job.py:156} INFO - Task exited with return code 0
[2024-04-02 17:44:15,992] {local_task_job.py:273} INFO - 0 downstream tasks scheduled from follow-on schedule check
