[2024-04-02 13:06:16,363] {taskinstance.py:1159} INFO - Dependencies all met for <TaskInstance: get_stocks_dag.GOOG scheduled__2024-02-16T00:00:00+00:00 [queued]>
[2024-04-02 13:06:16,372] {taskinstance.py:1159} INFO - Dependencies all met for <TaskInstance: get_stocks_dag.GOOG scheduled__2024-02-16T00:00:00+00:00 [queued]>
[2024-04-02 13:06:16,372] {taskinstance.py:1356} INFO - 
--------------------------------------------------------------------------------
[2024-04-02 13:06:16,373] {taskinstance.py:1357} INFO - Starting attempt 1 of 1
[2024-04-02 13:06:16,373] {taskinstance.py:1358} INFO - 
--------------------------------------------------------------------------------
[2024-04-02 13:06:16,398] {taskinstance.py:1377} INFO - Executing <Task(_PythonDecoratedOperator): GOOG> on 2024-02-16 00:00:00+00:00
[2024-04-02 13:06:16,405] {standard_task_runner.py:52} INFO - Started process 11072 to run task
[2024-04-02 13:06:16,411] {standard_task_runner.py:79} INFO - Running: ['airflow', 'tasks', 'run', 'get_stocks_dag', 'GOOG', 'scheduled__2024-02-16T00:00:00+00:00', '--job-id', '141', '--raw', '--subdir', 'DAGS_FOLDER/get_stocks.py', '--cfg-path', '/tmp/tmp9aa8u4pe', '--error-file', '/tmp/tmpg1zyo4fv']
[2024-04-02 13:06:16,412] {standard_task_runner.py:80} INFO - Job 141: Subtask GOOG
[2024-04-02 13:06:16,475] {task_command.py:370} INFO - Running <TaskInstance: get_stocks_dag.GOOG scheduled__2024-02-16T00:00:00+00:00 [running]> on host alexmend-virtual-machine
[2024-04-02 13:06:16,560] {taskinstance.py:1569} INFO - Exporting the following env vars:
AIRFLOW_CTX_DAG_OWNER=airflow
AIRFLOW_CTX_DAG_ID=get_stocks_dag
AIRFLOW_CTX_TASK_ID=GOOG
AIRFLOW_CTX_EXECUTION_DATE=2024-02-16T00:00:00+00:00
AIRFLOW_CTX_TRY_NUMBER=1
AIRFLOW_CTX_DAG_RUN_ID=scheduled__2024-02-16T00:00:00+00:00
[2024-04-02 13:06:17,378] {python.py:173} INFO - Done. Returned value was: None
[2024-04-02 13:06:17,393] {taskinstance.py:1395} INFO - Marking task as SUCCESS. dag_id=get_stocks_dag, task_id=GOOG, execution_date=20240216T000000, start_date=20240402T160616, end_date=20240402T160617
[2024-04-02 13:06:17,429] {local_task_job.py:156} INFO - Task exited with return code 0
[2024-04-02 13:06:17,455] {local_task_job.py:273} INFO - 0 downstream tasks scheduled from follow-on schedule check
[2024-04-02 17:18:43,260] {taskinstance.py:1159} INFO - Dependencies all met for <TaskInstance: get_stocks_dag.GOOG scheduled__2024-02-16T00:00:00+00:00 [queued]>
[2024-04-02 17:18:43,353] {taskinstance.py:1159} INFO - Dependencies all met for <TaskInstance: get_stocks_dag.GOOG scheduled__2024-02-16T00:00:00+00:00 [queued]>
[2024-04-02 17:18:43,353] {taskinstance.py:1356} INFO - 
--------------------------------------------------------------------------------
[2024-04-02 17:18:43,353] {taskinstance.py:1357} INFO - Starting attempt 1 of 1
[2024-04-02 17:18:43,353] {taskinstance.py:1358} INFO - 
--------------------------------------------------------------------------------
[2024-04-02 17:18:43,517] {taskinstance.py:1377} INFO - Executing <Task(_PythonDecoratedOperator): GOOG> on 2024-02-16 00:00:00+00:00
[2024-04-02 17:18:43,577] {standard_task_runner.py:52} INFO - Started process 6890 to run task
[2024-04-02 17:18:43,606] {standard_task_runner.py:79} INFO - Running: ['airflow', 'tasks', 'run', 'get_stocks_dag', 'GOOG', 'scheduled__2024-02-16T00:00:00+00:00', '--job-id', '125', '--raw', '--subdir', 'DAGS_FOLDER/get_stocks.py', '--cfg-path', '/tmp/tmpv6ldgakm', '--error-file', '/tmp/tmpjcvn5cm5']
[2024-04-02 17:18:43,626] {standard_task_runner.py:80} INFO - Job 125: Subtask GOOG
[2024-04-02 17:18:44,131] {task_command.py:370} INFO - Running <TaskInstance: get_stocks_dag.GOOG scheduled__2024-02-16T00:00:00+00:00 [running]> on host alexmend-virtual-machine
[2024-04-02 17:18:44,754] {taskinstance.py:1569} INFO - Exporting the following env vars:
AIRFLOW_CTX_DAG_OWNER=airflow
AIRFLOW_CTX_DAG_ID=get_stocks_dag
AIRFLOW_CTX_TASK_ID=GOOG
AIRFLOW_CTX_EXECUTION_DATE=2024-02-16T00:00:00+00:00
AIRFLOW_CTX_TRY_NUMBER=1
AIRFLOW_CTX_DAG_RUN_ID=scheduled__2024-02-16T00:00:00+00:00
[2024-04-02 17:18:46,014] {python.py:173} INFO - Done. Returned value was: None
[2024-04-02 17:18:46,177] {taskinstance.py:1395} INFO - Marking task as SUCCESS. dag_id=get_stocks_dag, task_id=GOOG, execution_date=20240216T000000, start_date=20240402T201843, end_date=20240402T201846
[2024-04-02 17:18:46,507] {local_task_job.py:156} INFO - Task exited with return code 0
[2024-04-02 17:18:47,085] {local_task_job.py:273} INFO - 0 downstream tasks scheduled from follow-on schedule check
[2024-04-02 17:45:00,932] {taskinstance.py:1159} INFO - Dependencies all met for <TaskInstance: get_stocks_dag.GOOG scheduled__2024-02-16T00:00:00+00:00 [queued]>
[2024-04-02 17:45:00,955] {taskinstance.py:1159} INFO - Dependencies all met for <TaskInstance: get_stocks_dag.GOOG scheduled__2024-02-16T00:00:00+00:00 [queued]>
[2024-04-02 17:45:00,955] {taskinstance.py:1356} INFO - 
--------------------------------------------------------------------------------
[2024-04-02 17:45:00,955] {taskinstance.py:1357} INFO - Starting attempt 1 of 1
[2024-04-02 17:45:00,955] {taskinstance.py:1358} INFO - 
--------------------------------------------------------------------------------
[2024-04-02 17:45:00,979] {taskinstance.py:1377} INFO - Executing <Task(_PythonDecoratedOperator): GOOG> on 2024-02-16 00:00:00+00:00
[2024-04-02 17:45:00,990] {standard_task_runner.py:52} INFO - Started process 21712 to run task
[2024-04-02 17:45:01,004] {standard_task_runner.py:79} INFO - Running: ['airflow', 'tasks', 'run', 'get_stocks_dag', 'GOOG', 'scheduled__2024-02-16T00:00:00+00:00', '--job-id', '385', '--raw', '--subdir', 'DAGS_FOLDER/get_stocks.py', '--cfg-path', '/tmp/tmpjh8d_9fs', '--error-file', '/tmp/tmprx99vdii']
[2024-04-02 17:45:01,005] {standard_task_runner.py:80} INFO - Job 385: Subtask GOOG
[2024-04-02 17:45:01,171] {task_command.py:370} INFO - Running <TaskInstance: get_stocks_dag.GOOG scheduled__2024-02-16T00:00:00+00:00 [running]> on host alexmend-virtual-machine
[2024-04-02 17:45:01,326] {taskinstance.py:1569} INFO - Exporting the following env vars:
AIRFLOW_CTX_DAG_OWNER=airflow
AIRFLOW_CTX_DAG_ID=get_stocks_dag
AIRFLOW_CTX_TASK_ID=GOOG
AIRFLOW_CTX_EXECUTION_DATE=2024-02-16T00:00:00+00:00
AIRFLOW_CTX_TRY_NUMBER=1
AIRFLOW_CTX_DAG_RUN_ID=scheduled__2024-02-16T00:00:00+00:00
[2024-04-02 17:45:01,967] {python.py:173} INFO - Done. Returned value was: None
[2024-04-02 17:45:01,991] {taskinstance.py:1395} INFO - Marking task as SUCCESS. dag_id=get_stocks_dag, task_id=GOOG, execution_date=20240216T000000, start_date=20240402T204500, end_date=20240402T204501
[2024-04-02 17:45:02,019] {local_task_job.py:156} INFO - Task exited with return code 0
[2024-04-02 17:45:02,072] {local_task_job.py:273} INFO - 0 downstream tasks scheduled from follow-on schedule check
