[2024-04-02 12:59:38,087] {taskinstance.py:1159} INFO - Dependencies all met for <TaskInstance: get_stocks_dag.TSLA scheduled__2024-01-13T00:00:00+00:00 [queued]>
[2024-04-02 12:59:38,095] {taskinstance.py:1159} INFO - Dependencies all met for <TaskInstance: get_stocks_dag.TSLA scheduled__2024-01-13T00:00:00+00:00 [queued]>
[2024-04-02 12:59:38,095] {taskinstance.py:1356} INFO - 
--------------------------------------------------------------------------------
[2024-04-02 12:59:38,095] {taskinstance.py:1357} INFO - Starting attempt 1 of 1
[2024-04-02 12:59:38,095] {taskinstance.py:1358} INFO - 
--------------------------------------------------------------------------------
[2024-04-02 12:59:38,122] {taskinstance.py:1377} INFO - Executing <Task(_PythonDecoratedOperator): TSLA> on 2024-01-13 00:00:00+00:00
[2024-04-02 12:59:38,131] {standard_task_runner.py:52} INFO - Started process 8734 to run task
[2024-04-02 12:59:38,138] {standard_task_runner.py:79} INFO - Running: ['airflow', 'tasks', 'run', 'get_stocks_dag', 'TSLA', 'scheduled__2024-01-13T00:00:00+00:00', '--job-id', '46', '--raw', '--subdir', 'DAGS_FOLDER/get_stocks.py', '--cfg-path', '/tmp/tmp_jnxli5d', '--error-file', '/tmp/tmpl15q0w19']
[2024-04-02 12:59:38,139] {standard_task_runner.py:80} INFO - Job 46: Subtask TSLA
[2024-04-02 12:59:38,223] {task_command.py:370} INFO - Running <TaskInstance: get_stocks_dag.TSLA scheduled__2024-01-13T00:00:00+00:00 [running]> on host alexmend-virtual-machine
[2024-04-02 12:59:38,314] {taskinstance.py:1569} INFO - Exporting the following env vars:
AIRFLOW_CTX_DAG_OWNER=airflow
AIRFLOW_CTX_DAG_ID=get_stocks_dag
AIRFLOW_CTX_TASK_ID=TSLA
AIRFLOW_CTX_EXECUTION_DATE=2024-01-13T00:00:00+00:00
AIRFLOW_CTX_TRY_NUMBER=1
AIRFLOW_CTX_DAG_RUN_ID=scheduled__2024-01-13T00:00:00+00:00
[2024-04-02 12:59:39,029] {python.py:173} INFO - Done. Returned value was: None
[2024-04-02 12:59:39,040] {taskinstance.py:1395} INFO - Marking task as SUCCESS. dag_id=get_stocks_dag, task_id=TSLA, execution_date=20240113T000000, start_date=20240402T155938, end_date=20240402T155939
[2024-04-02 12:59:39,077] {local_task_job.py:156} INFO - Task exited with return code 0
[2024-04-02 12:59:39,100] {local_task_job.py:273} INFO - 0 downstream tasks scheduled from follow-on schedule check
[2024-04-02 17:17:06,611] {taskinstance.py:1159} INFO - Dependencies all met for <TaskInstance: get_stocks_dag.TSLA scheduled__2024-01-13T00:00:00+00:00 [queued]>
[2024-04-02 17:17:07,812] {taskinstance.py:1159} INFO - Dependencies all met for <TaskInstance: get_stocks_dag.TSLA scheduled__2024-01-13T00:00:00+00:00 [queued]>
[2024-04-02 17:17:07,812] {taskinstance.py:1356} INFO - 
--------------------------------------------------------------------------------
[2024-04-02 17:17:07,812] {taskinstance.py:1357} INFO - Starting attempt 1 of 1
[2024-04-02 17:17:07,812] {taskinstance.py:1358} INFO - 
--------------------------------------------------------------------------------
[2024-04-02 17:17:09,185] {taskinstance.py:1377} INFO - Executing <Task(_PythonDecoratedOperator): TSLA> on 2024-01-13 00:00:00+00:00
[2024-04-02 17:17:10,012] {standard_task_runner.py:52} INFO - Started process 4406 to run task
[2024-04-02 17:17:11,218] {standard_task_runner.py:79} INFO - Running: ['airflow', 'tasks', 'run', 'get_stocks_dag', 'TSLA', 'scheduled__2024-01-13T00:00:00+00:00', '--job-id', '30', '--raw', '--subdir', 'DAGS_FOLDER/get_stocks.py', '--cfg-path', '/tmp/tmplbswp_he', '--error-file', '/tmp/tmp3olkujo6']
[2024-04-02 17:17:11,492] {standard_task_runner.py:80} INFO - Job 30: Subtask TSLA
[2024-04-02 17:17:13,934] {task_command.py:370} INFO - Running <TaskInstance: get_stocks_dag.TSLA scheduled__2024-01-13T00:00:00+00:00 [running]> on host alexmend-virtual-machine
[2024-04-02 17:17:16,403] {taskinstance.py:1569} INFO - Exporting the following env vars:
AIRFLOW_CTX_DAG_OWNER=airflow
AIRFLOW_CTX_DAG_ID=get_stocks_dag
AIRFLOW_CTX_TASK_ID=TSLA
AIRFLOW_CTX_EXECUTION_DATE=2024-01-13T00:00:00+00:00
AIRFLOW_CTX_TRY_NUMBER=1
AIRFLOW_CTX_DAG_RUN_ID=scheduled__2024-01-13T00:00:00+00:00
[2024-04-02 17:17:20,347] {python.py:173} INFO - Done. Returned value was: None
[2024-04-02 17:17:20,517] {taskinstance.py:1395} INFO - Marking task as SUCCESS. dag_id=get_stocks_dag, task_id=TSLA, execution_date=20240113T000000, start_date=20240402T201706, end_date=20240402T201720
[2024-04-02 17:17:20,859] {local_task_job.py:156} INFO - Task exited with return code 0
[2024-04-02 17:17:21,340] {local_task_job.py:273} INFO - 0 downstream tasks scheduled from follow-on schedule check
[2024-04-02 17:42:42,259] {taskinstance.py:1159} INFO - Dependencies all met for <TaskInstance: get_stocks_dag.TSLA scheduled__2024-01-13T00:00:00+00:00 [queued]>
[2024-04-02 17:42:42,271] {taskinstance.py:1159} INFO - Dependencies all met for <TaskInstance: get_stocks_dag.TSLA scheduled__2024-01-13T00:00:00+00:00 [queued]>
[2024-04-02 17:42:42,271] {taskinstance.py:1356} INFO - 
--------------------------------------------------------------------------------
[2024-04-02 17:42:42,271] {taskinstance.py:1357} INFO - Starting attempt 1 of 1
[2024-04-02 17:42:42,271] {taskinstance.py:1358} INFO - 
--------------------------------------------------------------------------------
[2024-04-02 17:42:42,286] {taskinstance.py:1377} INFO - Executing <Task(_PythonDecoratedOperator): TSLA> on 2024-01-13 00:00:00+00:00
[2024-04-02 17:42:42,292] {standard_task_runner.py:52} INFO - Started process 18973 to run task
[2024-04-02 17:42:42,300] {standard_task_runner.py:79} INFO - Running: ['airflow', 'tasks', 'run', 'get_stocks_dag', 'TSLA', 'scheduled__2024-01-13T00:00:00+00:00', '--job-id', '289', '--raw', '--subdir', 'DAGS_FOLDER/get_stocks.py', '--cfg-path', '/tmp/tmp3f2jdq9j', '--error-file', '/tmp/tmpl4d68c8v']
[2024-04-02 17:42:42,302] {standard_task_runner.py:80} INFO - Job 289: Subtask TSLA
[2024-04-02 17:42:42,405] {task_command.py:370} INFO - Running <TaskInstance: get_stocks_dag.TSLA scheduled__2024-01-13T00:00:00+00:00 [running]> on host alexmend-virtual-machine
[2024-04-02 17:42:42,523] {taskinstance.py:1569} INFO - Exporting the following env vars:
AIRFLOW_CTX_DAG_OWNER=airflow
AIRFLOW_CTX_DAG_ID=get_stocks_dag
AIRFLOW_CTX_TASK_ID=TSLA
AIRFLOW_CTX_EXECUTION_DATE=2024-01-13T00:00:00+00:00
AIRFLOW_CTX_TRY_NUMBER=1
AIRFLOW_CTX_DAG_RUN_ID=scheduled__2024-01-13T00:00:00+00:00
[2024-04-02 17:42:43,109] {python.py:173} INFO - Done. Returned value was: None
[2024-04-02 17:42:43,132] {taskinstance.py:1395} INFO - Marking task as SUCCESS. dag_id=get_stocks_dag, task_id=TSLA, execution_date=20240113T000000, start_date=20240402T204242, end_date=20240402T204243
[2024-04-02 17:42:43,196] {local_task_job.py:156} INFO - Task exited with return code 0
[2024-04-02 17:42:43,248] {local_task_job.py:273} INFO - 0 downstream tasks scheduled from follow-on schedule check
