[2024-04-02 13:11:30,932] {taskinstance.py:1159} INFO - Dependencies all met for <TaskInstance: get_stocks_dag.MSFT scheduled__2024-03-15T00:00:00+00:00 [queued]>
[2024-04-02 13:11:30,942] {taskinstance.py:1159} INFO - Dependencies all met for <TaskInstance: get_stocks_dag.MSFT scheduled__2024-03-15T00:00:00+00:00 [queued]>
[2024-04-02 13:11:30,942] {taskinstance.py:1356} INFO - 
--------------------------------------------------------------------------------
[2024-04-02 13:11:30,942] {taskinstance.py:1357} INFO - Starting attempt 1 of 1
[2024-04-02 13:11:30,942] {taskinstance.py:1358} INFO - 
--------------------------------------------------------------------------------
[2024-04-02 13:11:30,961] {taskinstance.py:1377} INFO - Executing <Task(_PythonDecoratedOperator): MSFT> on 2024-03-15 00:00:00+00:00
[2024-04-02 13:11:30,967] {standard_task_runner.py:52} INFO - Started process 12918 to run task
[2024-04-02 13:11:30,974] {standard_task_runner.py:79} INFO - Running: ['airflow', 'tasks', 'run', 'get_stocks_dag', 'MSFT', 'scheduled__2024-03-15T00:00:00+00:00', '--job-id', '220', '--raw', '--subdir', 'DAGS_FOLDER/get_stocks.py', '--cfg-path', '/tmp/tmp4s1wendm', '--error-file', '/tmp/tmply4fvmhs']
[2024-04-02 13:11:30,976] {standard_task_runner.py:80} INFO - Job 220: Subtask MSFT
[2024-04-02 13:11:31,046] {task_command.py:370} INFO - Running <TaskInstance: get_stocks_dag.MSFT scheduled__2024-03-15T00:00:00+00:00 [running]> on host alexmend-virtual-machine
[2024-04-02 13:11:31,123] {taskinstance.py:1569} INFO - Exporting the following env vars:
AIRFLOW_CTX_DAG_OWNER=airflow
AIRFLOW_CTX_DAG_ID=get_stocks_dag
AIRFLOW_CTX_TASK_ID=MSFT
AIRFLOW_CTX_EXECUTION_DATE=2024-03-15T00:00:00+00:00
AIRFLOW_CTX_TRY_NUMBER=1
AIRFLOW_CTX_DAG_RUN_ID=scheduled__2024-03-15T00:00:00+00:00
[2024-04-02 13:11:32,161] {python.py:173} INFO - Done. Returned value was: None
[2024-04-02 13:11:32,185] {taskinstance.py:1395} INFO - Marking task as SUCCESS. dag_id=get_stocks_dag, task_id=MSFT, execution_date=20240315T000000, start_date=20240402T161130, end_date=20240402T161132
[2024-04-02 13:11:32,234] {local_task_job.py:156} INFO - Task exited with return code 0
[2024-04-02 13:11:32,255] {local_task_job.py:273} INFO - 0 downstream tasks scheduled from follow-on schedule check
[2024-04-02 17:19:50,131] {taskinstance.py:1159} INFO - Dependencies all met for <TaskInstance: get_stocks_dag.MSFT scheduled__2024-03-15T00:00:00+00:00 [queued]>
[2024-04-02 17:19:50,212] {taskinstance.py:1159} INFO - Dependencies all met for <TaskInstance: get_stocks_dag.MSFT scheduled__2024-03-15T00:00:00+00:00 [queued]>
[2024-04-02 17:19:50,220] {taskinstance.py:1356} INFO - 
--------------------------------------------------------------------------------
[2024-04-02 17:19:50,220] {taskinstance.py:1357} INFO - Starting attempt 1 of 1
[2024-04-02 17:19:50,221] {taskinstance.py:1358} INFO - 
--------------------------------------------------------------------------------
[2024-04-02 17:19:50,344] {taskinstance.py:1377} INFO - Executing <Task(_PythonDecoratedOperator): MSFT> on 2024-03-15 00:00:00+00:00
[2024-04-02 17:19:50,420] {standard_task_runner.py:52} INFO - Started process 8834 to run task
[2024-04-02 17:19:50,456] {standard_task_runner.py:79} INFO - Running: ['airflow', 'tasks', 'run', 'get_stocks_dag', 'MSFT', 'scheduled__2024-03-15T00:00:00+00:00', '--job-id', '202', '--raw', '--subdir', 'DAGS_FOLDER/get_stocks.py', '--cfg-path', '/tmp/tmpuemcbv2f', '--error-file', '/tmp/tmp1gxfebr0']
[2024-04-02 17:19:50,466] {standard_task_runner.py:80} INFO - Job 202: Subtask MSFT
[2024-04-02 17:19:51,195] {task_command.py:370} INFO - Running <TaskInstance: get_stocks_dag.MSFT scheduled__2024-03-15T00:00:00+00:00 [running]> on host alexmend-virtual-machine
[2024-04-02 17:19:51,917] {taskinstance.py:1569} INFO - Exporting the following env vars:
AIRFLOW_CTX_DAG_OWNER=airflow
AIRFLOW_CTX_DAG_ID=get_stocks_dag
AIRFLOW_CTX_TASK_ID=MSFT
AIRFLOW_CTX_EXECUTION_DATE=2024-03-15T00:00:00+00:00
AIRFLOW_CTX_TRY_NUMBER=1
AIRFLOW_CTX_DAG_RUN_ID=scheduled__2024-03-15T00:00:00+00:00
[2024-04-02 17:19:53,317] {python.py:173} INFO - Done. Returned value was: None
[2024-04-02 17:19:53,458] {taskinstance.py:1395} INFO - Marking task as SUCCESS. dag_id=get_stocks_dag, task_id=MSFT, execution_date=20240315T000000, start_date=20240402T201950, end_date=20240402T201953
[2024-04-02 17:19:53,890] {local_task_job.py:156} INFO - Task exited with return code 0
[2024-04-02 17:19:54,338] {local_task_job.py:273} INFO - 0 downstream tasks scheduled from follow-on schedule check
[2024-04-02 17:46:56,782] {taskinstance.py:1159} INFO - Dependencies all met for <TaskInstance: get_stocks_dag.MSFT scheduled__2024-03-15T00:00:00+00:00 [queued]>
[2024-04-02 17:46:56,807] {taskinstance.py:1159} INFO - Dependencies all met for <TaskInstance: get_stocks_dag.MSFT scheduled__2024-03-15T00:00:00+00:00 [queued]>
[2024-04-02 17:46:56,808] {taskinstance.py:1356} INFO - 
--------------------------------------------------------------------------------
[2024-04-02 17:46:56,808] {taskinstance.py:1357} INFO - Starting attempt 1 of 1
[2024-04-02 17:46:56,809] {taskinstance.py:1358} INFO - 
--------------------------------------------------------------------------------
[2024-04-02 17:46:56,840] {taskinstance.py:1377} INFO - Executing <Task(_PythonDecoratedOperator): MSFT> on 2024-03-15 00:00:00+00:00
[2024-04-02 17:46:56,850] {standard_task_runner.py:52} INFO - Started process 24062 to run task
[2024-04-02 17:46:56,864] {standard_task_runner.py:79} INFO - Running: ['airflow', 'tasks', 'run', 'get_stocks_dag', 'MSFT', 'scheduled__2024-03-15T00:00:00+00:00', '--job-id', '466', '--raw', '--subdir', 'DAGS_FOLDER/get_stocks.py', '--cfg-path', '/tmp/tmp80ds8rc0', '--error-file', '/tmp/tmpbm6mwi9t']
[2024-04-02 17:46:56,867] {standard_task_runner.py:80} INFO - Job 466: Subtask MSFT
[2024-04-02 17:46:57,034] {task_command.py:370} INFO - Running <TaskInstance: get_stocks_dag.MSFT scheduled__2024-03-15T00:00:00+00:00 [running]> on host alexmend-virtual-machine
[2024-04-02 17:46:57,224] {taskinstance.py:1569} INFO - Exporting the following env vars:
AIRFLOW_CTX_DAG_OWNER=airflow
AIRFLOW_CTX_DAG_ID=get_stocks_dag
AIRFLOW_CTX_TASK_ID=MSFT
AIRFLOW_CTX_EXECUTION_DATE=2024-03-15T00:00:00+00:00
AIRFLOW_CTX_TRY_NUMBER=1
AIRFLOW_CTX_DAG_RUN_ID=scheduled__2024-03-15T00:00:00+00:00
[2024-04-02 17:46:57,985] {python.py:173} INFO - Done. Returned value was: None
[2024-04-02 17:46:58,015] {taskinstance.py:1395} INFO - Marking task as SUCCESS. dag_id=get_stocks_dag, task_id=MSFT, execution_date=20240315T000000, start_date=20240402T204656, end_date=20240402T204658
[2024-04-02 17:46:58,084] {local_task_job.py:156} INFO - Task exited with return code 0
[2024-04-02 17:46:58,157] {local_task_job.py:273} INFO - 0 downstream tasks scheduled from follow-on schedule check
[2024-04-02 19:15:46,367] {taskinstance.py:1159} INFO - Dependencies all met for <TaskInstance: get_stocks_dag.MSFT scheduled__2024-03-15T00:00:00+00:00 [queued]>
[2024-04-02 19:15:46,404] {taskinstance.py:1159} INFO - Dependencies all met for <TaskInstance: get_stocks_dag.MSFT scheduled__2024-03-15T00:00:00+00:00 [queued]>
[2024-04-02 19:15:46,405] {taskinstance.py:1356} INFO - 
--------------------------------------------------------------------------------
[2024-04-02 19:15:46,405] {taskinstance.py:1357} INFO - Starting attempt 1 of 1
[2024-04-02 19:15:46,405] {taskinstance.py:1358} INFO - 
--------------------------------------------------------------------------------
[2024-04-02 19:15:46,448] {taskinstance.py:1377} INFO - Executing <Task(_PythonDecoratedOperator): MSFT> on 2024-03-15 00:00:00+00:00
[2024-04-02 19:15:46,456] {standard_task_runner.py:52} INFO - Started process 15164 to run task
[2024-04-02 19:15:46,464] {standard_task_runner.py:79} INFO - Running: ['airflow', 'tasks', 'run', 'get_stocks_dag', 'MSFT', 'scheduled__2024-03-15T00:00:00+00:00', '--job-id', '566', '--raw', '--subdir', 'DAGS_FOLDER/get_stocks.py', '--cfg-path', '/tmp/tmpke3qfs86', '--error-file', '/tmp/tmpcjcryhuo']
[2024-04-02 19:15:46,466] {standard_task_runner.py:80} INFO - Job 566: Subtask MSFT
[2024-04-02 19:15:46,577] {task_command.py:370} INFO - Running <TaskInstance: get_stocks_dag.MSFT scheduled__2024-03-15T00:00:00+00:00 [running]> on host alexmend-virtual-machine
[2024-04-02 19:15:46,685] {taskinstance.py:1569} INFO - Exporting the following env vars:
AIRFLOW_CTX_DAG_OWNER=airflow
AIRFLOW_CTX_DAG_ID=get_stocks_dag
AIRFLOW_CTX_TASK_ID=MSFT
AIRFLOW_CTX_EXECUTION_DATE=2024-03-15T00:00:00+00:00
AIRFLOW_CTX_TRY_NUMBER=1
AIRFLOW_CTX_DAG_RUN_ID=scheduled__2024-03-15T00:00:00+00:00
[2024-04-02 19:15:47,317] {python.py:173} INFO - Done. Returned value was: None
[2024-04-02 19:15:47,344] {taskinstance.py:1395} INFO - Marking task as SUCCESS. dag_id=get_stocks_dag, task_id=MSFT, execution_date=20240315T000000, start_date=20240402T221546, end_date=20240402T221547
[2024-04-02 19:15:47,400] {local_task_job.py:156} INFO - Task exited with return code 0
[2024-04-02 19:15:47,564] {local_task_job.py:273} INFO - 0 downstream tasks scheduled from follow-on schedule check
[2024-04-02 20:39:39,472] {taskinstance.py:1159} INFO - Dependencies all met for <TaskInstance: get_stocks_dag.MSFT scheduled__2024-03-15T00:00:00+00:00 [queued]>
[2024-04-02 20:39:39,491] {taskinstance.py:1159} INFO - Dependencies all met for <TaskInstance: get_stocks_dag.MSFT scheduled__2024-03-15T00:00:00+00:00 [queued]>
[2024-04-02 20:39:39,491] {taskinstance.py:1356} INFO - 
--------------------------------------------------------------------------------
[2024-04-02 20:39:39,492] {taskinstance.py:1357} INFO - Starting attempt 1 of 1
[2024-04-02 20:39:39,492] {taskinstance.py:1358} INFO - 
--------------------------------------------------------------------------------
[2024-04-02 20:39:39,518] {taskinstance.py:1377} INFO - Executing <Task(_PythonDecoratedOperator): MSFT> on 2024-03-15 00:00:00+00:00
[2024-04-02 20:39:39,527] {standard_task_runner.py:52} INFO - Started process 26537 to run task
[2024-04-02 20:39:39,537] {standard_task_runner.py:79} INFO - Running: ['airflow', 'tasks', 'run', 'get_stocks_dag', 'MSFT', 'scheduled__2024-03-15T00:00:00+00:00', '--job-id', '667', '--raw', '--subdir', 'DAGS_FOLDER/get_stocks.py', '--cfg-path', '/tmp/tmp6qqdrt5b', '--error-file', '/tmp/tmpjmjustb6']
[2024-04-02 20:39:39,539] {standard_task_runner.py:80} INFO - Job 667: Subtask MSFT
[2024-04-02 20:39:39,691] {task_command.py:370} INFO - Running <TaskInstance: get_stocks_dag.MSFT scheduled__2024-03-15T00:00:00+00:00 [running]> on host alexmend-virtual-machine
[2024-04-02 20:39:39,827] {taskinstance.py:1569} INFO - Exporting the following env vars:
AIRFLOW_CTX_DAG_OWNER=airflow
AIRFLOW_CTX_DAG_ID=get_stocks_dag
AIRFLOW_CTX_TASK_ID=MSFT
AIRFLOW_CTX_EXECUTION_DATE=2024-03-15T00:00:00+00:00
AIRFLOW_CTX_TRY_NUMBER=1
AIRFLOW_CTX_DAG_RUN_ID=scheduled__2024-03-15T00:00:00+00:00
[2024-04-02 20:39:40,527] {python.py:173} INFO - Done. Returned value was: None
[2024-04-02 20:39:40,552] {taskinstance.py:1395} INFO - Marking task as SUCCESS. dag_id=get_stocks_dag, task_id=MSFT, execution_date=20240315T000000, start_date=20240402T233939, end_date=20240402T233940
[2024-04-02 20:39:40,596] {local_task_job.py:156} INFO - Task exited with return code 0
[2024-04-02 20:39:40,682] {local_task_job.py:273} INFO - 0 downstream tasks scheduled from follow-on schedule check
[2024-04-02 21:50:27,974] {taskinstance.py:1159} INFO - Dependencies all met for <TaskInstance: get_stocks_dag.MSFT scheduled__2024-03-15T00:00:00+00:00 [queued]>
[2024-04-02 21:50:27,996] {taskinstance.py:1159} INFO - Dependencies all met for <TaskInstance: get_stocks_dag.MSFT scheduled__2024-03-15T00:00:00+00:00 [queued]>
[2024-04-02 21:50:27,997] {taskinstance.py:1356} INFO - 
--------------------------------------------------------------------------------
[2024-04-02 21:50:27,997] {taskinstance.py:1357} INFO - Starting attempt 1 of 1
[2024-04-02 21:50:27,998] {taskinstance.py:1358} INFO - 
--------------------------------------------------------------------------------
[2024-04-02 21:50:28,029] {taskinstance.py:1377} INFO - Executing <Task(_PythonDecoratedOperator): MSFT> on 2024-03-15 00:00:00+00:00
[2024-04-02 21:50:28,042] {standard_task_runner.py:52} INFO - Started process 51183 to run task
[2024-04-02 21:50:28,063] {standard_task_runner.py:79} INFO - Running: ['airflow', 'tasks', 'run', 'get_stocks_dag', 'MSFT', 'scheduled__2024-03-15T00:00:00+00:00', '--job-id', '815', '--raw', '--subdir', 'DAGS_FOLDER/get_stocks.py', '--cfg-path', '/tmp/tmp7o1tmwj9', '--error-file', '/tmp/tmp06chjfl3']
[2024-04-02 21:50:28,066] {standard_task_runner.py:80} INFO - Job 815: Subtask MSFT
[2024-04-02 21:50:28,264] {task_command.py:370} INFO - Running <TaskInstance: get_stocks_dag.MSFT scheduled__2024-03-15T00:00:00+00:00 [running]> on host alexmend-virtual-machine
[2024-04-02 21:50:28,443] {taskinstance.py:1569} INFO - Exporting the following env vars:
AIRFLOW_CTX_DAG_OWNER=airflow
AIRFLOW_CTX_DAG_ID=get_stocks_dag
AIRFLOW_CTX_TASK_ID=MSFT
AIRFLOW_CTX_EXECUTION_DATE=2024-03-15T00:00:00+00:00
AIRFLOW_CTX_TRY_NUMBER=1
AIRFLOW_CTX_DAG_RUN_ID=scheduled__2024-03-15T00:00:00+00:00
[2024-04-02 21:50:39,242] {python.py:173} INFO - Done. Returned value was: None
[2024-04-02 21:50:39,281] {taskinstance.py:1395} INFO - Marking task as SUCCESS. dag_id=get_stocks_dag, task_id=MSFT, execution_date=20240315T000000, start_date=20240403T005027, end_date=20240403T005039
[2024-04-02 21:50:39,364] {local_task_job.py:156} INFO - Task exited with return code 0
[2024-04-02 21:50:39,449] {local_task_job.py:273} INFO - 0 downstream tasks scheduled from follow-on schedule check
[2024-04-02 23:05:00,290] {taskinstance.py:1159} INFO - Dependencies all met for <TaskInstance: get_stocks_dag.MSFT scheduled__2024-03-15T00:00:00+00:00 [queued]>
[2024-04-02 23:05:00,321] {taskinstance.py:1159} INFO - Dependencies all met for <TaskInstance: get_stocks_dag.MSFT scheduled__2024-03-15T00:00:00+00:00 [queued]>
[2024-04-02 23:05:00,322] {taskinstance.py:1356} INFO - 
--------------------------------------------------------------------------------
[2024-04-02 23:05:00,323] {taskinstance.py:1357} INFO - Starting attempt 1 of 1
[2024-04-02 23:05:00,324] {taskinstance.py:1358} INFO - 
--------------------------------------------------------------------------------
[2024-04-02 23:05:00,359] {taskinstance.py:1377} INFO - Executing <Task(_PythonDecoratedOperator): MSFT> on 2024-03-15 00:00:00+00:00
[2024-04-02 23:05:00,379] {standard_task_runner.py:52} INFO - Started process 78546 to run task
[2024-04-02 23:05:00,389] {standard_task_runner.py:79} INFO - Running: ['airflow', 'tasks', 'run', 'get_stocks_dag', 'MSFT', 'scheduled__2024-03-15T00:00:00+00:00', '--job-id', '1096', '--raw', '--subdir', 'DAGS_FOLDER/get_stocks.py', '--cfg-path', '/tmp/tmpu5ype_bf', '--error-file', '/tmp/tmphvo4dkr4']
[2024-04-02 23:05:00,396] {standard_task_runner.py:80} INFO - Job 1096: Subtask MSFT
[2024-04-02 23:05:00,572] {task_command.py:370} INFO - Running <TaskInstance: get_stocks_dag.MSFT scheduled__2024-03-15T00:00:00+00:00 [running]> on host alexmend-virtual-machine
[2024-04-02 23:05:00,771] {taskinstance.py:1569} INFO - Exporting the following env vars:
AIRFLOW_CTX_DAG_OWNER=airflow
AIRFLOW_CTX_DAG_ID=get_stocks_dag
AIRFLOW_CTX_TASK_ID=MSFT
AIRFLOW_CTX_EXECUTION_DATE=2024-03-15T00:00:00+00:00
AIRFLOW_CTX_TRY_NUMBER=1
AIRFLOW_CTX_DAG_RUN_ID=scheduled__2024-03-15T00:00:00+00:00
[2024-04-02 23:05:11,501] {python.py:173} INFO - Done. Returned value was: None
[2024-04-02 23:05:11,520] {taskinstance.py:1395} INFO - Marking task as SUCCESS. dag_id=get_stocks_dag, task_id=MSFT, execution_date=20240315T000000, start_date=20240403T020500, end_date=20240403T020511
[2024-04-02 23:05:11,560] {local_task_job.py:156} INFO - Task exited with return code 0
[2024-04-02 23:05:11,618] {local_task_job.py:273} INFO - 0 downstream tasks scheduled from follow-on schedule check
