[2024-04-02 13:02:49,501] {taskinstance.py:1159} INFO - Dependencies all met for <TaskInstance: get_stocks_dag.MSFT scheduled__2024-01-31T00:00:00+00:00 [queued]>
[2024-04-02 13:02:49,512] {taskinstance.py:1159} INFO - Dependencies all met for <TaskInstance: get_stocks_dag.MSFT scheduled__2024-01-31T00:00:00+00:00 [queued]>
[2024-04-02 13:02:49,512] {taskinstance.py:1356} INFO - 
--------------------------------------------------------------------------------
[2024-04-02 13:02:49,512] {taskinstance.py:1357} INFO - Starting attempt 1 of 1
[2024-04-02 13:02:49,512] {taskinstance.py:1358} INFO - 
--------------------------------------------------------------------------------
[2024-04-02 13:02:49,531] {taskinstance.py:1377} INFO - Executing <Task(_PythonDecoratedOperator): MSFT> on 2024-01-31 00:00:00+00:00
[2024-04-02 13:02:49,536] {standard_task_runner.py:52} INFO - Started process 9831 to run task
[2024-04-02 13:02:49,541] {standard_task_runner.py:79} INFO - Running: ['airflow', 'tasks', 'run', 'get_stocks_dag', 'MSFT', 'scheduled__2024-01-31T00:00:00+00:00', '--job-id', '92', '--raw', '--subdir', 'DAGS_FOLDER/get_stocks.py', '--cfg-path', '/tmp/tmpyx7fsk01', '--error-file', '/tmp/tmpnnkqzo23']
[2024-04-02 13:02:49,542] {standard_task_runner.py:80} INFO - Job 92: Subtask MSFT
[2024-04-02 13:02:49,606] {task_command.py:370} INFO - Running <TaskInstance: get_stocks_dag.MSFT scheduled__2024-01-31T00:00:00+00:00 [running]> on host alexmend-virtual-machine
[2024-04-02 13:02:49,669] {taskinstance.py:1569} INFO - Exporting the following env vars:
AIRFLOW_CTX_DAG_OWNER=airflow
AIRFLOW_CTX_DAG_ID=get_stocks_dag
AIRFLOW_CTX_TASK_ID=MSFT
AIRFLOW_CTX_EXECUTION_DATE=2024-01-31T00:00:00+00:00
AIRFLOW_CTX_TRY_NUMBER=1
AIRFLOW_CTX_DAG_RUN_ID=scheduled__2024-01-31T00:00:00+00:00
[2024-04-02 13:02:50,375] {python.py:173} INFO - Done. Returned value was: None
[2024-04-02 13:02:50,382] {taskinstance.py:1395} INFO - Marking task as SUCCESS. dag_id=get_stocks_dag, task_id=MSFT, execution_date=20240131T000000, start_date=20240402T160249, end_date=20240402T160250
[2024-04-02 13:02:50,415] {local_task_job.py:156} INFO - Task exited with return code 0
[2024-04-02 13:02:50,440] {local_task_job.py:273} INFO - 0 downstream tasks scheduled from follow-on schedule check
[2024-04-02 17:18:01,748] {taskinstance.py:1159} INFO - Dependencies all met for <TaskInstance: get_stocks_dag.MSFT scheduled__2024-01-31T00:00:00+00:00 [queued]>
[2024-04-02 17:18:01,803] {taskinstance.py:1159} INFO - Dependencies all met for <TaskInstance: get_stocks_dag.MSFT scheduled__2024-01-31T00:00:00+00:00 [queued]>
[2024-04-02 17:18:01,803] {taskinstance.py:1356} INFO - 
--------------------------------------------------------------------------------
[2024-04-02 17:18:01,809] {taskinstance.py:1357} INFO - Starting attempt 1 of 1
[2024-04-02 17:18:01,809] {taskinstance.py:1358} INFO - 
--------------------------------------------------------------------------------
[2024-04-02 17:18:01,934] {taskinstance.py:1377} INFO - Executing <Task(_PythonDecoratedOperator): MSFT> on 2024-01-31 00:00:00+00:00
[2024-04-02 17:18:01,977] {standard_task_runner.py:52} INFO - Started process 5634 to run task
[2024-04-02 17:18:02,041] {standard_task_runner.py:79} INFO - Running: ['airflow', 'tasks', 'run', 'get_stocks_dag', 'MSFT', 'scheduled__2024-01-31T00:00:00+00:00', '--job-id', '74', '--raw', '--subdir', 'DAGS_FOLDER/get_stocks.py', '--cfg-path', '/tmp/tmp0n00ry37', '--error-file', '/tmp/tmp3ftyt77f']
[2024-04-02 17:18:02,067] {standard_task_runner.py:80} INFO - Job 74: Subtask MSFT
[2024-04-02 17:18:02,562] {task_command.py:370} INFO - Running <TaskInstance: get_stocks_dag.MSFT scheduled__2024-01-31T00:00:00+00:00 [running]> on host alexmend-virtual-machine
[2024-04-02 17:18:03,074] {taskinstance.py:1569} INFO - Exporting the following env vars:
AIRFLOW_CTX_DAG_OWNER=airflow
AIRFLOW_CTX_DAG_ID=get_stocks_dag
AIRFLOW_CTX_TASK_ID=MSFT
AIRFLOW_CTX_EXECUTION_DATE=2024-01-31T00:00:00+00:00
AIRFLOW_CTX_TRY_NUMBER=1
AIRFLOW_CTX_DAG_RUN_ID=scheduled__2024-01-31T00:00:00+00:00
[2024-04-02 17:18:04,606] {python.py:173} INFO - Done. Returned value was: None
[2024-04-02 17:18:04,660] {taskinstance.py:1395} INFO - Marking task as SUCCESS. dag_id=get_stocks_dag, task_id=MSFT, execution_date=20240131T000000, start_date=20240402T201801, end_date=20240402T201804
[2024-04-02 17:18:04,781] {local_task_job.py:156} INFO - Task exited with return code 0
[2024-04-02 17:18:04,997] {local_task_job.py:273} INFO - 0 downstream tasks scheduled from follow-on schedule check
[2024-04-02 17:43:49,298] {taskinstance.py:1159} INFO - Dependencies all met for <TaskInstance: get_stocks_dag.MSFT scheduled__2024-01-31T00:00:00+00:00 [queued]>
[2024-04-02 17:43:49,317] {taskinstance.py:1159} INFO - Dependencies all met for <TaskInstance: get_stocks_dag.MSFT scheduled__2024-01-31T00:00:00+00:00 [queued]>
[2024-04-02 17:43:49,318] {taskinstance.py:1356} INFO - 
--------------------------------------------------------------------------------
[2024-04-02 17:43:49,318] {taskinstance.py:1357} INFO - Starting attempt 1 of 1
[2024-04-02 17:43:49,319] {taskinstance.py:1358} INFO - 
--------------------------------------------------------------------------------
[2024-04-02 17:43:49,344] {taskinstance.py:1377} INFO - Executing <Task(_PythonDecoratedOperator): MSFT> on 2024-01-31 00:00:00+00:00
[2024-04-02 17:43:49,353] {standard_task_runner.py:52} INFO - Started process 20280 to run task
[2024-04-02 17:43:49,365] {standard_task_runner.py:79} INFO - Running: ['airflow', 'tasks', 'run', 'get_stocks_dag', 'MSFT', 'scheduled__2024-01-31T00:00:00+00:00', '--job-id', '335', '--raw', '--subdir', 'DAGS_FOLDER/get_stocks.py', '--cfg-path', '/tmp/tmpf8vrlnmo', '--error-file', '/tmp/tmp8o6mlf5a']
[2024-04-02 17:43:49,367] {standard_task_runner.py:80} INFO - Job 335: Subtask MSFT
[2024-04-02 17:43:49,522] {task_command.py:370} INFO - Running <TaskInstance: get_stocks_dag.MSFT scheduled__2024-01-31T00:00:00+00:00 [running]> on host alexmend-virtual-machine
[2024-04-02 17:43:49,799] {taskinstance.py:1569} INFO - Exporting the following env vars:
AIRFLOW_CTX_DAG_OWNER=airflow
AIRFLOW_CTX_DAG_ID=get_stocks_dag
AIRFLOW_CTX_TASK_ID=MSFT
AIRFLOW_CTX_EXECUTION_DATE=2024-01-31T00:00:00+00:00
AIRFLOW_CTX_TRY_NUMBER=1
AIRFLOW_CTX_DAG_RUN_ID=scheduled__2024-01-31T00:00:00+00:00
[2024-04-02 17:43:50,557] {python.py:173} INFO - Done. Returned value was: None
[2024-04-02 17:43:50,595] {taskinstance.py:1395} INFO - Marking task as SUCCESS. dag_id=get_stocks_dag, task_id=MSFT, execution_date=20240131T000000, start_date=20240402T204349, end_date=20240402T204350
[2024-04-02 17:43:50,677] {local_task_job.py:156} INFO - Task exited with return code 0
[2024-04-02 17:43:50,760] {local_task_job.py:273} INFO - 0 downstream tasks scheduled from follow-on schedule check
