[2024-04-02 13:06:57,626] {taskinstance.py:1159} INFO - Dependencies all met for <TaskInstance: get_stocks_dag.AAPL scheduled__2024-02-21T00:00:00+00:00 [queued]>
[2024-04-02 13:06:57,635] {taskinstance.py:1159} INFO - Dependencies all met for <TaskInstance: get_stocks_dag.AAPL scheduled__2024-02-21T00:00:00+00:00 [queued]>
[2024-04-02 13:06:57,635] {taskinstance.py:1356} INFO - 
--------------------------------------------------------------------------------
[2024-04-02 13:06:57,635] {taskinstance.py:1357} INFO - Starting attempt 1 of 1
[2024-04-02 13:06:57,635] {taskinstance.py:1358} INFO - 
--------------------------------------------------------------------------------
[2024-04-02 13:06:57,653] {taskinstance.py:1377} INFO - Executing <Task(_PythonDecoratedOperator): AAPL> on 2024-02-21 00:00:00+00:00
[2024-04-02 13:06:57,659] {standard_task_runner.py:52} INFO - Started process 11314 to run task
[2024-04-02 13:06:57,667] {standard_task_runner.py:79} INFO - Running: ['airflow', 'tasks', 'run', 'get_stocks_dag', 'AAPL', 'scheduled__2024-02-21T00:00:00+00:00', '--job-id', '151', '--raw', '--subdir', 'DAGS_FOLDER/get_stocks.py', '--cfg-path', '/tmp/tmp8idsnge7', '--error-file', '/tmp/tmpgn2oa0tt']
[2024-04-02 13:06:57,670] {standard_task_runner.py:80} INFO - Job 151: Subtask AAPL
[2024-04-02 13:06:57,767] {task_command.py:370} INFO - Running <TaskInstance: get_stocks_dag.AAPL scheduled__2024-02-21T00:00:00+00:00 [running]> on host alexmend-virtual-machine
[2024-04-02 13:06:57,850] {taskinstance.py:1569} INFO - Exporting the following env vars:
AIRFLOW_CTX_DAG_OWNER=airflow
AIRFLOW_CTX_DAG_ID=get_stocks_dag
AIRFLOW_CTX_TASK_ID=AAPL
AIRFLOW_CTX_EXECUTION_DATE=2024-02-21T00:00:00+00:00
AIRFLOW_CTX_TRY_NUMBER=1
AIRFLOW_CTX_DAG_RUN_ID=scheduled__2024-02-21T00:00:00+00:00
[2024-04-02 13:06:58,588] {python.py:173} INFO - Done. Returned value was: None
[2024-04-02 13:06:58,598] {taskinstance.py:1395} INFO - Marking task as SUCCESS. dag_id=get_stocks_dag, task_id=AAPL, execution_date=20240221T000000, start_date=20240402T160657, end_date=20240402T160658
[2024-04-02 13:06:58,655] {local_task_job.py:156} INFO - Task exited with return code 0
[2024-04-02 13:06:58,678] {local_task_job.py:273} INFO - 0 downstream tasks scheduled from follow-on schedule check
[2024-04-02 17:18:55,560] {taskinstance.py:1159} INFO - Dependencies all met for <TaskInstance: get_stocks_dag.AAPL scheduled__2024-02-21T00:00:00+00:00 [queued]>
[2024-04-02 17:18:55,752] {taskinstance.py:1159} INFO - Dependencies all met for <TaskInstance: get_stocks_dag.AAPL scheduled__2024-02-21T00:00:00+00:00 [queued]>
[2024-04-02 17:18:55,753] {taskinstance.py:1356} INFO - 
--------------------------------------------------------------------------------
[2024-04-02 17:18:55,756] {taskinstance.py:1357} INFO - Starting attempt 1 of 1
[2024-04-02 17:18:55,764] {taskinstance.py:1358} INFO - 
--------------------------------------------------------------------------------
[2024-04-02 17:18:56,016] {taskinstance.py:1377} INFO - Executing <Task(_PythonDecoratedOperator): AAPL> on 2024-02-21 00:00:00+00:00
[2024-04-02 17:18:56,112] {standard_task_runner.py:79} INFO - Running: ['airflow', 'tasks', 'run', 'get_stocks_dag', 'AAPL', 'scheduled__2024-02-21T00:00:00+00:00', '--job-id', '138', '--raw', '--subdir', 'DAGS_FOLDER/get_stocks.py', '--cfg-path', '/tmp/tmpvv8lthq9', '--error-file', '/tmp/tmpa9pr_tfc']
[2024-04-02 17:18:56,127] {standard_task_runner.py:80} INFO - Job 138: Subtask AAPL
[2024-04-02 17:18:56,088] {standard_task_runner.py:52} INFO - Started process 7263 to run task
[2024-04-02 17:18:56,673] {task_command.py:370} INFO - Running <TaskInstance: get_stocks_dag.AAPL scheduled__2024-02-21T00:00:00+00:00 [running]> on host alexmend-virtual-machine
[2024-04-02 17:18:57,453] {taskinstance.py:1569} INFO - Exporting the following env vars:
AIRFLOW_CTX_DAG_OWNER=airflow
AIRFLOW_CTX_DAG_ID=get_stocks_dag
AIRFLOW_CTX_TASK_ID=AAPL
AIRFLOW_CTX_EXECUTION_DATE=2024-02-21T00:00:00+00:00
AIRFLOW_CTX_TRY_NUMBER=1
AIRFLOW_CTX_DAG_RUN_ID=scheduled__2024-02-21T00:00:00+00:00
[2024-04-02 17:18:58,521] {python.py:173} INFO - Done. Returned value was: None
[2024-04-02 17:18:58,579] {taskinstance.py:1395} INFO - Marking task as SUCCESS. dag_id=get_stocks_dag, task_id=AAPL, execution_date=20240221T000000, start_date=20240402T201855, end_date=20240402T201858
[2024-04-02 17:18:58,649] {local_task_job.py:156} INFO - Task exited with return code 0
[2024-04-02 17:18:58,962] {local_task_job.py:273} INFO - 0 downstream tasks scheduled from follow-on schedule check
[2024-04-02 17:45:17,242] {taskinstance.py:1159} INFO - Dependencies all met for <TaskInstance: get_stocks_dag.AAPL scheduled__2024-02-21T00:00:00+00:00 [queued]>
[2024-04-02 17:45:17,258] {taskinstance.py:1159} INFO - Dependencies all met for <TaskInstance: get_stocks_dag.AAPL scheduled__2024-02-21T00:00:00+00:00 [queued]>
[2024-04-02 17:45:17,258] {taskinstance.py:1356} INFO - 
--------------------------------------------------------------------------------
[2024-04-02 17:45:17,258] {taskinstance.py:1357} INFO - Starting attempt 1 of 1
[2024-04-02 17:45:17,258] {taskinstance.py:1358} INFO - 
--------------------------------------------------------------------------------
[2024-04-02 17:45:17,272] {taskinstance.py:1377} INFO - Executing <Task(_PythonDecoratedOperator): AAPL> on 2024-02-21 00:00:00+00:00
[2024-04-02 17:45:17,278] {standard_task_runner.py:52} INFO - Started process 22107 to run task
[2024-04-02 17:45:17,286] {standard_task_runner.py:79} INFO - Running: ['airflow', 'tasks', 'run', 'get_stocks_dag', 'AAPL', 'scheduled__2024-02-21T00:00:00+00:00', '--job-id', '398', '--raw', '--subdir', 'DAGS_FOLDER/get_stocks.py', '--cfg-path', '/tmp/tmpbjadr4o5', '--error-file', '/tmp/tmphmpl6kgi']
[2024-04-02 17:45:17,287] {standard_task_runner.py:80} INFO - Job 398: Subtask AAPL
[2024-04-02 17:45:17,384] {task_command.py:370} INFO - Running <TaskInstance: get_stocks_dag.AAPL scheduled__2024-02-21T00:00:00+00:00 [running]> on host alexmend-virtual-machine
[2024-04-02 17:45:17,513] {taskinstance.py:1569} INFO - Exporting the following env vars:
AIRFLOW_CTX_DAG_OWNER=airflow
AIRFLOW_CTX_DAG_ID=get_stocks_dag
AIRFLOW_CTX_TASK_ID=AAPL
AIRFLOW_CTX_EXECUTION_DATE=2024-02-21T00:00:00+00:00
AIRFLOW_CTX_TRY_NUMBER=1
AIRFLOW_CTX_DAG_RUN_ID=scheduled__2024-02-21T00:00:00+00:00
[2024-04-02 17:45:18,248] {python.py:173} INFO - Done. Returned value was: None
[2024-04-02 17:45:18,275] {taskinstance.py:1395} INFO - Marking task as SUCCESS. dag_id=get_stocks_dag, task_id=AAPL, execution_date=20240221T000000, start_date=20240402T204517, end_date=20240402T204518
[2024-04-02 17:45:18,343] {local_task_job.py:156} INFO - Task exited with return code 0
[2024-04-02 17:45:18,411] {local_task_job.py:273} INFO - 0 downstream tasks scheduled from follow-on schedule check
