[2024-04-02 21:50:39,158] {taskinstance.py:1159} INFO - Dependencies all met for <TaskInstance: get_crypto_dag.DOGE scheduled__2024-03-08T00:00:00+00:00 [queued]>
[2024-04-02 21:50:39,173] {taskinstance.py:1159} INFO - Dependencies all met for <TaskInstance: get_crypto_dag.DOGE scheduled__2024-03-08T00:00:00+00:00 [queued]>
[2024-04-02 21:50:39,173] {taskinstance.py:1356} INFO - 
--------------------------------------------------------------------------------
[2024-04-02 21:50:39,173] {taskinstance.py:1357} INFO - Starting attempt 1 of 1
[2024-04-02 21:50:39,174] {taskinstance.py:1358} INFO - 
--------------------------------------------------------------------------------
[2024-04-02 21:50:39,198] {taskinstance.py:1377} INFO - Executing <Task(_PythonDecoratedOperator): DOGE> on 2024-03-08 00:00:00+00:00
[2024-04-02 21:50:39,210] {standard_task_runner.py:52} INFO - Started process 51378 to run task
[2024-04-02 21:50:39,219] {standard_task_runner.py:79} INFO - Running: ['airflow', 'tasks', 'run', 'get_crypto_dag', 'DOGE', 'scheduled__2024-03-08T00:00:00+00:00', '--job-id', '817', '--raw', '--subdir', 'DAGS_FOLDER/get_crypto.py', '--cfg-path', '/tmp/tmpmykxph0a', '--error-file', '/tmp/tmp1pofcbu8']
[2024-04-02 21:50:39,221] {standard_task_runner.py:80} INFO - Job 817: Subtask DOGE
[2024-04-02 21:50:39,501] {task_command.py:370} INFO - Running <TaskInstance: get_crypto_dag.DOGE scheduled__2024-03-08T00:00:00+00:00 [running]> on host alexmend-virtual-machine
[2024-04-02 21:50:39,732] {taskinstance.py:1569} INFO - Exporting the following env vars:
AIRFLOW_CTX_DAG_OWNER=airflow
AIRFLOW_CTX_DAG_ID=get_crypto_dag
AIRFLOW_CTX_TASK_ID=DOGE
AIRFLOW_CTX_EXECUTION_DATE=2024-03-08T00:00:00+00:00
AIRFLOW_CTX_TRY_NUMBER=1
AIRFLOW_CTX_DAG_RUN_ID=scheduled__2024-03-08T00:00:00+00:00
[2024-04-02 21:50:43,270] {history.py:90} ERROR - DOGE: No timezone found, symbol may be delisted
[2024-04-02 21:50:53,293] {python.py:173} INFO - Done. Returned value was: None
[2024-04-02 21:50:53,371] {taskinstance.py:1395} INFO - Marking task as SUCCESS. dag_id=get_crypto_dag, task_id=DOGE, execution_date=20240308T000000, start_date=20240403T005039, end_date=20240403T005053
[2024-04-02 21:50:53,422] {local_task_job.py:156} INFO - Task exited with return code 0
[2024-04-02 21:50:53,532] {local_task_job.py:273} INFO - 0 downstream tasks scheduled from follow-on schedule check
[2024-04-02 22:58:57,399] {taskinstance.py:1159} INFO - Dependencies all met for <TaskInstance: get_crypto_dag.DOGE scheduled__2024-03-08T00:00:00+00:00 [queued]>
[2024-04-02 22:58:57,416] {taskinstance.py:1159} INFO - Dependencies all met for <TaskInstance: get_crypto_dag.DOGE scheduled__2024-03-08T00:00:00+00:00 [queued]>
[2024-04-02 22:58:57,416] {taskinstance.py:1356} INFO - 
--------------------------------------------------------------------------------
[2024-04-02 22:58:57,417] {taskinstance.py:1357} INFO - Starting attempt 1 of 1
[2024-04-02 22:58:57,417] {taskinstance.py:1358} INFO - 
--------------------------------------------------------------------------------
[2024-04-02 22:58:57,449] {taskinstance.py:1377} INFO - Executing <Task(_PythonDecoratedOperator): DOGE> on 2024-03-08 00:00:00+00:00
[2024-04-02 22:58:57,459] {standard_task_runner.py:52} INFO - Started process 75121 to run task
[2024-04-02 22:58:57,471] {standard_task_runner.py:79} INFO - Running: ['airflow', 'tasks', 'run', 'get_crypto_dag', 'DOGE', 'scheduled__2024-03-08T00:00:00+00:00', '--job-id', '1050', '--raw', '--subdir', 'DAGS_FOLDER/get_crypto.py', '--cfg-path', '/tmp/tmpnomdal1f', '--error-file', '/tmp/tmplaazfru2']
[2024-04-02 22:58:57,479] {standard_task_runner.py:80} INFO - Job 1050: Subtask DOGE
[2024-04-02 22:58:57,634] {task_command.py:370} INFO - Running <TaskInstance: get_crypto_dag.DOGE scheduled__2024-03-08T00:00:00+00:00 [running]> on host alexmend-virtual-machine
[2024-04-02 22:58:57,873] {taskinstance.py:1569} INFO - Exporting the following env vars:
AIRFLOW_CTX_DAG_OWNER=airflow
AIRFLOW_CTX_DAG_ID=get_crypto_dag
AIRFLOW_CTX_TASK_ID=DOGE
AIRFLOW_CTX_EXECUTION_DATE=2024-03-08T00:00:00+00:00
AIRFLOW_CTX_TRY_NUMBER=1
AIRFLOW_CTX_DAG_RUN_ID=scheduled__2024-03-08T00:00:00+00:00
[2024-04-02 22:59:01,274] {history.py:90} ERROR - DOGE: No timezone found, symbol may be delisted
[2024-04-02 22:59:11,295] {python.py:173} INFO - Done. Returned value was: None
[2024-04-02 22:59:11,337] {taskinstance.py:1395} INFO - Marking task as SUCCESS. dag_id=get_crypto_dag, task_id=DOGE, execution_date=20240308T000000, start_date=20240403T015857, end_date=20240403T015911
[2024-04-02 22:59:11,423] {local_task_job.py:156} INFO - Task exited with return code 0
[2024-04-02 22:59:11,560] {local_task_job.py:273} INFO - 0 downstream tasks scheduled from follow-on schedule check
