[2024-04-02 12:59:26,369] {taskinstance.py:1159} INFO - Dependencies all met for <TaskInstance: get_stocks_dag.AAPL scheduled__2024-01-13T00:00:00+00:00 [queued]>
[2024-04-02 12:59:26,381] {taskinstance.py:1159} INFO - Dependencies all met for <TaskInstance: get_stocks_dag.AAPL scheduled__2024-01-13T00:00:00+00:00 [queued]>
[2024-04-02 12:59:26,381] {taskinstance.py:1356} INFO - 
--------------------------------------------------------------------------------
[2024-04-02 12:59:26,381] {taskinstance.py:1357} INFO - Starting attempt 1 of 1
[2024-04-02 12:59:26,381] {taskinstance.py:1358} INFO - 
--------------------------------------------------------------------------------
[2024-04-02 12:59:26,406] {taskinstance.py:1377} INFO - Executing <Task(_PythonDecoratedOperator): AAPL> on 2024-01-13 00:00:00+00:00
[2024-04-02 12:59:26,413] {standard_task_runner.py:52} INFO - Started process 8668 to run task
[2024-04-02 12:59:26,418] {standard_task_runner.py:79} INFO - Running: ['airflow', 'tasks', 'run', 'get_stocks_dag', 'AAPL', 'scheduled__2024-01-13T00:00:00+00:00', '--job-id', '43', '--raw', '--subdir', 'DAGS_FOLDER/get_stocks.py', '--cfg-path', '/tmp/tmpk9__cgzd', '--error-file', '/tmp/tmp3lmtiec8']
[2024-04-02 12:59:26,419] {standard_task_runner.py:80} INFO - Job 43: Subtask AAPL
[2024-04-02 12:59:26,475] {task_command.py:370} INFO - Running <TaskInstance: get_stocks_dag.AAPL scheduled__2024-01-13T00:00:00+00:00 [running]> on host alexmend-virtual-machine
[2024-04-02 12:59:26,540] {taskinstance.py:1569} INFO - Exporting the following env vars:
AIRFLOW_CTX_DAG_OWNER=airflow
AIRFLOW_CTX_DAG_ID=get_stocks_dag
AIRFLOW_CTX_TASK_ID=AAPL
AIRFLOW_CTX_EXECUTION_DATE=2024-01-13T00:00:00+00:00
AIRFLOW_CTX_TRY_NUMBER=1
AIRFLOW_CTX_DAG_RUN_ID=scheduled__2024-01-13T00:00:00+00:00
[2024-04-02 12:59:27,267] {python.py:173} INFO - Done. Returned value was: None
[2024-04-02 12:59:27,274] {taskinstance.py:1395} INFO - Marking task as SUCCESS. dag_id=get_stocks_dag, task_id=AAPL, execution_date=20240113T000000, start_date=20240402T155926, end_date=20240402T155927
[2024-04-02 12:59:27,320] {local_task_job.py:156} INFO - Task exited with return code 0
[2024-04-02 12:59:27,344] {local_task_job.py:273} INFO - 0 downstream tasks scheduled from follow-on schedule check
[2024-04-02 17:17:00,693] {taskinstance.py:1159} INFO - Dependencies all met for <TaskInstance: get_stocks_dag.AAPL scheduled__2024-01-13T00:00:00+00:00 [queued]>
[2024-04-02 17:17:00,768] {taskinstance.py:1159} INFO - Dependencies all met for <TaskInstance: get_stocks_dag.AAPL scheduled__2024-01-13T00:00:00+00:00 [queued]>
[2024-04-02 17:17:00,768] {taskinstance.py:1356} INFO - 
--------------------------------------------------------------------------------
[2024-04-02 17:17:00,768] {taskinstance.py:1357} INFO - Starting attempt 1 of 1
[2024-04-02 17:17:00,769] {taskinstance.py:1358} INFO - 
--------------------------------------------------------------------------------
[2024-04-02 17:17:01,372] {taskinstance.py:1377} INFO - Executing <Task(_PythonDecoratedOperator): AAPL> on 2024-01-13 00:00:00+00:00
[2024-04-02 17:17:01,681] {standard_task_runner.py:79} INFO - Running: ['airflow', 'tasks', 'run', 'get_stocks_dag', 'AAPL', 'scheduled__2024-01-13T00:00:00+00:00', '--job-id', '21', '--raw', '--subdir', 'DAGS_FOLDER/get_stocks.py', '--cfg-path', '/tmp/tmp_y1zy8tm', '--error-file', '/tmp/tmpvcrb_0kz']
[2024-04-02 17:17:01,716] {standard_task_runner.py:52} INFO - Started process 4319 to run task
[2024-04-02 17:17:01,740] {standard_task_runner.py:80} INFO - Job 21: Subtask AAPL
[2024-04-02 17:17:03,939] {task_command.py:370} INFO - Running <TaskInstance: get_stocks_dag.AAPL scheduled__2024-01-13T00:00:00+00:00 [running]> on host alexmend-virtual-machine
[2024-04-02 17:17:07,242] {taskinstance.py:1569} INFO - Exporting the following env vars:
AIRFLOW_CTX_DAG_OWNER=airflow
AIRFLOW_CTX_DAG_ID=get_stocks_dag
AIRFLOW_CTX_TASK_ID=AAPL
AIRFLOW_CTX_EXECUTION_DATE=2024-01-13T00:00:00+00:00
AIRFLOW_CTX_TRY_NUMBER=1
AIRFLOW_CTX_DAG_RUN_ID=scheduled__2024-01-13T00:00:00+00:00
[2024-04-02 17:17:17,184] {python.py:173} INFO - Done. Returned value was: None
[2024-04-02 17:17:17,545] {taskinstance.py:1395} INFO - Marking task as SUCCESS. dag_id=get_stocks_dag, task_id=AAPL, execution_date=20240113T000000, start_date=20240402T201700, end_date=20240402T201717
[2024-04-02 17:17:17,581] {local_task_job.py:156} INFO - Task exited with return code 0
[2024-04-02 17:17:17,935] {local_task_job.py:273} INFO - 0 downstream tasks scheduled from follow-on schedule check
[2024-04-02 17:42:39,853] {taskinstance.py:1159} INFO - Dependencies all met for <TaskInstance: get_stocks_dag.AAPL scheduled__2024-01-13T00:00:00+00:00 [queued]>
[2024-04-02 17:42:39,869] {taskinstance.py:1159} INFO - Dependencies all met for <TaskInstance: get_stocks_dag.AAPL scheduled__2024-01-13T00:00:00+00:00 [queued]>
[2024-04-02 17:42:39,869] {taskinstance.py:1356} INFO - 
--------------------------------------------------------------------------------
[2024-04-02 17:42:39,870] {taskinstance.py:1357} INFO - Starting attempt 1 of 1
[2024-04-02 17:42:39,870] {taskinstance.py:1358} INFO - 
--------------------------------------------------------------------------------
[2024-04-02 17:42:39,890] {taskinstance.py:1377} INFO - Executing <Task(_PythonDecoratedOperator): AAPL> on 2024-01-13 00:00:00+00:00
[2024-04-02 17:42:39,896] {standard_task_runner.py:52} INFO - Started process 18934 to run task
[2024-04-02 17:42:39,904] {standard_task_runner.py:79} INFO - Running: ['airflow', 'tasks', 'run', 'get_stocks_dag', 'AAPL', 'scheduled__2024-01-13T00:00:00+00:00', '--job-id', '287', '--raw', '--subdir', 'DAGS_FOLDER/get_stocks.py', '--cfg-path', '/tmp/tmpm00ckpro', '--error-file', '/tmp/tmpd0tw5q13']
[2024-04-02 17:42:39,906] {standard_task_runner.py:80} INFO - Job 287: Subtask AAPL
[2024-04-02 17:42:40,038] {task_command.py:370} INFO - Running <TaskInstance: get_stocks_dag.AAPL scheduled__2024-01-13T00:00:00+00:00 [running]> on host alexmend-virtual-machine
[2024-04-02 17:42:40,190] {taskinstance.py:1569} INFO - Exporting the following env vars:
AIRFLOW_CTX_DAG_OWNER=airflow
AIRFLOW_CTX_DAG_ID=get_stocks_dag
AIRFLOW_CTX_TASK_ID=AAPL
AIRFLOW_CTX_EXECUTION_DATE=2024-01-13T00:00:00+00:00
AIRFLOW_CTX_TRY_NUMBER=1
AIRFLOW_CTX_DAG_RUN_ID=scheduled__2024-01-13T00:00:00+00:00
[2024-04-02 17:42:40,791] {python.py:173} INFO - Done. Returned value was: None
[2024-04-02 17:42:40,812] {taskinstance.py:1395} INFO - Marking task as SUCCESS. dag_id=get_stocks_dag, task_id=AAPL, execution_date=20240113T000000, start_date=20240402T204239, end_date=20240402T204240
[2024-04-02 17:42:40,844] {local_task_job.py:156} INFO - Task exited with return code 0
[2024-04-02 17:42:40,903] {local_task_job.py:273} INFO - 0 downstream tasks scheduled from follow-on schedule check
