[2024-04-02 12:57:05,330] {taskinstance.py:1159} INFO - Dependencies all met for <TaskInstance: get_stocks_dag.AAPL scheduled__2024-01-05T00:00:00+00:00 [queued]>
[2024-04-02 12:57:05,342] {taskinstance.py:1159} INFO - Dependencies all met for <TaskInstance: get_stocks_dag.AAPL scheduled__2024-01-05T00:00:00+00:00 [queued]>
[2024-04-02 12:57:05,344] {taskinstance.py:1356} INFO - 
--------------------------------------------------------------------------------
[2024-04-02 12:57:05,345] {taskinstance.py:1357} INFO - Starting attempt 1 of 1
[2024-04-02 12:57:05,345] {taskinstance.py:1358} INFO - 
--------------------------------------------------------------------------------
[2024-04-02 12:57:05,385] {taskinstance.py:1377} INFO - Executing <Task(_PythonDecoratedOperator): AAPL> on 2024-01-05 00:00:00+00:00
[2024-04-02 12:57:05,391] {standard_task_runner.py:52} INFO - Started process 8058 to run task
[2024-04-02 12:57:05,398] {standard_task_runner.py:79} INFO - Running: ['airflow', 'tasks', 'run', 'get_stocks_dag', 'AAPL', 'scheduled__2024-01-05T00:00:00+00:00', '--job-id', '19', '--raw', '--subdir', 'DAGS_FOLDER/get_stocks.py', '--cfg-path', '/tmp/tmpnpplmcz5', '--error-file', '/tmp/tmptsdg4zwl']
[2024-04-02 12:57:05,400] {standard_task_runner.py:80} INFO - Job 19: Subtask AAPL
[2024-04-02 12:57:05,484] {task_command.py:370} INFO - Running <TaskInstance: get_stocks_dag.AAPL scheduled__2024-01-05T00:00:00+00:00 [running]> on host alexmend-virtual-machine
[2024-04-02 12:57:05,638] {taskinstance.py:1569} INFO - Exporting the following env vars:
AIRFLOW_CTX_DAG_OWNER=airflow
AIRFLOW_CTX_DAG_ID=get_stocks_dag
AIRFLOW_CTX_TASK_ID=AAPL
AIRFLOW_CTX_EXECUTION_DATE=2024-01-05T00:00:00+00:00
AIRFLOW_CTX_TRY_NUMBER=1
AIRFLOW_CTX_DAG_RUN_ID=scheduled__2024-01-05T00:00:00+00:00
[2024-04-02 12:57:06,415] {python.py:173} INFO - Done. Returned value was: None
[2024-04-02 12:57:06,429] {taskinstance.py:1395} INFO - Marking task as SUCCESS. dag_id=get_stocks_dag, task_id=AAPL, execution_date=20240105T000000, start_date=20240402T155705, end_date=20240402T155706
[2024-04-02 12:57:06,459] {local_task_job.py:156} INFO - Task exited with return code 0
[2024-04-02 12:57:06,483] {local_task_job.py:273} INFO - 0 downstream tasks scheduled from follow-on schedule check
[2024-04-02 17:41:51,176] {taskinstance.py:1159} INFO - Dependencies all met for <TaskInstance: get_stocks_dag.AAPL scheduled__2024-01-05T00:00:00+00:00 [queued]>
[2024-04-02 17:41:51,201] {taskinstance.py:1159} INFO - Dependencies all met for <TaskInstance: get_stocks_dag.AAPL scheduled__2024-01-05T00:00:00+00:00 [queued]>
[2024-04-02 17:41:51,201] {taskinstance.py:1356} INFO - 
--------------------------------------------------------------------------------
[2024-04-02 17:41:51,201] {taskinstance.py:1357} INFO - Starting attempt 1 of 1
[2024-04-02 17:41:51,201] {taskinstance.py:1358} INFO - 
--------------------------------------------------------------------------------
[2024-04-02 17:41:51,232] {taskinstance.py:1377} INFO - Executing <Task(_PythonDecoratedOperator): AAPL> on 2024-01-05 00:00:00+00:00
[2024-04-02 17:41:51,239] {standard_task_runner.py:52} INFO - Started process 18072 to run task
[2024-04-02 17:41:51,250] {standard_task_runner.py:79} INFO - Running: ['airflow', 'tasks', 'run', 'get_stocks_dag', 'AAPL', 'scheduled__2024-01-05T00:00:00+00:00', '--job-id', '263', '--raw', '--subdir', 'DAGS_FOLDER/get_stocks.py', '--cfg-path', '/tmp/tmp16cw__5k', '--error-file', '/tmp/tmpuabwpvmx']
[2024-04-02 17:41:51,252] {standard_task_runner.py:80} INFO - Job 263: Subtask AAPL
[2024-04-02 17:41:51,421] {task_command.py:370} INFO - Running <TaskInstance: get_stocks_dag.AAPL scheduled__2024-01-05T00:00:00+00:00 [running]> on host alexmend-virtual-machine
[2024-04-02 17:41:51,594] {taskinstance.py:1569} INFO - Exporting the following env vars:
AIRFLOW_CTX_DAG_OWNER=airflow
AIRFLOW_CTX_DAG_ID=get_stocks_dag
AIRFLOW_CTX_TASK_ID=AAPL
AIRFLOW_CTX_EXECUTION_DATE=2024-01-05T00:00:00+00:00
AIRFLOW_CTX_TRY_NUMBER=1
AIRFLOW_CTX_DAG_RUN_ID=scheduled__2024-01-05T00:00:00+00:00
[2024-04-02 17:41:52,383] {python.py:173} INFO - Done. Returned value was: None
[2024-04-02 17:41:52,418] {taskinstance.py:1395} INFO - Marking task as SUCCESS. dag_id=get_stocks_dag, task_id=AAPL, execution_date=20240105T000000, start_date=20240402T204151, end_date=20240402T204152
[2024-04-02 17:41:52,483] {local_task_job.py:156} INFO - Task exited with return code 0
[2024-04-02 17:41:52,563] {local_task_job.py:273} INFO - 0 downstream tasks scheduled from follow-on schedule check
