[2024-04-02 22:04:51,885] {taskinstance.py:1159} INFO - Dependencies all met for <TaskInstance: get_crypto_dag.ETH scheduled__2024-04-01T00:00:00+00:00 [queued]>
[2024-04-02 22:04:51,897] {taskinstance.py:1159} INFO - Dependencies all met for <TaskInstance: get_crypto_dag.ETH scheduled__2024-04-01T00:00:00+00:00 [queued]>
[2024-04-02 22:04:51,897] {taskinstance.py:1356} INFO - 
--------------------------------------------------------------------------------
[2024-04-02 22:04:51,897] {taskinstance.py:1357} INFO - Starting attempt 1 of 1
[2024-04-02 22:04:51,898] {taskinstance.py:1358} INFO - 
--------------------------------------------------------------------------------
[2024-04-02 22:04:51,916] {taskinstance.py:1377} INFO - Executing <Task(_PythonDecoratedOperator): ETH> on 2024-04-01 00:00:00+00:00
[2024-04-02 22:04:51,925] {standard_task_runner.py:52} INFO - Started process 60708 to run task
[2024-04-02 22:04:51,933] {standard_task_runner.py:79} INFO - Running: ['airflow', 'tasks', 'run', 'get_crypto_dag', 'ETH', 'scheduled__2024-04-01T00:00:00+00:00', '--job-id', '962', '--raw', '--subdir', 'DAGS_FOLDER/get_crypto.py', '--cfg-path', '/tmp/tmpwvema0dy', '--error-file', '/tmp/tmpfiq8hrz2']
[2024-04-02 22:04:51,935] {standard_task_runner.py:80} INFO - Job 962: Subtask ETH
[2024-04-02 22:04:52,054] {task_command.py:370} INFO - Running <TaskInstance: get_crypto_dag.ETH scheduled__2024-04-01T00:00:00+00:00 [running]> on host alexmend-virtual-machine
[2024-04-02 22:04:52,265] {taskinstance.py:1569} INFO - Exporting the following env vars:
AIRFLOW_CTX_DAG_OWNER=airflow
AIRFLOW_CTX_DAG_ID=get_crypto_dag
AIRFLOW_CTX_TASK_ID=ETH
AIRFLOW_CTX_EXECUTION_DATE=2024-04-01T00:00:00+00:00
AIRFLOW_CTX_TRY_NUMBER=1
AIRFLOW_CTX_DAG_RUN_ID=scheduled__2024-04-01T00:00:00+00:00
[2024-04-02 22:04:56,181] {history.py:90} ERROR - ETH: No timezone found, symbol may be delisted
[2024-04-02 22:05:06,193] {python.py:173} INFO - Done. Returned value was: None
[2024-04-02 22:05:06,220] {taskinstance.py:1395} INFO - Marking task as SUCCESS. dag_id=get_crypto_dag, task_id=ETH, execution_date=20240401T000000, start_date=20240403T010451, end_date=20240403T010506
[2024-04-02 22:05:06,273] {local_task_job.py:156} INFO - Task exited with return code 0
[2024-04-02 22:05:06,323] {local_task_job.py:273} INFO - 0 downstream tasks scheduled from follow-on schedule check
[2024-04-02 23:20:58,674] {taskinstance.py:1159} INFO - Dependencies all met for <TaskInstance: get_crypto_dag.ETH scheduled__2024-04-01T00:00:00+00:00 [queued]>
[2024-04-02 23:20:58,705] {taskinstance.py:1159} INFO - Dependencies all met for <TaskInstance: get_crypto_dag.ETH scheduled__2024-04-01T00:00:00+00:00 [queued]>
[2024-04-02 23:20:58,708] {taskinstance.py:1356} INFO - 
--------------------------------------------------------------------------------
[2024-04-02 23:20:58,709] {taskinstance.py:1357} INFO - Starting attempt 1 of 1
[2024-04-02 23:20:58,710] {taskinstance.py:1358} INFO - 
--------------------------------------------------------------------------------
[2024-04-02 23:20:58,743] {taskinstance.py:1377} INFO - Executing <Task(_PythonDecoratedOperator): ETH> on 2024-04-01 00:00:00+00:00
[2024-04-02 23:20:58,754] {standard_task_runner.py:52} INFO - Started process 87419 to run task
[2024-04-02 23:20:58,778] {standard_task_runner.py:79} INFO - Running: ['airflow', 'tasks', 'run', 'get_crypto_dag', 'ETH', 'scheduled__2024-04-01T00:00:00+00:00', '--job-id', '1211', '--raw', '--subdir', 'DAGS_FOLDER/get_crypto.py', '--cfg-path', '/tmp/tmpeakcgm2h', '--error-file', '/tmp/tmprle2benn']
[2024-04-02 23:20:58,780] {standard_task_runner.py:80} INFO - Job 1211: Subtask ETH
[2024-04-02 23:20:58,952] {task_command.py:370} INFO - Running <TaskInstance: get_crypto_dag.ETH scheduled__2024-04-01T00:00:00+00:00 [running]> on host alexmend-virtual-machine
[2024-04-02 23:20:59,109] {taskinstance.py:1569} INFO - Exporting the following env vars:
AIRFLOW_CTX_DAG_OWNER=airflow
AIRFLOW_CTX_DAG_ID=get_crypto_dag
AIRFLOW_CTX_TASK_ID=ETH
AIRFLOW_CTX_EXECUTION_DATE=2024-04-01T00:00:00+00:00
AIRFLOW_CTX_TRY_NUMBER=1
AIRFLOW_CTX_DAG_RUN_ID=scheduled__2024-04-01T00:00:00+00:00
[2024-04-02 23:21:02,566] {history.py:90} ERROR - ETH: No timezone found, symbol may be delisted
[2024-04-02 23:21:12,595] {python.py:173} INFO - Done. Returned value was: None
[2024-04-02 23:21:12,635] {taskinstance.py:1395} INFO - Marking task as SUCCESS. dag_id=get_crypto_dag, task_id=ETH, execution_date=20240401T000000, start_date=20240403T022058, end_date=20240403T022112
[2024-04-02 23:21:12,726] {local_task_job.py:156} INFO - Task exited with return code 0
[2024-04-02 23:21:12,812] {local_task_job.py:273} INFO - 0 downstream tasks scheduled from follow-on schedule check
