[2024-04-02 13:13:21,033] {taskinstance.py:1159} INFO - Dependencies all met for <TaskInstance: get_stocks_dag.MSFT scheduled__2024-03-26T00:00:00+00:00 [queued]>
[2024-04-02 13:13:21,043] {taskinstance.py:1159} INFO - Dependencies all met for <TaskInstance: get_stocks_dag.MSFT scheduled__2024-03-26T00:00:00+00:00 [queued]>
[2024-04-02 13:13:21,043] {taskinstance.py:1356} INFO - 
--------------------------------------------------------------------------------
[2024-04-02 13:13:21,044] {taskinstance.py:1357} INFO - Starting attempt 1 of 1
[2024-04-02 13:13:21,044] {taskinstance.py:1358} INFO - 
--------------------------------------------------------------------------------
[2024-04-02 13:13:21,068] {taskinstance.py:1377} INFO - Executing <Task(_PythonDecoratedOperator): MSFT> on 2024-03-26 00:00:00+00:00
[2024-04-02 13:13:21,075] {standard_task_runner.py:52} INFO - Started process 13571 to run task
[2024-04-02 13:13:21,081] {standard_task_runner.py:79} INFO - Running: ['airflow', 'tasks', 'run', 'get_stocks_dag', 'MSFT', 'scheduled__2024-03-26T00:00:00+00:00', '--job-id', '248', '--raw', '--subdir', 'DAGS_FOLDER/get_stocks.py', '--cfg-path', '/tmp/tmpzvqii2ck', '--error-file', '/tmp/tmpuza8_hcf']
[2024-04-02 13:13:21,082] {standard_task_runner.py:80} INFO - Job 248: Subtask MSFT
[2024-04-02 13:13:21,145] {task_command.py:370} INFO - Running <TaskInstance: get_stocks_dag.MSFT scheduled__2024-03-26T00:00:00+00:00 [running]> on host alexmend-virtual-machine
[2024-04-02 13:13:21,226] {taskinstance.py:1569} INFO - Exporting the following env vars:
AIRFLOW_CTX_DAG_OWNER=airflow
AIRFLOW_CTX_DAG_ID=get_stocks_dag
AIRFLOW_CTX_TASK_ID=MSFT
AIRFLOW_CTX_EXECUTION_DATE=2024-03-26T00:00:00+00:00
AIRFLOW_CTX_TRY_NUMBER=1
AIRFLOW_CTX_DAG_RUN_ID=scheduled__2024-03-26T00:00:00+00:00
[2024-04-02 13:13:22,133] {python.py:173} INFO - Done. Returned value was: None
[2024-04-02 13:13:22,148] {taskinstance.py:1395} INFO - Marking task as SUCCESS. dag_id=get_stocks_dag, task_id=MSFT, execution_date=20240326T000000, start_date=20240402T161321, end_date=20240402T161322
[2024-04-02 13:13:22,191] {local_task_job.py:156} INFO - Task exited with return code 0
[2024-04-02 13:13:22,218] {local_task_job.py:273} INFO - 0 downstream tasks scheduled from follow-on schedule check
[2024-04-02 17:20:10,366] {taskinstance.py:1159} INFO - Dependencies all met for <TaskInstance: get_stocks_dag.MSFT scheduled__2024-03-26T00:00:00+00:00 [queued]>
[2024-04-02 17:20:10,458] {taskinstance.py:1159} INFO - Dependencies all met for <TaskInstance: get_stocks_dag.MSFT scheduled__2024-03-26T00:00:00+00:00 [queued]>
[2024-04-02 17:20:10,458] {taskinstance.py:1356} INFO - 
--------------------------------------------------------------------------------
[2024-04-02 17:20:10,458] {taskinstance.py:1357} INFO - Starting attempt 1 of 1
[2024-04-02 17:20:10,458] {taskinstance.py:1358} INFO - 
--------------------------------------------------------------------------------
[2024-04-02 17:20:10,712] {taskinstance.py:1377} INFO - Executing <Task(_PythonDecoratedOperator): MSFT> on 2024-03-26 00:00:00+00:00
[2024-04-02 17:20:10,831] {standard_task_runner.py:79} INFO - Running: ['airflow', 'tasks', 'run', 'get_stocks_dag', 'MSFT', 'scheduled__2024-03-26T00:00:00+00:00', '--job-id', '229', '--raw', '--subdir', 'DAGS_FOLDER/get_stocks.py', '--cfg-path', '/tmp/tmpaa2co6ax', '--error-file', '/tmp/tmpc52kyly6']
[2024-04-02 17:20:10,859] {standard_task_runner.py:80} INFO - Job 229: Subtask MSFT
[2024-04-02 17:20:10,817] {standard_task_runner.py:52} INFO - Started process 9471 to run task
[2024-04-02 17:20:11,589] {task_command.py:370} INFO - Running <TaskInstance: get_stocks_dag.MSFT scheduled__2024-03-26T00:00:00+00:00 [running]> on host alexmend-virtual-machine
[2024-04-02 17:20:12,345] {taskinstance.py:1569} INFO - Exporting the following env vars:
AIRFLOW_CTX_DAG_OWNER=airflow
AIRFLOW_CTX_DAG_ID=get_stocks_dag
AIRFLOW_CTX_TASK_ID=MSFT
AIRFLOW_CTX_EXECUTION_DATE=2024-03-26T00:00:00+00:00
AIRFLOW_CTX_TRY_NUMBER=1
AIRFLOW_CTX_DAG_RUN_ID=scheduled__2024-03-26T00:00:00+00:00
[2024-04-02 17:20:13,466] {python.py:173} INFO - Done. Returned value was: None
[2024-04-02 17:20:13,513] {taskinstance.py:1395} INFO - Marking task as SUCCESS. dag_id=get_stocks_dag, task_id=MSFT, execution_date=20240326T000000, start_date=20240402T202010, end_date=20240402T202013
[2024-04-02 17:20:13,586] {local_task_job.py:156} INFO - Task exited with return code 0
[2024-04-02 17:20:13,657] {local_task_job.py:273} INFO - 0 downstream tasks scheduled from follow-on schedule check
[2024-04-02 17:47:53,248] {taskinstance.py:1159} INFO - Dependencies all met for <TaskInstance: get_stocks_dag.MSFT scheduled__2024-03-26T00:00:00+00:00 [queued]>
[2024-04-02 17:47:53,273] {taskinstance.py:1159} INFO - Dependencies all met for <TaskInstance: get_stocks_dag.MSFT scheduled__2024-03-26T00:00:00+00:00 [queued]>
[2024-04-02 17:47:53,273] {taskinstance.py:1356} INFO - 
--------------------------------------------------------------------------------
[2024-04-02 17:47:53,273] {taskinstance.py:1357} INFO - Starting attempt 1 of 1
[2024-04-02 17:47:53,274] {taskinstance.py:1358} INFO - 
--------------------------------------------------------------------------------
[2024-04-02 17:47:53,299] {taskinstance.py:1377} INFO - Executing <Task(_PythonDecoratedOperator): MSFT> on 2024-03-26 00:00:00+00:00
[2024-04-02 17:47:53,307] {standard_task_runner.py:52} INFO - Started process 24961 to run task
[2024-04-02 17:47:53,321] {standard_task_runner.py:79} INFO - Running: ['airflow', 'tasks', 'run', 'get_stocks_dag', 'MSFT', 'scheduled__2024-03-26T00:00:00+00:00', '--job-id', '492', '--raw', '--subdir', 'DAGS_FOLDER/get_stocks.py', '--cfg-path', '/tmp/tmpfqwk49tj', '--error-file', '/tmp/tmp97lsckue']
[2024-04-02 17:47:53,322] {standard_task_runner.py:80} INFO - Job 492: Subtask MSFT
[2024-04-02 17:47:53,525] {task_command.py:370} INFO - Running <TaskInstance: get_stocks_dag.MSFT scheduled__2024-03-26T00:00:00+00:00 [running]> on host alexmend-virtual-machine
[2024-04-02 17:47:53,716] {taskinstance.py:1569} INFO - Exporting the following env vars:
AIRFLOW_CTX_DAG_OWNER=airflow
AIRFLOW_CTX_DAG_ID=get_stocks_dag
AIRFLOW_CTX_TASK_ID=MSFT
AIRFLOW_CTX_EXECUTION_DATE=2024-03-26T00:00:00+00:00
AIRFLOW_CTX_TRY_NUMBER=1
AIRFLOW_CTX_DAG_RUN_ID=scheduled__2024-03-26T00:00:00+00:00
[2024-04-02 17:47:54,415] {python.py:173} INFO - Done. Returned value was: None
[2024-04-02 17:47:54,455] {taskinstance.py:1395} INFO - Marking task as SUCCESS. dag_id=get_stocks_dag, task_id=MSFT, execution_date=20240326T000000, start_date=20240402T204753, end_date=20240402T204754
[2024-04-02 17:47:54,509] {local_task_job.py:156} INFO - Task exited with return code 0
[2024-04-02 17:47:54,631] {local_task_job.py:273} INFO - 0 downstream tasks scheduled from follow-on schedule check
[2024-04-02 19:16:29,145] {taskinstance.py:1159} INFO - Dependencies all met for <TaskInstance: get_stocks_dag.MSFT scheduled__2024-03-26T00:00:00+00:00 [queued]>
[2024-04-02 19:16:29,159] {taskinstance.py:1159} INFO - Dependencies all met for <TaskInstance: get_stocks_dag.MSFT scheduled__2024-03-26T00:00:00+00:00 [queued]>
[2024-04-02 19:16:29,159] {taskinstance.py:1356} INFO - 
--------------------------------------------------------------------------------
[2024-04-02 19:16:29,159] {taskinstance.py:1357} INFO - Starting attempt 1 of 1
[2024-04-02 19:16:29,159] {taskinstance.py:1358} INFO - 
--------------------------------------------------------------------------------
[2024-04-02 19:16:29,177] {taskinstance.py:1377} INFO - Executing <Task(_PythonDecoratedOperator): MSFT> on 2024-03-26 00:00:00+00:00
[2024-04-02 19:16:29,187] {standard_task_runner.py:52} INFO - Started process 16066 to run task
[2024-04-02 19:16:29,196] {standard_task_runner.py:79} INFO - Running: ['airflow', 'tasks', 'run', 'get_stocks_dag', 'MSFT', 'scheduled__2024-03-26T00:00:00+00:00', '--job-id', '593', '--raw', '--subdir', 'DAGS_FOLDER/get_stocks.py', '--cfg-path', '/tmp/tmpg8e5_pjl', '--error-file', '/tmp/tmp92q15st1']
[2024-04-02 19:16:29,199] {standard_task_runner.py:80} INFO - Job 593: Subtask MSFT
[2024-04-02 19:16:29,378] {task_command.py:370} INFO - Running <TaskInstance: get_stocks_dag.MSFT scheduled__2024-03-26T00:00:00+00:00 [running]> on host alexmend-virtual-machine
[2024-04-02 19:16:29,557] {taskinstance.py:1569} INFO - Exporting the following env vars:
AIRFLOW_CTX_DAG_OWNER=airflow
AIRFLOW_CTX_DAG_ID=get_stocks_dag
AIRFLOW_CTX_TASK_ID=MSFT
AIRFLOW_CTX_EXECUTION_DATE=2024-03-26T00:00:00+00:00
AIRFLOW_CTX_TRY_NUMBER=1
AIRFLOW_CTX_DAG_RUN_ID=scheduled__2024-03-26T00:00:00+00:00
[2024-04-02 19:16:30,215] {python.py:173} INFO - Done. Returned value was: None
[2024-04-02 19:16:30,252] {taskinstance.py:1395} INFO - Marking task as SUCCESS. dag_id=get_stocks_dag, task_id=MSFT, execution_date=20240326T000000, start_date=20240402T221629, end_date=20240402T221630
[2024-04-02 19:16:30,308] {local_task_job.py:156} INFO - Task exited with return code 0
[2024-04-02 19:16:30,367] {local_task_job.py:273} INFO - 0 downstream tasks scheduled from follow-on schedule check
[2024-04-02 20:40:37,360] {taskinstance.py:1159} INFO - Dependencies all met for <TaskInstance: get_stocks_dag.MSFT scheduled__2024-03-26T00:00:00+00:00 [queued]>
[2024-04-02 20:40:37,376] {taskinstance.py:1159} INFO - Dependencies all met for <TaskInstance: get_stocks_dag.MSFT scheduled__2024-03-26T00:00:00+00:00 [queued]>
[2024-04-02 20:40:37,377] {taskinstance.py:1356} INFO - 
--------------------------------------------------------------------------------
[2024-04-02 20:40:37,377] {taskinstance.py:1357} INFO - Starting attempt 1 of 1
[2024-04-02 20:40:37,377] {taskinstance.py:1358} INFO - 
--------------------------------------------------------------------------------
[2024-04-02 20:40:37,400] {taskinstance.py:1377} INFO - Executing <Task(_PythonDecoratedOperator): MSFT> on 2024-03-26 00:00:00+00:00
[2024-04-02 20:40:37,419] {standard_task_runner.py:52} INFO - Started process 27612 to run task
[2024-04-02 20:40:37,429] {standard_task_runner.py:79} INFO - Running: ['airflow', 'tasks', 'run', 'get_stocks_dag', 'MSFT', 'scheduled__2024-03-26T00:00:00+00:00', '--job-id', '695', '--raw', '--subdir', 'DAGS_FOLDER/get_stocks.py', '--cfg-path', '/tmp/tmprgy43_vn', '--error-file', '/tmp/tmpi3bh7_2n']
[2024-04-02 20:40:37,432] {standard_task_runner.py:80} INFO - Job 695: Subtask MSFT
[2024-04-02 20:40:37,550] {task_command.py:370} INFO - Running <TaskInstance: get_stocks_dag.MSFT scheduled__2024-03-26T00:00:00+00:00 [running]> on host alexmend-virtual-machine
[2024-04-02 20:40:37,675] {taskinstance.py:1569} INFO - Exporting the following env vars:
AIRFLOW_CTX_DAG_OWNER=airflow
AIRFLOW_CTX_DAG_ID=get_stocks_dag
AIRFLOW_CTX_TASK_ID=MSFT
AIRFLOW_CTX_EXECUTION_DATE=2024-03-26T00:00:00+00:00
AIRFLOW_CTX_TRY_NUMBER=1
AIRFLOW_CTX_DAG_RUN_ID=scheduled__2024-03-26T00:00:00+00:00
[2024-04-02 20:40:38,341] {python.py:173} INFO - Done. Returned value was: None
[2024-04-02 20:40:38,364] {taskinstance.py:1395} INFO - Marking task as SUCCESS. dag_id=get_stocks_dag, task_id=MSFT, execution_date=20240326T000000, start_date=20240402T234037, end_date=20240402T234038
[2024-04-02 20:40:38,411] {local_task_job.py:156} INFO - Task exited with return code 0
[2024-04-02 20:40:38,506] {local_task_job.py:273} INFO - 0 downstream tasks scheduled from follow-on schedule check
[2024-04-02 21:55:39,441] {taskinstance.py:1159} INFO - Dependencies all met for <TaskInstance: get_stocks_dag.MSFT scheduled__2024-03-26T00:00:00+00:00 [queued]>
[2024-04-02 21:55:39,479] {taskinstance.py:1159} INFO - Dependencies all met for <TaskInstance: get_stocks_dag.MSFT scheduled__2024-03-26T00:00:00+00:00 [queued]>
[2024-04-02 21:55:39,479] {taskinstance.py:1356} INFO - 
--------------------------------------------------------------------------------
[2024-04-02 21:55:39,479] {taskinstance.py:1357} INFO - Starting attempt 1 of 1
[2024-04-02 21:55:39,479] {taskinstance.py:1358} INFO - 
--------------------------------------------------------------------------------
[2024-04-02 21:55:39,523] {taskinstance.py:1377} INFO - Executing <Task(_PythonDecoratedOperator): MSFT> on 2024-03-26 00:00:00+00:00
[2024-04-02 21:55:39,536] {standard_task_runner.py:52} INFO - Started process 54449 to run task
[2024-04-02 21:55:39,559] {standard_task_runner.py:79} INFO - Running: ['airflow', 'tasks', 'run', 'get_stocks_dag', 'MSFT', 'scheduled__2024-03-26T00:00:00+00:00', '--job-id', '872', '--raw', '--subdir', 'DAGS_FOLDER/get_stocks.py', '--cfg-path', '/tmp/tmp7e9cgbkv', '--error-file', '/tmp/tmp2ouul9lm']
[2024-04-02 21:55:39,562] {standard_task_runner.py:80} INFO - Job 872: Subtask MSFT
[2024-04-02 21:55:39,736] {task_command.py:370} INFO - Running <TaskInstance: get_stocks_dag.MSFT scheduled__2024-03-26T00:00:00+00:00 [running]> on host alexmend-virtual-machine
[2024-04-02 21:55:39,917] {taskinstance.py:1569} INFO - Exporting the following env vars:
AIRFLOW_CTX_DAG_OWNER=airflow
AIRFLOW_CTX_DAG_ID=get_stocks_dag
AIRFLOW_CTX_TASK_ID=MSFT
AIRFLOW_CTX_EXECUTION_DATE=2024-03-26T00:00:00+00:00
AIRFLOW_CTX_TRY_NUMBER=1
AIRFLOW_CTX_DAG_RUN_ID=scheduled__2024-03-26T00:00:00+00:00
[2024-04-02 21:55:51,022] {python.py:173} INFO - Done. Returned value was: None
[2024-04-02 21:55:51,049] {taskinstance.py:1395} INFO - Marking task as SUCCESS. dag_id=get_stocks_dag, task_id=MSFT, execution_date=20240326T000000, start_date=20240403T005539, end_date=20240403T005551
[2024-04-02 21:55:51,104] {local_task_job.py:156} INFO - Task exited with return code 0
[2024-04-02 21:55:51,203] {local_task_job.py:273} INFO - 0 downstream tasks scheduled from follow-on schedule check
[2024-04-02 23:14:31,556] {taskinstance.py:1159} INFO - Dependencies all met for <TaskInstance: get_stocks_dag.MSFT scheduled__2024-03-26T00:00:00+00:00 [queued]>
[2024-04-02 23:14:31,693] {taskinstance.py:1159} INFO - Dependencies all met for <TaskInstance: get_stocks_dag.MSFT scheduled__2024-03-26T00:00:00+00:00 [queued]>
[2024-04-02 23:14:31,714] {taskinstance.py:1356} INFO - 
--------------------------------------------------------------------------------
[2024-04-02 23:14:31,714] {taskinstance.py:1357} INFO - Starting attempt 1 of 1
[2024-04-02 23:14:31,715] {taskinstance.py:1358} INFO - 
--------------------------------------------------------------------------------
[2024-04-02 23:14:31,797] {taskinstance.py:1377} INFO - Executing <Task(_PythonDecoratedOperator): MSFT> on 2024-03-26 00:00:00+00:00
[2024-04-02 23:14:31,832] {standard_task_runner.py:52} INFO - Started process 83920 to run task
[2024-04-02 23:14:31,847] {standard_task_runner.py:79} INFO - Running: ['airflow', 'tasks', 'run', 'get_stocks_dag', 'MSFT', 'scheduled__2024-03-26T00:00:00+00:00', '--job-id', '1166', '--raw', '--subdir', 'DAGS_FOLDER/get_stocks.py', '--cfg-path', '/tmp/tmpohnz097o', '--error-file', '/tmp/tmp_oi1owtb']
[2024-04-02 23:14:31,863] {standard_task_runner.py:80} INFO - Job 1166: Subtask MSFT
[2024-04-02 23:14:32,394] {task_command.py:370} INFO - Running <TaskInstance: get_stocks_dag.MSFT scheduled__2024-03-26T00:00:00+00:00 [running]> on host alexmend-virtual-machine
[2024-04-02 23:14:33,272] {taskinstance.py:1569} INFO - Exporting the following env vars:
AIRFLOW_CTX_DAG_OWNER=airflow
AIRFLOW_CTX_DAG_ID=get_stocks_dag
AIRFLOW_CTX_TASK_ID=MSFT
AIRFLOW_CTX_EXECUTION_DATE=2024-03-26T00:00:00+00:00
AIRFLOW_CTX_TRY_NUMBER=1
AIRFLOW_CTX_DAG_RUN_ID=scheduled__2024-03-26T00:00:00+00:00
[2024-04-02 23:14:45,004] {python.py:173} INFO - Done. Returned value was: None
[2024-04-02 23:14:45,176] {taskinstance.py:1395} INFO - Marking task as SUCCESS. dag_id=get_stocks_dag, task_id=MSFT, execution_date=20240326T000000, start_date=20240403T021431, end_date=20240403T021445
[2024-04-02 23:14:45,360] {local_task_job.py:156} INFO - Task exited with return code 0
[2024-04-02 23:14:45,722] {local_task_job.py:273} INFO - 0 downstream tasks scheduled from follow-on schedule check
