[2024-04-02 21:48:28,604] {taskinstance.py:1159} INFO - Dependencies all met for <TaskInstance: get_crypto_dag.DOGE scheduled__2024-03-04T00:00:00+00:00 [queued]>
[2024-04-02 21:48:28,670] {taskinstance.py:1159} INFO - Dependencies all met for <TaskInstance: get_crypto_dag.DOGE scheduled__2024-03-04T00:00:00+00:00 [queued]>
[2024-04-02 21:48:28,671] {taskinstance.py:1356} INFO - 
--------------------------------------------------------------------------------
[2024-04-02 21:48:28,671] {taskinstance.py:1357} INFO - Starting attempt 1 of 1
[2024-04-02 21:48:28,671] {taskinstance.py:1358} INFO - 
--------------------------------------------------------------------------------
[2024-04-02 21:48:28,739] {taskinstance.py:1377} INFO - Executing <Task(_PythonDecoratedOperator): DOGE> on 2024-03-04 00:00:00+00:00
[2024-04-02 21:48:28,794] {standard_task_runner.py:79} INFO - Running: ['airflow', 'tasks', 'run', 'get_crypto_dag', 'DOGE', 'scheduled__2024-03-04T00:00:00+00:00', '--job-id', '786', '--raw', '--subdir', 'DAGS_FOLDER/get_crypto.py', '--cfg-path', '/tmp/tmp4_5po607', '--error-file', '/tmp/tmprs6gewzs']
[2024-04-02 21:48:28,798] {standard_task_runner.py:80} INFO - Job 786: Subtask DOGE
[2024-04-02 21:48:28,782] {standard_task_runner.py:52} INFO - Started process 49661 to run task
[2024-04-02 21:48:29,120] {task_command.py:370} INFO - Running <TaskInstance: get_crypto_dag.DOGE scheduled__2024-03-04T00:00:00+00:00 [running]> on host alexmend-virtual-machine
[2024-04-02 21:48:29,404] {taskinstance.py:1569} INFO - Exporting the following env vars:
AIRFLOW_CTX_DAG_OWNER=airflow
AIRFLOW_CTX_DAG_ID=get_crypto_dag
AIRFLOW_CTX_TASK_ID=DOGE
AIRFLOW_CTX_EXECUTION_DATE=2024-03-04T00:00:00+00:00
AIRFLOW_CTX_TRY_NUMBER=1
AIRFLOW_CTX_DAG_RUN_ID=scheduled__2024-03-04T00:00:00+00:00
[2024-04-02 21:48:33,329] {history.py:90} ERROR - DOGE: No timezone found, symbol may be delisted
[2024-04-02 21:48:43,353] {python.py:173} INFO - Done. Returned value was: None
[2024-04-02 21:48:43,399] {taskinstance.py:1395} INFO - Marking task as SUCCESS. dag_id=get_crypto_dag, task_id=DOGE, execution_date=20240304T000000, start_date=20240403T004828, end_date=20240403T004843
[2024-04-02 21:48:43,462] {local_task_job.py:156} INFO - Task exited with return code 0
[2024-04-02 21:48:43,550] {local_task_job.py:273} INFO - 0 downstream tasks scheduled from follow-on schedule check
[2024-04-02 22:53:13,899] {taskinstance.py:1159} INFO - Dependencies all met for <TaskInstance: get_crypto_dag.DOGE scheduled__2024-03-04T00:00:00+00:00 [queued]>
[2024-04-02 22:53:13,926] {taskinstance.py:1159} INFO - Dependencies all met for <TaskInstance: get_crypto_dag.DOGE scheduled__2024-03-04T00:00:00+00:00 [queued]>
[2024-04-02 22:53:13,927] {taskinstance.py:1356} INFO - 
--------------------------------------------------------------------------------
[2024-04-02 22:53:13,927] {taskinstance.py:1357} INFO - Starting attempt 1 of 1
[2024-04-02 22:53:13,927] {taskinstance.py:1358} INFO - 
--------------------------------------------------------------------------------
[2024-04-02 22:53:13,971] {taskinstance.py:1377} INFO - Executing <Task(_PythonDecoratedOperator): DOGE> on 2024-03-04 00:00:00+00:00
[2024-04-02 22:53:13,990] {standard_task_runner.py:52} INFO - Started process 72496 to run task
[2024-04-02 22:53:14,013] {standard_task_runner.py:79} INFO - Running: ['airflow', 'tasks', 'run', 'get_crypto_dag', 'DOGE', 'scheduled__2024-03-04T00:00:00+00:00', '--job-id', '1018', '--raw', '--subdir', 'DAGS_FOLDER/get_crypto.py', '--cfg-path', '/tmp/tmpvh1nl8ub', '--error-file', '/tmp/tmpljt8n5tj']
[2024-04-02 22:53:14,025] {standard_task_runner.py:80} INFO - Job 1018: Subtask DOGE
[2024-04-02 22:53:14,310] {task_command.py:370} INFO - Running <TaskInstance: get_crypto_dag.DOGE scheduled__2024-03-04T00:00:00+00:00 [running]> on host alexmend-virtual-machine
[2024-04-02 22:53:14,609] {taskinstance.py:1569} INFO - Exporting the following env vars:
AIRFLOW_CTX_DAG_OWNER=airflow
AIRFLOW_CTX_DAG_ID=get_crypto_dag
AIRFLOW_CTX_TASK_ID=DOGE
AIRFLOW_CTX_EXECUTION_DATE=2024-03-04T00:00:00+00:00
AIRFLOW_CTX_TRY_NUMBER=1
AIRFLOW_CTX_DAG_RUN_ID=scheduled__2024-03-04T00:00:00+00:00
[2024-04-02 22:53:18,427] {history.py:90} ERROR - DOGE: No timezone found, symbol may be delisted
[2024-04-02 22:53:28,452] {python.py:173} INFO - Done. Returned value was: None
[2024-04-02 22:53:28,542] {taskinstance.py:1395} INFO - Marking task as SUCCESS. dag_id=get_crypto_dag, task_id=DOGE, execution_date=20240304T000000, start_date=20240403T015313, end_date=20240403T015328
[2024-04-02 22:53:28,720] {local_task_job.py:156} INFO - Task exited with return code 0
[2024-04-02 22:53:28,917] {local_task_job.py:273} INFO - 0 downstream tasks scheduled from follow-on schedule check
