[2024-04-02 21:55:02,457] {taskinstance.py:1159} INFO - Dependencies all met for <TaskInstance: get_crypto_dag.ETH scheduled__2024-03-13T00:00:00+00:00 [queued]>
[2024-04-02 21:55:02,474] {taskinstance.py:1159} INFO - Dependencies all met for <TaskInstance: get_crypto_dag.ETH scheduled__2024-03-13T00:00:00+00:00 [queued]>
[2024-04-02 21:55:02,474] {taskinstance.py:1356} INFO - 
--------------------------------------------------------------------------------
[2024-04-02 21:55:02,474] {taskinstance.py:1357} INFO - Starting attempt 1 of 1
[2024-04-02 21:55:02,475] {taskinstance.py:1358} INFO - 
--------------------------------------------------------------------------------
[2024-04-02 21:55:02,509] {taskinstance.py:1377} INFO - Executing <Task(_PythonDecoratedOperator): ETH> on 2024-03-13 00:00:00+00:00
[2024-04-02 21:55:02,522] {standard_task_runner.py:52} INFO - Started process 53936 to run task
[2024-04-02 21:55:02,530] {standard_task_runner.py:79} INFO - Running: ['airflow', 'tasks', 'run', 'get_crypto_dag', 'ETH', 'scheduled__2024-03-13T00:00:00+00:00', '--job-id', '862', '--raw', '--subdir', 'DAGS_FOLDER/get_crypto.py', '--cfg-path', '/tmp/tmp6e1x63dn', '--error-file', '/tmp/tmptwpabfy3']
[2024-04-02 21:55:02,531] {standard_task_runner.py:80} INFO - Job 862: Subtask ETH
[2024-04-02 21:55:02,652] {task_command.py:370} INFO - Running <TaskInstance: get_crypto_dag.ETH scheduled__2024-03-13T00:00:00+00:00 [running]> on host alexmend-virtual-machine
[2024-04-02 21:55:02,783] {taskinstance.py:1569} INFO - Exporting the following env vars:
AIRFLOW_CTX_DAG_OWNER=airflow
AIRFLOW_CTX_DAG_ID=get_crypto_dag
AIRFLOW_CTX_TASK_ID=ETH
AIRFLOW_CTX_EXECUTION_DATE=2024-03-13T00:00:00+00:00
AIRFLOW_CTX_TRY_NUMBER=1
AIRFLOW_CTX_DAG_RUN_ID=scheduled__2024-03-13T00:00:00+00:00
[2024-04-02 21:55:06,504] {history.py:90} ERROR - ETH: No timezone found, symbol may be delisted
[2024-04-02 21:55:16,526] {python.py:173} INFO - Done. Returned value was: None
[2024-04-02 21:55:16,556] {taskinstance.py:1395} INFO - Marking task as SUCCESS. dag_id=get_crypto_dag, task_id=ETH, execution_date=20240313T000000, start_date=20240403T005502, end_date=20240403T005516
[2024-04-02 21:55:16,627] {local_task_job.py:156} INFO - Task exited with return code 0
[2024-04-02 21:55:16,687] {local_task_job.py:273} INFO - 0 downstream tasks scheduled from follow-on schedule check
[2024-04-02 23:02:58,617] {taskinstance.py:1159} INFO - Dependencies all met for <TaskInstance: get_crypto_dag.ETH scheduled__2024-03-13T00:00:00+00:00 [queued]>
[2024-04-02 23:02:58,650] {taskinstance.py:1159} INFO - Dependencies all met for <TaskInstance: get_crypto_dag.ETH scheduled__2024-03-13T00:00:00+00:00 [queued]>
[2024-04-02 23:02:58,651] {taskinstance.py:1356} INFO - 
--------------------------------------------------------------------------------
[2024-04-02 23:02:58,651] {taskinstance.py:1357} INFO - Starting attempt 1 of 1
[2024-04-02 23:02:58,651] {taskinstance.py:1358} INFO - 
--------------------------------------------------------------------------------
[2024-04-02 23:02:58,696] {taskinstance.py:1377} INFO - Executing <Task(_PythonDecoratedOperator): ETH> on 2024-03-13 00:00:00+00:00
[2024-04-02 23:02:58,706] {standard_task_runner.py:52} INFO - Started process 77407 to run task
[2024-04-02 23:02:58,733] {standard_task_runner.py:79} INFO - Running: ['airflow', 'tasks', 'run', 'get_crypto_dag', 'ETH', 'scheduled__2024-03-13T00:00:00+00:00', '--job-id', '1080', '--raw', '--subdir', 'DAGS_FOLDER/get_crypto.py', '--cfg-path', '/tmp/tmpddncd72z', '--error-file', '/tmp/tmpo4ovams6']
[2024-04-02 23:02:58,736] {standard_task_runner.py:80} INFO - Job 1080: Subtask ETH
[2024-04-02 23:02:58,939] {task_command.py:370} INFO - Running <TaskInstance: get_crypto_dag.ETH scheduled__2024-03-13T00:00:00+00:00 [running]> on host alexmend-virtual-machine
[2024-04-02 23:02:59,156] {taskinstance.py:1569} INFO - Exporting the following env vars:
AIRFLOW_CTX_DAG_OWNER=airflow
AIRFLOW_CTX_DAG_ID=get_crypto_dag
AIRFLOW_CTX_TASK_ID=ETH
AIRFLOW_CTX_EXECUTION_DATE=2024-03-13T00:00:00+00:00
AIRFLOW_CTX_TRY_NUMBER=1
AIRFLOW_CTX_DAG_RUN_ID=scheduled__2024-03-13T00:00:00+00:00
[2024-04-02 23:03:03,750] {history.py:90} ERROR - ETH: No timezone found, symbol may be delisted
[2024-04-02 23:03:13,763] {python.py:173} INFO - Done. Returned value was: None
[2024-04-02 23:03:13,823] {taskinstance.py:1395} INFO - Marking task as SUCCESS. dag_id=get_crypto_dag, task_id=ETH, execution_date=20240313T000000, start_date=20240403T020258, end_date=20240403T020313
[2024-04-02 23:03:13,918] {local_task_job.py:156} INFO - Task exited with return code 0
[2024-04-02 23:03:14,086] {local_task_job.py:273} INFO - 0 downstream tasks scheduled from follow-on schedule check
