[2024-04-02 13:05:44,679] {taskinstance.py:1159} INFO - Dependencies all met for <TaskInstance: get_stocks_dag.GOOG scheduled__2024-02-14T00:00:00+00:00 [queued]>
[2024-04-02 13:05:44,690] {taskinstance.py:1159} INFO - Dependencies all met for <TaskInstance: get_stocks_dag.GOOG scheduled__2024-02-14T00:00:00+00:00 [queued]>
[2024-04-02 13:05:44,690] {taskinstance.py:1356} INFO - 
--------------------------------------------------------------------------------
[2024-04-02 13:05:44,691] {taskinstance.py:1357} INFO - Starting attempt 1 of 1
[2024-04-02 13:05:44,691] {taskinstance.py:1358} INFO - 
--------------------------------------------------------------------------------
[2024-04-02 13:05:44,722] {taskinstance.py:1377} INFO - Executing <Task(_PythonDecoratedOperator): GOOG> on 2024-02-14 00:00:00+00:00
[2024-04-02 13:05:44,728] {standard_task_runner.py:52} INFO - Started process 10898 to run task
[2024-04-02 13:05:44,736] {standard_task_runner.py:79} INFO - Running: ['airflow', 'tasks', 'run', 'get_stocks_dag', 'GOOG', 'scheduled__2024-02-14T00:00:00+00:00', '--job-id', '133', '--raw', '--subdir', 'DAGS_FOLDER/get_stocks.py', '--cfg-path', '/tmp/tmphi66j301', '--error-file', '/tmp/tmpzt3i_0hx']
[2024-04-02 13:05:44,737] {standard_task_runner.py:80} INFO - Job 133: Subtask GOOG
[2024-04-02 13:05:44,794] {task_command.py:370} INFO - Running <TaskInstance: get_stocks_dag.GOOG scheduled__2024-02-14T00:00:00+00:00 [running]> on host alexmend-virtual-machine
[2024-04-02 13:05:44,870] {taskinstance.py:1569} INFO - Exporting the following env vars:
AIRFLOW_CTX_DAG_OWNER=airflow
AIRFLOW_CTX_DAG_ID=get_stocks_dag
AIRFLOW_CTX_TASK_ID=GOOG
AIRFLOW_CTX_EXECUTION_DATE=2024-02-14T00:00:00+00:00
AIRFLOW_CTX_TRY_NUMBER=1
AIRFLOW_CTX_DAG_RUN_ID=scheduled__2024-02-14T00:00:00+00:00
[2024-04-02 13:05:45,589] {python.py:173} INFO - Done. Returned value was: None
[2024-04-02 13:05:45,607] {taskinstance.py:1395} INFO - Marking task as SUCCESS. dag_id=get_stocks_dag, task_id=GOOG, execution_date=20240214T000000, start_date=20240402T160544, end_date=20240402T160545
[2024-04-02 13:05:45,680] {local_task_job.py:156} INFO - Task exited with return code 0
[2024-04-02 13:05:45,705] {local_task_job.py:273} INFO - 0 downstream tasks scheduled from follow-on schedule check
[2024-04-02 17:18:36,985] {taskinstance.py:1159} INFO - Dependencies all met for <TaskInstance: get_stocks_dag.GOOG scheduled__2024-02-14T00:00:00+00:00 [queued]>
[2024-04-02 17:18:37,198] {taskinstance.py:1159} INFO - Dependencies all met for <TaskInstance: get_stocks_dag.GOOG scheduled__2024-02-14T00:00:00+00:00 [queued]>
[2024-04-02 17:18:37,198] {taskinstance.py:1356} INFO - 
--------------------------------------------------------------------------------
[2024-04-02 17:18:37,198] {taskinstance.py:1357} INFO - Starting attempt 1 of 1
[2024-04-02 17:18:37,198] {taskinstance.py:1358} INFO - 
--------------------------------------------------------------------------------
[2024-04-02 17:18:37,364] {taskinstance.py:1377} INFO - Executing <Task(_PythonDecoratedOperator): GOOG> on 2024-02-14 00:00:00+00:00
[2024-04-02 17:18:37,482] {standard_task_runner.py:52} INFO - Started process 6708 to run task
[2024-04-02 17:18:37,519] {standard_task_runner.py:79} INFO - Running: ['airflow', 'tasks', 'run', 'get_stocks_dag', 'GOOG', 'scheduled__2024-02-14T00:00:00+00:00', '--job-id', '115', '--raw', '--subdir', 'DAGS_FOLDER/get_stocks.py', '--cfg-path', '/tmp/tmpetb_sigp', '--error-file', '/tmp/tmpjh0kxhzb']
[2024-04-02 17:18:37,526] {standard_task_runner.py:80} INFO - Job 115: Subtask GOOG
[2024-04-02 17:18:38,249] {task_command.py:370} INFO - Running <TaskInstance: get_stocks_dag.GOOG scheduled__2024-02-14T00:00:00+00:00 [running]> on host alexmend-virtual-machine
[2024-04-02 17:18:38,752] {taskinstance.py:1569} INFO - Exporting the following env vars:
AIRFLOW_CTX_DAG_OWNER=airflow
AIRFLOW_CTX_DAG_ID=get_stocks_dag
AIRFLOW_CTX_TASK_ID=GOOG
AIRFLOW_CTX_EXECUTION_DATE=2024-02-14T00:00:00+00:00
AIRFLOW_CTX_TRY_NUMBER=1
AIRFLOW_CTX_DAG_RUN_ID=scheduled__2024-02-14T00:00:00+00:00
[2024-04-02 17:18:39,761] {python.py:173} INFO - Done. Returned value was: None
[2024-04-02 17:18:39,916] {taskinstance.py:1395} INFO - Marking task as SUCCESS. dag_id=get_stocks_dag, task_id=GOOG, execution_date=20240214T000000, start_date=20240402T201837, end_date=20240402T201839
[2024-04-02 17:18:40,119] {local_task_job.py:156} INFO - Task exited with return code 0
[2024-04-02 17:18:40,400] {local_task_job.py:273} INFO - 0 downstream tasks scheduled from follow-on schedule check
[2024-04-02 17:44:50,315] {taskinstance.py:1159} INFO - Dependencies all met for <TaskInstance: get_stocks_dag.GOOG scheduled__2024-02-14T00:00:00+00:00 [queued]>
[2024-04-02 17:44:50,327] {taskinstance.py:1159} INFO - Dependencies all met for <TaskInstance: get_stocks_dag.GOOG scheduled__2024-02-14T00:00:00+00:00 [queued]>
[2024-04-02 17:44:50,327] {taskinstance.py:1356} INFO - 
--------------------------------------------------------------------------------
[2024-04-02 17:44:50,327] {taskinstance.py:1357} INFO - Starting attempt 1 of 1
[2024-04-02 17:44:50,328] {taskinstance.py:1358} INFO - 
--------------------------------------------------------------------------------
[2024-04-02 17:44:50,349] {taskinstance.py:1377} INFO - Executing <Task(_PythonDecoratedOperator): GOOG> on 2024-02-14 00:00:00+00:00
[2024-04-02 17:44:50,356] {standard_task_runner.py:52} INFO - Started process 21494 to run task
[2024-04-02 17:44:50,365] {standard_task_runner.py:79} INFO - Running: ['airflow', 'tasks', 'run', 'get_stocks_dag', 'GOOG', 'scheduled__2024-02-14T00:00:00+00:00', '--job-id', '377', '--raw', '--subdir', 'DAGS_FOLDER/get_stocks.py', '--cfg-path', '/tmp/tmp7uvhh8_e', '--error-file', '/tmp/tmppt8fyv2f']
[2024-04-02 17:44:50,366] {standard_task_runner.py:80} INFO - Job 377: Subtask GOOG
[2024-04-02 17:44:50,487] {task_command.py:370} INFO - Running <TaskInstance: get_stocks_dag.GOOG scheduled__2024-02-14T00:00:00+00:00 [running]> on host alexmend-virtual-machine
[2024-04-02 17:44:50,631] {taskinstance.py:1569} INFO - Exporting the following env vars:
AIRFLOW_CTX_DAG_OWNER=airflow
AIRFLOW_CTX_DAG_ID=get_stocks_dag
AIRFLOW_CTX_TASK_ID=GOOG
AIRFLOW_CTX_EXECUTION_DATE=2024-02-14T00:00:00+00:00
AIRFLOW_CTX_TRY_NUMBER=1
AIRFLOW_CTX_DAG_RUN_ID=scheduled__2024-02-14T00:00:00+00:00
[2024-04-02 17:44:51,287] {python.py:173} INFO - Done. Returned value was: None
[2024-04-02 17:44:51,320] {taskinstance.py:1395} INFO - Marking task as SUCCESS. dag_id=get_stocks_dag, task_id=GOOG, execution_date=20240214T000000, start_date=20240402T204450, end_date=20240402T204451
[2024-04-02 17:44:51,382] {local_task_job.py:156} INFO - Task exited with return code 0
[2024-04-02 17:44:51,432] {local_task_job.py:273} INFO - 0 downstream tasks scheduled from follow-on schedule check
