[2024-04-02 13:12:06,793] {taskinstance.py:1159} INFO - Dependencies all met for <TaskInstance: get_stocks_dag.GOOG scheduled__2024-03-19T00:00:00+00:00 [queued]>
[2024-04-02 13:12:06,799] {taskinstance.py:1159} INFO - Dependencies all met for <TaskInstance: get_stocks_dag.GOOG scheduled__2024-03-19T00:00:00+00:00 [queued]>
[2024-04-02 13:12:06,800] {taskinstance.py:1356} INFO - 
--------------------------------------------------------------------------------
[2024-04-02 13:12:06,800] {taskinstance.py:1357} INFO - Starting attempt 1 of 1
[2024-04-02 13:12:06,800] {taskinstance.py:1358} INFO - 
--------------------------------------------------------------------------------
[2024-04-02 13:12:06,816] {taskinstance.py:1377} INFO - Executing <Task(_PythonDecoratedOperator): GOOG> on 2024-03-19 00:00:00+00:00
[2024-04-02 13:12:06,820] {standard_task_runner.py:52} INFO - Started process 13122 to run task
[2024-04-02 13:12:06,828] {standard_task_runner.py:79} INFO - Running: ['airflow', 'tasks', 'run', 'get_stocks_dag', 'GOOG', 'scheduled__2024-03-19T00:00:00+00:00', '--job-id', '229', '--raw', '--subdir', 'DAGS_FOLDER/get_stocks.py', '--cfg-path', '/tmp/tmp71lkdhrc', '--error-file', '/tmp/tmpo8f4ot0p']
[2024-04-02 13:12:06,829] {standard_task_runner.py:80} INFO - Job 229: Subtask GOOG
[2024-04-02 13:12:06,892] {task_command.py:370} INFO - Running <TaskInstance: get_stocks_dag.GOOG scheduled__2024-03-19T00:00:00+00:00 [running]> on host alexmend-virtual-machine
[2024-04-02 13:12:06,976] {taskinstance.py:1569} INFO - Exporting the following env vars:
AIRFLOW_CTX_DAG_OWNER=airflow
AIRFLOW_CTX_DAG_ID=get_stocks_dag
AIRFLOW_CTX_TASK_ID=GOOG
AIRFLOW_CTX_EXECUTION_DATE=2024-03-19T00:00:00+00:00
AIRFLOW_CTX_TRY_NUMBER=1
AIRFLOW_CTX_DAG_RUN_ID=scheduled__2024-03-19T00:00:00+00:00
[2024-04-02 13:12:07,903] {python.py:173} INFO - Done. Returned value was: None
[2024-04-02 13:12:07,922] {taskinstance.py:1395} INFO - Marking task as SUCCESS. dag_id=get_stocks_dag, task_id=GOOG, execution_date=20240319T000000, start_date=20240402T161206, end_date=20240402T161207
[2024-04-02 13:12:07,964] {local_task_job.py:156} INFO - Task exited with return code 0
[2024-04-02 13:12:07,992] {local_task_job.py:273} INFO - 0 downstream tasks scheduled from follow-on schedule check
[2024-04-02 17:19:54,402] {taskinstance.py:1159} INFO - Dependencies all met for <TaskInstance: get_stocks_dag.GOOG scheduled__2024-03-19T00:00:00+00:00 [queued]>
[2024-04-02 17:19:54,502] {taskinstance.py:1159} INFO - Dependencies all met for <TaskInstance: get_stocks_dag.GOOG scheduled__2024-03-19T00:00:00+00:00 [queued]>
[2024-04-02 17:19:54,502] {taskinstance.py:1356} INFO - 
--------------------------------------------------------------------------------
[2024-04-02 17:19:54,503] {taskinstance.py:1357} INFO - Starting attempt 1 of 1
[2024-04-02 17:19:54,503] {taskinstance.py:1358} INFO - 
--------------------------------------------------------------------------------
[2024-04-02 17:19:54,706] {taskinstance.py:1377} INFO - Executing <Task(_PythonDecoratedOperator): GOOG> on 2024-03-19 00:00:00+00:00
[2024-04-02 17:19:54,723] {standard_task_runner.py:52} INFO - Started process 8962 to run task
[2024-04-02 17:19:54,904] {standard_task_runner.py:79} INFO - Running: ['airflow', 'tasks', 'run', 'get_stocks_dag', 'GOOG', 'scheduled__2024-03-19T00:00:00+00:00', '--job-id', '208', '--raw', '--subdir', 'DAGS_FOLDER/get_stocks.py', '--cfg-path', '/tmp/tmpqe95dyh3', '--error-file', '/tmp/tmpqp8ci93t']
[2024-04-02 17:19:54,906] {standard_task_runner.py:80} INFO - Job 208: Subtask GOOG
[2024-04-02 17:19:55,448] {task_command.py:370} INFO - Running <TaskInstance: get_stocks_dag.GOOG scheduled__2024-03-19T00:00:00+00:00 [running]> on host alexmend-virtual-machine
[2024-04-02 17:19:56,420] {taskinstance.py:1569} INFO - Exporting the following env vars:
AIRFLOW_CTX_DAG_OWNER=airflow
AIRFLOW_CTX_DAG_ID=get_stocks_dag
AIRFLOW_CTX_TASK_ID=GOOG
AIRFLOW_CTX_EXECUTION_DATE=2024-03-19T00:00:00+00:00
AIRFLOW_CTX_TRY_NUMBER=1
AIRFLOW_CTX_DAG_RUN_ID=scheduled__2024-03-19T00:00:00+00:00
[2024-04-02 17:19:58,411] {python.py:173} INFO - Done. Returned value was: None
[2024-04-02 17:19:58,610] {taskinstance.py:1395} INFO - Marking task as SUCCESS. dag_id=get_stocks_dag, task_id=GOOG, execution_date=20240319T000000, start_date=20240402T201954, end_date=20240402T201958
[2024-04-02 17:19:58,745] {local_task_job.py:156} INFO - Task exited with return code 0
[2024-04-02 17:19:59,016] {local_task_job.py:273} INFO - 0 downstream tasks scheduled from follow-on schedule check
[2024-04-02 17:47:15,613] {taskinstance.py:1159} INFO - Dependencies all met for <TaskInstance: get_stocks_dag.GOOG scheduled__2024-03-19T00:00:00+00:00 [queued]>
[2024-04-02 17:47:15,652] {taskinstance.py:1159} INFO - Dependencies all met for <TaskInstance: get_stocks_dag.GOOG scheduled__2024-03-19T00:00:00+00:00 [queued]>
[2024-04-02 17:47:15,653] {taskinstance.py:1356} INFO - 
--------------------------------------------------------------------------------
[2024-04-02 17:47:15,654] {taskinstance.py:1357} INFO - Starting attempt 1 of 1
[2024-04-02 17:47:15,655] {taskinstance.py:1358} INFO - 
--------------------------------------------------------------------------------
[2024-04-02 17:47:15,693] {taskinstance.py:1377} INFO - Executing <Task(_PythonDecoratedOperator): GOOG> on 2024-03-19 00:00:00+00:00
[2024-04-02 17:47:15,717] {standard_task_runner.py:52} INFO - Started process 24409 to run task
[2024-04-02 17:47:15,729] {standard_task_runner.py:79} INFO - Running: ['airflow', 'tasks', 'run', 'get_stocks_dag', 'GOOG', 'scheduled__2024-03-19T00:00:00+00:00', '--job-id', '474', '--raw', '--subdir', 'DAGS_FOLDER/get_stocks.py', '--cfg-path', '/tmp/tmp1dnt2nwz', '--error-file', '/tmp/tmpknv9tt9y']
[2024-04-02 17:47:15,733] {standard_task_runner.py:80} INFO - Job 474: Subtask GOOG
[2024-04-02 17:47:16,022] {task_command.py:370} INFO - Running <TaskInstance: get_stocks_dag.GOOG scheduled__2024-03-19T00:00:00+00:00 [running]> on host alexmend-virtual-machine
[2024-04-02 17:47:16,460] {taskinstance.py:1569} INFO - Exporting the following env vars:
AIRFLOW_CTX_DAG_OWNER=airflow
AIRFLOW_CTX_DAG_ID=get_stocks_dag
AIRFLOW_CTX_TASK_ID=GOOG
AIRFLOW_CTX_EXECUTION_DATE=2024-03-19T00:00:00+00:00
AIRFLOW_CTX_TRY_NUMBER=1
AIRFLOW_CTX_DAG_RUN_ID=scheduled__2024-03-19T00:00:00+00:00
[2024-04-02 17:47:17,265] {python.py:173} INFO - Done. Returned value was: None
[2024-04-02 17:47:17,299] {taskinstance.py:1395} INFO - Marking task as SUCCESS. dag_id=get_stocks_dag, task_id=GOOG, execution_date=20240319T000000, start_date=20240402T204715, end_date=20240402T204717
[2024-04-02 17:47:17,381] {local_task_job.py:156} INFO - Task exited with return code 0
[2024-04-02 17:47:17,490] {local_task_job.py:273} INFO - 0 downstream tasks scheduled from follow-on schedule check
[2024-04-02 19:15:54,980] {taskinstance.py:1159} INFO - Dependencies all met for <TaskInstance: get_stocks_dag.GOOG scheduled__2024-03-19T00:00:00+00:00 [queued]>
[2024-04-02 19:15:54,996] {taskinstance.py:1159} INFO - Dependencies all met for <TaskInstance: get_stocks_dag.GOOG scheduled__2024-03-19T00:00:00+00:00 [queued]>
[2024-04-02 19:15:54,996] {taskinstance.py:1356} INFO - 
--------------------------------------------------------------------------------
[2024-04-02 19:15:54,996] {taskinstance.py:1357} INFO - Starting attempt 1 of 1
[2024-04-02 19:15:54,996] {taskinstance.py:1358} INFO - 
--------------------------------------------------------------------------------
[2024-04-02 19:15:55,020] {taskinstance.py:1377} INFO - Executing <Task(_PythonDecoratedOperator): GOOG> on 2024-03-19 00:00:00+00:00
[2024-04-02 19:15:55,028] {standard_task_runner.py:52} INFO - Started process 15337 to run task
[2024-04-02 19:15:55,036] {standard_task_runner.py:79} INFO - Running: ['airflow', 'tasks', 'run', 'get_stocks_dag', 'GOOG', 'scheduled__2024-03-19T00:00:00+00:00', '--job-id', '572', '--raw', '--subdir', 'DAGS_FOLDER/get_stocks.py', '--cfg-path', '/tmp/tmpptgi8ago', '--error-file', '/tmp/tmppkeh0i09']
[2024-04-02 19:15:55,038] {standard_task_runner.py:80} INFO - Job 572: Subtask GOOG
[2024-04-02 19:15:55,179] {task_command.py:370} INFO - Running <TaskInstance: get_stocks_dag.GOOG scheduled__2024-03-19T00:00:00+00:00 [running]> on host alexmend-virtual-machine
[2024-04-02 19:15:55,340] {taskinstance.py:1569} INFO - Exporting the following env vars:
AIRFLOW_CTX_DAG_OWNER=airflow
AIRFLOW_CTX_DAG_ID=get_stocks_dag
AIRFLOW_CTX_TASK_ID=GOOG
AIRFLOW_CTX_EXECUTION_DATE=2024-03-19T00:00:00+00:00
AIRFLOW_CTX_TRY_NUMBER=1
AIRFLOW_CTX_DAG_RUN_ID=scheduled__2024-03-19T00:00:00+00:00
[2024-04-02 19:15:56,032] {python.py:173} INFO - Done. Returned value was: None
[2024-04-02 19:15:56,057] {taskinstance.py:1395} INFO - Marking task as SUCCESS. dag_id=get_stocks_dag, task_id=GOOG, execution_date=20240319T000000, start_date=20240402T221554, end_date=20240402T221556
[2024-04-02 19:15:56,107] {local_task_job.py:156} INFO - Task exited with return code 0
[2024-04-02 19:15:56,203] {local_task_job.py:273} INFO - 0 downstream tasks scheduled from follow-on schedule check
[2024-04-02 20:39:55,484] {taskinstance.py:1159} INFO - Dependencies all met for <TaskInstance: get_stocks_dag.GOOG scheduled__2024-03-19T00:00:00+00:00 [queued]>
[2024-04-02 20:39:55,503] {taskinstance.py:1159} INFO - Dependencies all met for <TaskInstance: get_stocks_dag.GOOG scheduled__2024-03-19T00:00:00+00:00 [queued]>
[2024-04-02 20:39:55,504] {taskinstance.py:1356} INFO - 
--------------------------------------------------------------------------------
[2024-04-02 20:39:55,505] {taskinstance.py:1357} INFO - Starting attempt 1 of 1
[2024-04-02 20:39:55,505] {taskinstance.py:1358} INFO - 
--------------------------------------------------------------------------------
[2024-04-02 20:39:55,528] {taskinstance.py:1377} INFO - Executing <Task(_PythonDecoratedOperator): GOOG> on 2024-03-19 00:00:00+00:00
[2024-04-02 20:39:55,541] {standard_task_runner.py:52} INFO - Started process 26839 to run task
[2024-04-02 20:39:55,554] {standard_task_runner.py:79} INFO - Running: ['airflow', 'tasks', 'run', 'get_stocks_dag', 'GOOG', 'scheduled__2024-03-19T00:00:00+00:00', '--job-id', '675', '--raw', '--subdir', 'DAGS_FOLDER/get_stocks.py', '--cfg-path', '/tmp/tmp64ldyerd', '--error-file', '/tmp/tmp4o1ijz08']
[2024-04-02 20:39:55,557] {standard_task_runner.py:80} INFO - Job 675: Subtask GOOG
[2024-04-02 20:39:55,700] {task_command.py:370} INFO - Running <TaskInstance: get_stocks_dag.GOOG scheduled__2024-03-19T00:00:00+00:00 [running]> on host alexmend-virtual-machine
[2024-04-02 20:39:55,924] {taskinstance.py:1569} INFO - Exporting the following env vars:
AIRFLOW_CTX_DAG_OWNER=airflow
AIRFLOW_CTX_DAG_ID=get_stocks_dag
AIRFLOW_CTX_TASK_ID=GOOG
AIRFLOW_CTX_EXECUTION_DATE=2024-03-19T00:00:00+00:00
AIRFLOW_CTX_TRY_NUMBER=1
AIRFLOW_CTX_DAG_RUN_ID=scheduled__2024-03-19T00:00:00+00:00
[2024-04-02 20:39:56,595] {python.py:173} INFO - Done. Returned value was: None
[2024-04-02 20:39:56,621] {taskinstance.py:1395} INFO - Marking task as SUCCESS. dag_id=get_stocks_dag, task_id=GOOG, execution_date=20240319T000000, start_date=20240402T233955, end_date=20240402T233956
[2024-04-02 20:39:56,705] {local_task_job.py:156} INFO - Task exited with return code 0
[2024-04-02 20:39:56,796] {local_task_job.py:273} INFO - 0 downstream tasks scheduled from follow-on schedule check
[2024-04-02 21:51:44,918] {taskinstance.py:1159} INFO - Dependencies all met for <TaskInstance: get_stocks_dag.GOOG scheduled__2024-03-19T00:00:00+00:00 [queued]>
[2024-04-02 21:51:44,955] {taskinstance.py:1159} INFO - Dependencies all met for <TaskInstance: get_stocks_dag.GOOG scheduled__2024-03-19T00:00:00+00:00 [queued]>
[2024-04-02 21:51:44,955] {taskinstance.py:1356} INFO - 
--------------------------------------------------------------------------------
[2024-04-02 21:51:44,955] {taskinstance.py:1357} INFO - Starting attempt 1 of 1
[2024-04-02 21:51:44,955] {taskinstance.py:1358} INFO - 
--------------------------------------------------------------------------------
[2024-04-02 21:51:45,033] {taskinstance.py:1377} INFO - Executing <Task(_PythonDecoratedOperator): GOOG> on 2024-03-19 00:00:00+00:00
[2024-04-02 21:51:45,069] {standard_task_runner.py:52} INFO - Started process 52277 to run task
[2024-04-02 21:51:45,092] {standard_task_runner.py:79} INFO - Running: ['airflow', 'tasks', 'run', 'get_stocks_dag', 'GOOG', 'scheduled__2024-03-19T00:00:00+00:00', '--job-id', '833', '--raw', '--subdir', 'DAGS_FOLDER/get_stocks.py', '--cfg-path', '/tmp/tmpujooh6_o', '--error-file', '/tmp/tmp6nfdrl35']
[2024-04-02 21:51:45,108] {standard_task_runner.py:80} INFO - Job 833: Subtask GOOG
[2024-04-02 21:51:45,459] {task_command.py:370} INFO - Running <TaskInstance: get_stocks_dag.GOOG scheduled__2024-03-19T00:00:00+00:00 [running]> on host alexmend-virtual-machine
[2024-04-02 21:51:45,672] {taskinstance.py:1569} INFO - Exporting the following env vars:
AIRFLOW_CTX_DAG_OWNER=airflow
AIRFLOW_CTX_DAG_ID=get_stocks_dag
AIRFLOW_CTX_TASK_ID=GOOG
AIRFLOW_CTX_EXECUTION_DATE=2024-03-19T00:00:00+00:00
AIRFLOW_CTX_TRY_NUMBER=1
AIRFLOW_CTX_DAG_RUN_ID=scheduled__2024-03-19T00:00:00+00:00
[2024-04-02 21:51:56,477] {python.py:173} INFO - Done. Returned value was: None
[2024-04-02 21:51:56,537] {taskinstance.py:1395} INFO - Marking task as SUCCESS. dag_id=get_stocks_dag, task_id=GOOG, execution_date=20240319T000000, start_date=20240403T005144, end_date=20240403T005156
[2024-04-02 21:51:56,620] {local_task_job.py:156} INFO - Task exited with return code 0
[2024-04-02 21:51:56,705] {local_task_job.py:273} INFO - 0 downstream tasks scheduled from follow-on schedule check
[2024-04-02 23:07:55,133] {taskinstance.py:1159} INFO - Dependencies all met for <TaskInstance: get_stocks_dag.GOOG scheduled__2024-03-19T00:00:00+00:00 [queued]>
[2024-04-02 23:07:55,154] {taskinstance.py:1159} INFO - Dependencies all met for <TaskInstance: get_stocks_dag.GOOG scheduled__2024-03-19T00:00:00+00:00 [queued]>
[2024-04-02 23:07:55,155] {taskinstance.py:1356} INFO - 
--------------------------------------------------------------------------------
[2024-04-02 23:07:55,155] {taskinstance.py:1357} INFO - Starting attempt 1 of 1
[2024-04-02 23:07:55,155] {taskinstance.py:1358} INFO - 
--------------------------------------------------------------------------------
[2024-04-02 23:07:55,190] {taskinstance.py:1377} INFO - Executing <Task(_PythonDecoratedOperator): GOOG> on 2024-03-19 00:00:00+00:00
[2024-04-02 23:07:55,206] {standard_task_runner.py:52} INFO - Started process 80210 to run task
[2024-04-02 23:07:55,220] {standard_task_runner.py:79} INFO - Running: ['airflow', 'tasks', 'run', 'get_stocks_dag', 'GOOG', 'scheduled__2024-03-19T00:00:00+00:00', '--job-id', '1119', '--raw', '--subdir', 'DAGS_FOLDER/get_stocks.py', '--cfg-path', '/tmp/tmpdcb3zu_g', '--error-file', '/tmp/tmpoxgu4n8a']
[2024-04-02 23:07:55,225] {standard_task_runner.py:80} INFO - Job 1119: Subtask GOOG
[2024-04-02 23:07:55,402] {task_command.py:370} INFO - Running <TaskInstance: get_stocks_dag.GOOG scheduled__2024-03-19T00:00:00+00:00 [running]> on host alexmend-virtual-machine
[2024-04-02 23:07:55,582] {taskinstance.py:1569} INFO - Exporting the following env vars:
AIRFLOW_CTX_DAG_OWNER=airflow
AIRFLOW_CTX_DAG_ID=get_stocks_dag
AIRFLOW_CTX_TASK_ID=GOOG
AIRFLOW_CTX_EXECUTION_DATE=2024-03-19T00:00:00+00:00
AIRFLOW_CTX_TRY_NUMBER=1
AIRFLOW_CTX_DAG_RUN_ID=scheduled__2024-03-19T00:00:00+00:00
[2024-04-02 23:08:06,287] {python.py:173} INFO - Done. Returned value was: None
[2024-04-02 23:08:06,332] {taskinstance.py:1395} INFO - Marking task as SUCCESS. dag_id=get_stocks_dag, task_id=GOOG, execution_date=20240319T000000, start_date=20240403T020755, end_date=20240403T020806
[2024-04-02 23:08:06,431] {local_task_job.py:156} INFO - Task exited with return code 0
[2024-04-02 23:08:06,519] {local_task_job.py:273} INFO - 0 downstream tasks scheduled from follow-on schedule check
