[2024-04-02 13:09:20,341] {taskinstance.py:1159} INFO - Dependencies all met for <TaskInstance: get_stocks_dag.AAPL scheduled__2024-03-05T00:00:00+00:00 [queued]>
[2024-04-02 13:09:20,349] {taskinstance.py:1159} INFO - Dependencies all met for <TaskInstance: get_stocks_dag.AAPL scheduled__2024-03-05T00:00:00+00:00 [queued]>
[2024-04-02 13:09:20,349] {taskinstance.py:1356} INFO - 
--------------------------------------------------------------------------------
[2024-04-02 13:09:20,349] {taskinstance.py:1357} INFO - Starting attempt 1 of 1
[2024-04-02 13:09:20,349] {taskinstance.py:1358} INFO - 
--------------------------------------------------------------------------------
[2024-04-02 13:09:20,381] {taskinstance.py:1377} INFO - Executing <Task(_PythonDecoratedOperator): AAPL> on 2024-03-05 00:00:00+00:00
[2024-04-02 13:09:20,388] {standard_task_runner.py:52} INFO - Started process 12161 to run task
[2024-04-02 13:09:20,394] {standard_task_runner.py:79} INFO - Running: ['airflow', 'tasks', 'run', 'get_stocks_dag', 'AAPL', 'scheduled__2024-03-05T00:00:00+00:00', '--job-id', '187', '--raw', '--subdir', 'DAGS_FOLDER/get_stocks.py', '--cfg-path', '/tmp/tmp0noa_o2q', '--error-file', '/tmp/tmpcoc0vt6k']
[2024-04-02 13:09:20,396] {standard_task_runner.py:80} INFO - Job 187: Subtask AAPL
[2024-04-02 13:09:20,464] {task_command.py:370} INFO - Running <TaskInstance: get_stocks_dag.AAPL scheduled__2024-03-05T00:00:00+00:00 [running]> on host alexmend-virtual-machine
[2024-04-02 13:09:20,552] {taskinstance.py:1569} INFO - Exporting the following env vars:
AIRFLOW_CTX_DAG_OWNER=airflow
AIRFLOW_CTX_DAG_ID=get_stocks_dag
AIRFLOW_CTX_TASK_ID=AAPL
AIRFLOW_CTX_EXECUTION_DATE=2024-03-05T00:00:00+00:00
AIRFLOW_CTX_TRY_NUMBER=1
AIRFLOW_CTX_DAG_RUN_ID=scheduled__2024-03-05T00:00:00+00:00
[2024-04-02 13:09:21,434] {python.py:173} INFO - Done. Returned value was: None
[2024-04-02 13:09:21,450] {taskinstance.py:1395} INFO - Marking task as SUCCESS. dag_id=get_stocks_dag, task_id=AAPL, execution_date=20240305T000000, start_date=20240402T160920, end_date=20240402T160921
[2024-04-02 13:09:21,501] {local_task_job.py:156} INFO - Task exited with return code 0
[2024-04-02 13:09:21,533] {local_task_job.py:273} INFO - 0 downstream tasks scheduled from follow-on schedule check
[2024-04-02 17:19:26,236] {taskinstance.py:1159} INFO - Dependencies all met for <TaskInstance: get_stocks_dag.AAPL scheduled__2024-03-05T00:00:00+00:00 [queued]>
[2024-04-02 17:19:26,333] {taskinstance.py:1159} INFO - Dependencies all met for <TaskInstance: get_stocks_dag.AAPL scheduled__2024-03-05T00:00:00+00:00 [queued]>
[2024-04-02 17:19:26,354] {taskinstance.py:1356} INFO - 
--------------------------------------------------------------------------------
[2024-04-02 17:19:26,355] {taskinstance.py:1357} INFO - Starting attempt 1 of 1
[2024-04-02 17:19:26,355] {taskinstance.py:1358} INFO - 
--------------------------------------------------------------------------------
[2024-04-02 17:19:26,506] {taskinstance.py:1377} INFO - Executing <Task(_PythonDecoratedOperator): AAPL> on 2024-03-05 00:00:00+00:00
[2024-04-02 17:19:26,548] {standard_task_runner.py:52} INFO - Started process 8100 to run task
[2024-04-02 17:19:26,598] {standard_task_runner.py:79} INFO - Running: ['airflow', 'tasks', 'run', 'get_stocks_dag', 'AAPL', 'scheduled__2024-03-05T00:00:00+00:00', '--job-id', '171', '--raw', '--subdir', 'DAGS_FOLDER/get_stocks.py', '--cfg-path', '/tmp/tmp_osiwv_f', '--error-file', '/tmp/tmp5qb3i13j']
[2024-04-02 17:19:26,608] {standard_task_runner.py:80} INFO - Job 171: Subtask AAPL
[2024-04-02 17:19:27,427] {task_command.py:370} INFO - Running <TaskInstance: get_stocks_dag.AAPL scheduled__2024-03-05T00:00:00+00:00 [running]> on host alexmend-virtual-machine
[2024-04-02 17:19:28,491] {taskinstance.py:1569} INFO - Exporting the following env vars:
AIRFLOW_CTX_DAG_OWNER=airflow
AIRFLOW_CTX_DAG_ID=get_stocks_dag
AIRFLOW_CTX_TASK_ID=AAPL
AIRFLOW_CTX_EXECUTION_DATE=2024-03-05T00:00:00+00:00
AIRFLOW_CTX_TRY_NUMBER=1
AIRFLOW_CTX_DAG_RUN_ID=scheduled__2024-03-05T00:00:00+00:00
[2024-04-02 17:19:30,015] {python.py:173} INFO - Done. Returned value was: None
[2024-04-02 17:19:30,604] {taskinstance.py:1395} INFO - Marking task as SUCCESS. dag_id=get_stocks_dag, task_id=AAPL, execution_date=20240305T000000, start_date=20240402T201926, end_date=20240402T201930
[2024-04-02 17:19:30,801] {local_task_job.py:156} INFO - Task exited with return code 0
[2024-04-02 17:19:31,112] {local_task_job.py:273} INFO - 0 downstream tasks scheduled from follow-on schedule check
[2024-04-02 17:46:00,349] {taskinstance.py:1159} INFO - Dependencies all met for <TaskInstance: get_stocks_dag.AAPL scheduled__2024-03-05T00:00:00+00:00 [queued]>
[2024-04-02 17:46:00,361] {taskinstance.py:1159} INFO - Dependencies all met for <TaskInstance: get_stocks_dag.AAPL scheduled__2024-03-05T00:00:00+00:00 [queued]>
[2024-04-02 17:46:00,361] {taskinstance.py:1356} INFO - 
--------------------------------------------------------------------------------
[2024-04-02 17:46:00,361] {taskinstance.py:1357} INFO - Starting attempt 1 of 1
[2024-04-02 17:46:00,361] {taskinstance.py:1358} INFO - 
--------------------------------------------------------------------------------
[2024-04-02 17:46:00,382] {taskinstance.py:1377} INFO - Executing <Task(_PythonDecoratedOperator): AAPL> on 2024-03-05 00:00:00+00:00
[2024-04-02 17:46:00,388] {standard_task_runner.py:52} INFO - Started process 22994 to run task
[2024-04-02 17:46:00,404] {standard_task_runner.py:79} INFO - Running: ['airflow', 'tasks', 'run', 'get_stocks_dag', 'AAPL', 'scheduled__2024-03-05T00:00:00+00:00', '--job-id', '431', '--raw', '--subdir', 'DAGS_FOLDER/get_stocks.py', '--cfg-path', '/tmp/tmp__g4v298', '--error-file', '/tmp/tmp5cl41bvn']
[2024-04-02 17:46:00,406] {standard_task_runner.py:80} INFO - Job 431: Subtask AAPL
[2024-04-02 17:46:00,507] {task_command.py:370} INFO - Running <TaskInstance: get_stocks_dag.AAPL scheduled__2024-03-05T00:00:00+00:00 [running]> on host alexmend-virtual-machine
[2024-04-02 17:46:00,627] {taskinstance.py:1569} INFO - Exporting the following env vars:
AIRFLOW_CTX_DAG_OWNER=airflow
AIRFLOW_CTX_DAG_ID=get_stocks_dag
AIRFLOW_CTX_TASK_ID=AAPL
AIRFLOW_CTX_EXECUTION_DATE=2024-03-05T00:00:00+00:00
AIRFLOW_CTX_TRY_NUMBER=1
AIRFLOW_CTX_DAG_RUN_ID=scheduled__2024-03-05T00:00:00+00:00
[2024-04-02 17:46:01,306] {python.py:173} INFO - Done. Returned value was: None
[2024-04-02 17:46:01,338] {taskinstance.py:1395} INFO - Marking task as SUCCESS. dag_id=get_stocks_dag, task_id=AAPL, execution_date=20240305T000000, start_date=20240402T204600, end_date=20240402T204601
[2024-04-02 17:46:01,403] {local_task_job.py:156} INFO - Task exited with return code 0
[2024-04-02 17:46:01,473] {local_task_job.py:273} INFO - 0 downstream tasks scheduled from follow-on schedule check
[2024-04-02 19:14:44,714] {taskinstance.py:1159} INFO - Dependencies all met for <TaskInstance: get_stocks_dag.AAPL scheduled__2024-03-05T00:00:00+00:00 [queued]>
[2024-04-02 19:14:44,734] {taskinstance.py:1159} INFO - Dependencies all met for <TaskInstance: get_stocks_dag.AAPL scheduled__2024-03-05T00:00:00+00:00 [queued]>
[2024-04-02 19:14:44,735] {taskinstance.py:1356} INFO - 
--------------------------------------------------------------------------------
[2024-04-02 19:14:44,736] {taskinstance.py:1357} INFO - Starting attempt 1 of 1
[2024-04-02 19:14:44,736] {taskinstance.py:1358} INFO - 
--------------------------------------------------------------------------------
[2024-04-02 19:14:44,771] {taskinstance.py:1377} INFO - Executing <Task(_PythonDecoratedOperator): AAPL> on 2024-03-05 00:00:00+00:00
[2024-04-02 19:14:44,779] {standard_task_runner.py:52} INFO - Started process 13929 to run task
[2024-04-02 19:14:44,788] {standard_task_runner.py:79} INFO - Running: ['airflow', 'tasks', 'run', 'get_stocks_dag', 'AAPL', 'scheduled__2024-03-05T00:00:00+00:00', '--job-id', '531', '--raw', '--subdir', 'DAGS_FOLDER/get_stocks.py', '--cfg-path', '/tmp/tmplz42fprp', '--error-file', '/tmp/tmpj0i3cd_1']
[2024-04-02 19:14:44,790] {standard_task_runner.py:80} INFO - Job 531: Subtask AAPL
[2024-04-02 19:14:44,951] {task_command.py:370} INFO - Running <TaskInstance: get_stocks_dag.AAPL scheduled__2024-03-05T00:00:00+00:00 [running]> on host alexmend-virtual-machine
[2024-04-02 19:14:45,113] {taskinstance.py:1569} INFO - Exporting the following env vars:
AIRFLOW_CTX_DAG_OWNER=airflow
AIRFLOW_CTX_DAG_ID=get_stocks_dag
AIRFLOW_CTX_TASK_ID=AAPL
AIRFLOW_CTX_EXECUTION_DATE=2024-03-05T00:00:00+00:00
AIRFLOW_CTX_TRY_NUMBER=1
AIRFLOW_CTX_DAG_RUN_ID=scheduled__2024-03-05T00:00:00+00:00
[2024-04-02 19:14:45,814] {python.py:173} INFO - Done. Returned value was: None
[2024-04-02 19:14:45,838] {taskinstance.py:1395} INFO - Marking task as SUCCESS. dag_id=get_stocks_dag, task_id=AAPL, execution_date=20240305T000000, start_date=20240402T221444, end_date=20240402T221445
[2024-04-02 19:14:45,902] {local_task_job.py:156} INFO - Task exited with return code 0
[2024-04-02 19:14:45,991] {local_task_job.py:273} INFO - 0 downstream tasks scheduled from follow-on schedule check
[2024-04-02 20:38:26,084] {taskinstance.py:1159} INFO - Dependencies all met for <TaskInstance: get_stocks_dag.AAPL scheduled__2024-03-05T00:00:00+00:00 [queued]>
[2024-04-02 20:38:26,107] {taskinstance.py:1159} INFO - Dependencies all met for <TaskInstance: get_stocks_dag.AAPL scheduled__2024-03-05T00:00:00+00:00 [queued]>
[2024-04-02 20:38:26,108] {taskinstance.py:1356} INFO - 
--------------------------------------------------------------------------------
[2024-04-02 20:38:26,108] {taskinstance.py:1357} INFO - Starting attempt 1 of 1
[2024-04-02 20:38:26,110] {taskinstance.py:1358} INFO - 
--------------------------------------------------------------------------------
[2024-04-02 20:38:26,149] {taskinstance.py:1377} INFO - Executing <Task(_PythonDecoratedOperator): AAPL> on 2024-03-05 00:00:00+00:00
[2024-04-02 20:38:26,164] {standard_task_runner.py:52} INFO - Started process 25232 to run task
[2024-04-02 20:38:26,176] {standard_task_runner.py:79} INFO - Running: ['airflow', 'tasks', 'run', 'get_stocks_dag', 'AAPL', 'scheduled__2024-03-05T00:00:00+00:00', '--job-id', '632', '--raw', '--subdir', 'DAGS_FOLDER/get_stocks.py', '--cfg-path', '/tmp/tmpzpmxpw5g', '--error-file', '/tmp/tmpavrdo6g_']
[2024-04-02 20:38:26,178] {standard_task_runner.py:80} INFO - Job 632: Subtask AAPL
[2024-04-02 20:38:26,439] {task_command.py:370} INFO - Running <TaskInstance: get_stocks_dag.AAPL scheduled__2024-03-05T00:00:00+00:00 [running]> on host alexmend-virtual-machine
[2024-04-02 20:38:26,632] {taskinstance.py:1569} INFO - Exporting the following env vars:
AIRFLOW_CTX_DAG_OWNER=airflow
AIRFLOW_CTX_DAG_ID=get_stocks_dag
AIRFLOW_CTX_TASK_ID=AAPL
AIRFLOW_CTX_EXECUTION_DATE=2024-03-05T00:00:00+00:00
AIRFLOW_CTX_TRY_NUMBER=1
AIRFLOW_CTX_DAG_RUN_ID=scheduled__2024-03-05T00:00:00+00:00
[2024-04-02 20:38:27,269] {python.py:173} INFO - Done. Returned value was: None
[2024-04-02 20:38:27,305] {taskinstance.py:1395} INFO - Marking task as SUCCESS. dag_id=get_stocks_dag, task_id=AAPL, execution_date=20240305T000000, start_date=20240402T233826, end_date=20240402T233827
[2024-04-02 20:38:27,410] {local_task_job.py:156} INFO - Task exited with return code 0
[2024-04-02 20:38:27,534] {local_task_job.py:273} INFO - 0 downstream tasks scheduled from follow-on schedule check
[2024-04-02 21:46:24,396] {taskinstance.py:1159} INFO - Dependencies all met for <TaskInstance: get_stocks_dag.AAPL scheduled__2024-03-05T00:00:00+00:00 [queued]>
[2024-04-02 21:46:24,461] {taskinstance.py:1159} INFO - Dependencies all met for <TaskInstance: get_stocks_dag.AAPL scheduled__2024-03-05T00:00:00+00:00 [queued]>
[2024-04-02 21:46:24,462] {taskinstance.py:1356} INFO - 
--------------------------------------------------------------------------------
[2024-04-02 21:46:24,462] {taskinstance.py:1357} INFO - Starting attempt 1 of 1
[2024-04-02 21:46:24,463] {taskinstance.py:1358} INFO - 
--------------------------------------------------------------------------------
[2024-04-02 21:46:24,528] {taskinstance.py:1377} INFO - Executing <Task(_PythonDecoratedOperator): AAPL> on 2024-03-05 00:00:00+00:00
[2024-04-02 21:46:24,547] {standard_task_runner.py:52} INFO - Started process 48178 to run task
[2024-04-02 21:46:24,576] {standard_task_runner.py:79} INFO - Running: ['airflow', 'tasks', 'run', 'get_stocks_dag', 'AAPL', 'scheduled__2024-03-05T00:00:00+00:00', '--job-id', '759', '--raw', '--subdir', 'DAGS_FOLDER/get_stocks.py', '--cfg-path', '/tmp/tmplgg6rylv', '--error-file', '/tmp/tmpouheprnw']
[2024-04-02 21:46:24,582] {standard_task_runner.py:80} INFO - Job 759: Subtask AAPL
[2024-04-02 21:46:24,854] {task_command.py:370} INFO - Running <TaskInstance: get_stocks_dag.AAPL scheduled__2024-03-05T00:00:00+00:00 [running]> on host alexmend-virtual-machine
[2024-04-02 21:46:25,166] {taskinstance.py:1569} INFO - Exporting the following env vars:
AIRFLOW_CTX_DAG_OWNER=airflow
AIRFLOW_CTX_DAG_ID=get_stocks_dag
AIRFLOW_CTX_TASK_ID=AAPL
AIRFLOW_CTX_EXECUTION_DATE=2024-03-05T00:00:00+00:00
AIRFLOW_CTX_TRY_NUMBER=1
AIRFLOW_CTX_DAG_RUN_ID=scheduled__2024-03-05T00:00:00+00:00
[2024-04-02 21:46:35,962] {python.py:173} INFO - Done. Returned value was: None
[2024-04-02 21:46:36,120] {taskinstance.py:1395} INFO - Marking task as SUCCESS. dag_id=get_stocks_dag, task_id=AAPL, execution_date=20240305T000000, start_date=20240403T004624, end_date=20240403T004636
[2024-04-02 21:46:36,178] {local_task_job.py:156} INFO - Task exited with return code 0
[2024-04-02 21:46:36,286] {local_task_job.py:273} INFO - 0 downstream tasks scheduled from follow-on schedule check
[2024-04-02 22:53:56,927] {taskinstance.py:1159} INFO - Dependencies all met for <TaskInstance: get_stocks_dag.AAPL scheduled__2024-03-05T00:00:00+00:00 [queued]>
[2024-04-02 22:53:56,950] {taskinstance.py:1159} INFO - Dependencies all met for <TaskInstance: get_stocks_dag.AAPL scheduled__2024-03-05T00:00:00+00:00 [queued]>
[2024-04-02 22:53:56,952] {taskinstance.py:1356} INFO - 
--------------------------------------------------------------------------------
[2024-04-02 22:53:56,952] {taskinstance.py:1357} INFO - Starting attempt 1 of 1
[2024-04-02 22:53:56,953] {taskinstance.py:1358} INFO - 
--------------------------------------------------------------------------------
[2024-04-02 22:53:56,984] {taskinstance.py:1377} INFO - Executing <Task(_PythonDecoratedOperator): AAPL> on 2024-03-05 00:00:00+00:00
[2024-04-02 22:53:56,995] {standard_task_runner.py:52} INFO - Started process 72908 to run task
[2024-04-02 22:53:57,004] {standard_task_runner.py:79} INFO - Running: ['airflow', 'tasks', 'run', 'get_stocks_dag', 'AAPL', 'scheduled__2024-03-05T00:00:00+00:00', '--job-id', '1023', '--raw', '--subdir', 'DAGS_FOLDER/get_stocks.py', '--cfg-path', '/tmp/tmp0qtfwjmd', '--error-file', '/tmp/tmpr8fubfof']
[2024-04-02 22:53:57,009] {standard_task_runner.py:80} INFO - Job 1023: Subtask AAPL
[2024-04-02 22:53:57,153] {task_command.py:370} INFO - Running <TaskInstance: get_stocks_dag.AAPL scheduled__2024-03-05T00:00:00+00:00 [running]> on host alexmend-virtual-machine
[2024-04-02 22:53:57,307] {taskinstance.py:1569} INFO - Exporting the following env vars:
AIRFLOW_CTX_DAG_OWNER=airflow
AIRFLOW_CTX_DAG_ID=get_stocks_dag
AIRFLOW_CTX_TASK_ID=AAPL
AIRFLOW_CTX_EXECUTION_DATE=2024-03-05T00:00:00+00:00
AIRFLOW_CTX_TRY_NUMBER=1
AIRFLOW_CTX_DAG_RUN_ID=scheduled__2024-03-05T00:00:00+00:00
[2024-04-02 22:54:08,032] {python.py:173} INFO - Done. Returned value was: None
[2024-04-02 22:54:08,137] {taskinstance.py:1395} INFO - Marking task as SUCCESS. dag_id=get_stocks_dag, task_id=AAPL, execution_date=20240305T000000, start_date=20240403T015356, end_date=20240403T015408
[2024-04-02 22:54:08,228] {local_task_job.py:156} INFO - Task exited with return code 0
[2024-04-02 22:54:08,440] {local_task_job.py:273} INFO - 0 downstream tasks scheduled from follow-on schedule check
