[2024-04-02 12:57:46,556] {taskinstance.py:1159} INFO - Dependencies all met for <TaskInstance: get_stocks_dag.TSLA scheduled__2024-01-06T00:00:00+00:00 [queued]>
[2024-04-02 12:57:46,601] {taskinstance.py:1159} INFO - Dependencies all met for <TaskInstance: get_stocks_dag.TSLA scheduled__2024-01-06T00:00:00+00:00 [queued]>
[2024-04-02 12:57:46,602] {taskinstance.py:1356} INFO - 
--------------------------------------------------------------------------------
[2024-04-02 12:57:46,603] {taskinstance.py:1357} INFO - Starting attempt 1 of 1
[2024-04-02 12:57:46,604] {taskinstance.py:1358} INFO - 
--------------------------------------------------------------------------------
[2024-04-02 12:57:46,678] {taskinstance.py:1377} INFO - Executing <Task(_PythonDecoratedOperator): TSLA> on 2024-01-06 00:00:00+00:00
[2024-04-02 12:57:46,694] {standard_task_runner.py:52} INFO - Started process 8221 to run task
[2024-04-02 12:57:46,755] {standard_task_runner.py:79} INFO - Running: ['airflow', 'tasks', 'run', 'get_stocks_dag', 'TSLA', 'scheduled__2024-01-06T00:00:00+00:00', '--job-id', '26', '--raw', '--subdir', 'DAGS_FOLDER/get_stocks.py', '--cfg-path', '/tmp/tmpf8mp30ow', '--error-file', '/tmp/tmpxep2j9wv']
[2024-04-02 12:57:46,757] {standard_task_runner.py:80} INFO - Job 26: Subtask TSLA
[2024-04-02 12:57:46,968] {task_command.py:370} INFO - Running <TaskInstance: get_stocks_dag.TSLA scheduled__2024-01-06T00:00:00+00:00 [running]> on host alexmend-virtual-machine
[2024-04-02 12:57:47,240] {taskinstance.py:1569} INFO - Exporting the following env vars:
AIRFLOW_CTX_DAG_OWNER=airflow
AIRFLOW_CTX_DAG_ID=get_stocks_dag
AIRFLOW_CTX_TASK_ID=TSLA
AIRFLOW_CTX_EXECUTION_DATE=2024-01-06T00:00:00+00:00
AIRFLOW_CTX_TRY_NUMBER=1
AIRFLOW_CTX_DAG_RUN_ID=scheduled__2024-01-06T00:00:00+00:00
[2024-04-02 12:57:48,150] {python.py:173} INFO - Done. Returned value was: None
[2024-04-02 12:57:48,173] {taskinstance.py:1395} INFO - Marking task as SUCCESS. dag_id=get_stocks_dag, task_id=TSLA, execution_date=20240106T000000, start_date=20240402T155746, end_date=20240402T155748
[2024-04-02 12:57:48,247] {local_task_job.py:156} INFO - Task exited with return code 0
[2024-04-02 12:57:48,312] {local_task_job.py:273} INFO - 0 downstream tasks scheduled from follow-on schedule check
[2024-04-02 13:47:40,111] {taskinstance.py:1159} INFO - Dependencies all met for <TaskInstance: get_stocks_dag.TSLA scheduled__2024-01-06T00:00:00+00:00 [queued]>
[2024-04-02 13:47:40,408] {taskinstance.py:1159} INFO - Dependencies all met for <TaskInstance: get_stocks_dag.TSLA scheduled__2024-01-06T00:00:00+00:00 [queued]>
[2024-04-02 13:47:40,409] {taskinstance.py:1356} INFO - 
--------------------------------------------------------------------------------
[2024-04-02 13:47:40,410] {taskinstance.py:1357} INFO - Starting attempt 1 of 1
[2024-04-02 13:47:40,412] {taskinstance.py:1358} INFO - 
--------------------------------------------------------------------------------
[2024-04-02 13:47:41,076] {taskinstance.py:1377} INFO - Executing <Task(_PythonDecoratedOperator): TSLA> on 2024-01-06 00:00:00+00:00
[2024-04-02 13:47:41,781] {standard_task_runner.py:79} INFO - Running: ['airflow', 'tasks', 'run', 'get_stocks_dag', 'TSLA', 'scheduled__2024-01-06T00:00:00+00:00', '--job-id', '10', '--raw', '--subdir', 'DAGS_FOLDER/get_stocks.py', '--cfg-path', '/tmp/tmp_p7p0evf', '--error-file', '/tmp/tmpaq3rtytr']
[2024-04-02 13:47:41,913] {standard_task_runner.py:80} INFO - Job 10: Subtask TSLA
[2024-04-02 13:47:41,588] {standard_task_runner.py:52} INFO - Started process 26881 to run task
[2024-04-02 13:47:52,161] {task_command.py:370} INFO - Running <TaskInstance: get_stocks_dag.TSLA scheduled__2024-01-06T00:00:00+00:00 [running]> on host alexmend-virtual-machine
[2024-04-02 13:48:24,477] {taskinstance.py:1569} INFO - Exporting the following env vars:
AIRFLOW_CTX_DAG_OWNER=airflow
AIRFLOW_CTX_DAG_ID=get_stocks_dag
AIRFLOW_CTX_TASK_ID=TSLA
AIRFLOW_CTX_EXECUTION_DATE=2024-01-06T00:00:00+00:00
AIRFLOW_CTX_TRY_NUMBER=1
AIRFLOW_CTX_DAG_RUN_ID=scheduled__2024-01-06T00:00:00+00:00
[2024-04-02 17:42:04,719] {taskinstance.py:1159} INFO - Dependencies all met for <TaskInstance: get_stocks_dag.TSLA scheduled__2024-01-06T00:00:00+00:00 [queued]>
[2024-04-02 17:42:04,745] {taskinstance.py:1159} INFO - Dependencies all met for <TaskInstance: get_stocks_dag.TSLA scheduled__2024-01-06T00:00:00+00:00 [queued]>
[2024-04-02 17:42:04,746] {taskinstance.py:1356} INFO - 
--------------------------------------------------------------------------------
[2024-04-02 17:42:04,746] {taskinstance.py:1357} INFO - Starting attempt 1 of 1
[2024-04-02 17:42:04,746] {taskinstance.py:1358} INFO - 
--------------------------------------------------------------------------------
[2024-04-02 17:42:04,784] {taskinstance.py:1377} INFO - Executing <Task(_PythonDecoratedOperator): TSLA> on 2024-01-06 00:00:00+00:00
[2024-04-02 17:42:04,791] {standard_task_runner.py:52} INFO - Started process 18379 to run task
[2024-04-02 17:42:04,803] {standard_task_runner.py:79} INFO - Running: ['airflow', 'tasks', 'run', 'get_stocks_dag', 'TSLA', 'scheduled__2024-01-06T00:00:00+00:00', '--job-id', '269', '--raw', '--subdir', 'DAGS_FOLDER/get_stocks.py', '--cfg-path', '/tmp/tmp_480t91b', '--error-file', '/tmp/tmph13_wbxi']
[2024-04-02 17:42:04,805] {standard_task_runner.py:80} INFO - Job 269: Subtask TSLA
[2024-04-02 17:42:04,995] {task_command.py:370} INFO - Running <TaskInstance: get_stocks_dag.TSLA scheduled__2024-01-06T00:00:00+00:00 [running]> on host alexmend-virtual-machine
[2024-04-02 17:42:05,158] {taskinstance.py:1569} INFO - Exporting the following env vars:
AIRFLOW_CTX_DAG_OWNER=airflow
AIRFLOW_CTX_DAG_ID=get_stocks_dag
AIRFLOW_CTX_TASK_ID=TSLA
AIRFLOW_CTX_EXECUTION_DATE=2024-01-06T00:00:00+00:00
AIRFLOW_CTX_TRY_NUMBER=1
AIRFLOW_CTX_DAG_RUN_ID=scheduled__2024-01-06T00:00:00+00:00
[2024-04-02 17:42:05,786] {python.py:173} INFO - Done. Returned value was: None
[2024-04-02 17:42:05,805] {taskinstance.py:1395} INFO - Marking task as SUCCESS. dag_id=get_stocks_dag, task_id=TSLA, execution_date=20240106T000000, start_date=20240402T204204, end_date=20240402T204205
[2024-04-02 17:42:05,861] {local_task_job.py:156} INFO - Task exited with return code 0
[2024-04-02 17:42:05,931] {local_task_job.py:273} INFO - 0 downstream tasks scheduled from follow-on schedule check
