[2024-04-02 22:02:19,554] {taskinstance.py:1159} INFO - Dependencies all met for <TaskInstance: get_crypto_dag.ETH scheduled__2024-03-27T00:00:00+00:00 [queued]>
[2024-04-02 22:02:19,569] {taskinstance.py:1159} INFO - Dependencies all met for <TaskInstance: get_crypto_dag.ETH scheduled__2024-03-27T00:00:00+00:00 [queued]>
[2024-04-02 22:02:19,569] {taskinstance.py:1356} INFO - 
--------------------------------------------------------------------------------
[2024-04-02 22:02:19,569] {taskinstance.py:1357} INFO - Starting attempt 1 of 1
[2024-04-02 22:02:19,569] {taskinstance.py:1358} INFO - 
--------------------------------------------------------------------------------
[2024-04-02 22:02:19,586] {taskinstance.py:1377} INFO - Executing <Task(_PythonDecoratedOperator): ETH> on 2024-03-27 00:00:00+00:00
[2024-04-02 22:02:19,595] {standard_task_runner.py:52} INFO - Started process 59148 to run task
[2024-04-02 22:02:19,606] {standard_task_runner.py:79} INFO - Running: ['airflow', 'tasks', 'run', 'get_crypto_dag', 'ETH', 'scheduled__2024-03-27T00:00:00+00:00', '--job-id', '942', '--raw', '--subdir', 'DAGS_FOLDER/get_crypto.py', '--cfg-path', '/tmp/tmpc_44fpsa', '--error-file', '/tmp/tmpobg0yoov']
[2024-04-02 22:02:19,609] {standard_task_runner.py:80} INFO - Job 942: Subtask ETH
[2024-04-02 22:02:19,753] {task_command.py:370} INFO - Running <TaskInstance: get_crypto_dag.ETH scheduled__2024-03-27T00:00:00+00:00 [running]> on host alexmend-virtual-machine
[2024-04-02 22:02:19,918] {taskinstance.py:1569} INFO - Exporting the following env vars:
AIRFLOW_CTX_DAG_OWNER=airflow
AIRFLOW_CTX_DAG_ID=get_crypto_dag
AIRFLOW_CTX_TASK_ID=ETH
AIRFLOW_CTX_EXECUTION_DATE=2024-03-27T00:00:00+00:00
AIRFLOW_CTX_TRY_NUMBER=1
AIRFLOW_CTX_DAG_RUN_ID=scheduled__2024-03-27T00:00:00+00:00
[2024-04-02 22:02:23,346] {history.py:90} ERROR - ETH: No timezone found, symbol may be delisted
[2024-04-02 22:02:33,364] {python.py:173} INFO - Done. Returned value was: None
[2024-04-02 22:02:33,401] {taskinstance.py:1395} INFO - Marking task as SUCCESS. dag_id=get_crypto_dag, task_id=ETH, execution_date=20240327T000000, start_date=20240403T010219, end_date=20240403T010233
[2024-04-02 22:02:33,501] {local_task_job.py:156} INFO - Task exited with return code 0
[2024-04-02 22:02:33,595] {local_task_job.py:273} INFO - 0 downstream tasks scheduled from follow-on schedule check
[2024-04-02 23:16:50,654] {taskinstance.py:1159} INFO - Dependencies all met for <TaskInstance: get_crypto_dag.ETH scheduled__2024-03-27T00:00:00+00:00 [queued]>
[2024-04-02 23:16:50,675] {taskinstance.py:1159} INFO - Dependencies all met for <TaskInstance: get_crypto_dag.ETH scheduled__2024-03-27T00:00:00+00:00 [queued]>
[2024-04-02 23:16:50,675] {taskinstance.py:1356} INFO - 
--------------------------------------------------------------------------------
[2024-04-02 23:16:50,675] {taskinstance.py:1357} INFO - Starting attempt 1 of 1
[2024-04-02 23:16:50,675] {taskinstance.py:1358} INFO - 
--------------------------------------------------------------------------------
[2024-04-02 23:16:50,704] {taskinstance.py:1377} INFO - Executing <Task(_PythonDecoratedOperator): ETH> on 2024-03-27 00:00:00+00:00
[2024-04-02 23:16:50,713] {standard_task_runner.py:52} INFO - Started process 84942 to run task
[2024-04-02 23:16:50,725] {standard_task_runner.py:79} INFO - Running: ['airflow', 'tasks', 'run', 'get_crypto_dag', 'ETH', 'scheduled__2024-03-27T00:00:00+00:00', '--job-id', '1178', '--raw', '--subdir', 'DAGS_FOLDER/get_crypto.py', '--cfg-path', '/tmp/tmp_tx3_uew', '--error-file', '/tmp/tmp9mzl8kh4']
[2024-04-02 23:16:50,727] {standard_task_runner.py:80} INFO - Job 1178: Subtask ETH
[2024-04-02 23:16:50,972] {task_command.py:370} INFO - Running <TaskInstance: get_crypto_dag.ETH scheduled__2024-03-27T00:00:00+00:00 [running]> on host alexmend-virtual-machine
[2024-04-02 23:16:51,250] {taskinstance.py:1569} INFO - Exporting the following env vars:
AIRFLOW_CTX_DAG_OWNER=airflow
AIRFLOW_CTX_DAG_ID=get_crypto_dag
AIRFLOW_CTX_TASK_ID=ETH
AIRFLOW_CTX_EXECUTION_DATE=2024-03-27T00:00:00+00:00
AIRFLOW_CTX_TRY_NUMBER=1
AIRFLOW_CTX_DAG_RUN_ID=scheduled__2024-03-27T00:00:00+00:00
[2024-04-02 23:16:55,316] {history.py:90} ERROR - ETH: No timezone found, symbol may be delisted
[2024-04-02 23:17:05,331] {python.py:173} INFO - Done. Returned value was: None
[2024-04-02 23:17:05,457] {taskinstance.py:1395} INFO - Marking task as SUCCESS. dag_id=get_crypto_dag, task_id=ETH, execution_date=20240327T000000, start_date=20240403T021650, end_date=20240403T021705
[2024-04-02 23:17:05,525] {local_task_job.py:156} INFO - Task exited with return code 0
[2024-04-02 23:17:05,596] {local_task_job.py:273} INFO - 0 downstream tasks scheduled from follow-on schedule check
