[2024-04-02 21:55:40,819] {taskinstance.py:1159} INFO - Dependencies all met for <TaskInstance: get_crypto_dag.BTC scheduled__2024-03-15T00:00:00+00:00 [queued]>
[2024-04-02 21:55:40,836] {taskinstance.py:1159} INFO - Dependencies all met for <TaskInstance: get_crypto_dag.BTC scheduled__2024-03-15T00:00:00+00:00 [queued]>
[2024-04-02 21:55:40,836] {taskinstance.py:1356} INFO - 
--------------------------------------------------------------------------------
[2024-04-02 21:55:40,836] {taskinstance.py:1357} INFO - Starting attempt 1 of 1
[2024-04-02 21:55:40,836] {taskinstance.py:1358} INFO - 
--------------------------------------------------------------------------------
[2024-04-02 21:55:40,864] {taskinstance.py:1377} INFO - Executing <Task(_PythonDecoratedOperator): BTC> on 2024-03-15 00:00:00+00:00
[2024-04-02 21:55:40,877] {standard_task_runner.py:52} INFO - Started process 54479 to run task
[2024-04-02 21:55:40,895] {standard_task_runner.py:79} INFO - Running: ['airflow', 'tasks', 'run', 'get_crypto_dag', 'BTC', 'scheduled__2024-03-15T00:00:00+00:00', '--job-id', '873', '--raw', '--subdir', 'DAGS_FOLDER/get_crypto.py', '--cfg-path', '/tmp/tmpgwkj9m44', '--error-file', '/tmp/tmpfbqdbp1f']
[2024-04-02 21:55:40,896] {standard_task_runner.py:80} INFO - Job 873: Subtask BTC
[2024-04-02 21:55:41,103] {task_command.py:370} INFO - Running <TaskInstance: get_crypto_dag.BTC scheduled__2024-03-15T00:00:00+00:00 [running]> on host alexmend-virtual-machine
[2024-04-02 21:55:41,300] {taskinstance.py:1569} INFO - Exporting the following env vars:
AIRFLOW_CTX_DAG_OWNER=airflow
AIRFLOW_CTX_DAG_ID=get_crypto_dag
AIRFLOW_CTX_TASK_ID=BTC
AIRFLOW_CTX_EXECUTION_DATE=2024-03-15T00:00:00+00:00
AIRFLOW_CTX_TRY_NUMBER=1
AIRFLOW_CTX_DAG_RUN_ID=scheduled__2024-03-15T00:00:00+00:00
[2024-04-02 21:55:42,182] {history.py:222} ERROR - BTC: No price data found, symbol may be delisted (1h 2024-03-14 -> 2024-03-15)
[2024-04-02 21:55:52,199] {python.py:173} INFO - Done. Returned value was: None
[2024-04-02 21:55:52,374] {taskinstance.py:1395} INFO - Marking task as SUCCESS. dag_id=get_crypto_dag, task_id=BTC, execution_date=20240315T000000, start_date=20240403T005540, end_date=20240403T005552
[2024-04-02 21:55:52,441] {local_task_job.py:156} INFO - Task exited with return code 0
[2024-04-02 21:55:52,584] {local_task_job.py:273} INFO - 0 downstream tasks scheduled from follow-on schedule check
[2024-04-02 23:04:33,864] {taskinstance.py:1159} INFO - Dependencies all met for <TaskInstance: get_crypto_dag.BTC scheduled__2024-03-15T00:00:00+00:00 [queued]>
[2024-04-02 23:04:33,889] {taskinstance.py:1159} INFO - Dependencies all met for <TaskInstance: get_crypto_dag.BTC scheduled__2024-03-15T00:00:00+00:00 [queued]>
[2024-04-02 23:04:33,889] {taskinstance.py:1356} INFO - 
--------------------------------------------------------------------------------
[2024-04-02 23:04:33,889] {taskinstance.py:1357} INFO - Starting attempt 1 of 1
[2024-04-02 23:04:33,889] {taskinstance.py:1358} INFO - 
--------------------------------------------------------------------------------
[2024-04-02 23:04:33,924] {taskinstance.py:1377} INFO - Executing <Task(_PythonDecoratedOperator): BTC> on 2024-03-15 00:00:00+00:00
[2024-04-02 23:04:33,935] {standard_task_runner.py:52} INFO - Started process 78306 to run task
[2024-04-02 23:04:33,954] {standard_task_runner.py:79} INFO - Running: ['airflow', 'tasks', 'run', 'get_crypto_dag', 'BTC', 'scheduled__2024-03-15T00:00:00+00:00', '--job-id', '1093', '--raw', '--subdir', 'DAGS_FOLDER/get_crypto.py', '--cfg-path', '/tmp/tmplvuxx6_y', '--error-file', '/tmp/tmp4_3ujycc']
[2024-04-02 23:04:33,956] {standard_task_runner.py:80} INFO - Job 1093: Subtask BTC
[2024-04-02 23:04:34,124] {task_command.py:370} INFO - Running <TaskInstance: get_crypto_dag.BTC scheduled__2024-03-15T00:00:00+00:00 [running]> on host alexmend-virtual-machine
[2024-04-02 23:04:34,313] {taskinstance.py:1569} INFO - Exporting the following env vars:
AIRFLOW_CTX_DAG_OWNER=airflow
AIRFLOW_CTX_DAG_ID=get_crypto_dag
AIRFLOW_CTX_TASK_ID=BTC
AIRFLOW_CTX_EXECUTION_DATE=2024-03-15T00:00:00+00:00
AIRFLOW_CTX_TRY_NUMBER=1
AIRFLOW_CTX_DAG_RUN_ID=scheduled__2024-03-15T00:00:00+00:00
[2024-04-02 23:04:34,989] {history.py:222} ERROR - BTC: No price data found, symbol may be delisted (1h 2024-03-14 -> 2024-03-15)
[2024-04-02 23:04:45,011] {python.py:173} INFO - Done. Returned value was: None
[2024-04-02 23:04:45,047] {taskinstance.py:1395} INFO - Marking task as SUCCESS. dag_id=get_crypto_dag, task_id=BTC, execution_date=20240315T000000, start_date=20240403T020433, end_date=20240403T020445
[2024-04-02 23:04:45,106] {local_task_job.py:156} INFO - Task exited with return code 0
[2024-04-02 23:04:45,179] {local_task_job.py:273} INFO - 0 downstream tasks scheduled from follow-on schedule check
