[2024-04-02 13:12:23,362] {taskinstance.py:1159} INFO - Dependencies all met for <TaskInstance: get_stocks_dag.GOOG scheduled__2024-03-20T00:00:00+00:00 [queued]>
[2024-04-02 13:12:23,373] {taskinstance.py:1159} INFO - Dependencies all met for <TaskInstance: get_stocks_dag.GOOG scheduled__2024-03-20T00:00:00+00:00 [queued]>
[2024-04-02 13:12:23,373] {taskinstance.py:1356} INFO - 
--------------------------------------------------------------------------------
[2024-04-02 13:12:23,373] {taskinstance.py:1357} INFO - Starting attempt 1 of 1
[2024-04-02 13:12:23,373] {taskinstance.py:1358} INFO - 
--------------------------------------------------------------------------------
[2024-04-02 13:12:23,393] {taskinstance.py:1377} INFO - Executing <Task(_PythonDecoratedOperator): GOOG> on 2024-03-20 00:00:00+00:00
[2024-04-02 13:12:23,399] {standard_task_runner.py:52} INFO - Started process 13221 to run task
[2024-04-02 13:12:23,406] {standard_task_runner.py:79} INFO - Running: ['airflow', 'tasks', 'run', 'get_stocks_dag', 'GOOG', 'scheduled__2024-03-20T00:00:00+00:00', '--job-id', '233', '--raw', '--subdir', 'DAGS_FOLDER/get_stocks.py', '--cfg-path', '/tmp/tmpsvh9blyk', '--error-file', '/tmp/tmp4eeoonxo']
[2024-04-02 13:12:23,407] {standard_task_runner.py:80} INFO - Job 233: Subtask GOOG
[2024-04-02 13:12:23,479] {task_command.py:370} INFO - Running <TaskInstance: get_stocks_dag.GOOG scheduled__2024-03-20T00:00:00+00:00 [running]> on host alexmend-virtual-machine
[2024-04-02 13:12:23,551] {taskinstance.py:1569} INFO - Exporting the following env vars:
AIRFLOW_CTX_DAG_OWNER=airflow
AIRFLOW_CTX_DAG_ID=get_stocks_dag
AIRFLOW_CTX_TASK_ID=GOOG
AIRFLOW_CTX_EXECUTION_DATE=2024-03-20T00:00:00+00:00
AIRFLOW_CTX_TRY_NUMBER=1
AIRFLOW_CTX_DAG_RUN_ID=scheduled__2024-03-20T00:00:00+00:00
[2024-04-02 13:12:24,267] {python.py:173} INFO - Done. Returned value was: None
[2024-04-02 13:12:24,282] {taskinstance.py:1395} INFO - Marking task as SUCCESS. dag_id=get_stocks_dag, task_id=GOOG, execution_date=20240320T000000, start_date=20240402T161223, end_date=20240402T161224
[2024-04-02 13:12:24,312] {local_task_job.py:156} INFO - Task exited with return code 0
[2024-04-02 13:12:24,338] {local_task_job.py:273} INFO - 0 downstream tasks scheduled from follow-on schedule check
[2024-04-02 17:19:58,597] {taskinstance.py:1159} INFO - Dependencies all met for <TaskInstance: get_stocks_dag.GOOG scheduled__2024-03-20T00:00:00+00:00 [queued]>
[2024-04-02 17:19:58,688] {taskinstance.py:1159} INFO - Dependencies all met for <TaskInstance: get_stocks_dag.GOOG scheduled__2024-03-20T00:00:00+00:00 [queued]>
[2024-04-02 17:19:58,689] {taskinstance.py:1356} INFO - 
--------------------------------------------------------------------------------
[2024-04-02 17:19:58,689] {taskinstance.py:1357} INFO - Starting attempt 1 of 1
[2024-04-02 17:19:58,689] {taskinstance.py:1358} INFO - 
--------------------------------------------------------------------------------
[2024-04-02 17:19:58,807] {taskinstance.py:1377} INFO - Executing <Task(_PythonDecoratedOperator): GOOG> on 2024-03-20 00:00:00+00:00
[2024-04-02 17:19:58,906] {standard_task_runner.py:79} INFO - Running: ['airflow', 'tasks', 'run', 'get_stocks_dag', 'GOOG', 'scheduled__2024-03-20T00:00:00+00:00', '--job-id', '216', '--raw', '--subdir', 'DAGS_FOLDER/get_stocks.py', '--cfg-path', '/tmp/tmpmlxl1lbz', '--error-file', '/tmp/tmpr5m2gi07']
[2024-04-02 17:19:58,880] {standard_task_runner.py:52} INFO - Started process 9092 to run task
[2024-04-02 17:19:58,920] {standard_task_runner.py:80} INFO - Job 216: Subtask GOOG
[2024-04-02 17:19:59,430] {task_command.py:370} INFO - Running <TaskInstance: get_stocks_dag.GOOG scheduled__2024-03-20T00:00:00+00:00 [running]> on host alexmend-virtual-machine
[2024-04-02 17:20:00,636] {taskinstance.py:1569} INFO - Exporting the following env vars:
AIRFLOW_CTX_DAG_OWNER=airflow
AIRFLOW_CTX_DAG_ID=get_stocks_dag
AIRFLOW_CTX_TASK_ID=GOOG
AIRFLOW_CTX_EXECUTION_DATE=2024-03-20T00:00:00+00:00
AIRFLOW_CTX_TRY_NUMBER=1
AIRFLOW_CTX_DAG_RUN_ID=scheduled__2024-03-20T00:00:00+00:00
[2024-04-02 17:20:02,308] {python.py:173} INFO - Done. Returned value was: None
[2024-04-02 17:20:02,490] {taskinstance.py:1395} INFO - Marking task as SUCCESS. dag_id=get_stocks_dag, task_id=GOOG, execution_date=20240320T000000, start_date=20240402T201958, end_date=20240402T202002
[2024-04-02 17:20:02,844] {local_task_job.py:156} INFO - Task exited with return code 0
[2024-04-02 17:20:03,214] {local_task_job.py:273} INFO - 0 downstream tasks scheduled from follow-on schedule check
[2024-04-02 17:47:20,518] {taskinstance.py:1159} INFO - Dependencies all met for <TaskInstance: get_stocks_dag.GOOG scheduled__2024-03-20T00:00:00+00:00 [queued]>
[2024-04-02 17:47:20,560] {taskinstance.py:1159} INFO - Dependencies all met for <TaskInstance: get_stocks_dag.GOOG scheduled__2024-03-20T00:00:00+00:00 [queued]>
[2024-04-02 17:47:20,561] {taskinstance.py:1356} INFO - 
--------------------------------------------------------------------------------
[2024-04-02 17:47:20,562] {taskinstance.py:1357} INFO - Starting attempt 1 of 1
[2024-04-02 17:47:20,562] {taskinstance.py:1358} INFO - 
--------------------------------------------------------------------------------
[2024-04-02 17:47:20,600] {taskinstance.py:1377} INFO - Executing <Task(_PythonDecoratedOperator): GOOG> on 2024-03-20 00:00:00+00:00
[2024-04-02 17:47:20,611] {standard_task_runner.py:52} INFO - Started process 24451 to run task
[2024-04-02 17:47:20,625] {standard_task_runner.py:79} INFO - Running: ['airflow', 'tasks', 'run', 'get_stocks_dag', 'GOOG', 'scheduled__2024-03-20T00:00:00+00:00', '--job-id', '476', '--raw', '--subdir', 'DAGS_FOLDER/get_stocks.py', '--cfg-path', '/tmp/tmpbwawyk6n', '--error-file', '/tmp/tmpwo5p2z41']
[2024-04-02 17:47:20,628] {standard_task_runner.py:80} INFO - Job 476: Subtask GOOG
[2024-04-02 17:47:20,810] {task_command.py:370} INFO - Running <TaskInstance: get_stocks_dag.GOOG scheduled__2024-03-20T00:00:00+00:00 [running]> on host alexmend-virtual-machine
[2024-04-02 17:47:21,038] {taskinstance.py:1569} INFO - Exporting the following env vars:
AIRFLOW_CTX_DAG_OWNER=airflow
AIRFLOW_CTX_DAG_ID=get_stocks_dag
AIRFLOW_CTX_TASK_ID=GOOG
AIRFLOW_CTX_EXECUTION_DATE=2024-03-20T00:00:00+00:00
AIRFLOW_CTX_TRY_NUMBER=1
AIRFLOW_CTX_DAG_RUN_ID=scheduled__2024-03-20T00:00:00+00:00
[2024-04-02 17:47:22,112] {python.py:173} INFO - Done. Returned value was: None
[2024-04-02 17:47:22,145] {taskinstance.py:1395} INFO - Marking task as SUCCESS. dag_id=get_stocks_dag, task_id=GOOG, execution_date=20240320T000000, start_date=20240402T204720, end_date=20240402T204722
[2024-04-02 17:47:22,221] {local_task_job.py:156} INFO - Task exited with return code 0
[2024-04-02 17:47:22,323] {local_task_job.py:273} INFO - 0 downstream tasks scheduled from follow-on schedule check
[2024-04-02 19:16:04,134] {taskinstance.py:1159} INFO - Dependencies all met for <TaskInstance: get_stocks_dag.GOOG scheduled__2024-03-20T00:00:00+00:00 [queued]>
[2024-04-02 19:16:04,153] {taskinstance.py:1159} INFO - Dependencies all met for <TaskInstance: get_stocks_dag.GOOG scheduled__2024-03-20T00:00:00+00:00 [queued]>
[2024-04-02 19:16:04,154] {taskinstance.py:1356} INFO - 
--------------------------------------------------------------------------------
[2024-04-02 19:16:04,154] {taskinstance.py:1357} INFO - Starting attempt 1 of 1
[2024-04-02 19:16:04,154] {taskinstance.py:1358} INFO - 
--------------------------------------------------------------------------------
[2024-04-02 19:16:04,170] {taskinstance.py:1377} INFO - Executing <Task(_PythonDecoratedOperator): GOOG> on 2024-03-20 00:00:00+00:00
[2024-04-02 19:16:04,177] {standard_task_runner.py:52} INFO - Started process 15530 to run task
[2024-04-02 19:16:04,187] {standard_task_runner.py:79} INFO - Running: ['airflow', 'tasks', 'run', 'get_stocks_dag', 'GOOG', 'scheduled__2024-03-20T00:00:00+00:00', '--job-id', '577', '--raw', '--subdir', 'DAGS_FOLDER/get_stocks.py', '--cfg-path', '/tmp/tmp92tmzy1t', '--error-file', '/tmp/tmptrp7w_tz']
[2024-04-02 19:16:04,190] {standard_task_runner.py:80} INFO - Job 577: Subtask GOOG
[2024-04-02 19:16:04,369] {task_command.py:370} INFO - Running <TaskInstance: get_stocks_dag.GOOG scheduled__2024-03-20T00:00:00+00:00 [running]> on host alexmend-virtual-machine
[2024-04-02 19:16:04,535] {taskinstance.py:1569} INFO - Exporting the following env vars:
AIRFLOW_CTX_DAG_OWNER=airflow
AIRFLOW_CTX_DAG_ID=get_stocks_dag
AIRFLOW_CTX_TASK_ID=GOOG
AIRFLOW_CTX_EXECUTION_DATE=2024-03-20T00:00:00+00:00
AIRFLOW_CTX_TRY_NUMBER=1
AIRFLOW_CTX_DAG_RUN_ID=scheduled__2024-03-20T00:00:00+00:00
[2024-04-02 19:16:05,205] {python.py:173} INFO - Done. Returned value was: None
[2024-04-02 19:16:05,237] {taskinstance.py:1395} INFO - Marking task as SUCCESS. dag_id=get_stocks_dag, task_id=GOOG, execution_date=20240320T000000, start_date=20240402T221604, end_date=20240402T221605
[2024-04-02 19:16:05,289] {local_task_job.py:156} INFO - Task exited with return code 0
[2024-04-02 19:16:05,349] {local_task_job.py:273} INFO - 0 downstream tasks scheduled from follow-on schedule check
[2024-04-02 20:40:06,350] {taskinstance.py:1159} INFO - Dependencies all met for <TaskInstance: get_stocks_dag.GOOG scheduled__2024-03-20T00:00:00+00:00 [queued]>
[2024-04-02 20:40:06,368] {taskinstance.py:1159} INFO - Dependencies all met for <TaskInstance: get_stocks_dag.GOOG scheduled__2024-03-20T00:00:00+00:00 [queued]>
[2024-04-02 20:40:06,368] {taskinstance.py:1356} INFO - 
--------------------------------------------------------------------------------
[2024-04-02 20:40:06,368] {taskinstance.py:1357} INFO - Starting attempt 1 of 1
[2024-04-02 20:40:06,368] {taskinstance.py:1358} INFO - 
--------------------------------------------------------------------------------
[2024-04-02 20:40:06,388] {taskinstance.py:1377} INFO - Executing <Task(_PythonDecoratedOperator): GOOG> on 2024-03-20 00:00:00+00:00
[2024-04-02 20:40:06,396] {standard_task_runner.py:52} INFO - Started process 27012 to run task
[2024-04-02 20:40:06,406] {standard_task_runner.py:79} INFO - Running: ['airflow', 'tasks', 'run', 'get_stocks_dag', 'GOOG', 'scheduled__2024-03-20T00:00:00+00:00', '--job-id', '679', '--raw', '--subdir', 'DAGS_FOLDER/get_stocks.py', '--cfg-path', '/tmp/tmpz89p3i_f', '--error-file', '/tmp/tmpkmhr6rz6']
[2024-04-02 20:40:06,409] {standard_task_runner.py:80} INFO - Job 679: Subtask GOOG
[2024-04-02 20:40:06,565] {task_command.py:370} INFO - Running <TaskInstance: get_stocks_dag.GOOG scheduled__2024-03-20T00:00:00+00:00 [running]> on host alexmend-virtual-machine
[2024-04-02 20:40:06,689] {taskinstance.py:1569} INFO - Exporting the following env vars:
AIRFLOW_CTX_DAG_OWNER=airflow
AIRFLOW_CTX_DAG_ID=get_stocks_dag
AIRFLOW_CTX_TASK_ID=GOOG
AIRFLOW_CTX_EXECUTION_DATE=2024-03-20T00:00:00+00:00
AIRFLOW_CTX_TRY_NUMBER=1
AIRFLOW_CTX_DAG_RUN_ID=scheduled__2024-03-20T00:00:00+00:00
[2024-04-02 20:40:07,399] {python.py:173} INFO - Done. Returned value was: None
[2024-04-02 20:40:07,432] {taskinstance.py:1395} INFO - Marking task as SUCCESS. dag_id=get_stocks_dag, task_id=GOOG, execution_date=20240320T000000, start_date=20240402T234006, end_date=20240402T234007
[2024-04-02 20:40:07,470] {local_task_job.py:156} INFO - Task exited with return code 0
[2024-04-02 20:40:07,538] {local_task_job.py:273} INFO - 0 downstream tasks scheduled from follow-on schedule check
[2024-04-02 21:52:15,161] {taskinstance.py:1159} INFO - Dependencies all met for <TaskInstance: get_stocks_dag.GOOG scheduled__2024-03-20T00:00:00+00:00 [queued]>
[2024-04-02 21:52:15,194] {taskinstance.py:1159} INFO - Dependencies all met for <TaskInstance: get_stocks_dag.GOOG scheduled__2024-03-20T00:00:00+00:00 [queued]>
[2024-04-02 21:52:15,194] {taskinstance.py:1356} INFO - 
--------------------------------------------------------------------------------
[2024-04-02 21:52:15,194] {taskinstance.py:1357} INFO - Starting attempt 1 of 1
[2024-04-02 21:52:15,195] {taskinstance.py:1358} INFO - 
--------------------------------------------------------------------------------
[2024-04-02 21:52:15,281] {taskinstance.py:1377} INFO - Executing <Task(_PythonDecoratedOperator): GOOG> on 2024-03-20 00:00:00+00:00
[2024-04-02 21:52:15,355] {standard_task_runner.py:52} INFO - Started process 52668 to run task
[2024-04-02 21:52:15,372] {standard_task_runner.py:79} INFO - Running: ['airflow', 'tasks', 'run', 'get_stocks_dag', 'GOOG', 'scheduled__2024-03-20T00:00:00+00:00', '--job-id', '840', '--raw', '--subdir', 'DAGS_FOLDER/get_stocks.py', '--cfg-path', '/tmp/tmpgvt8ya3n', '--error-file', '/tmp/tmprrw14h0t']
[2024-04-02 21:52:15,375] {standard_task_runner.py:80} INFO - Job 840: Subtask GOOG
[2024-04-02 21:52:15,605] {task_command.py:370} INFO - Running <TaskInstance: get_stocks_dag.GOOG scheduled__2024-03-20T00:00:00+00:00 [running]> on host alexmend-virtual-machine
[2024-04-02 21:52:15,805] {taskinstance.py:1569} INFO - Exporting the following env vars:
AIRFLOW_CTX_DAG_OWNER=airflow
AIRFLOW_CTX_DAG_ID=get_stocks_dag
AIRFLOW_CTX_TASK_ID=GOOG
AIRFLOW_CTX_EXECUTION_DATE=2024-03-20T00:00:00+00:00
AIRFLOW_CTX_TRY_NUMBER=1
AIRFLOW_CTX_DAG_RUN_ID=scheduled__2024-03-20T00:00:00+00:00
[2024-04-02 21:52:26,786] {python.py:173} INFO - Done. Returned value was: None
[2024-04-02 21:52:26,850] {taskinstance.py:1395} INFO - Marking task as SUCCESS. dag_id=get_stocks_dag, task_id=GOOG, execution_date=20240320T000000, start_date=20240403T005215, end_date=20240403T005226
[2024-04-02 21:52:26,929] {local_task_job.py:156} INFO - Task exited with return code 0
[2024-04-02 21:52:27,084] {local_task_job.py:273} INFO - 0 downstream tasks scheduled from follow-on schedule check
[2024-04-02 23:08:54,476] {taskinstance.py:1159} INFO - Dependencies all met for <TaskInstance: get_stocks_dag.GOOG scheduled__2024-03-20T00:00:00+00:00 [queued]>
[2024-04-02 23:08:54,508] {taskinstance.py:1159} INFO - Dependencies all met for <TaskInstance: get_stocks_dag.GOOG scheduled__2024-03-20T00:00:00+00:00 [queued]>
[2024-04-02 23:08:54,513] {taskinstance.py:1356} INFO - 
--------------------------------------------------------------------------------
[2024-04-02 23:08:54,514] {taskinstance.py:1357} INFO - Starting attempt 1 of 1
[2024-04-02 23:08:54,514] {taskinstance.py:1358} INFO - 
--------------------------------------------------------------------------------
[2024-04-02 23:08:54,549] {taskinstance.py:1377} INFO - Executing <Task(_PythonDecoratedOperator): GOOG> on 2024-03-20 00:00:00+00:00
[2024-04-02 23:08:54,562] {standard_task_runner.py:52} INFO - Started process 80787 to run task
[2024-04-02 23:08:54,574] {standard_task_runner.py:79} INFO - Running: ['airflow', 'tasks', 'run', 'get_stocks_dag', 'GOOG', 'scheduled__2024-03-20T00:00:00+00:00', '--job-id', '1127', '--raw', '--subdir', 'DAGS_FOLDER/get_stocks.py', '--cfg-path', '/tmp/tmp3jzgoa0c', '--error-file', '/tmp/tmpqaibowa0']
[2024-04-02 23:08:54,576] {standard_task_runner.py:80} INFO - Job 1127: Subtask GOOG
[2024-04-02 23:08:54,781] {task_command.py:370} INFO - Running <TaskInstance: get_stocks_dag.GOOG scheduled__2024-03-20T00:00:00+00:00 [running]> on host alexmend-virtual-machine
[2024-04-02 23:08:54,995] {taskinstance.py:1569} INFO - Exporting the following env vars:
AIRFLOW_CTX_DAG_OWNER=airflow
AIRFLOW_CTX_DAG_ID=get_stocks_dag
AIRFLOW_CTX_TASK_ID=GOOG
AIRFLOW_CTX_EXECUTION_DATE=2024-03-20T00:00:00+00:00
AIRFLOW_CTX_TRY_NUMBER=1
AIRFLOW_CTX_DAG_RUN_ID=scheduled__2024-03-20T00:00:00+00:00
[2024-04-02 23:09:06,064] {python.py:173} INFO - Done. Returned value was: None
[2024-04-02 23:09:06,272] {taskinstance.py:1395} INFO - Marking task as SUCCESS. dag_id=get_stocks_dag, task_id=GOOG, execution_date=20240320T000000, start_date=20240403T020854, end_date=20240403T020906
[2024-04-02 23:09:06,358] {local_task_job.py:156} INFO - Task exited with return code 0
[2024-04-02 23:09:06,458] {local_task_job.py:273} INFO - 0 downstream tasks scheduled from follow-on schedule check
