[2024-04-02 22:00:27,481] {taskinstance.py:1159} INFO - Dependencies all met for <TaskInstance: get_crypto_dag.AVAX scheduled__2024-03-23T00:00:00+00:00 [queued]>
[2024-04-02 22:00:27,529] {taskinstance.py:1159} INFO - Dependencies all met for <TaskInstance: get_crypto_dag.AVAX scheduled__2024-03-23T00:00:00+00:00 [queued]>
[2024-04-02 22:00:27,529] {taskinstance.py:1356} INFO - 
--------------------------------------------------------------------------------
[2024-04-02 22:00:27,529] {taskinstance.py:1357} INFO - Starting attempt 1 of 1
[2024-04-02 22:00:27,529] {taskinstance.py:1358} INFO - 
--------------------------------------------------------------------------------
[2024-04-02 22:00:27,560] {taskinstance.py:1377} INFO - Executing <Task(_PythonDecoratedOperator): AVAX> on 2024-03-23 00:00:00+00:00
[2024-04-02 22:00:27,597] {standard_task_runner.py:79} INFO - Running: ['airflow', 'tasks', 'run', 'get_crypto_dag', 'AVAX', 'scheduled__2024-03-23T00:00:00+00:00', '--job-id', '928', '--raw', '--subdir', 'DAGS_FOLDER/get_crypto.py', '--cfg-path', '/tmp/tmp3stwzkjm', '--error-file', '/tmp/tmpavl6_00b']
[2024-04-02 22:00:27,573] {standard_task_runner.py:52} INFO - Started process 58051 to run task
[2024-04-02 22:00:27,599] {standard_task_runner.py:80} INFO - Job 928: Subtask AVAX
[2024-04-02 22:00:27,899] {task_command.py:370} INFO - Running <TaskInstance: get_crypto_dag.AVAX scheduled__2024-03-23T00:00:00+00:00 [running]> on host alexmend-virtual-machine
[2024-04-02 22:00:28,077] {taskinstance.py:1569} INFO - Exporting the following env vars:
AIRFLOW_CTX_DAG_OWNER=airflow
AIRFLOW_CTX_DAG_ID=get_crypto_dag
AIRFLOW_CTX_TASK_ID=AVAX
AIRFLOW_CTX_EXECUTION_DATE=2024-03-23T00:00:00+00:00
AIRFLOW_CTX_TRY_NUMBER=1
AIRFLOW_CTX_DAG_RUN_ID=scheduled__2024-03-23T00:00:00+00:00
[2024-04-02 22:00:32,060] {history.py:90} ERROR - AVAX: No timezone found, symbol may be delisted
[2024-04-02 22:00:42,073] {python.py:173} INFO - Done. Returned value was: None
[2024-04-02 22:00:42,101] {taskinstance.py:1395} INFO - Marking task as SUCCESS. dag_id=get_crypto_dag, task_id=AVAX, execution_date=20240323T000000, start_date=20240403T010027, end_date=20240403T010042
[2024-04-02 22:00:42,153] {local_task_job.py:156} INFO - Task exited with return code 0
[2024-04-02 22:00:42,211] {local_task_job.py:273} INFO - 0 downstream tasks scheduled from follow-on schedule check
[2024-04-02 23:12:56,394] {taskinstance.py:1159} INFO - Dependencies all met for <TaskInstance: get_crypto_dag.AVAX scheduled__2024-03-23T00:00:00+00:00 [queued]>
[2024-04-02 23:12:56,413] {taskinstance.py:1159} INFO - Dependencies all met for <TaskInstance: get_crypto_dag.AVAX scheduled__2024-03-23T00:00:00+00:00 [queued]>
[2024-04-02 23:12:56,413] {taskinstance.py:1356} INFO - 
--------------------------------------------------------------------------------
[2024-04-02 23:12:56,413] {taskinstance.py:1357} INFO - Starting attempt 1 of 1
[2024-04-02 23:12:56,414] {taskinstance.py:1358} INFO - 
--------------------------------------------------------------------------------
[2024-04-02 23:12:56,438] {taskinstance.py:1377} INFO - Executing <Task(_PythonDecoratedOperator): AVAX> on 2024-03-23 00:00:00+00:00
[2024-04-02 23:12:56,447] {standard_task_runner.py:52} INFO - Started process 83063 to run task
[2024-04-02 23:12:56,457] {standard_task_runner.py:79} INFO - Running: ['airflow', 'tasks', 'run', 'get_crypto_dag', 'AVAX', 'scheduled__2024-03-23T00:00:00+00:00', '--job-id', '1156', '--raw', '--subdir', 'DAGS_FOLDER/get_crypto.py', '--cfg-path', '/tmp/tmp6ekg_bfa', '--error-file', '/tmp/tmpufkbstin']
[2024-04-02 23:12:56,458] {standard_task_runner.py:80} INFO - Job 1156: Subtask AVAX
[2024-04-02 23:12:56,594] {task_command.py:370} INFO - Running <TaskInstance: get_crypto_dag.AVAX scheduled__2024-03-23T00:00:00+00:00 [running]> on host alexmend-virtual-machine
[2024-04-02 23:12:56,756] {taskinstance.py:1569} INFO - Exporting the following env vars:
AIRFLOW_CTX_DAG_OWNER=airflow
AIRFLOW_CTX_DAG_ID=get_crypto_dag
AIRFLOW_CTX_TASK_ID=AVAX
AIRFLOW_CTX_EXECUTION_DATE=2024-03-23T00:00:00+00:00
AIRFLOW_CTX_TRY_NUMBER=1
AIRFLOW_CTX_DAG_RUN_ID=scheduled__2024-03-23T00:00:00+00:00
[2024-04-02 23:13:00,435] {history.py:90} ERROR - AVAX: No timezone found, symbol may be delisted
[2024-04-02 23:13:10,455] {python.py:173} INFO - Done. Returned value was: None
[2024-04-02 23:13:10,499] {taskinstance.py:1395} INFO - Marking task as SUCCESS. dag_id=get_crypto_dag, task_id=AVAX, execution_date=20240323T000000, start_date=20240403T021256, end_date=20240403T021310
[2024-04-02 23:13:10,591] {local_task_job.py:156} INFO - Task exited with return code 0
[2024-04-02 23:13:10,680] {local_task_job.py:273} INFO - 0 downstream tasks scheduled from follow-on schedule check
