[2024-04-02 21:58:40,846] {taskinstance.py:1159} INFO - Dependencies all met for <TaskInstance: get_crypto_dag.ETH scheduled__2024-03-20T00:00:00+00:00 [queued]>
[2024-04-02 21:58:40,865] {taskinstance.py:1159} INFO - Dependencies all met for <TaskInstance: get_crypto_dag.ETH scheduled__2024-03-20T00:00:00+00:00 [queued]>
[2024-04-02 21:58:40,865] {taskinstance.py:1356} INFO - 
--------------------------------------------------------------------------------
[2024-04-02 21:58:40,865] {taskinstance.py:1357} INFO - Starting attempt 1 of 1
[2024-04-02 21:58:40,865] {taskinstance.py:1358} INFO - 
--------------------------------------------------------------------------------
[2024-04-02 21:58:40,895] {taskinstance.py:1377} INFO - Executing <Task(_PythonDecoratedOperator): ETH> on 2024-03-20 00:00:00+00:00
[2024-04-02 21:58:40,903] {standard_task_runner.py:52} INFO - Started process 56925 to run task
[2024-04-02 21:58:40,920] {standard_task_runner.py:79} INFO - Running: ['airflow', 'tasks', 'run', 'get_crypto_dag', 'ETH', 'scheduled__2024-03-20T00:00:00+00:00', '--job-id', '914', '--raw', '--subdir', 'DAGS_FOLDER/get_crypto.py', '--cfg-path', '/tmp/tmpz0o53p4x', '--error-file', '/tmp/tmp1m29gt73']
[2024-04-02 21:58:40,922] {standard_task_runner.py:80} INFO - Job 914: Subtask ETH
[2024-04-02 21:58:41,068] {task_command.py:370} INFO - Running <TaskInstance: get_crypto_dag.ETH scheduled__2024-03-20T00:00:00+00:00 [running]> on host alexmend-virtual-machine
[2024-04-02 21:58:41,214] {taskinstance.py:1569} INFO - Exporting the following env vars:
AIRFLOW_CTX_DAG_OWNER=airflow
AIRFLOW_CTX_DAG_ID=get_crypto_dag
AIRFLOW_CTX_TASK_ID=ETH
AIRFLOW_CTX_EXECUTION_DATE=2024-03-20T00:00:00+00:00
AIRFLOW_CTX_TRY_NUMBER=1
AIRFLOW_CTX_DAG_RUN_ID=scheduled__2024-03-20T00:00:00+00:00
[2024-04-02 21:58:44,973] {history.py:90} ERROR - ETH: No timezone found, symbol may be delisted
[2024-04-02 21:58:54,986] {python.py:173} INFO - Done. Returned value was: None
[2024-04-02 21:58:55,036] {taskinstance.py:1395} INFO - Marking task as SUCCESS. dag_id=get_crypto_dag, task_id=ETH, execution_date=20240320T000000, start_date=20240403T005840, end_date=20240403T005855
[2024-04-02 21:58:55,127] {local_task_job.py:156} INFO - Task exited with return code 0
[2024-04-02 21:58:55,198] {local_task_job.py:273} INFO - 0 downstream tasks scheduled from follow-on schedule check
[2024-04-02 23:09:26,462] {taskinstance.py:1159} INFO - Dependencies all met for <TaskInstance: get_crypto_dag.ETH scheduled__2024-03-20T00:00:00+00:00 [queued]>
[2024-04-02 23:09:26,491] {taskinstance.py:1159} INFO - Dependencies all met for <TaskInstance: get_crypto_dag.ETH scheduled__2024-03-20T00:00:00+00:00 [queued]>
[2024-04-02 23:09:26,499] {taskinstance.py:1356} INFO - 
--------------------------------------------------------------------------------
[2024-04-02 23:09:26,500] {taskinstance.py:1357} INFO - Starting attempt 1 of 1
[2024-04-02 23:09:26,508] {taskinstance.py:1358} INFO - 
--------------------------------------------------------------------------------
[2024-04-02 23:09:26,549] {taskinstance.py:1377} INFO - Executing <Task(_PythonDecoratedOperator): ETH> on 2024-03-20 00:00:00+00:00
[2024-04-02 23:09:26,562] {standard_task_runner.py:52} INFO - Started process 81105 to run task
[2024-04-02 23:09:26,570] {standard_task_runner.py:79} INFO - Running: ['airflow', 'tasks', 'run', 'get_crypto_dag', 'ETH', 'scheduled__2024-03-20T00:00:00+00:00', '--job-id', '1131', '--raw', '--subdir', 'DAGS_FOLDER/get_crypto.py', '--cfg-path', '/tmp/tmpzxcdtnos', '--error-file', '/tmp/tmpknpgwhxs']
[2024-04-02 23:09:26,572] {standard_task_runner.py:80} INFO - Job 1131: Subtask ETH
[2024-04-02 23:09:26,722] {task_command.py:370} INFO - Running <TaskInstance: get_crypto_dag.ETH scheduled__2024-03-20T00:00:00+00:00 [running]> on host alexmend-virtual-machine
[2024-04-02 23:09:26,869] {taskinstance.py:1569} INFO - Exporting the following env vars:
AIRFLOW_CTX_DAG_OWNER=airflow
AIRFLOW_CTX_DAG_ID=get_crypto_dag
AIRFLOW_CTX_TASK_ID=ETH
AIRFLOW_CTX_EXECUTION_DATE=2024-03-20T00:00:00+00:00
AIRFLOW_CTX_TRY_NUMBER=1
AIRFLOW_CTX_DAG_RUN_ID=scheduled__2024-03-20T00:00:00+00:00
[2024-04-02 23:09:30,239] {history.py:90} ERROR - ETH: No timezone found, symbol may be delisted
[2024-04-02 23:09:40,257] {python.py:173} INFO - Done. Returned value was: None
[2024-04-02 23:09:40,296] {taskinstance.py:1395} INFO - Marking task as SUCCESS. dag_id=get_crypto_dag, task_id=ETH, execution_date=20240320T000000, start_date=20240403T020926, end_date=20240403T020940
[2024-04-02 23:09:40,378] {local_task_job.py:156} INFO - Task exited with return code 0
[2024-04-02 23:09:40,455] {local_task_job.py:273} INFO - 0 downstream tasks scheduled from follow-on schedule check
