[2024-04-02 13:06:31,503] {taskinstance.py:1159} INFO - Dependencies all met for <TaskInstance: get_stocks_dag.GOOG scheduled__2024-02-17T00:00:00+00:00 [queued]>
[2024-04-02 13:06:31,511] {taskinstance.py:1159} INFO - Dependencies all met for <TaskInstance: get_stocks_dag.GOOG scheduled__2024-02-17T00:00:00+00:00 [queued]>
[2024-04-02 13:06:31,511] {taskinstance.py:1356} INFO - 
--------------------------------------------------------------------------------
[2024-04-02 13:06:31,511] {taskinstance.py:1357} INFO - Starting attempt 1 of 1
[2024-04-02 13:06:31,511] {taskinstance.py:1358} INFO - 
--------------------------------------------------------------------------------
[2024-04-02 13:06:31,528] {taskinstance.py:1377} INFO - Executing <Task(_PythonDecoratedOperator): GOOG> on 2024-02-17 00:00:00+00:00
[2024-04-02 13:06:31,533] {standard_task_runner.py:52} INFO - Started process 11167 to run task
[2024-04-02 13:06:31,540] {standard_task_runner.py:79} INFO - Running: ['airflow', 'tasks', 'run', 'get_stocks_dag', 'GOOG', 'scheduled__2024-02-17T00:00:00+00:00', '--job-id', '145', '--raw', '--subdir', 'DAGS_FOLDER/get_stocks.py', '--cfg-path', '/tmp/tmpnqu_yeon', '--error-file', '/tmp/tmpamz3zuwt']
[2024-04-02 13:06:31,542] {standard_task_runner.py:80} INFO - Job 145: Subtask GOOG
[2024-04-02 13:06:31,619] {task_command.py:370} INFO - Running <TaskInstance: get_stocks_dag.GOOG scheduled__2024-02-17T00:00:00+00:00 [running]> on host alexmend-virtual-machine
[2024-04-02 13:06:31,697] {taskinstance.py:1569} INFO - Exporting the following env vars:
AIRFLOW_CTX_DAG_OWNER=airflow
AIRFLOW_CTX_DAG_ID=get_stocks_dag
AIRFLOW_CTX_TASK_ID=GOOG
AIRFLOW_CTX_EXECUTION_DATE=2024-02-17T00:00:00+00:00
AIRFLOW_CTX_TRY_NUMBER=1
AIRFLOW_CTX_DAG_RUN_ID=scheduled__2024-02-17T00:00:00+00:00
[2024-04-02 13:06:32,423] {python.py:173} INFO - Done. Returned value was: None
[2024-04-02 13:06:32,438] {taskinstance.py:1395} INFO - Marking task as SUCCESS. dag_id=get_stocks_dag, task_id=GOOG, execution_date=20240217T000000, start_date=20240402T160631, end_date=20240402T160632
[2024-04-02 13:06:32,485] {local_task_job.py:156} INFO - Task exited with return code 0
[2024-04-02 13:06:32,514] {local_task_job.py:273} INFO - 0 downstream tasks scheduled from follow-on schedule check
[2024-04-02 17:18:44,233] {taskinstance.py:1159} INFO - Dependencies all met for <TaskInstance: get_stocks_dag.GOOG scheduled__2024-02-17T00:00:00+00:00 [queued]>
[2024-04-02 17:18:44,324] {taskinstance.py:1159} INFO - Dependencies all met for <TaskInstance: get_stocks_dag.GOOG scheduled__2024-02-17T00:00:00+00:00 [queued]>
[2024-04-02 17:18:44,324] {taskinstance.py:1356} INFO - 
--------------------------------------------------------------------------------
[2024-04-02 17:18:44,325] {taskinstance.py:1357} INFO - Starting attempt 1 of 1
[2024-04-02 17:18:44,325] {taskinstance.py:1358} INFO - 
--------------------------------------------------------------------------------
[2024-04-02 17:18:44,413] {taskinstance.py:1377} INFO - Executing <Task(_PythonDecoratedOperator): GOOG> on 2024-02-17 00:00:00+00:00
[2024-04-02 17:18:44,571] {standard_task_runner.py:79} INFO - Running: ['airflow', 'tasks', 'run', 'get_stocks_dag', 'GOOG', 'scheduled__2024-02-17T00:00:00+00:00', '--job-id', '127', '--raw', '--subdir', 'DAGS_FOLDER/get_stocks.py', '--cfg-path', '/tmp/tmpyxcqt73b', '--error-file', '/tmp/tmpvxfe429z']
[2024-04-02 17:18:44,586] {standard_task_runner.py:80} INFO - Job 127: Subtask GOOG
[2024-04-02 17:18:44,496] {standard_task_runner.py:52} INFO - Started process 6930 to run task
[2024-04-02 17:18:45,235] {task_command.py:370} INFO - Running <TaskInstance: get_stocks_dag.GOOG scheduled__2024-02-17T00:00:00+00:00 [running]> on host alexmend-virtual-machine
[2024-04-02 17:18:45,856] {taskinstance.py:1569} INFO - Exporting the following env vars:
AIRFLOW_CTX_DAG_OWNER=airflow
AIRFLOW_CTX_DAG_ID=get_stocks_dag
AIRFLOW_CTX_TASK_ID=GOOG
AIRFLOW_CTX_EXECUTION_DATE=2024-02-17T00:00:00+00:00
AIRFLOW_CTX_TRY_NUMBER=1
AIRFLOW_CTX_DAG_RUN_ID=scheduled__2024-02-17T00:00:00+00:00
[2024-04-02 17:18:47,205] {python.py:173} INFO - Done. Returned value was: None
[2024-04-02 17:18:47,386] {taskinstance.py:1395} INFO - Marking task as SUCCESS. dag_id=get_stocks_dag, task_id=GOOG, execution_date=20240217T000000, start_date=20240402T201844, end_date=20240402T201847
[2024-04-02 17:18:47,578] {local_task_job.py:156} INFO - Task exited with return code 0
[2024-04-02 17:18:48,073] {local_task_job.py:273} INFO - 0 downstream tasks scheduled from follow-on schedule check
[2024-04-02 17:45:05,906] {taskinstance.py:1159} INFO - Dependencies all met for <TaskInstance: get_stocks_dag.GOOG scheduled__2024-02-17T00:00:00+00:00 [queued]>
[2024-04-02 17:45:05,922] {taskinstance.py:1159} INFO - Dependencies all met for <TaskInstance: get_stocks_dag.GOOG scheduled__2024-02-17T00:00:00+00:00 [queued]>
[2024-04-02 17:45:05,922] {taskinstance.py:1356} INFO - 
--------------------------------------------------------------------------------
[2024-04-02 17:45:05,922] {taskinstance.py:1357} INFO - Starting attempt 1 of 1
[2024-04-02 17:45:05,922] {taskinstance.py:1358} INFO - 
--------------------------------------------------------------------------------
[2024-04-02 17:45:05,941] {taskinstance.py:1377} INFO - Executing <Task(_PythonDecoratedOperator): GOOG> on 2024-02-17 00:00:00+00:00
[2024-04-02 17:45:05,947] {standard_task_runner.py:52} INFO - Started process 21892 to run task
[2024-04-02 17:45:05,954] {standard_task_runner.py:79} INFO - Running: ['airflow', 'tasks', 'run', 'get_stocks_dag', 'GOOG', 'scheduled__2024-02-17T00:00:00+00:00', '--job-id', '389', '--raw', '--subdir', 'DAGS_FOLDER/get_stocks.py', '--cfg-path', '/tmp/tmpasev5o_r', '--error-file', '/tmp/tmpz6m9en3z']
[2024-04-02 17:45:05,956] {standard_task_runner.py:80} INFO - Job 389: Subtask GOOG
[2024-04-02 17:45:06,072] {task_command.py:370} INFO - Running <TaskInstance: get_stocks_dag.GOOG scheduled__2024-02-17T00:00:00+00:00 [running]> on host alexmend-virtual-machine
[2024-04-02 17:45:06,224] {taskinstance.py:1569} INFO - Exporting the following env vars:
AIRFLOW_CTX_DAG_OWNER=airflow
AIRFLOW_CTX_DAG_ID=get_stocks_dag
AIRFLOW_CTX_TASK_ID=GOOG
AIRFLOW_CTX_EXECUTION_DATE=2024-02-17T00:00:00+00:00
AIRFLOW_CTX_TRY_NUMBER=1
AIRFLOW_CTX_DAG_RUN_ID=scheduled__2024-02-17T00:00:00+00:00
[2024-04-02 17:45:07,181] {python.py:173} INFO - Done. Returned value was: None
[2024-04-02 17:45:07,213] {taskinstance.py:1395} INFO - Marking task as SUCCESS. dag_id=get_stocks_dag, task_id=GOOG, execution_date=20240217T000000, start_date=20240402T204505, end_date=20240402T204507
[2024-04-02 17:45:07,263] {local_task_job.py:156} INFO - Task exited with return code 0
[2024-04-02 17:45:07,322] {local_task_job.py:273} INFO - 0 downstream tasks scheduled from follow-on schedule check
