[2024-04-02 13:08:56,215] {taskinstance.py:1159} INFO - Dependencies all met for <TaskInstance: get_stocks_dag.GOOG scheduled__2024-03-01T00:00:00+00:00 [queued]>
[2024-04-02 13:08:56,225] {taskinstance.py:1159} INFO - Dependencies all met for <TaskInstance: get_stocks_dag.GOOG scheduled__2024-03-01T00:00:00+00:00 [queued]>
[2024-04-02 13:08:56,225] {taskinstance.py:1356} INFO - 
--------------------------------------------------------------------------------
[2024-04-02 13:08:56,225] {taskinstance.py:1357} INFO - Starting attempt 1 of 1
[2024-04-02 13:08:56,226] {taskinstance.py:1358} INFO - 
--------------------------------------------------------------------------------
[2024-04-02 13:08:56,245] {taskinstance.py:1377} INFO - Executing <Task(_PythonDecoratedOperator): GOOG> on 2024-03-01 00:00:00+00:00
[2024-04-02 13:08:56,251] {standard_task_runner.py:52} INFO - Started process 12017 to run task
[2024-04-02 13:08:56,259] {standard_task_runner.py:79} INFO - Running: ['airflow', 'tasks', 'run', 'get_stocks_dag', 'GOOG', 'scheduled__2024-03-01T00:00:00+00:00', '--job-id', '181', '--raw', '--subdir', 'DAGS_FOLDER/get_stocks.py', '--cfg-path', '/tmp/tmp_puxkyis', '--error-file', '/tmp/tmprivjez6j']
[2024-04-02 13:08:56,261] {standard_task_runner.py:80} INFO - Job 181: Subtask GOOG
[2024-04-02 13:08:56,345] {task_command.py:370} INFO - Running <TaskInstance: get_stocks_dag.GOOG scheduled__2024-03-01T00:00:00+00:00 [running]> on host alexmend-virtual-machine
[2024-04-02 13:08:56,420] {taskinstance.py:1569} INFO - Exporting the following env vars:
AIRFLOW_CTX_DAG_OWNER=airflow
AIRFLOW_CTX_DAG_ID=get_stocks_dag
AIRFLOW_CTX_TASK_ID=GOOG
AIRFLOW_CTX_EXECUTION_DATE=2024-03-01T00:00:00+00:00
AIRFLOW_CTX_TRY_NUMBER=1
AIRFLOW_CTX_DAG_RUN_ID=scheduled__2024-03-01T00:00:00+00:00
[2024-04-02 13:08:57,372] {python.py:173} INFO - Done. Returned value was: None
[2024-04-02 13:08:57,382] {taskinstance.py:1395} INFO - Marking task as SUCCESS. dag_id=get_stocks_dag, task_id=GOOG, execution_date=20240301T000000, start_date=20240402T160856, end_date=20240402T160857
[2024-04-02 13:08:57,417] {local_task_job.py:156} INFO - Task exited with return code 0
[2024-04-02 13:08:57,442] {local_task_job.py:273} INFO - 0 downstream tasks scheduled from follow-on schedule check
[2024-04-02 17:19:12,907] {taskinstance.py:1159} INFO - Dependencies all met for <TaskInstance: get_stocks_dag.GOOG scheduled__2024-03-01T00:00:00+00:00 [queued]>
[2024-04-02 17:19:13,040] {taskinstance.py:1159} INFO - Dependencies all met for <TaskInstance: get_stocks_dag.GOOG scheduled__2024-03-01T00:00:00+00:00 [queued]>
[2024-04-02 17:19:13,041] {taskinstance.py:1356} INFO - 
--------------------------------------------------------------------------------
[2024-04-02 17:19:13,041] {taskinstance.py:1357} INFO - Starting attempt 1 of 1
[2024-04-02 17:19:13,041] {taskinstance.py:1358} INFO - 
--------------------------------------------------------------------------------
[2024-04-02 17:19:13,137] {taskinstance.py:1377} INFO - Executing <Task(_PythonDecoratedOperator): GOOG> on 2024-03-01 00:00:00+00:00
[2024-04-02 17:19:13,181] {standard_task_runner.py:52} INFO - Started process 7741 to run task
[2024-04-02 17:19:13,227] {standard_task_runner.py:79} INFO - Running: ['airflow', 'tasks', 'run', 'get_stocks_dag', 'GOOG', 'scheduled__2024-03-01T00:00:00+00:00', '--job-id', '161', '--raw', '--subdir', 'DAGS_FOLDER/get_stocks.py', '--cfg-path', '/tmp/tmp3cn3cyuw', '--error-file', '/tmp/tmp7sc6b5wp']
[2024-04-02 17:19:13,262] {standard_task_runner.py:80} INFO - Job 161: Subtask GOOG
[2024-04-02 17:19:14,010] {task_command.py:370} INFO - Running <TaskInstance: get_stocks_dag.GOOG scheduled__2024-03-01T00:00:00+00:00 [running]> on host alexmend-virtual-machine
[2024-04-02 17:19:15,076] {taskinstance.py:1569} INFO - Exporting the following env vars:
AIRFLOW_CTX_DAG_OWNER=airflow
AIRFLOW_CTX_DAG_ID=get_stocks_dag
AIRFLOW_CTX_TASK_ID=GOOG
AIRFLOW_CTX_EXECUTION_DATE=2024-03-01T00:00:00+00:00
AIRFLOW_CTX_TRY_NUMBER=1
AIRFLOW_CTX_DAG_RUN_ID=scheduled__2024-03-01T00:00:00+00:00
[2024-04-02 17:19:18,813] {python.py:173} INFO - Done. Returned value was: None
[2024-04-02 17:19:18,918] {taskinstance.py:1395} INFO - Marking task as SUCCESS. dag_id=get_stocks_dag, task_id=GOOG, execution_date=20240301T000000, start_date=20240402T201912, end_date=20240402T201918
[2024-04-02 17:19:19,018] {local_task_job.py:156} INFO - Task exited with return code 0
[2024-04-02 17:19:19,116] {local_task_job.py:273} INFO - 0 downstream tasks scheduled from follow-on schedule check
[2024-04-02 17:45:51,780] {taskinstance.py:1159} INFO - Dependencies all met for <TaskInstance: get_stocks_dag.GOOG scheduled__2024-03-01T00:00:00+00:00 [queued]>
[2024-04-02 17:45:51,796] {taskinstance.py:1159} INFO - Dependencies all met for <TaskInstance: get_stocks_dag.GOOG scheduled__2024-03-01T00:00:00+00:00 [queued]>
[2024-04-02 17:45:51,797] {taskinstance.py:1356} INFO - 
--------------------------------------------------------------------------------
[2024-04-02 17:45:51,797] {taskinstance.py:1357} INFO - Starting attempt 1 of 1
[2024-04-02 17:45:51,798] {taskinstance.py:1358} INFO - 
--------------------------------------------------------------------------------
[2024-04-02 17:45:51,816] {taskinstance.py:1377} INFO - Executing <Task(_PythonDecoratedOperator): GOOG> on 2024-03-01 00:00:00+00:00
[2024-04-02 17:45:51,824] {standard_task_runner.py:52} INFO - Started process 22826 to run task
[2024-04-02 17:45:51,841] {standard_task_runner.py:79} INFO - Running: ['airflow', 'tasks', 'run', 'get_stocks_dag', 'GOOG', 'scheduled__2024-03-01T00:00:00+00:00', '--job-id', '425', '--raw', '--subdir', 'DAGS_FOLDER/get_stocks.py', '--cfg-path', '/tmp/tmp4665qkh8', '--error-file', '/tmp/tmpjyisxt9i']
[2024-04-02 17:45:51,843] {standard_task_runner.py:80} INFO - Job 425: Subtask GOOG
[2024-04-02 17:45:51,983] {task_command.py:370} INFO - Running <TaskInstance: get_stocks_dag.GOOG scheduled__2024-03-01T00:00:00+00:00 [running]> on host alexmend-virtual-machine
[2024-04-02 17:45:52,103] {taskinstance.py:1569} INFO - Exporting the following env vars:
AIRFLOW_CTX_DAG_OWNER=airflow
AIRFLOW_CTX_DAG_ID=get_stocks_dag
AIRFLOW_CTX_TASK_ID=GOOG
AIRFLOW_CTX_EXECUTION_DATE=2024-03-01T00:00:00+00:00
AIRFLOW_CTX_TRY_NUMBER=1
AIRFLOW_CTX_DAG_RUN_ID=scheduled__2024-03-01T00:00:00+00:00
[2024-04-02 17:45:52,759] {python.py:173} INFO - Done. Returned value was: None
[2024-04-02 17:45:52,784] {taskinstance.py:1395} INFO - Marking task as SUCCESS. dag_id=get_stocks_dag, task_id=GOOG, execution_date=20240301T000000, start_date=20240402T204551, end_date=20240402T204552
[2024-04-02 17:45:52,836] {local_task_job.py:156} INFO - Task exited with return code 0
[2024-04-02 17:45:52,913] {local_task_job.py:273} INFO - 0 downstream tasks scheduled from follow-on schedule check
[2024-04-02 19:14:27,234] {taskinstance.py:1159} INFO - Dependencies all met for <TaskInstance: get_stocks_dag.GOOG scheduled__2024-03-01T00:00:00+00:00 [queued]>
[2024-04-02 19:14:27,301] {taskinstance.py:1159} INFO - Dependencies all met for <TaskInstance: get_stocks_dag.GOOG scheduled__2024-03-01T00:00:00+00:00 [queued]>
[2024-04-02 19:14:27,302] {taskinstance.py:1356} INFO - 
--------------------------------------------------------------------------------
[2024-04-02 19:14:27,302] {taskinstance.py:1357} INFO - Starting attempt 1 of 1
[2024-04-02 19:14:27,302] {taskinstance.py:1358} INFO - 
--------------------------------------------------------------------------------
[2024-04-02 19:14:27,362] {taskinstance.py:1377} INFO - Executing <Task(_PythonDecoratedOperator): GOOG> on 2024-03-01 00:00:00+00:00
[2024-04-02 19:14:27,401] {standard_task_runner.py:52} INFO - Started process 13657 to run task
[2024-04-02 19:14:27,442] {standard_task_runner.py:79} INFO - Running: ['airflow', 'tasks', 'run', 'get_stocks_dag', 'GOOG', 'scheduled__2024-03-01T00:00:00+00:00', '--job-id', '526', '--raw', '--subdir', 'DAGS_FOLDER/get_stocks.py', '--cfg-path', '/tmp/tmpha42knoe', '--error-file', '/tmp/tmpru89j3rf']
[2024-04-02 19:14:27,445] {standard_task_runner.py:80} INFO - Job 526: Subtask GOOG
[2024-04-02 19:14:27,720] {task_command.py:370} INFO - Running <TaskInstance: get_stocks_dag.GOOG scheduled__2024-03-01T00:00:00+00:00 [running]> on host alexmend-virtual-machine
[2024-04-02 19:14:28,194] {taskinstance.py:1569} INFO - Exporting the following env vars:
AIRFLOW_CTX_DAG_OWNER=airflow
AIRFLOW_CTX_DAG_ID=get_stocks_dag
AIRFLOW_CTX_TASK_ID=GOOG
AIRFLOW_CTX_EXECUTION_DATE=2024-03-01T00:00:00+00:00
AIRFLOW_CTX_TRY_NUMBER=1
AIRFLOW_CTX_DAG_RUN_ID=scheduled__2024-03-01T00:00:00+00:00
[2024-04-02 19:14:29,976] {python.py:173} INFO - Done. Returned value was: None
[2024-04-02 19:14:30,083] {taskinstance.py:1395} INFO - Marking task as SUCCESS. dag_id=get_stocks_dag, task_id=GOOG, execution_date=20240301T000000, start_date=20240402T221427, end_date=20240402T221430
[2024-04-02 19:14:30,183] {local_task_job.py:156} INFO - Task exited with return code 0
[2024-04-02 19:14:30,329] {local_task_job.py:273} INFO - 0 downstream tasks scheduled from follow-on schedule check
[2024-04-02 20:38:14,102] {taskinstance.py:1159} INFO - Dependencies all met for <TaskInstance: get_stocks_dag.GOOG scheduled__2024-03-01T00:00:00+00:00 [queued]>
[2024-04-02 20:38:14,133] {taskinstance.py:1159} INFO - Dependencies all met for <TaskInstance: get_stocks_dag.GOOG scheduled__2024-03-01T00:00:00+00:00 [queued]>
[2024-04-02 20:38:14,134] {taskinstance.py:1356} INFO - 
--------------------------------------------------------------------------------
[2024-04-02 20:38:14,134] {taskinstance.py:1357} INFO - Starting attempt 1 of 1
[2024-04-02 20:38:14,135] {taskinstance.py:1358} INFO - 
--------------------------------------------------------------------------------
[2024-04-02 20:38:14,222] {taskinstance.py:1377} INFO - Executing <Task(_PythonDecoratedOperator): GOOG> on 2024-03-01 00:00:00+00:00
[2024-04-02 20:38:14,234] {standard_task_runner.py:52} INFO - Started process 25023 to run task
[2024-04-02 20:38:14,247] {standard_task_runner.py:79} INFO - Running: ['airflow', 'tasks', 'run', 'get_stocks_dag', 'GOOG', 'scheduled__2024-03-01T00:00:00+00:00', '--job-id', '628', '--raw', '--subdir', 'DAGS_FOLDER/get_stocks.py', '--cfg-path', '/tmp/tmpqcfpmmwm', '--error-file', '/tmp/tmpozmey1on']
[2024-04-02 20:38:14,250] {standard_task_runner.py:80} INFO - Job 628: Subtask GOOG
[2024-04-02 20:38:14,426] {task_command.py:370} INFO - Running <TaskInstance: get_stocks_dag.GOOG scheduled__2024-03-01T00:00:00+00:00 [running]> on host alexmend-virtual-machine
[2024-04-02 20:38:14,614] {taskinstance.py:1569} INFO - Exporting the following env vars:
AIRFLOW_CTX_DAG_OWNER=airflow
AIRFLOW_CTX_DAG_ID=get_stocks_dag
AIRFLOW_CTX_TASK_ID=GOOG
AIRFLOW_CTX_EXECUTION_DATE=2024-03-01T00:00:00+00:00
AIRFLOW_CTX_TRY_NUMBER=1
AIRFLOW_CTX_DAG_RUN_ID=scheduled__2024-03-01T00:00:00+00:00
[2024-04-02 20:38:15,333] {python.py:173} INFO - Done. Returned value was: None
[2024-04-02 20:38:15,357] {taskinstance.py:1395} INFO - Marking task as SUCCESS. dag_id=get_stocks_dag, task_id=GOOG, execution_date=20240301T000000, start_date=20240402T233814, end_date=20240402T233815
[2024-04-02 20:38:15,386] {local_task_job.py:156} INFO - Task exited with return code 0
[2024-04-02 20:38:15,466] {local_task_job.py:273} INFO - 0 downstream tasks scheduled from follow-on schedule check
[2024-04-02 21:44:58,043] {taskinstance.py:1159} INFO - Dependencies all met for <TaskInstance: get_stocks_dag.GOOG scheduled__2024-03-01T00:00:00+00:00 [queued]>
[2024-04-02 21:44:58,122] {taskinstance.py:1159} INFO - Dependencies all met for <TaskInstance: get_stocks_dag.GOOG scheduled__2024-03-01T00:00:00+00:00 [queued]>
[2024-04-02 21:44:58,123] {taskinstance.py:1356} INFO - 
--------------------------------------------------------------------------------
[2024-04-02 21:44:58,123] {taskinstance.py:1357} INFO - Starting attempt 1 of 1
[2024-04-02 21:44:58,124] {taskinstance.py:1358} INFO - 
--------------------------------------------------------------------------------
[2024-04-02 21:44:58,188] {taskinstance.py:1377} INFO - Executing <Task(_PythonDecoratedOperator): GOOG> on 2024-03-01 00:00:00+00:00
[2024-04-02 21:44:58,214] {standard_task_runner.py:52} INFO - Started process 47008 to run task
[2024-04-02 21:44:58,232] {standard_task_runner.py:79} INFO - Running: ['airflow', 'tasks', 'run', 'get_stocks_dag', 'GOOG', 'scheduled__2024-03-01T00:00:00+00:00', '--job-id', '739', '--raw', '--subdir', 'DAGS_FOLDER/get_stocks.py', '--cfg-path', '/tmp/tmpavxgss3y', '--error-file', '/tmp/tmpo0f9j7v6']
[2024-04-02 21:44:58,238] {standard_task_runner.py:80} INFO - Job 739: Subtask GOOG
[2024-04-02 21:44:58,552] {task_command.py:370} INFO - Running <TaskInstance: get_stocks_dag.GOOG scheduled__2024-03-01T00:00:00+00:00 [running]> on host alexmend-virtual-machine
[2024-04-02 21:44:58,867] {taskinstance.py:1569} INFO - Exporting the following env vars:
AIRFLOW_CTX_DAG_OWNER=airflow
AIRFLOW_CTX_DAG_ID=get_stocks_dag
AIRFLOW_CTX_TASK_ID=GOOG
AIRFLOW_CTX_EXECUTION_DATE=2024-03-01T00:00:00+00:00
AIRFLOW_CTX_TRY_NUMBER=1
AIRFLOW_CTX_DAG_RUN_ID=scheduled__2024-03-01T00:00:00+00:00
[2024-04-02 21:45:10,130] {python.py:173} INFO - Done. Returned value was: None
[2024-04-02 21:45:10,176] {taskinstance.py:1395} INFO - Marking task as SUCCESS. dag_id=get_stocks_dag, task_id=GOOG, execution_date=20240301T000000, start_date=20240403T004458, end_date=20240403T004510
[2024-04-02 21:45:10,250] {local_task_job.py:156} INFO - Task exited with return code 0
[2024-04-02 21:45:10,351] {local_task_job.py:273} INFO - 0 downstream tasks scheduled from follow-on schedule check
[2024-04-02 22:50:36,358] {taskinstance.py:1159} INFO - Dependencies all met for <TaskInstance: get_stocks_dag.GOOG scheduled__2024-03-01T00:00:00+00:00 [queued]>
[2024-04-02 22:50:36,387] {taskinstance.py:1159} INFO - Dependencies all met for <TaskInstance: get_stocks_dag.GOOG scheduled__2024-03-01T00:00:00+00:00 [queued]>
[2024-04-02 22:50:36,387] {taskinstance.py:1356} INFO - 
--------------------------------------------------------------------------------
[2024-04-02 22:50:36,387] {taskinstance.py:1357} INFO - Starting attempt 1 of 1
[2024-04-02 22:50:36,387] {taskinstance.py:1358} INFO - 
--------------------------------------------------------------------------------
[2024-04-02 22:50:36,439] {taskinstance.py:1377} INFO - Executing <Task(_PythonDecoratedOperator): GOOG> on 2024-03-01 00:00:00+00:00
[2024-04-02 22:50:36,457] {standard_task_runner.py:52} INFO - Started process 71132 to run task
[2024-04-02 22:50:36,466] {standard_task_runner.py:79} INFO - Running: ['airflow', 'tasks', 'run', 'get_stocks_dag', 'GOOG', 'scheduled__2024-03-01T00:00:00+00:00', '--job-id', '999', '--raw', '--subdir', 'DAGS_FOLDER/get_stocks.py', '--cfg-path', '/tmp/tmpupezv_bv', '--error-file', '/tmp/tmph6_ozieg']
[2024-04-02 22:50:36,472] {standard_task_runner.py:80} INFO - Job 999: Subtask GOOG
[2024-04-02 22:50:36,740] {task_command.py:370} INFO - Running <TaskInstance: get_stocks_dag.GOOG scheduled__2024-03-01T00:00:00+00:00 [running]> on host alexmend-virtual-machine
[2024-04-02 22:50:37,025] {taskinstance.py:1569} INFO - Exporting the following env vars:
AIRFLOW_CTX_DAG_OWNER=airflow
AIRFLOW_CTX_DAG_ID=get_stocks_dag
AIRFLOW_CTX_TASK_ID=GOOG
AIRFLOW_CTX_EXECUTION_DATE=2024-03-01T00:00:00+00:00
AIRFLOW_CTX_TRY_NUMBER=1
AIRFLOW_CTX_DAG_RUN_ID=scheduled__2024-03-01T00:00:00+00:00
[2024-04-02 22:50:47,821] {python.py:173} INFO - Done. Returned value was: None
[2024-04-02 22:50:47,875] {taskinstance.py:1395} INFO - Marking task as SUCCESS. dag_id=get_stocks_dag, task_id=GOOG, execution_date=20240301T000000, start_date=20240403T015036, end_date=20240403T015047
[2024-04-02 22:50:47,973] {local_task_job.py:156} INFO - Task exited with return code 0
[2024-04-02 22:50:48,063] {local_task_job.py:273} INFO - 0 downstream tasks scheduled from follow-on schedule check
