[2024-04-02 21:49:07,009] {taskinstance.py:1159} INFO - Dependencies all met for <TaskInstance: get_crypto_dag.BTC scheduled__2024-03-05T00:00:00+00:00 [queued]>
[2024-04-02 21:49:07,040] {taskinstance.py:1159} INFO - Dependencies all met for <TaskInstance: get_crypto_dag.BTC scheduled__2024-03-05T00:00:00+00:00 [queued]>
[2024-04-02 21:49:07,041] {taskinstance.py:1356} INFO - 
--------------------------------------------------------------------------------
[2024-04-02 21:49:07,041] {taskinstance.py:1357} INFO - Starting attempt 1 of 1
[2024-04-02 21:49:07,041] {taskinstance.py:1358} INFO - 
--------------------------------------------------------------------------------
[2024-04-02 21:49:07,112] {taskinstance.py:1377} INFO - Executing <Task(_PythonDecoratedOperator): BTC> on 2024-03-05 00:00:00+00:00
[2024-04-02 21:49:07,127] {standard_task_runner.py:52} INFO - Started process 50185 to run task
[2024-04-02 21:49:07,152] {standard_task_runner.py:79} INFO - Running: ['airflow', 'tasks', 'run', 'get_crypto_dag', 'BTC', 'scheduled__2024-03-05T00:00:00+00:00', '--job-id', '794', '--raw', '--subdir', 'DAGS_FOLDER/get_crypto.py', '--cfg-path', '/tmp/tmpbvxfieu8', '--error-file', '/tmp/tmpkp5u4zoe']
[2024-04-02 21:49:07,158] {standard_task_runner.py:80} INFO - Job 794: Subtask BTC
[2024-04-02 21:49:07,574] {task_command.py:370} INFO - Running <TaskInstance: get_crypto_dag.BTC scheduled__2024-03-05T00:00:00+00:00 [running]> on host alexmend-virtual-machine
[2024-04-02 21:49:08,022] {taskinstance.py:1569} INFO - Exporting the following env vars:
AIRFLOW_CTX_DAG_OWNER=airflow
AIRFLOW_CTX_DAG_ID=get_crypto_dag
AIRFLOW_CTX_TASK_ID=BTC
AIRFLOW_CTX_EXECUTION_DATE=2024-03-05T00:00:00+00:00
AIRFLOW_CTX_TRY_NUMBER=1
AIRFLOW_CTX_DAG_RUN_ID=scheduled__2024-03-05T00:00:00+00:00
[2024-04-02 21:49:08,923] {history.py:222} ERROR - BTC: No price data found, symbol may be delisted (1h 2024-03-04 -> 2024-03-05)
[2024-04-02 21:49:18,958] {python.py:173} INFO - Done. Returned value was: None
[2024-04-02 21:49:18,989] {taskinstance.py:1395} INFO - Marking task as SUCCESS. dag_id=get_crypto_dag, task_id=BTC, execution_date=20240305T000000, start_date=20240403T004907, end_date=20240403T004918
[2024-04-02 21:49:19,057] {local_task_job.py:156} INFO - Task exited with return code 0
[2024-04-02 21:49:19,123] {local_task_job.py:273} INFO - 0 downstream tasks scheduled from follow-on schedule check
[2024-04-02 22:53:42,831] {taskinstance.py:1159} INFO - Dependencies all met for <TaskInstance: get_crypto_dag.BTC scheduled__2024-03-05T00:00:00+00:00 [queued]>
[2024-04-02 22:53:42,855] {taskinstance.py:1159} INFO - Dependencies all met for <TaskInstance: get_crypto_dag.BTC scheduled__2024-03-05T00:00:00+00:00 [queued]>
[2024-04-02 22:53:42,856] {taskinstance.py:1356} INFO - 
--------------------------------------------------------------------------------
[2024-04-02 22:53:42,857] {taskinstance.py:1357} INFO - Starting attempt 1 of 1
[2024-04-02 22:53:42,857] {taskinstance.py:1358} INFO - 
--------------------------------------------------------------------------------
[2024-04-02 22:53:42,887] {taskinstance.py:1377} INFO - Executing <Task(_PythonDecoratedOperator): BTC> on 2024-03-05 00:00:00+00:00
[2024-04-02 22:53:42,900] {standard_task_runner.py:52} INFO - Started process 72752 to run task
[2024-04-02 22:53:42,913] {standard_task_runner.py:79} INFO - Running: ['airflow', 'tasks', 'run', 'get_crypto_dag', 'BTC', 'scheduled__2024-03-05T00:00:00+00:00', '--job-id', '1021', '--raw', '--subdir', 'DAGS_FOLDER/get_crypto.py', '--cfg-path', '/tmp/tmpx35fjzok', '--error-file', '/tmp/tmpfz71kmr6']
[2024-04-02 22:53:42,914] {standard_task_runner.py:80} INFO - Job 1021: Subtask BTC
[2024-04-02 22:53:43,084] {task_command.py:370} INFO - Running <TaskInstance: get_crypto_dag.BTC scheduled__2024-03-05T00:00:00+00:00 [running]> on host alexmend-virtual-machine
[2024-04-02 22:53:43,275] {taskinstance.py:1569} INFO - Exporting the following env vars:
AIRFLOW_CTX_DAG_OWNER=airflow
AIRFLOW_CTX_DAG_ID=get_crypto_dag
AIRFLOW_CTX_TASK_ID=BTC
AIRFLOW_CTX_EXECUTION_DATE=2024-03-05T00:00:00+00:00
AIRFLOW_CTX_TRY_NUMBER=1
AIRFLOW_CTX_DAG_RUN_ID=scheduled__2024-03-05T00:00:00+00:00
[2024-04-02 22:53:43,945] {history.py:222} ERROR - BTC: No price data found, symbol may be delisted (1h 2024-03-04 -> 2024-03-05)
[2024-04-02 22:53:53,963] {python.py:173} INFO - Done. Returned value was: None
[2024-04-02 22:53:54,026] {taskinstance.py:1395} INFO - Marking task as SUCCESS. dag_id=get_crypto_dag, task_id=BTC, execution_date=20240305T000000, start_date=20240403T015342, end_date=20240403T015354
[2024-04-02 22:53:54,104] {local_task_job.py:156} INFO - Task exited with return code 0
[2024-04-02 22:53:54,169] {local_task_job.py:273} INFO - 0 downstream tasks scheduled from follow-on schedule check
