[2024-04-02 13:04:52,334] {taskinstance.py:1159} INFO - Dependencies all met for <TaskInstance: get_stocks_dag.GOOG scheduled__2024-02-09T00:00:00+00:00 [queued]>
[2024-04-02 13:04:52,344] {taskinstance.py:1159} INFO - Dependencies all met for <TaskInstance: get_stocks_dag.GOOG scheduled__2024-02-09T00:00:00+00:00 [queued]>
[2024-04-02 13:04:52,344] {taskinstance.py:1356} INFO - 
--------------------------------------------------------------------------------
[2024-04-02 13:04:52,345] {taskinstance.py:1357} INFO - Starting attempt 1 of 1
[2024-04-02 13:04:52,345] {taskinstance.py:1358} INFO - 
--------------------------------------------------------------------------------
[2024-04-02 13:04:52,368] {taskinstance.py:1377} INFO - Executing <Task(_PythonDecoratedOperator): GOOG> on 2024-02-09 00:00:00+00:00
[2024-04-02 13:04:52,374] {standard_task_runner.py:52} INFO - Started process 10598 to run task
[2024-04-02 13:04:52,380] {standard_task_runner.py:79} INFO - Running: ['airflow', 'tasks', 'run', 'get_stocks_dag', 'GOOG', 'scheduled__2024-02-09T00:00:00+00:00', '--job-id', '121', '--raw', '--subdir', 'DAGS_FOLDER/get_stocks.py', '--cfg-path', '/tmp/tmplsmu2iyi', '--error-file', '/tmp/tmp4oukgwat']
[2024-04-02 13:04:52,381] {standard_task_runner.py:80} INFO - Job 121: Subtask GOOG
[2024-04-02 13:04:52,552] {task_command.py:370} INFO - Running <TaskInstance: get_stocks_dag.GOOG scheduled__2024-02-09T00:00:00+00:00 [running]> on host alexmend-virtual-machine
[2024-04-02 13:04:52,703] {taskinstance.py:1569} INFO - Exporting the following env vars:
AIRFLOW_CTX_DAG_OWNER=airflow
AIRFLOW_CTX_DAG_ID=get_stocks_dag
AIRFLOW_CTX_TASK_ID=GOOG
AIRFLOW_CTX_EXECUTION_DATE=2024-02-09T00:00:00+00:00
AIRFLOW_CTX_TRY_NUMBER=1
AIRFLOW_CTX_DAG_RUN_ID=scheduled__2024-02-09T00:00:00+00:00
[2024-04-02 13:04:53,938] {python.py:173} INFO - Done. Returned value was: None
[2024-04-02 13:04:53,988] {taskinstance.py:1395} INFO - Marking task as SUCCESS. dag_id=get_stocks_dag, task_id=GOOG, execution_date=20240209T000000, start_date=20240402T160452, end_date=20240402T160453
[2024-04-02 13:04:54,041] {local_task_job.py:156} INFO - Task exited with return code 0
[2024-04-02 13:04:54,065] {local_task_job.py:273} INFO - 0 downstream tasks scheduled from follow-on schedule check
[2024-04-02 17:18:27,144] {taskinstance.py:1159} INFO - Dependencies all met for <TaskInstance: get_stocks_dag.GOOG scheduled__2024-02-09T00:00:00+00:00 [queued]>
[2024-04-02 17:18:27,161] {taskinstance.py:1159} INFO - Dependencies all met for <TaskInstance: get_stocks_dag.GOOG scheduled__2024-02-09T00:00:00+00:00 [queued]>
[2024-04-02 17:18:27,162] {taskinstance.py:1356} INFO - 
--------------------------------------------------------------------------------
[2024-04-02 17:18:27,162] {taskinstance.py:1357} INFO - Starting attempt 1 of 1
[2024-04-02 17:18:27,162] {taskinstance.py:1358} INFO - 
--------------------------------------------------------------------------------
[2024-04-02 17:18:27,201] {taskinstance.py:1377} INFO - Executing <Task(_PythonDecoratedOperator): GOOG> on 2024-02-09 00:00:00+00:00
[2024-04-02 17:18:27,217] {standard_task_runner.py:52} INFO - Started process 6411 to run task
[2024-04-02 17:18:27,263] {standard_task_runner.py:79} INFO - Running: ['airflow', 'tasks', 'run', 'get_stocks_dag', 'GOOG', 'scheduled__2024-02-09T00:00:00+00:00', '--job-id', '106', '--raw', '--subdir', 'DAGS_FOLDER/get_stocks.py', '--cfg-path', '/tmp/tmpsvxi4dq7', '--error-file', '/tmp/tmp095qzjmj']
[2024-04-02 17:18:27,265] {standard_task_runner.py:80} INFO - Job 106: Subtask GOOG
[2024-04-02 17:18:27,599] {task_command.py:370} INFO - Running <TaskInstance: get_stocks_dag.GOOG scheduled__2024-02-09T00:00:00+00:00 [running]> on host alexmend-virtual-machine
[2024-04-02 17:18:28,223] {taskinstance.py:1569} INFO - Exporting the following env vars:
AIRFLOW_CTX_DAG_OWNER=airflow
AIRFLOW_CTX_DAG_ID=get_stocks_dag
AIRFLOW_CTX_TASK_ID=GOOG
AIRFLOW_CTX_EXECUTION_DATE=2024-02-09T00:00:00+00:00
AIRFLOW_CTX_TRY_NUMBER=1
AIRFLOW_CTX_DAG_RUN_ID=scheduled__2024-02-09T00:00:00+00:00
[2024-04-02 17:18:29,632] {python.py:173} INFO - Done. Returned value was: None
[2024-04-02 17:18:29,937] {taskinstance.py:1395} INFO - Marking task as SUCCESS. dag_id=get_stocks_dag, task_id=GOOG, execution_date=20240209T000000, start_date=20240402T201827, end_date=20240402T201829
[2024-04-02 17:18:30,146] {local_task_job.py:156} INFO - Task exited with return code 0
[2024-04-02 17:18:30,306] {local_task_job.py:273} INFO - 0 downstream tasks scheduled from follow-on schedule check
[2024-04-02 17:44:35,030] {taskinstance.py:1159} INFO - Dependencies all met for <TaskInstance: get_stocks_dag.GOOG scheduled__2024-02-09T00:00:00+00:00 [queued]>
[2024-04-02 17:44:35,044] {taskinstance.py:1159} INFO - Dependencies all met for <TaskInstance: get_stocks_dag.GOOG scheduled__2024-02-09T00:00:00+00:00 [queued]>
[2024-04-02 17:44:35,044] {taskinstance.py:1356} INFO - 
--------------------------------------------------------------------------------
[2024-04-02 17:44:35,044] {taskinstance.py:1357} INFO - Starting attempt 1 of 1
[2024-04-02 17:44:35,044] {taskinstance.py:1358} INFO - 
--------------------------------------------------------------------------------
[2024-04-02 17:44:35,061] {taskinstance.py:1377} INFO - Executing <Task(_PythonDecoratedOperator): GOOG> on 2024-02-09 00:00:00+00:00
[2024-04-02 17:44:35,068] {standard_task_runner.py:52} INFO - Started process 21217 to run task
[2024-04-02 17:44:35,074] {standard_task_runner.py:79} INFO - Running: ['airflow', 'tasks', 'run', 'get_stocks_dag', 'GOOG', 'scheduled__2024-02-09T00:00:00+00:00', '--job-id', '365', '--raw', '--subdir', 'DAGS_FOLDER/get_stocks.py', '--cfg-path', '/tmp/tmp5snnl5pu', '--error-file', '/tmp/tmp08znr4_m']
[2024-04-02 17:44:35,076] {standard_task_runner.py:80} INFO - Job 365: Subtask GOOG
[2024-04-02 17:44:35,202] {task_command.py:370} INFO - Running <TaskInstance: get_stocks_dag.GOOG scheduled__2024-02-09T00:00:00+00:00 [running]> on host alexmend-virtual-machine
[2024-04-02 17:44:35,373] {taskinstance.py:1569} INFO - Exporting the following env vars:
AIRFLOW_CTX_DAG_OWNER=airflow
AIRFLOW_CTX_DAG_ID=get_stocks_dag
AIRFLOW_CTX_TASK_ID=GOOG
AIRFLOW_CTX_EXECUTION_DATE=2024-02-09T00:00:00+00:00
AIRFLOW_CTX_TRY_NUMBER=1
AIRFLOW_CTX_DAG_RUN_ID=scheduled__2024-02-09T00:00:00+00:00
[2024-04-02 17:44:36,053] {python.py:173} INFO - Done. Returned value was: None
[2024-04-02 17:44:36,073] {taskinstance.py:1395} INFO - Marking task as SUCCESS. dag_id=get_stocks_dag, task_id=GOOG, execution_date=20240209T000000, start_date=20240402T204435, end_date=20240402T204436
[2024-04-02 17:44:36,108] {local_task_job.py:156} INFO - Task exited with return code 0
[2024-04-02 17:44:36,167] {local_task_job.py:273} INFO - 0 downstream tasks scheduled from follow-on schedule check
