[2024-04-02 13:06:12,538] {taskinstance.py:1159} INFO - Dependencies all met for <TaskInstance: get_stocks_dag.MSFT scheduled__2024-02-16T00:00:00+00:00 [queued]>
[2024-04-02 13:06:12,549] {taskinstance.py:1159} INFO - Dependencies all met for <TaskInstance: get_stocks_dag.MSFT scheduled__2024-02-16T00:00:00+00:00 [queued]>
[2024-04-02 13:06:12,549] {taskinstance.py:1356} INFO - 
--------------------------------------------------------------------------------
[2024-04-02 13:06:12,549] {taskinstance.py:1357} INFO - Starting attempt 1 of 1
[2024-04-02 13:06:12,549] {taskinstance.py:1358} INFO - 
--------------------------------------------------------------------------------
[2024-04-02 13:06:12,570] {taskinstance.py:1377} INFO - Executing <Task(_PythonDecoratedOperator): MSFT> on 2024-02-16 00:00:00+00:00
[2024-04-02 13:06:12,574] {standard_task_runner.py:52} INFO - Started process 11052 to run task
[2024-04-02 13:06:12,582] {standard_task_runner.py:79} INFO - Running: ['airflow', 'tasks', 'run', 'get_stocks_dag', 'MSFT', 'scheduled__2024-02-16T00:00:00+00:00', '--job-id', '140', '--raw', '--subdir', 'DAGS_FOLDER/get_stocks.py', '--cfg-path', '/tmp/tmpkq1wnmlj', '--error-file', '/tmp/tmpipmpbqpg']
[2024-04-02 13:06:12,583] {standard_task_runner.py:80} INFO - Job 140: Subtask MSFT
[2024-04-02 13:06:12,640] {task_command.py:370} INFO - Running <TaskInstance: get_stocks_dag.MSFT scheduled__2024-02-16T00:00:00+00:00 [running]> on host alexmend-virtual-machine
[2024-04-02 13:06:12,707] {taskinstance.py:1569} INFO - Exporting the following env vars:
AIRFLOW_CTX_DAG_OWNER=airflow
AIRFLOW_CTX_DAG_ID=get_stocks_dag
AIRFLOW_CTX_TASK_ID=MSFT
AIRFLOW_CTX_EXECUTION_DATE=2024-02-16T00:00:00+00:00
AIRFLOW_CTX_TRY_NUMBER=1
AIRFLOW_CTX_DAG_RUN_ID=scheduled__2024-02-16T00:00:00+00:00
[2024-04-02 13:06:13,617] {python.py:173} INFO - Done. Returned value was: None
[2024-04-02 13:06:13,628] {taskinstance.py:1395} INFO - Marking task as SUCCESS. dag_id=get_stocks_dag, task_id=MSFT, execution_date=20240216T000000, start_date=20240402T160612, end_date=20240402T160613
[2024-04-02 13:06:13,686] {local_task_job.py:156} INFO - Task exited with return code 0
[2024-04-02 13:06:13,715] {local_task_job.py:273} INFO - 0 downstream tasks scheduled from follow-on schedule check
[2024-04-02 17:18:40,416] {taskinstance.py:1159} INFO - Dependencies all met for <TaskInstance: get_stocks_dag.MSFT scheduled__2024-02-16T00:00:00+00:00 [queued]>
[2024-04-02 17:18:40,614] {taskinstance.py:1159} INFO - Dependencies all met for <TaskInstance: get_stocks_dag.MSFT scheduled__2024-02-16T00:00:00+00:00 [queued]>
[2024-04-02 17:18:40,615] {taskinstance.py:1356} INFO - 
--------------------------------------------------------------------------------
[2024-04-02 17:18:40,615] {taskinstance.py:1357} INFO - Starting attempt 1 of 1
[2024-04-02 17:18:40,615] {taskinstance.py:1358} INFO - 
--------------------------------------------------------------------------------
[2024-04-02 17:18:40,774] {taskinstance.py:1377} INFO - Executing <Task(_PythonDecoratedOperator): MSFT> on 2024-02-16 00:00:00+00:00
[2024-04-02 17:18:40,842] {standard_task_runner.py:52} INFO - Started process 6804 to run task
[2024-04-02 17:18:40,883] {standard_task_runner.py:79} INFO - Running: ['airflow', 'tasks', 'run', 'get_stocks_dag', 'MSFT', 'scheduled__2024-02-16T00:00:00+00:00', '--job-id', '122', '--raw', '--subdir', 'DAGS_FOLDER/get_stocks.py', '--cfg-path', '/tmp/tmptt9tet9v', '--error-file', '/tmp/tmp3eivu8jv']
[2024-04-02 17:18:40,910] {standard_task_runner.py:80} INFO - Job 122: Subtask MSFT
[2024-04-02 17:18:41,482] {task_command.py:370} INFO - Running <TaskInstance: get_stocks_dag.MSFT scheduled__2024-02-16T00:00:00+00:00 [running]> on host alexmend-virtual-machine
[2024-04-02 17:18:42,009] {taskinstance.py:1569} INFO - Exporting the following env vars:
AIRFLOW_CTX_DAG_OWNER=airflow
AIRFLOW_CTX_DAG_ID=get_stocks_dag
AIRFLOW_CTX_TASK_ID=MSFT
AIRFLOW_CTX_EXECUTION_DATE=2024-02-16T00:00:00+00:00
AIRFLOW_CTX_TRY_NUMBER=1
AIRFLOW_CTX_DAG_RUN_ID=scheduled__2024-02-16T00:00:00+00:00
[2024-04-02 17:18:43,428] {python.py:173} INFO - Done. Returned value was: None
[2024-04-02 17:18:43,557] {taskinstance.py:1395} INFO - Marking task as SUCCESS. dag_id=get_stocks_dag, task_id=MSFT, execution_date=20240216T000000, start_date=20240402T201840, end_date=20240402T201843
[2024-04-02 17:18:43,787] {local_task_job.py:156} INFO - Task exited with return code 0
[2024-04-02 17:18:43,956] {local_task_job.py:273} INFO - 0 downstream tasks scheduled from follow-on schedule check
[2024-04-02 17:44:59,713] {taskinstance.py:1159} INFO - Dependencies all met for <TaskInstance: get_stocks_dag.MSFT scheduled__2024-02-16T00:00:00+00:00 [queued]>
[2024-04-02 17:44:59,728] {taskinstance.py:1159} INFO - Dependencies all met for <TaskInstance: get_stocks_dag.MSFT scheduled__2024-02-16T00:00:00+00:00 [queued]>
[2024-04-02 17:44:59,728] {taskinstance.py:1356} INFO - 
--------------------------------------------------------------------------------
[2024-04-02 17:44:59,728] {taskinstance.py:1357} INFO - Starting attempt 1 of 1
[2024-04-02 17:44:59,728] {taskinstance.py:1358} INFO - 
--------------------------------------------------------------------------------
[2024-04-02 17:44:59,744] {taskinstance.py:1377} INFO - Executing <Task(_PythonDecoratedOperator): MSFT> on 2024-02-16 00:00:00+00:00
[2024-04-02 17:44:59,750] {standard_task_runner.py:52} INFO - Started process 21681 to run task
[2024-04-02 17:44:59,760] {standard_task_runner.py:79} INFO - Running: ['airflow', 'tasks', 'run', 'get_stocks_dag', 'MSFT', 'scheduled__2024-02-16T00:00:00+00:00', '--job-id', '384', '--raw', '--subdir', 'DAGS_FOLDER/get_stocks.py', '--cfg-path', '/tmp/tmp2cftjjh1', '--error-file', '/tmp/tmppfqipu26']
[2024-04-02 17:44:59,762] {standard_task_runner.py:80} INFO - Job 384: Subtask MSFT
[2024-04-02 17:44:59,882] {task_command.py:370} INFO - Running <TaskInstance: get_stocks_dag.MSFT scheduled__2024-02-16T00:00:00+00:00 [running]> on host alexmend-virtual-machine
[2024-04-02 17:45:00,035] {taskinstance.py:1569} INFO - Exporting the following env vars:
AIRFLOW_CTX_DAG_OWNER=airflow
AIRFLOW_CTX_DAG_ID=get_stocks_dag
AIRFLOW_CTX_TASK_ID=MSFT
AIRFLOW_CTX_EXECUTION_DATE=2024-02-16T00:00:00+00:00
AIRFLOW_CTX_TRY_NUMBER=1
AIRFLOW_CTX_DAG_RUN_ID=scheduled__2024-02-16T00:00:00+00:00
[2024-04-02 17:45:00,715] {python.py:173} INFO - Done. Returned value was: None
[2024-04-02 17:45:00,743] {taskinstance.py:1395} INFO - Marking task as SUCCESS. dag_id=get_stocks_dag, task_id=MSFT, execution_date=20240216T000000, start_date=20240402T204459, end_date=20240402T204500
[2024-04-02 17:45:00,788] {local_task_job.py:156} INFO - Task exited with return code 0
[2024-04-02 17:45:00,865] {local_task_job.py:273} INFO - 0 downstream tasks scheduled from follow-on schedule check
