[2024-04-02 13:12:10,632] {taskinstance.py:1159} INFO - Dependencies all met for <TaskInstance: get_stocks_dag.TSLA scheduled__2024-03-19T00:00:00+00:00 [queued]>
[2024-04-02 13:12:10,641] {taskinstance.py:1159} INFO - Dependencies all met for <TaskInstance: get_stocks_dag.TSLA scheduled__2024-03-19T00:00:00+00:00 [queued]>
[2024-04-02 13:12:10,642] {taskinstance.py:1356} INFO - 
--------------------------------------------------------------------------------
[2024-04-02 13:12:10,642] {taskinstance.py:1357} INFO - Starting attempt 1 of 1
[2024-04-02 13:12:10,643] {taskinstance.py:1358} INFO - 
--------------------------------------------------------------------------------
[2024-04-02 13:12:10,663] {taskinstance.py:1377} INFO - Executing <Task(_PythonDecoratedOperator): TSLA> on 2024-03-19 00:00:00+00:00
[2024-04-02 13:12:10,669] {standard_task_runner.py:52} INFO - Started process 13143 to run task
[2024-04-02 13:12:10,673] {standard_task_runner.py:79} INFO - Running: ['airflow', 'tasks', 'run', 'get_stocks_dag', 'TSLA', 'scheduled__2024-03-19T00:00:00+00:00', '--job-id', '230', '--raw', '--subdir', 'DAGS_FOLDER/get_stocks.py', '--cfg-path', '/tmp/tmpludufrw_', '--error-file', '/tmp/tmpf68xt89r']
[2024-04-02 13:12:10,674] {standard_task_runner.py:80} INFO - Job 230: Subtask TSLA
[2024-04-02 13:12:10,751] {task_command.py:370} INFO - Running <TaskInstance: get_stocks_dag.TSLA scheduled__2024-03-19T00:00:00+00:00 [running]> on host alexmend-virtual-machine
[2024-04-02 13:12:10,826] {taskinstance.py:1569} INFO - Exporting the following env vars:
AIRFLOW_CTX_DAG_OWNER=airflow
AIRFLOW_CTX_DAG_ID=get_stocks_dag
AIRFLOW_CTX_TASK_ID=TSLA
AIRFLOW_CTX_EXECUTION_DATE=2024-03-19T00:00:00+00:00
AIRFLOW_CTX_TRY_NUMBER=1
AIRFLOW_CTX_DAG_RUN_ID=scheduled__2024-03-19T00:00:00+00:00
[2024-04-02 13:12:11,498] {python.py:173} INFO - Done. Returned value was: None
[2024-04-02 13:12:11,512] {taskinstance.py:1395} INFO - Marking task as SUCCESS. dag_id=get_stocks_dag, task_id=TSLA, execution_date=20240319T000000, start_date=20240402T161210, end_date=20240402T161211
[2024-04-02 13:12:11,545] {local_task_job.py:156} INFO - Task exited with return code 0
[2024-04-02 13:12:11,574] {local_task_job.py:273} INFO - 0 downstream tasks scheduled from follow-on schedule check
[2024-04-02 17:19:54,819] {taskinstance.py:1159} INFO - Dependencies all met for <TaskInstance: get_stocks_dag.TSLA scheduled__2024-03-19T00:00:00+00:00 [queued]>
[2024-04-02 17:19:54,853] {taskinstance.py:1159} INFO - Dependencies all met for <TaskInstance: get_stocks_dag.TSLA scheduled__2024-03-19T00:00:00+00:00 [queued]>
[2024-04-02 17:19:54,858] {taskinstance.py:1356} INFO - 
--------------------------------------------------------------------------------
[2024-04-02 17:19:54,859] {taskinstance.py:1357} INFO - Starting attempt 1 of 1
[2024-04-02 17:19:54,859] {taskinstance.py:1358} INFO - 
--------------------------------------------------------------------------------
[2024-04-02 17:19:54,996] {taskinstance.py:1377} INFO - Executing <Task(_PythonDecoratedOperator): TSLA> on 2024-03-19 00:00:00+00:00
[2024-04-02 17:19:55,028] {standard_task_runner.py:52} INFO - Started process 8973 to run task
[2024-04-02 17:19:55,096] {standard_task_runner.py:79} INFO - Running: ['airflow', 'tasks', 'run', 'get_stocks_dag', 'TSLA', 'scheduled__2024-03-19T00:00:00+00:00', '--job-id', '212', '--raw', '--subdir', 'DAGS_FOLDER/get_stocks.py', '--cfg-path', '/tmp/tmpj5i4256i', '--error-file', '/tmp/tmpz1i2dfx_']
[2024-04-02 17:19:55,128] {standard_task_runner.py:80} INFO - Job 212: Subtask TSLA
[2024-04-02 17:19:56,030] {task_command.py:370} INFO - Running <TaskInstance: get_stocks_dag.TSLA scheduled__2024-03-19T00:00:00+00:00 [running]> on host alexmend-virtual-machine
[2024-04-02 17:19:57,158] {taskinstance.py:1569} INFO - Exporting the following env vars:
AIRFLOW_CTX_DAG_OWNER=airflow
AIRFLOW_CTX_DAG_ID=get_stocks_dag
AIRFLOW_CTX_TASK_ID=TSLA
AIRFLOW_CTX_EXECUTION_DATE=2024-03-19T00:00:00+00:00
AIRFLOW_CTX_TRY_NUMBER=1
AIRFLOW_CTX_DAG_RUN_ID=scheduled__2024-03-19T00:00:00+00:00
[2024-04-02 17:19:59,383] {python.py:173} INFO - Done. Returned value was: None
[2024-04-02 17:19:59,804] {taskinstance.py:1395} INFO - Marking task as SUCCESS. dag_id=get_stocks_dag, task_id=TSLA, execution_date=20240319T000000, start_date=20240402T201954, end_date=20240402T201959
[2024-04-02 17:19:59,956] {local_task_job.py:156} INFO - Task exited with return code 0
[2024-04-02 17:20:00,335] {local_task_job.py:273} INFO - 0 downstream tasks scheduled from follow-on schedule check
[2024-04-02 17:47:09,817] {taskinstance.py:1159} INFO - Dependencies all met for <TaskInstance: get_stocks_dag.TSLA scheduled__2024-03-19T00:00:00+00:00 [queued]>
[2024-04-02 17:47:09,849] {taskinstance.py:1159} INFO - Dependencies all met for <TaskInstance: get_stocks_dag.TSLA scheduled__2024-03-19T00:00:00+00:00 [queued]>
[2024-04-02 17:47:09,850] {taskinstance.py:1356} INFO - 
--------------------------------------------------------------------------------
[2024-04-02 17:47:09,853] {taskinstance.py:1357} INFO - Starting attempt 1 of 1
[2024-04-02 17:47:09,853] {taskinstance.py:1358} INFO - 
--------------------------------------------------------------------------------
[2024-04-02 17:47:09,915] {taskinstance.py:1377} INFO - Executing <Task(_PythonDecoratedOperator): TSLA> on 2024-03-19 00:00:00+00:00
[2024-04-02 17:47:09,945] {standard_task_runner.py:52} INFO - Started process 24333 to run task
[2024-04-02 17:47:09,974] {standard_task_runner.py:79} INFO - Running: ['airflow', 'tasks', 'run', 'get_stocks_dag', 'TSLA', 'scheduled__2024-03-19T00:00:00+00:00', '--job-id', '473', '--raw', '--subdir', 'DAGS_FOLDER/get_stocks.py', '--cfg-path', '/tmp/tmpsnf6bt8r', '--error-file', '/tmp/tmp_eppalon']
[2024-04-02 17:47:10,002] {standard_task_runner.py:80} INFO - Job 473: Subtask TSLA
[2024-04-02 17:47:10,230] {task_command.py:370} INFO - Running <TaskInstance: get_stocks_dag.TSLA scheduled__2024-03-19T00:00:00+00:00 [running]> on host alexmend-virtual-machine
[2024-04-02 17:47:10,643] {taskinstance.py:1569} INFO - Exporting the following env vars:
AIRFLOW_CTX_DAG_OWNER=airflow
AIRFLOW_CTX_DAG_ID=get_stocks_dag
AIRFLOW_CTX_TASK_ID=TSLA
AIRFLOW_CTX_EXECUTION_DATE=2024-03-19T00:00:00+00:00
AIRFLOW_CTX_TRY_NUMBER=1
AIRFLOW_CTX_DAG_RUN_ID=scheduled__2024-03-19T00:00:00+00:00
[2024-04-02 17:47:11,924] {python.py:173} INFO - Done. Returned value was: None
[2024-04-02 17:47:11,995] {taskinstance.py:1395} INFO - Marking task as SUCCESS. dag_id=get_stocks_dag, task_id=TSLA, execution_date=20240319T000000, start_date=20240402T204709, end_date=20240402T204711
[2024-04-02 17:47:12,136] {local_task_job.py:156} INFO - Task exited with return code 0
[2024-04-02 17:47:12,490] {local_task_job.py:273} INFO - 0 downstream tasks scheduled from follow-on schedule check
[2024-04-02 19:15:57,660] {taskinstance.py:1159} INFO - Dependencies all met for <TaskInstance: get_stocks_dag.TSLA scheduled__2024-03-19T00:00:00+00:00 [queued]>
[2024-04-02 19:15:57,677] {taskinstance.py:1159} INFO - Dependencies all met for <TaskInstance: get_stocks_dag.TSLA scheduled__2024-03-19T00:00:00+00:00 [queued]>
[2024-04-02 19:15:57,677] {taskinstance.py:1356} INFO - 
--------------------------------------------------------------------------------
[2024-04-02 19:15:57,677] {taskinstance.py:1357} INFO - Starting attempt 1 of 1
[2024-04-02 19:15:57,677] {taskinstance.py:1358} INFO - 
--------------------------------------------------------------------------------
[2024-04-02 19:15:57,702] {taskinstance.py:1377} INFO - Executing <Task(_PythonDecoratedOperator): TSLA> on 2024-03-19 00:00:00+00:00
[2024-04-02 19:15:57,710] {standard_task_runner.py:52} INFO - Started process 15400 to run task
[2024-04-02 19:15:57,716] {standard_task_runner.py:79} INFO - Running: ['airflow', 'tasks', 'run', 'get_stocks_dag', 'TSLA', 'scheduled__2024-03-19T00:00:00+00:00', '--job-id', '573', '--raw', '--subdir', 'DAGS_FOLDER/get_stocks.py', '--cfg-path', '/tmp/tmpf0r8i732', '--error-file', '/tmp/tmpvjb_zq4y']
[2024-04-02 19:15:57,718] {standard_task_runner.py:80} INFO - Job 573: Subtask TSLA
[2024-04-02 19:15:57,877] {task_command.py:370} INFO - Running <TaskInstance: get_stocks_dag.TSLA scheduled__2024-03-19T00:00:00+00:00 [running]> on host alexmend-virtual-machine
[2024-04-02 19:15:58,077] {taskinstance.py:1569} INFO - Exporting the following env vars:
AIRFLOW_CTX_DAG_OWNER=airflow
AIRFLOW_CTX_DAG_ID=get_stocks_dag
AIRFLOW_CTX_TASK_ID=TSLA
AIRFLOW_CTX_EXECUTION_DATE=2024-03-19T00:00:00+00:00
AIRFLOW_CTX_TRY_NUMBER=1
AIRFLOW_CTX_DAG_RUN_ID=scheduled__2024-03-19T00:00:00+00:00
[2024-04-02 19:15:58,721] {python.py:173} INFO - Done. Returned value was: None
[2024-04-02 19:15:58,754] {taskinstance.py:1395} INFO - Marking task as SUCCESS. dag_id=get_stocks_dag, task_id=TSLA, execution_date=20240319T000000, start_date=20240402T221557, end_date=20240402T221558
[2024-04-02 19:15:58,792] {local_task_job.py:156} INFO - Task exited with return code 0
[2024-04-02 19:15:58,873] {local_task_job.py:273} INFO - 0 downstream tasks scheduled from follow-on schedule check
[2024-04-02 20:40:00,188] {taskinstance.py:1159} INFO - Dependencies all met for <TaskInstance: get_stocks_dag.TSLA scheduled__2024-03-19T00:00:00+00:00 [queued]>
[2024-04-02 20:40:00,222] {taskinstance.py:1159} INFO - Dependencies all met for <TaskInstance: get_stocks_dag.TSLA scheduled__2024-03-19T00:00:00+00:00 [queued]>
[2024-04-02 20:40:00,222] {taskinstance.py:1356} INFO - 
--------------------------------------------------------------------------------
[2024-04-02 20:40:00,222] {taskinstance.py:1357} INFO - Starting attempt 1 of 1
[2024-04-02 20:40:00,222] {taskinstance.py:1358} INFO - 
--------------------------------------------------------------------------------
[2024-04-02 20:40:00,261] {taskinstance.py:1377} INFO - Executing <Task(_PythonDecoratedOperator): TSLA> on 2024-03-19 00:00:00+00:00
[2024-04-02 20:40:00,278] {standard_task_runner.py:52} INFO - Started process 26932 to run task
[2024-04-02 20:40:00,320] {standard_task_runner.py:79} INFO - Running: ['airflow', 'tasks', 'run', 'get_stocks_dag', 'TSLA', 'scheduled__2024-03-19T00:00:00+00:00', '--job-id', '677', '--raw', '--subdir', 'DAGS_FOLDER/get_stocks.py', '--cfg-path', '/tmp/tmp36ft6yuu', '--error-file', '/tmp/tmpk759f51j']
[2024-04-02 20:40:00,323] {standard_task_runner.py:80} INFO - Job 677: Subtask TSLA
[2024-04-02 20:40:00,625] {task_command.py:370} INFO - Running <TaskInstance: get_stocks_dag.TSLA scheduled__2024-03-19T00:00:00+00:00 [running]> on host alexmend-virtual-machine
[2024-04-02 20:40:01,010] {taskinstance.py:1569} INFO - Exporting the following env vars:
AIRFLOW_CTX_DAG_OWNER=airflow
AIRFLOW_CTX_DAG_ID=get_stocks_dag
AIRFLOW_CTX_TASK_ID=TSLA
AIRFLOW_CTX_EXECUTION_DATE=2024-03-19T00:00:00+00:00
AIRFLOW_CTX_TRY_NUMBER=1
AIRFLOW_CTX_DAG_RUN_ID=scheduled__2024-03-19T00:00:00+00:00
[2024-04-02 20:40:02,893] {python.py:173} INFO - Done. Returned value was: None
[2024-04-02 20:40:03,082] {taskinstance.py:1395} INFO - Marking task as SUCCESS. dag_id=get_stocks_dag, task_id=TSLA, execution_date=20240319T000000, start_date=20240402T234000, end_date=20240402T234003
[2024-04-02 20:40:03,182] {local_task_job.py:156} INFO - Task exited with return code 0
[2024-04-02 20:40:03,266] {local_task_job.py:273} INFO - 0 downstream tasks scheduled from follow-on schedule check
[2024-04-02 21:51:28,268] {taskinstance.py:1159} INFO - Dependencies all met for <TaskInstance: get_stocks_dag.TSLA scheduled__2024-03-19T00:00:00+00:00 [queued]>
[2024-04-02 21:51:28,350] {taskinstance.py:1159} INFO - Dependencies all met for <TaskInstance: get_stocks_dag.TSLA scheduled__2024-03-19T00:00:00+00:00 [queued]>
[2024-04-02 21:51:28,350] {taskinstance.py:1356} INFO - 
--------------------------------------------------------------------------------
[2024-04-02 21:51:28,351] {taskinstance.py:1357} INFO - Starting attempt 1 of 1
[2024-04-02 21:51:28,351] {taskinstance.py:1358} INFO - 
--------------------------------------------------------------------------------
[2024-04-02 21:51:28,390] {taskinstance.py:1377} INFO - Executing <Task(_PythonDecoratedOperator): TSLA> on 2024-03-19 00:00:00+00:00
[2024-04-02 21:51:28,403] {standard_task_runner.py:52} INFO - Started process 52014 to run task
[2024-04-02 21:51:28,414] {standard_task_runner.py:79} INFO - Running: ['airflow', 'tasks', 'run', 'get_stocks_dag', 'TSLA', 'scheduled__2024-03-19T00:00:00+00:00', '--job-id', '829', '--raw', '--subdir', 'DAGS_FOLDER/get_stocks.py', '--cfg-path', '/tmp/tmprr8mo8ea', '--error-file', '/tmp/tmplvrorscu']
[2024-04-02 21:51:28,418] {standard_task_runner.py:80} INFO - Job 829: Subtask TSLA
[2024-04-02 21:51:28,616] {task_command.py:370} INFO - Running <TaskInstance: get_stocks_dag.TSLA scheduled__2024-03-19T00:00:00+00:00 [running]> on host alexmend-virtual-machine
[2024-04-02 21:51:28,831] {taskinstance.py:1569} INFO - Exporting the following env vars:
AIRFLOW_CTX_DAG_OWNER=airflow
AIRFLOW_CTX_DAG_ID=get_stocks_dag
AIRFLOW_CTX_TASK_ID=TSLA
AIRFLOW_CTX_EXECUTION_DATE=2024-03-19T00:00:00+00:00
AIRFLOW_CTX_TRY_NUMBER=1
AIRFLOW_CTX_DAG_RUN_ID=scheduled__2024-03-19T00:00:00+00:00
[2024-04-02 21:51:39,933] {python.py:173} INFO - Done. Returned value was: None
[2024-04-02 21:51:39,981] {taskinstance.py:1395} INFO - Marking task as SUCCESS. dag_id=get_stocks_dag, task_id=TSLA, execution_date=20240319T000000, start_date=20240403T005128, end_date=20240403T005139
[2024-04-02 21:51:40,073] {local_task_job.py:156} INFO - Task exited with return code 0
[2024-04-02 21:51:40,195] {local_task_job.py:273} INFO - 0 downstream tasks scheduled from follow-on schedule check
[2024-04-02 23:08:40,588] {taskinstance.py:1159} INFO - Dependencies all met for <TaskInstance: get_stocks_dag.TSLA scheduled__2024-03-19T00:00:00+00:00 [queued]>
[2024-04-02 23:08:40,628] {taskinstance.py:1159} INFO - Dependencies all met for <TaskInstance: get_stocks_dag.TSLA scheduled__2024-03-19T00:00:00+00:00 [queued]>
[2024-04-02 23:08:40,629] {taskinstance.py:1356} INFO - 
--------------------------------------------------------------------------------
[2024-04-02 23:08:40,630] {taskinstance.py:1357} INFO - Starting attempt 1 of 1
[2024-04-02 23:08:40,630] {taskinstance.py:1358} INFO - 
--------------------------------------------------------------------------------
[2024-04-02 23:08:40,665] {taskinstance.py:1377} INFO - Executing <Task(_PythonDecoratedOperator): TSLA> on 2024-03-19 00:00:00+00:00
[2024-04-02 23:08:40,675] {standard_task_runner.py:52} INFO - Started process 80672 to run task
[2024-04-02 23:08:40,693] {standard_task_runner.py:79} INFO - Running: ['airflow', 'tasks', 'run', 'get_stocks_dag', 'TSLA', 'scheduled__2024-03-19T00:00:00+00:00', '--job-id', '1125', '--raw', '--subdir', 'DAGS_FOLDER/get_stocks.py', '--cfg-path', '/tmp/tmpmjrrtqh9', '--error-file', '/tmp/tmpwn3ncu76']
[2024-04-02 23:08:40,698] {standard_task_runner.py:80} INFO - Job 1125: Subtask TSLA
[2024-04-02 23:08:40,910] {task_command.py:370} INFO - Running <TaskInstance: get_stocks_dag.TSLA scheduled__2024-03-19T00:00:00+00:00 [running]> on host alexmend-virtual-machine
[2024-04-02 23:08:41,122] {taskinstance.py:1569} INFO - Exporting the following env vars:
AIRFLOW_CTX_DAG_OWNER=airflow
AIRFLOW_CTX_DAG_ID=get_stocks_dag
AIRFLOW_CTX_TASK_ID=TSLA
AIRFLOW_CTX_EXECUTION_DATE=2024-03-19T00:00:00+00:00
AIRFLOW_CTX_TRY_NUMBER=1
AIRFLOW_CTX_DAG_RUN_ID=scheduled__2024-03-19T00:00:00+00:00
[2024-04-02 23:08:51,923] {python.py:173} INFO - Done. Returned value was: None
[2024-04-02 23:08:51,968] {taskinstance.py:1395} INFO - Marking task as SUCCESS. dag_id=get_stocks_dag, task_id=TSLA, execution_date=20240319T000000, start_date=20240403T020840, end_date=20240403T020851
[2024-04-02 23:08:52,046] {local_task_job.py:156} INFO - Task exited with return code 0
[2024-04-02 23:08:52,124] {local_task_job.py:273} INFO - 0 downstream tasks scheduled from follow-on schedule check
