[2024-04-02 12:59:59,550] {taskinstance.py:1159} INFO - Dependencies all met for <TaskInstance: get_stocks_dag.AAPL scheduled__2024-01-17T00:00:00+00:00 [queued]>
[2024-04-02 12:59:59,561] {taskinstance.py:1159} INFO - Dependencies all met for <TaskInstance: get_stocks_dag.AAPL scheduled__2024-01-17T00:00:00+00:00 [queued]>
[2024-04-02 12:59:59,561] {taskinstance.py:1356} INFO - 
--------------------------------------------------------------------------------
[2024-04-02 12:59:59,562] {taskinstance.py:1357} INFO - Starting attempt 1 of 1
[2024-04-02 12:59:59,562] {taskinstance.py:1358} INFO - 
--------------------------------------------------------------------------------
[2024-04-02 12:59:59,585] {taskinstance.py:1377} INFO - Executing <Task(_PythonDecoratedOperator): AAPL> on 2024-01-17 00:00:00+00:00
[2024-04-02 12:59:59,593] {standard_task_runner.py:52} INFO - Started process 8862 to run task
[2024-04-02 12:59:59,618] {standard_task_runner.py:79} INFO - Running: ['airflow', 'tasks', 'run', 'get_stocks_dag', 'AAPL', 'scheduled__2024-01-17T00:00:00+00:00', '--job-id', '51', '--raw', '--subdir', 'DAGS_FOLDER/get_stocks.py', '--cfg-path', '/tmp/tmpxi0yrpbx', '--error-file', '/tmp/tmpa9nleek_']
[2024-04-02 12:59:59,620] {standard_task_runner.py:80} INFO - Job 51: Subtask AAPL
[2024-04-02 12:59:59,692] {task_command.py:370} INFO - Running <TaskInstance: get_stocks_dag.AAPL scheduled__2024-01-17T00:00:00+00:00 [running]> on host alexmend-virtual-machine
[2024-04-02 12:59:59,779] {taskinstance.py:1569} INFO - Exporting the following env vars:
AIRFLOW_CTX_DAG_OWNER=airflow
AIRFLOW_CTX_DAG_ID=get_stocks_dag
AIRFLOW_CTX_TASK_ID=AAPL
AIRFLOW_CTX_EXECUTION_DATE=2024-01-17T00:00:00+00:00
AIRFLOW_CTX_TRY_NUMBER=1
AIRFLOW_CTX_DAG_RUN_ID=scheduled__2024-01-17T00:00:00+00:00
[2024-04-02 13:00:00,524] {python.py:173} INFO - Done. Returned value was: None
[2024-04-02 13:00:00,532] {taskinstance.py:1395} INFO - Marking task as SUCCESS. dag_id=get_stocks_dag, task_id=AAPL, execution_date=20240117T000000, start_date=20240402T155959, end_date=20240402T160000
[2024-04-02 13:00:00,590] {local_task_job.py:156} INFO - Task exited with return code 0
[2024-04-02 13:00:00,615] {local_task_job.py:273} INFO - 0 downstream tasks scheduled from follow-on schedule check
[2024-04-02 17:17:19,659] {taskinstance.py:1159} INFO - Dependencies all met for <TaskInstance: get_stocks_dag.AAPL scheduled__2024-01-17T00:00:00+00:00 [queued]>
[2024-04-02 17:17:19,860] {taskinstance.py:1159} INFO - Dependencies all met for <TaskInstance: get_stocks_dag.AAPL scheduled__2024-01-17T00:00:00+00:00 [queued]>
[2024-04-02 17:17:19,868] {taskinstance.py:1356} INFO - 
--------------------------------------------------------------------------------
[2024-04-02 17:17:19,869] {taskinstance.py:1357} INFO - Starting attempt 1 of 1
[2024-04-02 17:17:19,870] {taskinstance.py:1358} INFO - 
--------------------------------------------------------------------------------
[2024-04-02 17:17:20,218] {taskinstance.py:1377} INFO - Executing <Task(_PythonDecoratedOperator): AAPL> on 2024-01-17 00:00:00+00:00
[2024-04-02 17:17:20,235] {standard_task_runner.py:52} INFO - Started process 4597 to run task
[2024-04-02 17:17:20,352] {standard_task_runner.py:79} INFO - Running: ['airflow', 'tasks', 'run', 'get_stocks_dag', 'AAPL', 'scheduled__2024-01-17T00:00:00+00:00', '--job-id', '36', '--raw', '--subdir', 'DAGS_FOLDER/get_stocks.py', '--cfg-path', '/tmp/tmpa1dpuel_', '--error-file', '/tmp/tmpt01dj10t']
[2024-04-02 17:17:20,389] {standard_task_runner.py:80} INFO - Job 36: Subtask AAPL
[2024-04-02 17:17:21,069] {task_command.py:370} INFO - Running <TaskInstance: get_stocks_dag.AAPL scheduled__2024-01-17T00:00:00+00:00 [running]> on host alexmend-virtual-machine
[2024-04-02 17:17:22,401] {taskinstance.py:1569} INFO - Exporting the following env vars:
AIRFLOW_CTX_DAG_OWNER=airflow
AIRFLOW_CTX_DAG_ID=get_stocks_dag
AIRFLOW_CTX_TASK_ID=AAPL
AIRFLOW_CTX_EXECUTION_DATE=2024-01-17T00:00:00+00:00
AIRFLOW_CTX_TRY_NUMBER=1
AIRFLOW_CTX_DAG_RUN_ID=scheduled__2024-01-17T00:00:00+00:00
[2024-04-02 17:17:24,273] {python.py:173} INFO - Done. Returned value was: None
[2024-04-02 17:17:24,442] {taskinstance.py:1395} INFO - Marking task as SUCCESS. dag_id=get_stocks_dag, task_id=AAPL, execution_date=20240117T000000, start_date=20240402T201719, end_date=20240402T201724
[2024-04-02 17:17:24,682] {local_task_job.py:156} INFO - Task exited with return code 0
[2024-04-02 17:17:25,104] {local_task_job.py:273} INFO - 0 downstream tasks scheduled from follow-on schedule check
[2024-04-02 17:42:50,121] {taskinstance.py:1159} INFO - Dependencies all met for <TaskInstance: get_stocks_dag.AAPL scheduled__2024-01-17T00:00:00+00:00 [queued]>
[2024-04-02 17:42:50,135] {taskinstance.py:1159} INFO - Dependencies all met for <TaskInstance: get_stocks_dag.AAPL scheduled__2024-01-17T00:00:00+00:00 [queued]>
[2024-04-02 17:42:50,136] {taskinstance.py:1356} INFO - 
--------------------------------------------------------------------------------
[2024-04-02 17:42:50,136] {taskinstance.py:1357} INFO - Starting attempt 1 of 1
[2024-04-02 17:42:50,136] {taskinstance.py:1358} INFO - 
--------------------------------------------------------------------------------
[2024-04-02 17:42:50,153] {taskinstance.py:1377} INFO - Executing <Task(_PythonDecoratedOperator): AAPL> on 2024-01-17 00:00:00+00:00
[2024-04-02 17:42:50,159] {standard_task_runner.py:52} INFO - Started process 19094 to run task
[2024-04-02 17:42:50,166] {standard_task_runner.py:79} INFO - Running: ['airflow', 'tasks', 'run', 'get_stocks_dag', 'AAPL', 'scheduled__2024-01-17T00:00:00+00:00', '--job-id', '295', '--raw', '--subdir', 'DAGS_FOLDER/get_stocks.py', '--cfg-path', '/tmp/tmp2_jdnvno', '--error-file', '/tmp/tmpw58zgvc7']
[2024-04-02 17:42:50,168] {standard_task_runner.py:80} INFO - Job 295: Subtask AAPL
[2024-04-02 17:42:50,270] {task_command.py:370} INFO - Running <TaskInstance: get_stocks_dag.AAPL scheduled__2024-01-17T00:00:00+00:00 [running]> on host alexmend-virtual-machine
[2024-04-02 17:42:50,381] {taskinstance.py:1569} INFO - Exporting the following env vars:
AIRFLOW_CTX_DAG_OWNER=airflow
AIRFLOW_CTX_DAG_ID=get_stocks_dag
AIRFLOW_CTX_TASK_ID=AAPL
AIRFLOW_CTX_EXECUTION_DATE=2024-01-17T00:00:00+00:00
AIRFLOW_CTX_TRY_NUMBER=1
AIRFLOW_CTX_DAG_RUN_ID=scheduled__2024-01-17T00:00:00+00:00
[2024-04-02 17:42:52,546] {python.py:173} INFO - Done. Returned value was: None
[2024-04-02 17:42:52,571] {taskinstance.py:1395} INFO - Marking task as SUCCESS. dag_id=get_stocks_dag, task_id=AAPL, execution_date=20240117T000000, start_date=20240402T204250, end_date=20240402T204252
[2024-04-02 17:42:52,605] {local_task_job.py:156} INFO - Task exited with return code 0
[2024-04-02 17:42:52,679] {local_task_job.py:273} INFO - 0 downstream tasks scheduled from follow-on schedule check
