[2024-04-02 13:12:57,480] {taskinstance.py:1159} INFO - Dependencies all met for <TaskInstance: get_stocks_dag.TSLA scheduled__2024-03-22T00:00:00+00:00 [queued]>
[2024-04-02 13:12:57,489] {taskinstance.py:1159} INFO - Dependencies all met for <TaskInstance: get_stocks_dag.TSLA scheduled__2024-03-22T00:00:00+00:00 [queued]>
[2024-04-02 13:12:57,489] {taskinstance.py:1356} INFO - 
--------------------------------------------------------------------------------
[2024-04-02 13:12:57,489] {taskinstance.py:1357} INFO - Starting attempt 1 of 1
[2024-04-02 13:12:57,490] {taskinstance.py:1358} INFO - 
--------------------------------------------------------------------------------
[2024-04-02 13:12:57,511] {taskinstance.py:1377} INFO - Executing <Task(_PythonDecoratedOperator): TSLA> on 2024-03-22 00:00:00+00:00
[2024-04-02 13:12:57,516] {standard_task_runner.py:52} INFO - Started process 13432 to run task
[2024-04-02 13:12:57,525] {standard_task_runner.py:79} INFO - Running: ['airflow', 'tasks', 'run', 'get_stocks_dag', 'TSLA', 'scheduled__2024-03-22T00:00:00+00:00', '--job-id', '242', '--raw', '--subdir', 'DAGS_FOLDER/get_stocks.py', '--cfg-path', '/tmp/tmpi08uoavg', '--error-file', '/tmp/tmptz5ipgkd']
[2024-04-02 13:12:57,526] {standard_task_runner.py:80} INFO - Job 242: Subtask TSLA
[2024-04-02 13:12:57,609] {task_command.py:370} INFO - Running <TaskInstance: get_stocks_dag.TSLA scheduled__2024-03-22T00:00:00+00:00 [running]> on host alexmend-virtual-machine
[2024-04-02 13:12:57,681] {taskinstance.py:1569} INFO - Exporting the following env vars:
AIRFLOW_CTX_DAG_OWNER=airflow
AIRFLOW_CTX_DAG_ID=get_stocks_dag
AIRFLOW_CTX_TASK_ID=TSLA
AIRFLOW_CTX_EXECUTION_DATE=2024-03-22T00:00:00+00:00
AIRFLOW_CTX_TRY_NUMBER=1
AIRFLOW_CTX_DAG_RUN_ID=scheduled__2024-03-22T00:00:00+00:00
[2024-04-02 13:12:58,227] {python.py:173} INFO - Done. Returned value was: None
[2024-04-02 13:12:58,235] {taskinstance.py:1395} INFO - Marking task as SUCCESS. dag_id=get_stocks_dag, task_id=TSLA, execution_date=20240322T000000, start_date=20240402T161257, end_date=20240402T161258
[2024-04-02 13:12:58,266] {local_task_job.py:156} INFO - Task exited with return code 0
[2024-04-02 13:12:58,295] {local_task_job.py:273} INFO - 0 downstream tasks scheduled from follow-on schedule check
[2024-04-02 17:20:06,676] {taskinstance.py:1159} INFO - Dependencies all met for <TaskInstance: get_stocks_dag.TSLA scheduled__2024-03-22T00:00:00+00:00 [queued]>
[2024-04-02 17:20:06,716] {taskinstance.py:1159} INFO - Dependencies all met for <TaskInstance: get_stocks_dag.TSLA scheduled__2024-03-22T00:00:00+00:00 [queued]>
[2024-04-02 17:20:06,716] {taskinstance.py:1356} INFO - 
--------------------------------------------------------------------------------
[2024-04-02 17:20:06,717] {taskinstance.py:1357} INFO - Starting attempt 1 of 1
[2024-04-02 17:20:06,717] {taskinstance.py:1358} INFO - 
--------------------------------------------------------------------------------
[2024-04-02 17:20:06,867] {taskinstance.py:1377} INFO - Executing <Task(_PythonDecoratedOperator): TSLA> on 2024-03-22 00:00:00+00:00
[2024-04-02 17:20:06,925] {standard_task_runner.py:52} INFO - Started process 9320 to run task
[2024-04-02 17:20:07,030] {standard_task_runner.py:79} INFO - Running: ['airflow', 'tasks', 'run', 'get_stocks_dag', 'TSLA', 'scheduled__2024-03-22T00:00:00+00:00', '--job-id', '223', '--raw', '--subdir', 'DAGS_FOLDER/get_stocks.py', '--cfg-path', '/tmp/tmp_vh4w6eu', '--error-file', '/tmp/tmpwuc15vy3']
[2024-04-02 17:20:07,091] {standard_task_runner.py:80} INFO - Job 223: Subtask TSLA
[2024-04-02 17:20:08,174] {task_command.py:370} INFO - Running <TaskInstance: get_stocks_dag.TSLA scheduled__2024-03-22T00:00:00+00:00 [running]> on host alexmend-virtual-machine
[2024-04-02 17:20:09,007] {taskinstance.py:1569} INFO - Exporting the following env vars:
AIRFLOW_CTX_DAG_OWNER=airflow
AIRFLOW_CTX_DAG_ID=get_stocks_dag
AIRFLOW_CTX_TASK_ID=TSLA
AIRFLOW_CTX_EXECUTION_DATE=2024-03-22T00:00:00+00:00
AIRFLOW_CTX_TRY_NUMBER=1
AIRFLOW_CTX_DAG_RUN_ID=scheduled__2024-03-22T00:00:00+00:00
[2024-04-02 17:20:10,409] {python.py:173} INFO - Done. Returned value was: None
[2024-04-02 17:20:10,474] {taskinstance.py:1395} INFO - Marking task as SUCCESS. dag_id=get_stocks_dag, task_id=TSLA, execution_date=20240322T000000, start_date=20240402T202006, end_date=20240402T202010
[2024-04-02 17:20:10,702] {local_task_job.py:156} INFO - Task exited with return code 0
[2024-04-02 17:20:11,120] {local_task_job.py:273} INFO - 0 downstream tasks scheduled from follow-on schedule check
[2024-04-02 17:47:39,314] {taskinstance.py:1159} INFO - Dependencies all met for <TaskInstance: get_stocks_dag.TSLA scheduled__2024-03-22T00:00:00+00:00 [queued]>
[2024-04-02 17:47:39,367] {taskinstance.py:1159} INFO - Dependencies all met for <TaskInstance: get_stocks_dag.TSLA scheduled__2024-03-22T00:00:00+00:00 [queued]>
[2024-04-02 17:47:39,368] {taskinstance.py:1356} INFO - 
--------------------------------------------------------------------------------
[2024-04-02 17:47:39,368] {taskinstance.py:1357} INFO - Starting attempt 1 of 1
[2024-04-02 17:47:39,368] {taskinstance.py:1358} INFO - 
--------------------------------------------------------------------------------
[2024-04-02 17:47:39,412] {taskinstance.py:1377} INFO - Executing <Task(_PythonDecoratedOperator): TSLA> on 2024-03-22 00:00:00+00:00
[2024-04-02 17:47:39,440] {standard_task_runner.py:52} INFO - Started process 24785 to run task
[2024-04-02 17:47:39,474] {standard_task_runner.py:79} INFO - Running: ['airflow', 'tasks', 'run', 'get_stocks_dag', 'TSLA', 'scheduled__2024-03-22T00:00:00+00:00', '--job-id', '486', '--raw', '--subdir', 'DAGS_FOLDER/get_stocks.py', '--cfg-path', '/tmp/tmp75pnyxu5', '--error-file', '/tmp/tmppqqk71h0']
[2024-04-02 17:47:39,481] {standard_task_runner.py:80} INFO - Job 486: Subtask TSLA
[2024-04-02 17:47:39,737] {task_command.py:370} INFO - Running <TaskInstance: get_stocks_dag.TSLA scheduled__2024-03-22T00:00:00+00:00 [running]> on host alexmend-virtual-machine
[2024-04-02 17:47:40,028] {taskinstance.py:1569} INFO - Exporting the following env vars:
AIRFLOW_CTX_DAG_OWNER=airflow
AIRFLOW_CTX_DAG_ID=get_stocks_dag
AIRFLOW_CTX_TASK_ID=TSLA
AIRFLOW_CTX_EXECUTION_DATE=2024-03-22T00:00:00+00:00
AIRFLOW_CTX_TRY_NUMBER=1
AIRFLOW_CTX_DAG_RUN_ID=scheduled__2024-03-22T00:00:00+00:00
[2024-04-02 17:47:41,185] {python.py:173} INFO - Done. Returned value was: None
[2024-04-02 17:47:41,229] {taskinstance.py:1395} INFO - Marking task as SUCCESS. dag_id=get_stocks_dag, task_id=TSLA, execution_date=20240322T000000, start_date=20240402T204739, end_date=20240402T204741
[2024-04-02 17:47:41,318] {local_task_job.py:156} INFO - Task exited with return code 0
[2024-04-02 17:47:41,424] {local_task_job.py:273} INFO - 0 downstream tasks scheduled from follow-on schedule check
[2024-04-02 19:16:19,983] {taskinstance.py:1159} INFO - Dependencies all met for <TaskInstance: get_stocks_dag.TSLA scheduled__2024-03-22T00:00:00+00:00 [queued]>
[2024-04-02 19:16:20,006] {taskinstance.py:1159} INFO - Dependencies all met for <TaskInstance: get_stocks_dag.TSLA scheduled__2024-03-22T00:00:00+00:00 [queued]>
[2024-04-02 19:16:20,006] {taskinstance.py:1356} INFO - 
--------------------------------------------------------------------------------
[2024-04-02 19:16:20,007] {taskinstance.py:1357} INFO - Starting attempt 1 of 1
[2024-04-02 19:16:20,007] {taskinstance.py:1358} INFO - 
--------------------------------------------------------------------------------
[2024-04-02 19:16:20,034] {taskinstance.py:1377} INFO - Executing <Task(_PythonDecoratedOperator): TSLA> on 2024-03-22 00:00:00+00:00
[2024-04-02 19:16:20,045] {standard_task_runner.py:52} INFO - Started process 15878 to run task
[2024-04-02 19:16:20,055] {standard_task_runner.py:79} INFO - Running: ['airflow', 'tasks', 'run', 'get_stocks_dag', 'TSLA', 'scheduled__2024-03-22T00:00:00+00:00', '--job-id', '587', '--raw', '--subdir', 'DAGS_FOLDER/get_stocks.py', '--cfg-path', '/tmp/tmp6s7hngnd', '--error-file', '/tmp/tmpnsgg928y']
[2024-04-02 19:16:20,057] {standard_task_runner.py:80} INFO - Job 587: Subtask TSLA
[2024-04-02 19:16:20,204] {task_command.py:370} INFO - Running <TaskInstance: get_stocks_dag.TSLA scheduled__2024-03-22T00:00:00+00:00 [running]> on host alexmend-virtual-machine
[2024-04-02 19:16:20,335] {taskinstance.py:1569} INFO - Exporting the following env vars:
AIRFLOW_CTX_DAG_OWNER=airflow
AIRFLOW_CTX_DAG_ID=get_stocks_dag
AIRFLOW_CTX_TASK_ID=TSLA
AIRFLOW_CTX_EXECUTION_DATE=2024-03-22T00:00:00+00:00
AIRFLOW_CTX_TRY_NUMBER=1
AIRFLOW_CTX_DAG_RUN_ID=scheduled__2024-03-22T00:00:00+00:00
[2024-04-02 19:16:21,032] {python.py:173} INFO - Done. Returned value was: None
[2024-04-02 19:16:21,048] {taskinstance.py:1395} INFO - Marking task as SUCCESS. dag_id=get_stocks_dag, task_id=TSLA, execution_date=20240322T000000, start_date=20240402T221619, end_date=20240402T221621
[2024-04-02 19:16:21,081] {local_task_job.py:156} INFO - Task exited with return code 0
[2024-04-02 19:16:21,130] {local_task_job.py:273} INFO - 0 downstream tasks scheduled from follow-on schedule check
[2024-04-02 20:40:26,631] {taskinstance.py:1159} INFO - Dependencies all met for <TaskInstance: get_stocks_dag.TSLA scheduled__2024-03-22T00:00:00+00:00 [queued]>
[2024-04-02 20:40:26,681] {taskinstance.py:1159} INFO - Dependencies all met for <TaskInstance: get_stocks_dag.TSLA scheduled__2024-03-22T00:00:00+00:00 [queued]>
[2024-04-02 20:40:26,682] {taskinstance.py:1356} INFO - 
--------------------------------------------------------------------------------
[2024-04-02 20:40:26,682] {taskinstance.py:1357} INFO - Starting attempt 1 of 1
[2024-04-02 20:40:26,682] {taskinstance.py:1358} INFO - 
--------------------------------------------------------------------------------
[2024-04-02 20:40:26,746] {taskinstance.py:1377} INFO - Executing <Task(_PythonDecoratedOperator): TSLA> on 2024-03-22 00:00:00+00:00
[2024-04-02 20:40:26,773] {standard_task_runner.py:52} INFO - Started process 27382 to run task
[2024-04-02 20:40:26,784] {standard_task_runner.py:79} INFO - Running: ['airflow', 'tasks', 'run', 'get_stocks_dag', 'TSLA', 'scheduled__2024-03-22T00:00:00+00:00', '--job-id', '689', '--raw', '--subdir', 'DAGS_FOLDER/get_stocks.py', '--cfg-path', '/tmp/tmpeh_gnfnm', '--error-file', '/tmp/tmpjsz84gga']
[2024-04-02 20:40:26,786] {standard_task_runner.py:80} INFO - Job 689: Subtask TSLA
[2024-04-02 20:40:26,920] {task_command.py:370} INFO - Running <TaskInstance: get_stocks_dag.TSLA scheduled__2024-03-22T00:00:00+00:00 [running]> on host alexmend-virtual-machine
[2024-04-02 20:40:27,098] {taskinstance.py:1569} INFO - Exporting the following env vars:
AIRFLOW_CTX_DAG_OWNER=airflow
AIRFLOW_CTX_DAG_ID=get_stocks_dag
AIRFLOW_CTX_TASK_ID=TSLA
AIRFLOW_CTX_EXECUTION_DATE=2024-03-22T00:00:00+00:00
AIRFLOW_CTX_TRY_NUMBER=1
AIRFLOW_CTX_DAG_RUN_ID=scheduled__2024-03-22T00:00:00+00:00
[2024-04-02 20:40:27,916] {python.py:173} INFO - Done. Returned value was: None
[2024-04-02 20:40:27,947] {taskinstance.py:1395} INFO - Marking task as SUCCESS. dag_id=get_stocks_dag, task_id=TSLA, execution_date=20240322T000000, start_date=20240402T234026, end_date=20240402T234027
[2024-04-02 20:40:28,058] {local_task_job.py:156} INFO - Task exited with return code 0
[2024-04-02 20:40:28,256] {local_task_job.py:273} INFO - 0 downstream tasks scheduled from follow-on schedule check
[2024-04-02 21:54:41,902] {taskinstance.py:1159} INFO - Dependencies all met for <TaskInstance: get_stocks_dag.TSLA scheduled__2024-03-22T00:00:00+00:00 [queued]>
[2024-04-02 21:54:41,939] {taskinstance.py:1159} INFO - Dependencies all met for <TaskInstance: get_stocks_dag.TSLA scheduled__2024-03-22T00:00:00+00:00 [queued]>
[2024-04-02 21:54:41,939] {taskinstance.py:1356} INFO - 
--------------------------------------------------------------------------------
[2024-04-02 21:54:41,940] {taskinstance.py:1357} INFO - Starting attempt 1 of 1
[2024-04-02 21:54:41,940] {taskinstance.py:1358} INFO - 
--------------------------------------------------------------------------------
[2024-04-02 21:54:41,979] {taskinstance.py:1377} INFO - Executing <Task(_PythonDecoratedOperator): TSLA> on 2024-03-22 00:00:00+00:00
[2024-04-02 21:54:42,020] {standard_task_runner.py:52} INFO - Started process 53647 to run task
[2024-04-02 21:54:42,037] {standard_task_runner.py:79} INFO - Running: ['airflow', 'tasks', 'run', 'get_stocks_dag', 'TSLA', 'scheduled__2024-03-22T00:00:00+00:00', '--job-id', '857', '--raw', '--subdir', 'DAGS_FOLDER/get_stocks.py', '--cfg-path', '/tmp/tmpv4yjjq_j', '--error-file', '/tmp/tmplviou3nk']
[2024-04-02 21:54:42,044] {standard_task_runner.py:80} INFO - Job 857: Subtask TSLA
[2024-04-02 21:54:42,272] {task_command.py:370} INFO - Running <TaskInstance: get_stocks_dag.TSLA scheduled__2024-03-22T00:00:00+00:00 [running]> on host alexmend-virtual-machine
[2024-04-02 21:54:42,513] {taskinstance.py:1569} INFO - Exporting the following env vars:
AIRFLOW_CTX_DAG_OWNER=airflow
AIRFLOW_CTX_DAG_ID=get_stocks_dag
AIRFLOW_CTX_TASK_ID=TSLA
AIRFLOW_CTX_EXECUTION_DATE=2024-03-22T00:00:00+00:00
AIRFLOW_CTX_TRY_NUMBER=1
AIRFLOW_CTX_DAG_RUN_ID=scheduled__2024-03-22T00:00:00+00:00
[2024-04-02 21:54:53,386] {python.py:173} INFO - Done. Returned value was: None
[2024-04-02 21:54:53,428] {taskinstance.py:1395} INFO - Marking task as SUCCESS. dag_id=get_stocks_dag, task_id=TSLA, execution_date=20240322T000000, start_date=20240403T005441, end_date=20240403T005453
[2024-04-02 21:54:53,488] {local_task_job.py:156} INFO - Task exited with return code 0
[2024-04-02 21:54:53,559] {local_task_job.py:273} INFO - 0 downstream tasks scheduled from follow-on schedule check
[2024-04-02 23:11:16,305] {taskinstance.py:1159} INFO - Dependencies all met for <TaskInstance: get_stocks_dag.TSLA scheduled__2024-03-22T00:00:00+00:00 [queued]>
[2024-04-02 23:11:16,334] {taskinstance.py:1159} INFO - Dependencies all met for <TaskInstance: get_stocks_dag.TSLA scheduled__2024-03-22T00:00:00+00:00 [queued]>
[2024-04-02 23:11:16,335] {taskinstance.py:1356} INFO - 
--------------------------------------------------------------------------------
[2024-04-02 23:11:16,335] {taskinstance.py:1357} INFO - Starting attempt 1 of 1
[2024-04-02 23:11:16,336] {taskinstance.py:1358} INFO - 
--------------------------------------------------------------------------------
[2024-04-02 23:11:16,387] {taskinstance.py:1377} INFO - Executing <Task(_PythonDecoratedOperator): TSLA> on 2024-03-22 00:00:00+00:00
[2024-04-02 23:11:16,407] {standard_task_runner.py:52} INFO - Started process 82189 to run task
[2024-04-02 23:11:16,460] {standard_task_runner.py:79} INFO - Running: ['airflow', 'tasks', 'run', 'get_stocks_dag', 'TSLA', 'scheduled__2024-03-22T00:00:00+00:00', '--job-id', '1144', '--raw', '--subdir', 'DAGS_FOLDER/get_stocks.py', '--cfg-path', '/tmp/tmpq68e_n35', '--error-file', '/tmp/tmpbpaozt09']
[2024-04-02 23:11:16,462] {standard_task_runner.py:80} INFO - Job 1144: Subtask TSLA
[2024-04-02 23:11:16,690] {task_command.py:370} INFO - Running <TaskInstance: get_stocks_dag.TSLA scheduled__2024-03-22T00:00:00+00:00 [running]> on host alexmend-virtual-machine
[2024-04-02 23:11:16,966] {taskinstance.py:1569} INFO - Exporting the following env vars:
AIRFLOW_CTX_DAG_OWNER=airflow
AIRFLOW_CTX_DAG_ID=get_stocks_dag
AIRFLOW_CTX_TASK_ID=TSLA
AIRFLOW_CTX_EXECUTION_DATE=2024-03-22T00:00:00+00:00
AIRFLOW_CTX_TRY_NUMBER=1
AIRFLOW_CTX_DAG_RUN_ID=scheduled__2024-03-22T00:00:00+00:00
[2024-04-02 23:11:27,723] {python.py:173} INFO - Done. Returned value was: None
[2024-04-02 23:11:27,772] {taskinstance.py:1395} INFO - Marking task as SUCCESS. dag_id=get_stocks_dag, task_id=TSLA, execution_date=20240322T000000, start_date=20240403T021116, end_date=20240403T021127
[2024-04-02 23:11:27,844] {local_task_job.py:156} INFO - Task exited with return code 0
[2024-04-02 23:11:27,931] {local_task_job.py:273} INFO - 0 downstream tasks scheduled from follow-on schedule check
