[2024-04-02 21:44:14,438] {taskinstance.py:1159} INFO - Dependencies all met for <TaskInstance: get_crypto_dag.BTC scheduled__2024-02-27T00:00:00+00:00 [queued]>
[2024-04-02 21:44:14,486] {taskinstance.py:1159} INFO - Dependencies all met for <TaskInstance: get_crypto_dag.BTC scheduled__2024-02-27T00:00:00+00:00 [queued]>
[2024-04-02 21:44:14,486] {taskinstance.py:1356} INFO - 
--------------------------------------------------------------------------------
[2024-04-02 21:44:14,487] {taskinstance.py:1357} INFO - Starting attempt 1 of 1
[2024-04-02 21:44:14,487] {taskinstance.py:1358} INFO - 
--------------------------------------------------------------------------------
[2024-04-02 21:44:14,562] {taskinstance.py:1377} INFO - Executing <Task(_PythonDecoratedOperator): BTC> on 2024-02-27 00:00:00+00:00
[2024-04-02 21:44:14,577] {standard_task_runner.py:52} INFO - Started process 46477 to run task
[2024-04-02 21:44:14,598] {standard_task_runner.py:79} INFO - Running: ['airflow', 'tasks', 'run', 'get_crypto_dag', 'BTC', 'scheduled__2024-02-27T00:00:00+00:00', '--job-id', '729', '--raw', '--subdir', 'DAGS_FOLDER/get_crypto.py', '--cfg-path', '/tmp/tmpakhvnk9d', '--error-file', '/tmp/tmp0tlw2ffc']
[2024-04-02 21:44:14,601] {standard_task_runner.py:80} INFO - Job 729: Subtask BTC
[2024-04-02 21:44:14,911] {task_command.py:370} INFO - Running <TaskInstance: get_crypto_dag.BTC scheduled__2024-02-27T00:00:00+00:00 [running]> on host alexmend-virtual-machine
[2024-04-02 21:44:15,315] {taskinstance.py:1569} INFO - Exporting the following env vars:
AIRFLOW_CTX_DAG_OWNER=airflow
AIRFLOW_CTX_DAG_ID=get_crypto_dag
AIRFLOW_CTX_TASK_ID=BTC
AIRFLOW_CTX_EXECUTION_DATE=2024-02-27T00:00:00+00:00
AIRFLOW_CTX_TRY_NUMBER=1
AIRFLOW_CTX_DAG_RUN_ID=scheduled__2024-02-27T00:00:00+00:00
[2024-04-02 21:44:16,091] {history.py:222} ERROR - BTC: No price data found, symbol may be delisted (1h 2024-02-26 -> 2024-02-27)
[2024-04-02 21:44:26,118] {python.py:173} INFO - Done. Returned value was: None
[2024-04-02 21:44:26,171] {taskinstance.py:1395} INFO - Marking task as SUCCESS. dag_id=get_crypto_dag, task_id=BTC, execution_date=20240227T000000, start_date=20240403T004414, end_date=20240403T004426
[2024-04-02 21:44:26,211] {local_task_job.py:156} INFO - Task exited with return code 0
[2024-04-02 21:44:26,294] {local_task_job.py:273} INFO - 0 downstream tasks scheduled from follow-on schedule check
[2024-04-02 22:47:25,053] {taskinstance.py:1159} INFO - Dependencies all met for <TaskInstance: get_crypto_dag.BTC scheduled__2024-02-27T00:00:00+00:00 [queued]>
[2024-04-02 22:47:25,077] {taskinstance.py:1159} INFO - Dependencies all met for <TaskInstance: get_crypto_dag.BTC scheduled__2024-02-27T00:00:00+00:00 [queued]>
[2024-04-02 22:47:25,077] {taskinstance.py:1356} INFO - 
--------------------------------------------------------------------------------
[2024-04-02 22:47:25,078] {taskinstance.py:1357} INFO - Starting attempt 1 of 1
[2024-04-02 22:47:25,078] {taskinstance.py:1358} INFO - 
--------------------------------------------------------------------------------
[2024-04-02 22:47:25,124] {taskinstance.py:1377} INFO - Executing <Task(_PythonDecoratedOperator): BTC> on 2024-02-27 00:00:00+00:00
[2024-04-02 22:47:25,142] {standard_task_runner.py:52} INFO - Started process 69473 to run task
[2024-04-02 22:47:25,172] {standard_task_runner.py:79} INFO - Running: ['airflow', 'tasks', 'run', 'get_crypto_dag', 'BTC', 'scheduled__2024-02-27T00:00:00+00:00', '--job-id', '977', '--raw', '--subdir', 'DAGS_FOLDER/get_crypto.py', '--cfg-path', '/tmp/tmpotwan30d', '--error-file', '/tmp/tmp22mrxe96']
[2024-04-02 22:47:25,187] {standard_task_runner.py:80} INFO - Job 977: Subtask BTC
[2024-04-02 22:47:25,384] {task_command.py:370} INFO - Running <TaskInstance: get_crypto_dag.BTC scheduled__2024-02-27T00:00:00+00:00 [running]> on host alexmend-virtual-machine
[2024-04-02 22:47:25,570] {taskinstance.py:1569} INFO - Exporting the following env vars:
AIRFLOW_CTX_DAG_OWNER=airflow
AIRFLOW_CTX_DAG_ID=get_crypto_dag
AIRFLOW_CTX_TASK_ID=BTC
AIRFLOW_CTX_EXECUTION_DATE=2024-02-27T00:00:00+00:00
AIRFLOW_CTX_TRY_NUMBER=1
AIRFLOW_CTX_DAG_RUN_ID=scheduled__2024-02-27T00:00:00+00:00
[2024-04-02 22:47:26,190] {history.py:222} ERROR - BTC: No price data found, symbol may be delisted (1h 2024-02-26 -> 2024-02-27)
[2024-04-02 22:47:36,212] {python.py:173} INFO - Done. Returned value was: None
[2024-04-02 22:47:36,488] {taskinstance.py:1395} INFO - Marking task as SUCCESS. dag_id=get_crypto_dag, task_id=BTC, execution_date=20240227T000000, start_date=20240403T014725, end_date=20240403T014736
[2024-04-02 22:47:36,754] {local_task_job.py:156} INFO - Task exited with return code 0
[2024-04-02 22:47:37,451] {local_task_job.py:273} INFO - 0 downstream tasks scheduled from follow-on schedule check
