[2024-04-02 13:01:55,650] {taskinstance.py:1159} INFO - Dependencies all met for <TaskInstance: get_stocks_dag.MSFT scheduled__2024-01-26T00:00:00+00:00 [queued]>
[2024-04-02 13:01:55,657] {taskinstance.py:1159} INFO - Dependencies all met for <TaskInstance: get_stocks_dag.MSFT scheduled__2024-01-26T00:00:00+00:00 [queued]>
[2024-04-02 13:01:55,657] {taskinstance.py:1356} INFO - 
--------------------------------------------------------------------------------
[2024-04-02 13:01:55,657] {taskinstance.py:1357} INFO - Starting attempt 1 of 1
[2024-04-02 13:01:55,657] {taskinstance.py:1358} INFO - 
--------------------------------------------------------------------------------
[2024-04-02 13:01:55,675] {taskinstance.py:1377} INFO - Executing <Task(_PythonDecoratedOperator): MSFT> on 2024-01-26 00:00:00+00:00
[2024-04-02 13:01:55,681] {standard_task_runner.py:52} INFO - Started process 9552 to run task
[2024-04-02 13:01:55,687] {standard_task_runner.py:79} INFO - Running: ['airflow', 'tasks', 'run', 'get_stocks_dag', 'MSFT', 'scheduled__2024-01-26T00:00:00+00:00', '--job-id', '80', '--raw', '--subdir', 'DAGS_FOLDER/get_stocks.py', '--cfg-path', '/tmp/tmp360yhb07', '--error-file', '/tmp/tmping5p2fm']
[2024-04-02 13:01:55,690] {standard_task_runner.py:80} INFO - Job 80: Subtask MSFT
[2024-04-02 13:01:55,752] {task_command.py:370} INFO - Running <TaskInstance: get_stocks_dag.MSFT scheduled__2024-01-26T00:00:00+00:00 [running]> on host alexmend-virtual-machine
[2024-04-02 13:01:55,819] {taskinstance.py:1569} INFO - Exporting the following env vars:
AIRFLOW_CTX_DAG_OWNER=airflow
AIRFLOW_CTX_DAG_ID=get_stocks_dag
AIRFLOW_CTX_TASK_ID=MSFT
AIRFLOW_CTX_EXECUTION_DATE=2024-01-26T00:00:00+00:00
AIRFLOW_CTX_TRY_NUMBER=1
AIRFLOW_CTX_DAG_RUN_ID=scheduled__2024-01-26T00:00:00+00:00
[2024-04-02 13:01:56,450] {python.py:173} INFO - Done. Returned value was: None
[2024-04-02 13:01:56,461] {taskinstance.py:1395} INFO - Marking task as SUCCESS. dag_id=get_stocks_dag, task_id=MSFT, execution_date=20240126T000000, start_date=20240402T160155, end_date=20240402T160156
[2024-04-02 13:01:56,506] {local_task_job.py:156} INFO - Task exited with return code 0
[2024-04-02 13:01:56,544] {local_task_job.py:273} INFO - 0 downstream tasks scheduled from follow-on schedule check
[2024-04-02 17:17:52,535] {taskinstance.py:1159} INFO - Dependencies all met for <TaskInstance: get_stocks_dag.MSFT scheduled__2024-01-26T00:00:00+00:00 [queued]>
[2024-04-02 17:17:52,580] {taskinstance.py:1159} INFO - Dependencies all met for <TaskInstance: get_stocks_dag.MSFT scheduled__2024-01-26T00:00:00+00:00 [queued]>
[2024-04-02 17:17:52,580] {taskinstance.py:1356} INFO - 
--------------------------------------------------------------------------------
[2024-04-02 17:17:52,580] {taskinstance.py:1357} INFO - Starting attempt 1 of 1
[2024-04-02 17:17:52,580] {taskinstance.py:1358} INFO - 
--------------------------------------------------------------------------------
[2024-04-02 17:17:52,680] {taskinstance.py:1377} INFO - Executing <Task(_PythonDecoratedOperator): MSFT> on 2024-01-26 00:00:00+00:00
[2024-04-02 17:17:52,721] {standard_task_runner.py:52} INFO - Started process 5337 to run task
[2024-04-02 17:17:52,751] {standard_task_runner.py:79} INFO - Running: ['airflow', 'tasks', 'run', 'get_stocks_dag', 'MSFT', 'scheduled__2024-01-26T00:00:00+00:00', '--job-id', '62', '--raw', '--subdir', 'DAGS_FOLDER/get_stocks.py', '--cfg-path', '/tmp/tmpzxj8w9rl', '--error-file', '/tmp/tmpnrzig0_w']
[2024-04-02 17:17:52,753] {standard_task_runner.py:80} INFO - Job 62: Subtask MSFT
[2024-04-02 17:17:53,127] {task_command.py:370} INFO - Running <TaskInstance: get_stocks_dag.MSFT scheduled__2024-01-26T00:00:00+00:00 [running]> on host alexmend-virtual-machine
[2024-04-02 17:17:53,535] {taskinstance.py:1569} INFO - Exporting the following env vars:
AIRFLOW_CTX_DAG_OWNER=airflow
AIRFLOW_CTX_DAG_ID=get_stocks_dag
AIRFLOW_CTX_TASK_ID=MSFT
AIRFLOW_CTX_EXECUTION_DATE=2024-01-26T00:00:00+00:00
AIRFLOW_CTX_TRY_NUMBER=1
AIRFLOW_CTX_DAG_RUN_ID=scheduled__2024-01-26T00:00:00+00:00
[2024-04-02 17:17:54,740] {python.py:173} INFO - Done. Returned value was: None
[2024-04-02 17:17:54,810] {taskinstance.py:1395} INFO - Marking task as SUCCESS. dag_id=get_stocks_dag, task_id=MSFT, execution_date=20240126T000000, start_date=20240402T201752, end_date=20240402T201754
[2024-04-02 17:17:54,975] {local_task_job.py:156} INFO - Task exited with return code 0
[2024-04-02 17:17:55,466] {local_task_job.py:273} INFO - 0 downstream tasks scheduled from follow-on schedule check
[2024-04-02 17:43:30,108] {taskinstance.py:1159} INFO - Dependencies all met for <TaskInstance: get_stocks_dag.MSFT scheduled__2024-01-26T00:00:00+00:00 [queued]>
[2024-04-02 17:43:30,124] {taskinstance.py:1159} INFO - Dependencies all met for <TaskInstance: get_stocks_dag.MSFT scheduled__2024-01-26T00:00:00+00:00 [queued]>
[2024-04-02 17:43:30,124] {taskinstance.py:1356} INFO - 
--------------------------------------------------------------------------------
[2024-04-02 17:43:30,124] {taskinstance.py:1357} INFO - Starting attempt 1 of 1
[2024-04-02 17:43:30,124] {taskinstance.py:1358} INFO - 
--------------------------------------------------------------------------------
[2024-04-02 17:43:30,147] {taskinstance.py:1377} INFO - Executing <Task(_PythonDecoratedOperator): MSFT> on 2024-01-26 00:00:00+00:00
[2024-04-02 17:43:30,164] {standard_task_runner.py:52} INFO - Started process 19930 to run task
[2024-04-02 17:43:30,171] {standard_task_runner.py:79} INFO - Running: ['airflow', 'tasks', 'run', 'get_stocks_dag', 'MSFT', 'scheduled__2024-01-26T00:00:00+00:00', '--job-id', '324', '--raw', '--subdir', 'DAGS_FOLDER/get_stocks.py', '--cfg-path', '/tmp/tmpfy820ez3', '--error-file', '/tmp/tmpoi1qx4op']
[2024-04-02 17:43:30,173] {standard_task_runner.py:80} INFO - Job 324: Subtask MSFT
[2024-04-02 17:43:30,278] {task_command.py:370} INFO - Running <TaskInstance: get_stocks_dag.MSFT scheduled__2024-01-26T00:00:00+00:00 [running]> on host alexmend-virtual-machine
[2024-04-02 17:43:30,379] {taskinstance.py:1569} INFO - Exporting the following env vars:
AIRFLOW_CTX_DAG_OWNER=airflow
AIRFLOW_CTX_DAG_ID=get_stocks_dag
AIRFLOW_CTX_TASK_ID=MSFT
AIRFLOW_CTX_EXECUTION_DATE=2024-01-26T00:00:00+00:00
AIRFLOW_CTX_TRY_NUMBER=1
AIRFLOW_CTX_DAG_RUN_ID=scheduled__2024-01-26T00:00:00+00:00
[2024-04-02 17:43:31,006] {python.py:173} INFO - Done. Returned value was: None
[2024-04-02 17:43:31,033] {taskinstance.py:1395} INFO - Marking task as SUCCESS. dag_id=get_stocks_dag, task_id=MSFT, execution_date=20240126T000000, start_date=20240402T204330, end_date=20240402T204331
[2024-04-02 17:43:31,074] {local_task_job.py:156} INFO - Task exited with return code 0
[2024-04-02 17:43:31,136] {local_task_job.py:273} INFO - 0 downstream tasks scheduled from follow-on schedule check
