[2024-04-02 13:03:46,848] {taskinstance.py:1159} INFO - Dependencies all met for <TaskInstance: get_stocks_dag.TSLA scheduled__2024-02-03T00:00:00+00:00 [queued]>
[2024-04-02 13:03:46,858] {taskinstance.py:1159} INFO - Dependencies all met for <TaskInstance: get_stocks_dag.TSLA scheduled__2024-02-03T00:00:00+00:00 [queued]>
[2024-04-02 13:03:46,859] {taskinstance.py:1356} INFO - 
--------------------------------------------------------------------------------
[2024-04-02 13:03:46,859] {taskinstance.py:1357} INFO - Starting attempt 1 of 1
[2024-04-02 13:03:46,860] {taskinstance.py:1358} INFO - 
--------------------------------------------------------------------------------
[2024-04-02 13:03:46,886] {taskinstance.py:1377} INFO - Executing <Task(_PythonDecoratedOperator): TSLA> on 2024-02-03 00:00:00+00:00
[2024-04-02 13:03:46,892] {standard_task_runner.py:52} INFO - Started process 10150 to run task
[2024-04-02 13:03:46,897] {standard_task_runner.py:79} INFO - Running: ['airflow', 'tasks', 'run', 'get_stocks_dag', 'TSLA', 'scheduled__2024-02-03T00:00:00+00:00', '--job-id', '106', '--raw', '--subdir', 'DAGS_FOLDER/get_stocks.py', '--cfg-path', '/tmp/tmpma4t1i2t', '--error-file', '/tmp/tmp4yz3z0o3']
[2024-04-02 13:03:46,897] {standard_task_runner.py:80} INFO - Job 106: Subtask TSLA
[2024-04-02 13:03:46,954] {task_command.py:370} INFO - Running <TaskInstance: get_stocks_dag.TSLA scheduled__2024-02-03T00:00:00+00:00 [running]> on host alexmend-virtual-machine
[2024-04-02 13:03:47,032] {taskinstance.py:1569} INFO - Exporting the following env vars:
AIRFLOW_CTX_DAG_OWNER=airflow
AIRFLOW_CTX_DAG_ID=get_stocks_dag
AIRFLOW_CTX_TASK_ID=TSLA
AIRFLOW_CTX_EXECUTION_DATE=2024-02-03T00:00:00+00:00
AIRFLOW_CTX_TRY_NUMBER=1
AIRFLOW_CTX_DAG_RUN_ID=scheduled__2024-02-03T00:00:00+00:00
[2024-04-02 13:03:47,877] {python.py:173} INFO - Done. Returned value was: None
[2024-04-02 13:03:47,892] {taskinstance.py:1395} INFO - Marking task as SUCCESS. dag_id=get_stocks_dag, task_id=TSLA, execution_date=20240203T000000, start_date=20240402T160346, end_date=20240402T160347
[2024-04-02 13:03:47,918] {local_task_job.py:156} INFO - Task exited with return code 0
[2024-04-02 13:03:47,933] {local_task_job.py:273} INFO - 0 downstream tasks scheduled from follow-on schedule check
[2024-04-02 17:18:08,941] {taskinstance.py:1159} INFO - Dependencies all met for <TaskInstance: get_stocks_dag.TSLA scheduled__2024-02-03T00:00:00+00:00 [queued]>
[2024-04-02 17:18:09,032] {taskinstance.py:1159} INFO - Dependencies all met for <TaskInstance: get_stocks_dag.TSLA scheduled__2024-02-03T00:00:00+00:00 [queued]>
[2024-04-02 17:18:09,033] {taskinstance.py:1356} INFO - 
--------------------------------------------------------------------------------
[2024-04-02 17:18:09,034] {taskinstance.py:1357} INFO - Starting attempt 1 of 1
[2024-04-02 17:18:09,034] {taskinstance.py:1358} INFO - 
--------------------------------------------------------------------------------
[2024-04-02 17:18:09,147] {taskinstance.py:1377} INFO - Executing <Task(_PythonDecoratedOperator): TSLA> on 2024-02-03 00:00:00+00:00
[2024-04-02 17:18:09,169] {standard_task_runner.py:52} INFO - Started process 5802 to run task
[2024-04-02 17:18:09,192] {standard_task_runner.py:79} INFO - Running: ['airflow', 'tasks', 'run', 'get_stocks_dag', 'TSLA', 'scheduled__2024-02-03T00:00:00+00:00', '--job-id', '78', '--raw', '--subdir', 'DAGS_FOLDER/get_stocks.py', '--cfg-path', '/tmp/tmp7arknpj2', '--error-file', '/tmp/tmp5b_4b1qp']
[2024-04-02 17:18:09,195] {standard_task_runner.py:80} INFO - Job 78: Subtask TSLA
[2024-04-02 17:18:09,684] {task_command.py:370} INFO - Running <TaskInstance: get_stocks_dag.TSLA scheduled__2024-02-03T00:00:00+00:00 [running]> on host alexmend-virtual-machine
[2024-04-02 17:18:10,325] {taskinstance.py:1569} INFO - Exporting the following env vars:
AIRFLOW_CTX_DAG_OWNER=airflow
AIRFLOW_CTX_DAG_ID=get_stocks_dag
AIRFLOW_CTX_TASK_ID=TSLA
AIRFLOW_CTX_EXECUTION_DATE=2024-02-03T00:00:00+00:00
AIRFLOW_CTX_TRY_NUMBER=1
AIRFLOW_CTX_DAG_RUN_ID=scheduled__2024-02-03T00:00:00+00:00
[2024-04-02 17:18:11,970] {python.py:173} INFO - Done. Returned value was: None
[2024-04-02 17:18:12,323] {taskinstance.py:1395} INFO - Marking task as SUCCESS. dag_id=get_stocks_dag, task_id=TSLA, execution_date=20240203T000000, start_date=20240402T201808, end_date=20240402T201812
[2024-04-02 17:18:12,540] {local_task_job.py:156} INFO - Task exited with return code 0
[2024-04-02 17:18:12,747] {local_task_job.py:273} INFO - 0 downstream tasks scheduled from follow-on schedule check
[2024-04-02 17:44:08,599] {taskinstance.py:1159} INFO - Dependencies all met for <TaskInstance: get_stocks_dag.TSLA scheduled__2024-02-03T00:00:00+00:00 [queued]>
[2024-04-02 17:44:08,617] {taskinstance.py:1159} INFO - Dependencies all met for <TaskInstance: get_stocks_dag.TSLA scheduled__2024-02-03T00:00:00+00:00 [queued]>
[2024-04-02 17:44:08,618] {taskinstance.py:1356} INFO - 
--------------------------------------------------------------------------------
[2024-04-02 17:44:08,618] {taskinstance.py:1357} INFO - Starting attempt 1 of 1
[2024-04-02 17:44:08,618] {taskinstance.py:1358} INFO - 
--------------------------------------------------------------------------------
[2024-04-02 17:44:08,648] {taskinstance.py:1377} INFO - Executing <Task(_PythonDecoratedOperator): TSLA> on 2024-02-03 00:00:00+00:00
[2024-04-02 17:44:08,657] {standard_task_runner.py:52} INFO - Started process 20715 to run task
[2024-04-02 17:44:08,669] {standard_task_runner.py:79} INFO - Running: ['airflow', 'tasks', 'run', 'get_stocks_dag', 'TSLA', 'scheduled__2024-02-03T00:00:00+00:00', '--job-id', '347', '--raw', '--subdir', 'DAGS_FOLDER/get_stocks.py', '--cfg-path', '/tmp/tmpsefv8u38', '--error-file', '/tmp/tmp0n4jvwi2']
[2024-04-02 17:44:08,671] {standard_task_runner.py:80} INFO - Job 347: Subtask TSLA
[2024-04-02 17:44:08,854] {task_command.py:370} INFO - Running <TaskInstance: get_stocks_dag.TSLA scheduled__2024-02-03T00:00:00+00:00 [running]> on host alexmend-virtual-machine
[2024-04-02 17:44:09,035] {taskinstance.py:1569} INFO - Exporting the following env vars:
AIRFLOW_CTX_DAG_OWNER=airflow
AIRFLOW_CTX_DAG_ID=get_stocks_dag
AIRFLOW_CTX_TASK_ID=TSLA
AIRFLOW_CTX_EXECUTION_DATE=2024-02-03T00:00:00+00:00
AIRFLOW_CTX_TRY_NUMBER=1
AIRFLOW_CTX_DAG_RUN_ID=scheduled__2024-02-03T00:00:00+00:00
[2024-04-02 17:44:09,769] {python.py:173} INFO - Done. Returned value was: None
[2024-04-02 17:44:09,795] {taskinstance.py:1395} INFO - Marking task as SUCCESS. dag_id=get_stocks_dag, task_id=TSLA, execution_date=20240203T000000, start_date=20240402T204408, end_date=20240402T204409
[2024-04-02 17:44:09,850] {local_task_job.py:156} INFO - Task exited with return code 0
[2024-04-02 17:44:09,954] {local_task_job.py:273} INFO - 0 downstream tasks scheduled from follow-on schedule check
