[2024-04-02 21:54:35,122] {taskinstance.py:1159} INFO - Dependencies all met for <TaskInstance: get_crypto_dag.DOGE scheduled__2024-03-13T00:00:00+00:00 [queued]>
[2024-04-02 21:54:35,142] {taskinstance.py:1159} INFO - Dependencies all met for <TaskInstance: get_crypto_dag.DOGE scheduled__2024-03-13T00:00:00+00:00 [queued]>
[2024-04-02 21:54:35,143] {taskinstance.py:1356} INFO - 
--------------------------------------------------------------------------------
[2024-04-02 21:54:35,143] {taskinstance.py:1357} INFO - Starting attempt 1 of 1
[2024-04-02 21:54:35,143] {taskinstance.py:1358} INFO - 
--------------------------------------------------------------------------------
[2024-04-02 21:54:35,178] {taskinstance.py:1377} INFO - Executing <Task(_PythonDecoratedOperator): DOGE> on 2024-03-13 00:00:00+00:00
[2024-04-02 21:54:35,195] {standard_task_runner.py:52} INFO - Started process 53547 to run task
[2024-04-02 21:54:35,202] {standard_task_runner.py:79} INFO - Running: ['airflow', 'tasks', 'run', 'get_crypto_dag', 'DOGE', 'scheduled__2024-03-13T00:00:00+00:00', '--job-id', '855', '--raw', '--subdir', 'DAGS_FOLDER/get_crypto.py', '--cfg-path', '/tmp/tmphr999ukn', '--error-file', '/tmp/tmpops19grl']
[2024-04-02 21:54:35,204] {standard_task_runner.py:80} INFO - Job 855: Subtask DOGE
[2024-04-02 21:54:35,499] {task_command.py:370} INFO - Running <TaskInstance: get_crypto_dag.DOGE scheduled__2024-03-13T00:00:00+00:00 [running]> on host alexmend-virtual-machine
[2024-04-02 21:54:35,791] {taskinstance.py:1569} INFO - Exporting the following env vars:
AIRFLOW_CTX_DAG_OWNER=airflow
AIRFLOW_CTX_DAG_ID=get_crypto_dag
AIRFLOW_CTX_TASK_ID=DOGE
AIRFLOW_CTX_EXECUTION_DATE=2024-03-13T00:00:00+00:00
AIRFLOW_CTX_TRY_NUMBER=1
AIRFLOW_CTX_DAG_RUN_ID=scheduled__2024-03-13T00:00:00+00:00
[2024-04-02 21:54:39,948] {history.py:90} ERROR - DOGE: No timezone found, symbol may be delisted
[2024-04-02 21:54:49,970] {python.py:173} INFO - Done. Returned value was: None
[2024-04-02 21:54:50,015] {taskinstance.py:1395} INFO - Marking task as SUCCESS. dag_id=get_crypto_dag, task_id=DOGE, execution_date=20240313T000000, start_date=20240403T005435, end_date=20240403T005450
[2024-04-02 21:54:50,082] {local_task_job.py:156} INFO - Task exited with return code 0
[2024-04-02 21:54:50,165] {local_task_job.py:273} INFO - 0 downstream tasks scheduled from follow-on schedule check
[2024-04-02 23:02:58,713] {taskinstance.py:1159} INFO - Dependencies all met for <TaskInstance: get_crypto_dag.DOGE scheduled__2024-03-13T00:00:00+00:00 [queued]>
[2024-04-02 23:02:58,745] {taskinstance.py:1159} INFO - Dependencies all met for <TaskInstance: get_crypto_dag.DOGE scheduled__2024-03-13T00:00:00+00:00 [queued]>
[2024-04-02 23:02:58,746] {taskinstance.py:1356} INFO - 
--------------------------------------------------------------------------------
[2024-04-02 23:02:58,746] {taskinstance.py:1357} INFO - Starting attempt 1 of 1
[2024-04-02 23:02:58,747] {taskinstance.py:1358} INFO - 
--------------------------------------------------------------------------------
[2024-04-02 23:02:58,780] {taskinstance.py:1377} INFO - Executing <Task(_PythonDecoratedOperator): DOGE> on 2024-03-13 00:00:00+00:00
[2024-04-02 23:02:58,791] {standard_task_runner.py:52} INFO - Started process 77410 to run task
[2024-04-02 23:02:58,810] {standard_task_runner.py:79} INFO - Running: ['airflow', 'tasks', 'run', 'get_crypto_dag', 'DOGE', 'scheduled__2024-03-13T00:00:00+00:00', '--job-id', '1081', '--raw', '--subdir', 'DAGS_FOLDER/get_crypto.py', '--cfg-path', '/tmp/tmpia2vmapp', '--error-file', '/tmp/tmp29gb8k0n']
[2024-04-02 23:02:58,813] {standard_task_runner.py:80} INFO - Job 1081: Subtask DOGE
[2024-04-02 23:02:58,981] {task_command.py:370} INFO - Running <TaskInstance: get_crypto_dag.DOGE scheduled__2024-03-13T00:00:00+00:00 [running]> on host alexmend-virtual-machine
[2024-04-02 23:02:59,205] {taskinstance.py:1569} INFO - Exporting the following env vars:
AIRFLOW_CTX_DAG_OWNER=airflow
AIRFLOW_CTX_DAG_ID=get_crypto_dag
AIRFLOW_CTX_TASK_ID=DOGE
AIRFLOW_CTX_EXECUTION_DATE=2024-03-13T00:00:00+00:00
AIRFLOW_CTX_TRY_NUMBER=1
AIRFLOW_CTX_DAG_RUN_ID=scheduled__2024-03-13T00:00:00+00:00
[2024-04-02 23:03:02,816] {history.py:90} ERROR - DOGE: No timezone found, symbol may be delisted
[2024-04-02 23:03:12,836] {python.py:173} INFO - Done. Returned value was: None
[2024-04-02 23:03:12,879] {taskinstance.py:1395} INFO - Marking task as SUCCESS. dag_id=get_crypto_dag, task_id=DOGE, execution_date=20240313T000000, start_date=20240403T020258, end_date=20240403T020312
[2024-04-02 23:03:12,920] {local_task_job.py:156} INFO - Task exited with return code 0
[2024-04-02 23:03:13,002] {local_task_job.py:273} INFO - 0 downstream tasks scheduled from follow-on schedule check
