[2024-04-02 21:46:42,386] {taskinstance.py:1159} INFO - Dependencies all met for <TaskInstance: get_crypto_dag.ETH scheduled__2024-03-02T00:00:00+00:00 [queued]>
[2024-04-02 21:46:42,415] {taskinstance.py:1159} INFO - Dependencies all met for <TaskInstance: get_crypto_dag.ETH scheduled__2024-03-02T00:00:00+00:00 [queued]>
[2024-04-02 21:46:42,416] {taskinstance.py:1356} INFO - 
--------------------------------------------------------------------------------
[2024-04-02 21:46:42,416] {taskinstance.py:1357} INFO - Starting attempt 1 of 1
[2024-04-02 21:46:42,416] {taskinstance.py:1358} INFO - 
--------------------------------------------------------------------------------
[2024-04-02 21:46:42,450] {taskinstance.py:1377} INFO - Executing <Task(_PythonDecoratedOperator): ETH> on 2024-03-02 00:00:00+00:00
[2024-04-02 21:46:42,462] {standard_task_runner.py:52} INFO - Started process 48365 to run task
[2024-04-02 21:46:42,476] {standard_task_runner.py:79} INFO - Running: ['airflow', 'tasks', 'run', 'get_crypto_dag', 'ETH', 'scheduled__2024-03-02T00:00:00+00:00', '--job-id', '764', '--raw', '--subdir', 'DAGS_FOLDER/get_crypto.py', '--cfg-path', '/tmp/tmp0v9ec1nr', '--error-file', '/tmp/tmp0rk2f8xw']
[2024-04-02 21:46:42,478] {standard_task_runner.py:80} INFO - Job 764: Subtask ETH
[2024-04-02 21:46:42,676] {task_command.py:370} INFO - Running <TaskInstance: get_crypto_dag.ETH scheduled__2024-03-02T00:00:00+00:00 [running]> on host alexmend-virtual-machine
[2024-04-02 21:46:42,896] {taskinstance.py:1569} INFO - Exporting the following env vars:
AIRFLOW_CTX_DAG_OWNER=airflow
AIRFLOW_CTX_DAG_ID=get_crypto_dag
AIRFLOW_CTX_TASK_ID=ETH
AIRFLOW_CTX_EXECUTION_DATE=2024-03-02T00:00:00+00:00
AIRFLOW_CTX_TRY_NUMBER=1
AIRFLOW_CTX_DAG_RUN_ID=scheduled__2024-03-02T00:00:00+00:00
[2024-04-02 21:46:47,293] {history.py:90} ERROR - ETH: No timezone found, symbol may be delisted
[2024-04-02 21:46:57,309] {python.py:173} INFO - Done. Returned value was: None
[2024-04-02 21:46:57,350] {taskinstance.py:1395} INFO - Marking task as SUCCESS. dag_id=get_crypto_dag, task_id=ETH, execution_date=20240302T000000, start_date=20240403T004642, end_date=20240403T004657
[2024-04-02 21:46:57,412] {local_task_job.py:156} INFO - Task exited with return code 0
[2024-04-02 21:46:57,483] {local_task_job.py:273} INFO - 0 downstream tasks scheduled from follow-on schedule check
[2024-04-02 22:51:40,718] {taskinstance.py:1159} INFO - Dependencies all met for <TaskInstance: get_crypto_dag.ETH scheduled__2024-03-02T00:00:00+00:00 [queued]>
[2024-04-02 22:51:40,750] {taskinstance.py:1159} INFO - Dependencies all met for <TaskInstance: get_crypto_dag.ETH scheduled__2024-03-02T00:00:00+00:00 [queued]>
[2024-04-02 22:51:40,750] {taskinstance.py:1356} INFO - 
--------------------------------------------------------------------------------
[2024-04-02 22:51:40,750] {taskinstance.py:1357} INFO - Starting attempt 1 of 1
[2024-04-02 22:51:40,750] {taskinstance.py:1358} INFO - 
--------------------------------------------------------------------------------
[2024-04-02 22:51:40,785] {taskinstance.py:1377} INFO - Executing <Task(_PythonDecoratedOperator): ETH> on 2024-03-02 00:00:00+00:00
[2024-04-02 22:51:40,803] {standard_task_runner.py:52} INFO - Started process 71705 to run task
[2024-04-02 22:51:40,819] {standard_task_runner.py:79} INFO - Running: ['airflow', 'tasks', 'run', 'get_crypto_dag', 'ETH', 'scheduled__2024-03-02T00:00:00+00:00', '--job-id', '1007', '--raw', '--subdir', 'DAGS_FOLDER/get_crypto.py', '--cfg-path', '/tmp/tmpcsnbrw0w', '--error-file', '/tmp/tmpwakjqhk6']
[2024-04-02 22:51:40,829] {standard_task_runner.py:80} INFO - Job 1007: Subtask ETH
[2024-04-02 22:51:41,046] {task_command.py:370} INFO - Running <TaskInstance: get_crypto_dag.ETH scheduled__2024-03-02T00:00:00+00:00 [running]> on host alexmend-virtual-machine
[2024-04-02 22:51:41,291] {taskinstance.py:1569} INFO - Exporting the following env vars:
AIRFLOW_CTX_DAG_OWNER=airflow
AIRFLOW_CTX_DAG_ID=get_crypto_dag
AIRFLOW_CTX_TASK_ID=ETH
AIRFLOW_CTX_EXECUTION_DATE=2024-03-02T00:00:00+00:00
AIRFLOW_CTX_TRY_NUMBER=1
AIRFLOW_CTX_DAG_RUN_ID=scheduled__2024-03-02T00:00:00+00:00
[2024-04-02 22:51:45,225] {history.py:90} ERROR - ETH: No timezone found, symbol may be delisted
[2024-04-02 22:51:55,252] {python.py:173} INFO - Done. Returned value was: None
[2024-04-02 22:51:55,346] {taskinstance.py:1395} INFO - Marking task as SUCCESS. dag_id=get_crypto_dag, task_id=ETH, execution_date=20240302T000000, start_date=20240403T015140, end_date=20240403T015155
[2024-04-02 22:51:55,459] {local_task_job.py:156} INFO - Task exited with return code 0
[2024-04-02 22:51:55,556] {local_task_job.py:273} INFO - 0 downstream tasks scheduled from follow-on schedule check
