[2024-04-02 13:08:40,511] {taskinstance.py:1159} INFO - Dependencies all met for <TaskInstance: get_stocks_dag.GOOG scheduled__2024-02-29T00:00:00+00:00 [queued]>
[2024-04-02 13:08:40,521] {taskinstance.py:1159} INFO - Dependencies all met for <TaskInstance: get_stocks_dag.GOOG scheduled__2024-02-29T00:00:00+00:00 [queued]>
[2024-04-02 13:08:40,522] {taskinstance.py:1356} INFO - 
--------------------------------------------------------------------------------
[2024-04-02 13:08:40,522] {taskinstance.py:1357} INFO - Starting attempt 1 of 1
[2024-04-02 13:08:40,523] {taskinstance.py:1358} INFO - 
--------------------------------------------------------------------------------
[2024-04-02 13:08:40,547] {taskinstance.py:1377} INFO - Executing <Task(_PythonDecoratedOperator): GOOG> on 2024-02-29 00:00:00+00:00
[2024-04-02 13:08:40,552] {standard_task_runner.py:52} INFO - Started process 11923 to run task
[2024-04-02 13:08:40,557] {standard_task_runner.py:79} INFO - Running: ['airflow', 'tasks', 'run', 'get_stocks_dag', 'GOOG', 'scheduled__2024-02-29T00:00:00+00:00', '--job-id', '177', '--raw', '--subdir', 'DAGS_FOLDER/get_stocks.py', '--cfg-path', '/tmp/tmp1tiluy6j', '--error-file', '/tmp/tmp60zx1l6o']
[2024-04-02 13:08:40,559] {standard_task_runner.py:80} INFO - Job 177: Subtask GOOG
[2024-04-02 13:08:40,630] {task_command.py:370} INFO - Running <TaskInstance: get_stocks_dag.GOOG scheduled__2024-02-29T00:00:00+00:00 [running]> on host alexmend-virtual-machine
[2024-04-02 13:08:40,702] {taskinstance.py:1569} INFO - Exporting the following env vars:
AIRFLOW_CTX_DAG_OWNER=airflow
AIRFLOW_CTX_DAG_ID=get_stocks_dag
AIRFLOW_CTX_TASK_ID=GOOG
AIRFLOW_CTX_EXECUTION_DATE=2024-02-29T00:00:00+00:00
AIRFLOW_CTX_TRY_NUMBER=1
AIRFLOW_CTX_DAG_RUN_ID=scheduled__2024-02-29T00:00:00+00:00
[2024-04-02 13:08:41,515] {python.py:173} INFO - Done. Returned value was: None
[2024-04-02 13:08:41,529] {taskinstance.py:1395} INFO - Marking task as SUCCESS. dag_id=get_stocks_dag, task_id=GOOG, execution_date=20240229T000000, start_date=20240402T160840, end_date=20240402T160841
[2024-04-02 13:08:41,576] {local_task_job.py:156} INFO - Task exited with return code 0
[2024-04-02 13:08:41,608] {local_task_job.py:273} INFO - 0 downstream tasks scheduled from follow-on schedule check
[2024-04-02 17:19:12,824] {taskinstance.py:1159} INFO - Dependencies all met for <TaskInstance: get_stocks_dag.GOOG scheduled__2024-02-29T00:00:00+00:00 [queued]>
[2024-04-02 17:19:12,955] {taskinstance.py:1159} INFO - Dependencies all met for <TaskInstance: get_stocks_dag.GOOG scheduled__2024-02-29T00:00:00+00:00 [queued]>
[2024-04-02 17:19:12,956] {taskinstance.py:1356} INFO - 
--------------------------------------------------------------------------------
[2024-04-02 17:19:12,956] {taskinstance.py:1357} INFO - Starting attempt 1 of 1
[2024-04-02 17:19:12,956] {taskinstance.py:1358} INFO - 
--------------------------------------------------------------------------------
[2024-04-02 17:19:13,078] {taskinstance.py:1377} INFO - Executing <Task(_PythonDecoratedOperator): GOOG> on 2024-02-29 00:00:00+00:00
[2024-04-02 17:19:13,130] {standard_task_runner.py:52} INFO - Started process 7738 to run task
[2024-04-02 17:19:13,179] {standard_task_runner.py:79} INFO - Running: ['airflow', 'tasks', 'run', 'get_stocks_dag', 'GOOG', 'scheduled__2024-02-29T00:00:00+00:00', '--job-id', '162', '--raw', '--subdir', 'DAGS_FOLDER/get_stocks.py', '--cfg-path', '/tmp/tmpyyufjj_s', '--error-file', '/tmp/tmpew37mqit']
[2024-04-02 17:19:13,181] {standard_task_runner.py:80} INFO - Job 162: Subtask GOOG
[2024-04-02 17:19:13,598] {task_command.py:370} INFO - Running <TaskInstance: get_stocks_dag.GOOG scheduled__2024-02-29T00:00:00+00:00 [running]> on host alexmend-virtual-machine
[2024-04-02 17:19:15,049] {taskinstance.py:1569} INFO - Exporting the following env vars:
AIRFLOW_CTX_DAG_OWNER=airflow
AIRFLOW_CTX_DAG_ID=get_stocks_dag
AIRFLOW_CTX_TASK_ID=GOOG
AIRFLOW_CTX_EXECUTION_DATE=2024-02-29T00:00:00+00:00
AIRFLOW_CTX_TRY_NUMBER=1
AIRFLOW_CTX_DAG_RUN_ID=scheduled__2024-02-29T00:00:00+00:00
[2024-04-02 17:19:18,021] {python.py:173} INFO - Done. Returned value was: None
[2024-04-02 17:19:19,096] {taskinstance.py:1395} INFO - Marking task as SUCCESS. dag_id=get_stocks_dag, task_id=GOOG, execution_date=20240229T000000, start_date=20240402T201912, end_date=20240402T201919
[2024-04-02 17:19:19,199] {local_task_job.py:156} INFO - Task exited with return code 0
[2024-04-02 17:19:19,374] {local_task_job.py:273} INFO - 0 downstream tasks scheduled from follow-on schedule check
[2024-04-02 17:45:46,405] {taskinstance.py:1159} INFO - Dependencies all met for <TaskInstance: get_stocks_dag.GOOG scheduled__2024-02-29T00:00:00+00:00 [queued]>
[2024-04-02 17:45:46,419] {taskinstance.py:1159} INFO - Dependencies all met for <TaskInstance: get_stocks_dag.GOOG scheduled__2024-02-29T00:00:00+00:00 [queued]>
[2024-04-02 17:45:46,420] {taskinstance.py:1356} INFO - 
--------------------------------------------------------------------------------
[2024-04-02 17:45:46,420] {taskinstance.py:1357} INFO - Starting attempt 1 of 1
[2024-04-02 17:45:46,421] {taskinstance.py:1358} INFO - 
--------------------------------------------------------------------------------
[2024-04-02 17:45:46,444] {taskinstance.py:1377} INFO - Executing <Task(_PythonDecoratedOperator): GOOG> on 2024-02-29 00:00:00+00:00
[2024-04-02 17:45:46,451] {standard_task_runner.py:52} INFO - Started process 22744 to run task
[2024-04-02 17:45:46,457] {standard_task_runner.py:79} INFO - Running: ['airflow', 'tasks', 'run', 'get_stocks_dag', 'GOOG', 'scheduled__2024-02-29T00:00:00+00:00', '--job-id', '421', '--raw', '--subdir', 'DAGS_FOLDER/get_stocks.py', '--cfg-path', '/tmp/tmpyqa26eqo', '--error-file', '/tmp/tmpumnticam']
[2024-04-02 17:45:46,458] {standard_task_runner.py:80} INFO - Job 421: Subtask GOOG
[2024-04-02 17:45:46,583] {task_command.py:370} INFO - Running <TaskInstance: get_stocks_dag.GOOG scheduled__2024-02-29T00:00:00+00:00 [running]> on host alexmend-virtual-machine
[2024-04-02 17:45:46,714] {taskinstance.py:1569} INFO - Exporting the following env vars:
AIRFLOW_CTX_DAG_OWNER=airflow
AIRFLOW_CTX_DAG_ID=get_stocks_dag
AIRFLOW_CTX_TASK_ID=GOOG
AIRFLOW_CTX_EXECUTION_DATE=2024-02-29T00:00:00+00:00
AIRFLOW_CTX_TRY_NUMBER=1
AIRFLOW_CTX_DAG_RUN_ID=scheduled__2024-02-29T00:00:00+00:00
[2024-04-02 17:45:47,424] {python.py:173} INFO - Done. Returned value was: None
[2024-04-02 17:45:47,451] {taskinstance.py:1395} INFO - Marking task as SUCCESS. dag_id=get_stocks_dag, task_id=GOOG, execution_date=20240229T000000, start_date=20240402T204546, end_date=20240402T204547
[2024-04-02 17:45:47,487] {local_task_job.py:156} INFO - Task exited with return code 0
[2024-04-02 17:45:47,552] {local_task_job.py:273} INFO - 0 downstream tasks scheduled from follow-on schedule check
[2024-04-02 19:14:14,642] {taskinstance.py:1159} INFO - Dependencies all met for <TaskInstance: get_stocks_dag.GOOG scheduled__2024-02-29T00:00:00+00:00 [queued]>
[2024-04-02 19:14:14,672] {taskinstance.py:1159} INFO - Dependencies all met for <TaskInstance: get_stocks_dag.GOOG scheduled__2024-02-29T00:00:00+00:00 [queued]>
[2024-04-02 19:14:14,673] {taskinstance.py:1356} INFO - 
--------------------------------------------------------------------------------
[2024-04-02 19:14:14,673] {taskinstance.py:1357} INFO - Starting attempt 1 of 1
[2024-04-02 19:14:14,673] {taskinstance.py:1358} INFO - 
--------------------------------------------------------------------------------
[2024-04-02 19:14:14,709] {taskinstance.py:1377} INFO - Executing <Task(_PythonDecoratedOperator): GOOG> on 2024-02-29 00:00:00+00:00
[2024-04-02 19:14:14,730] {standard_task_runner.py:52} INFO - Started process 13494 to run task
[2024-04-02 19:14:14,757] {standard_task_runner.py:79} INFO - Running: ['airflow', 'tasks', 'run', 'get_stocks_dag', 'GOOG', 'scheduled__2024-02-29T00:00:00+00:00', '--job-id', '521', '--raw', '--subdir', 'DAGS_FOLDER/get_stocks.py', '--cfg-path', '/tmp/tmptd28aruy', '--error-file', '/tmp/tmp_55ydhmg']
[2024-04-02 19:14:14,763] {standard_task_runner.py:80} INFO - Job 521: Subtask GOOG
[2024-04-02 19:14:15,007] {task_command.py:370} INFO - Running <TaskInstance: get_stocks_dag.GOOG scheduled__2024-02-29T00:00:00+00:00 [running]> on host alexmend-virtual-machine
[2024-04-02 19:14:15,245] {taskinstance.py:1569} INFO - Exporting the following env vars:
AIRFLOW_CTX_DAG_OWNER=airflow
AIRFLOW_CTX_DAG_ID=get_stocks_dag
AIRFLOW_CTX_TASK_ID=GOOG
AIRFLOW_CTX_EXECUTION_DATE=2024-02-29T00:00:00+00:00
AIRFLOW_CTX_TRY_NUMBER=1
AIRFLOW_CTX_DAG_RUN_ID=scheduled__2024-02-29T00:00:00+00:00
[2024-04-02 19:14:17,916] {python.py:173} INFO - Done. Returned value was: None
[2024-04-02 19:14:17,944] {taskinstance.py:1395} INFO - Marking task as SUCCESS. dag_id=get_stocks_dag, task_id=GOOG, execution_date=20240229T000000, start_date=20240402T221414, end_date=20240402T221417
[2024-04-02 19:14:18,016] {local_task_job.py:156} INFO - Task exited with return code 0
[2024-04-02 19:14:18,166] {local_task_job.py:273} INFO - 0 downstream tasks scheduled from follow-on schedule check
[2024-04-02 20:38:05,138] {taskinstance.py:1159} INFO - Dependencies all met for <TaskInstance: get_stocks_dag.GOOG scheduled__2024-02-29T00:00:00+00:00 [queued]>
[2024-04-02 20:38:05,194] {taskinstance.py:1159} INFO - Dependencies all met for <TaskInstance: get_stocks_dag.GOOG scheduled__2024-02-29T00:00:00+00:00 [queued]>
[2024-04-02 20:38:05,194] {taskinstance.py:1356} INFO - 
--------------------------------------------------------------------------------
[2024-04-02 20:38:05,194] {taskinstance.py:1357} INFO - Starting attempt 1 of 1
[2024-04-02 20:38:05,194] {taskinstance.py:1358} INFO - 
--------------------------------------------------------------------------------
[2024-04-02 20:38:05,247] {taskinstance.py:1377} INFO - Executing <Task(_PythonDecoratedOperator): GOOG> on 2024-02-29 00:00:00+00:00
[2024-04-02 20:38:05,279] {standard_task_runner.py:52} INFO - Started process 24877 to run task
[2024-04-02 20:38:05,294] {standard_task_runner.py:79} INFO - Running: ['airflow', 'tasks', 'run', 'get_stocks_dag', 'GOOG', 'scheduled__2024-02-29T00:00:00+00:00', '--job-id', '623', '--raw', '--subdir', 'DAGS_FOLDER/get_stocks.py', '--cfg-path', '/tmp/tmpn62w8ygm', '--error-file', '/tmp/tmpww2saqrp']
[2024-04-02 20:38:05,299] {standard_task_runner.py:80} INFO - Job 623: Subtask GOOG
[2024-04-02 20:38:05,557] {task_command.py:370} INFO - Running <TaskInstance: get_stocks_dag.GOOG scheduled__2024-02-29T00:00:00+00:00 [running]> on host alexmend-virtual-machine
[2024-04-02 20:38:05,907] {taskinstance.py:1569} INFO - Exporting the following env vars:
AIRFLOW_CTX_DAG_OWNER=airflow
AIRFLOW_CTX_DAG_ID=get_stocks_dag
AIRFLOW_CTX_TASK_ID=GOOG
AIRFLOW_CTX_EXECUTION_DATE=2024-02-29T00:00:00+00:00
AIRFLOW_CTX_TRY_NUMBER=1
AIRFLOW_CTX_DAG_RUN_ID=scheduled__2024-02-29T00:00:00+00:00
[2024-04-02 20:38:07,019] {python.py:173} INFO - Done. Returned value was: None
[2024-04-02 20:38:07,069] {taskinstance.py:1395} INFO - Marking task as SUCCESS. dag_id=get_stocks_dag, task_id=GOOG, execution_date=20240229T000000, start_date=20240402T233805, end_date=20240402T233807
[2024-04-02 20:38:07,150] {local_task_job.py:156} INFO - Task exited with return code 0
[2024-04-02 20:38:07,291] {local_task_job.py:273} INFO - 0 downstream tasks scheduled from follow-on schedule check
[2024-04-02 21:44:38,187] {taskinstance.py:1159} INFO - Dependencies all met for <TaskInstance: get_stocks_dag.GOOG scheduled__2024-02-29T00:00:00+00:00 [queued]>
[2024-04-02 21:44:38,246] {taskinstance.py:1159} INFO - Dependencies all met for <TaskInstance: get_stocks_dag.GOOG scheduled__2024-02-29T00:00:00+00:00 [queued]>
[2024-04-02 21:44:38,247] {taskinstance.py:1356} INFO - 
--------------------------------------------------------------------------------
[2024-04-02 21:44:38,247] {taskinstance.py:1357} INFO - Starting attempt 1 of 1
[2024-04-02 21:44:38,247] {taskinstance.py:1358} INFO - 
--------------------------------------------------------------------------------
[2024-04-02 21:44:38,319] {taskinstance.py:1377} INFO - Executing <Task(_PythonDecoratedOperator): GOOG> on 2024-02-29 00:00:00+00:00
[2024-04-02 21:44:38,337] {standard_task_runner.py:52} INFO - Started process 46772 to run task
[2024-04-02 21:44:38,362] {standard_task_runner.py:79} INFO - Running: ['airflow', 'tasks', 'run', 'get_stocks_dag', 'GOOG', 'scheduled__2024-02-29T00:00:00+00:00', '--job-id', '735', '--raw', '--subdir', 'DAGS_FOLDER/get_stocks.py', '--cfg-path', '/tmp/tmpbnnv3sya', '--error-file', '/tmp/tmpktpbrzqi']
[2024-04-02 21:44:38,364] {standard_task_runner.py:80} INFO - Job 735: Subtask GOOG
[2024-04-02 21:44:38,595] {task_command.py:370} INFO - Running <TaskInstance: get_stocks_dag.GOOG scheduled__2024-02-29T00:00:00+00:00 [running]> on host alexmend-virtual-machine
[2024-04-02 21:44:38,790] {taskinstance.py:1569} INFO - Exporting the following env vars:
AIRFLOW_CTX_DAG_OWNER=airflow
AIRFLOW_CTX_DAG_ID=get_stocks_dag
AIRFLOW_CTX_TASK_ID=GOOG
AIRFLOW_CTX_EXECUTION_DATE=2024-02-29T00:00:00+00:00
AIRFLOW_CTX_TRY_NUMBER=1
AIRFLOW_CTX_DAG_RUN_ID=scheduled__2024-02-29T00:00:00+00:00
[2024-04-02 21:44:49,557] {python.py:173} INFO - Done. Returned value was: None
[2024-04-02 21:44:49,687] {taskinstance.py:1395} INFO - Marking task as SUCCESS. dag_id=get_stocks_dag, task_id=GOOG, execution_date=20240229T000000, start_date=20240403T004438, end_date=20240403T004449
[2024-04-02 21:44:49,855] {local_task_job.py:156} INFO - Task exited with return code 0
[2024-04-02 21:44:50,215] {local_task_job.py:273} INFO - 0 downstream tasks scheduled from follow-on schedule check
[2024-04-02 22:50:10,903] {taskinstance.py:1159} INFO - Dependencies all met for <TaskInstance: get_stocks_dag.GOOG scheduled__2024-02-29T00:00:00+00:00 [queued]>
[2024-04-02 22:50:10,935] {taskinstance.py:1159} INFO - Dependencies all met for <TaskInstance: get_stocks_dag.GOOG scheduled__2024-02-29T00:00:00+00:00 [queued]>
[2024-04-02 22:50:10,936] {taskinstance.py:1356} INFO - 
--------------------------------------------------------------------------------
[2024-04-02 22:50:10,937] {taskinstance.py:1357} INFO - Starting attempt 1 of 1
[2024-04-02 22:50:10,937] {taskinstance.py:1358} INFO - 
--------------------------------------------------------------------------------
[2024-04-02 22:50:10,979] {taskinstance.py:1377} INFO - Executing <Task(_PythonDecoratedOperator): GOOG> on 2024-02-29 00:00:00+00:00
[2024-04-02 22:50:10,992] {standard_task_runner.py:52} INFO - Started process 70886 to run task
[2024-04-02 22:50:11,017] {standard_task_runner.py:79} INFO - Running: ['airflow', 'tasks', 'run', 'get_stocks_dag', 'GOOG', 'scheduled__2024-02-29T00:00:00+00:00', '--job-id', '996', '--raw', '--subdir', 'DAGS_FOLDER/get_stocks.py', '--cfg-path', '/tmp/tmp2egun3sh', '--error-file', '/tmp/tmpwiwg25rk']
[2024-04-02 22:50:11,025] {standard_task_runner.py:80} INFO - Job 996: Subtask GOOG
[2024-04-02 22:50:11,280] {task_command.py:370} INFO - Running <TaskInstance: get_stocks_dag.GOOG scheduled__2024-02-29T00:00:00+00:00 [running]> on host alexmend-virtual-machine
[2024-04-02 22:50:11,661] {taskinstance.py:1569} INFO - Exporting the following env vars:
AIRFLOW_CTX_DAG_OWNER=airflow
AIRFLOW_CTX_DAG_ID=get_stocks_dag
AIRFLOW_CTX_TASK_ID=GOOG
AIRFLOW_CTX_EXECUTION_DATE=2024-02-29T00:00:00+00:00
AIRFLOW_CTX_TRY_NUMBER=1
AIRFLOW_CTX_DAG_RUN_ID=scheduled__2024-02-29T00:00:00+00:00
[2024-04-02 22:50:22,507] {python.py:173} INFO - Done. Returned value was: None
[2024-04-02 22:50:22,572] {taskinstance.py:1395} INFO - Marking task as SUCCESS. dag_id=get_stocks_dag, task_id=GOOG, execution_date=20240229T000000, start_date=20240403T015010, end_date=20240403T015022
[2024-04-02 22:50:22,651] {local_task_job.py:156} INFO - Task exited with return code 0
[2024-04-02 22:50:22,737] {local_task_job.py:273} INFO - 0 downstream tasks scheduled from follow-on schedule check
