[2024-04-02 13:03:20,234] {taskinstance.py:1159} INFO - Dependencies all met for <TaskInstance: get_stocks_dag.AAPL scheduled__2024-02-02T00:00:00+00:00 [queued]>
[2024-04-02 13:03:20,245] {taskinstance.py:1159} INFO - Dependencies all met for <TaskInstance: get_stocks_dag.AAPL scheduled__2024-02-02T00:00:00+00:00 [queued]>
[2024-04-02 13:03:20,245] {taskinstance.py:1356} INFO - 
--------------------------------------------------------------------------------
[2024-04-02 13:03:20,245] {taskinstance.py:1357} INFO - Starting attempt 1 of 1
[2024-04-02 13:03:20,246] {taskinstance.py:1358} INFO - 
--------------------------------------------------------------------------------
[2024-04-02 13:03:20,261] {taskinstance.py:1377} INFO - Executing <Task(_PythonDecoratedOperator): AAPL> on 2024-02-02 00:00:00+00:00
[2024-04-02 13:03:20,267] {standard_task_runner.py:52} INFO - Started process 10000 to run task
[2024-04-02 13:03:20,273] {standard_task_runner.py:79} INFO - Running: ['airflow', 'tasks', 'run', 'get_stocks_dag', 'AAPL', 'scheduled__2024-02-02T00:00:00+00:00', '--job-id', '99', '--raw', '--subdir', 'DAGS_FOLDER/get_stocks.py', '--cfg-path', '/tmp/tmpsmjjg0tz', '--error-file', '/tmp/tmpn7x49t4g']
[2024-04-02 13:03:20,275] {standard_task_runner.py:80} INFO - Job 99: Subtask AAPL
[2024-04-02 13:03:20,337] {task_command.py:370} INFO - Running <TaskInstance: get_stocks_dag.AAPL scheduled__2024-02-02T00:00:00+00:00 [running]> on host alexmend-virtual-machine
[2024-04-02 13:03:20,406] {taskinstance.py:1569} INFO - Exporting the following env vars:
AIRFLOW_CTX_DAG_OWNER=airflow
AIRFLOW_CTX_DAG_ID=get_stocks_dag
AIRFLOW_CTX_TASK_ID=AAPL
AIRFLOW_CTX_EXECUTION_DATE=2024-02-02T00:00:00+00:00
AIRFLOW_CTX_TRY_NUMBER=1
AIRFLOW_CTX_DAG_RUN_ID=scheduled__2024-02-02T00:00:00+00:00
[2024-04-02 13:03:21,140] {python.py:173} INFO - Done. Returned value was: None
[2024-04-02 13:03:21,152] {taskinstance.py:1395} INFO - Marking task as SUCCESS. dag_id=get_stocks_dag, task_id=AAPL, execution_date=20240202T000000, start_date=20240402T160320, end_date=20240402T160321
[2024-04-02 13:03:21,211] {local_task_job.py:156} INFO - Task exited with return code 0
[2024-04-02 13:03:21,242] {local_task_job.py:273} INFO - 0 downstream tasks scheduled from follow-on schedule check
[2024-04-02 17:18:10,627] {taskinstance.py:1159} INFO - Dependencies all met for <TaskInstance: get_stocks_dag.AAPL scheduled__2024-02-02T00:00:00+00:00 [queued]>
[2024-04-02 17:18:10,704] {taskinstance.py:1159} INFO - Dependencies all met for <TaskInstance: get_stocks_dag.AAPL scheduled__2024-02-02T00:00:00+00:00 [queued]>
[2024-04-02 17:18:10,704] {taskinstance.py:1356} INFO - 
--------------------------------------------------------------------------------
[2024-04-02 17:18:10,704] {taskinstance.py:1357} INFO - Starting attempt 1 of 1
[2024-04-02 17:18:10,704] {taskinstance.py:1358} INFO - 
--------------------------------------------------------------------------------
[2024-04-02 17:18:10,908] {taskinstance.py:1377} INFO - Executing <Task(_PythonDecoratedOperator): AAPL> on 2024-02-02 00:00:00+00:00
[2024-04-02 17:18:10,994] {standard_task_runner.py:79} INFO - Running: ['airflow', 'tasks', 'run', 'get_stocks_dag', 'AAPL', 'scheduled__2024-02-02T00:00:00+00:00', '--job-id', '82', '--raw', '--subdir', 'DAGS_FOLDER/get_stocks.py', '--cfg-path', '/tmp/tmp_uyw16j3', '--error-file', '/tmp/tmpwgj19q9m']
[2024-04-02 17:18:10,997] {standard_task_runner.py:80} INFO - Job 82: Subtask AAPL
[2024-04-02 17:18:10,982] {standard_task_runner.py:52} INFO - Started process 5857 to run task
[2024-04-02 17:18:12,081] {task_command.py:370} INFO - Running <TaskInstance: get_stocks_dag.AAPL scheduled__2024-02-02T00:00:00+00:00 [running]> on host alexmend-virtual-machine
[2024-04-02 17:18:13,302] {taskinstance.py:1569} INFO - Exporting the following env vars:
AIRFLOW_CTX_DAG_OWNER=airflow
AIRFLOW_CTX_DAG_ID=get_stocks_dag
AIRFLOW_CTX_TASK_ID=AAPL
AIRFLOW_CTX_EXECUTION_DATE=2024-02-02T00:00:00+00:00
AIRFLOW_CTX_TRY_NUMBER=1
AIRFLOW_CTX_DAG_RUN_ID=scheduled__2024-02-02T00:00:00+00:00
[2024-04-02 17:18:14,692] {python.py:173} INFO - Done. Returned value was: None
[2024-04-02 17:18:14,852] {taskinstance.py:1395} INFO - Marking task as SUCCESS. dag_id=get_stocks_dag, task_id=AAPL, execution_date=20240202T000000, start_date=20240402T201810, end_date=20240402T201814
[2024-04-02 17:18:15,133] {local_task_job.py:156} INFO - Task exited with return code 0
[2024-04-02 17:18:15,924] {local_task_job.py:273} INFO - 0 downstream tasks scheduled from follow-on schedule check
[2024-04-02 17:44:01,833] {taskinstance.py:1159} INFO - Dependencies all met for <TaskInstance: get_stocks_dag.AAPL scheduled__2024-02-02T00:00:00+00:00 [queued]>
[2024-04-02 17:44:01,857] {taskinstance.py:1159} INFO - Dependencies all met for <TaskInstance: get_stocks_dag.AAPL scheduled__2024-02-02T00:00:00+00:00 [queued]>
[2024-04-02 17:44:01,857] {taskinstance.py:1356} INFO - 
--------------------------------------------------------------------------------
[2024-04-02 17:44:01,857] {taskinstance.py:1357} INFO - Starting attempt 1 of 1
[2024-04-02 17:44:01,857] {taskinstance.py:1358} INFO - 
--------------------------------------------------------------------------------
[2024-04-02 17:44:01,876] {taskinstance.py:1377} INFO - Executing <Task(_PythonDecoratedOperator): AAPL> on 2024-02-02 00:00:00+00:00
[2024-04-02 17:44:01,882] {standard_task_runner.py:52} INFO - Started process 20519 to run task
[2024-04-02 17:44:01,889] {standard_task_runner.py:79} INFO - Running: ['airflow', 'tasks', 'run', 'get_stocks_dag', 'AAPL', 'scheduled__2024-02-02T00:00:00+00:00', '--job-id', '344', '--raw', '--subdir', 'DAGS_FOLDER/get_stocks.py', '--cfg-path', '/tmp/tmp_x7aoxoi', '--error-file', '/tmp/tmpzfu2ti1t']
[2024-04-02 17:44:01,891] {standard_task_runner.py:80} INFO - Job 344: Subtask AAPL
[2024-04-02 17:44:02,025] {task_command.py:370} INFO - Running <TaskInstance: get_stocks_dag.AAPL scheduled__2024-02-02T00:00:00+00:00 [running]> on host alexmend-virtual-machine
[2024-04-02 17:44:02,173] {taskinstance.py:1569} INFO - Exporting the following env vars:
AIRFLOW_CTX_DAG_OWNER=airflow
AIRFLOW_CTX_DAG_ID=get_stocks_dag
AIRFLOW_CTX_TASK_ID=AAPL
AIRFLOW_CTX_EXECUTION_DATE=2024-02-02T00:00:00+00:00
AIRFLOW_CTX_TRY_NUMBER=1
AIRFLOW_CTX_DAG_RUN_ID=scheduled__2024-02-02T00:00:00+00:00
[2024-04-02 17:44:03,046] {python.py:173} INFO - Done. Returned value was: None
[2024-04-02 17:44:03,072] {taskinstance.py:1395} INFO - Marking task as SUCCESS. dag_id=get_stocks_dag, task_id=AAPL, execution_date=20240202T000000, start_date=20240402T204401, end_date=20240402T204403
[2024-04-02 17:44:03,119] {local_task_job.py:156} INFO - Task exited with return code 0
[2024-04-02 17:44:03,191] {local_task_job.py:273} INFO - 0 downstream tasks scheduled from follow-on schedule check
