[2024-04-02 21:46:25,407] {taskinstance.py:1159} INFO - Dependencies all met for <TaskInstance: get_crypto_dag.DOGE scheduled__2024-03-01T00:00:00+00:00 [queued]>
[2024-04-02 21:46:25,429] {taskinstance.py:1159} INFO - Dependencies all met for <TaskInstance: get_crypto_dag.DOGE scheduled__2024-03-01T00:00:00+00:00 [queued]>
[2024-04-02 21:46:25,429] {taskinstance.py:1356} INFO - 
--------------------------------------------------------------------------------
[2024-04-02 21:46:25,429] {taskinstance.py:1357} INFO - Starting attempt 1 of 1
[2024-04-02 21:46:25,430] {taskinstance.py:1358} INFO - 
--------------------------------------------------------------------------------
[2024-04-02 21:46:25,461] {taskinstance.py:1377} INFO - Executing <Task(_PythonDecoratedOperator): DOGE> on 2024-03-01 00:00:00+00:00
[2024-04-02 21:46:25,473] {standard_task_runner.py:52} INFO - Started process 48198 to run task
[2024-04-02 21:46:25,491] {standard_task_runner.py:79} INFO - Running: ['airflow', 'tasks', 'run', 'get_crypto_dag', 'DOGE', 'scheduled__2024-03-01T00:00:00+00:00', '--job-id', '760', '--raw', '--subdir', 'DAGS_FOLDER/get_crypto.py', '--cfg-path', '/tmp/tmpqrbfc6t2', '--error-file', '/tmp/tmpygjxkfuk']
[2024-04-02 21:46:25,492] {standard_task_runner.py:80} INFO - Job 760: Subtask DOGE
[2024-04-02 21:46:25,712] {task_command.py:370} INFO - Running <TaskInstance: get_crypto_dag.DOGE scheduled__2024-03-01T00:00:00+00:00 [running]> on host alexmend-virtual-machine
[2024-04-02 21:46:25,918] {taskinstance.py:1569} INFO - Exporting the following env vars:
AIRFLOW_CTX_DAG_OWNER=airflow
AIRFLOW_CTX_DAG_ID=get_crypto_dag
AIRFLOW_CTX_TASK_ID=DOGE
AIRFLOW_CTX_EXECUTION_DATE=2024-03-01T00:00:00+00:00
AIRFLOW_CTX_TRY_NUMBER=1
AIRFLOW_CTX_DAG_RUN_ID=scheduled__2024-03-01T00:00:00+00:00
[2024-04-02 21:46:29,879] {history.py:90} ERROR - DOGE: No timezone found, symbol may be delisted
[2024-04-02 21:46:39,898] {python.py:173} INFO - Done. Returned value was: None
[2024-04-02 21:46:39,947] {taskinstance.py:1395} INFO - Marking task as SUCCESS. dag_id=get_crypto_dag, task_id=DOGE, execution_date=20240301T000000, start_date=20240403T004625, end_date=20240403T004639
[2024-04-02 21:46:40,032] {local_task_job.py:156} INFO - Task exited with return code 0
[2024-04-02 21:46:40,102] {local_task_job.py:273} INFO - 0 downstream tasks scheduled from follow-on schedule check
[2024-04-02 22:50:56,789] {taskinstance.py:1159} INFO - Dependencies all met for <TaskInstance: get_crypto_dag.DOGE scheduled__2024-03-01T00:00:00+00:00 [queued]>
[2024-04-02 22:50:56,898] {taskinstance.py:1159} INFO - Dependencies all met for <TaskInstance: get_crypto_dag.DOGE scheduled__2024-03-01T00:00:00+00:00 [queued]>
[2024-04-02 22:50:56,899] {taskinstance.py:1356} INFO - 
--------------------------------------------------------------------------------
[2024-04-02 22:50:56,899] {taskinstance.py:1357} INFO - Starting attempt 1 of 1
[2024-04-02 22:50:56,908] {taskinstance.py:1358} INFO - 
--------------------------------------------------------------------------------
[2024-04-02 22:50:56,968] {taskinstance.py:1377} INFO - Executing <Task(_PythonDecoratedOperator): DOGE> on 2024-03-01 00:00:00+00:00
[2024-04-02 22:50:57,003] {standard_task_runner.py:52} INFO - Started process 71277 to run task
[2024-04-02 22:50:57,020] {standard_task_runner.py:79} INFO - Running: ['airflow', 'tasks', 'run', 'get_crypto_dag', 'DOGE', 'scheduled__2024-03-01T00:00:00+00:00', '--job-id', '1002', '--raw', '--subdir', 'DAGS_FOLDER/get_crypto.py', '--cfg-path', '/tmp/tmps3dqa1cg', '--error-file', '/tmp/tmpiga4cg6d']
[2024-04-02 22:50:57,028] {standard_task_runner.py:80} INFO - Job 1002: Subtask DOGE
[2024-04-02 22:50:57,358] {task_command.py:370} INFO - Running <TaskInstance: get_crypto_dag.DOGE scheduled__2024-03-01T00:00:00+00:00 [running]> on host alexmend-virtual-machine
[2024-04-02 22:50:57,727] {taskinstance.py:1569} INFO - Exporting the following env vars:
AIRFLOW_CTX_DAG_OWNER=airflow
AIRFLOW_CTX_DAG_ID=get_crypto_dag
AIRFLOW_CTX_TASK_ID=DOGE
AIRFLOW_CTX_EXECUTION_DATE=2024-03-01T00:00:00+00:00
AIRFLOW_CTX_TRY_NUMBER=1
AIRFLOW_CTX_DAG_RUN_ID=scheduled__2024-03-01T00:00:00+00:00
[2024-04-02 22:51:01,372] {history.py:90} ERROR - DOGE: No timezone found, symbol may be delisted
[2024-04-02 22:51:11,402] {python.py:173} INFO - Done. Returned value was: None
[2024-04-02 22:51:11,461] {taskinstance.py:1395} INFO - Marking task as SUCCESS. dag_id=get_crypto_dag, task_id=DOGE, execution_date=20240301T000000, start_date=20240403T015056, end_date=20240403T015111
[2024-04-02 22:51:11,600] {local_task_job.py:156} INFO - Task exited with return code 0
[2024-04-02 22:51:11,863] {local_task_job.py:273} INFO - 0 downstream tasks scheduled from follow-on schedule check
