[2024-04-02 13:11:19,248] {taskinstance.py:1159} INFO - Dependencies all met for <TaskInstance: get_stocks_dag.GOOG scheduled__2024-03-14T00:00:00+00:00 [queued]>
[2024-04-02 13:11:19,256] {taskinstance.py:1159} INFO - Dependencies all met for <TaskInstance: get_stocks_dag.GOOG scheduled__2024-03-14T00:00:00+00:00 [queued]>
[2024-04-02 13:11:19,257] {taskinstance.py:1356} INFO - 
--------------------------------------------------------------------------------
[2024-04-02 13:11:19,257] {taskinstance.py:1357} INFO - Starting attempt 1 of 1
[2024-04-02 13:11:19,258] {taskinstance.py:1358} INFO - 
--------------------------------------------------------------------------------
[2024-04-02 13:11:19,281] {taskinstance.py:1377} INFO - Executing <Task(_PythonDecoratedOperator): GOOG> on 2024-03-14 00:00:00+00:00
[2024-04-02 13:11:19,287] {standard_task_runner.py:52} INFO - Started process 12852 to run task
[2024-04-02 13:11:19,293] {standard_task_runner.py:79} INFO - Running: ['airflow', 'tasks', 'run', 'get_stocks_dag', 'GOOG', 'scheduled__2024-03-14T00:00:00+00:00', '--job-id', '217', '--raw', '--subdir', 'DAGS_FOLDER/get_stocks.py', '--cfg-path', '/tmp/tmp5a_a5jlu', '--error-file', '/tmp/tmpwmi0b4c9']
[2024-04-02 13:11:19,294] {standard_task_runner.py:80} INFO - Job 217: Subtask GOOG
[2024-04-02 13:11:19,349] {task_command.py:370} INFO - Running <TaskInstance: get_stocks_dag.GOOG scheduled__2024-03-14T00:00:00+00:00 [running]> on host alexmend-virtual-machine
[2024-04-02 13:11:19,434] {taskinstance.py:1569} INFO - Exporting the following env vars:
AIRFLOW_CTX_DAG_OWNER=airflow
AIRFLOW_CTX_DAG_ID=get_stocks_dag
AIRFLOW_CTX_TASK_ID=GOOG
AIRFLOW_CTX_EXECUTION_DATE=2024-03-14T00:00:00+00:00
AIRFLOW_CTX_TRY_NUMBER=1
AIRFLOW_CTX_DAG_RUN_ID=scheduled__2024-03-14T00:00:00+00:00
[2024-04-02 13:11:20,174] {python.py:173} INFO - Done. Returned value was: None
[2024-04-02 13:11:20,187] {taskinstance.py:1395} INFO - Marking task as SUCCESS. dag_id=get_stocks_dag, task_id=GOOG, execution_date=20240314T000000, start_date=20240402T161119, end_date=20240402T161120
[2024-04-02 13:11:20,233] {local_task_job.py:156} INFO - Task exited with return code 0
[2024-04-02 13:11:20,252] {local_task_job.py:273} INFO - 0 downstream tasks scheduled from follow-on schedule check
[2024-04-02 17:19:43,680] {taskinstance.py:1159} INFO - Dependencies all met for <TaskInstance: get_stocks_dag.GOOG scheduled__2024-03-14T00:00:00+00:00 [queued]>
[2024-04-02 17:19:43,842] {taskinstance.py:1159} INFO - Dependencies all met for <TaskInstance: get_stocks_dag.GOOG scheduled__2024-03-14T00:00:00+00:00 [queued]>
[2024-04-02 17:19:43,843] {taskinstance.py:1356} INFO - 
--------------------------------------------------------------------------------
[2024-04-02 17:19:43,843] {taskinstance.py:1357} INFO - Starting attempt 1 of 1
[2024-04-02 17:19:43,843] {taskinstance.py:1358} INFO - 
--------------------------------------------------------------------------------
[2024-04-02 17:19:43,969] {taskinstance.py:1377} INFO - Executing <Task(_PythonDecoratedOperator): GOOG> on 2024-03-14 00:00:00+00:00
[2024-04-02 17:19:44,038] {standard_task_runner.py:52} INFO - Started process 8667 to run task
[2024-04-02 17:19:44,172] {standard_task_runner.py:79} INFO - Running: ['airflow', 'tasks', 'run', 'get_stocks_dag', 'GOOG', 'scheduled__2024-03-14T00:00:00+00:00', '--job-id', '197', '--raw', '--subdir', 'DAGS_FOLDER/get_stocks.py', '--cfg-path', '/tmp/tmpym9ywjzg', '--error-file', '/tmp/tmpwk_7j9o7']
[2024-04-02 17:19:44,174] {standard_task_runner.py:80} INFO - Job 197: Subtask GOOG
[2024-04-02 17:19:44,706] {task_command.py:370} INFO - Running <TaskInstance: get_stocks_dag.GOOG scheduled__2024-03-14T00:00:00+00:00 [running]> on host alexmend-virtual-machine
[2024-04-02 17:19:45,417] {taskinstance.py:1569} INFO - Exporting the following env vars:
AIRFLOW_CTX_DAG_OWNER=airflow
AIRFLOW_CTX_DAG_ID=get_stocks_dag
AIRFLOW_CTX_TASK_ID=GOOG
AIRFLOW_CTX_EXECUTION_DATE=2024-03-14T00:00:00+00:00
AIRFLOW_CTX_TRY_NUMBER=1
AIRFLOW_CTX_DAG_RUN_ID=scheduled__2024-03-14T00:00:00+00:00
[2024-04-02 17:19:46,635] {python.py:173} INFO - Done. Returned value was: None
[2024-04-02 17:19:46,868] {taskinstance.py:1395} INFO - Marking task as SUCCESS. dag_id=get_stocks_dag, task_id=GOOG, execution_date=20240314T000000, start_date=20240402T201943, end_date=20240402T201946
[2024-04-02 17:19:46,945] {local_task_job.py:156} INFO - Task exited with return code 0
[2024-04-02 17:19:47,120] {local_task_job.py:273} INFO - 0 downstream tasks scheduled from follow-on schedule check
[2024-04-02 17:46:46,446] {taskinstance.py:1159} INFO - Dependencies all met for <TaskInstance: get_stocks_dag.GOOG scheduled__2024-03-14T00:00:00+00:00 [queued]>
[2024-04-02 17:46:46,468] {taskinstance.py:1159} INFO - Dependencies all met for <TaskInstance: get_stocks_dag.GOOG scheduled__2024-03-14T00:00:00+00:00 [queued]>
[2024-04-02 17:46:46,469] {taskinstance.py:1356} INFO - 
--------------------------------------------------------------------------------
[2024-04-02 17:46:46,470] {taskinstance.py:1357} INFO - Starting attempt 1 of 1
[2024-04-02 17:46:46,471] {taskinstance.py:1358} INFO - 
--------------------------------------------------------------------------------
[2024-04-02 17:46:46,501] {taskinstance.py:1377} INFO - Executing <Task(_PythonDecoratedOperator): GOOG> on 2024-03-14 00:00:00+00:00
[2024-04-02 17:46:46,508] {standard_task_runner.py:52} INFO - Started process 23933 to run task
[2024-04-02 17:46:46,523] {standard_task_runner.py:79} INFO - Running: ['airflow', 'tasks', 'run', 'get_stocks_dag', 'GOOG', 'scheduled__2024-03-14T00:00:00+00:00', '--job-id', '461', '--raw', '--subdir', 'DAGS_FOLDER/get_stocks.py', '--cfg-path', '/tmp/tmph6wj_fko', '--error-file', '/tmp/tmpwr8b5nc2']
[2024-04-02 17:46:46,525] {standard_task_runner.py:80} INFO - Job 461: Subtask GOOG
[2024-04-02 17:46:46,675] {task_command.py:370} INFO - Running <TaskInstance: get_stocks_dag.GOOG scheduled__2024-03-14T00:00:00+00:00 [running]> on host alexmend-virtual-machine
[2024-04-02 17:46:46,846] {taskinstance.py:1569} INFO - Exporting the following env vars:
AIRFLOW_CTX_DAG_OWNER=airflow
AIRFLOW_CTX_DAG_ID=get_stocks_dag
AIRFLOW_CTX_TASK_ID=GOOG
AIRFLOW_CTX_EXECUTION_DATE=2024-03-14T00:00:00+00:00
AIRFLOW_CTX_TRY_NUMBER=1
AIRFLOW_CTX_DAG_RUN_ID=scheduled__2024-03-14T00:00:00+00:00
[2024-04-02 17:46:47,692] {python.py:173} INFO - Done. Returned value was: None
[2024-04-02 17:46:47,731] {taskinstance.py:1395} INFO - Marking task as SUCCESS. dag_id=get_stocks_dag, task_id=GOOG, execution_date=20240314T000000, start_date=20240402T204646, end_date=20240402T204647
[2024-04-02 17:46:47,785] {local_task_job.py:156} INFO - Task exited with return code 0
[2024-04-02 17:46:47,844] {local_task_job.py:273} INFO - 0 downstream tasks scheduled from follow-on schedule check
[2024-04-02 19:15:39,273] {taskinstance.py:1159} INFO - Dependencies all met for <TaskInstance: get_stocks_dag.GOOG scheduled__2024-03-14T00:00:00+00:00 [queued]>
[2024-04-02 19:15:39,287] {taskinstance.py:1159} INFO - Dependencies all met for <TaskInstance: get_stocks_dag.GOOG scheduled__2024-03-14T00:00:00+00:00 [queued]>
[2024-04-02 19:15:39,287] {taskinstance.py:1356} INFO - 
--------------------------------------------------------------------------------
[2024-04-02 19:15:39,288] {taskinstance.py:1357} INFO - Starting attempt 1 of 1
[2024-04-02 19:15:39,288] {taskinstance.py:1358} INFO - 
--------------------------------------------------------------------------------
[2024-04-02 19:15:39,313] {taskinstance.py:1377} INFO - Executing <Task(_PythonDecoratedOperator): GOOG> on 2024-03-14 00:00:00+00:00
[2024-04-02 19:15:39,324] {standard_task_runner.py:52} INFO - Started process 15001 to run task
[2024-04-02 19:15:39,350] {standard_task_runner.py:79} INFO - Running: ['airflow', 'tasks', 'run', 'get_stocks_dag', 'GOOG', 'scheduled__2024-03-14T00:00:00+00:00', '--job-id', '561', '--raw', '--subdir', 'DAGS_FOLDER/get_stocks.py', '--cfg-path', '/tmp/tmpeysehqre', '--error-file', '/tmp/tmpnm4djlp5']
[2024-04-02 19:15:39,352] {standard_task_runner.py:80} INFO - Job 561: Subtask GOOG
[2024-04-02 19:15:39,511] {task_command.py:370} INFO - Running <TaskInstance: get_stocks_dag.GOOG scheduled__2024-03-14T00:00:00+00:00 [running]> on host alexmend-virtual-machine
[2024-04-02 19:15:39,658] {taskinstance.py:1569} INFO - Exporting the following env vars:
AIRFLOW_CTX_DAG_OWNER=airflow
AIRFLOW_CTX_DAG_ID=get_stocks_dag
AIRFLOW_CTX_TASK_ID=GOOG
AIRFLOW_CTX_EXECUTION_DATE=2024-03-14T00:00:00+00:00
AIRFLOW_CTX_TRY_NUMBER=1
AIRFLOW_CTX_DAG_RUN_ID=scheduled__2024-03-14T00:00:00+00:00
[2024-04-02 19:15:40,365] {python.py:173} INFO - Done. Returned value was: None
[2024-04-02 19:15:40,398] {taskinstance.py:1395} INFO - Marking task as SUCCESS. dag_id=get_stocks_dag, task_id=GOOG, execution_date=20240314T000000, start_date=20240402T221539, end_date=20240402T221540
[2024-04-02 19:15:40,449] {local_task_job.py:156} INFO - Task exited with return code 0
[2024-04-02 19:15:40,568] {local_task_job.py:273} INFO - 0 downstream tasks scheduled from follow-on schedule check
[2024-04-02 20:39:31,693] {taskinstance.py:1159} INFO - Dependencies all met for <TaskInstance: get_stocks_dag.GOOG scheduled__2024-03-14T00:00:00+00:00 [queued]>
[2024-04-02 20:39:31,714] {taskinstance.py:1159} INFO - Dependencies all met for <TaskInstance: get_stocks_dag.GOOG scheduled__2024-03-14T00:00:00+00:00 [queued]>
[2024-04-02 20:39:31,714] {taskinstance.py:1356} INFO - 
--------------------------------------------------------------------------------
[2024-04-02 20:39:31,714] {taskinstance.py:1357} INFO - Starting attempt 1 of 1
[2024-04-02 20:39:31,714] {taskinstance.py:1358} INFO - 
--------------------------------------------------------------------------------
[2024-04-02 20:39:31,737] {taskinstance.py:1377} INFO - Executing <Task(_PythonDecoratedOperator): GOOG> on 2024-03-14 00:00:00+00:00
[2024-04-02 20:39:31,744] {standard_task_runner.py:52} INFO - Started process 26411 to run task
[2024-04-02 20:39:31,756] {standard_task_runner.py:79} INFO - Running: ['airflow', 'tasks', 'run', 'get_stocks_dag', 'GOOG', 'scheduled__2024-03-14T00:00:00+00:00', '--job-id', '662', '--raw', '--subdir', 'DAGS_FOLDER/get_stocks.py', '--cfg-path', '/tmp/tmpa8lrifuk', '--error-file', '/tmp/tmptmm5iq0e']
[2024-04-02 20:39:31,759] {standard_task_runner.py:80} INFO - Job 662: Subtask GOOG
[2024-04-02 20:39:31,919] {task_command.py:370} INFO - Running <TaskInstance: get_stocks_dag.GOOG scheduled__2024-03-14T00:00:00+00:00 [running]> on host alexmend-virtual-machine
[2024-04-02 20:39:32,096] {taskinstance.py:1569} INFO - Exporting the following env vars:
AIRFLOW_CTX_DAG_OWNER=airflow
AIRFLOW_CTX_DAG_ID=get_stocks_dag
AIRFLOW_CTX_TASK_ID=GOOG
AIRFLOW_CTX_EXECUTION_DATE=2024-03-14T00:00:00+00:00
AIRFLOW_CTX_TRY_NUMBER=1
AIRFLOW_CTX_DAG_RUN_ID=scheduled__2024-03-14T00:00:00+00:00
[2024-04-02 20:39:32,859] {python.py:173} INFO - Done. Returned value was: None
[2024-04-02 20:39:32,894] {taskinstance.py:1395} INFO - Marking task as SUCCESS. dag_id=get_stocks_dag, task_id=GOOG, execution_date=20240314T000000, start_date=20240402T233931, end_date=20240402T233932
[2024-04-02 20:39:32,951] {local_task_job.py:156} INFO - Task exited with return code 0
[2024-04-02 20:39:33,010] {local_task_job.py:273} INFO - 0 downstream tasks scheduled from follow-on schedule check
[2024-04-02 21:49:59,078] {taskinstance.py:1159} INFO - Dependencies all met for <TaskInstance: get_stocks_dag.GOOG scheduled__2024-03-14T00:00:00+00:00 [queued]>
[2024-04-02 21:49:59,127] {taskinstance.py:1159} INFO - Dependencies all met for <TaskInstance: get_stocks_dag.GOOG scheduled__2024-03-14T00:00:00+00:00 [queued]>
[2024-04-02 21:49:59,129] {taskinstance.py:1356} INFO - 
--------------------------------------------------------------------------------
[2024-04-02 21:49:59,130] {taskinstance.py:1357} INFO - Starting attempt 1 of 1
[2024-04-02 21:49:59,130] {taskinstance.py:1358} INFO - 
--------------------------------------------------------------------------------
[2024-04-02 21:49:59,164] {taskinstance.py:1377} INFO - Executing <Task(_PythonDecoratedOperator): GOOG> on 2024-03-14 00:00:00+00:00
[2024-04-02 21:49:59,181] {standard_task_runner.py:52} INFO - Started process 50785 to run task
[2024-04-02 21:49:59,208] {standard_task_runner.py:79} INFO - Running: ['airflow', 'tasks', 'run', 'get_stocks_dag', 'GOOG', 'scheduled__2024-03-14T00:00:00+00:00', '--job-id', '807', '--raw', '--subdir', 'DAGS_FOLDER/get_stocks.py', '--cfg-path', '/tmp/tmpzdm0bfbk', '--error-file', '/tmp/tmpznhfzhu2']
[2024-04-02 21:49:59,210] {standard_task_runner.py:80} INFO - Job 807: Subtask GOOG
[2024-04-02 21:49:59,663] {task_command.py:370} INFO - Running <TaskInstance: get_stocks_dag.GOOG scheduled__2024-03-14T00:00:00+00:00 [running]> on host alexmend-virtual-machine
[2024-04-02 21:50:00,194] {taskinstance.py:1569} INFO - Exporting the following env vars:
AIRFLOW_CTX_DAG_OWNER=airflow
AIRFLOW_CTX_DAG_ID=get_stocks_dag
AIRFLOW_CTX_TASK_ID=GOOG
AIRFLOW_CTX_EXECUTION_DATE=2024-03-14T00:00:00+00:00
AIRFLOW_CTX_TRY_NUMBER=1
AIRFLOW_CTX_DAG_RUN_ID=scheduled__2024-03-14T00:00:00+00:00
[2024-04-02 21:50:11,543] {python.py:173} INFO - Done. Returned value was: None
[2024-04-02 21:50:11,598] {taskinstance.py:1395} INFO - Marking task as SUCCESS. dag_id=get_stocks_dag, task_id=GOOG, execution_date=20240314T000000, start_date=20240403T004959, end_date=20240403T005011
[2024-04-02 21:50:11,704] {local_task_job.py:156} INFO - Task exited with return code 0
[2024-04-02 21:50:11,801] {local_task_job.py:273} INFO - 0 downstream tasks scheduled from follow-on schedule check
[2024-04-02 23:04:32,032] {taskinstance.py:1159} INFO - Dependencies all met for <TaskInstance: get_stocks_dag.GOOG scheduled__2024-03-14T00:00:00+00:00 [queued]>
[2024-04-02 23:04:32,082] {taskinstance.py:1159} INFO - Dependencies all met for <TaskInstance: get_stocks_dag.GOOG scheduled__2024-03-14T00:00:00+00:00 [queued]>
[2024-04-02 23:04:32,082] {taskinstance.py:1356} INFO - 
--------------------------------------------------------------------------------
[2024-04-02 23:04:32,082] {taskinstance.py:1357} INFO - Starting attempt 1 of 1
[2024-04-02 23:04:32,083] {taskinstance.py:1358} INFO - 
--------------------------------------------------------------------------------
[2024-04-02 23:04:32,154] {taskinstance.py:1377} INFO - Executing <Task(_PythonDecoratedOperator): GOOG> on 2024-03-14 00:00:00+00:00
[2024-04-02 23:04:32,165] {standard_task_runner.py:52} INFO - Started process 78282 to run task
[2024-04-02 23:04:32,196] {standard_task_runner.py:79} INFO - Running: ['airflow', 'tasks', 'run', 'get_stocks_dag', 'GOOG', 'scheduled__2024-03-14T00:00:00+00:00', '--job-id', '1092', '--raw', '--subdir', 'DAGS_FOLDER/get_stocks.py', '--cfg-path', '/tmp/tmpbcncoz1v', '--error-file', '/tmp/tmppi9u534v']
[2024-04-02 23:04:32,198] {standard_task_runner.py:80} INFO - Job 1092: Subtask GOOG
[2024-04-02 23:04:32,463] {task_command.py:370} INFO - Running <TaskInstance: get_stocks_dag.GOOG scheduled__2024-03-14T00:00:00+00:00 [running]> on host alexmend-virtual-machine
[2024-04-02 23:04:32,644] {taskinstance.py:1569} INFO - Exporting the following env vars:
AIRFLOW_CTX_DAG_OWNER=airflow
AIRFLOW_CTX_DAG_ID=get_stocks_dag
AIRFLOW_CTX_TASK_ID=GOOG
AIRFLOW_CTX_EXECUTION_DATE=2024-03-14T00:00:00+00:00
AIRFLOW_CTX_TRY_NUMBER=1
AIRFLOW_CTX_DAG_RUN_ID=scheduled__2024-03-14T00:00:00+00:00
[2024-04-02 23:04:43,531] {python.py:173} INFO - Done. Returned value was: None
[2024-04-02 23:04:43,562] {taskinstance.py:1395} INFO - Marking task as SUCCESS. dag_id=get_stocks_dag, task_id=GOOG, execution_date=20240314T000000, start_date=20240403T020432, end_date=20240403T020443
[2024-04-02 23:04:43,602] {local_task_job.py:156} INFO - Task exited with return code 0
[2024-04-02 23:04:43,670] {local_task_job.py:273} INFO - 0 downstream tasks scheduled from follow-on schedule check
