[2024-04-02 13:07:40,048] {taskinstance.py:1159} INFO - Dependencies all met for <TaskInstance: get_stocks_dag.TSLA scheduled__2024-02-23T00:00:00+00:00 [queued]>
[2024-04-02 13:07:40,056] {taskinstance.py:1159} INFO - Dependencies all met for <TaskInstance: get_stocks_dag.TSLA scheduled__2024-02-23T00:00:00+00:00 [queued]>
[2024-04-02 13:07:40,057] {taskinstance.py:1356} INFO - 
--------------------------------------------------------------------------------
[2024-04-02 13:07:40,057] {taskinstance.py:1357} INFO - Starting attempt 1 of 1
[2024-04-02 13:07:40,057] {taskinstance.py:1358} INFO - 
--------------------------------------------------------------------------------
[2024-04-02 13:07:40,079] {taskinstance.py:1377} INFO - Executing <Task(_PythonDecoratedOperator): TSLA> on 2024-02-23 00:00:00+00:00
[2024-04-02 13:07:40,086] {standard_task_runner.py:52} INFO - Started process 11560 to run task
[2024-04-02 13:07:40,093] {standard_task_runner.py:79} INFO - Running: ['airflow', 'tasks', 'run', 'get_stocks_dag', 'TSLA', 'scheduled__2024-02-23T00:00:00+00:00', '--job-id', '162', '--raw', '--subdir', 'DAGS_FOLDER/get_stocks.py', '--cfg-path', '/tmp/tmp72qv936k', '--error-file', '/tmp/tmpwfsrk25u']
[2024-04-02 13:07:40,094] {standard_task_runner.py:80} INFO - Job 162: Subtask TSLA
[2024-04-02 13:07:40,159] {task_command.py:370} INFO - Running <TaskInstance: get_stocks_dag.TSLA scheduled__2024-02-23T00:00:00+00:00 [running]> on host alexmend-virtual-machine
[2024-04-02 13:07:40,246] {taskinstance.py:1569} INFO - Exporting the following env vars:
AIRFLOW_CTX_DAG_OWNER=airflow
AIRFLOW_CTX_DAG_ID=get_stocks_dag
AIRFLOW_CTX_TASK_ID=TSLA
AIRFLOW_CTX_EXECUTION_DATE=2024-02-23T00:00:00+00:00
AIRFLOW_CTX_TRY_NUMBER=1
AIRFLOW_CTX_DAG_RUN_ID=scheduled__2024-02-23T00:00:00+00:00
[2024-04-02 13:07:40,891] {python.py:173} INFO - Done. Returned value was: None
[2024-04-02 13:07:40,903] {taskinstance.py:1395} INFO - Marking task as SUCCESS. dag_id=get_stocks_dag, task_id=TSLA, execution_date=20240223T000000, start_date=20240402T160740, end_date=20240402T160740
[2024-04-02 13:07:40,950] {local_task_job.py:156} INFO - Task exited with return code 0
[2024-04-02 13:07:40,975] {local_task_job.py:273} INFO - 0 downstream tasks scheduled from follow-on schedule check
[2024-04-02 17:18:55,918] {taskinstance.py:1159} INFO - Dependencies all met for <TaskInstance: get_stocks_dag.TSLA scheduled__2024-02-23T00:00:00+00:00 [queued]>
[2024-04-02 17:18:55,971] {taskinstance.py:1159} INFO - Dependencies all met for <TaskInstance: get_stocks_dag.TSLA scheduled__2024-02-23T00:00:00+00:00 [queued]>
[2024-04-02 17:18:55,972] {taskinstance.py:1356} INFO - 
--------------------------------------------------------------------------------
[2024-04-02 17:18:55,972] {taskinstance.py:1357} INFO - Starting attempt 1 of 1
[2024-04-02 17:18:55,973] {taskinstance.py:1358} INFO - 
--------------------------------------------------------------------------------
[2024-04-02 17:18:56,043] {taskinstance.py:1377} INFO - Executing <Task(_PythonDecoratedOperator): TSLA> on 2024-02-23 00:00:00+00:00
[2024-04-02 17:18:56,058] {standard_task_runner.py:52} INFO - Started process 7262 to run task
[2024-04-02 17:18:56,091] {standard_task_runner.py:79} INFO - Running: ['airflow', 'tasks', 'run', 'get_stocks_dag', 'TSLA', 'scheduled__2024-02-23T00:00:00+00:00', '--job-id', '139', '--raw', '--subdir', 'DAGS_FOLDER/get_stocks.py', '--cfg-path', '/tmp/tmpg9ymgzbq', '--error-file', '/tmp/tmp7oo9kn7c']
[2024-04-02 17:18:56,168] {standard_task_runner.py:80} INFO - Job 139: Subtask TSLA
[2024-04-02 17:18:56,507] {task_command.py:370} INFO - Running <TaskInstance: get_stocks_dag.TSLA scheduled__2024-02-23T00:00:00+00:00 [running]> on host alexmend-virtual-machine
[2024-04-02 17:18:57,324] {taskinstance.py:1569} INFO - Exporting the following env vars:
AIRFLOW_CTX_DAG_OWNER=airflow
AIRFLOW_CTX_DAG_ID=get_stocks_dag
AIRFLOW_CTX_TASK_ID=TSLA
AIRFLOW_CTX_EXECUTION_DATE=2024-02-23T00:00:00+00:00
AIRFLOW_CTX_TRY_NUMBER=1
AIRFLOW_CTX_DAG_RUN_ID=scheduled__2024-02-23T00:00:00+00:00
[2024-04-02 17:18:58,330] {python.py:173} INFO - Done. Returned value was: None
[2024-04-02 17:18:58,700] {taskinstance.py:1395} INFO - Marking task as SUCCESS. dag_id=get_stocks_dag, task_id=TSLA, execution_date=20240223T000000, start_date=20240402T201855, end_date=20240402T201858
[2024-04-02 17:18:58,855] {local_task_job.py:156} INFO - Task exited with return code 0
[2024-04-02 17:18:59,241] {local_task_job.py:273} INFO - 0 downstream tasks scheduled from follow-on schedule check
[2024-04-02 17:45:27,324] {taskinstance.py:1159} INFO - Dependencies all met for <TaskInstance: get_stocks_dag.TSLA scheduled__2024-02-23T00:00:00+00:00 [queued]>
[2024-04-02 17:45:27,339] {taskinstance.py:1159} INFO - Dependencies all met for <TaskInstance: get_stocks_dag.TSLA scheduled__2024-02-23T00:00:00+00:00 [queued]>
[2024-04-02 17:45:27,339] {taskinstance.py:1356} INFO - 
--------------------------------------------------------------------------------
[2024-04-02 17:45:27,339] {taskinstance.py:1357} INFO - Starting attempt 1 of 1
[2024-04-02 17:45:27,339] {taskinstance.py:1358} INFO - 
--------------------------------------------------------------------------------
[2024-04-02 17:45:27,356] {taskinstance.py:1377} INFO - Executing <Task(_PythonDecoratedOperator): TSLA> on 2024-02-23 00:00:00+00:00
[2024-04-02 17:45:27,362] {standard_task_runner.py:52} INFO - Started process 22280 to run task
[2024-04-02 17:45:27,370] {standard_task_runner.py:79} INFO - Running: ['airflow', 'tasks', 'run', 'get_stocks_dag', 'TSLA', 'scheduled__2024-02-23T00:00:00+00:00', '--job-id', '406', '--raw', '--subdir', 'DAGS_FOLDER/get_stocks.py', '--cfg-path', '/tmp/tmpamcosgtn', '--error-file', '/tmp/tmpe88iwgp9']
[2024-04-02 17:45:27,372] {standard_task_runner.py:80} INFO - Job 406: Subtask TSLA
[2024-04-02 17:45:27,474] {task_command.py:370} INFO - Running <TaskInstance: get_stocks_dag.TSLA scheduled__2024-02-23T00:00:00+00:00 [running]> on host alexmend-virtual-machine
[2024-04-02 17:45:27,628] {taskinstance.py:1569} INFO - Exporting the following env vars:
AIRFLOW_CTX_DAG_OWNER=airflow
AIRFLOW_CTX_DAG_ID=get_stocks_dag
AIRFLOW_CTX_TASK_ID=TSLA
AIRFLOW_CTX_EXECUTION_DATE=2024-02-23T00:00:00+00:00
AIRFLOW_CTX_TRY_NUMBER=1
AIRFLOW_CTX_DAG_RUN_ID=scheduled__2024-02-23T00:00:00+00:00
[2024-04-02 17:45:28,777] {python.py:173} INFO - Done. Returned value was: None
[2024-04-02 17:45:28,820] {taskinstance.py:1395} INFO - Marking task as SUCCESS. dag_id=get_stocks_dag, task_id=TSLA, execution_date=20240223T000000, start_date=20240402T204527, end_date=20240402T204528
[2024-04-02 17:45:28,928] {local_task_job.py:156} INFO - Task exited with return code 0
[2024-04-02 17:45:29,046] {local_task_job.py:273} INFO - 0 downstream tasks scheduled from follow-on schedule check
