[2024-04-02 12:56:25,741] {taskinstance.py:1159} INFO - Dependencies all met for <TaskInstance: get_stocks_dag.AAPL scheduled__2024-01-03T00:00:00+00:00 [queued]>
[2024-04-02 12:56:25,753] {taskinstance.py:1159} INFO - Dependencies all met for <TaskInstance: get_stocks_dag.AAPL scheduled__2024-01-03T00:00:00+00:00 [queued]>
[2024-04-02 12:56:25,753] {taskinstance.py:1356} INFO - 
--------------------------------------------------------------------------------
[2024-04-02 12:56:25,753] {taskinstance.py:1357} INFO - Starting attempt 1 of 1
[2024-04-02 12:56:25,754] {taskinstance.py:1358} INFO - 
--------------------------------------------------------------------------------
[2024-04-02 12:56:25,792] {taskinstance.py:1377} INFO - Executing <Task(_PythonDecoratedOperator): AAPL> on 2024-01-03 00:00:00+00:00
[2024-04-02 12:56:25,797] {standard_task_runner.py:52} INFO - Started process 7863 to run task
[2024-04-02 12:56:25,820] {standard_task_runner.py:79} INFO - Running: ['airflow', 'tasks', 'run', 'get_stocks_dag', 'AAPL', 'scheduled__2024-01-03T00:00:00+00:00', '--job-id', '11', '--raw', '--subdir', 'DAGS_FOLDER/get_stocks.py', '--cfg-path', '/tmp/tmp3720wcxl', '--error-file', '/tmp/tmpnow1s69z']
[2024-04-02 12:56:25,822] {standard_task_runner.py:80} INFO - Job 11: Subtask AAPL
[2024-04-02 12:56:25,908] {task_command.py:370} INFO - Running <TaskInstance: get_stocks_dag.AAPL scheduled__2024-01-03T00:00:00+00:00 [running]> on host alexmend-virtual-machine
[2024-04-02 12:56:26,004] {taskinstance.py:1569} INFO - Exporting the following env vars:
AIRFLOW_CTX_DAG_OWNER=airflow
AIRFLOW_CTX_DAG_ID=get_stocks_dag
AIRFLOW_CTX_TASK_ID=AAPL
AIRFLOW_CTX_EXECUTION_DATE=2024-01-03T00:00:00+00:00
AIRFLOW_CTX_TRY_NUMBER=1
AIRFLOW_CTX_DAG_RUN_ID=scheduled__2024-01-03T00:00:00+00:00
[2024-04-02 12:56:26,717] {python.py:173} INFO - Done. Returned value was: None
[2024-04-02 12:56:26,732] {taskinstance.py:1395} INFO - Marking task as SUCCESS. dag_id=get_stocks_dag, task_id=AAPL, execution_date=20240103T000000, start_date=20240402T155625, end_date=20240402T155626
[2024-04-02 12:56:26,780] {local_task_job.py:156} INFO - Task exited with return code 0
[2024-04-02 12:56:26,820] {local_task_job.py:273} INFO - 0 downstream tasks scheduled from follow-on schedule check
[2024-04-02 17:41:37,109] {taskinstance.py:1159} INFO - Dependencies all met for <TaskInstance: get_stocks_dag.AAPL scheduled__2024-01-03T00:00:00+00:00 [queued]>
[2024-04-02 17:41:37,133] {taskinstance.py:1159} INFO - Dependencies all met for <TaskInstance: get_stocks_dag.AAPL scheduled__2024-01-03T00:00:00+00:00 [queued]>
[2024-04-02 17:41:37,133] {taskinstance.py:1356} INFO - 
--------------------------------------------------------------------------------
[2024-04-02 17:41:37,133] {taskinstance.py:1357} INFO - Starting attempt 1 of 1
[2024-04-02 17:41:37,133] {taskinstance.py:1358} INFO - 
--------------------------------------------------------------------------------
[2024-04-02 17:41:37,157] {taskinstance.py:1377} INFO - Executing <Task(_PythonDecoratedOperator): AAPL> on 2024-01-03 00:00:00+00:00
[2024-04-02 17:41:37,170] {standard_task_runner.py:52} INFO - Started process 17909 to run task
[2024-04-02 17:41:37,184] {standard_task_runner.py:79} INFO - Running: ['airflow', 'tasks', 'run', 'get_stocks_dag', 'AAPL', 'scheduled__2024-01-03T00:00:00+00:00', '--job-id', '256', '--raw', '--subdir', 'DAGS_FOLDER/get_stocks.py', '--cfg-path', '/tmp/tmpihm5i825', '--error-file', '/tmp/tmp6tzfu2fk']
[2024-04-02 17:41:37,186] {standard_task_runner.py:80} INFO - Job 256: Subtask AAPL
[2024-04-02 17:41:37,323] {task_command.py:370} INFO - Running <TaskInstance: get_stocks_dag.AAPL scheduled__2024-01-03T00:00:00+00:00 [running]> on host alexmend-virtual-machine
[2024-04-02 17:41:37,489] {taskinstance.py:1569} INFO - Exporting the following env vars:
AIRFLOW_CTX_DAG_OWNER=airflow
AIRFLOW_CTX_DAG_ID=get_stocks_dag
AIRFLOW_CTX_TASK_ID=AAPL
AIRFLOW_CTX_EXECUTION_DATE=2024-01-03T00:00:00+00:00
AIRFLOW_CTX_TRY_NUMBER=1
AIRFLOW_CTX_DAG_RUN_ID=scheduled__2024-01-03T00:00:00+00:00
[2024-04-02 17:41:38,328] {python.py:173} INFO - Done. Returned value was: None
[2024-04-02 17:41:38,375] {taskinstance.py:1395} INFO - Marking task as SUCCESS. dag_id=get_stocks_dag, task_id=AAPL, execution_date=20240103T000000, start_date=20240402T204137, end_date=20240402T204138
[2024-04-02 17:41:38,440] {local_task_job.py:156} INFO - Task exited with return code 0
[2024-04-02 17:41:38,520] {local_task_job.py:273} INFO - 0 downstream tasks scheduled from follow-on schedule check
