[2024-04-02 13:09:16,226] {taskinstance.py:1159} INFO - Dependencies all met for <TaskInstance: get_stocks_dag.TSLA scheduled__2024-03-02T00:00:00+00:00 [queued]>
[2024-04-02 13:09:16,240] {taskinstance.py:1159} INFO - Dependencies all met for <TaskInstance: get_stocks_dag.TSLA scheduled__2024-03-02T00:00:00+00:00 [queued]>
[2024-04-02 13:09:16,240] {taskinstance.py:1356} INFO - 
--------------------------------------------------------------------------------
[2024-04-02 13:09:16,240] {taskinstance.py:1357} INFO - Starting attempt 1 of 1
[2024-04-02 13:09:16,240] {taskinstance.py:1358} INFO - 
--------------------------------------------------------------------------------
[2024-04-02 13:09:16,256] {taskinstance.py:1377} INFO - Executing <Task(_PythonDecoratedOperator): TSLA> on 2024-03-02 00:00:00+00:00
[2024-04-02 13:09:16,261] {standard_task_runner.py:52} INFO - Started process 12132 to run task
[2024-04-02 13:09:16,265] {standard_task_runner.py:79} INFO - Running: ['airflow', 'tasks', 'run', 'get_stocks_dag', 'TSLA', 'scheduled__2024-03-02T00:00:00+00:00', '--job-id', '186', '--raw', '--subdir', 'DAGS_FOLDER/get_stocks.py', '--cfg-path', '/tmp/tmpovrt0twj', '--error-file', '/tmp/tmpvt22w6iy']
[2024-04-02 13:09:16,266] {standard_task_runner.py:80} INFO - Job 186: Subtask TSLA
[2024-04-02 13:09:16,335] {task_command.py:370} INFO - Running <TaskInstance: get_stocks_dag.TSLA scheduled__2024-03-02T00:00:00+00:00 [running]> on host alexmend-virtual-machine
[2024-04-02 13:09:16,416] {taskinstance.py:1569} INFO - Exporting the following env vars:
AIRFLOW_CTX_DAG_OWNER=airflow
AIRFLOW_CTX_DAG_ID=get_stocks_dag
AIRFLOW_CTX_TASK_ID=TSLA
AIRFLOW_CTX_EXECUTION_DATE=2024-03-02T00:00:00+00:00
AIRFLOW_CTX_TRY_NUMBER=1
AIRFLOW_CTX_DAG_RUN_ID=scheduled__2024-03-02T00:00:00+00:00
[2024-04-02 13:09:17,134] {python.py:173} INFO - Done. Returned value was: None
[2024-04-02 13:09:17,154] {taskinstance.py:1395} INFO - Marking task as SUCCESS. dag_id=get_stocks_dag, task_id=TSLA, execution_date=20240302T000000, start_date=20240402T160916, end_date=20240402T160917
[2024-04-02 13:09:17,207] {local_task_job.py:156} INFO - Task exited with return code 0
[2024-04-02 13:09:17,234] {local_task_job.py:273} INFO - 0 downstream tasks scheduled from follow-on schedule check
[2024-04-02 17:19:14,126] {taskinstance.py:1159} INFO - Dependencies all met for <TaskInstance: get_stocks_dag.TSLA scheduled__2024-03-02T00:00:00+00:00 [queued]>
[2024-04-02 17:19:14,419] {taskinstance.py:1159} INFO - Dependencies all met for <TaskInstance: get_stocks_dag.TSLA scheduled__2024-03-02T00:00:00+00:00 [queued]>
[2024-04-02 17:19:14,419] {taskinstance.py:1356} INFO - 
--------------------------------------------------------------------------------
[2024-04-02 17:19:14,419] {taskinstance.py:1357} INFO - Starting attempt 1 of 1
[2024-04-02 17:19:14,419] {taskinstance.py:1358} INFO - 
--------------------------------------------------------------------------------
[2024-04-02 17:19:14,793] {taskinstance.py:1377} INFO - Executing <Task(_PythonDecoratedOperator): TSLA> on 2024-03-02 00:00:00+00:00
[2024-04-02 17:19:14,845] {standard_task_runner.py:52} INFO - Started process 7801 to run task
[2024-04-02 17:19:15,007] {standard_task_runner.py:79} INFO - Running: ['airflow', 'tasks', 'run', 'get_stocks_dag', 'TSLA', 'scheduled__2024-03-02T00:00:00+00:00', '--job-id', '168', '--raw', '--subdir', 'DAGS_FOLDER/get_stocks.py', '--cfg-path', '/tmp/tmp9rfpvi5s', '--error-file', '/tmp/tmpa16mmrk8']
[2024-04-02 17:19:15,009] {standard_task_runner.py:80} INFO - Job 168: Subtask TSLA
[2024-04-02 17:19:17,113] {task_command.py:370} INFO - Running <TaskInstance: get_stocks_dag.TSLA scheduled__2024-03-02T00:00:00+00:00 [running]> on host alexmend-virtual-machine
[2024-04-02 17:19:17,885] {taskinstance.py:1569} INFO - Exporting the following env vars:
AIRFLOW_CTX_DAG_OWNER=airflow
AIRFLOW_CTX_DAG_ID=get_stocks_dag
AIRFLOW_CTX_TASK_ID=TSLA
AIRFLOW_CTX_EXECUTION_DATE=2024-03-02T00:00:00+00:00
AIRFLOW_CTX_TRY_NUMBER=1
AIRFLOW_CTX_DAG_RUN_ID=scheduled__2024-03-02T00:00:00+00:00
[2024-04-02 17:19:20,449] {python.py:173} INFO - Done. Returned value was: None
[2024-04-02 17:19:20,648] {taskinstance.py:1395} INFO - Marking task as SUCCESS. dag_id=get_stocks_dag, task_id=TSLA, execution_date=20240302T000000, start_date=20240402T201914, end_date=20240402T201920
[2024-04-02 17:19:20,784] {local_task_job.py:156} INFO - Task exited with return code 0
[2024-04-02 17:19:20,948] {local_task_job.py:273} INFO - 0 downstream tasks scheduled from follow-on schedule check
[2024-04-02 17:46:00,297] {taskinstance.py:1159} INFO - Dependencies all met for <TaskInstance: get_stocks_dag.TSLA scheduled__2024-03-02T00:00:00+00:00 [queued]>
[2024-04-02 17:46:00,315] {taskinstance.py:1159} INFO - Dependencies all met for <TaskInstance: get_stocks_dag.TSLA scheduled__2024-03-02T00:00:00+00:00 [queued]>
[2024-04-02 17:46:00,315] {taskinstance.py:1356} INFO - 
--------------------------------------------------------------------------------
[2024-04-02 17:46:00,315] {taskinstance.py:1357} INFO - Starting attempt 1 of 1
[2024-04-02 17:46:00,316] {taskinstance.py:1358} INFO - 
--------------------------------------------------------------------------------
[2024-04-02 17:46:00,340] {taskinstance.py:1377} INFO - Executing <Task(_PythonDecoratedOperator): TSLA> on 2024-03-02 00:00:00+00:00
[2024-04-02 17:46:00,347] {standard_task_runner.py:52} INFO - Started process 22992 to run task
[2024-04-02 17:46:00,354] {standard_task_runner.py:79} INFO - Running: ['airflow', 'tasks', 'run', 'get_stocks_dag', 'TSLA', 'scheduled__2024-03-02T00:00:00+00:00', '--job-id', '430', '--raw', '--subdir', 'DAGS_FOLDER/get_stocks.py', '--cfg-path', '/tmp/tmplolsfdpq', '--error-file', '/tmp/tmpf6xo5jyr']
[2024-04-02 17:46:00,356] {standard_task_runner.py:80} INFO - Job 430: Subtask TSLA
[2024-04-02 17:46:00,486] {task_command.py:370} INFO - Running <TaskInstance: get_stocks_dag.TSLA scheduled__2024-03-02T00:00:00+00:00 [running]> on host alexmend-virtual-machine
[2024-04-02 17:46:00,609] {taskinstance.py:1569} INFO - Exporting the following env vars:
AIRFLOW_CTX_DAG_OWNER=airflow
AIRFLOW_CTX_DAG_ID=get_stocks_dag
AIRFLOW_CTX_TASK_ID=TSLA
AIRFLOW_CTX_EXECUTION_DATE=2024-03-02T00:00:00+00:00
AIRFLOW_CTX_TRY_NUMBER=1
AIRFLOW_CTX_DAG_RUN_ID=scheduled__2024-03-02T00:00:00+00:00
[2024-04-02 17:46:01,303] {python.py:173} INFO - Done. Returned value was: None
[2024-04-02 17:46:01,337] {taskinstance.py:1395} INFO - Marking task as SUCCESS. dag_id=get_stocks_dag, task_id=TSLA, execution_date=20240302T000000, start_date=20240402T204600, end_date=20240402T204601
[2024-04-02 17:46:01,375] {local_task_job.py:156} INFO - Task exited with return code 0
[2024-04-02 17:46:01,435] {local_task_job.py:273} INFO - 0 downstream tasks scheduled from follow-on schedule check
[2024-04-02 19:14:44,815] {taskinstance.py:1159} INFO - Dependencies all met for <TaskInstance: get_stocks_dag.TSLA scheduled__2024-03-02T00:00:00+00:00 [queued]>
[2024-04-02 19:14:44,857] {taskinstance.py:1159} INFO - Dependencies all met for <TaskInstance: get_stocks_dag.TSLA scheduled__2024-03-02T00:00:00+00:00 [queued]>
[2024-04-02 19:14:44,857] {taskinstance.py:1356} INFO - 
--------------------------------------------------------------------------------
[2024-04-02 19:14:44,858] {taskinstance.py:1357} INFO - Starting attempt 1 of 1
[2024-04-02 19:14:44,858] {taskinstance.py:1358} INFO - 
--------------------------------------------------------------------------------
[2024-04-02 19:14:44,888] {taskinstance.py:1377} INFO - Executing <Task(_PythonDecoratedOperator): TSLA> on 2024-03-02 00:00:00+00:00
[2024-04-02 19:14:44,898] {standard_task_runner.py:52} INFO - Started process 13933 to run task
[2024-04-02 19:14:44,913] {standard_task_runner.py:79} INFO - Running: ['airflow', 'tasks', 'run', 'get_stocks_dag', 'TSLA', 'scheduled__2024-03-02T00:00:00+00:00', '--job-id', '532', '--raw', '--subdir', 'DAGS_FOLDER/get_stocks.py', '--cfg-path', '/tmp/tmp4drt9y76', '--error-file', '/tmp/tmps3pqtpmq']
[2024-04-02 19:14:44,915] {standard_task_runner.py:80} INFO - Job 532: Subtask TSLA
[2024-04-02 19:14:45,055] {task_command.py:370} INFO - Running <TaskInstance: get_stocks_dag.TSLA scheduled__2024-03-02T00:00:00+00:00 [running]> on host alexmend-virtual-machine
[2024-04-02 19:14:45,232] {taskinstance.py:1569} INFO - Exporting the following env vars:
AIRFLOW_CTX_DAG_OWNER=airflow
AIRFLOW_CTX_DAG_ID=get_stocks_dag
AIRFLOW_CTX_TASK_ID=TSLA
AIRFLOW_CTX_EXECUTION_DATE=2024-03-02T00:00:00+00:00
AIRFLOW_CTX_TRY_NUMBER=1
AIRFLOW_CTX_DAG_RUN_ID=scheduled__2024-03-02T00:00:00+00:00
[2024-04-02 19:14:45,920] {python.py:173} INFO - Done. Returned value was: None
[2024-04-02 19:14:45,949] {taskinstance.py:1395} INFO - Marking task as SUCCESS. dag_id=get_stocks_dag, task_id=TSLA, execution_date=20240302T000000, start_date=20240402T221444, end_date=20240402T221445
[2024-04-02 19:14:46,004] {local_task_job.py:156} INFO - Task exited with return code 0
[2024-04-02 19:14:46,073] {local_task_job.py:273} INFO - 0 downstream tasks scheduled from follow-on schedule check
[2024-04-02 20:38:28,528] {taskinstance.py:1159} INFO - Dependencies all met for <TaskInstance: get_stocks_dag.TSLA scheduled__2024-03-02T00:00:00+00:00 [queued]>
[2024-04-02 20:38:28,559] {taskinstance.py:1159} INFO - Dependencies all met for <TaskInstance: get_stocks_dag.TSLA scheduled__2024-03-02T00:00:00+00:00 [queued]>
[2024-04-02 20:38:28,560] {taskinstance.py:1356} INFO - 
--------------------------------------------------------------------------------
[2024-04-02 20:38:28,560] {taskinstance.py:1357} INFO - Starting attempt 1 of 1
[2024-04-02 20:38:28,560] {taskinstance.py:1358} INFO - 
--------------------------------------------------------------------------------
[2024-04-02 20:38:28,611] {taskinstance.py:1377} INFO - Executing <Task(_PythonDecoratedOperator): TSLA> on 2024-03-02 00:00:00+00:00
[2024-04-02 20:38:28,621] {standard_task_runner.py:52} INFO - Started process 25278 to run task
[2024-04-02 20:38:28,636] {standard_task_runner.py:79} INFO - Running: ['airflow', 'tasks', 'run', 'get_stocks_dag', 'TSLA', 'scheduled__2024-03-02T00:00:00+00:00', '--job-id', '633', '--raw', '--subdir', 'DAGS_FOLDER/get_stocks.py', '--cfg-path', '/tmp/tmptmdpvcdb', '--error-file', '/tmp/tmpp4r9s_0b']
[2024-04-02 20:38:28,638] {standard_task_runner.py:80} INFO - Job 633: Subtask TSLA
[2024-04-02 20:38:28,943] {task_command.py:370} INFO - Running <TaskInstance: get_stocks_dag.TSLA scheduled__2024-03-02T00:00:00+00:00 [running]> on host alexmend-virtual-machine
[2024-04-02 20:38:29,170] {taskinstance.py:1569} INFO - Exporting the following env vars:
AIRFLOW_CTX_DAG_OWNER=airflow
AIRFLOW_CTX_DAG_ID=get_stocks_dag
AIRFLOW_CTX_TASK_ID=TSLA
AIRFLOW_CTX_EXECUTION_DATE=2024-03-02T00:00:00+00:00
AIRFLOW_CTX_TRY_NUMBER=1
AIRFLOW_CTX_DAG_RUN_ID=scheduled__2024-03-02T00:00:00+00:00
[2024-04-02 20:38:29,935] {python.py:173} INFO - Done. Returned value was: None
[2024-04-02 20:38:29,968] {taskinstance.py:1395} INFO - Marking task as SUCCESS. dag_id=get_stocks_dag, task_id=TSLA, execution_date=20240302T000000, start_date=20240402T233828, end_date=20240402T233829
[2024-04-02 20:38:30,040] {local_task_job.py:156} INFO - Task exited with return code 0
[2024-04-02 20:38:30,120] {local_task_job.py:273} INFO - 0 downstream tasks scheduled from follow-on schedule check
[2024-04-02 21:45:32,386] {taskinstance.py:1159} INFO - Dependencies all met for <TaskInstance: get_stocks_dag.TSLA scheduled__2024-03-02T00:00:00+00:00 [queued]>
[2024-04-02 21:45:32,412] {taskinstance.py:1159} INFO - Dependencies all met for <TaskInstance: get_stocks_dag.TSLA scheduled__2024-03-02T00:00:00+00:00 [queued]>
[2024-04-02 21:45:32,413] {taskinstance.py:1356} INFO - 
--------------------------------------------------------------------------------
[2024-04-02 21:45:32,414] {taskinstance.py:1357} INFO - Starting attempt 1 of 1
[2024-04-02 21:45:32,414] {taskinstance.py:1358} INFO - 
--------------------------------------------------------------------------------
[2024-04-02 21:45:32,543] {taskinstance.py:1377} INFO - Executing <Task(_PythonDecoratedOperator): TSLA> on 2024-03-02 00:00:00+00:00
[2024-04-02 21:45:32,556] {standard_task_runner.py:52} INFO - Started process 47468 to run task
[2024-04-02 21:45:32,569] {standard_task_runner.py:79} INFO - Running: ['airflow', 'tasks', 'run', 'get_stocks_dag', 'TSLA', 'scheduled__2024-03-02T00:00:00+00:00', '--job-id', '746', '--raw', '--subdir', 'DAGS_FOLDER/get_stocks.py', '--cfg-path', '/tmp/tmp0rmeha_c', '--error-file', '/tmp/tmp3_4_hueb']
[2024-04-02 21:45:32,572] {standard_task_runner.py:80} INFO - Job 746: Subtask TSLA
[2024-04-02 21:45:32,906] {task_command.py:370} INFO - Running <TaskInstance: get_stocks_dag.TSLA scheduled__2024-03-02T00:00:00+00:00 [running]> on host alexmend-virtual-machine
[2024-04-02 21:45:33,274] {taskinstance.py:1569} INFO - Exporting the following env vars:
AIRFLOW_CTX_DAG_OWNER=airflow
AIRFLOW_CTX_DAG_ID=get_stocks_dag
AIRFLOW_CTX_TASK_ID=TSLA
AIRFLOW_CTX_EXECUTION_DATE=2024-03-02T00:00:00+00:00
AIRFLOW_CTX_TRY_NUMBER=1
AIRFLOW_CTX_DAG_RUN_ID=scheduled__2024-03-02T00:00:00+00:00
[2024-04-02 21:45:44,102] {python.py:173} INFO - Done. Returned value was: None
[2024-04-02 21:45:44,175] {taskinstance.py:1395} INFO - Marking task as SUCCESS. dag_id=get_stocks_dag, task_id=TSLA, execution_date=20240302T000000, start_date=20240403T004532, end_date=20240403T004544
[2024-04-02 21:45:44,285] {local_task_job.py:156} INFO - Task exited with return code 0
[2024-04-02 21:45:44,399] {local_task_job.py:273} INFO - 0 downstream tasks scheduled from follow-on schedule check
[2024-04-02 22:52:14,315] {taskinstance.py:1159} INFO - Dependencies all met for <TaskInstance: get_stocks_dag.TSLA scheduled__2024-03-02T00:00:00+00:00 [queued]>
[2024-04-02 22:52:14,344] {taskinstance.py:1159} INFO - Dependencies all met for <TaskInstance: get_stocks_dag.TSLA scheduled__2024-03-02T00:00:00+00:00 [queued]>
[2024-04-02 22:52:14,344] {taskinstance.py:1356} INFO - 
--------------------------------------------------------------------------------
[2024-04-02 22:52:14,345] {taskinstance.py:1357} INFO - Starting attempt 1 of 1
[2024-04-02 22:52:14,345] {taskinstance.py:1358} INFO - 
--------------------------------------------------------------------------------
[2024-04-02 22:52:14,384] {taskinstance.py:1377} INFO - Executing <Task(_PythonDecoratedOperator): TSLA> on 2024-03-02 00:00:00+00:00
[2024-04-02 22:52:14,402] {standard_task_runner.py:52} INFO - Started process 71996 to run task
[2024-04-02 22:52:14,428] {standard_task_runner.py:79} INFO - Running: ['airflow', 'tasks', 'run', 'get_stocks_dag', 'TSLA', 'scheduled__2024-03-02T00:00:00+00:00', '--job-id', '1011', '--raw', '--subdir', 'DAGS_FOLDER/get_stocks.py', '--cfg-path', '/tmp/tmpebnxd73h', '--error-file', '/tmp/tmp8_kh0deb']
[2024-04-02 22:52:14,434] {standard_task_runner.py:80} INFO - Job 1011: Subtask TSLA
[2024-04-02 22:52:14,649] {task_command.py:370} INFO - Running <TaskInstance: get_stocks_dag.TSLA scheduled__2024-03-02T00:00:00+00:00 [running]> on host alexmend-virtual-machine
[2024-04-02 22:52:14,980] {taskinstance.py:1569} INFO - Exporting the following env vars:
AIRFLOW_CTX_DAG_OWNER=airflow
AIRFLOW_CTX_DAG_ID=get_stocks_dag
AIRFLOW_CTX_TASK_ID=TSLA
AIRFLOW_CTX_EXECUTION_DATE=2024-03-02T00:00:00+00:00
AIRFLOW_CTX_TRY_NUMBER=1
AIRFLOW_CTX_DAG_RUN_ID=scheduled__2024-03-02T00:00:00+00:00
[2024-04-02 22:52:25,822] {python.py:173} INFO - Done. Returned value was: None
[2024-04-02 22:52:25,963] {taskinstance.py:1395} INFO - Marking task as SUCCESS. dag_id=get_stocks_dag, task_id=TSLA, execution_date=20240302T000000, start_date=20240403T015214, end_date=20240403T015225
[2024-04-02 22:52:26,043] {local_task_job.py:156} INFO - Task exited with return code 0
[2024-04-02 22:52:26,133] {local_task_job.py:273} INFO - 0 downstream tasks scheduled from follow-on schedule check
