[2024-04-02 12:57:24,233] {taskinstance.py:1159} INFO - Dependencies all met for <TaskInstance: get_stocks_dag.AAPL scheduled__2024-01-06T00:00:00+00:00 [queued]>
[2024-04-02 12:57:24,243] {taskinstance.py:1159} INFO - Dependencies all met for <TaskInstance: get_stocks_dag.AAPL scheduled__2024-01-06T00:00:00+00:00 [queued]>
[2024-04-02 12:57:24,243] {taskinstance.py:1356} INFO - 
--------------------------------------------------------------------------------
[2024-04-02 12:57:24,243] {taskinstance.py:1357} INFO - Starting attempt 1 of 1
[2024-04-02 12:57:24,243] {taskinstance.py:1358} INFO - 
--------------------------------------------------------------------------------
[2024-04-02 12:57:24,273] {taskinstance.py:1377} INFO - Executing <Task(_PythonDecoratedOperator): AAPL> on 2024-01-06 00:00:00+00:00
[2024-04-02 12:57:24,279] {standard_task_runner.py:52} INFO - Started process 8150 to run task
[2024-04-02 12:57:24,286] {standard_task_runner.py:79} INFO - Running: ['airflow', 'tasks', 'run', 'get_stocks_dag', 'AAPL', 'scheduled__2024-01-06T00:00:00+00:00', '--job-id', '23', '--raw', '--subdir', 'DAGS_FOLDER/get_stocks.py', '--cfg-path', '/tmp/tmp1lvqwypt', '--error-file', '/tmp/tmpxoaped02']
[2024-04-02 12:57:24,288] {standard_task_runner.py:80} INFO - Job 23: Subtask AAPL
[2024-04-02 12:57:24,349] {task_command.py:370} INFO - Running <TaskInstance: get_stocks_dag.AAPL scheduled__2024-01-06T00:00:00+00:00 [running]> on host alexmend-virtual-machine
[2024-04-02 12:57:24,415] {taskinstance.py:1569} INFO - Exporting the following env vars:
AIRFLOW_CTX_DAG_OWNER=airflow
AIRFLOW_CTX_DAG_ID=get_stocks_dag
AIRFLOW_CTX_TASK_ID=AAPL
AIRFLOW_CTX_EXECUTION_DATE=2024-01-06T00:00:00+00:00
AIRFLOW_CTX_TRY_NUMBER=1
AIRFLOW_CTX_DAG_RUN_ID=scheduled__2024-01-06T00:00:00+00:00
[2024-04-02 12:57:25,265] {python.py:173} INFO - Done. Returned value was: None
[2024-04-02 12:57:25,280] {taskinstance.py:1395} INFO - Marking task as SUCCESS. dag_id=get_stocks_dag, task_id=AAPL, execution_date=20240106T000000, start_date=20240402T155724, end_date=20240402T155725
[2024-04-02 12:57:25,344] {local_task_job.py:156} INFO - Task exited with return code 0
[2024-04-02 12:57:25,384] {local_task_job.py:273} INFO - 0 downstream tasks scheduled from follow-on schedule check
[2024-04-02 13:47:35,693] {taskinstance.py:1159} INFO - Dependencies all met for <TaskInstance: get_stocks_dag.AAPL scheduled__2024-01-06T00:00:00+00:00 [queued]>
[2024-04-02 13:47:35,893] {taskinstance.py:1159} INFO - Dependencies all met for <TaskInstance: get_stocks_dag.AAPL scheduled__2024-01-06T00:00:00+00:00 [queued]>
[2024-04-02 13:47:35,893] {taskinstance.py:1356} INFO - 
--------------------------------------------------------------------------------
[2024-04-02 13:47:35,894] {taskinstance.py:1357} INFO - Starting attempt 1 of 1
[2024-04-02 13:47:35,894] {taskinstance.py:1358} INFO - 
--------------------------------------------------------------------------------
[2024-04-02 13:47:37,393] {taskinstance.py:1377} INFO - Executing <Task(_PythonDecoratedOperator): AAPL> on 2024-01-06 00:00:00+00:00
[2024-04-02 13:47:37,701] {standard_task_runner.py:52} INFO - Started process 26836 to run task
[2024-04-02 13:47:39,891] {standard_task_runner.py:79} INFO - Running: ['airflow', 'tasks', 'run', 'get_stocks_dag', 'AAPL', 'scheduled__2024-01-06T00:00:00+00:00', '--job-id', '8', '--raw', '--subdir', 'DAGS_FOLDER/get_stocks.py', '--cfg-path', '/tmp/tmp0j29in2_', '--error-file', '/tmp/tmpvlf4px9g']
[2024-04-02 13:47:39,971] {standard_task_runner.py:80} INFO - Job 8: Subtask AAPL
[2024-04-02 13:47:45,228] {task_command.py:370} INFO - Running <TaskInstance: get_stocks_dag.AAPL scheduled__2024-01-06T00:00:00+00:00 [running]> on host alexmend-virtual-machine
[2024-04-02 13:47:54,395] {taskinstance.py:1569} INFO - Exporting the following env vars:
AIRFLOW_CTX_DAG_OWNER=airflow
AIRFLOW_CTX_DAG_ID=get_stocks_dag
AIRFLOW_CTX_TASK_ID=AAPL
AIRFLOW_CTX_EXECUTION_DATE=2024-01-06T00:00:00+00:00
AIRFLOW_CTX_TRY_NUMBER=1
AIRFLOW_CTX_DAG_RUN_ID=scheduled__2024-01-06T00:00:00+00:00
[2024-04-02 17:41:59,932] {taskinstance.py:1159} INFO - Dependencies all met for <TaskInstance: get_stocks_dag.AAPL scheduled__2024-01-06T00:00:00+00:00 [queued]>
[2024-04-02 17:41:59,967] {taskinstance.py:1159} INFO - Dependencies all met for <TaskInstance: get_stocks_dag.AAPL scheduled__2024-01-06T00:00:00+00:00 [queued]>
[2024-04-02 17:41:59,967] {taskinstance.py:1356} INFO - 
--------------------------------------------------------------------------------
[2024-04-02 17:41:59,967] {taskinstance.py:1357} INFO - Starting attempt 1 of 1
[2024-04-02 17:41:59,967] {taskinstance.py:1358} INFO - 
--------------------------------------------------------------------------------
[2024-04-02 17:41:59,997] {taskinstance.py:1377} INFO - Executing <Task(_PythonDecoratedOperator): AAPL> on 2024-01-06 00:00:00+00:00
[2024-04-02 17:42:00,008] {standard_task_runner.py:52} INFO - Started process 18218 to run task
[2024-04-02 17:42:00,021] {standard_task_runner.py:79} INFO - Running: ['airflow', 'tasks', 'run', 'get_stocks_dag', 'AAPL', 'scheduled__2024-01-06T00:00:00+00:00', '--job-id', '267', '--raw', '--subdir', 'DAGS_FOLDER/get_stocks.py', '--cfg-path', '/tmp/tmpe__uv_9y', '--error-file', '/tmp/tmpdk86rlme']
[2024-04-02 17:42:00,023] {standard_task_runner.py:80} INFO - Job 267: Subtask AAPL
[2024-04-02 17:42:00,221] {task_command.py:370} INFO - Running <TaskInstance: get_stocks_dag.AAPL scheduled__2024-01-06T00:00:00+00:00 [running]> on host alexmend-virtual-machine
[2024-04-02 17:42:00,533] {taskinstance.py:1569} INFO - Exporting the following env vars:
AIRFLOW_CTX_DAG_OWNER=airflow
AIRFLOW_CTX_DAG_ID=get_stocks_dag
AIRFLOW_CTX_TASK_ID=AAPL
AIRFLOW_CTX_EXECUTION_DATE=2024-01-06T00:00:00+00:00
AIRFLOW_CTX_TRY_NUMBER=1
AIRFLOW_CTX_DAG_RUN_ID=scheduled__2024-01-06T00:00:00+00:00
[2024-04-02 17:42:01,327] {python.py:173} INFO - Done. Returned value was: None
[2024-04-02 17:42:01,361] {taskinstance.py:1395} INFO - Marking task as SUCCESS. dag_id=get_stocks_dag, task_id=AAPL, execution_date=20240106T000000, start_date=20240402T204159, end_date=20240402T204201
[2024-04-02 17:42:01,420] {local_task_job.py:156} INFO - Task exited with return code 0
[2024-04-02 17:42:01,492] {local_task_job.py:273} INFO - 0 downstream tasks scheduled from follow-on schedule check
