[2024-04-02 13:04:24,259] {taskinstance.py:1159} INFO - Dependencies all met for <TaskInstance: get_stocks_dag.AAPL scheduled__2024-02-08T00:00:00+00:00 [queued]>
[2024-04-02 13:04:24,266] {taskinstance.py:1159} INFO - Dependencies all met for <TaskInstance: get_stocks_dag.AAPL scheduled__2024-02-08T00:00:00+00:00 [queued]>
[2024-04-02 13:04:24,266] {taskinstance.py:1356} INFO - 
--------------------------------------------------------------------------------
[2024-04-02 13:04:24,266] {taskinstance.py:1357} INFO - Starting attempt 1 of 1
[2024-04-02 13:04:24,266] {taskinstance.py:1358} INFO - 
--------------------------------------------------------------------------------
[2024-04-02 13:04:24,278] {taskinstance.py:1377} INFO - Executing <Task(_PythonDecoratedOperator): AAPL> on 2024-02-08 00:00:00+00:00
[2024-04-02 13:04:24,283] {standard_task_runner.py:52} INFO - Started process 10368 to run task
[2024-04-02 13:04:24,288] {standard_task_runner.py:79} INFO - Running: ['airflow', 'tasks', 'run', 'get_stocks_dag', 'AAPL', 'scheduled__2024-02-08T00:00:00+00:00', '--job-id', '115', '--raw', '--subdir', 'DAGS_FOLDER/get_stocks.py', '--cfg-path', '/tmp/tmp5y7fw4y1', '--error-file', '/tmp/tmpw3yawotj']
[2024-04-02 13:04:24,289] {standard_task_runner.py:80} INFO - Job 115: Subtask AAPL
[2024-04-02 13:04:24,340] {task_command.py:370} INFO - Running <TaskInstance: get_stocks_dag.AAPL scheduled__2024-02-08T00:00:00+00:00 [running]> on host alexmend-virtual-machine
[2024-04-02 13:04:24,411] {taskinstance.py:1569} INFO - Exporting the following env vars:
AIRFLOW_CTX_DAG_OWNER=airflow
AIRFLOW_CTX_DAG_ID=get_stocks_dag
AIRFLOW_CTX_TASK_ID=AAPL
AIRFLOW_CTX_EXECUTION_DATE=2024-02-08T00:00:00+00:00
AIRFLOW_CTX_TRY_NUMBER=1
AIRFLOW_CTX_DAG_RUN_ID=scheduled__2024-02-08T00:00:00+00:00
[2024-04-02 13:04:25,303] {python.py:173} INFO - Done. Returned value was: None
[2024-04-02 13:04:25,319] {taskinstance.py:1395} INFO - Marking task as SUCCESS. dag_id=get_stocks_dag, task_id=AAPL, execution_date=20240208T000000, start_date=20240402T160424, end_date=20240402T160425
[2024-04-02 13:04:25,357] {local_task_job.py:156} INFO - Task exited with return code 0
[2024-04-02 13:04:25,400] {local_task_job.py:273} INFO - 0 downstream tasks scheduled from follow-on schedule check
[2024-04-02 17:18:25,805] {taskinstance.py:1159} INFO - Dependencies all met for <TaskInstance: get_stocks_dag.AAPL scheduled__2024-02-08T00:00:00+00:00 [queued]>
[2024-04-02 17:18:25,856] {taskinstance.py:1159} INFO - Dependencies all met for <TaskInstance: get_stocks_dag.AAPL scheduled__2024-02-08T00:00:00+00:00 [queued]>
[2024-04-02 17:18:25,857] {taskinstance.py:1356} INFO - 
--------------------------------------------------------------------------------
[2024-04-02 17:18:25,857] {taskinstance.py:1357} INFO - Starting attempt 1 of 1
[2024-04-02 17:18:25,857] {taskinstance.py:1358} INFO - 
--------------------------------------------------------------------------------
[2024-04-02 17:18:26,100] {taskinstance.py:1377} INFO - Executing <Task(_PythonDecoratedOperator): AAPL> on 2024-02-08 00:00:00+00:00
[2024-04-02 17:18:26,186] {standard_task_runner.py:52} INFO - Started process 6377 to run task
[2024-04-02 17:18:26,261] {standard_task_runner.py:79} INFO - Running: ['airflow', 'tasks', 'run', 'get_stocks_dag', 'AAPL', 'scheduled__2024-02-08T00:00:00+00:00', '--job-id', '101', '--raw', '--subdir', 'DAGS_FOLDER/get_stocks.py', '--cfg-path', '/tmp/tmplg_135la', '--error-file', '/tmp/tmp2ui2n4td']
[2024-04-02 17:18:26,264] {standard_task_runner.py:80} INFO - Job 101: Subtask AAPL
[2024-04-02 17:18:26,755] {task_command.py:370} INFO - Running <TaskInstance: get_stocks_dag.AAPL scheduled__2024-02-08T00:00:00+00:00 [running]> on host alexmend-virtual-machine
[2024-04-02 17:18:27,629] {taskinstance.py:1569} INFO - Exporting the following env vars:
AIRFLOW_CTX_DAG_OWNER=airflow
AIRFLOW_CTX_DAG_ID=get_stocks_dag
AIRFLOW_CTX_TASK_ID=AAPL
AIRFLOW_CTX_EXECUTION_DATE=2024-02-08T00:00:00+00:00
AIRFLOW_CTX_TRY_NUMBER=1
AIRFLOW_CTX_DAG_RUN_ID=scheduled__2024-02-08T00:00:00+00:00
[2024-04-02 17:18:29,322] {python.py:173} INFO - Done. Returned value was: None
[2024-04-02 17:18:29,464] {taskinstance.py:1395} INFO - Marking task as SUCCESS. dag_id=get_stocks_dag, task_id=AAPL, execution_date=20240208T000000, start_date=20240402T201825, end_date=20240402T201829
[2024-04-02 17:18:29,559] {local_task_job.py:156} INFO - Task exited with return code 0
[2024-04-02 17:18:30,017] {local_task_job.py:273} INFO - 0 downstream tasks scheduled from follow-on schedule check
[2024-04-02 17:44:26,412] {taskinstance.py:1159} INFO - Dependencies all met for <TaskInstance: get_stocks_dag.AAPL scheduled__2024-02-08T00:00:00+00:00 [queued]>
[2024-04-02 17:44:26,470] {taskinstance.py:1159} INFO - Dependencies all met for <TaskInstance: get_stocks_dag.AAPL scheduled__2024-02-08T00:00:00+00:00 [queued]>
[2024-04-02 17:44:26,471] {taskinstance.py:1356} INFO - 
--------------------------------------------------------------------------------
[2024-04-02 17:44:26,471] {taskinstance.py:1357} INFO - Starting attempt 1 of 1
[2024-04-02 17:44:26,471] {taskinstance.py:1358} INFO - 
--------------------------------------------------------------------------------
[2024-04-02 17:44:26,507] {taskinstance.py:1377} INFO - Executing <Task(_PythonDecoratedOperator): AAPL> on 2024-02-08 00:00:00+00:00
[2024-04-02 17:44:26,515] {standard_task_runner.py:52} INFO - Started process 20969 to run task
[2024-04-02 17:44:26,527] {standard_task_runner.py:79} INFO - Running: ['airflow', 'tasks', 'run', 'get_stocks_dag', 'AAPL', 'scheduled__2024-02-08T00:00:00+00:00', '--job-id', '360', '--raw', '--subdir', 'DAGS_FOLDER/get_stocks.py', '--cfg-path', '/tmp/tmp8f_2nr3o', '--error-file', '/tmp/tmp6bm2z09m']
[2024-04-02 17:44:26,529] {standard_task_runner.py:80} INFO - Job 360: Subtask AAPL
[2024-04-02 17:44:26,700] {task_command.py:370} INFO - Running <TaskInstance: get_stocks_dag.AAPL scheduled__2024-02-08T00:00:00+00:00 [running]> on host alexmend-virtual-machine
[2024-04-02 17:44:26,900] {taskinstance.py:1569} INFO - Exporting the following env vars:
AIRFLOW_CTX_DAG_OWNER=airflow
AIRFLOW_CTX_DAG_ID=get_stocks_dag
AIRFLOW_CTX_TASK_ID=AAPL
AIRFLOW_CTX_EXECUTION_DATE=2024-02-08T00:00:00+00:00
AIRFLOW_CTX_TRY_NUMBER=1
AIRFLOW_CTX_DAG_RUN_ID=scheduled__2024-02-08T00:00:00+00:00
[2024-04-02 17:44:27,675] {python.py:173} INFO - Done. Returned value was: None
[2024-04-02 17:44:27,696] {taskinstance.py:1395} INFO - Marking task as SUCCESS. dag_id=get_stocks_dag, task_id=AAPL, execution_date=20240208T000000, start_date=20240402T204426, end_date=20240402T204427
[2024-04-02 17:44:27,734] {local_task_job.py:156} INFO - Task exited with return code 0
[2024-04-02 17:44:27,790] {local_task_job.py:273} INFO - 0 downstream tasks scheduled from follow-on schedule check
