[2024-04-02 13:01:39,018] {taskinstance.py:1159} INFO - Dependencies all met for <TaskInstance: get_stocks_dag.MSFT scheduled__2024-01-25T00:00:00+00:00 [queued]>
[2024-04-02 13:01:39,028] {taskinstance.py:1159} INFO - Dependencies all met for <TaskInstance: get_stocks_dag.MSFT scheduled__2024-01-25T00:00:00+00:00 [queued]>
[2024-04-02 13:01:39,029] {taskinstance.py:1356} INFO - 
--------------------------------------------------------------------------------
[2024-04-02 13:01:39,029] {taskinstance.py:1357} INFO - Starting attempt 1 of 1
[2024-04-02 13:01:39,029] {taskinstance.py:1358} INFO - 
--------------------------------------------------------------------------------
[2024-04-02 13:01:39,054] {taskinstance.py:1377} INFO - Executing <Task(_PythonDecoratedOperator): MSFT> on 2024-01-25 00:00:00+00:00
[2024-04-02 13:01:39,060] {standard_task_runner.py:52} INFO - Started process 9448 to run task
[2024-04-02 13:01:39,065] {standard_task_runner.py:79} INFO - Running: ['airflow', 'tasks', 'run', 'get_stocks_dag', 'MSFT', 'scheduled__2024-01-25T00:00:00+00:00', '--job-id', '76', '--raw', '--subdir', 'DAGS_FOLDER/get_stocks.py', '--cfg-path', '/tmp/tmpbxxc2cdb', '--error-file', '/tmp/tmpzceg5mec']
[2024-04-02 13:01:39,066] {standard_task_runner.py:80} INFO - Job 76: Subtask MSFT
[2024-04-02 13:01:39,130] {task_command.py:370} INFO - Running <TaskInstance: get_stocks_dag.MSFT scheduled__2024-01-25T00:00:00+00:00 [running]> on host alexmend-virtual-machine
[2024-04-02 13:01:39,217] {taskinstance.py:1569} INFO - Exporting the following env vars:
AIRFLOW_CTX_DAG_OWNER=airflow
AIRFLOW_CTX_DAG_ID=get_stocks_dag
AIRFLOW_CTX_TASK_ID=MSFT
AIRFLOW_CTX_EXECUTION_DATE=2024-01-25T00:00:00+00:00
AIRFLOW_CTX_TRY_NUMBER=1
AIRFLOW_CTX_DAG_RUN_ID=scheduled__2024-01-25T00:00:00+00:00
[2024-04-02 13:01:40,038] {python.py:173} INFO - Done. Returned value was: None
[2024-04-02 13:01:40,055] {taskinstance.py:1395} INFO - Marking task as SUCCESS. dag_id=get_stocks_dag, task_id=MSFT, execution_date=20240125T000000, start_date=20240402T160139, end_date=20240402T160140
[2024-04-02 13:01:40,084] {local_task_job.py:156} INFO - Task exited with return code 0
[2024-04-02 13:01:40,118] {local_task_job.py:273} INFO - 0 downstream tasks scheduled from follow-on schedule check
[2024-04-02 17:17:51,337] {taskinstance.py:1159} INFO - Dependencies all met for <TaskInstance: get_stocks_dag.MSFT scheduled__2024-01-25T00:00:00+00:00 [queued]>
[2024-04-02 17:17:51,474] {taskinstance.py:1159} INFO - Dependencies all met for <TaskInstance: get_stocks_dag.MSFT scheduled__2024-01-25T00:00:00+00:00 [queued]>
[2024-04-02 17:17:51,474] {taskinstance.py:1356} INFO - 
--------------------------------------------------------------------------------
[2024-04-02 17:17:51,474] {taskinstance.py:1357} INFO - Starting attempt 1 of 1
[2024-04-02 17:17:51,474] {taskinstance.py:1358} INFO - 
--------------------------------------------------------------------------------
[2024-04-02 17:17:51,672] {taskinstance.py:1377} INFO - Executing <Task(_PythonDecoratedOperator): MSFT> on 2024-01-25 00:00:00+00:00
[2024-04-02 17:17:51,734] {standard_task_runner.py:52} INFO - Started process 5303 to run task
[2024-04-02 17:17:51,869] {standard_task_runner.py:79} INFO - Running: ['airflow', 'tasks', 'run', 'get_stocks_dag', 'MSFT', 'scheduled__2024-01-25T00:00:00+00:00', '--job-id', '58', '--raw', '--subdir', 'DAGS_FOLDER/get_stocks.py', '--cfg-path', '/tmp/tmpfi6cpz0v', '--error-file', '/tmp/tmp_ugte5rd']
[2024-04-02 17:17:51,910] {standard_task_runner.py:80} INFO - Job 58: Subtask MSFT
[2024-04-02 17:17:52,738] {task_command.py:370} INFO - Running <TaskInstance: get_stocks_dag.MSFT scheduled__2024-01-25T00:00:00+00:00 [running]> on host alexmend-virtual-machine
[2024-04-02 17:17:53,461] {taskinstance.py:1569} INFO - Exporting the following env vars:
AIRFLOW_CTX_DAG_OWNER=airflow
AIRFLOW_CTX_DAG_ID=get_stocks_dag
AIRFLOW_CTX_TASK_ID=MSFT
AIRFLOW_CTX_EXECUTION_DATE=2024-01-25T00:00:00+00:00
AIRFLOW_CTX_TRY_NUMBER=1
AIRFLOW_CTX_DAG_RUN_ID=scheduled__2024-01-25T00:00:00+00:00
[2024-04-02 17:17:54,766] {python.py:173} INFO - Done. Returned value was: None
[2024-04-02 17:17:54,918] {taskinstance.py:1395} INFO - Marking task as SUCCESS. dag_id=get_stocks_dag, task_id=MSFT, execution_date=20240125T000000, start_date=20240402T201751, end_date=20240402T201754
[2024-04-02 17:17:55,043] {local_task_job.py:156} INFO - Task exited with return code 0
[2024-04-02 17:17:55,316] {local_task_job.py:273} INFO - 0 downstream tasks scheduled from follow-on schedule check
[2024-04-02 17:43:24,374] {taskinstance.py:1159} INFO - Dependencies all met for <TaskInstance: get_stocks_dag.MSFT scheduled__2024-01-25T00:00:00+00:00 [queued]>
[2024-04-02 17:43:24,385] {taskinstance.py:1159} INFO - Dependencies all met for <TaskInstance: get_stocks_dag.MSFT scheduled__2024-01-25T00:00:00+00:00 [queued]>
[2024-04-02 17:43:24,385] {taskinstance.py:1356} INFO - 
--------------------------------------------------------------------------------
[2024-04-02 17:43:24,385] {taskinstance.py:1357} INFO - Starting attempt 1 of 1
[2024-04-02 17:43:24,385] {taskinstance.py:1358} INFO - 
--------------------------------------------------------------------------------
[2024-04-02 17:43:24,397] {taskinstance.py:1377} INFO - Executing <Task(_PythonDecoratedOperator): MSFT> on 2024-01-25 00:00:00+00:00
[2024-04-02 17:43:24,402] {standard_task_runner.py:52} INFO - Started process 19782 to run task
[2024-04-02 17:43:24,409] {standard_task_runner.py:79} INFO - Running: ['airflow', 'tasks', 'run', 'get_stocks_dag', 'MSFT', 'scheduled__2024-01-25T00:00:00+00:00', '--job-id', '319', '--raw', '--subdir', 'DAGS_FOLDER/get_stocks.py', '--cfg-path', '/tmp/tmpiuwf1dt0', '--error-file', '/tmp/tmp7yncqrmg']
[2024-04-02 17:43:24,410] {standard_task_runner.py:80} INFO - Job 319: Subtask MSFT
[2024-04-02 17:43:24,520] {task_command.py:370} INFO - Running <TaskInstance: get_stocks_dag.MSFT scheduled__2024-01-25T00:00:00+00:00 [running]> on host alexmend-virtual-machine
[2024-04-02 17:43:24,668] {taskinstance.py:1569} INFO - Exporting the following env vars:
AIRFLOW_CTX_DAG_OWNER=airflow
AIRFLOW_CTX_DAG_ID=get_stocks_dag
AIRFLOW_CTX_TASK_ID=MSFT
AIRFLOW_CTX_EXECUTION_DATE=2024-01-25T00:00:00+00:00
AIRFLOW_CTX_TRY_NUMBER=1
AIRFLOW_CTX_DAG_RUN_ID=scheduled__2024-01-25T00:00:00+00:00
[2024-04-02 17:43:25,606] {python.py:173} INFO - Done. Returned value was: None
[2024-04-02 17:43:25,639] {taskinstance.py:1395} INFO - Marking task as SUCCESS. dag_id=get_stocks_dag, task_id=MSFT, execution_date=20240125T000000, start_date=20240402T204324, end_date=20240402T204325
[2024-04-02 17:43:25,684] {local_task_job.py:156} INFO - Task exited with return code 0
[2024-04-02 17:43:25,764] {local_task_job.py:273} INFO - 0 downstream tasks scheduled from follow-on schedule check
