[2024-04-02 22:04:53,266] {taskinstance.py:1159} INFO - Dependencies all met for <TaskInstance: get_crypto_dag.DOGE scheduled__2024-04-01T00:00:00+00:00 [queued]>
[2024-04-02 22:04:53,286] {taskinstance.py:1159} INFO - Dependencies all met for <TaskInstance: get_crypto_dag.DOGE scheduled__2024-04-01T00:00:00+00:00 [queued]>
[2024-04-02 22:04:53,286] {taskinstance.py:1356} INFO - 
--------------------------------------------------------------------------------
[2024-04-02 22:04:53,286] {taskinstance.py:1357} INFO - Starting attempt 1 of 1
[2024-04-02 22:04:53,286] {taskinstance.py:1358} INFO - 
--------------------------------------------------------------------------------
[2024-04-02 22:04:53,320] {taskinstance.py:1377} INFO - Executing <Task(_PythonDecoratedOperator): DOGE> on 2024-04-01 00:00:00+00:00
[2024-04-02 22:04:53,329] {standard_task_runner.py:52} INFO - Started process 60731 to run task
[2024-04-02 22:04:53,337] {standard_task_runner.py:79} INFO - Running: ['airflow', 'tasks', 'run', 'get_crypto_dag', 'DOGE', 'scheduled__2024-04-01T00:00:00+00:00', '--job-id', '963', '--raw', '--subdir', 'DAGS_FOLDER/get_crypto.py', '--cfg-path', '/tmp/tmp9g4wf7le', '--error-file', '/tmp/tmpzmsby_rp']
[2024-04-02 22:04:53,341] {standard_task_runner.py:80} INFO - Job 963: Subtask DOGE
[2024-04-02 22:04:53,457] {task_command.py:370} INFO - Running <TaskInstance: get_crypto_dag.DOGE scheduled__2024-04-01T00:00:00+00:00 [running]> on host alexmend-virtual-machine
[2024-04-02 22:04:53,567] {taskinstance.py:1569} INFO - Exporting the following env vars:
AIRFLOW_CTX_DAG_OWNER=airflow
AIRFLOW_CTX_DAG_ID=get_crypto_dag
AIRFLOW_CTX_TASK_ID=DOGE
AIRFLOW_CTX_EXECUTION_DATE=2024-04-01T00:00:00+00:00
AIRFLOW_CTX_TRY_NUMBER=1
AIRFLOW_CTX_DAG_RUN_ID=scheduled__2024-04-01T00:00:00+00:00
[2024-04-02 22:04:57,094] {history.py:90} ERROR - DOGE: No timezone found, symbol may be delisted
[2024-04-02 22:05:07,105] {python.py:173} INFO - Done. Returned value was: None
[2024-04-02 22:05:07,146] {taskinstance.py:1395} INFO - Marking task as SUCCESS. dag_id=get_crypto_dag, task_id=DOGE, execution_date=20240401T000000, start_date=20240403T010453, end_date=20240403T010507
[2024-04-02 22:05:07,209] {local_task_job.py:156} INFO - Task exited with return code 0
[2024-04-02 22:05:07,254] {local_task_job.py:273} INFO - 0 downstream tasks scheduled from follow-on schedule check
[2024-04-02 23:20:52,406] {taskinstance.py:1159} INFO - Dependencies all met for <TaskInstance: get_crypto_dag.DOGE scheduled__2024-04-01T00:00:00+00:00 [queued]>
[2024-04-02 23:20:52,441] {taskinstance.py:1159} INFO - Dependencies all met for <TaskInstance: get_crypto_dag.DOGE scheduled__2024-04-01T00:00:00+00:00 [queued]>
[2024-04-02 23:20:52,442] {taskinstance.py:1356} INFO - 
--------------------------------------------------------------------------------
[2024-04-02 23:20:52,443] {taskinstance.py:1357} INFO - Starting attempt 1 of 1
[2024-04-02 23:20:52,450] {taskinstance.py:1358} INFO - 
--------------------------------------------------------------------------------
[2024-04-02 23:20:52,486] {taskinstance.py:1377} INFO - Executing <Task(_PythonDecoratedOperator): DOGE> on 2024-04-01 00:00:00+00:00
[2024-04-02 23:20:52,497] {standard_task_runner.py:52} INFO - Started process 87329 to run task
[2024-04-02 23:20:52,516] {standard_task_runner.py:79} INFO - Running: ['airflow', 'tasks', 'run', 'get_crypto_dag', 'DOGE', 'scheduled__2024-04-01T00:00:00+00:00', '--job-id', '1210', '--raw', '--subdir', 'DAGS_FOLDER/get_crypto.py', '--cfg-path', '/tmp/tmp_3p51r8q', '--error-file', '/tmp/tmp7p04wfo4']
[2024-04-02 23:20:52,519] {standard_task_runner.py:80} INFO - Job 1210: Subtask DOGE
[2024-04-02 23:20:52,739] {task_command.py:370} INFO - Running <TaskInstance: get_crypto_dag.DOGE scheduled__2024-04-01T00:00:00+00:00 [running]> on host alexmend-virtual-machine
[2024-04-02 23:20:52,965] {taskinstance.py:1569} INFO - Exporting the following env vars:
AIRFLOW_CTX_DAG_OWNER=airflow
AIRFLOW_CTX_DAG_ID=get_crypto_dag
AIRFLOW_CTX_TASK_ID=DOGE
AIRFLOW_CTX_EXECUTION_DATE=2024-04-01T00:00:00+00:00
AIRFLOW_CTX_TRY_NUMBER=1
AIRFLOW_CTX_DAG_RUN_ID=scheduled__2024-04-01T00:00:00+00:00
[2024-04-02 23:20:56,448] {history.py:90} ERROR - DOGE: No timezone found, symbol may be delisted
[2024-04-02 23:21:06,467] {python.py:173} INFO - Done. Returned value was: None
[2024-04-02 23:21:06,496] {taskinstance.py:1395} INFO - Marking task as SUCCESS. dag_id=get_crypto_dag, task_id=DOGE, execution_date=20240401T000000, start_date=20240403T022052, end_date=20240403T022106
[2024-04-02 23:21:06,539] {local_task_job.py:156} INFO - Task exited with return code 0
[2024-04-02 23:21:06,602] {local_task_job.py:273} INFO - 0 downstream tasks scheduled from follow-on schedule check
