[2024-04-02 21:46:13,706] {taskinstance.py:1159} INFO - Dependencies all met for <TaskInstance: get_crypto_dag.ETH scheduled__2024-03-01T00:00:00+00:00 [queued]>
[2024-04-02 21:46:13,727] {taskinstance.py:1159} INFO - Dependencies all met for <TaskInstance: get_crypto_dag.ETH scheduled__2024-03-01T00:00:00+00:00 [queued]>
[2024-04-02 21:46:13,728] {taskinstance.py:1356} INFO - 
--------------------------------------------------------------------------------
[2024-04-02 21:46:13,728] {taskinstance.py:1357} INFO - Starting attempt 1 of 1
[2024-04-02 21:46:13,728] {taskinstance.py:1358} INFO - 
--------------------------------------------------------------------------------
[2024-04-02 21:46:13,760] {taskinstance.py:1377} INFO - Executing <Task(_PythonDecoratedOperator): ETH> on 2024-03-01 00:00:00+00:00
[2024-04-02 21:46:13,774] {standard_task_runner.py:52} INFO - Started process 48007 to run task
[2024-04-02 21:46:13,786] {standard_task_runner.py:79} INFO - Running: ['airflow', 'tasks', 'run', 'get_crypto_dag', 'ETH', 'scheduled__2024-03-01T00:00:00+00:00', '--job-id', '757', '--raw', '--subdir', 'DAGS_FOLDER/get_crypto.py', '--cfg-path', '/tmp/tmphmrtu8wk', '--error-file', '/tmp/tmp6r7hw929']
[2024-04-02 21:46:13,788] {standard_task_runner.py:80} INFO - Job 757: Subtask ETH
[2024-04-02 21:46:14,013] {task_command.py:370} INFO - Running <TaskInstance: get_crypto_dag.ETH scheduled__2024-03-01T00:00:00+00:00 [running]> on host alexmend-virtual-machine
[2024-04-02 21:46:14,283] {taskinstance.py:1569} INFO - Exporting the following env vars:
AIRFLOW_CTX_DAG_OWNER=airflow
AIRFLOW_CTX_DAG_ID=get_crypto_dag
AIRFLOW_CTX_TASK_ID=ETH
AIRFLOW_CTX_EXECUTION_DATE=2024-03-01T00:00:00+00:00
AIRFLOW_CTX_TRY_NUMBER=1
AIRFLOW_CTX_DAG_RUN_ID=scheduled__2024-03-01T00:00:00+00:00
[2024-04-02 21:46:18,057] {history.py:90} ERROR - ETH: No timezone found, symbol may be delisted
[2024-04-02 21:46:28,086] {python.py:173} INFO - Done. Returned value was: None
[2024-04-02 21:46:28,143] {taskinstance.py:1395} INFO - Marking task as SUCCESS. dag_id=get_crypto_dag, task_id=ETH, execution_date=20240301T000000, start_date=20240403T004613, end_date=20240403T004628
[2024-04-02 21:46:28,232] {local_task_job.py:156} INFO - Task exited with return code 0
[2024-04-02 21:46:28,370] {local_task_job.py:273} INFO - 0 downstream tasks scheduled from follow-on schedule check
[2024-04-02 22:50:51,231] {taskinstance.py:1159} INFO - Dependencies all met for <TaskInstance: get_crypto_dag.ETH scheduled__2024-03-01T00:00:00+00:00 [queued]>
[2024-04-02 22:50:51,270] {taskinstance.py:1159} INFO - Dependencies all met for <TaskInstance: get_crypto_dag.ETH scheduled__2024-03-01T00:00:00+00:00 [queued]>
[2024-04-02 22:50:51,271] {taskinstance.py:1356} INFO - 
--------------------------------------------------------------------------------
[2024-04-02 22:50:51,271] {taskinstance.py:1357} INFO - Starting attempt 1 of 1
[2024-04-02 22:50:51,272] {taskinstance.py:1358} INFO - 
--------------------------------------------------------------------------------
[2024-04-02 22:50:51,314] {taskinstance.py:1377} INFO - Executing <Task(_PythonDecoratedOperator): ETH> on 2024-03-01 00:00:00+00:00
[2024-04-02 22:50:51,328] {standard_task_runner.py:52} INFO - Started process 71233 to run task
[2024-04-02 22:50:51,343] {standard_task_runner.py:79} INFO - Running: ['airflow', 'tasks', 'run', 'get_crypto_dag', 'ETH', 'scheduled__2024-03-01T00:00:00+00:00', '--job-id', '1001', '--raw', '--subdir', 'DAGS_FOLDER/get_crypto.py', '--cfg-path', '/tmp/tmposplr2tu', '--error-file', '/tmp/tmpidu_2_0u']
[2024-04-02 22:50:51,347] {standard_task_runner.py:80} INFO - Job 1001: Subtask ETH
[2024-04-02 22:50:51,597] {task_command.py:370} INFO - Running <TaskInstance: get_crypto_dag.ETH scheduled__2024-03-01T00:00:00+00:00 [running]> on host alexmend-virtual-machine
[2024-04-02 22:50:51,941] {taskinstance.py:1569} INFO - Exporting the following env vars:
AIRFLOW_CTX_DAG_OWNER=airflow
AIRFLOW_CTX_DAG_ID=get_crypto_dag
AIRFLOW_CTX_TASK_ID=ETH
AIRFLOW_CTX_EXECUTION_DATE=2024-03-01T00:00:00+00:00
AIRFLOW_CTX_TRY_NUMBER=1
AIRFLOW_CTX_DAG_RUN_ID=scheduled__2024-03-01T00:00:00+00:00
[2024-04-02 22:50:56,664] {history.py:90} ERROR - ETH: No timezone found, symbol may be delisted
[2024-04-02 22:51:06,744] {python.py:173} INFO - Done. Returned value was: None
[2024-04-02 22:51:06,838] {taskinstance.py:1395} INFO - Marking task as SUCCESS. dag_id=get_crypto_dag, task_id=ETH, execution_date=20240301T000000, start_date=20240403T015051, end_date=20240403T015106
[2024-04-02 22:51:06,980] {local_task_job.py:156} INFO - Task exited with return code 0
[2024-04-02 22:51:07,154] {local_task_job.py:273} INFO - 0 downstream tasks scheduled from follow-on schedule check
