[2024-04-02 13:02:28,738] {taskinstance.py:1159} INFO - Dependencies all met for <TaskInstance: get_stocks_dag.AAPL scheduled__2024-01-30T00:00:00+00:00 [queued]>
[2024-04-02 13:02:28,749] {taskinstance.py:1159} INFO - Dependencies all met for <TaskInstance: get_stocks_dag.AAPL scheduled__2024-01-30T00:00:00+00:00 [queued]>
[2024-04-02 13:02:28,749] {taskinstance.py:1356} INFO - 
--------------------------------------------------------------------------------
[2024-04-02 13:02:28,749] {taskinstance.py:1357} INFO - Starting attempt 1 of 1
[2024-04-02 13:02:28,749] {taskinstance.py:1358} INFO - 
--------------------------------------------------------------------------------
[2024-04-02 13:02:28,772] {taskinstance.py:1377} INFO - Executing <Task(_PythonDecoratedOperator): AAPL> on 2024-01-30 00:00:00+00:00
[2024-04-02 13:02:28,779] {standard_task_runner.py:52} INFO - Started process 9726 to run task
[2024-04-02 13:02:28,786] {standard_task_runner.py:79} INFO - Running: ['airflow', 'tasks', 'run', 'get_stocks_dag', 'AAPL', 'scheduled__2024-01-30T00:00:00+00:00', '--job-id', '87', '--raw', '--subdir', 'DAGS_FOLDER/get_stocks.py', '--cfg-path', '/tmp/tmpqu8ozaat', '--error-file', '/tmp/tmpmo09p6qa']
[2024-04-02 13:02:28,787] {standard_task_runner.py:80} INFO - Job 87: Subtask AAPL
[2024-04-02 13:02:28,879] {task_command.py:370} INFO - Running <TaskInstance: get_stocks_dag.AAPL scheduled__2024-01-30T00:00:00+00:00 [running]> on host alexmend-virtual-machine
[2024-04-02 13:02:28,962] {taskinstance.py:1569} INFO - Exporting the following env vars:
AIRFLOW_CTX_DAG_OWNER=airflow
AIRFLOW_CTX_DAG_ID=get_stocks_dag
AIRFLOW_CTX_TASK_ID=AAPL
AIRFLOW_CTX_EXECUTION_DATE=2024-01-30T00:00:00+00:00
AIRFLOW_CTX_TRY_NUMBER=1
AIRFLOW_CTX_DAG_RUN_ID=scheduled__2024-01-30T00:00:00+00:00
[2024-04-02 13:02:29,694] {python.py:173} INFO - Done. Returned value was: None
[2024-04-02 13:02:29,710] {taskinstance.py:1395} INFO - Marking task as SUCCESS. dag_id=get_stocks_dag, task_id=AAPL, execution_date=20240130T000000, start_date=20240402T160228, end_date=20240402T160229
[2024-04-02 13:02:29,764] {local_task_job.py:156} INFO - Task exited with return code 0
[2024-04-02 13:02:29,802] {local_task_job.py:273} INFO - 0 downstream tasks scheduled from follow-on schedule check
[2024-04-02 17:18:01,280] {taskinstance.py:1159} INFO - Dependencies all met for <TaskInstance: get_stocks_dag.AAPL scheduled__2024-01-30T00:00:00+00:00 [queued]>
[2024-04-02 17:18:01,336] {taskinstance.py:1159} INFO - Dependencies all met for <TaskInstance: get_stocks_dag.AAPL scheduled__2024-01-30T00:00:00+00:00 [queued]>
[2024-04-02 17:18:01,337] {taskinstance.py:1356} INFO - 
--------------------------------------------------------------------------------
[2024-04-02 17:18:01,337] {taskinstance.py:1357} INFO - Starting attempt 1 of 1
[2024-04-02 17:18:01,337] {taskinstance.py:1358} INFO - 
--------------------------------------------------------------------------------
[2024-04-02 17:18:01,445] {taskinstance.py:1377} INFO - Executing <Task(_PythonDecoratedOperator): AAPL> on 2024-01-30 00:00:00+00:00
[2024-04-02 17:18:01,477] {standard_task_runner.py:52} INFO - Started process 5604 to run task
[2024-04-02 17:18:01,517] {standard_task_runner.py:79} INFO - Running: ['airflow', 'tasks', 'run', 'get_stocks_dag', 'AAPL', 'scheduled__2024-01-30T00:00:00+00:00', '--job-id', '72', '--raw', '--subdir', 'DAGS_FOLDER/get_stocks.py', '--cfg-path', '/tmp/tmpusipgsyg', '--error-file', '/tmp/tmp85nxgj7l']
[2024-04-02 17:18:01,535] {standard_task_runner.py:80} INFO - Job 72: Subtask AAPL
[2024-04-02 17:18:01,865] {task_command.py:370} INFO - Running <TaskInstance: get_stocks_dag.AAPL scheduled__2024-01-30T00:00:00+00:00 [running]> on host alexmend-virtual-machine
[2024-04-02 17:18:02,181] {taskinstance.py:1569} INFO - Exporting the following env vars:
AIRFLOW_CTX_DAG_OWNER=airflow
AIRFLOW_CTX_DAG_ID=get_stocks_dag
AIRFLOW_CTX_TASK_ID=AAPL
AIRFLOW_CTX_EXECUTION_DATE=2024-01-30T00:00:00+00:00
AIRFLOW_CTX_TRY_NUMBER=1
AIRFLOW_CTX_DAG_RUN_ID=scheduled__2024-01-30T00:00:00+00:00
[2024-04-02 17:18:03,189] {python.py:173} INFO - Done. Returned value was: None
[2024-04-02 17:18:03,242] {taskinstance.py:1395} INFO - Marking task as SUCCESS. dag_id=get_stocks_dag, task_id=AAPL, execution_date=20240130T000000, start_date=20240402T201801, end_date=20240402T201803
[2024-04-02 17:18:03,357] {local_task_job.py:156} INFO - Task exited with return code 0
[2024-04-02 17:18:03,812] {local_task_job.py:273} INFO - 0 downstream tasks scheduled from follow-on schedule check
[2024-04-02 17:43:42,596] {taskinstance.py:1159} INFO - Dependencies all met for <TaskInstance: get_stocks_dag.AAPL scheduled__2024-01-30T00:00:00+00:00 [queued]>
[2024-04-02 17:43:42,648] {taskinstance.py:1159} INFO - Dependencies all met for <TaskInstance: get_stocks_dag.AAPL scheduled__2024-01-30T00:00:00+00:00 [queued]>
[2024-04-02 17:43:42,650] {taskinstance.py:1356} INFO - 
--------------------------------------------------------------------------------
[2024-04-02 17:43:42,650] {taskinstance.py:1357} INFO - Starting attempt 1 of 1
[2024-04-02 17:43:42,651] {taskinstance.py:1358} INFO - 
--------------------------------------------------------------------------------
[2024-04-02 17:43:42,700] {taskinstance.py:1377} INFO - Executing <Task(_PythonDecoratedOperator): AAPL> on 2024-01-30 00:00:00+00:00
[2024-04-02 17:43:42,711] {standard_task_runner.py:52} INFO - Started process 20199 to run task
[2024-04-02 17:43:42,734] {standard_task_runner.py:79} INFO - Running: ['airflow', 'tasks', 'run', 'get_stocks_dag', 'AAPL', 'scheduled__2024-01-30T00:00:00+00:00', '--job-id', '331', '--raw', '--subdir', 'DAGS_FOLDER/get_stocks.py', '--cfg-path', '/tmp/tmpdmery6xp', '--error-file', '/tmp/tmpbm0_txuk']
[2024-04-02 17:43:42,736] {standard_task_runner.py:80} INFO - Job 331: Subtask AAPL
[2024-04-02 17:43:42,931] {task_command.py:370} INFO - Running <TaskInstance: get_stocks_dag.AAPL scheduled__2024-01-30T00:00:00+00:00 [running]> on host alexmend-virtual-machine
[2024-04-02 17:43:43,105] {taskinstance.py:1569} INFO - Exporting the following env vars:
AIRFLOW_CTX_DAG_OWNER=airflow
AIRFLOW_CTX_DAG_ID=get_stocks_dag
AIRFLOW_CTX_TASK_ID=AAPL
AIRFLOW_CTX_EXECUTION_DATE=2024-01-30T00:00:00+00:00
AIRFLOW_CTX_TRY_NUMBER=1
AIRFLOW_CTX_DAG_RUN_ID=scheduled__2024-01-30T00:00:00+00:00
[2024-04-02 17:43:43,900] {python.py:173} INFO - Done. Returned value was: None
[2024-04-02 17:43:43,925] {taskinstance.py:1395} INFO - Marking task as SUCCESS. dag_id=get_stocks_dag, task_id=AAPL, execution_date=20240130T000000, start_date=20240402T204342, end_date=20240402T204343
[2024-04-02 17:43:43,977] {local_task_job.py:156} INFO - Task exited with return code 0
[2024-04-02 17:43:44,035] {local_task_job.py:273} INFO - 0 downstream tasks scheduled from follow-on schedule check
