[2024-04-02 13:03:39,329] {taskinstance.py:1159} INFO - Dependencies all met for <TaskInstance: get_stocks_dag.MSFT scheduled__2024-02-03T00:00:00+00:00 [queued]>
[2024-04-02 13:03:39,341] {taskinstance.py:1159} INFO - Dependencies all met for <TaskInstance: get_stocks_dag.MSFT scheduled__2024-02-03T00:00:00+00:00 [queued]>
[2024-04-02 13:03:39,342] {taskinstance.py:1356} INFO - 
--------------------------------------------------------------------------------
[2024-04-02 13:03:39,342] {taskinstance.py:1357} INFO - Starting attempt 1 of 1
[2024-04-02 13:03:39,342] {taskinstance.py:1358} INFO - 
--------------------------------------------------------------------------------
[2024-04-02 13:03:39,373] {taskinstance.py:1377} INFO - Executing <Task(_PythonDecoratedOperator): MSFT> on 2024-02-03 00:00:00+00:00
[2024-04-02 13:03:39,386] {standard_task_runner.py:52} INFO - Started process 10112 to run task
[2024-04-02 13:03:39,392] {standard_task_runner.py:79} INFO - Running: ['airflow', 'tasks', 'run', 'get_stocks_dag', 'MSFT', 'scheduled__2024-02-03T00:00:00+00:00', '--job-id', '104', '--raw', '--subdir', 'DAGS_FOLDER/get_stocks.py', '--cfg-path', '/tmp/tmpfvarhq_e', '--error-file', '/tmp/tmpc5rnhcql']
[2024-04-02 13:03:39,393] {standard_task_runner.py:80} INFO - Job 104: Subtask MSFT
[2024-04-02 13:03:39,475] {task_command.py:370} INFO - Running <TaskInstance: get_stocks_dag.MSFT scheduled__2024-02-03T00:00:00+00:00 [running]> on host alexmend-virtual-machine
[2024-04-02 13:03:39,567] {taskinstance.py:1569} INFO - Exporting the following env vars:
AIRFLOW_CTX_DAG_OWNER=airflow
AIRFLOW_CTX_DAG_ID=get_stocks_dag
AIRFLOW_CTX_TASK_ID=MSFT
AIRFLOW_CTX_EXECUTION_DATE=2024-02-03T00:00:00+00:00
AIRFLOW_CTX_TRY_NUMBER=1
AIRFLOW_CTX_DAG_RUN_ID=scheduled__2024-02-03T00:00:00+00:00
[2024-04-02 13:03:40,293] {python.py:173} INFO - Done. Returned value was: None
[2024-04-02 13:03:40,305] {taskinstance.py:1395} INFO - Marking task as SUCCESS. dag_id=get_stocks_dag, task_id=MSFT, execution_date=20240203T000000, start_date=20240402T160339, end_date=20240402T160340
[2024-04-02 13:03:40,369] {local_task_job.py:156} INFO - Task exited with return code 0
[2024-04-02 13:03:40,404] {local_task_job.py:273} INFO - 0 downstream tasks scheduled from follow-on schedule check
[2024-04-02 17:18:13,141] {taskinstance.py:1159} INFO - Dependencies all met for <TaskInstance: get_stocks_dag.MSFT scheduled__2024-02-03T00:00:00+00:00 [queued]>
[2024-04-02 17:18:13,192] {taskinstance.py:1159} INFO - Dependencies all met for <TaskInstance: get_stocks_dag.MSFT scheduled__2024-02-03T00:00:00+00:00 [queued]>
[2024-04-02 17:18:13,194] {taskinstance.py:1356} INFO - 
--------------------------------------------------------------------------------
[2024-04-02 17:18:13,195] {taskinstance.py:1357} INFO - Starting attempt 1 of 1
[2024-04-02 17:18:13,195] {taskinstance.py:1358} INFO - 
--------------------------------------------------------------------------------
[2024-04-02 17:18:13,337] {taskinstance.py:1377} INFO - Executing <Task(_PythonDecoratedOperator): MSFT> on 2024-02-03 00:00:00+00:00
[2024-04-02 17:18:13,345] {standard_task_runner.py:52} INFO - Started process 5943 to run task
[2024-04-02 17:18:13,432] {standard_task_runner.py:79} INFO - Running: ['airflow', 'tasks', 'run', 'get_stocks_dag', 'MSFT', 'scheduled__2024-02-03T00:00:00+00:00', '--job-id', '87', '--raw', '--subdir', 'DAGS_FOLDER/get_stocks.py', '--cfg-path', '/tmp/tmp4kogwd95', '--error-file', '/tmp/tmp89tb2ui5']
[2024-04-02 17:18:13,434] {standard_task_runner.py:80} INFO - Job 87: Subtask MSFT
[2024-04-02 17:18:14,318] {task_command.py:370} INFO - Running <TaskInstance: get_stocks_dag.MSFT scheduled__2024-02-03T00:00:00+00:00 [running]> on host alexmend-virtual-machine
[2024-04-02 17:18:15,052] {taskinstance.py:1569} INFO - Exporting the following env vars:
AIRFLOW_CTX_DAG_OWNER=airflow
AIRFLOW_CTX_DAG_ID=get_stocks_dag
AIRFLOW_CTX_TASK_ID=MSFT
AIRFLOW_CTX_EXECUTION_DATE=2024-02-03T00:00:00+00:00
AIRFLOW_CTX_TRY_NUMBER=1
AIRFLOW_CTX_DAG_RUN_ID=scheduled__2024-02-03T00:00:00+00:00
[2024-04-02 17:18:17,049] {python.py:173} INFO - Done. Returned value was: None
[2024-04-02 17:18:17,278] {taskinstance.py:1395} INFO - Marking task as SUCCESS. dag_id=get_stocks_dag, task_id=MSFT, execution_date=20240203T000000, start_date=20240402T201813, end_date=20240402T201817
[2024-04-02 17:18:17,441] {local_task_job.py:156} INFO - Task exited with return code 0
[2024-04-02 17:18:17,788] {local_task_job.py:273} INFO - 0 downstream tasks scheduled from follow-on schedule check
[2024-04-02 17:44:11,224] {taskinstance.py:1159} INFO - Dependencies all met for <TaskInstance: get_stocks_dag.MSFT scheduled__2024-02-03T00:00:00+00:00 [queued]>
[2024-04-02 17:44:11,240] {taskinstance.py:1159} INFO - Dependencies all met for <TaskInstance: get_stocks_dag.MSFT scheduled__2024-02-03T00:00:00+00:00 [queued]>
[2024-04-02 17:44:11,240] {taskinstance.py:1356} INFO - 
--------------------------------------------------------------------------------
[2024-04-02 17:44:11,241] {taskinstance.py:1357} INFO - Starting attempt 1 of 1
[2024-04-02 17:44:11,241] {taskinstance.py:1358} INFO - 
--------------------------------------------------------------------------------
[2024-04-02 17:44:11,262] {taskinstance.py:1377} INFO - Executing <Task(_PythonDecoratedOperator): MSFT> on 2024-02-03 00:00:00+00:00
[2024-04-02 17:44:11,270] {standard_task_runner.py:52} INFO - Started process 20754 to run task
[2024-04-02 17:44:11,280] {standard_task_runner.py:79} INFO - Running: ['airflow', 'tasks', 'run', 'get_stocks_dag', 'MSFT', 'scheduled__2024-02-03T00:00:00+00:00', '--job-id', '350', '--raw', '--subdir', 'DAGS_FOLDER/get_stocks.py', '--cfg-path', '/tmp/tmpjqkp6keu', '--error-file', '/tmp/tmpdbg7aq4q']
[2024-04-02 17:44:11,282] {standard_task_runner.py:80} INFO - Job 350: Subtask MSFT
[2024-04-02 17:44:11,411] {task_command.py:370} INFO - Running <TaskInstance: get_stocks_dag.MSFT scheduled__2024-02-03T00:00:00+00:00 [running]> on host alexmend-virtual-machine
[2024-04-02 17:44:11,571] {taskinstance.py:1569} INFO - Exporting the following env vars:
AIRFLOW_CTX_DAG_OWNER=airflow
AIRFLOW_CTX_DAG_ID=get_stocks_dag
AIRFLOW_CTX_TASK_ID=MSFT
AIRFLOW_CTX_EXECUTION_DATE=2024-02-03T00:00:00+00:00
AIRFLOW_CTX_TRY_NUMBER=1
AIRFLOW_CTX_DAG_RUN_ID=scheduled__2024-02-03T00:00:00+00:00
[2024-04-02 17:44:12,219] {python.py:173} INFO - Done. Returned value was: None
[2024-04-02 17:44:12,241] {taskinstance.py:1395} INFO - Marking task as SUCCESS. dag_id=get_stocks_dag, task_id=MSFT, execution_date=20240203T000000, start_date=20240402T204411, end_date=20240402T204412
[2024-04-02 17:44:12,265] {local_task_job.py:156} INFO - Task exited with return code 0
[2024-04-02 17:44:12,315] {local_task_job.py:273} INFO - 0 downstream tasks scheduled from follow-on schedule check
