[2024-04-02 13:11:27,096] {taskinstance.py:1159} INFO - Dependencies all met for <TaskInstance: get_stocks_dag.AAPL scheduled__2024-03-15T00:00:00+00:00 [queued]>
[2024-04-02 13:11:27,105] {taskinstance.py:1159} INFO - Dependencies all met for <TaskInstance: get_stocks_dag.AAPL scheduled__2024-03-15T00:00:00+00:00 [queued]>
[2024-04-02 13:11:27,105] {taskinstance.py:1356} INFO - 
--------------------------------------------------------------------------------
[2024-04-02 13:11:27,105] {taskinstance.py:1357} INFO - Starting attempt 1 of 1
[2024-04-02 13:11:27,105] {taskinstance.py:1358} INFO - 
--------------------------------------------------------------------------------
[2024-04-02 13:11:27,126] {taskinstance.py:1377} INFO - Executing <Task(_PythonDecoratedOperator): AAPL> on 2024-03-15 00:00:00+00:00
[2024-04-02 13:11:27,132] {standard_task_runner.py:52} INFO - Started process 12898 to run task
[2024-04-02 13:11:27,138] {standard_task_runner.py:79} INFO - Running: ['airflow', 'tasks', 'run', 'get_stocks_dag', 'AAPL', 'scheduled__2024-03-15T00:00:00+00:00', '--job-id', '219', '--raw', '--subdir', 'DAGS_FOLDER/get_stocks.py', '--cfg-path', '/tmp/tmpzcek_r9l', '--error-file', '/tmp/tmpslfk5_jf']
[2024-04-02 13:11:27,139] {standard_task_runner.py:80} INFO - Job 219: Subtask AAPL
[2024-04-02 13:11:27,218] {task_command.py:370} INFO - Running <TaskInstance: get_stocks_dag.AAPL scheduled__2024-03-15T00:00:00+00:00 [running]> on host alexmend-virtual-machine
[2024-04-02 13:11:27,309] {taskinstance.py:1569} INFO - Exporting the following env vars:
AIRFLOW_CTX_DAG_OWNER=airflow
AIRFLOW_CTX_DAG_ID=get_stocks_dag
AIRFLOW_CTX_TASK_ID=AAPL
AIRFLOW_CTX_EXECUTION_DATE=2024-03-15T00:00:00+00:00
AIRFLOW_CTX_TRY_NUMBER=1
AIRFLOW_CTX_DAG_RUN_ID=scheduled__2024-03-15T00:00:00+00:00
[2024-04-02 13:11:28,073] {python.py:173} INFO - Done. Returned value was: None
[2024-04-02 13:11:28,090] {taskinstance.py:1395} INFO - Marking task as SUCCESS. dag_id=get_stocks_dag, task_id=AAPL, execution_date=20240315T000000, start_date=20240402T161127, end_date=20240402T161128
[2024-04-02 13:11:28,158] {local_task_job.py:156} INFO - Task exited with return code 0
[2024-04-02 13:11:28,188] {local_task_job.py:273} INFO - 0 downstream tasks scheduled from follow-on schedule check
[2024-04-02 17:19:49,259] {taskinstance.py:1159} INFO - Dependencies all met for <TaskInstance: get_stocks_dag.AAPL scheduled__2024-03-15T00:00:00+00:00 [queued]>
[2024-04-02 17:19:49,360] {taskinstance.py:1159} INFO - Dependencies all met for <TaskInstance: get_stocks_dag.AAPL scheduled__2024-03-15T00:00:00+00:00 [queued]>
[2024-04-02 17:19:49,372] {taskinstance.py:1356} INFO - 
--------------------------------------------------------------------------------
[2024-04-02 17:19:49,376] {taskinstance.py:1357} INFO - Starting attempt 1 of 1
[2024-04-02 17:19:49,376] {taskinstance.py:1358} INFO - 
--------------------------------------------------------------------------------
[2024-04-02 17:19:49,576] {taskinstance.py:1377} INFO - Executing <Task(_PythonDecoratedOperator): AAPL> on 2024-03-15 00:00:00+00:00
[2024-04-02 17:19:49,627] {standard_task_runner.py:52} INFO - Started process 8819 to run task
[2024-04-02 17:19:49,686] {standard_task_runner.py:79} INFO - Running: ['airflow', 'tasks', 'run', 'get_stocks_dag', 'AAPL', 'scheduled__2024-03-15T00:00:00+00:00', '--job-id', '201', '--raw', '--subdir', 'DAGS_FOLDER/get_stocks.py', '--cfg-path', '/tmp/tmpatir2ni2', '--error-file', '/tmp/tmp_bmoywuh']
[2024-04-02 17:19:49,712] {standard_task_runner.py:80} INFO - Job 201: Subtask AAPL
[2024-04-02 17:19:50,349] {task_command.py:370} INFO - Running <TaskInstance: get_stocks_dag.AAPL scheduled__2024-03-15T00:00:00+00:00 [running]> on host alexmend-virtual-machine
[2024-04-02 17:19:50,884] {taskinstance.py:1569} INFO - Exporting the following env vars:
AIRFLOW_CTX_DAG_OWNER=airflow
AIRFLOW_CTX_DAG_ID=get_stocks_dag
AIRFLOW_CTX_TASK_ID=AAPL
AIRFLOW_CTX_EXECUTION_DATE=2024-03-15T00:00:00+00:00
AIRFLOW_CTX_TRY_NUMBER=1
AIRFLOW_CTX_DAG_RUN_ID=scheduled__2024-03-15T00:00:00+00:00
[2024-04-02 17:19:52,378] {python.py:173} INFO - Done. Returned value was: None
[2024-04-02 17:19:52,786] {taskinstance.py:1395} INFO - Marking task as SUCCESS. dag_id=get_stocks_dag, task_id=AAPL, execution_date=20240315T000000, start_date=20240402T201949, end_date=20240402T201952
[2024-04-02 17:19:53,052] {local_task_job.py:156} INFO - Task exited with return code 0
[2024-04-02 17:19:53,429] {local_task_job.py:273} INFO - 0 downstream tasks scheduled from follow-on schedule check
[2024-04-02 17:46:49,837] {taskinstance.py:1159} INFO - Dependencies all met for <TaskInstance: get_stocks_dag.AAPL scheduled__2024-03-15T00:00:00+00:00 [queued]>
[2024-04-02 17:46:49,857] {taskinstance.py:1159} INFO - Dependencies all met for <TaskInstance: get_stocks_dag.AAPL scheduled__2024-03-15T00:00:00+00:00 [queued]>
[2024-04-02 17:46:49,857] {taskinstance.py:1356} INFO - 
--------------------------------------------------------------------------------
[2024-04-02 17:46:49,858] {taskinstance.py:1357} INFO - Starting attempt 1 of 1
[2024-04-02 17:46:49,858] {taskinstance.py:1358} INFO - 
--------------------------------------------------------------------------------
[2024-04-02 17:46:49,880] {taskinstance.py:1377} INFO - Executing <Task(_PythonDecoratedOperator): AAPL> on 2024-03-15 00:00:00+00:00
[2024-04-02 17:46:49,890] {standard_task_runner.py:52} INFO - Started process 23968 to run task
[2024-04-02 17:46:49,897] {standard_task_runner.py:79} INFO - Running: ['airflow', 'tasks', 'run', 'get_stocks_dag', 'AAPL', 'scheduled__2024-03-15T00:00:00+00:00', '--job-id', '462', '--raw', '--subdir', 'DAGS_FOLDER/get_stocks.py', '--cfg-path', '/tmp/tmpmjgxw82j', '--error-file', '/tmp/tmpgyxlgw_v']
[2024-04-02 17:46:49,898] {standard_task_runner.py:80} INFO - Job 462: Subtask AAPL
[2024-04-02 17:46:50,109] {task_command.py:370} INFO - Running <TaskInstance: get_stocks_dag.AAPL scheduled__2024-03-15T00:00:00+00:00 [running]> on host alexmend-virtual-machine
[2024-04-02 17:46:50,389] {taskinstance.py:1569} INFO - Exporting the following env vars:
AIRFLOW_CTX_DAG_OWNER=airflow
AIRFLOW_CTX_DAG_ID=get_stocks_dag
AIRFLOW_CTX_TASK_ID=AAPL
AIRFLOW_CTX_EXECUTION_DATE=2024-03-15T00:00:00+00:00
AIRFLOW_CTX_TRY_NUMBER=1
AIRFLOW_CTX_DAG_RUN_ID=scheduled__2024-03-15T00:00:00+00:00
[2024-04-02 17:46:51,135] {python.py:173} INFO - Done. Returned value was: None
[2024-04-02 17:46:51,263] {taskinstance.py:1395} INFO - Marking task as SUCCESS. dag_id=get_stocks_dag, task_id=AAPL, execution_date=20240315T000000, start_date=20240402T204649, end_date=20240402T204651
[2024-04-02 17:46:51,331] {local_task_job.py:156} INFO - Task exited with return code 0
[2024-04-02 17:46:51,458] {local_task_job.py:273} INFO - 0 downstream tasks scheduled from follow-on schedule check
[2024-04-02 19:15:42,411] {taskinstance.py:1159} INFO - Dependencies all met for <TaskInstance: get_stocks_dag.AAPL scheduled__2024-03-15T00:00:00+00:00 [queued]>
[2024-04-02 19:15:42,445] {taskinstance.py:1159} INFO - Dependencies all met for <TaskInstance: get_stocks_dag.AAPL scheduled__2024-03-15T00:00:00+00:00 [queued]>
[2024-04-02 19:15:42,446] {taskinstance.py:1356} INFO - 
--------------------------------------------------------------------------------
[2024-04-02 19:15:42,446] {taskinstance.py:1357} INFO - Starting attempt 1 of 1
[2024-04-02 19:15:42,446] {taskinstance.py:1358} INFO - 
--------------------------------------------------------------------------------
[2024-04-02 19:15:42,491] {taskinstance.py:1377} INFO - Executing <Task(_PythonDecoratedOperator): AAPL> on 2024-03-15 00:00:00+00:00
[2024-04-02 19:15:42,504] {standard_task_runner.py:52} INFO - Started process 15081 to run task
[2024-04-02 19:15:42,517] {standard_task_runner.py:79} INFO - Running: ['airflow', 'tasks', 'run', 'get_stocks_dag', 'AAPL', 'scheduled__2024-03-15T00:00:00+00:00', '--job-id', '564', '--raw', '--subdir', 'DAGS_FOLDER/get_stocks.py', '--cfg-path', '/tmp/tmp_qp02xvg', '--error-file', '/tmp/tmp1g_qv0r9']
[2024-04-02 19:15:42,520] {standard_task_runner.py:80} INFO - Job 564: Subtask AAPL
[2024-04-02 19:15:42,647] {task_command.py:370} INFO - Running <TaskInstance: get_stocks_dag.AAPL scheduled__2024-03-15T00:00:00+00:00 [running]> on host alexmend-virtual-machine
[2024-04-02 19:15:42,788] {taskinstance.py:1569} INFO - Exporting the following env vars:
AIRFLOW_CTX_DAG_OWNER=airflow
AIRFLOW_CTX_DAG_ID=get_stocks_dag
AIRFLOW_CTX_TASK_ID=AAPL
AIRFLOW_CTX_EXECUTION_DATE=2024-03-15T00:00:00+00:00
AIRFLOW_CTX_TRY_NUMBER=1
AIRFLOW_CTX_DAG_RUN_ID=scheduled__2024-03-15T00:00:00+00:00
[2024-04-02 19:15:43,407] {python.py:173} INFO - Done. Returned value was: None
[2024-04-02 19:15:43,437] {taskinstance.py:1395} INFO - Marking task as SUCCESS. dag_id=get_stocks_dag, task_id=AAPL, execution_date=20240315T000000, start_date=20240402T221542, end_date=20240402T221543
[2024-04-02 19:15:43,494] {local_task_job.py:156} INFO - Task exited with return code 0
[2024-04-02 19:15:43,587] {local_task_job.py:273} INFO - 0 downstream tasks scheduled from follow-on schedule check
[2024-04-02 20:39:35,461] {taskinstance.py:1159} INFO - Dependencies all met for <TaskInstance: get_stocks_dag.AAPL scheduled__2024-03-15T00:00:00+00:00 [queued]>
[2024-04-02 20:39:35,493] {taskinstance.py:1159} INFO - Dependencies all met for <TaskInstance: get_stocks_dag.AAPL scheduled__2024-03-15T00:00:00+00:00 [queued]>
[2024-04-02 20:39:35,494] {taskinstance.py:1356} INFO - 
--------------------------------------------------------------------------------
[2024-04-02 20:39:35,495] {taskinstance.py:1357} INFO - Starting attempt 1 of 1
[2024-04-02 20:39:35,496] {taskinstance.py:1358} INFO - 
--------------------------------------------------------------------------------
[2024-04-02 20:39:35,523] {taskinstance.py:1377} INFO - Executing <Task(_PythonDecoratedOperator): AAPL> on 2024-03-15 00:00:00+00:00
[2024-04-02 20:39:35,531] {standard_task_runner.py:52} INFO - Started process 26474 to run task
[2024-04-02 20:39:35,538] {standard_task_runner.py:79} INFO - Running: ['airflow', 'tasks', 'run', 'get_stocks_dag', 'AAPL', 'scheduled__2024-03-15T00:00:00+00:00', '--job-id', '665', '--raw', '--subdir', 'DAGS_FOLDER/get_stocks.py', '--cfg-path', '/tmp/tmpcb2sh40n', '--error-file', '/tmp/tmpr0qspftg']
[2024-04-02 20:39:35,540] {standard_task_runner.py:80} INFO - Job 665: Subtask AAPL
[2024-04-02 20:39:35,677] {task_command.py:370} INFO - Running <TaskInstance: get_stocks_dag.AAPL scheduled__2024-03-15T00:00:00+00:00 [running]> on host alexmend-virtual-machine
[2024-04-02 20:39:35,811] {taskinstance.py:1569} INFO - Exporting the following env vars:
AIRFLOW_CTX_DAG_OWNER=airflow
AIRFLOW_CTX_DAG_ID=get_stocks_dag
AIRFLOW_CTX_TASK_ID=AAPL
AIRFLOW_CTX_EXECUTION_DATE=2024-03-15T00:00:00+00:00
AIRFLOW_CTX_TRY_NUMBER=1
AIRFLOW_CTX_DAG_RUN_ID=scheduled__2024-03-15T00:00:00+00:00
[2024-04-02 20:39:36,483] {python.py:173} INFO - Done. Returned value was: None
[2024-04-02 20:39:36,521] {taskinstance.py:1395} INFO - Marking task as SUCCESS. dag_id=get_stocks_dag, task_id=AAPL, execution_date=20240315T000000, start_date=20240402T233935, end_date=20240402T233936
[2024-04-02 20:39:36,725] {local_task_job.py:156} INFO - Task exited with return code 0
[2024-04-02 20:39:36,812] {local_task_job.py:273} INFO - 0 downstream tasks scheduled from follow-on schedule check
[2024-04-02 21:50:28,052] {taskinstance.py:1159} INFO - Dependencies all met for <TaskInstance: get_stocks_dag.AAPL scheduled__2024-03-15T00:00:00+00:00 [queued]>
[2024-04-02 21:50:28,095] {taskinstance.py:1159} INFO - Dependencies all met for <TaskInstance: get_stocks_dag.AAPL scheduled__2024-03-15T00:00:00+00:00 [queued]>
[2024-04-02 21:50:28,096] {taskinstance.py:1356} INFO - 
--------------------------------------------------------------------------------
[2024-04-02 21:50:28,097] {taskinstance.py:1357} INFO - Starting attempt 1 of 1
[2024-04-02 21:50:28,098] {taskinstance.py:1358} INFO - 
--------------------------------------------------------------------------------
[2024-04-02 21:50:28,148] {taskinstance.py:1377} INFO - Executing <Task(_PythonDecoratedOperator): AAPL> on 2024-03-15 00:00:00+00:00
[2024-04-02 21:50:28,166] {standard_task_runner.py:52} INFO - Started process 51188 to run task
[2024-04-02 21:50:28,189] {standard_task_runner.py:79} INFO - Running: ['airflow', 'tasks', 'run', 'get_stocks_dag', 'AAPL', 'scheduled__2024-03-15T00:00:00+00:00', '--job-id', '814', '--raw', '--subdir', 'DAGS_FOLDER/get_stocks.py', '--cfg-path', '/tmp/tmp5unp2_x8', '--error-file', '/tmp/tmp74kw3qwi']
[2024-04-02 21:50:28,191] {standard_task_runner.py:80} INFO - Job 814: Subtask AAPL
[2024-04-02 21:50:28,339] {task_command.py:370} INFO - Running <TaskInstance: get_stocks_dag.AAPL scheduled__2024-03-15T00:00:00+00:00 [running]> on host alexmend-virtual-machine
[2024-04-02 21:50:28,506] {taskinstance.py:1569} INFO - Exporting the following env vars:
AIRFLOW_CTX_DAG_OWNER=airflow
AIRFLOW_CTX_DAG_ID=get_stocks_dag
AIRFLOW_CTX_TASK_ID=AAPL
AIRFLOW_CTX_EXECUTION_DATE=2024-03-15T00:00:00+00:00
AIRFLOW_CTX_TRY_NUMBER=1
AIRFLOW_CTX_DAG_RUN_ID=scheduled__2024-03-15T00:00:00+00:00
[2024-04-02 21:50:39,182] {python.py:173} INFO - Done. Returned value was: None
[2024-04-02 21:50:39,215] {taskinstance.py:1395} INFO - Marking task as SUCCESS. dag_id=get_stocks_dag, task_id=AAPL, execution_date=20240315T000000, start_date=20240403T005028, end_date=20240403T005039
[2024-04-02 21:50:39,263] {local_task_job.py:156} INFO - Task exited with return code 0
[2024-04-02 21:50:39,391] {local_task_job.py:273} INFO - 0 downstream tasks scheduled from follow-on schedule check
[2024-04-02 23:05:18,203] {taskinstance.py:1159} INFO - Dependencies all met for <TaskInstance: get_stocks_dag.AAPL scheduled__2024-03-15T00:00:00+00:00 [queued]>
[2024-04-02 23:05:18,232] {taskinstance.py:1159} INFO - Dependencies all met for <TaskInstance: get_stocks_dag.AAPL scheduled__2024-03-15T00:00:00+00:00 [queued]>
[2024-04-02 23:05:18,233] {taskinstance.py:1356} INFO - 
--------------------------------------------------------------------------------
[2024-04-02 23:05:18,233] {taskinstance.py:1357} INFO - Starting attempt 1 of 1
[2024-04-02 23:05:18,234] {taskinstance.py:1358} INFO - 
--------------------------------------------------------------------------------
[2024-04-02 23:05:18,276] {taskinstance.py:1377} INFO - Executing <Task(_PythonDecoratedOperator): AAPL> on 2024-03-15 00:00:00+00:00
[2024-04-02 23:05:18,290] {standard_task_runner.py:52} INFO - Started process 78697 to run task
[2024-04-02 23:05:18,303] {standard_task_runner.py:79} INFO - Running: ['airflow', 'tasks', 'run', 'get_stocks_dag', 'AAPL', 'scheduled__2024-03-15T00:00:00+00:00', '--job-id', '1099', '--raw', '--subdir', 'DAGS_FOLDER/get_stocks.py', '--cfg-path', '/tmp/tmpva45kutd', '--error-file', '/tmp/tmpy0yw8lmv']
[2024-04-02 23:05:18,308] {standard_task_runner.py:80} INFO - Job 1099: Subtask AAPL
[2024-04-02 23:05:18,493] {task_command.py:370} INFO - Running <TaskInstance: get_stocks_dag.AAPL scheduled__2024-03-15T00:00:00+00:00 [running]> on host alexmend-virtual-machine
[2024-04-02 23:05:18,675] {taskinstance.py:1569} INFO - Exporting the following env vars:
AIRFLOW_CTX_DAG_OWNER=airflow
AIRFLOW_CTX_DAG_ID=get_stocks_dag
AIRFLOW_CTX_TASK_ID=AAPL
AIRFLOW_CTX_EXECUTION_DATE=2024-03-15T00:00:00+00:00
AIRFLOW_CTX_TRY_NUMBER=1
AIRFLOW_CTX_DAG_RUN_ID=scheduled__2024-03-15T00:00:00+00:00
[2024-04-02 23:05:29,290] {python.py:173} INFO - Done. Returned value was: None
[2024-04-02 23:05:29,328] {taskinstance.py:1395} INFO - Marking task as SUCCESS. dag_id=get_stocks_dag, task_id=AAPL, execution_date=20240315T000000, start_date=20240403T020518, end_date=20240403T020529
[2024-04-02 23:05:29,467] {local_task_job.py:156} INFO - Task exited with return code 0
[2024-04-02 23:05:29,592] {local_task_job.py:273} INFO - 0 downstream tasks scheduled from follow-on schedule check
