[2024-04-02 13:12:03,121] {taskinstance.py:1159} INFO - Dependencies all met for <TaskInstance: get_stocks_dag.MSFT scheduled__2024-03-19T00:00:00+00:00 [queued]>
[2024-04-02 13:12:03,132] {taskinstance.py:1159} INFO - Dependencies all met for <TaskInstance: get_stocks_dag.MSFT scheduled__2024-03-19T00:00:00+00:00 [queued]>
[2024-04-02 13:12:03,132] {taskinstance.py:1356} INFO - 
--------------------------------------------------------------------------------
[2024-04-02 13:12:03,132] {taskinstance.py:1357} INFO - Starting attempt 1 of 1
[2024-04-02 13:12:03,132] {taskinstance.py:1358} INFO - 
--------------------------------------------------------------------------------
[2024-04-02 13:12:03,161] {taskinstance.py:1377} INFO - Executing <Task(_PythonDecoratedOperator): MSFT> on 2024-03-19 00:00:00+00:00
[2024-04-02 13:12:03,166] {standard_task_runner.py:52} INFO - Started process 13105 to run task
[2024-04-02 13:12:03,173] {standard_task_runner.py:79} INFO - Running: ['airflow', 'tasks', 'run', 'get_stocks_dag', 'MSFT', 'scheduled__2024-03-19T00:00:00+00:00', '--job-id', '228', '--raw', '--subdir', 'DAGS_FOLDER/get_stocks.py', '--cfg-path', '/tmp/tmprypmugrn', '--error-file', '/tmp/tmpqk9bvfok']
[2024-04-02 13:12:03,175] {standard_task_runner.py:80} INFO - Job 228: Subtask MSFT
[2024-04-02 13:12:03,237] {task_command.py:370} INFO - Running <TaskInstance: get_stocks_dag.MSFT scheduled__2024-03-19T00:00:00+00:00 [running]> on host alexmend-virtual-machine
[2024-04-02 13:12:03,314] {taskinstance.py:1569} INFO - Exporting the following env vars:
AIRFLOW_CTX_DAG_OWNER=airflow
AIRFLOW_CTX_DAG_ID=get_stocks_dag
AIRFLOW_CTX_TASK_ID=MSFT
AIRFLOW_CTX_EXECUTION_DATE=2024-03-19T00:00:00+00:00
AIRFLOW_CTX_TRY_NUMBER=1
AIRFLOW_CTX_DAG_RUN_ID=scheduled__2024-03-19T00:00:00+00:00
[2024-04-02 13:12:03,975] {python.py:173} INFO - Done. Returned value was: None
[2024-04-02 13:12:03,985] {taskinstance.py:1395} INFO - Marking task as SUCCESS. dag_id=get_stocks_dag, task_id=MSFT, execution_date=20240319T000000, start_date=20240402T161203, end_date=20240402T161203
[2024-04-02 13:12:04,039] {local_task_job.py:156} INFO - Task exited with return code 0
[2024-04-02 13:12:04,073] {local_task_job.py:273} INFO - 0 downstream tasks scheduled from follow-on schedule check
[2024-04-02 17:19:55,017] {taskinstance.py:1159} INFO - Dependencies all met for <TaskInstance: get_stocks_dag.MSFT scheduled__2024-03-19T00:00:00+00:00 [queued]>
[2024-04-02 17:19:55,117] {taskinstance.py:1159} INFO - Dependencies all met for <TaskInstance: get_stocks_dag.MSFT scheduled__2024-03-19T00:00:00+00:00 [queued]>
[2024-04-02 17:19:55,117] {taskinstance.py:1356} INFO - 
--------------------------------------------------------------------------------
[2024-04-02 17:19:55,117] {taskinstance.py:1357} INFO - Starting attempt 1 of 1
[2024-04-02 17:19:55,117] {taskinstance.py:1358} INFO - 
--------------------------------------------------------------------------------
[2024-04-02 17:19:55,240] {taskinstance.py:1377} INFO - Executing <Task(_PythonDecoratedOperator): MSFT> on 2024-03-19 00:00:00+00:00
[2024-04-02 17:19:55,280] {standard_task_runner.py:52} INFO - Started process 8983 to run task
[2024-04-02 17:19:55,350] {standard_task_runner.py:79} INFO - Running: ['airflow', 'tasks', 'run', 'get_stocks_dag', 'MSFT', 'scheduled__2024-03-19T00:00:00+00:00', '--job-id', '210', '--raw', '--subdir', 'DAGS_FOLDER/get_stocks.py', '--cfg-path', '/tmp/tmp8whb3q69', '--error-file', '/tmp/tmpa8k7yar0']
[2024-04-02 17:19:55,352] {standard_task_runner.py:80} INFO - Job 210: Subtask MSFT
[2024-04-02 17:19:55,880] {task_command.py:370} INFO - Running <TaskInstance: get_stocks_dag.MSFT scheduled__2024-03-19T00:00:00+00:00 [running]> on host alexmend-virtual-machine
[2024-04-02 17:19:56,532] {taskinstance.py:1569} INFO - Exporting the following env vars:
AIRFLOW_CTX_DAG_OWNER=airflow
AIRFLOW_CTX_DAG_ID=get_stocks_dag
AIRFLOW_CTX_TASK_ID=MSFT
AIRFLOW_CTX_EXECUTION_DATE=2024-03-19T00:00:00+00:00
AIRFLOW_CTX_TRY_NUMBER=1
AIRFLOW_CTX_DAG_RUN_ID=scheduled__2024-03-19T00:00:00+00:00
[2024-04-02 17:19:58,350] {python.py:173} INFO - Done. Returned value was: None
[2024-04-02 17:19:58,461] {taskinstance.py:1395} INFO - Marking task as SUCCESS. dag_id=get_stocks_dag, task_id=MSFT, execution_date=20240319T000000, start_date=20240402T201955, end_date=20240402T201958
[2024-04-02 17:19:58,698] {local_task_job.py:156} INFO - Task exited with return code 0
[2024-04-02 17:19:58,823] {local_task_job.py:273} INFO - 0 downstream tasks scheduled from follow-on schedule check
[2024-04-02 17:47:09,926] {taskinstance.py:1159} INFO - Dependencies all met for <TaskInstance: get_stocks_dag.MSFT scheduled__2024-03-19T00:00:00+00:00 [queued]>
[2024-04-02 17:47:09,978] {taskinstance.py:1159} INFO - Dependencies all met for <TaskInstance: get_stocks_dag.MSFT scheduled__2024-03-19T00:00:00+00:00 [queued]>
[2024-04-02 17:47:09,979] {taskinstance.py:1356} INFO - 
--------------------------------------------------------------------------------
[2024-04-02 17:47:09,980] {taskinstance.py:1357} INFO - Starting attempt 1 of 1
[2024-04-02 17:47:09,980] {taskinstance.py:1358} INFO - 
--------------------------------------------------------------------------------
[2024-04-02 17:47:10,062] {taskinstance.py:1377} INFO - Executing <Task(_PythonDecoratedOperator): MSFT> on 2024-03-19 00:00:00+00:00
[2024-04-02 17:47:10,081] {standard_task_runner.py:52} INFO - Started process 24337 to run task
[2024-04-02 17:47:10,110] {standard_task_runner.py:79} INFO - Running: ['airflow', 'tasks', 'run', 'get_stocks_dag', 'MSFT', 'scheduled__2024-03-19T00:00:00+00:00', '--job-id', '472', '--raw', '--subdir', 'DAGS_FOLDER/get_stocks.py', '--cfg-path', '/tmp/tmptx4575fc', '--error-file', '/tmp/tmpjla__kyd']
[2024-04-02 17:47:10,113] {standard_task_runner.py:80} INFO - Job 472: Subtask MSFT
[2024-04-02 17:47:10,465] {task_command.py:370} INFO - Running <TaskInstance: get_stocks_dag.MSFT scheduled__2024-03-19T00:00:00+00:00 [running]> on host alexmend-virtual-machine
[2024-04-02 17:47:11,042] {taskinstance.py:1569} INFO - Exporting the following env vars:
AIRFLOW_CTX_DAG_OWNER=airflow
AIRFLOW_CTX_DAG_ID=get_stocks_dag
AIRFLOW_CTX_TASK_ID=MSFT
AIRFLOW_CTX_EXECUTION_DATE=2024-03-19T00:00:00+00:00
AIRFLOW_CTX_TRY_NUMBER=1
AIRFLOW_CTX_DAG_RUN_ID=scheduled__2024-03-19T00:00:00+00:00
[2024-04-02 17:47:12,249] {python.py:173} INFO - Done. Returned value was: None
[2024-04-02 17:47:12,314] {taskinstance.py:1395} INFO - Marking task as SUCCESS. dag_id=get_stocks_dag, task_id=MSFT, execution_date=20240319T000000, start_date=20240402T204709, end_date=20240402T204712
[2024-04-02 17:47:12,478] {local_task_job.py:156} INFO - Task exited with return code 0
[2024-04-02 17:47:12,831] {local_task_job.py:273} INFO - 0 downstream tasks scheduled from follow-on schedule check
[2024-04-02 19:15:57,985] {taskinstance.py:1159} INFO - Dependencies all met for <TaskInstance: get_stocks_dag.MSFT scheduled__2024-03-19T00:00:00+00:00 [queued]>
[2024-04-02 19:15:58,004] {taskinstance.py:1159} INFO - Dependencies all met for <TaskInstance: get_stocks_dag.MSFT scheduled__2024-03-19T00:00:00+00:00 [queued]>
[2024-04-02 19:15:58,005] {taskinstance.py:1356} INFO - 
--------------------------------------------------------------------------------
[2024-04-02 19:15:58,006] {taskinstance.py:1357} INFO - Starting attempt 1 of 1
[2024-04-02 19:15:58,006] {taskinstance.py:1358} INFO - 
--------------------------------------------------------------------------------
[2024-04-02 19:15:58,030] {taskinstance.py:1377} INFO - Executing <Task(_PythonDecoratedOperator): MSFT> on 2024-03-19 00:00:00+00:00
[2024-04-02 19:15:58,038] {standard_task_runner.py:52} INFO - Started process 15410 to run task
[2024-04-02 19:15:58,046] {standard_task_runner.py:79} INFO - Running: ['airflow', 'tasks', 'run', 'get_stocks_dag', 'MSFT', 'scheduled__2024-03-19T00:00:00+00:00', '--job-id', '574', '--raw', '--subdir', 'DAGS_FOLDER/get_stocks.py', '--cfg-path', '/tmp/tmppgakpu5x', '--error-file', '/tmp/tmpz6_r5hiz']
[2024-04-02 19:15:58,048] {standard_task_runner.py:80} INFO - Job 574: Subtask MSFT
[2024-04-02 19:15:58,155] {task_command.py:370} INFO - Running <TaskInstance: get_stocks_dag.MSFT scheduled__2024-03-19T00:00:00+00:00 [running]> on host alexmend-virtual-machine
[2024-04-02 19:15:58,265] {taskinstance.py:1569} INFO - Exporting the following env vars:
AIRFLOW_CTX_DAG_OWNER=airflow
AIRFLOW_CTX_DAG_ID=get_stocks_dag
AIRFLOW_CTX_TASK_ID=MSFT
AIRFLOW_CTX_EXECUTION_DATE=2024-03-19T00:00:00+00:00
AIRFLOW_CTX_TRY_NUMBER=1
AIRFLOW_CTX_DAG_RUN_ID=scheduled__2024-03-19T00:00:00+00:00
[2024-04-02 19:15:58,989] {python.py:173} INFO - Done. Returned value was: None
[2024-04-02 19:15:59,018] {taskinstance.py:1395} INFO - Marking task as SUCCESS. dag_id=get_stocks_dag, task_id=MSFT, execution_date=20240319T000000, start_date=20240402T221557, end_date=20240402T221559
[2024-04-02 19:15:59,078] {local_task_job.py:156} INFO - Task exited with return code 0
[2024-04-02 19:15:59,139] {local_task_job.py:273} INFO - 0 downstream tasks scheduled from follow-on schedule check
[2024-04-02 20:39:50,854] {taskinstance.py:1159} INFO - Dependencies all met for <TaskInstance: get_stocks_dag.MSFT scheduled__2024-03-19T00:00:00+00:00 [queued]>
[2024-04-02 20:39:50,868] {taskinstance.py:1159} INFO - Dependencies all met for <TaskInstance: get_stocks_dag.MSFT scheduled__2024-03-19T00:00:00+00:00 [queued]>
[2024-04-02 20:39:50,869] {taskinstance.py:1356} INFO - 
--------------------------------------------------------------------------------
[2024-04-02 20:39:50,869] {taskinstance.py:1357} INFO - Starting attempt 1 of 1
[2024-04-02 20:39:50,869] {taskinstance.py:1358} INFO - 
--------------------------------------------------------------------------------
[2024-04-02 20:39:50,903] {taskinstance.py:1377} INFO - Executing <Task(_PythonDecoratedOperator): MSFT> on 2024-03-19 00:00:00+00:00
[2024-04-02 20:39:50,913] {standard_task_runner.py:52} INFO - Started process 26760 to run task
[2024-04-02 20:39:50,922] {standard_task_runner.py:79} INFO - Running: ['airflow', 'tasks', 'run', 'get_stocks_dag', 'MSFT', 'scheduled__2024-03-19T00:00:00+00:00', '--job-id', '673', '--raw', '--subdir', 'DAGS_FOLDER/get_stocks.py', '--cfg-path', '/tmp/tmp90ny99tm', '--error-file', '/tmp/tmpww77rb2z']
[2024-04-02 20:39:50,925] {standard_task_runner.py:80} INFO - Job 673: Subtask MSFT
[2024-04-02 20:39:51,061] {task_command.py:370} INFO - Running <TaskInstance: get_stocks_dag.MSFT scheduled__2024-03-19T00:00:00+00:00 [running]> on host alexmend-virtual-machine
[2024-04-02 20:39:51,284] {taskinstance.py:1569} INFO - Exporting the following env vars:
AIRFLOW_CTX_DAG_OWNER=airflow
AIRFLOW_CTX_DAG_ID=get_stocks_dag
AIRFLOW_CTX_TASK_ID=MSFT
AIRFLOW_CTX_EXECUTION_DATE=2024-03-19T00:00:00+00:00
AIRFLOW_CTX_TRY_NUMBER=1
AIRFLOW_CTX_DAG_RUN_ID=scheduled__2024-03-19T00:00:00+00:00
[2024-04-02 20:39:52,272] {python.py:173} INFO - Done. Returned value was: None
[2024-04-02 20:39:52,308] {taskinstance.py:1395} INFO - Marking task as SUCCESS. dag_id=get_stocks_dag, task_id=MSFT, execution_date=20240319T000000, start_date=20240402T233950, end_date=20240402T233952
[2024-04-02 20:39:52,386] {local_task_job.py:156} INFO - Task exited with return code 0
[2024-04-02 20:39:52,490] {local_task_job.py:273} INFO - 0 downstream tasks scheduled from follow-on schedule check
[2024-04-02 21:51:44,804] {taskinstance.py:1159} INFO - Dependencies all met for <TaskInstance: get_stocks_dag.MSFT scheduled__2024-03-19T00:00:00+00:00 [queued]>
[2024-04-02 21:51:44,852] {taskinstance.py:1159} INFO - Dependencies all met for <TaskInstance: get_stocks_dag.MSFT scheduled__2024-03-19T00:00:00+00:00 [queued]>
[2024-04-02 21:51:44,852] {taskinstance.py:1356} INFO - 
--------------------------------------------------------------------------------
[2024-04-02 21:51:44,852] {taskinstance.py:1357} INFO - Starting attempt 1 of 1
[2024-04-02 21:51:44,852] {taskinstance.py:1358} INFO - 
--------------------------------------------------------------------------------
[2024-04-02 21:51:44,920] {taskinstance.py:1377} INFO - Executing <Task(_PythonDecoratedOperator): MSFT> on 2024-03-19 00:00:00+00:00
[2024-04-02 21:51:44,932] {standard_task_runner.py:52} INFO - Started process 52273 to run task
[2024-04-02 21:51:44,953] {standard_task_runner.py:79} INFO - Running: ['airflow', 'tasks', 'run', 'get_stocks_dag', 'MSFT', 'scheduled__2024-03-19T00:00:00+00:00', '--job-id', '834', '--raw', '--subdir', 'DAGS_FOLDER/get_stocks.py', '--cfg-path', '/tmp/tmp2izzlejq', '--error-file', '/tmp/tmpxej93v1u']
[2024-04-02 21:51:44,963] {standard_task_runner.py:80} INFO - Job 834: Subtask MSFT
[2024-04-02 21:51:45,303] {task_command.py:370} INFO - Running <TaskInstance: get_stocks_dag.MSFT scheduled__2024-03-19T00:00:00+00:00 [running]> on host alexmend-virtual-machine
[2024-04-02 21:51:45,549] {taskinstance.py:1569} INFO - Exporting the following env vars:
AIRFLOW_CTX_DAG_OWNER=airflow
AIRFLOW_CTX_DAG_ID=get_stocks_dag
AIRFLOW_CTX_TASK_ID=MSFT
AIRFLOW_CTX_EXECUTION_DATE=2024-03-19T00:00:00+00:00
AIRFLOW_CTX_TRY_NUMBER=1
AIRFLOW_CTX_DAG_RUN_ID=scheduled__2024-03-19T00:00:00+00:00
[2024-04-02 21:51:56,234] {python.py:173} INFO - Done. Returned value was: None
[2024-04-02 21:51:56,274] {taskinstance.py:1395} INFO - Marking task as SUCCESS. dag_id=get_stocks_dag, task_id=MSFT, execution_date=20240319T000000, start_date=20240403T005144, end_date=20240403T005156
[2024-04-02 21:51:56,329] {local_task_job.py:156} INFO - Task exited with return code 0
[2024-04-02 21:51:56,448] {local_task_job.py:273} INFO - 0 downstream tasks scheduled from follow-on schedule check
[2024-04-02 23:07:52,848] {taskinstance.py:1159} INFO - Dependencies all met for <TaskInstance: get_stocks_dag.MSFT scheduled__2024-03-19T00:00:00+00:00 [queued]>
[2024-04-02 23:07:52,873] {taskinstance.py:1159} INFO - Dependencies all met for <TaskInstance: get_stocks_dag.MSFT scheduled__2024-03-19T00:00:00+00:00 [queued]>
[2024-04-02 23:07:52,875] {taskinstance.py:1356} INFO - 
--------------------------------------------------------------------------------
[2024-04-02 23:07:52,876] {taskinstance.py:1357} INFO - Starting attempt 1 of 1
[2024-04-02 23:07:52,876] {taskinstance.py:1358} INFO - 
--------------------------------------------------------------------------------
[2024-04-02 23:07:52,942] {taskinstance.py:1377} INFO - Executing <Task(_PythonDecoratedOperator): MSFT> on 2024-03-19 00:00:00+00:00
[2024-04-02 23:07:52,982] {standard_task_runner.py:52} INFO - Started process 80171 to run task
[2024-04-02 23:07:53,133] {standard_task_runner.py:79} INFO - Running: ['airflow', 'tasks', 'run', 'get_stocks_dag', 'MSFT', 'scheduled__2024-03-19T00:00:00+00:00', '--job-id', '1118', '--raw', '--subdir', 'DAGS_FOLDER/get_stocks.py', '--cfg-path', '/tmp/tmpftwrek9a', '--error-file', '/tmp/tmp13ryy0y2']
[2024-04-02 23:07:53,147] {standard_task_runner.py:80} INFO - Job 1118: Subtask MSFT
[2024-04-02 23:07:53,496] {task_command.py:370} INFO - Running <TaskInstance: get_stocks_dag.MSFT scheduled__2024-03-19T00:00:00+00:00 [running]> on host alexmend-virtual-machine
[2024-04-02 23:07:53,771] {taskinstance.py:1569} INFO - Exporting the following env vars:
AIRFLOW_CTX_DAG_OWNER=airflow
AIRFLOW_CTX_DAG_ID=get_stocks_dag
AIRFLOW_CTX_TASK_ID=MSFT
AIRFLOW_CTX_EXECUTION_DATE=2024-03-19T00:00:00+00:00
AIRFLOW_CTX_TRY_NUMBER=1
AIRFLOW_CTX_DAG_RUN_ID=scheduled__2024-03-19T00:00:00+00:00
[2024-04-02 23:08:04,615] {python.py:173} INFO - Done. Returned value was: None
[2024-04-02 23:08:04,661] {taskinstance.py:1395} INFO - Marking task as SUCCESS. dag_id=get_stocks_dag, task_id=MSFT, execution_date=20240319T000000, start_date=20240403T020752, end_date=20240403T020804
[2024-04-02 23:08:04,756] {local_task_job.py:156} INFO - Task exited with return code 0
[2024-04-02 23:08:04,953] {local_task_job.py:273} INFO - 0 downstream tasks scheduled from follow-on schedule check
