[2024-04-02 21:50:04,677] {taskinstance.py:1159} INFO - Dependencies all met for <TaskInstance: get_crypto_dag.BTC scheduled__2024-03-07T00:00:00+00:00 [queued]>
[2024-04-02 21:50:04,738] {taskinstance.py:1159} INFO - Dependencies all met for <TaskInstance: get_crypto_dag.BTC scheduled__2024-03-07T00:00:00+00:00 [queued]>
[2024-04-02 21:50:04,738] {taskinstance.py:1356} INFO - 
--------------------------------------------------------------------------------
[2024-04-02 21:50:04,739] {taskinstance.py:1357} INFO - Starting attempt 1 of 1
[2024-04-02 21:50:04,739] {taskinstance.py:1358} INFO - 
--------------------------------------------------------------------------------
[2024-04-02 21:50:04,809] {taskinstance.py:1377} INFO - Executing <Task(_PythonDecoratedOperator): BTC> on 2024-03-07 00:00:00+00:00
[2024-04-02 21:50:04,842] {standard_task_runner.py:52} INFO - Started process 50887 to run task
[2024-04-02 21:50:04,860] {standard_task_runner.py:79} INFO - Running: ['airflow', 'tasks', 'run', 'get_crypto_dag', 'BTC', 'scheduled__2024-03-07T00:00:00+00:00', '--job-id', '809', '--raw', '--subdir', 'DAGS_FOLDER/get_crypto.py', '--cfg-path', '/tmp/tmpictg1cev', '--error-file', '/tmp/tmpwwifrbrj']
[2024-04-02 21:50:04,863] {standard_task_runner.py:80} INFO - Job 809: Subtask BTC
[2024-04-02 21:50:05,113] {task_command.py:370} INFO - Running <TaskInstance: get_crypto_dag.BTC scheduled__2024-03-07T00:00:00+00:00 [running]> on host alexmend-virtual-machine
[2024-04-02 21:50:05,420] {taskinstance.py:1569} INFO - Exporting the following env vars:
AIRFLOW_CTX_DAG_OWNER=airflow
AIRFLOW_CTX_DAG_ID=get_crypto_dag
AIRFLOW_CTX_TASK_ID=BTC
AIRFLOW_CTX_EXECUTION_DATE=2024-03-07T00:00:00+00:00
AIRFLOW_CTX_TRY_NUMBER=1
AIRFLOW_CTX_DAG_RUN_ID=scheduled__2024-03-07T00:00:00+00:00
[2024-04-02 21:50:06,344] {history.py:222} ERROR - BTC: No price data found, symbol may be delisted (1h 2024-03-06 -> 2024-03-07)
[2024-04-02 21:50:16,362] {python.py:173} INFO - Done. Returned value was: None
[2024-04-02 21:50:16,396] {taskinstance.py:1395} INFO - Marking task as SUCCESS. dag_id=get_crypto_dag, task_id=BTC, execution_date=20240307T000000, start_date=20240403T005004, end_date=20240403T005016
[2024-04-02 21:50:16,466] {local_task_job.py:156} INFO - Task exited with return code 0
[2024-04-02 21:50:16,551] {local_task_job.py:273} INFO - 0 downstream tasks scheduled from follow-on schedule check
[2024-04-02 22:57:12,738] {taskinstance.py:1159} INFO - Dependencies all met for <TaskInstance: get_crypto_dag.BTC scheduled__2024-03-07T00:00:00+00:00 [queued]>
[2024-04-02 22:57:12,942] {taskinstance.py:1159} INFO - Dependencies all met for <TaskInstance: get_crypto_dag.BTC scheduled__2024-03-07T00:00:00+00:00 [queued]>
[2024-04-02 22:57:12,946] {taskinstance.py:1356} INFO - 
--------------------------------------------------------------------------------
[2024-04-02 22:57:12,949] {taskinstance.py:1357} INFO - Starting attempt 1 of 1
[2024-04-02 22:57:12,950] {taskinstance.py:1358} INFO - 
--------------------------------------------------------------------------------
[2024-04-02 22:57:13,160] {taskinstance.py:1377} INFO - Executing <Task(_PythonDecoratedOperator): BTC> on 2024-03-07 00:00:00+00:00
[2024-04-02 22:57:13,364] {standard_task_runner.py:52} INFO - Started process 74427 to run task
[2024-04-02 22:57:13,619] {standard_task_runner.py:79} INFO - Running: ['airflow', 'tasks', 'run', 'get_crypto_dag', 'BTC', 'scheduled__2024-03-07T00:00:00+00:00', '--job-id', '1042', '--raw', '--subdir', 'DAGS_FOLDER/get_crypto.py', '--cfg-path', '/tmp/tmpohpqv9p_', '--error-file', '/tmp/tmp6eia6oqs']
[2024-04-02 22:57:13,740] {standard_task_runner.py:80} INFO - Job 1042: Subtask BTC
[2024-04-02 22:57:15,331] {task_command.py:370} INFO - Running <TaskInstance: get_crypto_dag.BTC scheduled__2024-03-07T00:00:00+00:00 [running]> on host alexmend-virtual-machine
[2024-04-02 22:57:18,230] {taskinstance.py:1569} INFO - Exporting the following env vars:
AIRFLOW_CTX_DAG_OWNER=airflow
AIRFLOW_CTX_DAG_ID=get_crypto_dag
AIRFLOW_CTX_TASK_ID=BTC
AIRFLOW_CTX_EXECUTION_DATE=2024-03-07T00:00:00+00:00
AIRFLOW_CTX_TRY_NUMBER=1
AIRFLOW_CTX_DAG_RUN_ID=scheduled__2024-03-07T00:00:00+00:00
[2024-04-02 22:57:22,569] {history.py:222} ERROR - BTC: No price data found, symbol may be delisted (1h 2024-03-06 -> 2024-03-07)
[2024-04-02 22:57:32,656] {python.py:173} INFO - Done. Returned value was: None
[2024-04-02 22:57:33,896] {taskinstance.py:1395} INFO - Marking task as SUCCESS. dag_id=get_crypto_dag, task_id=BTC, execution_date=20240307T000000, start_date=20240403T015712, end_date=20240403T015733
[2024-04-02 22:57:34,362] {local_task_job.py:156} INFO - Task exited with return code 0
[2024-04-02 22:57:35,294] {local_task_job.py:273} INFO - 0 downstream tasks scheduled from follow-on schedule check
