[2024-04-02 13:09:05,216] {taskinstance.py:1159} INFO - Dependencies all met for <TaskInstance: get_stocks_dag.AAPL scheduled__2024-03-02T00:00:00+00:00 [queued]>
[2024-04-02 13:09:05,226] {taskinstance.py:1159} INFO - Dependencies all met for <TaskInstance: get_stocks_dag.AAPL scheduled__2024-03-02T00:00:00+00:00 [queued]>
[2024-04-02 13:09:05,227] {taskinstance.py:1356} INFO - 
--------------------------------------------------------------------------------
[2024-04-02 13:09:05,227] {taskinstance.py:1357} INFO - Starting attempt 1 of 1
[2024-04-02 13:09:05,227] {taskinstance.py:1358} INFO - 
--------------------------------------------------------------------------------
[2024-04-02 13:09:05,246] {taskinstance.py:1377} INFO - Executing <Task(_PythonDecoratedOperator): AAPL> on 2024-03-02 00:00:00+00:00
[2024-04-02 13:09:05,253] {standard_task_runner.py:52} INFO - Started process 12070 to run task
[2024-04-02 13:09:05,259] {standard_task_runner.py:79} INFO - Running: ['airflow', 'tasks', 'run', 'get_stocks_dag', 'AAPL', 'scheduled__2024-03-02T00:00:00+00:00', '--job-id', '183', '--raw', '--subdir', 'DAGS_FOLDER/get_stocks.py', '--cfg-path', '/tmp/tmp4hhb7g7w', '--error-file', '/tmp/tmppmpbfql0']
[2024-04-02 13:09:05,260] {standard_task_runner.py:80} INFO - Job 183: Subtask AAPL
[2024-04-02 13:09:05,329] {task_command.py:370} INFO - Running <TaskInstance: get_stocks_dag.AAPL scheduled__2024-03-02T00:00:00+00:00 [running]> on host alexmend-virtual-machine
[2024-04-02 13:09:05,428] {taskinstance.py:1569} INFO - Exporting the following env vars:
AIRFLOW_CTX_DAG_OWNER=airflow
AIRFLOW_CTX_DAG_ID=get_stocks_dag
AIRFLOW_CTX_TASK_ID=AAPL
AIRFLOW_CTX_EXECUTION_DATE=2024-03-02T00:00:00+00:00
AIRFLOW_CTX_TRY_NUMBER=1
AIRFLOW_CTX_DAG_RUN_ID=scheduled__2024-03-02T00:00:00+00:00
[2024-04-02 13:09:06,252] {python.py:173} INFO - Done. Returned value was: None
[2024-04-02 13:09:06,267] {taskinstance.py:1395} INFO - Marking task as SUCCESS. dag_id=get_stocks_dag, task_id=AAPL, execution_date=20240302T000000, start_date=20240402T160905, end_date=20240402T160906
[2024-04-02 13:09:06,325] {local_task_job.py:156} INFO - Task exited with return code 0
[2024-04-02 13:09:06,350] {local_task_job.py:273} INFO - 0 downstream tasks scheduled from follow-on schedule check
[2024-04-02 17:19:12,468] {taskinstance.py:1159} INFO - Dependencies all met for <TaskInstance: get_stocks_dag.AAPL scheduled__2024-03-02T00:00:00+00:00 [queued]>
[2024-04-02 17:19:12,602] {taskinstance.py:1159} INFO - Dependencies all met for <TaskInstance: get_stocks_dag.AAPL scheduled__2024-03-02T00:00:00+00:00 [queued]>
[2024-04-02 17:19:12,603] {taskinstance.py:1356} INFO - 
--------------------------------------------------------------------------------
[2024-04-02 17:19:12,603] {taskinstance.py:1357} INFO - Starting attempt 1 of 1
[2024-04-02 17:19:12,603] {taskinstance.py:1358} INFO - 
--------------------------------------------------------------------------------
[2024-04-02 17:19:12,732] {taskinstance.py:1377} INFO - Executing <Task(_PythonDecoratedOperator): AAPL> on 2024-03-02 00:00:00+00:00
[2024-04-02 17:19:12,758] {standard_task_runner.py:52} INFO - Started process 7716 to run task
[2024-04-02 17:19:12,892] {standard_task_runner.py:79} INFO - Running: ['airflow', 'tasks', 'run', 'get_stocks_dag', 'AAPL', 'scheduled__2024-03-02T00:00:00+00:00', '--job-id', '160', '--raw', '--subdir', 'DAGS_FOLDER/get_stocks.py', '--cfg-path', '/tmp/tmp_3jrk3ae', '--error-file', '/tmp/tmpckbvckm1']
[2024-04-02 17:19:12,954] {standard_task_runner.py:80} INFO - Job 160: Subtask AAPL
[2024-04-02 17:19:13,776] {task_command.py:370} INFO - Running <TaskInstance: get_stocks_dag.AAPL scheduled__2024-03-02T00:00:00+00:00 [running]> on host alexmend-virtual-machine
[2024-04-02 17:19:17,034] {taskinstance.py:1569} INFO - Exporting the following env vars:
AIRFLOW_CTX_DAG_OWNER=airflow
AIRFLOW_CTX_DAG_ID=get_stocks_dag
AIRFLOW_CTX_TASK_ID=AAPL
AIRFLOW_CTX_EXECUTION_DATE=2024-03-02T00:00:00+00:00
AIRFLOW_CTX_TRY_NUMBER=1
AIRFLOW_CTX_DAG_RUN_ID=scheduled__2024-03-02T00:00:00+00:00
[2024-04-02 17:19:18,379] {python.py:173} INFO - Done. Returned value was: None
[2024-04-02 17:19:19,096] {taskinstance.py:1395} INFO - Marking task as SUCCESS. dag_id=get_stocks_dag, task_id=AAPL, execution_date=20240302T000000, start_date=20240402T201912, end_date=20240402T201919
[2024-04-02 17:19:19,232] {local_task_job.py:156} INFO - Task exited with return code 0
[2024-04-02 17:19:19,413] {local_task_job.py:273} INFO - 0 downstream tasks scheduled from follow-on schedule check
[2024-04-02 17:45:54,411] {taskinstance.py:1159} INFO - Dependencies all met for <TaskInstance: get_stocks_dag.AAPL scheduled__2024-03-02T00:00:00+00:00 [queued]>
[2024-04-02 17:45:54,425] {taskinstance.py:1159} INFO - Dependencies all met for <TaskInstance: get_stocks_dag.AAPL scheduled__2024-03-02T00:00:00+00:00 [queued]>
[2024-04-02 17:45:54,425] {taskinstance.py:1356} INFO - 
--------------------------------------------------------------------------------
[2024-04-02 17:45:54,425] {taskinstance.py:1357} INFO - Starting attempt 1 of 1
[2024-04-02 17:45:54,425] {taskinstance.py:1358} INFO - 
--------------------------------------------------------------------------------
[2024-04-02 17:45:54,441] {taskinstance.py:1377} INFO - Executing <Task(_PythonDecoratedOperator): AAPL> on 2024-03-02 00:00:00+00:00
[2024-04-02 17:45:54,448] {standard_task_runner.py:52} INFO - Started process 22875 to run task
[2024-04-02 17:45:54,456] {standard_task_runner.py:79} INFO - Running: ['airflow', 'tasks', 'run', 'get_stocks_dag', 'AAPL', 'scheduled__2024-03-02T00:00:00+00:00', '--job-id', '427', '--raw', '--subdir', 'DAGS_FOLDER/get_stocks.py', '--cfg-path', '/tmp/tmptmcqpgj9', '--error-file', '/tmp/tmp3qybuc2o']
[2024-04-02 17:45:54,458] {standard_task_runner.py:80} INFO - Job 427: Subtask AAPL
[2024-04-02 17:45:54,589] {task_command.py:370} INFO - Running <TaskInstance: get_stocks_dag.AAPL scheduled__2024-03-02T00:00:00+00:00 [running]> on host alexmend-virtual-machine
[2024-04-02 17:45:54,732] {taskinstance.py:1569} INFO - Exporting the following env vars:
AIRFLOW_CTX_DAG_OWNER=airflow
AIRFLOW_CTX_DAG_ID=get_stocks_dag
AIRFLOW_CTX_TASK_ID=AAPL
AIRFLOW_CTX_EXECUTION_DATE=2024-03-02T00:00:00+00:00
AIRFLOW_CTX_TRY_NUMBER=1
AIRFLOW_CTX_DAG_RUN_ID=scheduled__2024-03-02T00:00:00+00:00
[2024-04-02 17:45:55,426] {python.py:173} INFO - Done. Returned value was: None
[2024-04-02 17:45:55,454] {taskinstance.py:1395} INFO - Marking task as SUCCESS. dag_id=get_stocks_dag, task_id=AAPL, execution_date=20240302T000000, start_date=20240402T204554, end_date=20240402T204555
[2024-04-02 17:45:55,518] {local_task_job.py:156} INFO - Task exited with return code 0
[2024-04-02 17:45:55,574] {local_task_job.py:273} INFO - 0 downstream tasks scheduled from follow-on schedule check
[2024-04-02 19:14:33,725] {taskinstance.py:1159} INFO - Dependencies all met for <TaskInstance: get_stocks_dag.AAPL scheduled__2024-03-02T00:00:00+00:00 [queued]>
[2024-04-02 19:14:33,758] {taskinstance.py:1159} INFO - Dependencies all met for <TaskInstance: get_stocks_dag.AAPL scheduled__2024-03-02T00:00:00+00:00 [queued]>
[2024-04-02 19:14:33,758] {taskinstance.py:1356} INFO - 
--------------------------------------------------------------------------------
[2024-04-02 19:14:33,759] {taskinstance.py:1357} INFO - Starting attempt 1 of 1
[2024-04-02 19:14:33,759] {taskinstance.py:1358} INFO - 
--------------------------------------------------------------------------------
[2024-04-02 19:14:33,800] {taskinstance.py:1377} INFO - Executing <Task(_PythonDecoratedOperator): AAPL> on 2024-03-02 00:00:00+00:00
[2024-04-02 19:14:33,823] {standard_task_runner.py:52} INFO - Started process 13741 to run task
[2024-04-02 19:14:33,849] {standard_task_runner.py:79} INFO - Running: ['airflow', 'tasks', 'run', 'get_stocks_dag', 'AAPL', 'scheduled__2024-03-02T00:00:00+00:00', '--job-id', '528', '--raw', '--subdir', 'DAGS_FOLDER/get_stocks.py', '--cfg-path', '/tmp/tmplzlgo36l', '--error-file', '/tmp/tmp_1r09we_']
[2024-04-02 19:14:33,853] {standard_task_runner.py:80} INFO - Job 528: Subtask AAPL
[2024-04-02 19:14:34,054] {task_command.py:370} INFO - Running <TaskInstance: get_stocks_dag.AAPL scheduled__2024-03-02T00:00:00+00:00 [running]> on host alexmend-virtual-machine
[2024-04-02 19:14:34,390] {taskinstance.py:1569} INFO - Exporting the following env vars:
AIRFLOW_CTX_DAG_OWNER=airflow
AIRFLOW_CTX_DAG_ID=get_stocks_dag
AIRFLOW_CTX_TASK_ID=AAPL
AIRFLOW_CTX_EXECUTION_DATE=2024-03-02T00:00:00+00:00
AIRFLOW_CTX_TRY_NUMBER=1
AIRFLOW_CTX_DAG_RUN_ID=scheduled__2024-03-02T00:00:00+00:00
[2024-04-02 19:14:35,294] {python.py:173} INFO - Done. Returned value was: None
[2024-04-02 19:14:35,336] {taskinstance.py:1395} INFO - Marking task as SUCCESS. dag_id=get_stocks_dag, task_id=AAPL, execution_date=20240302T000000, start_date=20240402T221433, end_date=20240402T221435
[2024-04-02 19:14:35,437] {local_task_job.py:156} INFO - Task exited with return code 0
[2024-04-02 19:14:35,679] {local_task_job.py:273} INFO - 0 downstream tasks scheduled from follow-on schedule check
[2024-04-02 20:38:18,302] {taskinstance.py:1159} INFO - Dependencies all met for <TaskInstance: get_stocks_dag.AAPL scheduled__2024-03-02T00:00:00+00:00 [queued]>
[2024-04-02 20:38:18,321] {taskinstance.py:1159} INFO - Dependencies all met for <TaskInstance: get_stocks_dag.AAPL scheduled__2024-03-02T00:00:00+00:00 [queued]>
[2024-04-02 20:38:18,323] {taskinstance.py:1356} INFO - 
--------------------------------------------------------------------------------
[2024-04-02 20:38:18,323] {taskinstance.py:1357} INFO - Starting attempt 1 of 1
[2024-04-02 20:38:18,324] {taskinstance.py:1358} INFO - 
--------------------------------------------------------------------------------
[2024-04-02 20:38:18,355] {taskinstance.py:1377} INFO - Executing <Task(_PythonDecoratedOperator): AAPL> on 2024-03-02 00:00:00+00:00
[2024-04-02 20:38:18,367] {standard_task_runner.py:52} INFO - Started process 25105 to run task
[2024-04-02 20:38:18,383] {standard_task_runner.py:79} INFO - Running: ['airflow', 'tasks', 'run', 'get_stocks_dag', 'AAPL', 'scheduled__2024-03-02T00:00:00+00:00', '--job-id', '630', '--raw', '--subdir', 'DAGS_FOLDER/get_stocks.py', '--cfg-path', '/tmp/tmp_h9u0zef', '--error-file', '/tmp/tmp8802rvrp']
[2024-04-02 20:38:18,385] {standard_task_runner.py:80} INFO - Job 630: Subtask AAPL
[2024-04-02 20:38:18,565] {task_command.py:370} INFO - Running <TaskInstance: get_stocks_dag.AAPL scheduled__2024-03-02T00:00:00+00:00 [running]> on host alexmend-virtual-machine
[2024-04-02 20:38:18,760] {taskinstance.py:1569} INFO - Exporting the following env vars:
AIRFLOW_CTX_DAG_OWNER=airflow
AIRFLOW_CTX_DAG_ID=get_stocks_dag
AIRFLOW_CTX_TASK_ID=AAPL
AIRFLOW_CTX_EXECUTION_DATE=2024-03-02T00:00:00+00:00
AIRFLOW_CTX_TRY_NUMBER=1
AIRFLOW_CTX_DAG_RUN_ID=scheduled__2024-03-02T00:00:00+00:00
[2024-04-02 20:38:19,399] {python.py:173} INFO - Done. Returned value was: None
[2024-04-02 20:38:19,433] {taskinstance.py:1395} INFO - Marking task as SUCCESS. dag_id=get_stocks_dag, task_id=AAPL, execution_date=20240302T000000, start_date=20240402T233818, end_date=20240402T233819
[2024-04-02 20:38:19,522] {local_task_job.py:156} INFO - Task exited with return code 0
[2024-04-02 20:38:19,600] {local_task_job.py:273} INFO - 0 downstream tasks scheduled from follow-on schedule check
[2024-04-02 21:45:32,297] {taskinstance.py:1159} INFO - Dependencies all met for <TaskInstance: get_stocks_dag.AAPL scheduled__2024-03-02T00:00:00+00:00 [queued]>
[2024-04-02 21:45:32,319] {taskinstance.py:1159} INFO - Dependencies all met for <TaskInstance: get_stocks_dag.AAPL scheduled__2024-03-02T00:00:00+00:00 [queued]>
[2024-04-02 21:45:32,319] {taskinstance.py:1356} INFO - 
--------------------------------------------------------------------------------
[2024-04-02 21:45:32,319] {taskinstance.py:1357} INFO - Starting attempt 1 of 1
[2024-04-02 21:45:32,320] {taskinstance.py:1358} INFO - 
--------------------------------------------------------------------------------
[2024-04-02 21:45:32,365] {taskinstance.py:1377} INFO - Executing <Task(_PythonDecoratedOperator): AAPL> on 2024-03-02 00:00:00+00:00
[2024-04-02 21:45:32,384] {standard_task_runner.py:52} INFO - Started process 47465 to run task
[2024-04-02 21:45:32,404] {standard_task_runner.py:79} INFO - Running: ['airflow', 'tasks', 'run', 'get_stocks_dag', 'AAPL', 'scheduled__2024-03-02T00:00:00+00:00', '--job-id', '747', '--raw', '--subdir', 'DAGS_FOLDER/get_stocks.py', '--cfg-path', '/tmp/tmpco8kv3mu', '--error-file', '/tmp/tmp8yvez27p']
[2024-04-02 21:45:32,407] {standard_task_runner.py:80} INFO - Job 747: Subtask AAPL
[2024-04-02 21:45:32,706] {task_command.py:370} INFO - Running <TaskInstance: get_stocks_dag.AAPL scheduled__2024-03-02T00:00:00+00:00 [running]> on host alexmend-virtual-machine
[2024-04-02 21:45:33,061] {taskinstance.py:1569} INFO - Exporting the following env vars:
AIRFLOW_CTX_DAG_OWNER=airflow
AIRFLOW_CTX_DAG_ID=get_stocks_dag
AIRFLOW_CTX_TASK_ID=AAPL
AIRFLOW_CTX_EXECUTION_DATE=2024-03-02T00:00:00+00:00
AIRFLOW_CTX_TRY_NUMBER=1
AIRFLOW_CTX_DAG_RUN_ID=scheduled__2024-03-02T00:00:00+00:00
[2024-04-02 21:45:43,962] {python.py:173} INFO - Done. Returned value was: None
[2024-04-02 21:45:44,035] {taskinstance.py:1395} INFO - Marking task as SUCCESS. dag_id=get_stocks_dag, task_id=AAPL, execution_date=20240302T000000, start_date=20240403T004532, end_date=20240403T004544
[2024-04-02 21:45:44,179] {local_task_job.py:156} INFO - Task exited with return code 0
[2024-04-02 21:45:44,294] {local_task_job.py:273} INFO - 0 downstream tasks scheduled from follow-on schedule check
[2024-04-02 22:51:59,789] {taskinstance.py:1159} INFO - Dependencies all met for <TaskInstance: get_stocks_dag.AAPL scheduled__2024-03-02T00:00:00+00:00 [queued]>
[2024-04-02 22:51:59,844] {taskinstance.py:1159} INFO - Dependencies all met for <TaskInstance: get_stocks_dag.AAPL scheduled__2024-03-02T00:00:00+00:00 [queued]>
[2024-04-02 22:51:59,845] {taskinstance.py:1356} INFO - 
--------------------------------------------------------------------------------
[2024-04-02 22:51:59,845] {taskinstance.py:1357} INFO - Starting attempt 1 of 1
[2024-04-02 22:51:59,846] {taskinstance.py:1358} INFO - 
--------------------------------------------------------------------------------
[2024-04-02 22:51:59,891] {taskinstance.py:1377} INFO - Executing <Task(_PythonDecoratedOperator): AAPL> on 2024-03-02 00:00:00+00:00
[2024-04-02 22:51:59,907] {standard_task_runner.py:52} INFO - Started process 71817 to run task
[2024-04-02 22:51:59,940] {standard_task_runner.py:79} INFO - Running: ['airflow', 'tasks', 'run', 'get_stocks_dag', 'AAPL', 'scheduled__2024-03-02T00:00:00+00:00', '--job-id', '1009', '--raw', '--subdir', 'DAGS_FOLDER/get_stocks.py', '--cfg-path', '/tmp/tmp5qw511tu', '--error-file', '/tmp/tmpgqje1div']
[2024-04-02 22:51:59,946] {standard_task_runner.py:80} INFO - Job 1009: Subtask AAPL
[2024-04-02 22:52:00,278] {task_command.py:370} INFO - Running <TaskInstance: get_stocks_dag.AAPL scheduled__2024-03-02T00:00:00+00:00 [running]> on host alexmend-virtual-machine
[2024-04-02 22:52:00,890] {taskinstance.py:1569} INFO - Exporting the following env vars:
AIRFLOW_CTX_DAG_OWNER=airflow
AIRFLOW_CTX_DAG_ID=get_stocks_dag
AIRFLOW_CTX_TASK_ID=AAPL
AIRFLOW_CTX_EXECUTION_DATE=2024-03-02T00:00:00+00:00
AIRFLOW_CTX_TRY_NUMBER=1
AIRFLOW_CTX_DAG_RUN_ID=scheduled__2024-03-02T00:00:00+00:00
[2024-04-02 22:52:11,707] {python.py:173} INFO - Done. Returned value was: None
[2024-04-02 22:52:11,780] {taskinstance.py:1395} INFO - Marking task as SUCCESS. dag_id=get_stocks_dag, task_id=AAPL, execution_date=20240302T000000, start_date=20240403T015159, end_date=20240403T015211
[2024-04-02 22:52:11,858] {local_task_job.py:156} INFO - Task exited with return code 0
[2024-04-02 22:52:11,999] {local_task_job.py:273} INFO - 0 downstream tasks scheduled from follow-on schedule check
