[2024-04-02 21:49:22,041] {taskinstance.py:1159} INFO - Dependencies all met for <TaskInstance: get_crypto_dag.AVAX scheduled__2024-03-06T00:00:00+00:00 [queued]>
[2024-04-02 21:49:22,112] {taskinstance.py:1159} INFO - Dependencies all met for <TaskInstance: get_crypto_dag.AVAX scheduled__2024-03-06T00:00:00+00:00 [queued]>
[2024-04-02 21:49:22,118] {taskinstance.py:1356} INFO - 
--------------------------------------------------------------------------------
[2024-04-02 21:49:22,118] {taskinstance.py:1357} INFO - Starting attempt 1 of 1
[2024-04-02 21:49:22,118] {taskinstance.py:1358} INFO - 
--------------------------------------------------------------------------------
[2024-04-02 21:49:22,154] {taskinstance.py:1377} INFO - Executing <Task(_PythonDecoratedOperator): AVAX> on 2024-03-06 00:00:00+00:00
[2024-04-02 21:49:22,170] {standard_task_runner.py:52} INFO - Started process 50326 to run task
[2024-04-02 21:49:22,204] {standard_task_runner.py:79} INFO - Running: ['airflow', 'tasks', 'run', 'get_crypto_dag', 'AVAX', 'scheduled__2024-03-06T00:00:00+00:00', '--job-id', '798', '--raw', '--subdir', 'DAGS_FOLDER/get_crypto.py', '--cfg-path', '/tmp/tmp0z7z4sa5', '--error-file', '/tmp/tmpfiowquzv']
[2024-04-02 21:49:22,209] {standard_task_runner.py:80} INFO - Job 798: Subtask AVAX
[2024-04-02 21:49:22,501] {task_command.py:370} INFO - Running <TaskInstance: get_crypto_dag.AVAX scheduled__2024-03-06T00:00:00+00:00 [running]> on host alexmend-virtual-machine
[2024-04-02 21:49:22,955] {taskinstance.py:1569} INFO - Exporting the following env vars:
AIRFLOW_CTX_DAG_OWNER=airflow
AIRFLOW_CTX_DAG_ID=get_crypto_dag
AIRFLOW_CTX_TASK_ID=AVAX
AIRFLOW_CTX_EXECUTION_DATE=2024-03-06T00:00:00+00:00
AIRFLOW_CTX_TRY_NUMBER=1
AIRFLOW_CTX_DAG_RUN_ID=scheduled__2024-03-06T00:00:00+00:00
[2024-04-02 21:49:27,073] {history.py:90} ERROR - AVAX: No timezone found, symbol may be delisted
[2024-04-02 21:49:37,114] {python.py:173} INFO - Done. Returned value was: None
[2024-04-02 21:49:37,189] {taskinstance.py:1395} INFO - Marking task as SUCCESS. dag_id=get_crypto_dag, task_id=AVAX, execution_date=20240306T000000, start_date=20240403T004922, end_date=20240403T004937
[2024-04-02 21:49:37,317] {local_task_job.py:156} INFO - Task exited with return code 0
[2024-04-02 21:49:37,440] {local_task_job.py:273} INFO - 0 downstream tasks scheduled from follow-on schedule check
[2024-04-02 22:55:40,149] {taskinstance.py:1159} INFO - Dependencies all met for <TaskInstance: get_crypto_dag.AVAX scheduled__2024-03-06T00:00:00+00:00 [queued]>
[2024-04-02 22:55:40,176] {taskinstance.py:1159} INFO - Dependencies all met for <TaskInstance: get_crypto_dag.AVAX scheduled__2024-03-06T00:00:00+00:00 [queued]>
[2024-04-02 22:55:40,177] {taskinstance.py:1356} INFO - 
--------------------------------------------------------------------------------
[2024-04-02 22:55:40,180] {taskinstance.py:1357} INFO - Starting attempt 1 of 1
[2024-04-02 22:55:40,180] {taskinstance.py:1358} INFO - 
--------------------------------------------------------------------------------
[2024-04-02 22:55:40,220] {taskinstance.py:1377} INFO - Executing <Task(_PythonDecoratedOperator): AVAX> on 2024-03-06 00:00:00+00:00
[2024-04-02 22:55:40,230] {standard_task_runner.py:52} INFO - Started process 73852 to run task
[2024-04-02 22:55:40,242] {standard_task_runner.py:79} INFO - Running: ['airflow', 'tasks', 'run', 'get_crypto_dag', 'AVAX', 'scheduled__2024-03-06T00:00:00+00:00', '--job-id', '1035', '--raw', '--subdir', 'DAGS_FOLDER/get_crypto.py', '--cfg-path', '/tmp/tmpcmfaol59', '--error-file', '/tmp/tmp__kkx1m7']
[2024-04-02 22:55:40,251] {standard_task_runner.py:80} INFO - Job 1035: Subtask AVAX
[2024-04-02 22:55:40,445] {task_command.py:370} INFO - Running <TaskInstance: get_crypto_dag.AVAX scheduled__2024-03-06T00:00:00+00:00 [running]> on host alexmend-virtual-machine
[2024-04-02 22:55:40,662] {taskinstance.py:1569} INFO - Exporting the following env vars:
AIRFLOW_CTX_DAG_OWNER=airflow
AIRFLOW_CTX_DAG_ID=get_crypto_dag
AIRFLOW_CTX_TASK_ID=AVAX
AIRFLOW_CTX_EXECUTION_DATE=2024-03-06T00:00:00+00:00
AIRFLOW_CTX_TRY_NUMBER=1
AIRFLOW_CTX_DAG_RUN_ID=scheduled__2024-03-06T00:00:00+00:00
[2024-04-02 22:55:44,334] {history.py:90} ERROR - AVAX: No timezone found, symbol may be delisted
[2024-04-02 22:55:54,356] {python.py:173} INFO - Done. Returned value was: None
[2024-04-02 22:55:54,420] {taskinstance.py:1395} INFO - Marking task as SUCCESS. dag_id=get_crypto_dag, task_id=AVAX, execution_date=20240306T000000, start_date=20240403T015540, end_date=20240403T015554
[2024-04-02 22:55:54,493] {local_task_job.py:156} INFO - Task exited with return code 0
[2024-04-02 22:55:54,597] {local_task_job.py:273} INFO - 0 downstream tasks scheduled from follow-on schedule check
