[2024-04-02 13:12:34,590] {taskinstance.py:1159} INFO - Dependencies all met for <TaskInstance: get_stocks_dag.MSFT scheduled__2024-03-21T00:00:00+00:00 [queued]>
[2024-04-02 13:12:34,611] {taskinstance.py:1159} INFO - Dependencies all met for <TaskInstance: get_stocks_dag.MSFT scheduled__2024-03-21T00:00:00+00:00 [queued]>
[2024-04-02 13:12:34,611] {taskinstance.py:1356} INFO - 
--------------------------------------------------------------------------------
[2024-04-02 13:12:34,611] {taskinstance.py:1357} INFO - Starting attempt 1 of 1
[2024-04-02 13:12:34,611] {taskinstance.py:1358} INFO - 
--------------------------------------------------------------------------------
[2024-04-02 13:12:34,643] {taskinstance.py:1377} INFO - Executing <Task(_PythonDecoratedOperator): MSFT> on 2024-03-21 00:00:00+00:00
[2024-04-02 13:12:34,652] {standard_task_runner.py:52} INFO - Started process 13290 to run task
[2024-04-02 13:12:34,657] {standard_task_runner.py:79} INFO - Running: ['airflow', 'tasks', 'run', 'get_stocks_dag', 'MSFT', 'scheduled__2024-03-21T00:00:00+00:00', '--job-id', '236', '--raw', '--subdir', 'DAGS_FOLDER/get_stocks.py', '--cfg-path', '/tmp/tmpmbl4hv_b', '--error-file', '/tmp/tmp9jwrcu9a']
[2024-04-02 13:12:34,658] {standard_task_runner.py:80} INFO - Job 236: Subtask MSFT
[2024-04-02 13:12:34,717] {task_command.py:370} INFO - Running <TaskInstance: get_stocks_dag.MSFT scheduled__2024-03-21T00:00:00+00:00 [running]> on host alexmend-virtual-machine
[2024-04-02 13:12:34,801] {taskinstance.py:1569} INFO - Exporting the following env vars:
AIRFLOW_CTX_DAG_OWNER=airflow
AIRFLOW_CTX_DAG_ID=get_stocks_dag
AIRFLOW_CTX_TASK_ID=MSFT
AIRFLOW_CTX_EXECUTION_DATE=2024-03-21T00:00:00+00:00
AIRFLOW_CTX_TRY_NUMBER=1
AIRFLOW_CTX_DAG_RUN_ID=scheduled__2024-03-21T00:00:00+00:00
[2024-04-02 13:12:35,428] {python.py:173} INFO - Done. Returned value was: None
[2024-04-02 13:12:35,438] {taskinstance.py:1395} INFO - Marking task as SUCCESS. dag_id=get_stocks_dag, task_id=MSFT, execution_date=20240321T000000, start_date=20240402T161234, end_date=20240402T161235
[2024-04-02 13:12:35,473] {local_task_job.py:156} INFO - Task exited with return code 0
[2024-04-02 13:12:35,502] {local_task_job.py:273} INFO - 0 downstream tasks scheduled from follow-on schedule check
[2024-04-02 17:20:02,973] {taskinstance.py:1159} INFO - Dependencies all met for <TaskInstance: get_stocks_dag.MSFT scheduled__2024-03-21T00:00:00+00:00 [queued]>
[2024-04-02 17:20:03,111] {taskinstance.py:1159} INFO - Dependencies all met for <TaskInstance: get_stocks_dag.MSFT scheduled__2024-03-21T00:00:00+00:00 [queued]>
[2024-04-02 17:20:03,124] {taskinstance.py:1356} INFO - 
--------------------------------------------------------------------------------
[2024-04-02 17:20:03,124] {taskinstance.py:1357} INFO - Starting attempt 1 of 1
[2024-04-02 17:20:03,128] {taskinstance.py:1358} INFO - 
--------------------------------------------------------------------------------
[2024-04-02 17:20:03,309] {taskinstance.py:1377} INFO - Executing <Task(_PythonDecoratedOperator): MSFT> on 2024-03-21 00:00:00+00:00
[2024-04-02 17:20:03,386] {standard_task_runner.py:52} INFO - Started process 9223 to run task
[2024-04-02 17:20:03,429] {standard_task_runner.py:79} INFO - Running: ['airflow', 'tasks', 'run', 'get_stocks_dag', 'MSFT', 'scheduled__2024-03-21T00:00:00+00:00', '--job-id', '219', '--raw', '--subdir', 'DAGS_FOLDER/get_stocks.py', '--cfg-path', '/tmp/tmpa45dtqwn', '--error-file', '/tmp/tmprhp3o3xp']
[2024-04-02 17:20:03,456] {standard_task_runner.py:80} INFO - Job 219: Subtask MSFT
[2024-04-02 17:20:04,295] {task_command.py:370} INFO - Running <TaskInstance: get_stocks_dag.MSFT scheduled__2024-03-21T00:00:00+00:00 [running]> on host alexmend-virtual-machine
[2024-04-02 17:20:05,068] {taskinstance.py:1569} INFO - Exporting the following env vars:
AIRFLOW_CTX_DAG_OWNER=airflow
AIRFLOW_CTX_DAG_ID=get_stocks_dag
AIRFLOW_CTX_TASK_ID=MSFT
AIRFLOW_CTX_EXECUTION_DATE=2024-03-21T00:00:00+00:00
AIRFLOW_CTX_TRY_NUMBER=1
AIRFLOW_CTX_DAG_RUN_ID=scheduled__2024-03-21T00:00:00+00:00
[2024-04-02 17:20:06,580] {python.py:173} INFO - Done. Returned value was: None
[2024-04-02 17:20:06,785] {taskinstance.py:1395} INFO - Marking task as SUCCESS. dag_id=get_stocks_dag, task_id=MSFT, execution_date=20240321T000000, start_date=20240402T202002, end_date=20240402T202006
[2024-04-02 17:20:07,129] {local_task_job.py:156} INFO - Task exited with return code 0
[2024-04-02 17:20:07,396] {local_task_job.py:273} INFO - 0 downstream tasks scheduled from follow-on schedule check
[2024-04-02 17:47:24,505] {taskinstance.py:1159} INFO - Dependencies all met for <TaskInstance: get_stocks_dag.MSFT scheduled__2024-03-21T00:00:00+00:00 [queued]>
[2024-04-02 17:47:24,528] {taskinstance.py:1159} INFO - Dependencies all met for <TaskInstance: get_stocks_dag.MSFT scheduled__2024-03-21T00:00:00+00:00 [queued]>
[2024-04-02 17:47:24,528] {taskinstance.py:1356} INFO - 
--------------------------------------------------------------------------------
[2024-04-02 17:47:24,529] {taskinstance.py:1357} INFO - Starting attempt 1 of 1
[2024-04-02 17:47:24,529] {taskinstance.py:1358} INFO - 
--------------------------------------------------------------------------------
[2024-04-02 17:47:24,555] {taskinstance.py:1377} INFO - Executing <Task(_PythonDecoratedOperator): MSFT> on 2024-03-21 00:00:00+00:00
[2024-04-02 17:47:24,563] {standard_task_runner.py:52} INFO - Started process 24506 to run task
[2024-04-02 17:47:24,576] {standard_task_runner.py:79} INFO - Running: ['airflow', 'tasks', 'run', 'get_stocks_dag', 'MSFT', 'scheduled__2024-03-21T00:00:00+00:00', '--job-id', '478', '--raw', '--subdir', 'DAGS_FOLDER/get_stocks.py', '--cfg-path', '/tmp/tmp8ysq13bn', '--error-file', '/tmp/tmpow_j6eju']
[2024-04-02 17:47:24,578] {standard_task_runner.py:80} INFO - Job 478: Subtask MSFT
[2024-04-02 17:47:24,736] {task_command.py:370} INFO - Running <TaskInstance: get_stocks_dag.MSFT scheduled__2024-03-21T00:00:00+00:00 [running]> on host alexmend-virtual-machine
[2024-04-02 17:47:24,916] {taskinstance.py:1569} INFO - Exporting the following env vars:
AIRFLOW_CTX_DAG_OWNER=airflow
AIRFLOW_CTX_DAG_ID=get_stocks_dag
AIRFLOW_CTX_TASK_ID=MSFT
AIRFLOW_CTX_EXECUTION_DATE=2024-03-21T00:00:00+00:00
AIRFLOW_CTX_TRY_NUMBER=1
AIRFLOW_CTX_DAG_RUN_ID=scheduled__2024-03-21T00:00:00+00:00
[2024-04-02 17:47:25,955] {python.py:173} INFO - Done. Returned value was: None
[2024-04-02 17:47:25,988] {taskinstance.py:1395} INFO - Marking task as SUCCESS. dag_id=get_stocks_dag, task_id=MSFT, execution_date=20240321T000000, start_date=20240402T204724, end_date=20240402T204725
[2024-04-02 17:47:26,033] {local_task_job.py:156} INFO - Task exited with return code 0
[2024-04-02 17:47:26,109] {local_task_job.py:273} INFO - 0 downstream tasks scheduled from follow-on schedule check
[2024-04-02 19:16:09,952] {taskinstance.py:1159} INFO - Dependencies all met for <TaskInstance: get_stocks_dag.MSFT scheduled__2024-03-21T00:00:00+00:00 [queued]>
[2024-04-02 19:16:09,963] {taskinstance.py:1159} INFO - Dependencies all met for <TaskInstance: get_stocks_dag.MSFT scheduled__2024-03-21T00:00:00+00:00 [queued]>
[2024-04-02 19:16:09,963] {taskinstance.py:1356} INFO - 
--------------------------------------------------------------------------------
[2024-04-02 19:16:09,964] {taskinstance.py:1357} INFO - Starting attempt 1 of 1
[2024-04-02 19:16:09,964] {taskinstance.py:1358} INFO - 
--------------------------------------------------------------------------------
[2024-04-02 19:16:09,983] {taskinstance.py:1377} INFO - Executing <Task(_PythonDecoratedOperator): MSFT> on 2024-03-21 00:00:00+00:00
[2024-04-02 19:16:09,991] {standard_task_runner.py:52} INFO - Started process 15677 to run task
[2024-04-02 19:16:10,002] {standard_task_runner.py:79} INFO - Running: ['airflow', 'tasks', 'run', 'get_stocks_dag', 'MSFT', 'scheduled__2024-03-21T00:00:00+00:00', '--job-id', '581', '--raw', '--subdir', 'DAGS_FOLDER/get_stocks.py', '--cfg-path', '/tmp/tmpmakg9jed', '--error-file', '/tmp/tmptuzqpvgy']
[2024-04-02 19:16:10,005] {standard_task_runner.py:80} INFO - Job 581: Subtask MSFT
[2024-04-02 19:16:10,249] {task_command.py:370} INFO - Running <TaskInstance: get_stocks_dag.MSFT scheduled__2024-03-21T00:00:00+00:00 [running]> on host alexmend-virtual-machine
[2024-04-02 19:16:10,443] {taskinstance.py:1569} INFO - Exporting the following env vars:
AIRFLOW_CTX_DAG_OWNER=airflow
AIRFLOW_CTX_DAG_ID=get_stocks_dag
AIRFLOW_CTX_TASK_ID=MSFT
AIRFLOW_CTX_EXECUTION_DATE=2024-03-21T00:00:00+00:00
AIRFLOW_CTX_TRY_NUMBER=1
AIRFLOW_CTX_DAG_RUN_ID=scheduled__2024-03-21T00:00:00+00:00
[2024-04-02 19:16:11,477] {python.py:173} INFO - Done. Returned value was: None
[2024-04-02 19:16:11,505] {taskinstance.py:1395} INFO - Marking task as SUCCESS. dag_id=get_stocks_dag, task_id=MSFT, execution_date=20240321T000000, start_date=20240402T221609, end_date=20240402T221611
[2024-04-02 19:16:11,549] {local_task_job.py:156} INFO - Task exited with return code 0
[2024-04-02 19:16:11,613] {local_task_job.py:273} INFO - 0 downstream tasks scheduled from follow-on schedule check
[2024-04-02 20:40:12,316] {taskinstance.py:1159} INFO - Dependencies all met for <TaskInstance: get_stocks_dag.MSFT scheduled__2024-03-21T00:00:00+00:00 [queued]>
[2024-04-02 20:40:12,332] {taskinstance.py:1159} INFO - Dependencies all met for <TaskInstance: get_stocks_dag.MSFT scheduled__2024-03-21T00:00:00+00:00 [queued]>
[2024-04-02 20:40:12,332] {taskinstance.py:1356} INFO - 
--------------------------------------------------------------------------------
[2024-04-02 20:40:12,332] {taskinstance.py:1357} INFO - Starting attempt 1 of 1
[2024-04-02 20:40:12,332] {taskinstance.py:1358} INFO - 
--------------------------------------------------------------------------------
[2024-04-02 20:40:12,360] {taskinstance.py:1377} INFO - Executing <Task(_PythonDecoratedOperator): MSFT> on 2024-03-21 00:00:00+00:00
[2024-04-02 20:40:12,369] {standard_task_runner.py:52} INFO - Started process 27132 to run task
[2024-04-02 20:40:12,377] {standard_task_runner.py:79} INFO - Running: ['airflow', 'tasks', 'run', 'get_stocks_dag', 'MSFT', 'scheduled__2024-03-21T00:00:00+00:00', '--job-id', '683', '--raw', '--subdir', 'DAGS_FOLDER/get_stocks.py', '--cfg-path', '/tmp/tmpb8jlmgjq', '--error-file', '/tmp/tmp3e49am3i']
[2024-04-02 20:40:12,379] {standard_task_runner.py:80} INFO - Job 683: Subtask MSFT
[2024-04-02 20:40:12,563] {task_command.py:370} INFO - Running <TaskInstance: get_stocks_dag.MSFT scheduled__2024-03-21T00:00:00+00:00 [running]> on host alexmend-virtual-machine
[2024-04-02 20:40:12,730] {taskinstance.py:1569} INFO - Exporting the following env vars:
AIRFLOW_CTX_DAG_OWNER=airflow
AIRFLOW_CTX_DAG_ID=get_stocks_dag
AIRFLOW_CTX_TASK_ID=MSFT
AIRFLOW_CTX_EXECUTION_DATE=2024-03-21T00:00:00+00:00
AIRFLOW_CTX_TRY_NUMBER=1
AIRFLOW_CTX_DAG_RUN_ID=scheduled__2024-03-21T00:00:00+00:00
[2024-04-02 20:40:14,157] {python.py:173} INFO - Done. Returned value was: None
[2024-04-02 20:40:14,594] {taskinstance.py:1395} INFO - Marking task as SUCCESS. dag_id=get_stocks_dag, task_id=MSFT, execution_date=20240321T000000, start_date=20240402T234012, end_date=20240402T234014
[2024-04-02 20:40:14,739] {local_task_job.py:156} INFO - Task exited with return code 0
[2024-04-02 20:40:14,839] {local_task_job.py:273} INFO - 0 downstream tasks scheduled from follow-on schedule check
[2024-04-02 21:53:26,616] {taskinstance.py:1159} INFO - Dependencies all met for <TaskInstance: get_stocks_dag.MSFT scheduled__2024-03-21T00:00:00+00:00 [queued]>
[2024-04-02 21:53:27,252] {taskinstance.py:1159} INFO - Dependencies all met for <TaskInstance: get_stocks_dag.MSFT scheduled__2024-03-21T00:00:00+00:00 [queued]>
[2024-04-02 21:53:27,253] {taskinstance.py:1356} INFO - 
--------------------------------------------------------------------------------
[2024-04-02 21:53:27,253] {taskinstance.py:1357} INFO - Starting attempt 1 of 1
[2024-04-02 21:53:27,275] {taskinstance.py:1358} INFO - 
--------------------------------------------------------------------------------
[2024-04-02 21:53:28,389] {taskinstance.py:1377} INFO - Executing <Task(_PythonDecoratedOperator): MSFT> on 2024-03-21 00:00:00+00:00
[2024-04-02 21:53:28,651] {standard_task_runner.py:52} INFO - Started process 53166 to run task
[2024-04-02 21:53:28,995] {standard_task_runner.py:79} INFO - Running: ['airflow', 'tasks', 'run', 'get_stocks_dag', 'MSFT', 'scheduled__2024-03-21T00:00:00+00:00', '--job-id', '848', '--raw', '--subdir', 'DAGS_FOLDER/get_stocks.py', '--cfg-path', '/tmp/tmp5lbcas9u', '--error-file', '/tmp/tmpgnkh1h6h']
[2024-04-02 21:53:29,020] {standard_task_runner.py:80} INFO - Job 848: Subtask MSFT
[2024-04-02 21:53:33,812] {task_command.py:370} INFO - Running <TaskInstance: get_stocks_dag.MSFT scheduled__2024-03-21T00:00:00+00:00 [running]> on host alexmend-virtual-machine
[2024-04-02 21:53:38,067] {taskinstance.py:1569} INFO - Exporting the following env vars:
AIRFLOW_CTX_DAG_OWNER=airflow
AIRFLOW_CTX_DAG_ID=get_stocks_dag
AIRFLOW_CTX_TASK_ID=MSFT
AIRFLOW_CTX_EXECUTION_DATE=2024-03-21T00:00:00+00:00
AIRFLOW_CTX_TRY_NUMBER=1
AIRFLOW_CTX_DAG_RUN_ID=scheduled__2024-03-21T00:00:00+00:00
[2024-04-02 21:53:56,324] {python.py:173} INFO - Done. Returned value was: None
[2024-04-02 21:53:57,459] {taskinstance.py:1395} INFO - Marking task as SUCCESS. dag_id=get_stocks_dag, task_id=MSFT, execution_date=20240321T000000, start_date=20240403T005326, end_date=20240403T005357
[2024-04-02 21:53:58,229] {local_task_job.py:156} INFO - Task exited with return code 0
[2024-04-02 21:53:59,016] {local_task_job.py:273} INFO - 0 downstream tasks scheduled from follow-on schedule check
[2024-04-02 23:10:15,554] {taskinstance.py:1159} INFO - Dependencies all met for <TaskInstance: get_stocks_dag.MSFT scheduled__2024-03-21T00:00:00+00:00 [queued]>
[2024-04-02 23:10:15,585] {taskinstance.py:1159} INFO - Dependencies all met for <TaskInstance: get_stocks_dag.MSFT scheduled__2024-03-21T00:00:00+00:00 [queued]>
[2024-04-02 23:10:15,586] {taskinstance.py:1356} INFO - 
--------------------------------------------------------------------------------
[2024-04-02 23:10:15,587] {taskinstance.py:1357} INFO - Starting attempt 1 of 1
[2024-04-02 23:10:15,588] {taskinstance.py:1358} INFO - 
--------------------------------------------------------------------------------
[2024-04-02 23:10:15,612] {taskinstance.py:1377} INFO - Executing <Task(_PythonDecoratedOperator): MSFT> on 2024-03-21 00:00:00+00:00
[2024-04-02 23:10:15,623] {standard_task_runner.py:52} INFO - Started process 81594 to run task
[2024-04-02 23:10:15,633] {standard_task_runner.py:79} INFO - Running: ['airflow', 'tasks', 'run', 'get_stocks_dag', 'MSFT', 'scheduled__2024-03-21T00:00:00+00:00', '--job-id', '1137', '--raw', '--subdir', 'DAGS_FOLDER/get_stocks.py', '--cfg-path', '/tmp/tmpkhyoemyn', '--error-file', '/tmp/tmpuq04clbu']
[2024-04-02 23:10:15,637] {standard_task_runner.py:80} INFO - Job 1137: Subtask MSFT
[2024-04-02 23:10:15,805] {task_command.py:370} INFO - Running <TaskInstance: get_stocks_dag.MSFT scheduled__2024-03-21T00:00:00+00:00 [running]> on host alexmend-virtual-machine
[2024-04-02 23:10:16,005] {taskinstance.py:1569} INFO - Exporting the following env vars:
AIRFLOW_CTX_DAG_OWNER=airflow
AIRFLOW_CTX_DAG_ID=get_stocks_dag
AIRFLOW_CTX_TASK_ID=MSFT
AIRFLOW_CTX_EXECUTION_DATE=2024-03-21T00:00:00+00:00
AIRFLOW_CTX_TRY_NUMBER=1
AIRFLOW_CTX_DAG_RUN_ID=scheduled__2024-03-21T00:00:00+00:00
[2024-04-02 23:10:26,683] {python.py:173} INFO - Done. Returned value was: None
[2024-04-02 23:10:26,733] {taskinstance.py:1395} INFO - Marking task as SUCCESS. dag_id=get_stocks_dag, task_id=MSFT, execution_date=20240321T000000, start_date=20240403T021015, end_date=20240403T021026
[2024-04-02 23:10:26,847] {local_task_job.py:156} INFO - Task exited with return code 0
[2024-04-02 23:10:26,968] {local_task_job.py:273} INFO - 0 downstream tasks scheduled from follow-on schedule check
