[2024-04-02 12:57:13,547] {taskinstance.py:1159} INFO - Dependencies all met for <TaskInstance: get_stocks_dag.GOOG scheduled__2024-01-05T00:00:00+00:00 [queued]>
[2024-04-02 12:57:13,555] {taskinstance.py:1159} INFO - Dependencies all met for <TaskInstance: get_stocks_dag.GOOG scheduled__2024-01-05T00:00:00+00:00 [queued]>
[2024-04-02 12:57:13,556] {taskinstance.py:1356} INFO - 
--------------------------------------------------------------------------------
[2024-04-02 12:57:13,556] {taskinstance.py:1357} INFO - Starting attempt 1 of 1
[2024-04-02 12:57:13,556] {taskinstance.py:1358} INFO - 
--------------------------------------------------------------------------------
[2024-04-02 12:57:13,579] {taskinstance.py:1377} INFO - Executing <Task(_PythonDecoratedOperator): GOOG> on 2024-01-05 00:00:00+00:00
[2024-04-02 12:57:13,584] {standard_task_runner.py:52} INFO - Started process 8096 to run task
[2024-04-02 12:57:13,589] {standard_task_runner.py:79} INFO - Running: ['airflow', 'tasks', 'run', 'get_stocks_dag', 'GOOG', 'scheduled__2024-01-05T00:00:00+00:00', '--job-id', '21', '--raw', '--subdir', 'DAGS_FOLDER/get_stocks.py', '--cfg-path', '/tmp/tmpa9q6j00a', '--error-file', '/tmp/tmp2loc4vu3']
[2024-04-02 12:57:13,590] {standard_task_runner.py:80} INFO - Job 21: Subtask GOOG
[2024-04-02 12:57:13,657] {task_command.py:370} INFO - Running <TaskInstance: get_stocks_dag.GOOG scheduled__2024-01-05T00:00:00+00:00 [running]> on host alexmend-virtual-machine
[2024-04-02 12:57:13,734] {taskinstance.py:1569} INFO - Exporting the following env vars:
AIRFLOW_CTX_DAG_OWNER=airflow
AIRFLOW_CTX_DAG_ID=get_stocks_dag
AIRFLOW_CTX_TASK_ID=GOOG
AIRFLOW_CTX_EXECUTION_DATE=2024-01-05T00:00:00+00:00
AIRFLOW_CTX_TRY_NUMBER=1
AIRFLOW_CTX_DAG_RUN_ID=scheduled__2024-01-05T00:00:00+00:00
[2024-04-02 12:57:14,454] {python.py:173} INFO - Done. Returned value was: None
[2024-04-02 12:57:14,469] {taskinstance.py:1395} INFO - Marking task as SUCCESS. dag_id=get_stocks_dag, task_id=GOOG, execution_date=20240105T000000, start_date=20240402T155713, end_date=20240402T155714
[2024-04-02 12:57:14,530] {local_task_job.py:156} INFO - Task exited with return code 0
[2024-04-02 12:57:14,563] {local_task_job.py:273} INFO - 0 downstream tasks scheduled from follow-on schedule check
[2024-04-02 17:41:55,533] {taskinstance.py:1159} INFO - Dependencies all met for <TaskInstance: get_stocks_dag.GOOG scheduled__2024-01-05T00:00:00+00:00 [queued]>
[2024-04-02 17:41:55,553] {taskinstance.py:1159} INFO - Dependencies all met for <TaskInstance: get_stocks_dag.GOOG scheduled__2024-01-05T00:00:00+00:00 [queued]>
[2024-04-02 17:41:55,553] {taskinstance.py:1356} INFO - 
--------------------------------------------------------------------------------
[2024-04-02 17:41:55,553] {taskinstance.py:1357} INFO - Starting attempt 1 of 1
[2024-04-02 17:41:55,553] {taskinstance.py:1358} INFO - 
--------------------------------------------------------------------------------
[2024-04-02 17:41:55,574] {taskinstance.py:1377} INFO - Executing <Task(_PythonDecoratedOperator): GOOG> on 2024-01-05 00:00:00+00:00
[2024-04-02 17:41:55,585] {standard_task_runner.py:52} INFO - Started process 18154 to run task
[2024-04-02 17:41:55,605] {standard_task_runner.py:79} INFO - Running: ['airflow', 'tasks', 'run', 'get_stocks_dag', 'GOOG', 'scheduled__2024-01-05T00:00:00+00:00', '--job-id', '266', '--raw', '--subdir', 'DAGS_FOLDER/get_stocks.py', '--cfg-path', '/tmp/tmpt02nf38m', '--error-file', '/tmp/tmp_g0o1uex']
[2024-04-02 17:41:55,607] {standard_task_runner.py:80} INFO - Job 266: Subtask GOOG
[2024-04-02 17:41:55,802] {task_command.py:370} INFO - Running <TaskInstance: get_stocks_dag.GOOG scheduled__2024-01-05T00:00:00+00:00 [running]> on host alexmend-virtual-machine
[2024-04-02 17:41:55,996] {taskinstance.py:1569} INFO - Exporting the following env vars:
AIRFLOW_CTX_DAG_OWNER=airflow
AIRFLOW_CTX_DAG_ID=get_stocks_dag
AIRFLOW_CTX_TASK_ID=GOOG
AIRFLOW_CTX_EXECUTION_DATE=2024-01-05T00:00:00+00:00
AIRFLOW_CTX_TRY_NUMBER=1
AIRFLOW_CTX_DAG_RUN_ID=scheduled__2024-01-05T00:00:00+00:00
[2024-04-02 17:41:56,718] {python.py:173} INFO - Done. Returned value was: None
[2024-04-02 17:41:56,742] {taskinstance.py:1395} INFO - Marking task as SUCCESS. dag_id=get_stocks_dag, task_id=GOOG, execution_date=20240105T000000, start_date=20240402T204155, end_date=20240402T204156
[2024-04-02 17:41:56,783] {local_task_job.py:156} INFO - Task exited with return code 0
[2024-04-02 17:41:56,847] {local_task_job.py:273} INFO - 0 downstream tasks scheduled from follow-on schedule check
