[2024-04-02 13:13:32,482] {taskinstance.py:1159} INFO - Dependencies all met for <TaskInstance: get_stocks_dag.AAPL scheduled__2024-03-27T00:00:00+00:00 [queued]>
[2024-04-02 13:13:32,493] {taskinstance.py:1159} INFO - Dependencies all met for <TaskInstance: get_stocks_dag.AAPL scheduled__2024-03-27T00:00:00+00:00 [queued]>
[2024-04-02 13:13:32,493] {taskinstance.py:1356} INFO - 
--------------------------------------------------------------------------------
[2024-04-02 13:13:32,493] {taskinstance.py:1357} INFO - Starting attempt 1 of 1
[2024-04-02 13:13:32,493] {taskinstance.py:1358} INFO - 
--------------------------------------------------------------------------------
[2024-04-02 13:13:32,520] {taskinstance.py:1377} INFO - Executing <Task(_PythonDecoratedOperator): AAPL> on 2024-03-27 00:00:00+00:00
[2024-04-02 13:13:32,526] {standard_task_runner.py:52} INFO - Started process 13639 to run task
[2024-04-02 13:13:32,531] {standard_task_runner.py:79} INFO - Running: ['airflow', 'tasks', 'run', 'get_stocks_dag', 'AAPL', 'scheduled__2024-03-27T00:00:00+00:00', '--job-id', '251', '--raw', '--subdir', 'DAGS_FOLDER/get_stocks.py', '--cfg-path', '/tmp/tmpf9mpimcn', '--error-file', '/tmp/tmpojd3c1t3']
[2024-04-02 13:13:32,532] {standard_task_runner.py:80} INFO - Job 251: Subtask AAPL
[2024-04-02 13:13:32,587] {task_command.py:370} INFO - Running <TaskInstance: get_stocks_dag.AAPL scheduled__2024-03-27T00:00:00+00:00 [running]> on host alexmend-virtual-machine
[2024-04-02 13:13:32,668] {taskinstance.py:1569} INFO - Exporting the following env vars:
AIRFLOW_CTX_DAG_OWNER=airflow
AIRFLOW_CTX_DAG_ID=get_stocks_dag
AIRFLOW_CTX_TASK_ID=AAPL
AIRFLOW_CTX_EXECUTION_DATE=2024-03-27T00:00:00+00:00
AIRFLOW_CTX_TRY_NUMBER=1
AIRFLOW_CTX_DAG_RUN_ID=scheduled__2024-03-27T00:00:00+00:00
[2024-04-02 13:13:33,519] {python.py:173} INFO - Done. Returned value was: None
[2024-04-02 13:13:33,530] {taskinstance.py:1395} INFO - Marking task as SUCCESS. dag_id=get_stocks_dag, task_id=AAPL, execution_date=20240327T000000, start_date=20240402T161332, end_date=20240402T161333
[2024-04-02 13:13:33,591] {local_task_job.py:156} INFO - Task exited with return code 0
[2024-04-02 13:13:33,623] {local_task_job.py:273} INFO - 0 downstream tasks scheduled from follow-on schedule check
[2024-04-02 17:20:14,572] {taskinstance.py:1159} INFO - Dependencies all met for <TaskInstance: get_stocks_dag.AAPL scheduled__2024-03-27T00:00:00+00:00 [queued]>
[2024-04-02 17:20:14,614] {taskinstance.py:1159} INFO - Dependencies all met for <TaskInstance: get_stocks_dag.AAPL scheduled__2024-03-27T00:00:00+00:00 [queued]>
[2024-04-02 17:20:14,615] {taskinstance.py:1356} INFO - 
--------------------------------------------------------------------------------
[2024-04-02 17:20:14,616] {taskinstance.py:1357} INFO - Starting attempt 1 of 1
[2024-04-02 17:20:14,616] {taskinstance.py:1358} INFO - 
--------------------------------------------------------------------------------
[2024-04-02 17:20:14,676] {taskinstance.py:1377} INFO - Executing <Task(_PythonDecoratedOperator): AAPL> on 2024-03-27 00:00:00+00:00
[2024-04-02 17:20:14,683] {standard_task_runner.py:52} INFO - Started process 9607 to run task
[2024-04-02 17:20:14,709] {standard_task_runner.py:79} INFO - Running: ['airflow', 'tasks', 'run', 'get_stocks_dag', 'AAPL', 'scheduled__2024-03-27T00:00:00+00:00', '--job-id', '233', '--raw', '--subdir', 'DAGS_FOLDER/get_stocks.py', '--cfg-path', '/tmp/tmpc877t4cp', '--error-file', '/tmp/tmpozy_dx6h']
[2024-04-02 17:20:14,710] {standard_task_runner.py:80} INFO - Job 233: Subtask AAPL
[2024-04-02 17:20:14,880] {task_command.py:370} INFO - Running <TaskInstance: get_stocks_dag.AAPL scheduled__2024-03-27T00:00:00+00:00 [running]> on host alexmend-virtual-machine
[2024-04-02 17:20:15,083] {taskinstance.py:1569} INFO - Exporting the following env vars:
AIRFLOW_CTX_DAG_OWNER=airflow
AIRFLOW_CTX_DAG_ID=get_stocks_dag
AIRFLOW_CTX_TASK_ID=AAPL
AIRFLOW_CTX_EXECUTION_DATE=2024-03-27T00:00:00+00:00
AIRFLOW_CTX_TRY_NUMBER=1
AIRFLOW_CTX_DAG_RUN_ID=scheduled__2024-03-27T00:00:00+00:00
[2024-04-02 17:20:15,814] {python.py:173} INFO - Done. Returned value was: None
[2024-04-02 17:20:15,839] {taskinstance.py:1395} INFO - Marking task as SUCCESS. dag_id=get_stocks_dag, task_id=AAPL, execution_date=20240327T000000, start_date=20240402T202014, end_date=20240402T202015
[2024-04-02 17:20:15,900] {local_task_job.py:156} INFO - Task exited with return code 0
[2024-04-02 17:20:15,986] {local_task_job.py:273} INFO - 0 downstream tasks scheduled from follow-on schedule check
[2024-04-02 17:47:58,104] {taskinstance.py:1159} INFO - Dependencies all met for <TaskInstance: get_stocks_dag.AAPL scheduled__2024-03-27T00:00:00+00:00 [queued]>
[2024-04-02 17:47:58,134] {taskinstance.py:1159} INFO - Dependencies all met for <TaskInstance: get_stocks_dag.AAPL scheduled__2024-03-27T00:00:00+00:00 [queued]>
[2024-04-02 17:47:58,135] {taskinstance.py:1356} INFO - 
--------------------------------------------------------------------------------
[2024-04-02 17:47:58,135] {taskinstance.py:1357} INFO - Starting attempt 1 of 1
[2024-04-02 17:47:58,135] {taskinstance.py:1358} INFO - 
--------------------------------------------------------------------------------
[2024-04-02 17:47:58,163] {taskinstance.py:1377} INFO - Executing <Task(_PythonDecoratedOperator): AAPL> on 2024-03-27 00:00:00+00:00
[2024-04-02 17:47:58,183] {standard_task_runner.py:52} INFO - Started process 25029 to run task
[2024-04-02 17:47:58,197] {standard_task_runner.py:79} INFO - Running: ['airflow', 'tasks', 'run', 'get_stocks_dag', 'AAPL', 'scheduled__2024-03-27T00:00:00+00:00', '--job-id', '495', '--raw', '--subdir', 'DAGS_FOLDER/get_stocks.py', '--cfg-path', '/tmp/tmppfkb_2ma', '--error-file', '/tmp/tmpceyqsaye']
[2024-04-02 17:47:58,200] {standard_task_runner.py:80} INFO - Job 495: Subtask AAPL
[2024-04-02 17:47:58,419] {task_command.py:370} INFO - Running <TaskInstance: get_stocks_dag.AAPL scheduled__2024-03-27T00:00:00+00:00 [running]> on host alexmend-virtual-machine
[2024-04-02 17:47:58,616] {taskinstance.py:1569} INFO - Exporting the following env vars:
AIRFLOW_CTX_DAG_OWNER=airflow
AIRFLOW_CTX_DAG_ID=get_stocks_dag
AIRFLOW_CTX_TASK_ID=AAPL
AIRFLOW_CTX_EXECUTION_DATE=2024-03-27T00:00:00+00:00
AIRFLOW_CTX_TRY_NUMBER=1
AIRFLOW_CTX_DAG_RUN_ID=scheduled__2024-03-27T00:00:00+00:00
[2024-04-02 17:47:59,269] {python.py:173} INFO - Done. Returned value was: None
[2024-04-02 17:47:59,312] {taskinstance.py:1395} INFO - Marking task as SUCCESS. dag_id=get_stocks_dag, task_id=AAPL, execution_date=20240327T000000, start_date=20240402T204758, end_date=20240402T204759
[2024-04-02 17:47:59,389] {local_task_job.py:156} INFO - Task exited with return code 0
[2024-04-02 17:47:59,523] {local_task_job.py:273} INFO - 0 downstream tasks scheduled from follow-on schedule check
[2024-04-02 19:16:35,639] {taskinstance.py:1159} INFO - Dependencies all met for <TaskInstance: get_stocks_dag.AAPL scheduled__2024-03-27T00:00:00+00:00 [queued]>
[2024-04-02 19:16:35,651] {taskinstance.py:1159} INFO - Dependencies all met for <TaskInstance: get_stocks_dag.AAPL scheduled__2024-03-27T00:00:00+00:00 [queued]>
[2024-04-02 19:16:35,651] {taskinstance.py:1356} INFO - 
--------------------------------------------------------------------------------
[2024-04-02 19:16:35,651] {taskinstance.py:1357} INFO - Starting attempt 1 of 1
[2024-04-02 19:16:35,651] {taskinstance.py:1358} INFO - 
--------------------------------------------------------------------------------
[2024-04-02 19:16:35,671] {taskinstance.py:1377} INFO - Executing <Task(_PythonDecoratedOperator): AAPL> on 2024-03-27 00:00:00+00:00
[2024-04-02 19:16:35,677] {standard_task_runner.py:52} INFO - Started process 16208 to run task
[2024-04-02 19:16:35,684] {standard_task_runner.py:79} INFO - Running: ['airflow', 'tasks', 'run', 'get_stocks_dag', 'AAPL', 'scheduled__2024-03-27T00:00:00+00:00', '--job-id', '596', '--raw', '--subdir', 'DAGS_FOLDER/get_stocks.py', '--cfg-path', '/tmp/tmpyv91rmv3', '--error-file', '/tmp/tmpqszambk9']
[2024-04-02 19:16:35,685] {standard_task_runner.py:80} INFO - Job 596: Subtask AAPL
[2024-04-02 19:16:35,773] {task_command.py:370} INFO - Running <TaskInstance: get_stocks_dag.AAPL scheduled__2024-03-27T00:00:00+00:00 [running]> on host alexmend-virtual-machine
[2024-04-02 19:16:35,869] {taskinstance.py:1569} INFO - Exporting the following env vars:
AIRFLOW_CTX_DAG_OWNER=airflow
AIRFLOW_CTX_DAG_ID=get_stocks_dag
AIRFLOW_CTX_TASK_ID=AAPL
AIRFLOW_CTX_EXECUTION_DATE=2024-03-27T00:00:00+00:00
AIRFLOW_CTX_TRY_NUMBER=1
AIRFLOW_CTX_DAG_RUN_ID=scheduled__2024-03-27T00:00:00+00:00
[2024-04-02 19:16:36,449] {python.py:173} INFO - Done. Returned value was: None
[2024-04-02 19:16:36,476] {taskinstance.py:1395} INFO - Marking task as SUCCESS. dag_id=get_stocks_dag, task_id=AAPL, execution_date=20240327T000000, start_date=20240402T221635, end_date=20240402T221636
[2024-04-02 19:16:36,508] {local_task_job.py:156} INFO - Task exited with return code 0
[2024-04-02 19:16:36,575] {local_task_job.py:273} INFO - 0 downstream tasks scheduled from follow-on schedule check
[2024-04-02 20:40:40,090] {taskinstance.py:1159} INFO - Dependencies all met for <TaskInstance: get_stocks_dag.AAPL scheduled__2024-03-27T00:00:00+00:00 [queued]>
[2024-04-02 20:40:40,114] {taskinstance.py:1159} INFO - Dependencies all met for <TaskInstance: get_stocks_dag.AAPL scheduled__2024-03-27T00:00:00+00:00 [queued]>
[2024-04-02 20:40:40,114] {taskinstance.py:1356} INFO - 
--------------------------------------------------------------------------------
[2024-04-02 20:40:40,115] {taskinstance.py:1357} INFO - Starting attempt 1 of 1
[2024-04-02 20:40:40,115] {taskinstance.py:1358} INFO - 
--------------------------------------------------------------------------------
[2024-04-02 20:40:40,133] {taskinstance.py:1377} INFO - Executing <Task(_PythonDecoratedOperator): AAPL> on 2024-03-27 00:00:00+00:00
[2024-04-02 20:40:40,142] {standard_task_runner.py:52} INFO - Started process 27668 to run task
[2024-04-02 20:40:40,149] {standard_task_runner.py:79} INFO - Running: ['airflow', 'tasks', 'run', 'get_stocks_dag', 'AAPL', 'scheduled__2024-03-27T00:00:00+00:00', '--job-id', '697', '--raw', '--subdir', 'DAGS_FOLDER/get_stocks.py', '--cfg-path', '/tmp/tmp75qpuk5x', '--error-file', '/tmp/tmpwsuhzjl2']
[2024-04-02 20:40:40,151] {standard_task_runner.py:80} INFO - Job 697: Subtask AAPL
[2024-04-02 20:40:40,255] {task_command.py:370} INFO - Running <TaskInstance: get_stocks_dag.AAPL scheduled__2024-03-27T00:00:00+00:00 [running]> on host alexmend-virtual-machine
[2024-04-02 20:40:40,403] {taskinstance.py:1569} INFO - Exporting the following env vars:
AIRFLOW_CTX_DAG_OWNER=airflow
AIRFLOW_CTX_DAG_ID=get_stocks_dag
AIRFLOW_CTX_TASK_ID=AAPL
AIRFLOW_CTX_EXECUTION_DATE=2024-03-27T00:00:00+00:00
AIRFLOW_CTX_TRY_NUMBER=1
AIRFLOW_CTX_DAG_RUN_ID=scheduled__2024-03-27T00:00:00+00:00
[2024-04-02 20:40:41,070] {python.py:173} INFO - Done. Returned value was: None
[2024-04-02 20:40:41,095] {taskinstance.py:1395} INFO - Marking task as SUCCESS. dag_id=get_stocks_dag, task_id=AAPL, execution_date=20240327T000000, start_date=20240402T234040, end_date=20240402T234041
[2024-04-02 20:40:41,129] {local_task_job.py:156} INFO - Task exited with return code 0
[2024-04-02 20:40:41,206] {local_task_job.py:273} INFO - 0 downstream tasks scheduled from follow-on schedule check
[2024-04-02 21:56:09,726] {taskinstance.py:1159} INFO - Dependencies all met for <TaskInstance: get_stocks_dag.AAPL scheduled__2024-03-27T00:00:00+00:00 [queued]>
[2024-04-02 21:56:09,749] {taskinstance.py:1159} INFO - Dependencies all met for <TaskInstance: get_stocks_dag.AAPL scheduled__2024-03-27T00:00:00+00:00 [queued]>
[2024-04-02 21:56:09,750] {taskinstance.py:1356} INFO - 
--------------------------------------------------------------------------------
[2024-04-02 21:56:09,751] {taskinstance.py:1357} INFO - Starting attempt 1 of 1
[2024-04-02 21:56:09,751] {taskinstance.py:1358} INFO - 
--------------------------------------------------------------------------------
[2024-04-02 21:56:09,776] {taskinstance.py:1377} INFO - Executing <Task(_PythonDecoratedOperator): AAPL> on 2024-03-27 00:00:00+00:00
[2024-04-02 21:56:09,802] {standard_task_runner.py:52} INFO - Started process 54877 to run task
[2024-04-02 21:56:09,814] {standard_task_runner.py:79} INFO - Running: ['airflow', 'tasks', 'run', 'get_stocks_dag', 'AAPL', 'scheduled__2024-03-27T00:00:00+00:00', '--job-id', '880', '--raw', '--subdir', 'DAGS_FOLDER/get_stocks.py', '--cfg-path', '/tmp/tmp9a2lwvdt', '--error-file', '/tmp/tmpjsc9tj9r']
[2024-04-02 21:56:09,817] {standard_task_runner.py:80} INFO - Job 880: Subtask AAPL
[2024-04-02 21:56:10,027] {task_command.py:370} INFO - Running <TaskInstance: get_stocks_dag.AAPL scheduled__2024-03-27T00:00:00+00:00 [running]> on host alexmend-virtual-machine
[2024-04-02 21:56:10,201] {taskinstance.py:1569} INFO - Exporting the following env vars:
AIRFLOW_CTX_DAG_OWNER=airflow
AIRFLOW_CTX_DAG_ID=get_stocks_dag
AIRFLOW_CTX_TASK_ID=AAPL
AIRFLOW_CTX_EXECUTION_DATE=2024-03-27T00:00:00+00:00
AIRFLOW_CTX_TRY_NUMBER=1
AIRFLOW_CTX_DAG_RUN_ID=scheduled__2024-03-27T00:00:00+00:00
[2024-04-02 21:56:20,865] {python.py:173} INFO - Done. Returned value was: None
[2024-04-02 21:56:20,895] {taskinstance.py:1395} INFO - Marking task as SUCCESS. dag_id=get_stocks_dag, task_id=AAPL, execution_date=20240327T000000, start_date=20240403T005609, end_date=20240403T005620
[2024-04-02 21:56:20,943] {local_task_job.py:156} INFO - Task exited with return code 0
[2024-04-02 21:56:21,002] {local_task_job.py:273} INFO - 0 downstream tasks scheduled from follow-on schedule check
[2024-04-02 23:15:50,269] {taskinstance.py:1159} INFO - Dependencies all met for <TaskInstance: get_stocks_dag.AAPL scheduled__2024-03-27T00:00:00+00:00 [queued]>
[2024-04-02 23:15:50,367] {taskinstance.py:1159} INFO - Dependencies all met for <TaskInstance: get_stocks_dag.AAPL scheduled__2024-03-27T00:00:00+00:00 [queued]>
[2024-04-02 23:15:50,368] {taskinstance.py:1356} INFO - 
--------------------------------------------------------------------------------
[2024-04-02 23:15:50,369] {taskinstance.py:1357} INFO - Starting attempt 1 of 1
[2024-04-02 23:15:50,369] {taskinstance.py:1358} INFO - 
--------------------------------------------------------------------------------
[2024-04-02 23:15:50,496] {taskinstance.py:1377} INFO - Executing <Task(_PythonDecoratedOperator): AAPL> on 2024-03-27 00:00:00+00:00
[2024-04-02 23:15:50,519] {standard_task_runner.py:52} INFO - Started process 84453 to run task
[2024-04-02 23:15:50,580] {standard_task_runner.py:79} INFO - Running: ['airflow', 'tasks', 'run', 'get_stocks_dag', 'AAPL', 'scheduled__2024-03-27T00:00:00+00:00', '--job-id', '1173', '--raw', '--subdir', 'DAGS_FOLDER/get_stocks.py', '--cfg-path', '/tmp/tmp3kqd2cs5', '--error-file', '/tmp/tmpk8fdck_h']
[2024-04-02 23:15:50,602] {standard_task_runner.py:80} INFO - Job 1173: Subtask AAPL
[2024-04-02 23:15:51,188] {task_command.py:370} INFO - Running <TaskInstance: get_stocks_dag.AAPL scheduled__2024-03-27T00:00:00+00:00 [running]> on host alexmend-virtual-machine
[2024-04-02 23:15:51,988] {taskinstance.py:1569} INFO - Exporting the following env vars:
AIRFLOW_CTX_DAG_OWNER=airflow
AIRFLOW_CTX_DAG_ID=get_stocks_dag
AIRFLOW_CTX_TASK_ID=AAPL
AIRFLOW_CTX_EXECUTION_DATE=2024-03-27T00:00:00+00:00
AIRFLOW_CTX_TRY_NUMBER=1
AIRFLOW_CTX_DAG_RUN_ID=scheduled__2024-03-27T00:00:00+00:00
[2024-04-02 23:16:03,479] {python.py:173} INFO - Done. Returned value was: None
[2024-04-02 23:16:03,706] {taskinstance.py:1395} INFO - Marking task as SUCCESS. dag_id=get_stocks_dag, task_id=AAPL, execution_date=20240327T000000, start_date=20240403T021550, end_date=20240403T021603
[2024-04-02 23:16:04,030] {local_task_job.py:156} INFO - Task exited with return code 0
[2024-04-02 23:16:04,415] {local_task_job.py:273} INFO - 0 downstream tasks scheduled from follow-on schedule check
