[2024-04-02 22:02:35,076] {taskinstance.py:1159} INFO - Dependencies all met for <TaskInstance: get_crypto_dag.BTC scheduled__2024-03-28T00:00:00+00:00 [queued]>
[2024-04-02 22:02:35,095] {taskinstance.py:1159} INFO - Dependencies all met for <TaskInstance: get_crypto_dag.BTC scheduled__2024-03-28T00:00:00+00:00 [queued]>
[2024-04-02 22:02:35,095] {taskinstance.py:1356} INFO - 
--------------------------------------------------------------------------------
[2024-04-02 22:02:35,095] {taskinstance.py:1357} INFO - Starting attempt 1 of 1
[2024-04-02 22:02:35,096] {taskinstance.py:1358} INFO - 
--------------------------------------------------------------------------------
[2024-04-02 22:02:35,120] {taskinstance.py:1377} INFO - Executing <Task(_PythonDecoratedOperator): BTC> on 2024-03-28 00:00:00+00:00
[2024-04-02 22:02:35,129] {standard_task_runner.py:52} INFO - Started process 59355 to run task
[2024-04-02 22:02:35,136] {standard_task_runner.py:79} INFO - Running: ['airflow', 'tasks', 'run', 'get_crypto_dag', 'BTC', 'scheduled__2024-03-28T00:00:00+00:00', '--job-id', '945', '--raw', '--subdir', 'DAGS_FOLDER/get_crypto.py', '--cfg-path', '/tmp/tmppx72j867', '--error-file', '/tmp/tmpvbnoyg6q']
[2024-04-02 22:02:35,138] {standard_task_runner.py:80} INFO - Job 945: Subtask BTC
[2024-04-02 22:02:35,295] {task_command.py:370} INFO - Running <TaskInstance: get_crypto_dag.BTC scheduled__2024-03-28T00:00:00+00:00 [running]> on host alexmend-virtual-machine
[2024-04-02 22:02:35,425] {taskinstance.py:1569} INFO - Exporting the following env vars:
AIRFLOW_CTX_DAG_OWNER=airflow
AIRFLOW_CTX_DAG_ID=get_crypto_dag
AIRFLOW_CTX_TASK_ID=BTC
AIRFLOW_CTX_EXECUTION_DATE=2024-03-28T00:00:00+00:00
AIRFLOW_CTX_TRY_NUMBER=1
AIRFLOW_CTX_DAG_RUN_ID=scheduled__2024-03-28T00:00:00+00:00
[2024-04-02 22:02:36,388] {history.py:222} ERROR - BTC: No price data found, symbol may be delisted (1h 2024-03-27 -> 2024-03-28)
[2024-04-02 22:02:46,405] {python.py:173} INFO - Done. Returned value was: None
[2024-04-02 22:02:46,443] {taskinstance.py:1395} INFO - Marking task as SUCCESS. dag_id=get_crypto_dag, task_id=BTC, execution_date=20240328T000000, start_date=20240403T010235, end_date=20240403T010246
[2024-04-02 22:02:46,495] {local_task_job.py:156} INFO - Task exited with return code 0
[2024-04-02 22:02:46,564] {local_task_job.py:273} INFO - 0 downstream tasks scheduled from follow-on schedule check
[2024-04-02 23:17:52,301] {taskinstance.py:1159} INFO - Dependencies all met for <TaskInstance: get_crypto_dag.BTC scheduled__2024-03-28T00:00:00+00:00 [queued]>
[2024-04-02 23:17:52,327] {taskinstance.py:1159} INFO - Dependencies all met for <TaskInstance: get_crypto_dag.BTC scheduled__2024-03-28T00:00:00+00:00 [queued]>
[2024-04-02 23:17:52,328] {taskinstance.py:1356} INFO - 
--------------------------------------------------------------------------------
[2024-04-02 23:17:52,328] {taskinstance.py:1357} INFO - Starting attempt 1 of 1
[2024-04-02 23:17:52,329] {taskinstance.py:1358} INFO - 
--------------------------------------------------------------------------------
[2024-04-02 23:17:52,365] {taskinstance.py:1377} INFO - Executing <Task(_PythonDecoratedOperator): BTC> on 2024-03-28 00:00:00+00:00
[2024-04-02 23:17:52,376] {standard_task_runner.py:52} INFO - Started process 85574 to run task
[2024-04-02 23:17:52,397] {standard_task_runner.py:79} INFO - Running: ['airflow', 'tasks', 'run', 'get_crypto_dag', 'BTC', 'scheduled__2024-03-28T00:00:00+00:00', '--job-id', '1187', '--raw', '--subdir', 'DAGS_FOLDER/get_crypto.py', '--cfg-path', '/tmp/tmps9g5_7in', '--error-file', '/tmp/tmp9i_7xbp6']
[2024-04-02 23:17:52,399] {standard_task_runner.py:80} INFO - Job 1187: Subtask BTC
[2024-04-02 23:17:52,617] {task_command.py:370} INFO - Running <TaskInstance: get_crypto_dag.BTC scheduled__2024-03-28T00:00:00+00:00 [running]> on host alexmend-virtual-machine
[2024-04-02 23:17:52,858] {taskinstance.py:1569} INFO - Exporting the following env vars:
AIRFLOW_CTX_DAG_OWNER=airflow
AIRFLOW_CTX_DAG_ID=get_crypto_dag
AIRFLOW_CTX_TASK_ID=BTC
AIRFLOW_CTX_EXECUTION_DATE=2024-03-28T00:00:00+00:00
AIRFLOW_CTX_TRY_NUMBER=1
AIRFLOW_CTX_DAG_RUN_ID=scheduled__2024-03-28T00:00:00+00:00
[2024-04-02 23:17:53,533] {history.py:222} ERROR - BTC: No price data found, symbol may be delisted (1h 2024-03-27 -> 2024-03-28)
[2024-04-02 23:18:03,551] {python.py:173} INFO - Done. Returned value was: None
[2024-04-02 23:18:03,595] {taskinstance.py:1395} INFO - Marking task as SUCCESS. dag_id=get_crypto_dag, task_id=BTC, execution_date=20240328T000000, start_date=20240403T021752, end_date=20240403T021803
[2024-04-02 23:18:03,645] {local_task_job.py:156} INFO - Task exited with return code 0
[2024-04-02 23:18:03,720] {local_task_job.py:273} INFO - 0 downstream tasks scheduled from follow-on schedule check
