[2024-04-02 13:10:04,267] {taskinstance.py:1159} INFO - Dependencies all met for <TaskInstance: get_stocks_dag.TSLA scheduled__2024-03-07T00:00:00+00:00 [queued]>
[2024-04-02 13:10:04,280] {taskinstance.py:1159} INFO - Dependencies all met for <TaskInstance: get_stocks_dag.TSLA scheduled__2024-03-07T00:00:00+00:00 [queued]>
[2024-04-02 13:10:04,281] {taskinstance.py:1356} INFO - 
--------------------------------------------------------------------------------
[2024-04-02 13:10:04,281] {taskinstance.py:1357} INFO - Starting attempt 1 of 1
[2024-04-02 13:10:04,281] {taskinstance.py:1358} INFO - 
--------------------------------------------------------------------------------
[2024-04-02 13:10:04,307] {taskinstance.py:1377} INFO - Executing <Task(_PythonDecoratedOperator): TSLA> on 2024-03-07 00:00:00+00:00
[2024-04-02 13:10:04,312] {standard_task_runner.py:52} INFO - Started process 12410 to run task
[2024-04-02 13:10:04,318] {standard_task_runner.py:79} INFO - Running: ['airflow', 'tasks', 'run', 'get_stocks_dag', 'TSLA', 'scheduled__2024-03-07T00:00:00+00:00', '--job-id', '198', '--raw', '--subdir', 'DAGS_FOLDER/get_stocks.py', '--cfg-path', '/tmp/tmpromu15_r', '--error-file', '/tmp/tmpfa6jd302']
[2024-04-02 13:10:04,320] {standard_task_runner.py:80} INFO - Job 198: Subtask TSLA
[2024-04-02 13:10:04,397] {task_command.py:370} INFO - Running <TaskInstance: get_stocks_dag.TSLA scheduled__2024-03-07T00:00:00+00:00 [running]> on host alexmend-virtual-machine
[2024-04-02 13:10:04,465] {taskinstance.py:1569} INFO - Exporting the following env vars:
AIRFLOW_CTX_DAG_OWNER=airflow
AIRFLOW_CTX_DAG_ID=get_stocks_dag
AIRFLOW_CTX_TASK_ID=TSLA
AIRFLOW_CTX_EXECUTION_DATE=2024-03-07T00:00:00+00:00
AIRFLOW_CTX_TRY_NUMBER=1
AIRFLOW_CTX_DAG_RUN_ID=scheduled__2024-03-07T00:00:00+00:00
[2024-04-02 13:10:05,181] {python.py:173} INFO - Done. Returned value was: None
[2024-04-02 13:10:05,193] {taskinstance.py:1395} INFO - Marking task as SUCCESS. dag_id=get_stocks_dag, task_id=TSLA, execution_date=20240307T000000, start_date=20240402T161004, end_date=20240402T161005
[2024-04-02 13:10:05,254] {local_task_job.py:156} INFO - Task exited with return code 0
[2024-04-02 13:10:05,282] {local_task_job.py:273} INFO - 0 downstream tasks scheduled from follow-on schedule check
[2024-04-02 17:19:28,853] {taskinstance.py:1159} INFO - Dependencies all met for <TaskInstance: get_stocks_dag.TSLA scheduled__2024-03-07T00:00:00+00:00 [queued]>
[2024-04-02 17:19:28,919] {taskinstance.py:1159} INFO - Dependencies all met for <TaskInstance: get_stocks_dag.TSLA scheduled__2024-03-07T00:00:00+00:00 [queued]>
[2024-04-02 17:19:28,920] {taskinstance.py:1356} INFO - 
--------------------------------------------------------------------------------
[2024-04-02 17:19:28,920] {taskinstance.py:1357} INFO - Starting attempt 1 of 1
[2024-04-02 17:19:28,920] {taskinstance.py:1358} INFO - 
--------------------------------------------------------------------------------
[2024-04-02 17:19:29,003] {taskinstance.py:1377} INFO - Executing <Task(_PythonDecoratedOperator): TSLA> on 2024-03-07 00:00:00+00:00
[2024-04-02 17:19:29,035] {standard_task_runner.py:52} INFO - Started process 8198 to run task
[2024-04-02 17:19:29,238] {standard_task_runner.py:79} INFO - Running: ['airflow', 'tasks', 'run', 'get_stocks_dag', 'TSLA', 'scheduled__2024-03-07T00:00:00+00:00', '--job-id', '174', '--raw', '--subdir', 'DAGS_FOLDER/get_stocks.py', '--cfg-path', '/tmp/tmp0m9gwih9', '--error-file', '/tmp/tmpidj5m437']
[2024-04-02 17:19:29,279] {standard_task_runner.py:80} INFO - Job 174: Subtask TSLA
[2024-04-02 17:19:29,883] {task_command.py:370} INFO - Running <TaskInstance: get_stocks_dag.TSLA scheduled__2024-03-07T00:00:00+00:00 [running]> on host alexmend-virtual-machine
[2024-04-02 17:19:30,818] {taskinstance.py:1569} INFO - Exporting the following env vars:
AIRFLOW_CTX_DAG_OWNER=airflow
AIRFLOW_CTX_DAG_ID=get_stocks_dag
AIRFLOW_CTX_TASK_ID=TSLA
AIRFLOW_CTX_EXECUTION_DATE=2024-03-07T00:00:00+00:00
AIRFLOW_CTX_TRY_NUMBER=1
AIRFLOW_CTX_DAG_RUN_ID=scheduled__2024-03-07T00:00:00+00:00
[2024-04-02 17:19:32,376] {python.py:173} INFO - Done. Returned value was: None
[2024-04-02 17:19:32,505] {taskinstance.py:1395} INFO - Marking task as SUCCESS. dag_id=get_stocks_dag, task_id=TSLA, execution_date=20240307T000000, start_date=20240402T201928, end_date=20240402T201932
[2024-04-02 17:19:32,857] {local_task_job.py:156} INFO - Task exited with return code 0
[2024-04-02 17:19:33,048] {local_task_job.py:273} INFO - 0 downstream tasks scheduled from follow-on schedule check
[2024-04-02 17:46:11,163] {taskinstance.py:1159} INFO - Dependencies all met for <TaskInstance: get_stocks_dag.TSLA scheduled__2024-03-07T00:00:00+00:00 [queued]>
[2024-04-02 17:46:11,177] {taskinstance.py:1159} INFO - Dependencies all met for <TaskInstance: get_stocks_dag.TSLA scheduled__2024-03-07T00:00:00+00:00 [queued]>
[2024-04-02 17:46:11,177] {taskinstance.py:1356} INFO - 
--------------------------------------------------------------------------------
[2024-04-02 17:46:11,177] {taskinstance.py:1357} INFO - Starting attempt 1 of 1
[2024-04-02 17:46:11,177] {taskinstance.py:1358} INFO - 
--------------------------------------------------------------------------------
[2024-04-02 17:46:11,202] {taskinstance.py:1377} INFO - Executing <Task(_PythonDecoratedOperator): TSLA> on 2024-03-07 00:00:00+00:00
[2024-04-02 17:46:11,212] {standard_task_runner.py:52} INFO - Started process 23296 to run task
[2024-04-02 17:46:11,225] {standard_task_runner.py:79} INFO - Running: ['airflow', 'tasks', 'run', 'get_stocks_dag', 'TSLA', 'scheduled__2024-03-07T00:00:00+00:00', '--job-id', '438', '--raw', '--subdir', 'DAGS_FOLDER/get_stocks.py', '--cfg-path', '/tmp/tmpigppal8j', '--error-file', '/tmp/tmpw9seue9f']
[2024-04-02 17:46:11,227] {standard_task_runner.py:80} INFO - Job 438: Subtask TSLA
[2024-04-02 17:46:11,362] {task_command.py:370} INFO - Running <TaskInstance: get_stocks_dag.TSLA scheduled__2024-03-07T00:00:00+00:00 [running]> on host alexmend-virtual-machine
[2024-04-02 17:46:11,489] {taskinstance.py:1569} INFO - Exporting the following env vars:
AIRFLOW_CTX_DAG_OWNER=airflow
AIRFLOW_CTX_DAG_ID=get_stocks_dag
AIRFLOW_CTX_TASK_ID=TSLA
AIRFLOW_CTX_EXECUTION_DATE=2024-03-07T00:00:00+00:00
AIRFLOW_CTX_TRY_NUMBER=1
AIRFLOW_CTX_DAG_RUN_ID=scheduled__2024-03-07T00:00:00+00:00
[2024-04-02 17:46:12,151] {python.py:173} INFO - Done. Returned value was: None
[2024-04-02 17:46:12,178] {taskinstance.py:1395} INFO - Marking task as SUCCESS. dag_id=get_stocks_dag, task_id=TSLA, execution_date=20240307T000000, start_date=20240402T204611, end_date=20240402T204612
[2024-04-02 17:46:12,210] {local_task_job.py:156} INFO - Task exited with return code 0
[2024-04-02 17:46:12,266] {local_task_job.py:273} INFO - 0 downstream tasks scheduled from follow-on schedule check
[2024-04-02 19:15:08,745] {taskinstance.py:1159} INFO - Dependencies all met for <TaskInstance: get_stocks_dag.TSLA scheduled__2024-03-07T00:00:00+00:00 [queued]>
[2024-04-02 19:15:08,767] {taskinstance.py:1159} INFO - Dependencies all met for <TaskInstance: get_stocks_dag.TSLA scheduled__2024-03-07T00:00:00+00:00 [queued]>
[2024-04-02 19:15:08,767] {taskinstance.py:1356} INFO - 
--------------------------------------------------------------------------------
[2024-04-02 19:15:08,768] {taskinstance.py:1357} INFO - Starting attempt 1 of 1
[2024-04-02 19:15:08,768] {taskinstance.py:1358} INFO - 
--------------------------------------------------------------------------------
[2024-04-02 19:15:08,797] {taskinstance.py:1377} INFO - Executing <Task(_PythonDecoratedOperator): TSLA> on 2024-03-07 00:00:00+00:00
[2024-04-02 19:15:08,809] {standard_task_runner.py:52} INFO - Started process 14373 to run task
[2024-04-02 19:15:08,816] {standard_task_runner.py:79} INFO - Running: ['airflow', 'tasks', 'run', 'get_stocks_dag', 'TSLA', 'scheduled__2024-03-07T00:00:00+00:00', '--job-id', '544', '--raw', '--subdir', 'DAGS_FOLDER/get_stocks.py', '--cfg-path', '/tmp/tmpx8dsou4s', '--error-file', '/tmp/tmpuqg7fqib']
[2024-04-02 19:15:08,825] {standard_task_runner.py:80} INFO - Job 544: Subtask TSLA
[2024-04-02 19:15:09,103] {task_command.py:370} INFO - Running <TaskInstance: get_stocks_dag.TSLA scheduled__2024-03-07T00:00:00+00:00 [running]> on host alexmend-virtual-machine
[2024-04-02 19:15:09,257] {taskinstance.py:1569} INFO - Exporting the following env vars:
AIRFLOW_CTX_DAG_OWNER=airflow
AIRFLOW_CTX_DAG_ID=get_stocks_dag
AIRFLOW_CTX_TASK_ID=TSLA
AIRFLOW_CTX_EXECUTION_DATE=2024-03-07T00:00:00+00:00
AIRFLOW_CTX_TRY_NUMBER=1
AIRFLOW_CTX_DAG_RUN_ID=scheduled__2024-03-07T00:00:00+00:00
[2024-04-02 19:15:09,940] {python.py:173} INFO - Done. Returned value was: None
[2024-04-02 19:15:09,961] {taskinstance.py:1395} INFO - Marking task as SUCCESS. dag_id=get_stocks_dag, task_id=TSLA, execution_date=20240307T000000, start_date=20240402T221508, end_date=20240402T221509
[2024-04-02 19:15:10,014] {local_task_job.py:156} INFO - Task exited with return code 0
[2024-04-02 19:15:10,105] {local_task_job.py:273} INFO - 0 downstream tasks scheduled from follow-on schedule check
[2024-04-02 20:38:49,151] {taskinstance.py:1159} INFO - Dependencies all met for <TaskInstance: get_stocks_dag.TSLA scheduled__2024-03-07T00:00:00+00:00 [queued]>
[2024-04-02 20:38:49,195] {taskinstance.py:1159} INFO - Dependencies all met for <TaskInstance: get_stocks_dag.TSLA scheduled__2024-03-07T00:00:00+00:00 [queued]>
[2024-04-02 20:38:49,196] {taskinstance.py:1356} INFO - 
--------------------------------------------------------------------------------
[2024-04-02 20:38:49,196] {taskinstance.py:1357} INFO - Starting attempt 1 of 1
[2024-04-02 20:38:49,196] {taskinstance.py:1358} INFO - 
--------------------------------------------------------------------------------
[2024-04-02 20:38:49,215] {taskinstance.py:1377} INFO - Executing <Task(_PythonDecoratedOperator): TSLA> on 2024-03-07 00:00:00+00:00
[2024-04-02 20:38:49,224] {standard_task_runner.py:52} INFO - Started process 25671 to run task
[2024-04-02 20:38:49,233] {standard_task_runner.py:79} INFO - Running: ['airflow', 'tasks', 'run', 'get_stocks_dag', 'TSLA', 'scheduled__2024-03-07T00:00:00+00:00', '--job-id', '643', '--raw', '--subdir', 'DAGS_FOLDER/get_stocks.py', '--cfg-path', '/tmp/tmp036e_n18', '--error-file', '/tmp/tmpgy4z1psy']
[2024-04-02 20:38:49,235] {standard_task_runner.py:80} INFO - Job 643: Subtask TSLA
[2024-04-02 20:38:49,383] {task_command.py:370} INFO - Running <TaskInstance: get_stocks_dag.TSLA scheduled__2024-03-07T00:00:00+00:00 [running]> on host alexmend-virtual-machine
[2024-04-02 20:38:49,515] {taskinstance.py:1569} INFO - Exporting the following env vars:
AIRFLOW_CTX_DAG_OWNER=airflow
AIRFLOW_CTX_DAG_ID=get_stocks_dag
AIRFLOW_CTX_TASK_ID=TSLA
AIRFLOW_CTX_EXECUTION_DATE=2024-03-07T00:00:00+00:00
AIRFLOW_CTX_TRY_NUMBER=1
AIRFLOW_CTX_DAG_RUN_ID=scheduled__2024-03-07T00:00:00+00:00
[2024-04-02 20:38:50,144] {python.py:173} INFO - Done. Returned value was: None
[2024-04-02 20:38:50,220] {taskinstance.py:1395} INFO - Marking task as SUCCESS. dag_id=get_stocks_dag, task_id=TSLA, execution_date=20240307T000000, start_date=20240402T233849, end_date=20240402T233850
[2024-04-02 20:38:50,256] {local_task_job.py:156} INFO - Task exited with return code 0
[2024-04-02 20:38:50,464] {local_task_job.py:273} INFO - 0 downstream tasks scheduled from follow-on schedule check
[2024-04-02 21:47:31,054] {taskinstance.py:1159} INFO - Dependencies all met for <TaskInstance: get_stocks_dag.TSLA scheduled__2024-03-07T00:00:00+00:00 [queued]>
[2024-04-02 21:47:31,088] {taskinstance.py:1159} INFO - Dependencies all met for <TaskInstance: get_stocks_dag.TSLA scheduled__2024-03-07T00:00:00+00:00 [queued]>
[2024-04-02 21:47:31,089] {taskinstance.py:1356} INFO - 
--------------------------------------------------------------------------------
[2024-04-02 21:47:31,089] {taskinstance.py:1357} INFO - Starting attempt 1 of 1
[2024-04-02 21:47:31,090] {taskinstance.py:1358} INFO - 
--------------------------------------------------------------------------------
[2024-04-02 21:47:31,156] {taskinstance.py:1377} INFO - Executing <Task(_PythonDecoratedOperator): TSLA> on 2024-03-07 00:00:00+00:00
[2024-04-02 21:47:31,172] {standard_task_runner.py:52} INFO - Started process 49002 to run task
[2024-04-02 21:47:31,202] {standard_task_runner.py:79} INFO - Running: ['airflow', 'tasks', 'run', 'get_stocks_dag', 'TSLA', 'scheduled__2024-03-07T00:00:00+00:00', '--job-id', '774', '--raw', '--subdir', 'DAGS_FOLDER/get_stocks.py', '--cfg-path', '/tmp/tmp4aa5uwv1', '--error-file', '/tmp/tmpsarct5s3']
[2024-04-02 21:47:31,206] {standard_task_runner.py:80} INFO - Job 774: Subtask TSLA
[2024-04-02 21:47:31,488] {task_command.py:370} INFO - Running <TaskInstance: get_stocks_dag.TSLA scheduled__2024-03-07T00:00:00+00:00 [running]> on host alexmend-virtual-machine
[2024-04-02 21:47:31,735] {taskinstance.py:1569} INFO - Exporting the following env vars:
AIRFLOW_CTX_DAG_OWNER=airflow
AIRFLOW_CTX_DAG_ID=get_stocks_dag
AIRFLOW_CTX_TASK_ID=TSLA
AIRFLOW_CTX_EXECUTION_DATE=2024-03-07T00:00:00+00:00
AIRFLOW_CTX_TRY_NUMBER=1
AIRFLOW_CTX_DAG_RUN_ID=scheduled__2024-03-07T00:00:00+00:00
[2024-04-02 21:47:42,510] {python.py:173} INFO - Done. Returned value was: None
[2024-04-02 21:47:42,604] {taskinstance.py:1395} INFO - Marking task as SUCCESS. dag_id=get_stocks_dag, task_id=TSLA, execution_date=20240307T000000, start_date=20240403T004731, end_date=20240403T004742
[2024-04-02 21:47:42,838] {local_task_job.py:156} INFO - Task exited with return code 0
[2024-04-02 21:47:43,078] {local_task_job.py:273} INFO - 0 downstream tasks scheduled from follow-on schedule check
[2024-04-02 22:57:34,710] {taskinstance.py:1159} INFO - Dependencies all met for <TaskInstance: get_stocks_dag.TSLA scheduled__2024-03-07T00:00:00+00:00 [queued]>
[2024-04-02 22:57:35,042] {taskinstance.py:1159} INFO - Dependencies all met for <TaskInstance: get_stocks_dag.TSLA scheduled__2024-03-07T00:00:00+00:00 [queued]>
[2024-04-02 22:57:35,045] {taskinstance.py:1356} INFO - 
--------------------------------------------------------------------------------
[2024-04-02 22:57:35,047] {taskinstance.py:1357} INFO - Starting attempt 1 of 1
[2024-04-02 22:57:35,059] {taskinstance.py:1358} INFO - 
--------------------------------------------------------------------------------
[2024-04-02 22:57:35,467] {taskinstance.py:1377} INFO - Executing <Task(_PythonDecoratedOperator): TSLA> on 2024-03-07 00:00:00+00:00
[2024-04-02 22:57:35,680] {standard_task_runner.py:52} INFO - Started process 74522 to run task
[2024-04-02 22:57:36,057] {standard_task_runner.py:79} INFO - Running: ['airflow', 'tasks', 'run', 'get_stocks_dag', 'TSLA', 'scheduled__2024-03-07T00:00:00+00:00', '--job-id', '1043', '--raw', '--subdir', 'DAGS_FOLDER/get_stocks.py', '--cfg-path', '/tmp/tmpj11_z3kt', '--error-file', '/tmp/tmpv1vte6v1']
[2024-04-02 22:57:36,209] {standard_task_runner.py:80} INFO - Job 1043: Subtask TSLA
[2024-04-02 22:57:38,665] {task_command.py:370} INFO - Running <TaskInstance: get_stocks_dag.TSLA scheduled__2024-03-07T00:00:00+00:00 [running]> on host alexmend-virtual-machine
[2024-04-02 22:57:43,183] {taskinstance.py:1569} INFO - Exporting the following env vars:
AIRFLOW_CTX_DAG_OWNER=airflow
AIRFLOW_CTX_DAG_ID=get_stocks_dag
AIRFLOW_CTX_TASK_ID=TSLA
AIRFLOW_CTX_EXECUTION_DATE=2024-03-07T00:00:00+00:00
AIRFLOW_CTX_TRY_NUMBER=1
AIRFLOW_CTX_DAG_RUN_ID=scheduled__2024-03-07T00:00:00+00:00
[2024-04-02 22:57:57,032] {python.py:173} INFO - Done. Returned value was: None
[2024-04-02 22:57:57,322] {taskinstance.py:1395} INFO - Marking task as SUCCESS. dag_id=get_stocks_dag, task_id=TSLA, execution_date=20240307T000000, start_date=20240403T015734, end_date=20240403T015757
[2024-04-02 22:57:57,762] {local_task_job.py:156} INFO - Task exited with return code 0
[2024-04-02 22:57:58,142] {local_task_job.py:273} INFO - 0 downstream tasks scheduled from follow-on schedule check
