[2024-04-02 13:07:49,573] {taskinstance.py:1159} INFO - Dependencies all met for <TaskInstance: get_stocks_dag.MSFT scheduled__2024-02-24T00:00:00+00:00 [queued]>
[2024-04-02 13:07:49,581] {taskinstance.py:1159} INFO - Dependencies all met for <TaskInstance: get_stocks_dag.MSFT scheduled__2024-02-24T00:00:00+00:00 [queued]>
[2024-04-02 13:07:49,582] {taskinstance.py:1356} INFO - 
--------------------------------------------------------------------------------
[2024-04-02 13:07:49,582] {taskinstance.py:1357} INFO - Starting attempt 1 of 1
[2024-04-02 13:07:49,583] {taskinstance.py:1358} INFO - 
--------------------------------------------------------------------------------
[2024-04-02 13:07:49,608] {taskinstance.py:1377} INFO - Executing <Task(_PythonDecoratedOperator): MSFT> on 2024-02-24 00:00:00+00:00
[2024-04-02 13:07:49,614] {standard_task_runner.py:52} INFO - Started process 11617 to run task
[2024-04-02 13:07:49,620] {standard_task_runner.py:79} INFO - Running: ['airflow', 'tasks', 'run', 'get_stocks_dag', 'MSFT', 'scheduled__2024-02-24T00:00:00+00:00', '--job-id', '164', '--raw', '--subdir', 'DAGS_FOLDER/get_stocks.py', '--cfg-path', '/tmp/tmpfsqzlvzq', '--error-file', '/tmp/tmpo69ylfvf']
[2024-04-02 13:07:49,621] {standard_task_runner.py:80} INFO - Job 164: Subtask MSFT
[2024-04-02 13:07:49,678] {task_command.py:370} INFO - Running <TaskInstance: get_stocks_dag.MSFT scheduled__2024-02-24T00:00:00+00:00 [running]> on host alexmend-virtual-machine
[2024-04-02 13:07:49,756] {taskinstance.py:1569} INFO - Exporting the following env vars:
AIRFLOW_CTX_DAG_OWNER=airflow
AIRFLOW_CTX_DAG_ID=get_stocks_dag
AIRFLOW_CTX_TASK_ID=MSFT
AIRFLOW_CTX_EXECUTION_DATE=2024-02-24T00:00:00+00:00
AIRFLOW_CTX_TRY_NUMBER=1
AIRFLOW_CTX_DAG_RUN_ID=scheduled__2024-02-24T00:00:00+00:00
[2024-04-02 13:07:50,377] {python.py:173} INFO - Done. Returned value was: None
[2024-04-02 13:07:50,390] {taskinstance.py:1395} INFO - Marking task as SUCCESS. dag_id=get_stocks_dag, task_id=MSFT, execution_date=20240224T000000, start_date=20240402T160749, end_date=20240402T160750
[2024-04-02 13:07:50,437] {local_task_job.py:156} INFO - Task exited with return code 0
[2024-04-02 13:07:50,463] {local_task_job.py:273} INFO - 0 downstream tasks scheduled from follow-on schedule check
[2024-04-02 17:18:59,176] {taskinstance.py:1159} INFO - Dependencies all met for <TaskInstance: get_stocks_dag.MSFT scheduled__2024-02-24T00:00:00+00:00 [queued]>
[2024-04-02 17:18:59,216] {taskinstance.py:1159} INFO - Dependencies all met for <TaskInstance: get_stocks_dag.MSFT scheduled__2024-02-24T00:00:00+00:00 [queued]>
[2024-04-02 17:18:59,217] {taskinstance.py:1356} INFO - 
--------------------------------------------------------------------------------
[2024-04-02 17:18:59,217] {taskinstance.py:1357} INFO - Starting attempt 1 of 1
[2024-04-02 17:18:59,222] {taskinstance.py:1358} INFO - 
--------------------------------------------------------------------------------
[2024-04-02 17:18:59,300] {taskinstance.py:1377} INFO - Executing <Task(_PythonDecoratedOperator): MSFT> on 2024-02-24 00:00:00+00:00
[2024-04-02 17:18:59,326] {standard_task_runner.py:52} INFO - Started process 7394 to run task
[2024-04-02 17:18:59,469] {standard_task_runner.py:79} INFO - Running: ['airflow', 'tasks', 'run', 'get_stocks_dag', 'MSFT', 'scheduled__2024-02-24T00:00:00+00:00', '--job-id', '145', '--raw', '--subdir', 'DAGS_FOLDER/get_stocks.py', '--cfg-path', '/tmp/tmpwstqb4l3', '--error-file', '/tmp/tmpgpnjdx42']
[2024-04-02 17:18:59,489] {standard_task_runner.py:80} INFO - Job 145: Subtask MSFT
[2024-04-02 17:19:00,069] {task_command.py:370} INFO - Running <TaskInstance: get_stocks_dag.MSFT scheduled__2024-02-24T00:00:00+00:00 [running]> on host alexmend-virtual-machine
[2024-04-02 17:19:00,602] {taskinstance.py:1569} INFO - Exporting the following env vars:
AIRFLOW_CTX_DAG_OWNER=airflow
AIRFLOW_CTX_DAG_ID=get_stocks_dag
AIRFLOW_CTX_TASK_ID=MSFT
AIRFLOW_CTX_EXECUTION_DATE=2024-02-24T00:00:00+00:00
AIRFLOW_CTX_TRY_NUMBER=1
AIRFLOW_CTX_DAG_RUN_ID=scheduled__2024-02-24T00:00:00+00:00
[2024-04-02 17:19:01,533] {python.py:173} INFO - Done. Returned value was: None
[2024-04-02 17:19:01,733] {taskinstance.py:1395} INFO - Marking task as SUCCESS. dag_id=get_stocks_dag, task_id=MSFT, execution_date=20240224T000000, start_date=20240402T201859, end_date=20240402T201901
[2024-04-02 17:19:01,839] {local_task_job.py:156} INFO - Task exited with return code 0
[2024-04-02 17:19:01,946] {local_task_job.py:273} INFO - 0 downstream tasks scheduled from follow-on schedule check
[2024-04-02 17:45:30,263] {taskinstance.py:1159} INFO - Dependencies all met for <TaskInstance: get_stocks_dag.MSFT scheduled__2024-02-24T00:00:00+00:00 [queued]>
[2024-04-02 17:45:30,275] {taskinstance.py:1159} INFO - Dependencies all met for <TaskInstance: get_stocks_dag.MSFT scheduled__2024-02-24T00:00:00+00:00 [queued]>
[2024-04-02 17:45:30,276] {taskinstance.py:1356} INFO - 
--------------------------------------------------------------------------------
[2024-04-02 17:45:30,276] {taskinstance.py:1357} INFO - Starting attempt 1 of 1
[2024-04-02 17:45:30,276] {taskinstance.py:1358} INFO - 
--------------------------------------------------------------------------------
[2024-04-02 17:45:30,298] {taskinstance.py:1377} INFO - Executing <Task(_PythonDecoratedOperator): MSFT> on 2024-02-24 00:00:00+00:00
[2024-04-02 17:45:30,312] {standard_task_runner.py:52} INFO - Started process 22354 to run task
[2024-04-02 17:45:30,330] {standard_task_runner.py:79} INFO - Running: ['airflow', 'tasks', 'run', 'get_stocks_dag', 'MSFT', 'scheduled__2024-02-24T00:00:00+00:00', '--job-id', '408', '--raw', '--subdir', 'DAGS_FOLDER/get_stocks.py', '--cfg-path', '/tmp/tmp5weccl6r', '--error-file', '/tmp/tmpcl8fipzq']
[2024-04-02 17:45:30,331] {standard_task_runner.py:80} INFO - Job 408: Subtask MSFT
[2024-04-02 17:45:30,447] {task_command.py:370} INFO - Running <TaskInstance: get_stocks_dag.MSFT scheduled__2024-02-24T00:00:00+00:00 [running]> on host alexmend-virtual-machine
[2024-04-02 17:45:30,606] {taskinstance.py:1569} INFO - Exporting the following env vars:
AIRFLOW_CTX_DAG_OWNER=airflow
AIRFLOW_CTX_DAG_ID=get_stocks_dag
AIRFLOW_CTX_TASK_ID=MSFT
AIRFLOW_CTX_EXECUTION_DATE=2024-02-24T00:00:00+00:00
AIRFLOW_CTX_TRY_NUMBER=1
AIRFLOW_CTX_DAG_RUN_ID=scheduled__2024-02-24T00:00:00+00:00
[2024-04-02 17:45:31,224] {python.py:173} INFO - Done. Returned value was: None
[2024-04-02 17:45:31,249] {taskinstance.py:1395} INFO - Marking task as SUCCESS. dag_id=get_stocks_dag, task_id=MSFT, execution_date=20240224T000000, start_date=20240402T204530, end_date=20240402T204531
[2024-04-02 17:45:31,315] {local_task_job.py:156} INFO - Task exited with return code 0
[2024-04-02 17:45:31,392] {local_task_job.py:273} INFO - 0 downstream tasks scheduled from follow-on schedule check
