[2024-04-02 13:01:42,789] {taskinstance.py:1159} INFO - Dependencies all met for <TaskInstance: get_stocks_dag.GOOG scheduled__2024-01-25T00:00:00+00:00 [queued]>
[2024-04-02 13:01:42,799] {taskinstance.py:1159} INFO - Dependencies all met for <TaskInstance: get_stocks_dag.GOOG scheduled__2024-01-25T00:00:00+00:00 [queued]>
[2024-04-02 13:01:42,799] {taskinstance.py:1356} INFO - 
--------------------------------------------------------------------------------
[2024-04-02 13:01:42,800] {taskinstance.py:1357} INFO - Starting attempt 1 of 1
[2024-04-02 13:01:42,800] {taskinstance.py:1358} INFO - 
--------------------------------------------------------------------------------
[2024-04-02 13:01:42,827] {taskinstance.py:1377} INFO - Executing <Task(_PythonDecoratedOperator): GOOG> on 2024-01-25 00:00:00+00:00
[2024-04-02 13:01:42,833] {standard_task_runner.py:52} INFO - Started process 9470 to run task
[2024-04-02 13:01:42,839] {standard_task_runner.py:79} INFO - Running: ['airflow', 'tasks', 'run', 'get_stocks_dag', 'GOOG', 'scheduled__2024-01-25T00:00:00+00:00', '--job-id', '77', '--raw', '--subdir', 'DAGS_FOLDER/get_stocks.py', '--cfg-path', '/tmp/tmpf_m8bh7u', '--error-file', '/tmp/tmpqf4n1xxa']
[2024-04-02 13:01:42,840] {standard_task_runner.py:80} INFO - Job 77: Subtask GOOG
[2024-04-02 13:01:42,908] {task_command.py:370} INFO - Running <TaskInstance: get_stocks_dag.GOOG scheduled__2024-01-25T00:00:00+00:00 [running]> on host alexmend-virtual-machine
[2024-04-02 13:01:43,003] {taskinstance.py:1569} INFO - Exporting the following env vars:
AIRFLOW_CTX_DAG_OWNER=airflow
AIRFLOW_CTX_DAG_ID=get_stocks_dag
AIRFLOW_CTX_TASK_ID=GOOG
AIRFLOW_CTX_EXECUTION_DATE=2024-01-25T00:00:00+00:00
AIRFLOW_CTX_TRY_NUMBER=1
AIRFLOW_CTX_DAG_RUN_ID=scheduled__2024-01-25T00:00:00+00:00
[2024-04-02 13:01:43,834] {python.py:173} INFO - Done. Returned value was: None
[2024-04-02 13:01:43,846] {taskinstance.py:1395} INFO - Marking task as SUCCESS. dag_id=get_stocks_dag, task_id=GOOG, execution_date=20240125T000000, start_date=20240402T160142, end_date=20240402T160143
[2024-04-02 13:01:43,910] {local_task_job.py:156} INFO - Task exited with return code 0
[2024-04-02 13:01:43,939] {local_task_job.py:273} INFO - 0 downstream tasks scheduled from follow-on schedule check
[2024-04-02 17:17:51,864] {taskinstance.py:1159} INFO - Dependencies all met for <TaskInstance: get_stocks_dag.GOOG scheduled__2024-01-25T00:00:00+00:00 [queued]>
[2024-04-02 17:17:51,897] {taskinstance.py:1159} INFO - Dependencies all met for <TaskInstance: get_stocks_dag.GOOG scheduled__2024-01-25T00:00:00+00:00 [queued]>
[2024-04-02 17:17:51,897] {taskinstance.py:1356} INFO - 
--------------------------------------------------------------------------------
[2024-04-02 17:17:51,898] {taskinstance.py:1357} INFO - Starting attempt 1 of 1
[2024-04-02 17:17:51,898] {taskinstance.py:1358} INFO - 
--------------------------------------------------------------------------------
[2024-04-02 17:17:51,931] {taskinstance.py:1377} INFO - Executing <Task(_PythonDecoratedOperator): GOOG> on 2024-01-25 00:00:00+00:00
[2024-04-02 17:17:51,948] {standard_task_runner.py:52} INFO - Started process 5313 to run task
[2024-04-02 17:17:52,002] {standard_task_runner.py:79} INFO - Running: ['airflow', 'tasks', 'run', 'get_stocks_dag', 'GOOG', 'scheduled__2024-01-25T00:00:00+00:00', '--job-id', '59', '--raw', '--subdir', 'DAGS_FOLDER/get_stocks.py', '--cfg-path', '/tmp/tmpbp9uzb_5', '--error-file', '/tmp/tmpwuwt6pfe']
[2024-04-02 17:17:52,011] {standard_task_runner.py:80} INFO - Job 59: Subtask GOOG
[2024-04-02 17:17:52,600] {task_command.py:370} INFO - Running <TaskInstance: get_stocks_dag.GOOG scheduled__2024-01-25T00:00:00+00:00 [running]> on host alexmend-virtual-machine
[2024-04-02 17:17:53,653] {taskinstance.py:1569} INFO - Exporting the following env vars:
AIRFLOW_CTX_DAG_OWNER=airflow
AIRFLOW_CTX_DAG_ID=get_stocks_dag
AIRFLOW_CTX_TASK_ID=GOOG
AIRFLOW_CTX_EXECUTION_DATE=2024-01-25T00:00:00+00:00
AIRFLOW_CTX_TRY_NUMBER=1
AIRFLOW_CTX_DAG_RUN_ID=scheduled__2024-01-25T00:00:00+00:00
[2024-04-02 17:17:54,974] {python.py:173} INFO - Done. Returned value was: None
[2024-04-02 17:17:55,198] {taskinstance.py:1395} INFO - Marking task as SUCCESS. dag_id=get_stocks_dag, task_id=GOOG, execution_date=20240125T000000, start_date=20240402T201751, end_date=20240402T201755
[2024-04-02 17:17:55,353] {local_task_job.py:156} INFO - Task exited with return code 0
[2024-04-02 17:17:55,652] {local_task_job.py:273} INFO - 0 downstream tasks scheduled from follow-on schedule check
[2024-04-02 17:43:27,469] {taskinstance.py:1159} INFO - Dependencies all met for <TaskInstance: get_stocks_dag.GOOG scheduled__2024-01-25T00:00:00+00:00 [queued]>
[2024-04-02 17:43:27,484] {taskinstance.py:1159} INFO - Dependencies all met for <TaskInstance: get_stocks_dag.GOOG scheduled__2024-01-25T00:00:00+00:00 [queued]>
[2024-04-02 17:43:27,485] {taskinstance.py:1356} INFO - 
--------------------------------------------------------------------------------
[2024-04-02 17:43:27,485] {taskinstance.py:1357} INFO - Starting attempt 1 of 1
[2024-04-02 17:43:27,485] {taskinstance.py:1358} INFO - 
--------------------------------------------------------------------------------
[2024-04-02 17:43:27,512] {taskinstance.py:1377} INFO - Executing <Task(_PythonDecoratedOperator): GOOG> on 2024-01-25 00:00:00+00:00
[2024-04-02 17:43:27,521] {standard_task_runner.py:52} INFO - Started process 19854 to run task
[2024-04-02 17:43:27,540] {standard_task_runner.py:79} INFO - Running: ['airflow', 'tasks', 'run', 'get_stocks_dag', 'GOOG', 'scheduled__2024-01-25T00:00:00+00:00', '--job-id', '321', '--raw', '--subdir', 'DAGS_FOLDER/get_stocks.py', '--cfg-path', '/tmp/tmpq9nu78oe', '--error-file', '/tmp/tmpypzf6yxw']
[2024-04-02 17:43:27,541] {standard_task_runner.py:80} INFO - Job 321: Subtask GOOG
[2024-04-02 17:43:27,708] {task_command.py:370} INFO - Running <TaskInstance: get_stocks_dag.GOOG scheduled__2024-01-25T00:00:00+00:00 [running]> on host alexmend-virtual-machine
[2024-04-02 17:43:27,865] {taskinstance.py:1569} INFO - Exporting the following env vars:
AIRFLOW_CTX_DAG_OWNER=airflow
AIRFLOW_CTX_DAG_ID=get_stocks_dag
AIRFLOW_CTX_TASK_ID=GOOG
AIRFLOW_CTX_EXECUTION_DATE=2024-01-25T00:00:00+00:00
AIRFLOW_CTX_TRY_NUMBER=1
AIRFLOW_CTX_DAG_RUN_ID=scheduled__2024-01-25T00:00:00+00:00
[2024-04-02 17:43:28,472] {python.py:173} INFO - Done. Returned value was: None
[2024-04-02 17:43:28,496] {taskinstance.py:1395} INFO - Marking task as SUCCESS. dag_id=get_stocks_dag, task_id=GOOG, execution_date=20240125T000000, start_date=20240402T204327, end_date=20240402T204328
[2024-04-02 17:43:28,546] {local_task_job.py:156} INFO - Task exited with return code 0
[2024-04-02 17:43:28,636] {local_task_job.py:273} INFO - 0 downstream tasks scheduled from follow-on schedule check
