[2024-04-02 13:14:32,084] {taskinstance.py:1159} INFO - Dependencies all met for <TaskInstance: get_stocks_dag.TSLA scheduled__2024-03-30T00:00:00+00:00 [queued]>
[2024-04-02 13:14:32,091] {taskinstance.py:1159} INFO - Dependencies all met for <TaskInstance: get_stocks_dag.TSLA scheduled__2024-03-30T00:00:00+00:00 [queued]>
[2024-04-02 13:14:32,091] {taskinstance.py:1356} INFO - 
--------------------------------------------------------------------------------
[2024-04-02 13:14:32,091] {taskinstance.py:1357} INFO - Starting attempt 1 of 1
[2024-04-02 13:14:32,091] {taskinstance.py:1358} INFO - 
--------------------------------------------------------------------------------
[2024-04-02 13:14:32,112] {taskinstance.py:1377} INFO - Executing <Task(_PythonDecoratedOperator): TSLA> on 2024-03-30 00:00:00+00:00
[2024-04-02 13:14:32,117] {standard_task_runner.py:52} INFO - Started process 13993 to run task
[2024-04-02 13:14:32,122] {standard_task_runner.py:79} INFO - Running: ['airflow', 'tasks', 'run', 'get_stocks_dag', 'TSLA', 'scheduled__2024-03-30T00:00:00+00:00', '--job-id', '266', '--raw', '--subdir', 'DAGS_FOLDER/get_stocks.py', '--cfg-path', '/tmp/tmpp6a0x62c', '--error-file', '/tmp/tmps8figtch']
[2024-04-02 13:14:32,123] {standard_task_runner.py:80} INFO - Job 266: Subtask TSLA
[2024-04-02 13:14:32,236] {task_command.py:370} INFO - Running <TaskInstance: get_stocks_dag.TSLA scheduled__2024-03-30T00:00:00+00:00 [running]> on host alexmend-virtual-machine
[2024-04-02 13:14:32,313] {taskinstance.py:1569} INFO - Exporting the following env vars:
AIRFLOW_CTX_DAG_OWNER=airflow
AIRFLOW_CTX_DAG_ID=get_stocks_dag
AIRFLOW_CTX_TASK_ID=TSLA
AIRFLOW_CTX_EXECUTION_DATE=2024-03-30T00:00:00+00:00
AIRFLOW_CTX_TRY_NUMBER=1
AIRFLOW_CTX_DAG_RUN_ID=scheduled__2024-03-30T00:00:00+00:00
[2024-04-02 13:14:33,040] {history.py:222} ERROR - TSLA: No price data found, symbol may be delisted (1h 2024-03-29 -> 2024-03-30)
[2024-04-02 13:14:33,045] {python.py:173} INFO - Done. Returned value was: None
[2024-04-02 13:14:33,061] {taskinstance.py:1395} INFO - Marking task as SUCCESS. dag_id=get_stocks_dag, task_id=TSLA, execution_date=20240330T000000, start_date=20240402T161432, end_date=20240402T161433
[2024-04-02 13:14:33,103] {local_task_job.py:156} INFO - Task exited with return code 0
[2024-04-02 13:14:33,135] {local_task_job.py:273} INFO - 0 downstream tasks scheduled from follow-on schedule check
[2024-04-02 17:20:24,109] {taskinstance.py:1159} INFO - Dependencies all met for <TaskInstance: get_stocks_dag.TSLA scheduled__2024-03-30T00:00:00+00:00 [queued]>
[2024-04-02 17:20:24,188] {taskinstance.py:1159} INFO - Dependencies all met for <TaskInstance: get_stocks_dag.TSLA scheduled__2024-03-30T00:00:00+00:00 [queued]>
[2024-04-02 17:20:24,188] {taskinstance.py:1356} INFO - 
--------------------------------------------------------------------------------
[2024-04-02 17:20:24,188] {taskinstance.py:1357} INFO - Starting attempt 1 of 1
[2024-04-02 17:20:24,188] {taskinstance.py:1358} INFO - 
--------------------------------------------------------------------------------
[2024-04-02 17:20:24,264] {taskinstance.py:1377} INFO - Executing <Task(_PythonDecoratedOperator): TSLA> on 2024-03-30 00:00:00+00:00
[2024-04-02 17:20:24,278] {standard_task_runner.py:52} INFO - Started process 9881 to run task
[2024-04-02 17:20:24,303] {standard_task_runner.py:79} INFO - Running: ['airflow', 'tasks', 'run', 'get_stocks_dag', 'TSLA', 'scheduled__2024-03-30T00:00:00+00:00', '--job-id', '248', '--raw', '--subdir', 'DAGS_FOLDER/get_stocks.py', '--cfg-path', '/tmp/tmpphupe9uu', '--error-file', '/tmp/tmp2cjmrfkk']
[2024-04-02 17:20:24,305] {standard_task_runner.py:80} INFO - Job 248: Subtask TSLA
[2024-04-02 17:20:24,496] {task_command.py:370} INFO - Running <TaskInstance: get_stocks_dag.TSLA scheduled__2024-03-30T00:00:00+00:00 [running]> on host alexmend-virtual-machine
[2024-04-02 17:20:24,640] {taskinstance.py:1569} INFO - Exporting the following env vars:
AIRFLOW_CTX_DAG_OWNER=airflow
AIRFLOW_CTX_DAG_ID=get_stocks_dag
AIRFLOW_CTX_TASK_ID=TSLA
AIRFLOW_CTX_EXECUTION_DATE=2024-03-30T00:00:00+00:00
AIRFLOW_CTX_TRY_NUMBER=1
AIRFLOW_CTX_DAG_RUN_ID=scheduled__2024-03-30T00:00:00+00:00
[2024-04-02 17:20:25,253] {taskinstance.py:1889} ERROR - Task failed with exception
Traceback (most recent call last):
  File "/home/alexmend/Documents/airflowalex/venv/lib/python3.9/site-packages/airflow/decorators/base.py", line 179, in execute
    return_value = super().execute(context)
  File "/home/alexmend/Documents/airflowalex/venv/lib/python3.9/site-packages/airflow/operators/python.py", line 171, in execute
    return_value = self.execute_callable()
  File "/home/alexmend/Documents/airflowalex/venv/lib/python3.9/site-packages/airflow/operators/python.py", line 189, in execute_callable
    return self.python_callable(*self.op_args, **self.op_kwargs)
  File "/home/alexmend/Documents/airflowalex/dags/get_stocks.py", line 18, in get_history
    yfinance.Ticker(ticker).history(
  File "/home/alexmend/Documents/airflowalex/venv/lib/python3.9/site-packages/yfinance/utils.py", line 103, in wrapper
    result = func(*args, **kwargs)
  File "/home/alexmend/Documents/airflowalex/venv/lib/python3.9/site-packages/yfinance/base.py", line 77, in history
    return self._lazy_load_price_history().history(*args, **kwargs)
  File "/home/alexmend/Documents/airflowalex/venv/lib/python3.9/site-packages/yfinance/utils.py", line 103, in wrapper
    result = func(*args, **kwargs)
  File "/home/alexmend/Documents/airflowalex/venv/lib/python3.9/site-packages/yfinance/scrapers/history.py", line 226, in history
    logger.debug(f'{self.ticker}: yfinance received OHLC data: {quotes.index[0]} -> {quotes.index[-1]}')
  File "/home/alexmend/Documents/airflowalex/venv/lib/python3.9/site-packages/pandas/core/indexes/base.py", line 5389, in __getitem__
    return getitem(key)
  File "/home/alexmend/Documents/airflowalex/venv/lib/python3.9/site-packages/pandas/core/arrays/datetimelike.py", line 379, in __getitem__
    result = cast("Union[Self, DTScalarOrNaT]", super().__getitem__(key))
  File "/home/alexmend/Documents/airflowalex/venv/lib/python3.9/site-packages/pandas/core/arrays/_mixins.py", line 284, in __getitem__
    result = self._ndarray[key]
IndexError: index 0 is out of bounds for axis 0 with size 0
[2024-04-02 17:20:25,281] {taskinstance.py:1395} INFO - Marking task as FAILED. dag_id=get_stocks_dag, task_id=TSLA, execution_date=20240330T000000, start_date=20240402T202024, end_date=20240402T202025
[2024-04-02 17:20:25,301] {standard_task_runner.py:92} ERROR - Failed to execute job 248 for task TSLA (index 0 is out of bounds for axis 0 with size 0; 9881)
[2024-04-02 17:20:25,350] {local_task_job.py:156} INFO - Task exited with return code 1
[2024-04-02 17:20:25,397] {local_task_job.py:273} INFO - 0 downstream tasks scheduled from follow-on schedule check
[2024-04-02 17:48:27,311] {taskinstance.py:1159} INFO - Dependencies all met for <TaskInstance: get_stocks_dag.TSLA scheduled__2024-03-30T00:00:00+00:00 [queued]>
[2024-04-02 17:48:27,344] {taskinstance.py:1159} INFO - Dependencies all met for <TaskInstance: get_stocks_dag.TSLA scheduled__2024-03-30T00:00:00+00:00 [queued]>
[2024-04-02 17:48:27,345] {taskinstance.py:1356} INFO - 
--------------------------------------------------------------------------------
[2024-04-02 17:48:27,346] {taskinstance.py:1357} INFO - Starting attempt 1 of 1
[2024-04-02 17:48:27,346] {taskinstance.py:1358} INFO - 
--------------------------------------------------------------------------------
[2024-04-02 17:48:27,377] {taskinstance.py:1377} INFO - Executing <Task(_PythonDecoratedOperator): TSLA> on 2024-03-30 00:00:00+00:00
[2024-04-02 17:48:27,384] {standard_task_runner.py:52} INFO - Started process 25531 to run task
[2024-04-02 17:48:27,408] {standard_task_runner.py:79} INFO - Running: ['airflow', 'tasks', 'run', 'get_stocks_dag', 'TSLA', 'scheduled__2024-03-30T00:00:00+00:00', '--job-id', '510', '--raw', '--subdir', 'DAGS_FOLDER/get_stocks.py', '--cfg-path', '/tmp/tmp7j3x7n6n', '--error-file', '/tmp/tmpgvmvd8st']
[2024-04-02 17:48:27,414] {standard_task_runner.py:80} INFO - Job 510: Subtask TSLA
[2024-04-02 17:48:27,597] {task_command.py:370} INFO - Running <TaskInstance: get_stocks_dag.TSLA scheduled__2024-03-30T00:00:00+00:00 [running]> on host alexmend-virtual-machine
[2024-04-02 17:48:27,781] {taskinstance.py:1569} INFO - Exporting the following env vars:
AIRFLOW_CTX_DAG_OWNER=airflow
AIRFLOW_CTX_DAG_ID=get_stocks_dag
AIRFLOW_CTX_TASK_ID=TSLA
AIRFLOW_CTX_EXECUTION_DATE=2024-03-30T00:00:00+00:00
AIRFLOW_CTX_TRY_NUMBER=1
AIRFLOW_CTX_DAG_RUN_ID=scheduled__2024-03-30T00:00:00+00:00
[2024-04-02 17:48:28,539] {taskinstance.py:1889} ERROR - Task failed with exception
Traceback (most recent call last):
  File "/home/alexmend/Documents/airflowalex/venv/lib/python3.9/site-packages/airflow/decorators/base.py", line 179, in execute
    return_value = super().execute(context)
  File "/home/alexmend/Documents/airflowalex/venv/lib/python3.9/site-packages/airflow/operators/python.py", line 171, in execute
    return_value = self.execute_callable()
  File "/home/alexmend/Documents/airflowalex/venv/lib/python3.9/site-packages/airflow/operators/python.py", line 189, in execute_callable
    return self.python_callable(*self.op_args, **self.op_kwargs)
  File "/home/alexmend/Documents/airflowalex/dags/get_stocks.py", line 18, in get_history
    yfinance.Ticker(ticker).history(
  File "/home/alexmend/Documents/airflowalex/venv/lib/python3.9/site-packages/yfinance/utils.py", line 103, in wrapper
    result = func(*args, **kwargs)
  File "/home/alexmend/Documents/airflowalex/venv/lib/python3.9/site-packages/yfinance/base.py", line 77, in history
    return self._lazy_load_price_history().history(*args, **kwargs)
  File "/home/alexmend/Documents/airflowalex/venv/lib/python3.9/site-packages/yfinance/utils.py", line 103, in wrapper
    result = func(*args, **kwargs)
  File "/home/alexmend/Documents/airflowalex/venv/lib/python3.9/site-packages/yfinance/scrapers/history.py", line 226, in history
    logger.debug(f'{self.ticker}: yfinance received OHLC data: {quotes.index[0]} -> {quotes.index[-1]}')
  File "/home/alexmend/Documents/airflowalex/venv/lib/python3.9/site-packages/pandas/core/indexes/base.py", line 5389, in __getitem__
    return getitem(key)
  File "/home/alexmend/Documents/airflowalex/venv/lib/python3.9/site-packages/pandas/core/arrays/datetimelike.py", line 379, in __getitem__
    result = cast("Union[Self, DTScalarOrNaT]", super().__getitem__(key))
  File "/home/alexmend/Documents/airflowalex/venv/lib/python3.9/site-packages/pandas/core/arrays/_mixins.py", line 284, in __getitem__
    result = self._ndarray[key]
IndexError: index 0 is out of bounds for axis 0 with size 0
[2024-04-02 17:48:28,578] {taskinstance.py:1395} INFO - Marking task as FAILED. dag_id=get_stocks_dag, task_id=TSLA, execution_date=20240330T000000, start_date=20240402T204827, end_date=20240402T204828
[2024-04-02 17:48:28,606] {standard_task_runner.py:92} ERROR - Failed to execute job 510 for task TSLA (index 0 is out of bounds for axis 0 with size 0; 25531)
[2024-04-02 17:48:28,634] {local_task_job.py:156} INFO - Task exited with return code 1
[2024-04-02 17:48:28,698] {local_task_job.py:273} INFO - 0 downstream tasks scheduled from follow-on schedule check
[2024-04-02 19:17:00,855] {taskinstance.py:1159} INFO - Dependencies all met for <TaskInstance: get_stocks_dag.TSLA scheduled__2024-03-30T00:00:00+00:00 [queued]>
[2024-04-02 19:17:00,876] {taskinstance.py:1159} INFO - Dependencies all met for <TaskInstance: get_stocks_dag.TSLA scheduled__2024-03-30T00:00:00+00:00 [queued]>
[2024-04-02 19:17:00,876] {taskinstance.py:1356} INFO - 
--------------------------------------------------------------------------------
[2024-04-02 19:17:00,876] {taskinstance.py:1357} INFO - Starting attempt 1 of 1
[2024-04-02 19:17:00,876] {taskinstance.py:1358} INFO - 
--------------------------------------------------------------------------------
[2024-04-02 19:17:00,900] {taskinstance.py:1377} INFO - Executing <Task(_PythonDecoratedOperator): TSLA> on 2024-03-30 00:00:00+00:00
[2024-04-02 19:17:00,908] {standard_task_runner.py:52} INFO - Started process 16713 to run task
[2024-04-02 19:17:00,916] {standard_task_runner.py:79} INFO - Running: ['airflow', 'tasks', 'run', 'get_stocks_dag', 'TSLA', 'scheduled__2024-03-30T00:00:00+00:00', '--job-id', '611', '--raw', '--subdir', 'DAGS_FOLDER/get_stocks.py', '--cfg-path', '/tmp/tmp_0avnhj6', '--error-file', '/tmp/tmp6lu4u2c0']
[2024-04-02 19:17:00,918] {standard_task_runner.py:80} INFO - Job 611: Subtask TSLA
[2024-04-02 19:17:01,044] {task_command.py:370} INFO - Running <TaskInstance: get_stocks_dag.TSLA scheduled__2024-03-30T00:00:00+00:00 [running]> on host alexmend-virtual-machine
[2024-04-02 19:17:01,234] {taskinstance.py:1569} INFO - Exporting the following env vars:
AIRFLOW_CTX_DAG_OWNER=airflow
AIRFLOW_CTX_DAG_ID=get_stocks_dag
AIRFLOW_CTX_TASK_ID=TSLA
AIRFLOW_CTX_EXECUTION_DATE=2024-03-30T00:00:00+00:00
AIRFLOW_CTX_TRY_NUMBER=1
AIRFLOW_CTX_DAG_RUN_ID=scheduled__2024-03-30T00:00:00+00:00
[2024-04-02 19:17:01,921] {history.py:222} ERROR - TSLA: No price data found, symbol may be delisted (1h 2024-03-29 -> 2024-03-30)
[2024-04-02 19:17:01,926] {python.py:173} INFO - Done. Returned value was: None
[2024-04-02 19:17:01,951] {taskinstance.py:1395} INFO - Marking task as SUCCESS. dag_id=get_stocks_dag, task_id=TSLA, execution_date=20240330T000000, start_date=20240402T221700, end_date=20240402T221701
[2024-04-02 19:17:01,982] {local_task_job.py:156} INFO - Task exited with return code 0
[2024-04-02 19:17:02,047] {local_task_job.py:273} INFO - 0 downstream tasks scheduled from follow-on schedule check
[2024-04-02 20:41:09,667] {taskinstance.py:1159} INFO - Dependencies all met for <TaskInstance: get_stocks_dag.TSLA scheduled__2024-03-30T00:00:00+00:00 [queued]>
[2024-04-02 20:41:09,682] {taskinstance.py:1159} INFO - Dependencies all met for <TaskInstance: get_stocks_dag.TSLA scheduled__2024-03-30T00:00:00+00:00 [queued]>
[2024-04-02 20:41:09,683] {taskinstance.py:1356} INFO - 
--------------------------------------------------------------------------------
[2024-04-02 20:41:09,683] {taskinstance.py:1357} INFO - Starting attempt 1 of 1
[2024-04-02 20:41:09,683] {taskinstance.py:1358} INFO - 
--------------------------------------------------------------------------------
[2024-04-02 20:41:09,702] {taskinstance.py:1377} INFO - Executing <Task(_PythonDecoratedOperator): TSLA> on 2024-03-30 00:00:00+00:00
[2024-04-02 20:41:09,713] {standard_task_runner.py:52} INFO - Started process 28240 to run task
[2024-04-02 20:41:09,726] {standard_task_runner.py:79} INFO - Running: ['airflow', 'tasks', 'run', 'get_stocks_dag', 'TSLA', 'scheduled__2024-03-30T00:00:00+00:00', '--job-id', '712', '--raw', '--subdir', 'DAGS_FOLDER/get_stocks.py', '--cfg-path', '/tmp/tmpkitn727e', '--error-file', '/tmp/tmpgickxpte']
[2024-04-02 20:41:09,728] {standard_task_runner.py:80} INFO - Job 712: Subtask TSLA
[2024-04-02 20:41:09,849] {task_command.py:370} INFO - Running <TaskInstance: get_stocks_dag.TSLA scheduled__2024-03-30T00:00:00+00:00 [running]> on host alexmend-virtual-machine
[2024-04-02 20:41:09,967] {taskinstance.py:1569} INFO - Exporting the following env vars:
AIRFLOW_CTX_DAG_OWNER=airflow
AIRFLOW_CTX_DAG_ID=get_stocks_dag
AIRFLOW_CTX_TASK_ID=TSLA
AIRFLOW_CTX_EXECUTION_DATE=2024-03-30T00:00:00+00:00
AIRFLOW_CTX_TRY_NUMBER=1
AIRFLOW_CTX_DAG_RUN_ID=scheduled__2024-03-30T00:00:00+00:00
[2024-04-02 20:41:10,579] {history.py:222} ERROR - TSLA: No price data found, symbol may be delisted (1h 2024-03-29 -> 2024-03-30)
[2024-04-02 20:41:10,584] {python.py:173} INFO - Done. Returned value was: None
[2024-04-02 20:41:10,608] {taskinstance.py:1395} INFO - Marking task as SUCCESS. dag_id=get_stocks_dag, task_id=TSLA, execution_date=20240330T000000, start_date=20240402T234109, end_date=20240402T234110
[2024-04-02 20:41:10,663] {local_task_job.py:156} INFO - Task exited with return code 0
[2024-04-02 20:41:10,739] {local_task_job.py:273} INFO - 0 downstream tasks scheduled from follow-on schedule check
[2024-04-02 21:57:24,559] {taskinstance.py:1159} INFO - Dependencies all met for <TaskInstance: get_stocks_dag.TSLA scheduled__2024-03-30T00:00:00+00:00 [queued]>
[2024-04-02 21:57:24,579] {taskinstance.py:1159} INFO - Dependencies all met for <TaskInstance: get_stocks_dag.TSLA scheduled__2024-03-30T00:00:00+00:00 [queued]>
[2024-04-02 21:57:24,579] {taskinstance.py:1356} INFO - 
--------------------------------------------------------------------------------
[2024-04-02 21:57:24,579] {taskinstance.py:1357} INFO - Starting attempt 1 of 1
[2024-04-02 21:57:24,579] {taskinstance.py:1358} INFO - 
--------------------------------------------------------------------------------
[2024-04-02 21:57:24,601] {taskinstance.py:1377} INFO - Executing <Task(_PythonDecoratedOperator): TSLA> on 2024-03-30 00:00:00+00:00
[2024-04-02 21:57:24,610] {standard_task_runner.py:52} INFO - Started process 55966 to run task
[2024-04-02 21:57:24,618] {standard_task_runner.py:79} INFO - Running: ['airflow', 'tasks', 'run', 'get_stocks_dag', 'TSLA', 'scheduled__2024-03-30T00:00:00+00:00', '--job-id', '898', '--raw', '--subdir', 'DAGS_FOLDER/get_stocks.py', '--cfg-path', '/tmp/tmp_h19pp48', '--error-file', '/tmp/tmpezn627d0']
[2024-04-02 21:57:24,620] {standard_task_runner.py:80} INFO - Job 898: Subtask TSLA
[2024-04-02 21:57:24,752] {task_command.py:370} INFO - Running <TaskInstance: get_stocks_dag.TSLA scheduled__2024-03-30T00:00:00+00:00 [running]> on host alexmend-virtual-machine
[2024-04-02 21:57:24,887] {taskinstance.py:1569} INFO - Exporting the following env vars:
AIRFLOW_CTX_DAG_OWNER=airflow
AIRFLOW_CTX_DAG_ID=get_stocks_dag
AIRFLOW_CTX_TASK_ID=TSLA
AIRFLOW_CTX_EXECUTION_DATE=2024-03-30T00:00:00+00:00
AIRFLOW_CTX_TRY_NUMBER=1
AIRFLOW_CTX_DAG_RUN_ID=scheduled__2024-03-30T00:00:00+00:00
[2024-04-02 21:57:25,479] {history.py:222} ERROR - TSLA: No price data found, symbol may be delisted (1h 2024-03-29 -> 2024-03-30)
[2024-04-02 21:57:35,499] {python.py:173} INFO - Done. Returned value was: None
[2024-04-02 21:57:35,575] {taskinstance.py:1395} INFO - Marking task as SUCCESS. dag_id=get_stocks_dag, task_id=TSLA, execution_date=20240330T000000, start_date=20240403T005724, end_date=20240403T005735
[2024-04-02 21:57:35,630] {local_task_job.py:156} INFO - Task exited with return code 0
[2024-04-02 21:57:35,716] {local_task_job.py:273} INFO - 0 downstream tasks scheduled from follow-on schedule check
[2024-04-02 23:19:33,072] {taskinstance.py:1159} INFO - Dependencies all met for <TaskInstance: get_stocks_dag.TSLA scheduled__2024-03-30T00:00:00+00:00 [queued]>
[2024-04-02 23:19:33,101] {taskinstance.py:1159} INFO - Dependencies all met for <TaskInstance: get_stocks_dag.TSLA scheduled__2024-03-30T00:00:00+00:00 [queued]>
[2024-04-02 23:19:33,102] {taskinstance.py:1356} INFO - 
--------------------------------------------------------------------------------
[2024-04-02 23:19:33,102] {taskinstance.py:1357} INFO - Starting attempt 1 of 1
[2024-04-02 23:19:33,103] {taskinstance.py:1358} INFO - 
--------------------------------------------------------------------------------
[2024-04-02 23:19:33,135] {taskinstance.py:1377} INFO - Executing <Task(_PythonDecoratedOperator): TSLA> on 2024-03-30 00:00:00+00:00
[2024-04-02 23:19:33,149] {standard_task_runner.py:52} INFO - Started process 86601 to run task
[2024-04-02 23:19:33,161] {standard_task_runner.py:79} INFO - Running: ['airflow', 'tasks', 'run', 'get_stocks_dag', 'TSLA', 'scheduled__2024-03-30T00:00:00+00:00', '--job-id', '1200', '--raw', '--subdir', 'DAGS_FOLDER/get_stocks.py', '--cfg-path', '/tmp/tmpvg_noeiy', '--error-file', '/tmp/tmp0q2d0e3v']
[2024-04-02 23:19:33,165] {standard_task_runner.py:80} INFO - Job 1200: Subtask TSLA
[2024-04-02 23:19:33,339] {task_command.py:370} INFO - Running <TaskInstance: get_stocks_dag.TSLA scheduled__2024-03-30T00:00:00+00:00 [running]> on host alexmend-virtual-machine
[2024-04-02 23:19:33,520] {taskinstance.py:1569} INFO - Exporting the following env vars:
AIRFLOW_CTX_DAG_OWNER=airflow
AIRFLOW_CTX_DAG_ID=get_stocks_dag
AIRFLOW_CTX_TASK_ID=TSLA
AIRFLOW_CTX_EXECUTION_DATE=2024-03-30T00:00:00+00:00
AIRFLOW_CTX_TRY_NUMBER=1
AIRFLOW_CTX_DAG_RUN_ID=scheduled__2024-03-30T00:00:00+00:00
[2024-04-02 23:19:34,214] {history.py:222} ERROR - TSLA: No price data found, symbol may be delisted (1h 2024-03-29 -> 2024-03-30)
[2024-04-02 23:19:44,231] {python.py:173} INFO - Done. Returned value was: None
[2024-04-02 23:19:44,264] {taskinstance.py:1395} INFO - Marking task as SUCCESS. dag_id=get_stocks_dag, task_id=TSLA, execution_date=20240330T000000, start_date=20240403T021933, end_date=20240403T021944
[2024-04-02 23:19:44,332] {local_task_job.py:156} INFO - Task exited with return code 0
[2024-04-02 23:19:44,400] {local_task_job.py:273} INFO - 0 downstream tasks scheduled from follow-on schedule check
