[2024-04-02 12:58:46,271] {taskinstance.py:1159} INFO - Dependencies all met for <TaskInstance: get_stocks_dag.TSLA scheduled__2024-01-10T00:00:00+00:00 [queued]>
[2024-04-02 12:58:46,281] {taskinstance.py:1159} INFO - Dependencies all met for <TaskInstance: get_stocks_dag.TSLA scheduled__2024-01-10T00:00:00+00:00 [queued]>
[2024-04-02 12:58:46,282] {taskinstance.py:1356} INFO - 
--------------------------------------------------------------------------------
[2024-04-02 12:58:46,282] {taskinstance.py:1357} INFO - Starting attempt 1 of 1
[2024-04-02 12:58:46,282] {taskinstance.py:1358} INFO - 
--------------------------------------------------------------------------------
[2024-04-02 12:58:46,305] {taskinstance.py:1377} INFO - Executing <Task(_PythonDecoratedOperator): TSLA> on 2024-01-10 00:00:00+00:00
[2024-04-02 12:58:46,328] {standard_task_runner.py:52} INFO - Started process 8458 to run task
[2024-04-02 12:58:46,335] {standard_task_runner.py:79} INFO - Running: ['airflow', 'tasks', 'run', 'get_stocks_dag', 'TSLA', 'scheduled__2024-01-10T00:00:00+00:00', '--job-id', '34', '--raw', '--subdir', 'DAGS_FOLDER/get_stocks.py', '--cfg-path', '/tmp/tmpx9go2kzh', '--error-file', '/tmp/tmpecf1oww6']
[2024-04-02 12:58:46,340] {standard_task_runner.py:80} INFO - Job 34: Subtask TSLA
[2024-04-02 12:58:46,394] {task_command.py:370} INFO - Running <TaskInstance: get_stocks_dag.TSLA scheduled__2024-01-10T00:00:00+00:00 [running]> on host alexmend-virtual-machine
[2024-04-02 12:58:46,466] {taskinstance.py:1569} INFO - Exporting the following env vars:
AIRFLOW_CTX_DAG_OWNER=airflow
AIRFLOW_CTX_DAG_ID=get_stocks_dag
AIRFLOW_CTX_TASK_ID=TSLA
AIRFLOW_CTX_EXECUTION_DATE=2024-01-10T00:00:00+00:00
AIRFLOW_CTX_TRY_NUMBER=1
AIRFLOW_CTX_DAG_RUN_ID=scheduled__2024-01-10T00:00:00+00:00
[2024-04-02 12:58:47,211] {python.py:173} INFO - Done. Returned value was: None
[2024-04-02 12:58:47,223] {taskinstance.py:1395} INFO - Marking task as SUCCESS. dag_id=get_stocks_dag, task_id=TSLA, execution_date=20240110T000000, start_date=20240402T155846, end_date=20240402T155847
[2024-04-02 12:58:47,271] {local_task_job.py:156} INFO - Task exited with return code 0
[2024-04-02 12:58:47,301] {local_task_job.py:273} INFO - 0 downstream tasks scheduled from follow-on schedule check
[2024-04-02 13:47:48,132] {taskinstance.py:1159} INFO - Dependencies all met for <TaskInstance: get_stocks_dag.TSLA scheduled__2024-01-10T00:00:00+00:00 [queued]>
[2024-04-02 13:47:48,972] {taskinstance.py:1159} INFO - Dependencies all met for <TaskInstance: get_stocks_dag.TSLA scheduled__2024-01-10T00:00:00+00:00 [queued]>
[2024-04-02 13:47:48,972] {taskinstance.py:1356} INFO - 
--------------------------------------------------------------------------------
[2024-04-02 13:47:48,972] {taskinstance.py:1357} INFO - Starting attempt 1 of 1
[2024-04-02 13:47:48,973] {taskinstance.py:1358} INFO - 
--------------------------------------------------------------------------------
[2024-04-02 13:47:50,198] {taskinstance.py:1377} INFO - Executing <Task(_PythonDecoratedOperator): TSLA> on 2024-01-10 00:00:00+00:00
[2024-04-02 13:47:50,500] {standard_task_runner.py:52} INFO - Started process 26990 to run task
[2024-04-02 13:47:51,183] {standard_task_runner.py:79} INFO - Running: ['airflow', 'tasks', 'run', 'get_stocks_dag', 'TSLA', 'scheduled__2024-01-10T00:00:00+00:00', '--job-id', '15', '--raw', '--subdir', 'DAGS_FOLDER/get_stocks.py', '--cfg-path', '/tmp/tmpv4_eru3o', '--error-file', '/tmp/tmpa2s19zka']
[2024-04-02 13:47:51,194] {standard_task_runner.py:80} INFO - Job 15: Subtask TSLA
[2024-04-02 13:48:18,458] {task_command.py:370} INFO - Running <TaskInstance: get_stocks_dag.TSLA scheduled__2024-01-10T00:00:00+00:00 [running]> on host alexmend-virtual-machine
[2024-04-02 17:42:23,582] {taskinstance.py:1159} INFO - Dependencies all met for <TaskInstance: get_stocks_dag.TSLA scheduled__2024-01-10T00:00:00+00:00 [queued]>
[2024-04-02 17:42:23,620] {taskinstance.py:1159} INFO - Dependencies all met for <TaskInstance: get_stocks_dag.TSLA scheduled__2024-01-10T00:00:00+00:00 [queued]>
[2024-04-02 17:42:23,620] {taskinstance.py:1356} INFO - 
--------------------------------------------------------------------------------
[2024-04-02 17:42:23,621] {taskinstance.py:1357} INFO - Starting attempt 1 of 1
[2024-04-02 17:42:23,621] {taskinstance.py:1358} INFO - 
--------------------------------------------------------------------------------
[2024-04-02 17:42:23,678] {taskinstance.py:1377} INFO - Executing <Task(_PythonDecoratedOperator): TSLA> on 2024-01-10 00:00:00+00:00
[2024-04-02 17:42:23,699] {standard_task_runner.py:52} INFO - Started process 18556 to run task
[2024-04-02 17:42:23,720] {standard_task_runner.py:79} INFO - Running: ['airflow', 'tasks', 'run', 'get_stocks_dag', 'TSLA', 'scheduled__2024-01-10T00:00:00+00:00', '--job-id', '277', '--raw', '--subdir', 'DAGS_FOLDER/get_stocks.py', '--cfg-path', '/tmp/tmppggi6vr9', '--error-file', '/tmp/tmpai94itm_']
[2024-04-02 17:42:23,730] {standard_task_runner.py:80} INFO - Job 277: Subtask TSLA
[2024-04-02 17:42:23,967] {task_command.py:370} INFO - Running <TaskInstance: get_stocks_dag.TSLA scheduled__2024-01-10T00:00:00+00:00 [running]> on host alexmend-virtual-machine
[2024-04-02 17:42:24,301] {taskinstance.py:1569} INFO - Exporting the following env vars:
AIRFLOW_CTX_DAG_OWNER=airflow
AIRFLOW_CTX_DAG_ID=get_stocks_dag
AIRFLOW_CTX_TASK_ID=TSLA
AIRFLOW_CTX_EXECUTION_DATE=2024-01-10T00:00:00+00:00
AIRFLOW_CTX_TRY_NUMBER=1
AIRFLOW_CTX_DAG_RUN_ID=scheduled__2024-01-10T00:00:00+00:00
[2024-04-02 17:42:25,358] {python.py:173} INFO - Done. Returned value was: None
[2024-04-02 17:42:25,430] {taskinstance.py:1395} INFO - Marking task as SUCCESS. dag_id=get_stocks_dag, task_id=TSLA, execution_date=20240110T000000, start_date=20240402T204223, end_date=20240402T204225
[2024-04-02 17:42:25,508] {local_task_job.py:156} INFO - Task exited with return code 0
[2024-04-02 17:42:25,591] {local_task_job.py:273} INFO - 0 downstream tasks scheduled from follow-on schedule check
