[2024-04-02 21:59:54,916] {taskinstance.py:1159} INFO - Dependencies all met for <TaskInstance: get_crypto_dag.AVAX scheduled__2024-03-22T00:00:00+00:00 [queued]>
[2024-04-02 21:59:54,930] {taskinstance.py:1159} INFO - Dependencies all met for <TaskInstance: get_crypto_dag.AVAX scheduled__2024-03-22T00:00:00+00:00 [queued]>
[2024-04-02 21:59:54,931] {taskinstance.py:1356} INFO - 
--------------------------------------------------------------------------------
[2024-04-02 21:59:54,931] {taskinstance.py:1357} INFO - Starting attempt 1 of 1
[2024-04-02 21:59:54,931] {taskinstance.py:1358} INFO - 
--------------------------------------------------------------------------------
[2024-04-02 21:59:54,948] {taskinstance.py:1377} INFO - Executing <Task(_PythonDecoratedOperator): AVAX> on 2024-03-22 00:00:00+00:00
[2024-04-02 21:59:54,958] {standard_task_runner.py:52} INFO - Started process 57697 to run task
[2024-04-02 21:59:54,967] {standard_task_runner.py:79} INFO - Running: ['airflow', 'tasks', 'run', 'get_crypto_dag', 'AVAX', 'scheduled__2024-03-22T00:00:00+00:00', '--job-id', '924', '--raw', '--subdir', 'DAGS_FOLDER/get_crypto.py', '--cfg-path', '/tmp/tmp_n01fhff', '--error-file', '/tmp/tmpjgn992jf']
[2024-04-02 21:59:54,969] {standard_task_runner.py:80} INFO - Job 924: Subtask AVAX
[2024-04-02 21:59:55,117] {task_command.py:370} INFO - Running <TaskInstance: get_crypto_dag.AVAX scheduled__2024-03-22T00:00:00+00:00 [running]> on host alexmend-virtual-machine
[2024-04-02 21:59:55,225] {taskinstance.py:1569} INFO - Exporting the following env vars:
AIRFLOW_CTX_DAG_OWNER=airflow
AIRFLOW_CTX_DAG_ID=get_crypto_dag
AIRFLOW_CTX_TASK_ID=AVAX
AIRFLOW_CTX_EXECUTION_DATE=2024-03-22T00:00:00+00:00
AIRFLOW_CTX_TRY_NUMBER=1
AIRFLOW_CTX_DAG_RUN_ID=scheduled__2024-03-22T00:00:00+00:00
[2024-04-02 21:59:59,442] {history.py:90} ERROR - AVAX: No timezone found, symbol may be delisted
[2024-04-02 22:00:09,457] {python.py:173} INFO - Done. Returned value was: None
[2024-04-02 22:00:09,486] {taskinstance.py:1395} INFO - Marking task as SUCCESS. dag_id=get_crypto_dag, task_id=AVAX, execution_date=20240322T000000, start_date=20240403T005954, end_date=20240403T010009
[2024-04-02 22:00:09,550] {local_task_job.py:156} INFO - Task exited with return code 0
[2024-04-02 22:00:09,617] {local_task_job.py:273} INFO - 0 downstream tasks scheduled from follow-on schedule check
[2024-04-02 23:10:43,472] {taskinstance.py:1159} INFO - Dependencies all met for <TaskInstance: get_crypto_dag.AVAX scheduled__2024-03-22T00:00:00+00:00 [queued]>
[2024-04-02 23:10:43,511] {taskinstance.py:1159} INFO - Dependencies all met for <TaskInstance: get_crypto_dag.AVAX scheduled__2024-03-22T00:00:00+00:00 [queued]>
[2024-04-02 23:10:43,511] {taskinstance.py:1356} INFO - 
--------------------------------------------------------------------------------
[2024-04-02 23:10:43,511] {taskinstance.py:1357} INFO - Starting attempt 1 of 1
[2024-04-02 23:10:43,511] {taskinstance.py:1358} INFO - 
--------------------------------------------------------------------------------
[2024-04-02 23:10:43,547] {taskinstance.py:1377} INFO - Executing <Task(_PythonDecoratedOperator): AVAX> on 2024-03-22 00:00:00+00:00
[2024-04-02 23:10:43,559] {standard_task_runner.py:52} INFO - Started process 81877 to run task
[2024-04-02 23:10:43,567] {standard_task_runner.py:79} INFO - Running: ['airflow', 'tasks', 'run', 'get_crypto_dag', 'AVAX', 'scheduled__2024-03-22T00:00:00+00:00', '--job-id', '1141', '--raw', '--subdir', 'DAGS_FOLDER/get_crypto.py', '--cfg-path', '/tmp/tmp491s0qgb', '--error-file', '/tmp/tmpi2aye6ht']
[2024-04-02 23:10:43,573] {standard_task_runner.py:80} INFO - Job 1141: Subtask AVAX
[2024-04-02 23:10:43,753] {task_command.py:370} INFO - Running <TaskInstance: get_crypto_dag.AVAX scheduled__2024-03-22T00:00:00+00:00 [running]> on host alexmend-virtual-machine
[2024-04-02 23:10:43,945] {taskinstance.py:1569} INFO - Exporting the following env vars:
AIRFLOW_CTX_DAG_OWNER=airflow
AIRFLOW_CTX_DAG_ID=get_crypto_dag
AIRFLOW_CTX_TASK_ID=AVAX
AIRFLOW_CTX_EXECUTION_DATE=2024-03-22T00:00:00+00:00
AIRFLOW_CTX_TRY_NUMBER=1
AIRFLOW_CTX_DAG_RUN_ID=scheduled__2024-03-22T00:00:00+00:00
[2024-04-02 23:10:47,543] {history.py:90} ERROR - AVAX: No timezone found, symbol may be delisted
[2024-04-02 23:10:57,559] {python.py:173} INFO - Done. Returned value was: None
[2024-04-02 23:10:57,594] {taskinstance.py:1395} INFO - Marking task as SUCCESS. dag_id=get_crypto_dag, task_id=AVAX, execution_date=20240322T000000, start_date=20240403T021043, end_date=20240403T021057
[2024-04-02 23:10:57,662] {local_task_job.py:156} INFO - Task exited with return code 0
[2024-04-02 23:10:57,737] {local_task_job.py:273} INFO - 0 downstream tasks scheduled from follow-on schedule check
