[2024-04-02 21:47:50,861] {taskinstance.py:1159} INFO - Dependencies all met for <TaskInstance: get_crypto_dag.BTC scheduled__2024-03-04T00:00:00+00:00 [queued]>
[2024-04-02 21:47:50,924] {taskinstance.py:1159} INFO - Dependencies all met for <TaskInstance: get_crypto_dag.BTC scheduled__2024-03-04T00:00:00+00:00 [queued]>
[2024-04-02 21:47:50,925] {taskinstance.py:1356} INFO - 
--------------------------------------------------------------------------------
[2024-04-02 21:47:50,925] {taskinstance.py:1357} INFO - Starting attempt 1 of 1
[2024-04-02 21:47:50,925] {taskinstance.py:1358} INFO - 
--------------------------------------------------------------------------------
[2024-04-02 21:47:51,019] {taskinstance.py:1377} INFO - Executing <Task(_PythonDecoratedOperator): BTC> on 2024-03-04 00:00:00+00:00
[2024-04-02 21:47:51,076] {standard_task_runner.py:52} INFO - Started process 49174 to run task
[2024-04-02 21:47:51,098] {standard_task_runner.py:79} INFO - Running: ['airflow', 'tasks', 'run', 'get_crypto_dag', 'BTC', 'scheduled__2024-03-04T00:00:00+00:00', '--job-id', '779', '--raw', '--subdir', 'DAGS_FOLDER/get_crypto.py', '--cfg-path', '/tmp/tmpgybkb6ja', '--error-file', '/tmp/tmp_s4k5d6v']
[2024-04-02 21:47:51,117] {standard_task_runner.py:80} INFO - Job 779: Subtask BTC
[2024-04-02 21:47:51,520] {task_command.py:370} INFO - Running <TaskInstance: get_crypto_dag.BTC scheduled__2024-03-04T00:00:00+00:00 [running]> on host alexmend-virtual-machine
[2024-04-02 21:47:51,841] {taskinstance.py:1569} INFO - Exporting the following env vars:
AIRFLOW_CTX_DAG_OWNER=airflow
AIRFLOW_CTX_DAG_ID=get_crypto_dag
AIRFLOW_CTX_TASK_ID=BTC
AIRFLOW_CTX_EXECUTION_DATE=2024-03-04T00:00:00+00:00
AIRFLOW_CTX_TRY_NUMBER=1
AIRFLOW_CTX_DAG_RUN_ID=scheduled__2024-03-04T00:00:00+00:00
[2024-04-02 21:47:52,759] {history.py:222} ERROR - BTC: No price data found, symbol may be delisted (1h 2024-03-03 -> 2024-03-04)
[2024-04-02 21:48:02,810] {python.py:173} INFO - Done. Returned value was: None
[2024-04-02 21:48:02,878] {taskinstance.py:1395} INFO - Marking task as SUCCESS. dag_id=get_crypto_dag, task_id=BTC, execution_date=20240304T000000, start_date=20240403T004750, end_date=20240403T004802
[2024-04-02 21:48:02,932] {local_task_job.py:156} INFO - Task exited with return code 0
[2024-04-02 21:48:03,001] {local_task_job.py:273} INFO - 0 downstream tasks scheduled from follow-on schedule check
[2024-04-02 22:53:06,015] {taskinstance.py:1159} INFO - Dependencies all met for <TaskInstance: get_crypto_dag.BTC scheduled__2024-03-04T00:00:00+00:00 [queued]>
[2024-04-02 22:53:06,046] {taskinstance.py:1159} INFO - Dependencies all met for <TaskInstance: get_crypto_dag.BTC scheduled__2024-03-04T00:00:00+00:00 [queued]>
[2024-04-02 22:53:06,048] {taskinstance.py:1356} INFO - 
--------------------------------------------------------------------------------
[2024-04-02 22:53:06,048] {taskinstance.py:1357} INFO - Starting attempt 1 of 1
[2024-04-02 22:53:06,049] {taskinstance.py:1358} INFO - 
--------------------------------------------------------------------------------
[2024-04-02 22:53:06,115] {taskinstance.py:1377} INFO - Executing <Task(_PythonDecoratedOperator): BTC> on 2024-03-04 00:00:00+00:00
[2024-04-02 22:53:06,136] {standard_task_runner.py:52} INFO - Started process 72420 to run task
[2024-04-02 22:53:06,146] {standard_task_runner.py:79} INFO - Running: ['airflow', 'tasks', 'run', 'get_crypto_dag', 'BTC', 'scheduled__2024-03-04T00:00:00+00:00', '--job-id', '1017', '--raw', '--subdir', 'DAGS_FOLDER/get_crypto.py', '--cfg-path', '/tmp/tmpwksfb3e7', '--error-file', '/tmp/tmp6bi2aakl']
[2024-04-02 22:53:06,150] {standard_task_runner.py:80} INFO - Job 1017: Subtask BTC
[2024-04-02 22:53:06,403] {task_command.py:370} INFO - Running <TaskInstance: get_crypto_dag.BTC scheduled__2024-03-04T00:00:00+00:00 [running]> on host alexmend-virtual-machine
[2024-04-02 22:53:06,640] {taskinstance.py:1569} INFO - Exporting the following env vars:
AIRFLOW_CTX_DAG_OWNER=airflow
AIRFLOW_CTX_DAG_ID=get_crypto_dag
AIRFLOW_CTX_TASK_ID=BTC
AIRFLOW_CTX_EXECUTION_DATE=2024-03-04T00:00:00+00:00
AIRFLOW_CTX_TRY_NUMBER=1
AIRFLOW_CTX_DAG_RUN_ID=scheduled__2024-03-04T00:00:00+00:00
[2024-04-02 22:53:07,364] {history.py:222} ERROR - BTC: No price data found, symbol may be delisted (1h 2024-03-03 -> 2024-03-04)
[2024-04-02 22:53:17,384] {python.py:173} INFO - Done. Returned value was: None
[2024-04-02 22:53:17,464] {taskinstance.py:1395} INFO - Marking task as SUCCESS. dag_id=get_crypto_dag, task_id=BTC, execution_date=20240304T000000, start_date=20240403T015306, end_date=20240403T015317
[2024-04-02 22:53:17,522] {local_task_job.py:156} INFO - Task exited with return code 0
[2024-04-02 22:53:17,712] {local_task_job.py:273} INFO - 0 downstream tasks scheduled from follow-on schedule check
