[2024-04-02 21:56:45,098] {taskinstance.py:1159} INFO - Dependencies all met for <TaskInstance: get_crypto_dag.BTC scheduled__2024-03-16T00:00:00+00:00 [queued]>
[2024-04-02 21:56:45,145] {taskinstance.py:1159} INFO - Dependencies all met for <TaskInstance: get_crypto_dag.BTC scheduled__2024-03-16T00:00:00+00:00 [queued]>
[2024-04-02 21:56:45,146] {taskinstance.py:1356} INFO - 
--------------------------------------------------------------------------------
[2024-04-02 21:56:45,146] {taskinstance.py:1357} INFO - Starting attempt 1 of 1
[2024-04-02 21:56:45,146] {taskinstance.py:1358} INFO - 
--------------------------------------------------------------------------------
[2024-04-02 21:56:45,204] {taskinstance.py:1377} INFO - Executing <Task(_PythonDecoratedOperator): BTC> on 2024-03-16 00:00:00+00:00
[2024-04-02 21:56:45,241] {standard_task_runner.py:52} INFO - Started process 55351 to run task
[2024-04-02 21:56:45,288] {standard_task_runner.py:79} INFO - Running: ['airflow', 'tasks', 'run', 'get_crypto_dag', 'BTC', 'scheduled__2024-03-16T00:00:00+00:00', '--job-id', '888', '--raw', '--subdir', 'DAGS_FOLDER/get_crypto.py', '--cfg-path', '/tmp/tmpjtl4mbm5', '--error-file', '/tmp/tmph4dckvlm']
[2024-04-02 21:56:45,292] {standard_task_runner.py:80} INFO - Job 888: Subtask BTC
[2024-04-02 21:56:45,545] {task_command.py:370} INFO - Running <TaskInstance: get_crypto_dag.BTC scheduled__2024-03-16T00:00:00+00:00 [running]> on host alexmend-virtual-machine
[2024-04-02 21:56:45,973] {taskinstance.py:1569} INFO - Exporting the following env vars:
AIRFLOW_CTX_DAG_OWNER=airflow
AIRFLOW_CTX_DAG_ID=get_crypto_dag
AIRFLOW_CTX_TASK_ID=BTC
AIRFLOW_CTX_EXECUTION_DATE=2024-03-16T00:00:00+00:00
AIRFLOW_CTX_TRY_NUMBER=1
AIRFLOW_CTX_DAG_RUN_ID=scheduled__2024-03-16T00:00:00+00:00
[2024-04-02 21:56:46,775] {history.py:222} ERROR - BTC: No price data found, symbol may be delisted (1h 2024-03-15 -> 2024-03-16)
[2024-04-02 21:56:56,798] {python.py:173} INFO - Done. Returned value was: None
[2024-04-02 21:56:56,844] {taskinstance.py:1395} INFO - Marking task as SUCCESS. dag_id=get_crypto_dag, task_id=BTC, execution_date=20240316T000000, start_date=20240403T005645, end_date=20240403T005656
[2024-04-02 21:56:56,952] {local_task_job.py:156} INFO - Task exited with return code 0
[2024-04-02 21:56:57,090] {local_task_job.py:273} INFO - 0 downstream tasks scheduled from follow-on schedule check
[2024-04-02 23:05:47,730] {taskinstance.py:1159} INFO - Dependencies all met for <TaskInstance: get_crypto_dag.BTC scheduled__2024-03-16T00:00:00+00:00 [queued]>
[2024-04-02 23:05:47,757] {taskinstance.py:1159} INFO - Dependencies all met for <TaskInstance: get_crypto_dag.BTC scheduled__2024-03-16T00:00:00+00:00 [queued]>
[2024-04-02 23:05:47,758] {taskinstance.py:1356} INFO - 
--------------------------------------------------------------------------------
[2024-04-02 23:05:47,759] {taskinstance.py:1357} INFO - Starting attempt 1 of 1
[2024-04-02 23:05:47,759] {taskinstance.py:1358} INFO - 
--------------------------------------------------------------------------------
[2024-04-02 23:05:47,785] {taskinstance.py:1377} INFO - Executing <Task(_PythonDecoratedOperator): BTC> on 2024-03-16 00:00:00+00:00
[2024-04-02 23:05:47,797] {standard_task_runner.py:52} INFO - Started process 78978 to run task
[2024-04-02 23:05:47,825] {standard_task_runner.py:79} INFO - Running: ['airflow', 'tasks', 'run', 'get_crypto_dag', 'BTC', 'scheduled__2024-03-16T00:00:00+00:00', '--job-id', '1103', '--raw', '--subdir', 'DAGS_FOLDER/get_crypto.py', '--cfg-path', '/tmp/tmpbd5t5o6w', '--error-file', '/tmp/tmpdbcp3y0r']
[2024-04-02 23:05:47,835] {standard_task_runner.py:80} INFO - Job 1103: Subtask BTC
[2024-04-02 23:05:48,002] {task_command.py:370} INFO - Running <TaskInstance: get_crypto_dag.BTC scheduled__2024-03-16T00:00:00+00:00 [running]> on host alexmend-virtual-machine
[2024-04-02 23:05:48,258] {taskinstance.py:1569} INFO - Exporting the following env vars:
AIRFLOW_CTX_DAG_OWNER=airflow
AIRFLOW_CTX_DAG_ID=get_crypto_dag
AIRFLOW_CTX_TASK_ID=BTC
AIRFLOW_CTX_EXECUTION_DATE=2024-03-16T00:00:00+00:00
AIRFLOW_CTX_TRY_NUMBER=1
AIRFLOW_CTX_DAG_RUN_ID=scheduled__2024-03-16T00:00:00+00:00
[2024-04-02 23:05:48,969] {history.py:222} ERROR - BTC: No price data found, symbol may be delisted (1h 2024-03-15 -> 2024-03-16)
[2024-04-02 23:05:58,987] {python.py:173} INFO - Done. Returned value was: None
[2024-04-02 23:05:59,023] {taskinstance.py:1395} INFO - Marking task as SUCCESS. dag_id=get_crypto_dag, task_id=BTC, execution_date=20240316T000000, start_date=20240403T020547, end_date=20240403T020559
[2024-04-02 23:05:59,087] {local_task_job.py:156} INFO - Task exited with return code 0
[2024-04-02 23:05:59,160] {local_task_job.py:273} INFO - 0 downstream tasks scheduled from follow-on schedule check
