[2024-04-02 13:08:29,060] {taskinstance.py:1159} INFO - Dependencies all met for <TaskInstance: get_stocks_dag.TSLA scheduled__2024-02-28T00:00:00+00:00 [queued]>
[2024-04-02 13:08:29,069] {taskinstance.py:1159} INFO - Dependencies all met for <TaskInstance: get_stocks_dag.TSLA scheduled__2024-02-28T00:00:00+00:00 [queued]>
[2024-04-02 13:08:29,070] {taskinstance.py:1356} INFO - 
--------------------------------------------------------------------------------
[2024-04-02 13:08:29,070] {taskinstance.py:1357} INFO - Starting attempt 1 of 1
[2024-04-02 13:08:29,070] {taskinstance.py:1358} INFO - 
--------------------------------------------------------------------------------
[2024-04-02 13:08:29,105] {taskinstance.py:1377} INFO - Executing <Task(_PythonDecoratedOperator): TSLA> on 2024-02-28 00:00:00+00:00
[2024-04-02 13:08:29,111] {standard_task_runner.py:52} INFO - Started process 11852 to run task
[2024-04-02 13:08:29,116] {standard_task_runner.py:79} INFO - Running: ['airflow', 'tasks', 'run', 'get_stocks_dag', 'TSLA', 'scheduled__2024-02-28T00:00:00+00:00', '--job-id', '174', '--raw', '--subdir', 'DAGS_FOLDER/get_stocks.py', '--cfg-path', '/tmp/tmpup_mxf44', '--error-file', '/tmp/tmpnoqsr9pt']
[2024-04-02 13:08:29,117] {standard_task_runner.py:80} INFO - Job 174: Subtask TSLA
[2024-04-02 13:08:29,181] {task_command.py:370} INFO - Running <TaskInstance: get_stocks_dag.TSLA scheduled__2024-02-28T00:00:00+00:00 [running]> on host alexmend-virtual-machine
[2024-04-02 13:08:29,262] {taskinstance.py:1569} INFO - Exporting the following env vars:
AIRFLOW_CTX_DAG_OWNER=airflow
AIRFLOW_CTX_DAG_ID=get_stocks_dag
AIRFLOW_CTX_TASK_ID=TSLA
AIRFLOW_CTX_EXECUTION_DATE=2024-02-28T00:00:00+00:00
AIRFLOW_CTX_TRY_NUMBER=1
AIRFLOW_CTX_DAG_RUN_ID=scheduled__2024-02-28T00:00:00+00:00
[2024-04-02 13:08:29,867] {python.py:173} INFO - Done. Returned value was: None
[2024-04-02 13:08:29,874] {taskinstance.py:1395} INFO - Marking task as SUCCESS. dag_id=get_stocks_dag, task_id=TSLA, execution_date=20240228T000000, start_date=20240402T160829, end_date=20240402T160829
[2024-04-02 13:08:29,934] {local_task_job.py:156} INFO - Task exited with return code 0
[2024-04-02 13:08:29,962] {local_task_job.py:273} INFO - 0 downstream tasks scheduled from follow-on schedule check
[2024-04-02 17:19:12,821] {taskinstance.py:1159} INFO - Dependencies all met for <TaskInstance: get_stocks_dag.TSLA scheduled__2024-02-28T00:00:00+00:00 [queued]>
[2024-04-02 17:19:12,976] {taskinstance.py:1159} INFO - Dependencies all met for <TaskInstance: get_stocks_dag.TSLA scheduled__2024-02-28T00:00:00+00:00 [queued]>
[2024-04-02 17:19:12,987] {taskinstance.py:1356} INFO - 
--------------------------------------------------------------------------------
[2024-04-02 17:19:12,991] {taskinstance.py:1357} INFO - Starting attempt 1 of 1
[2024-04-02 17:19:12,997] {taskinstance.py:1358} INFO - 
--------------------------------------------------------------------------------
[2024-04-02 17:19:13,211] {taskinstance.py:1377} INFO - Executing <Task(_PythonDecoratedOperator): TSLA> on 2024-02-28 00:00:00+00:00
[2024-04-02 17:19:13,302] {standard_task_runner.py:52} INFO - Started process 7745 to run task
[2024-04-02 17:19:13,318] {standard_task_runner.py:79} INFO - Running: ['airflow', 'tasks', 'run', 'get_stocks_dag', 'TSLA', 'scheduled__2024-02-28T00:00:00+00:00', '--job-id', '158', '--raw', '--subdir', 'DAGS_FOLDER/get_stocks.py', '--cfg-path', '/tmp/tmpjhjt8s5t', '--error-file', '/tmp/tmpt__vdz5x']
[2024-04-02 17:19:13,344] {standard_task_runner.py:80} INFO - Job 158: Subtask TSLA
[2024-04-02 17:19:14,014] {task_command.py:370} INFO - Running <TaskInstance: get_stocks_dag.TSLA scheduled__2024-02-28T00:00:00+00:00 [running]> on host alexmend-virtual-machine
[2024-04-02 17:19:17,052] {taskinstance.py:1569} INFO - Exporting the following env vars:
AIRFLOW_CTX_DAG_OWNER=airflow
AIRFLOW_CTX_DAG_ID=get_stocks_dag
AIRFLOW_CTX_TASK_ID=TSLA
AIRFLOW_CTX_EXECUTION_DATE=2024-02-28T00:00:00+00:00
AIRFLOW_CTX_TRY_NUMBER=1
AIRFLOW_CTX_DAG_RUN_ID=scheduled__2024-02-28T00:00:00+00:00
[2024-04-02 17:19:18,894] {python.py:173} INFO - Done. Returned value was: None
[2024-04-02 17:19:19,095] {taskinstance.py:1395} INFO - Marking task as SUCCESS. dag_id=get_stocks_dag, task_id=TSLA, execution_date=20240228T000000, start_date=20240402T201912, end_date=20240402T201919
[2024-04-02 17:19:19,251] {local_task_job.py:156} INFO - Task exited with return code 0
[2024-04-02 17:19:19,334] {local_task_job.py:273} INFO - 0 downstream tasks scheduled from follow-on schedule check
[2024-04-02 17:45:44,015] {taskinstance.py:1159} INFO - Dependencies all met for <TaskInstance: get_stocks_dag.TSLA scheduled__2024-02-28T00:00:00+00:00 [queued]>
[2024-04-02 17:45:44,033] {taskinstance.py:1159} INFO - Dependencies all met for <TaskInstance: get_stocks_dag.TSLA scheduled__2024-02-28T00:00:00+00:00 [queued]>
[2024-04-02 17:45:44,034] {taskinstance.py:1356} INFO - 
--------------------------------------------------------------------------------
[2024-04-02 17:45:44,034] {taskinstance.py:1357} INFO - Starting attempt 1 of 1
[2024-04-02 17:45:44,035] {taskinstance.py:1358} INFO - 
--------------------------------------------------------------------------------
[2024-04-02 17:45:44,058] {taskinstance.py:1377} INFO - Executing <Task(_PythonDecoratedOperator): TSLA> on 2024-02-28 00:00:00+00:00
[2024-04-02 17:45:44,064] {standard_task_runner.py:52} INFO - Started process 22705 to run task
[2024-04-02 17:45:44,071] {standard_task_runner.py:79} INFO - Running: ['airflow', 'tasks', 'run', 'get_stocks_dag', 'TSLA', 'scheduled__2024-02-28T00:00:00+00:00', '--job-id', '419', '--raw', '--subdir', 'DAGS_FOLDER/get_stocks.py', '--cfg-path', '/tmp/tmpp35gf1oz', '--error-file', '/tmp/tmpcvqp4lln']
[2024-04-02 17:45:44,073] {standard_task_runner.py:80} INFO - Job 419: Subtask TSLA
[2024-04-02 17:45:44,190] {task_command.py:370} INFO - Running <TaskInstance: get_stocks_dag.TSLA scheduled__2024-02-28T00:00:00+00:00 [running]> on host alexmend-virtual-machine
[2024-04-02 17:45:44,323] {taskinstance.py:1569} INFO - Exporting the following env vars:
AIRFLOW_CTX_DAG_OWNER=airflow
AIRFLOW_CTX_DAG_ID=get_stocks_dag
AIRFLOW_CTX_TASK_ID=TSLA
AIRFLOW_CTX_EXECUTION_DATE=2024-02-28T00:00:00+00:00
AIRFLOW_CTX_TRY_NUMBER=1
AIRFLOW_CTX_DAG_RUN_ID=scheduled__2024-02-28T00:00:00+00:00
[2024-04-02 17:45:44,981] {python.py:173} INFO - Done. Returned value was: None
[2024-04-02 17:45:44,994] {taskinstance.py:1395} INFO - Marking task as SUCCESS. dag_id=get_stocks_dag, task_id=TSLA, execution_date=20240228T000000, start_date=20240402T204544, end_date=20240402T204544
[2024-04-02 17:45:45,012] {local_task_job.py:156} INFO - Task exited with return code 0
[2024-04-02 17:45:45,046] {local_task_job.py:273} INFO - 0 downstream tasks scheduled from follow-on schedule check
[2024-04-02 19:14:03,010] {taskinstance.py:1159} INFO - Dependencies all met for <TaskInstance: get_stocks_dag.TSLA scheduled__2024-02-28T00:00:00+00:00 [queued]>
[2024-04-02 19:14:03,163] {taskinstance.py:1159} INFO - Dependencies all met for <TaskInstance: get_stocks_dag.TSLA scheduled__2024-02-28T00:00:00+00:00 [queued]>
[2024-04-02 19:14:03,163] {taskinstance.py:1356} INFO - 
--------------------------------------------------------------------------------
[2024-04-02 19:14:03,163] {taskinstance.py:1357} INFO - Starting attempt 1 of 1
[2024-04-02 19:14:03,164] {taskinstance.py:1358} INFO - 
--------------------------------------------------------------------------------
[2024-04-02 19:14:03,217] {taskinstance.py:1377} INFO - Executing <Task(_PythonDecoratedOperator): TSLA> on 2024-02-28 00:00:00+00:00
[2024-04-02 19:14:03,233] {standard_task_runner.py:52} INFO - Started process 13320 to run task
[2024-04-02 19:14:03,245] {standard_task_runner.py:79} INFO - Running: ['airflow', 'tasks', 'run', 'get_stocks_dag', 'TSLA', 'scheduled__2024-02-28T00:00:00+00:00', '--job-id', '518', '--raw', '--subdir', 'DAGS_FOLDER/get_stocks.py', '--cfg-path', '/tmp/tmpzc_4w5x0', '--error-file', '/tmp/tmpm16bplrp']
[2024-04-02 19:14:03,247] {standard_task_runner.py:80} INFO - Job 518: Subtask TSLA
[2024-04-02 19:14:03,483] {task_command.py:370} INFO - Running <TaskInstance: get_stocks_dag.TSLA scheduled__2024-02-28T00:00:00+00:00 [running]> on host alexmend-virtual-machine
[2024-04-02 19:14:03,709] {taskinstance.py:1569} INFO - Exporting the following env vars:
AIRFLOW_CTX_DAG_OWNER=airflow
AIRFLOW_CTX_DAG_ID=get_stocks_dag
AIRFLOW_CTX_TASK_ID=TSLA
AIRFLOW_CTX_EXECUTION_DATE=2024-02-28T00:00:00+00:00
AIRFLOW_CTX_TRY_NUMBER=1
AIRFLOW_CTX_DAG_RUN_ID=scheduled__2024-02-28T00:00:00+00:00
[2024-04-02 19:14:04,550] {python.py:173} INFO - Done. Returned value was: None
[2024-04-02 19:14:04,656] {taskinstance.py:1395} INFO - Marking task as SUCCESS. dag_id=get_stocks_dag, task_id=TSLA, execution_date=20240228T000000, start_date=20240402T221403, end_date=20240402T221404
[2024-04-02 19:14:04,765] {local_task_job.py:156} INFO - Task exited with return code 0
[2024-04-02 19:14:04,953] {local_task_job.py:273} INFO - 0 downstream tasks scheduled from follow-on schedule check
[2024-04-02 20:37:55,438] {taskinstance.py:1159} INFO - Dependencies all met for <TaskInstance: get_stocks_dag.TSLA scheduled__2024-02-28T00:00:00+00:00 [queued]>
[2024-04-02 20:37:55,515] {taskinstance.py:1159} INFO - Dependencies all met for <TaskInstance: get_stocks_dag.TSLA scheduled__2024-02-28T00:00:00+00:00 [queued]>
[2024-04-02 20:37:55,517] {taskinstance.py:1356} INFO - 
--------------------------------------------------------------------------------
[2024-04-02 20:37:55,517] {taskinstance.py:1357} INFO - Starting attempt 1 of 1
[2024-04-02 20:37:55,525] {taskinstance.py:1358} INFO - 
--------------------------------------------------------------------------------
[2024-04-02 20:37:55,588] {taskinstance.py:1377} INFO - Executing <Task(_PythonDecoratedOperator): TSLA> on 2024-02-28 00:00:00+00:00
[2024-04-02 20:37:55,615] {standard_task_runner.py:52} INFO - Started process 24732 to run task
[2024-04-02 20:37:55,659] {standard_task_runner.py:79} INFO - Running: ['airflow', 'tasks', 'run', 'get_stocks_dag', 'TSLA', 'scheduled__2024-02-28T00:00:00+00:00', '--job-id', '620', '--raw', '--subdir', 'DAGS_FOLDER/get_stocks.py', '--cfg-path', '/tmp/tmpkxb26ytk', '--error-file', '/tmp/tmplpqd41qx']
[2024-04-02 20:37:55,677] {standard_task_runner.py:80} INFO - Job 620: Subtask TSLA
[2024-04-02 20:37:56,106] {task_command.py:370} INFO - Running <TaskInstance: get_stocks_dag.TSLA scheduled__2024-02-28T00:00:00+00:00 [running]> on host alexmend-virtual-machine
[2024-04-02 20:37:56,513] {taskinstance.py:1569} INFO - Exporting the following env vars:
AIRFLOW_CTX_DAG_OWNER=airflow
AIRFLOW_CTX_DAG_ID=get_stocks_dag
AIRFLOW_CTX_TASK_ID=TSLA
AIRFLOW_CTX_EXECUTION_DATE=2024-02-28T00:00:00+00:00
AIRFLOW_CTX_TRY_NUMBER=1
AIRFLOW_CTX_DAG_RUN_ID=scheduled__2024-02-28T00:00:00+00:00
[2024-04-02 20:37:57,400] {python.py:173} INFO - Done. Returned value was: None
[2024-04-02 20:37:57,485] {taskinstance.py:1395} INFO - Marking task as SUCCESS. dag_id=get_stocks_dag, task_id=TSLA, execution_date=20240228T000000, start_date=20240402T233755, end_date=20240402T233757
[2024-04-02 20:37:57,622] {local_task_job.py:156} INFO - Task exited with return code 0
[2024-04-02 20:37:57,806] {local_task_job.py:273} INFO - 0 downstream tasks scheduled from follow-on schedule check
[2024-04-02 21:44:07,963] {taskinstance.py:1159} INFO - Dependencies all met for <TaskInstance: get_stocks_dag.TSLA scheduled__2024-02-28T00:00:00+00:00 [queued]>
[2024-04-02 21:44:08,042] {taskinstance.py:1159} INFO - Dependencies all met for <TaskInstance: get_stocks_dag.TSLA scheduled__2024-02-28T00:00:00+00:00 [queued]>
[2024-04-02 21:44:08,042] {taskinstance.py:1356} INFO - 
--------------------------------------------------------------------------------
[2024-04-02 21:44:08,049] {taskinstance.py:1357} INFO - Starting attempt 1 of 1
[2024-04-02 21:44:08,049] {taskinstance.py:1358} INFO - 
--------------------------------------------------------------------------------
[2024-04-02 21:44:08,187] {taskinstance.py:1377} INFO - Executing <Task(_PythonDecoratedOperator): TSLA> on 2024-02-28 00:00:00+00:00
[2024-04-02 21:44:08,239] {standard_task_runner.py:52} INFO - Started process 46386 to run task
[2024-04-02 21:44:08,347] {standard_task_runner.py:79} INFO - Running: ['airflow', 'tasks', 'run', 'get_stocks_dag', 'TSLA', 'scheduled__2024-02-28T00:00:00+00:00', '--job-id', '727', '--raw', '--subdir', 'DAGS_FOLDER/get_stocks.py', '--cfg-path', '/tmp/tmppumet2bf', '--error-file', '/tmp/tmpev1u5gdg']
[2024-04-02 21:44:08,349] {standard_task_runner.py:80} INFO - Job 727: Subtask TSLA
[2024-04-02 21:44:09,429] {task_command.py:370} INFO - Running <TaskInstance: get_stocks_dag.TSLA scheduled__2024-02-28T00:00:00+00:00 [running]> on host alexmend-virtual-machine
[2024-04-02 21:44:10,154] {taskinstance.py:1569} INFO - Exporting the following env vars:
AIRFLOW_CTX_DAG_OWNER=airflow
AIRFLOW_CTX_DAG_ID=get_stocks_dag
AIRFLOW_CTX_TASK_ID=TSLA
AIRFLOW_CTX_EXECUTION_DATE=2024-02-28T00:00:00+00:00
AIRFLOW_CTX_TRY_NUMBER=1
AIRFLOW_CTX_DAG_RUN_ID=scheduled__2024-02-28T00:00:00+00:00
[2024-04-02 21:44:21,626] {python.py:173} INFO - Done. Returned value was: None
[2024-04-02 21:44:21,661] {taskinstance.py:1395} INFO - Marking task as SUCCESS. dag_id=get_stocks_dag, task_id=TSLA, execution_date=20240228T000000, start_date=20240403T004407, end_date=20240403T004421
[2024-04-02 21:44:21,746] {local_task_job.py:156} INFO - Task exited with return code 0
[2024-04-02 21:44:21,793] {local_task_job.py:273} INFO - 0 downstream tasks scheduled from follow-on schedule check
[2024-04-02 22:48:23,070] {taskinstance.py:1159} INFO - Dependencies all met for <TaskInstance: get_stocks_dag.TSLA scheduled__2024-02-28T00:00:00+00:00 [queued]>
[2024-04-02 22:48:23,096] {taskinstance.py:1159} INFO - Dependencies all met for <TaskInstance: get_stocks_dag.TSLA scheduled__2024-02-28T00:00:00+00:00 [queued]>
[2024-04-02 22:48:23,097] {taskinstance.py:1356} INFO - 
--------------------------------------------------------------------------------
[2024-04-02 22:48:23,097] {taskinstance.py:1357} INFO - Starting attempt 1 of 1
[2024-04-02 22:48:23,097] {taskinstance.py:1358} INFO - 
--------------------------------------------------------------------------------
[2024-04-02 22:48:23,154] {taskinstance.py:1377} INFO - Executing <Task(_PythonDecoratedOperator): TSLA> on 2024-02-28 00:00:00+00:00
[2024-04-02 22:48:23,170] {standard_task_runner.py:52} INFO - Started process 69930 to run task
[2024-04-02 22:48:23,193] {standard_task_runner.py:79} INFO - Running: ['airflow', 'tasks', 'run', 'get_stocks_dag', 'TSLA', 'scheduled__2024-02-28T00:00:00+00:00', '--job-id', '983', '--raw', '--subdir', 'DAGS_FOLDER/get_stocks.py', '--cfg-path', '/tmp/tmpgc9v4hjb', '--error-file', '/tmp/tmpzwmdnr0o']
[2024-04-02 22:48:23,198] {standard_task_runner.py:80} INFO - Job 983: Subtask TSLA
[2024-04-02 22:48:23,570] {task_command.py:370} INFO - Running <TaskInstance: get_stocks_dag.TSLA scheduled__2024-02-28T00:00:00+00:00 [running]> on host alexmend-virtual-machine
[2024-04-02 22:48:23,975] {taskinstance.py:1569} INFO - Exporting the following env vars:
AIRFLOW_CTX_DAG_OWNER=airflow
AIRFLOW_CTX_DAG_ID=get_stocks_dag
AIRFLOW_CTX_TASK_ID=TSLA
AIRFLOW_CTX_EXECUTION_DATE=2024-02-28T00:00:00+00:00
AIRFLOW_CTX_TRY_NUMBER=1
AIRFLOW_CTX_DAG_RUN_ID=scheduled__2024-02-28T00:00:00+00:00
[2024-04-02 22:48:35,730] {python.py:173} INFO - Done. Returned value was: None
[2024-04-02 22:48:35,801] {taskinstance.py:1395} INFO - Marking task as SUCCESS. dag_id=get_stocks_dag, task_id=TSLA, execution_date=20240228T000000, start_date=20240403T014823, end_date=20240403T014835
[2024-04-02 22:48:35,943] {local_task_job.py:156} INFO - Task exited with return code 0
[2024-04-02 22:48:36,065] {local_task_job.py:273} INFO - 0 downstream tasks scheduled from follow-on schedule check
