[2024-04-02 22:01:30,051] {taskinstance.py:1159} INFO - Dependencies all met for <TaskInstance: get_crypto_dag.AVAX scheduled__2024-03-25T00:00:00+00:00 [queued]>
[2024-04-02 22:01:30,069] {taskinstance.py:1159} INFO - Dependencies all met for <TaskInstance: get_crypto_dag.AVAX scheduled__2024-03-25T00:00:00+00:00 [queued]>
[2024-04-02 22:01:30,069] {taskinstance.py:1356} INFO - 
--------------------------------------------------------------------------------
[2024-04-02 22:01:30,069] {taskinstance.py:1357} INFO - Starting attempt 1 of 1
[2024-04-02 22:01:30,070] {taskinstance.py:1358} INFO - 
--------------------------------------------------------------------------------
[2024-04-02 22:01:30,097] {taskinstance.py:1377} INFO - Executing <Task(_PythonDecoratedOperator): AVAX> on 2024-03-25 00:00:00+00:00
[2024-04-02 22:01:30,107] {standard_task_runner.py:52} INFO - Started process 58677 to run task
[2024-04-02 22:01:30,121] {standard_task_runner.py:79} INFO - Running: ['airflow', 'tasks', 'run', 'get_crypto_dag', 'AVAX', 'scheduled__2024-03-25T00:00:00+00:00', '--job-id', '936', '--raw', '--subdir', 'DAGS_FOLDER/get_crypto.py', '--cfg-path', '/tmp/tmpv_rewd9x', '--error-file', '/tmp/tmpz652rzzl']
[2024-04-02 22:01:30,123] {standard_task_runner.py:80} INFO - Job 936: Subtask AVAX
[2024-04-02 22:01:30,260] {task_command.py:370} INFO - Running <TaskInstance: get_crypto_dag.AVAX scheduled__2024-03-25T00:00:00+00:00 [running]> on host alexmend-virtual-machine
[2024-04-02 22:01:30,450] {taskinstance.py:1569} INFO - Exporting the following env vars:
AIRFLOW_CTX_DAG_OWNER=airflow
AIRFLOW_CTX_DAG_ID=get_crypto_dag
AIRFLOW_CTX_TASK_ID=AVAX
AIRFLOW_CTX_EXECUTION_DATE=2024-03-25T00:00:00+00:00
AIRFLOW_CTX_TRY_NUMBER=1
AIRFLOW_CTX_DAG_RUN_ID=scheduled__2024-03-25T00:00:00+00:00
[2024-04-02 22:01:34,768] {history.py:90} ERROR - AVAX: No timezone found, symbol may be delisted
[2024-04-02 22:01:44,782] {python.py:173} INFO - Done. Returned value was: None
[2024-04-02 22:01:44,879] {taskinstance.py:1395} INFO - Marking task as SUCCESS. dag_id=get_crypto_dag, task_id=AVAX, execution_date=20240325T000000, start_date=20240403T010130, end_date=20240403T010144
[2024-04-02 22:01:44,951] {local_task_job.py:156} INFO - Task exited with return code 0
[2024-04-02 22:01:45,027] {local_task_job.py:273} INFO - 0 downstream tasks scheduled from follow-on schedule check
[2024-04-02 23:14:11,818] {taskinstance.py:1159} INFO - Dependencies all met for <TaskInstance: get_crypto_dag.AVAX scheduled__2024-03-25T00:00:00+00:00 [queued]>
[2024-04-02 23:14:11,855] {taskinstance.py:1159} INFO - Dependencies all met for <TaskInstance: get_crypto_dag.AVAX scheduled__2024-03-25T00:00:00+00:00 [queued]>
[2024-04-02 23:14:11,856] {taskinstance.py:1356} INFO - 
--------------------------------------------------------------------------------
[2024-04-02 23:14:11,856] {taskinstance.py:1357} INFO - Starting attempt 1 of 1
[2024-04-02 23:14:11,856] {taskinstance.py:1358} INFO - 
--------------------------------------------------------------------------------
[2024-04-02 23:14:11,900] {taskinstance.py:1377} INFO - Executing <Task(_PythonDecoratedOperator): AVAX> on 2024-03-25 00:00:00+00:00
[2024-04-02 23:14:11,925] {standard_task_runner.py:52} INFO - Started process 83752 to run task
[2024-04-02 23:14:11,934] {standard_task_runner.py:79} INFO - Running: ['airflow', 'tasks', 'run', 'get_crypto_dag', 'AVAX', 'scheduled__2024-03-25T00:00:00+00:00', '--job-id', '1164', '--raw', '--subdir', 'DAGS_FOLDER/get_crypto.py', '--cfg-path', '/tmp/tmpxnwh3a1n', '--error-file', '/tmp/tmp8fcvj_jt']
[2024-04-02 23:14:11,948] {standard_task_runner.py:80} INFO - Job 1164: Subtask AVAX
[2024-04-02 23:14:12,178] {task_command.py:370} INFO - Running <TaskInstance: get_crypto_dag.AVAX scheduled__2024-03-25T00:00:00+00:00 [running]> on host alexmend-virtual-machine
[2024-04-02 23:14:12,689] {taskinstance.py:1569} INFO - Exporting the following env vars:
AIRFLOW_CTX_DAG_OWNER=airflow
AIRFLOW_CTX_DAG_ID=get_crypto_dag
AIRFLOW_CTX_TASK_ID=AVAX
AIRFLOW_CTX_EXECUTION_DATE=2024-03-25T00:00:00+00:00
AIRFLOW_CTX_TRY_NUMBER=1
AIRFLOW_CTX_DAG_RUN_ID=scheduled__2024-03-25T00:00:00+00:00
[2024-04-02 23:14:16,684] {history.py:90} ERROR - AVAX: No timezone found, symbol may be delisted
[2024-04-02 23:14:26,723] {python.py:173} INFO - Done. Returned value was: None
[2024-04-02 23:14:27,201] {taskinstance.py:1395} INFO - Marking task as SUCCESS. dag_id=get_crypto_dag, task_id=AVAX, execution_date=20240325T000000, start_date=20240403T021411, end_date=20240403T021427
[2024-04-02 23:14:27,565] {local_task_job.py:156} INFO - Task exited with return code 0
[2024-04-02 23:14:27,767] {local_task_job.py:273} INFO - 0 downstream tasks scheduled from follow-on schedule check
