[2024-04-02 12:58:16,457] {taskinstance.py:1159} INFO - Dependencies all met for <TaskInstance: get_stocks_dag.TSLA scheduled__2024-01-09T00:00:00+00:00 [queued]>
[2024-04-02 12:58:16,551] {taskinstance.py:1159} INFO - Dependencies all met for <TaskInstance: get_stocks_dag.TSLA scheduled__2024-01-09T00:00:00+00:00 [queued]>
[2024-04-02 12:58:16,560] {taskinstance.py:1356} INFO - 
--------------------------------------------------------------------------------
[2024-04-02 12:58:16,560] {taskinstance.py:1357} INFO - Starting attempt 1 of 1
[2024-04-02 12:58:16,560] {taskinstance.py:1358} INFO - 
--------------------------------------------------------------------------------
[2024-04-02 12:58:16,842] {taskinstance.py:1377} INFO - Executing <Task(_PythonDecoratedOperator): TSLA> on 2024-01-09 00:00:00+00:00
[2024-04-02 12:58:16,876] {standard_task_runner.py:52} INFO - Started process 8334 to run task
[2024-04-02 12:58:17,011] {standard_task_runner.py:79} INFO - Running: ['airflow', 'tasks', 'run', 'get_stocks_dag', 'TSLA', 'scheduled__2024-01-09T00:00:00+00:00', '--job-id', '30', '--raw', '--subdir', 'DAGS_FOLDER/get_stocks.py', '--cfg-path', '/tmp/tmp029c721m', '--error-file', '/tmp/tmpq6wip_6h']
[2024-04-02 12:58:17,015] {standard_task_runner.py:80} INFO - Job 30: Subtask TSLA
[2024-04-02 12:58:17,657] {task_command.py:370} INFO - Running <TaskInstance: get_stocks_dag.TSLA scheduled__2024-01-09T00:00:00+00:00 [running]> on host alexmend-virtual-machine
[2024-04-02 12:58:18,525] {taskinstance.py:1569} INFO - Exporting the following env vars:
AIRFLOW_CTX_DAG_OWNER=airflow
AIRFLOW_CTX_DAG_ID=get_stocks_dag
AIRFLOW_CTX_TASK_ID=TSLA
AIRFLOW_CTX_EXECUTION_DATE=2024-01-09T00:00:00+00:00
AIRFLOW_CTX_TRY_NUMBER=1
AIRFLOW_CTX_DAG_RUN_ID=scheduled__2024-01-09T00:00:00+00:00
[2024-04-02 12:58:21,381] {python.py:173} INFO - Done. Returned value was: None
[2024-04-02 12:58:21,494] {taskinstance.py:1395} INFO - Marking task as SUCCESS. dag_id=get_stocks_dag, task_id=TSLA, execution_date=20240109T000000, start_date=20240402T155816, end_date=20240402T155821
[2024-04-02 12:58:21,678] {local_task_job.py:156} INFO - Task exited with return code 0
[2024-04-02 12:58:21,842] {local_task_job.py:273} INFO - 0 downstream tasks scheduled from follow-on schedule check
[2024-04-02 13:47:33,582] {taskinstance.py:1159} INFO - Dependencies all met for <TaskInstance: get_stocks_dag.TSLA scheduled__2024-01-09T00:00:00+00:00 [queued]>
[2024-04-02 13:47:33,710] {taskinstance.py:1159} INFO - Dependencies all met for <TaskInstance: get_stocks_dag.TSLA scheduled__2024-01-09T00:00:00+00:00 [queued]>
[2024-04-02 13:47:33,728] {taskinstance.py:1356} INFO - 
--------------------------------------------------------------------------------
[2024-04-02 13:47:33,728] {taskinstance.py:1357} INFO - Starting attempt 1 of 1
[2024-04-02 13:47:33,728] {taskinstance.py:1358} INFO - 
--------------------------------------------------------------------------------
[2024-04-02 13:47:34,502] {taskinstance.py:1377} INFO - Executing <Task(_PythonDecoratedOperator): TSLA> on 2024-01-09 00:00:00+00:00
[2024-04-02 13:47:34,590] {standard_task_runner.py:52} INFO - Started process 26815 to run task
[2024-04-02 13:47:35,775] {standard_task_runner.py:79} INFO - Running: ['airflow', 'tasks', 'run', 'get_stocks_dag', 'TSLA', 'scheduled__2024-01-09T00:00:00+00:00', '--job-id', '3', '--raw', '--subdir', 'DAGS_FOLDER/get_stocks.py', '--cfg-path', '/tmp/tmpucjy5c1h', '--error-file', '/tmp/tmp52grm_aq']
[2024-04-02 13:47:35,777] {standard_task_runner.py:80} INFO - Job 3: Subtask TSLA
[2024-04-02 13:47:39,874] {task_command.py:370} INFO - Running <TaskInstance: get_stocks_dag.TSLA scheduled__2024-01-09T00:00:00+00:00 [running]> on host alexmend-virtual-machine
[2024-04-02 13:47:44,295] {taskinstance.py:1569} INFO - Exporting the following env vars:
AIRFLOW_CTX_DAG_OWNER=airflow
AIRFLOW_CTX_DAG_ID=get_stocks_dag
AIRFLOW_CTX_TASK_ID=TSLA
AIRFLOW_CTX_EXECUTION_DATE=2024-01-09T00:00:00+00:00
AIRFLOW_CTX_TRY_NUMBER=1
AIRFLOW_CTX_DAG_RUN_ID=scheduled__2024-01-09T00:00:00+00:00
[2024-04-02 17:42:13,318] {taskinstance.py:1159} INFO - Dependencies all met for <TaskInstance: get_stocks_dag.TSLA scheduled__2024-01-09T00:00:00+00:00 [queued]>
[2024-04-02 17:42:13,349] {taskinstance.py:1159} INFO - Dependencies all met for <TaskInstance: get_stocks_dag.TSLA scheduled__2024-01-09T00:00:00+00:00 [queued]>
[2024-04-02 17:42:13,350] {taskinstance.py:1356} INFO - 
--------------------------------------------------------------------------------
[2024-04-02 17:42:13,350] {taskinstance.py:1357} INFO - Starting attempt 1 of 1
[2024-04-02 17:42:13,350] {taskinstance.py:1358} INFO - 
--------------------------------------------------------------------------------
[2024-04-02 17:42:13,375] {taskinstance.py:1377} INFO - Executing <Task(_PythonDecoratedOperator): TSLA> on 2024-01-09 00:00:00+00:00
[2024-04-02 17:42:13,389] {standard_task_runner.py:52} INFO - Started process 18464 to run task
[2024-04-02 17:42:13,401] {standard_task_runner.py:79} INFO - Running: ['airflow', 'tasks', 'run', 'get_stocks_dag', 'TSLA', 'scheduled__2024-01-09T00:00:00+00:00', '--job-id', '274', '--raw', '--subdir', 'DAGS_FOLDER/get_stocks.py', '--cfg-path', '/tmp/tmp08d81q04', '--error-file', '/tmp/tmpk5uexz9p']
[2024-04-02 17:42:13,403] {standard_task_runner.py:80} INFO - Job 274: Subtask TSLA
[2024-04-02 17:42:13,589] {task_command.py:370} INFO - Running <TaskInstance: get_stocks_dag.TSLA scheduled__2024-01-09T00:00:00+00:00 [running]> on host alexmend-virtual-machine
[2024-04-02 17:42:13,769] {taskinstance.py:1569} INFO - Exporting the following env vars:
AIRFLOW_CTX_DAG_OWNER=airflow
AIRFLOW_CTX_DAG_ID=get_stocks_dag
AIRFLOW_CTX_TASK_ID=TSLA
AIRFLOW_CTX_EXECUTION_DATE=2024-01-09T00:00:00+00:00
AIRFLOW_CTX_TRY_NUMBER=1
AIRFLOW_CTX_DAG_RUN_ID=scheduled__2024-01-09T00:00:00+00:00
[2024-04-02 17:42:14,416] {python.py:173} INFO - Done. Returned value was: None
[2024-04-02 17:42:14,441] {taskinstance.py:1395} INFO - Marking task as SUCCESS. dag_id=get_stocks_dag, task_id=TSLA, execution_date=20240109T000000, start_date=20240402T204213, end_date=20240402T204214
[2024-04-02 17:42:14,471] {local_task_job.py:156} INFO - Task exited with return code 0
[2024-04-02 17:42:14,558] {local_task_job.py:273} INFO - 0 downstream tasks scheduled from follow-on schedule check
