[2024-04-02 17:16:42,210] {taskinstance.py:1159} INFO - Dependencies all met for <TaskInstance: get_stocks_dag.TSLA scheduled__2024-01-09T00:00:00+00:00 [queued]>
[2024-04-02 17:16:42,308] {taskinstance.py:1159} INFO - Dependencies all met for <TaskInstance: get_stocks_dag.TSLA scheduled__2024-01-09T00:00:00+00:00 [queued]>
[2024-04-02 17:16:42,308] {taskinstance.py:1356} INFO - 
--------------------------------------------------------------------------------
[2024-04-02 17:16:42,309] {taskinstance.py:1357} INFO - Starting attempt 2 of 1
[2024-04-02 17:16:42,309] {taskinstance.py:1358} INFO - 
--------------------------------------------------------------------------------
[2024-04-02 17:16:42,484] {taskinstance.py:1377} INFO - Executing <Task(_PythonDecoratedOperator): TSLA> on 2024-01-09 00:00:00+00:00
[2024-04-02 17:16:42,628] {standard_task_runner.py:52} INFO - Started process 4126 to run task
[2024-04-02 17:16:42,719] {standard_task_runner.py:79} INFO - Running: ['airflow', 'tasks', 'run', 'get_stocks_dag', 'TSLA', 'scheduled__2024-01-09T00:00:00+00:00', '--job-id', '20', '--raw', '--subdir', 'DAGS_FOLDER/get_stocks.py', '--cfg-path', '/tmp/tmp1o_uiat4', '--error-file', '/tmp/tmpbyz6na6m']
[2024-04-02 17:16:42,752] {standard_task_runner.py:80} INFO - Job 20: Subtask TSLA
[2024-04-02 17:16:43,413] {task_command.py:370} INFO - Running <TaskInstance: get_stocks_dag.TSLA scheduled__2024-01-09T00:00:00+00:00 [running]> on host alexmend-virtual-machine
[2024-04-02 17:16:44,108] {taskinstance.py:1569} INFO - Exporting the following env vars:
AIRFLOW_CTX_DAG_OWNER=airflow
AIRFLOW_CTX_DAG_ID=get_stocks_dag
AIRFLOW_CTX_TASK_ID=TSLA
AIRFLOW_CTX_EXECUTION_DATE=2024-01-09T00:00:00+00:00
AIRFLOW_CTX_TRY_NUMBER=2
AIRFLOW_CTX_DAG_RUN_ID=scheduled__2024-01-09T00:00:00+00:00
[2024-04-02 17:16:46,958] {python.py:173} INFO - Done. Returned value was: None
[2024-04-02 17:16:48,161] {taskinstance.py:1395} INFO - Marking task as SUCCESS. dag_id=get_stocks_dag, task_id=TSLA, execution_date=20240109T000000, start_date=20240402T201642, end_date=20240402T201648
[2024-04-02 17:16:48,276] {local_task_job.py:156} INFO - Task exited with return code 0
[2024-04-02 17:16:48,412] {local_task_job.py:273} INFO - 0 downstream tasks scheduled from follow-on schedule check
