[2024-04-02 21:49:26,336] {taskinstance.py:1159} INFO - Dependencies all met for <TaskInstance: get_crypto_dag.BTC scheduled__2024-03-06T00:00:00+00:00 [queued]>
[2024-04-02 21:49:26,427] {taskinstance.py:1159} INFO - Dependencies all met for <TaskInstance: get_crypto_dag.BTC scheduled__2024-03-06T00:00:00+00:00 [queued]>
[2024-04-02 21:49:26,427] {taskinstance.py:1356} INFO - 
--------------------------------------------------------------------------------
[2024-04-02 21:49:26,428] {taskinstance.py:1357} INFO - Starting attempt 1 of 1
[2024-04-02 21:49:26,428] {taskinstance.py:1358} INFO - 
--------------------------------------------------------------------------------
[2024-04-02 21:49:26,475] {taskinstance.py:1377} INFO - Executing <Task(_PythonDecoratedOperator): BTC> on 2024-03-06 00:00:00+00:00
[2024-04-02 21:49:26,517] {standard_task_runner.py:52} INFO - Started process 50392 to run task
[2024-04-02 21:49:26,528] {standard_task_runner.py:79} INFO - Running: ['airflow', 'tasks', 'run', 'get_crypto_dag', 'BTC', 'scheduled__2024-03-06T00:00:00+00:00', '--job-id', '801', '--raw', '--subdir', 'DAGS_FOLDER/get_crypto.py', '--cfg-path', '/tmp/tmpkz04sly9', '--error-file', '/tmp/tmpu6t0ndfp']
[2024-04-02 21:49:26,531] {standard_task_runner.py:80} INFO - Job 801: Subtask BTC
[2024-04-02 21:49:26,935] {task_command.py:370} INFO - Running <TaskInstance: get_crypto_dag.BTC scheduled__2024-03-06T00:00:00+00:00 [running]> on host alexmend-virtual-machine
[2024-04-02 21:49:27,244] {taskinstance.py:1569} INFO - Exporting the following env vars:
AIRFLOW_CTX_DAG_OWNER=airflow
AIRFLOW_CTX_DAG_ID=get_crypto_dag
AIRFLOW_CTX_TASK_ID=BTC
AIRFLOW_CTX_EXECUTION_DATE=2024-03-06T00:00:00+00:00
AIRFLOW_CTX_TRY_NUMBER=1
AIRFLOW_CTX_DAG_RUN_ID=scheduled__2024-03-06T00:00:00+00:00
[2024-04-02 21:49:28,019] {history.py:222} ERROR - BTC: No price data found, symbol may be delisted (1h 2024-03-05 -> 2024-03-06)
[2024-04-02 21:49:38,039] {python.py:173} INFO - Done. Returned value was: None
[2024-04-02 21:49:38,119] {taskinstance.py:1395} INFO - Marking task as SUCCESS. dag_id=get_crypto_dag, task_id=BTC, execution_date=20240306T000000, start_date=20240403T004926, end_date=20240403T004938
[2024-04-02 21:49:38,263] {local_task_job.py:156} INFO - Task exited with return code 0
[2024-04-02 21:49:38,539] {local_task_job.py:273} INFO - 0 downstream tasks scheduled from follow-on schedule check
[2024-04-02 22:55:37,189] {taskinstance.py:1159} INFO - Dependencies all met for <TaskInstance: get_crypto_dag.BTC scheduled__2024-03-06T00:00:00+00:00 [queued]>
[2024-04-02 22:55:37,231] {taskinstance.py:1159} INFO - Dependencies all met for <TaskInstance: get_crypto_dag.BTC scheduled__2024-03-06T00:00:00+00:00 [queued]>
[2024-04-02 22:55:37,232] {taskinstance.py:1356} INFO - 
--------------------------------------------------------------------------------
[2024-04-02 22:55:37,232] {taskinstance.py:1357} INFO - Starting attempt 1 of 1
[2024-04-02 22:55:37,233] {taskinstance.py:1358} INFO - 
--------------------------------------------------------------------------------
[2024-04-02 22:55:37,307] {taskinstance.py:1377} INFO - Executing <Task(_PythonDecoratedOperator): BTC> on 2024-03-06 00:00:00+00:00
[2024-04-02 22:55:37,321] {standard_task_runner.py:52} INFO - Started process 73812 to run task
[2024-04-02 22:55:37,342] {standard_task_runner.py:79} INFO - Running: ['airflow', 'tasks', 'run', 'get_crypto_dag', 'BTC', 'scheduled__2024-03-06T00:00:00+00:00', '--job-id', '1034', '--raw', '--subdir', 'DAGS_FOLDER/get_crypto.py', '--cfg-path', '/tmp/tmpn7mxmkrc', '--error-file', '/tmp/tmp675nxukz']
[2024-04-02 22:55:37,347] {standard_task_runner.py:80} INFO - Job 1034: Subtask BTC
[2024-04-02 22:55:37,540] {task_command.py:370} INFO - Running <TaskInstance: get_crypto_dag.BTC scheduled__2024-03-06T00:00:00+00:00 [running]> on host alexmend-virtual-machine
[2024-04-02 22:55:37,724] {taskinstance.py:1569} INFO - Exporting the following env vars:
AIRFLOW_CTX_DAG_OWNER=airflow
AIRFLOW_CTX_DAG_ID=get_crypto_dag
AIRFLOW_CTX_TASK_ID=BTC
AIRFLOW_CTX_EXECUTION_DATE=2024-03-06T00:00:00+00:00
AIRFLOW_CTX_TRY_NUMBER=1
AIRFLOW_CTX_DAG_RUN_ID=scheduled__2024-03-06T00:00:00+00:00
[2024-04-02 22:55:38,370] {history.py:222} ERROR - BTC: No price data found, symbol may be delisted (1h 2024-03-05 -> 2024-03-06)
[2024-04-02 22:55:48,394] {python.py:173} INFO - Done. Returned value was: None
[2024-04-02 22:55:48,425] {taskinstance.py:1395} INFO - Marking task as SUCCESS. dag_id=get_crypto_dag, task_id=BTC, execution_date=20240306T000000, start_date=20240403T015537, end_date=20240403T015548
[2024-04-02 22:55:48,489] {local_task_job.py:156} INFO - Task exited with return code 0
[2024-04-02 22:55:48,571] {local_task_job.py:273} INFO - 0 downstream tasks scheduled from follow-on schedule check
