[2024-04-02 22:02:02,486] {taskinstance.py:1159} INFO - Dependencies all met for <TaskInstance: get_crypto_dag.AVAX scheduled__2024-03-26T00:00:00+00:00 [queued]>
[2024-04-02 22:02:02,509] {taskinstance.py:1159} INFO - Dependencies all met for <TaskInstance: get_crypto_dag.AVAX scheduled__2024-03-26T00:00:00+00:00 [queued]>
[2024-04-02 22:02:02,510] {taskinstance.py:1356} INFO - 
--------------------------------------------------------------------------------
[2024-04-02 22:02:02,510] {taskinstance.py:1357} INFO - Starting attempt 1 of 1
[2024-04-02 22:02:02,510] {taskinstance.py:1358} INFO - 
--------------------------------------------------------------------------------
[2024-04-02 22:02:02,563] {taskinstance.py:1377} INFO - Executing <Task(_PythonDecoratedOperator): AVAX> on 2024-03-26 00:00:00+00:00
[2024-04-02 22:02:02,584] {standard_task_runner.py:52} INFO - Started process 59014 to run task
[2024-04-02 22:02:02,589] {standard_task_runner.py:79} INFO - Running: ['airflow', 'tasks', 'run', 'get_crypto_dag', 'AVAX', 'scheduled__2024-03-26T00:00:00+00:00', '--job-id', '940', '--raw', '--subdir', 'DAGS_FOLDER/get_crypto.py', '--cfg-path', '/tmp/tmpbeulktoy', '--error-file', '/tmp/tmpw34o4pjt']
[2024-04-02 22:02:02,604] {standard_task_runner.py:80} INFO - Job 940: Subtask AVAX
[2024-04-02 22:02:02,766] {task_command.py:370} INFO - Running <TaskInstance: get_crypto_dag.AVAX scheduled__2024-03-26T00:00:00+00:00 [running]> on host alexmend-virtual-machine
[2024-04-02 22:02:03,010] {taskinstance.py:1569} INFO - Exporting the following env vars:
AIRFLOW_CTX_DAG_OWNER=airflow
AIRFLOW_CTX_DAG_ID=get_crypto_dag
AIRFLOW_CTX_TASK_ID=AVAX
AIRFLOW_CTX_EXECUTION_DATE=2024-03-26T00:00:00+00:00
AIRFLOW_CTX_TRY_NUMBER=1
AIRFLOW_CTX_DAG_RUN_ID=scheduled__2024-03-26T00:00:00+00:00
[2024-04-02 22:02:06,954] {history.py:90} ERROR - AVAX: No timezone found, symbol may be delisted
[2024-04-02 22:02:16,969] {python.py:173} INFO - Done. Returned value was: None
[2024-04-02 22:02:17,000] {taskinstance.py:1395} INFO - Marking task as SUCCESS. dag_id=get_crypto_dag, task_id=AVAX, execution_date=20240326T000000, start_date=20240403T010202, end_date=20240403T010217
[2024-04-02 22:02:17,055] {local_task_job.py:156} INFO - Task exited with return code 0
[2024-04-02 22:02:17,146] {local_task_job.py:273} INFO - 0 downstream tasks scheduled from follow-on schedule check
[2024-04-02 23:14:32,506] {taskinstance.py:1159} INFO - Dependencies all met for <TaskInstance: get_crypto_dag.AVAX scheduled__2024-03-26T00:00:00+00:00 [queued]>
[2024-04-02 23:14:32,585] {taskinstance.py:1159} INFO - Dependencies all met for <TaskInstance: get_crypto_dag.AVAX scheduled__2024-03-26T00:00:00+00:00 [queued]>
[2024-04-02 23:14:32,588] {taskinstance.py:1356} INFO - 
--------------------------------------------------------------------------------
[2024-04-02 23:14:32,589] {taskinstance.py:1357} INFO - Starting attempt 1 of 1
[2024-04-02 23:14:32,591] {taskinstance.py:1358} INFO - 
--------------------------------------------------------------------------------
[2024-04-02 23:14:32,730] {taskinstance.py:1377} INFO - Executing <Task(_PythonDecoratedOperator): AVAX> on 2024-03-26 00:00:00+00:00
[2024-04-02 23:14:32,784] {standard_task_runner.py:52} INFO - Started process 83932 to run task
[2024-04-02 23:14:32,873] {standard_task_runner.py:79} INFO - Running: ['airflow', 'tasks', 'run', 'get_crypto_dag', 'AVAX', 'scheduled__2024-03-26T00:00:00+00:00', '--job-id', '1167', '--raw', '--subdir', 'DAGS_FOLDER/get_crypto.py', '--cfg-path', '/tmp/tmpj2quhqvb', '--error-file', '/tmp/tmpv3oqiiuf']
[2024-04-02 23:14:32,888] {standard_task_runner.py:80} INFO - Job 1167: Subtask AVAX
[2024-04-02 23:14:33,437] {task_command.py:370} INFO - Running <TaskInstance: get_crypto_dag.AVAX scheduled__2024-03-26T00:00:00+00:00 [running]> on host alexmend-virtual-machine
[2024-04-02 23:14:34,347] {taskinstance.py:1569} INFO - Exporting the following env vars:
AIRFLOW_CTX_DAG_OWNER=airflow
AIRFLOW_CTX_DAG_ID=get_crypto_dag
AIRFLOW_CTX_TASK_ID=AVAX
AIRFLOW_CTX_EXECUTION_DATE=2024-03-26T00:00:00+00:00
AIRFLOW_CTX_TRY_NUMBER=1
AIRFLOW_CTX_DAG_RUN_ID=scheduled__2024-03-26T00:00:00+00:00
[2024-04-02 23:14:38,815] {history.py:90} ERROR - AVAX: No timezone found, symbol may be delisted
[2024-04-02 23:14:48,844] {python.py:173} INFO - Done. Returned value was: None
[2024-04-02 23:14:49,061] {taskinstance.py:1395} INFO - Marking task as SUCCESS. dag_id=get_crypto_dag, task_id=AVAX, execution_date=20240326T000000, start_date=20240403T021432, end_date=20240403T021449
[2024-04-02 23:14:49,338] {local_task_job.py:156} INFO - Task exited with return code 0
[2024-04-02 23:14:49,522] {local_task_job.py:273} INFO - 0 downstream tasks scheduled from follow-on schedule check
