[2024-04-02 13:06:03,659] {taskinstance.py:1159} INFO - Dependencies all met for <TaskInstance: get_stocks_dag.TSLA scheduled__2024-02-15T00:00:00+00:00 [queued]>
[2024-04-02 13:06:03,669] {taskinstance.py:1159} INFO - Dependencies all met for <TaskInstance: get_stocks_dag.TSLA scheduled__2024-02-15T00:00:00+00:00 [queued]>
[2024-04-02 13:06:03,669] {taskinstance.py:1356} INFO - 
--------------------------------------------------------------------------------
[2024-04-02 13:06:03,669] {taskinstance.py:1357} INFO - Starting attempt 1 of 1
[2024-04-02 13:06:03,669] {taskinstance.py:1358} INFO - 
--------------------------------------------------------------------------------
[2024-04-02 13:06:03,685] {taskinstance.py:1377} INFO - Executing <Task(_PythonDecoratedOperator): TSLA> on 2024-02-15 00:00:00+00:00
[2024-04-02 13:06:03,691] {standard_task_runner.py:52} INFO - Started process 11004 to run task
[2024-04-02 13:06:03,697] {standard_task_runner.py:79} INFO - Running: ['airflow', 'tasks', 'run', 'get_stocks_dag', 'TSLA', 'scheduled__2024-02-15T00:00:00+00:00', '--job-id', '138', '--raw', '--subdir', 'DAGS_FOLDER/get_stocks.py', '--cfg-path', '/tmp/tmpx4jdvhw5', '--error-file', '/tmp/tmpf2u4ki2u']
[2024-04-02 13:06:03,698] {standard_task_runner.py:80} INFO - Job 138: Subtask TSLA
[2024-04-02 13:06:03,778] {task_command.py:370} INFO - Running <TaskInstance: get_stocks_dag.TSLA scheduled__2024-02-15T00:00:00+00:00 [running]> on host alexmend-virtual-machine
[2024-04-02 13:06:03,859] {taskinstance.py:1569} INFO - Exporting the following env vars:
AIRFLOW_CTX_DAG_OWNER=airflow
AIRFLOW_CTX_DAG_ID=get_stocks_dag
AIRFLOW_CTX_TASK_ID=TSLA
AIRFLOW_CTX_EXECUTION_DATE=2024-02-15T00:00:00+00:00
AIRFLOW_CTX_TRY_NUMBER=1
AIRFLOW_CTX_DAG_RUN_ID=scheduled__2024-02-15T00:00:00+00:00
[2024-04-02 13:06:04,504] {python.py:173} INFO - Done. Returned value was: None
[2024-04-02 13:06:04,517] {taskinstance.py:1395} INFO - Marking task as SUCCESS. dag_id=get_stocks_dag, task_id=TSLA, execution_date=20240215T000000, start_date=20240402T160603, end_date=20240402T160604
[2024-04-02 13:06:04,552] {local_task_job.py:156} INFO - Task exited with return code 0
[2024-04-02 13:06:04,572] {local_task_job.py:273} INFO - 0 downstream tasks scheduled from follow-on schedule check
[2024-04-02 17:18:37,857] {taskinstance.py:1159} INFO - Dependencies all met for <TaskInstance: get_stocks_dag.TSLA scheduled__2024-02-15T00:00:00+00:00 [queued]>
[2024-04-02 17:18:37,918] {taskinstance.py:1159} INFO - Dependencies all met for <TaskInstance: get_stocks_dag.TSLA scheduled__2024-02-15T00:00:00+00:00 [queued]>
[2024-04-02 17:18:37,919] {taskinstance.py:1356} INFO - 
--------------------------------------------------------------------------------
[2024-04-02 17:18:37,919] {taskinstance.py:1357} INFO - Starting attempt 1 of 1
[2024-04-02 17:18:37,920] {taskinstance.py:1358} INFO - 
--------------------------------------------------------------------------------
[2024-04-02 17:18:37,959] {taskinstance.py:1377} INFO - Executing <Task(_PythonDecoratedOperator): TSLA> on 2024-02-15 00:00:00+00:00
[2024-04-02 17:18:37,970] {standard_task_runner.py:52} INFO - Started process 6722 to run task
[2024-04-02 17:18:37,997] {standard_task_runner.py:79} INFO - Running: ['airflow', 'tasks', 'run', 'get_stocks_dag', 'TSLA', 'scheduled__2024-02-15T00:00:00+00:00', '--job-id', '116', '--raw', '--subdir', 'DAGS_FOLDER/get_stocks.py', '--cfg-path', '/tmp/tmpturgseuq', '--error-file', '/tmp/tmpms6_sh68']
[2024-04-02 17:18:37,999] {standard_task_runner.py:80} INFO - Job 116: Subtask TSLA
[2024-04-02 17:18:38,556] {task_command.py:370} INFO - Running <TaskInstance: get_stocks_dag.TSLA scheduled__2024-02-15T00:00:00+00:00 [running]> on host alexmend-virtual-machine
[2024-04-02 17:18:39,352] {taskinstance.py:1569} INFO - Exporting the following env vars:
AIRFLOW_CTX_DAG_OWNER=airflow
AIRFLOW_CTX_DAG_ID=get_stocks_dag
AIRFLOW_CTX_TASK_ID=TSLA
AIRFLOW_CTX_EXECUTION_DATE=2024-02-15T00:00:00+00:00
AIRFLOW_CTX_TRY_NUMBER=1
AIRFLOW_CTX_DAG_RUN_ID=scheduled__2024-02-15T00:00:00+00:00
[2024-04-02 17:18:40,655] {python.py:173} INFO - Done. Returned value was: None
[2024-04-02 17:18:40,775] {taskinstance.py:1395} INFO - Marking task as SUCCESS. dag_id=get_stocks_dag, task_id=TSLA, execution_date=20240215T000000, start_date=20240402T201837, end_date=20240402T201840
[2024-04-02 17:18:40,943] {local_task_job.py:156} INFO - Task exited with return code 0
[2024-04-02 17:18:41,217] {local_task_job.py:273} INFO - 0 downstream tasks scheduled from follow-on schedule check
[2024-04-02 17:44:57,016] {taskinstance.py:1159} INFO - Dependencies all met for <TaskInstance: get_stocks_dag.TSLA scheduled__2024-02-15T00:00:00+00:00 [queued]>
[2024-04-02 17:44:57,029] {taskinstance.py:1159} INFO - Dependencies all met for <TaskInstance: get_stocks_dag.TSLA scheduled__2024-02-15T00:00:00+00:00 [queued]>
[2024-04-02 17:44:57,029] {taskinstance.py:1356} INFO - 
--------------------------------------------------------------------------------
[2024-04-02 17:44:57,029] {taskinstance.py:1357} INFO - Starting attempt 1 of 1
[2024-04-02 17:44:57,029] {taskinstance.py:1358} INFO - 
--------------------------------------------------------------------------------
[2024-04-02 17:44:57,043] {taskinstance.py:1377} INFO - Executing <Task(_PythonDecoratedOperator): TSLA> on 2024-02-15 00:00:00+00:00
[2024-04-02 17:44:57,050] {standard_task_runner.py:52} INFO - Started process 21607 to run task
[2024-04-02 17:44:57,058] {standard_task_runner.py:79} INFO - Running: ['airflow', 'tasks', 'run', 'get_stocks_dag', 'TSLA', 'scheduled__2024-02-15T00:00:00+00:00', '--job-id', '382', '--raw', '--subdir', 'DAGS_FOLDER/get_stocks.py', '--cfg-path', '/tmp/tmpnoa4223d', '--error-file', '/tmp/tmp5vruv08d']
[2024-04-02 17:44:57,059] {standard_task_runner.py:80} INFO - Job 382: Subtask TSLA
[2024-04-02 17:44:57,203] {task_command.py:370} INFO - Running <TaskInstance: get_stocks_dag.TSLA scheduled__2024-02-15T00:00:00+00:00 [running]> on host alexmend-virtual-machine
[2024-04-02 17:44:57,386] {taskinstance.py:1569} INFO - Exporting the following env vars:
AIRFLOW_CTX_DAG_OWNER=airflow
AIRFLOW_CTX_DAG_ID=get_stocks_dag
AIRFLOW_CTX_TASK_ID=TSLA
AIRFLOW_CTX_EXECUTION_DATE=2024-02-15T00:00:00+00:00
AIRFLOW_CTX_TRY_NUMBER=1
AIRFLOW_CTX_DAG_RUN_ID=scheduled__2024-02-15T00:00:00+00:00
[2024-04-02 17:44:58,014] {python.py:173} INFO - Done. Returned value was: None
[2024-04-02 17:44:58,041] {taskinstance.py:1395} INFO - Marking task as SUCCESS. dag_id=get_stocks_dag, task_id=TSLA, execution_date=20240215T000000, start_date=20240402T204457, end_date=20240402T204458
[2024-04-02 17:44:58,077] {local_task_job.py:156} INFO - Task exited with return code 0
[2024-04-02 17:44:58,127] {local_task_job.py:273} INFO - 0 downstream tasks scheduled from follow-on schedule check
