[2024-04-02 13:01:35,247] {taskinstance.py:1159} INFO - Dependencies all met for <TaskInstance: get_stocks_dag.AAPL scheduled__2024-01-25T00:00:00+00:00 [queued]>
[2024-04-02 13:01:35,256] {taskinstance.py:1159} INFO - Dependencies all met for <TaskInstance: get_stocks_dag.AAPL scheduled__2024-01-25T00:00:00+00:00 [queued]>
[2024-04-02 13:01:35,257] {taskinstance.py:1356} INFO - 
--------------------------------------------------------------------------------
[2024-04-02 13:01:35,257] {taskinstance.py:1357} INFO - Starting attempt 1 of 1
[2024-04-02 13:01:35,258] {taskinstance.py:1358} INFO - 
--------------------------------------------------------------------------------
[2024-04-02 13:01:35,293] {taskinstance.py:1377} INFO - Executing <Task(_PythonDecoratedOperator): AAPL> on 2024-01-25 00:00:00+00:00
[2024-04-02 13:01:35,299] {standard_task_runner.py:52} INFO - Started process 9429 to run task
[2024-04-02 13:01:35,305] {standard_task_runner.py:79} INFO - Running: ['airflow', 'tasks', 'run', 'get_stocks_dag', 'AAPL', 'scheduled__2024-01-25T00:00:00+00:00', '--job-id', '75', '--raw', '--subdir', 'DAGS_FOLDER/get_stocks.py', '--cfg-path', '/tmp/tmp9gerhx38', '--error-file', '/tmp/tmpkt9_giru']
[2024-04-02 13:01:35,307] {standard_task_runner.py:80} INFO - Job 75: Subtask AAPL
[2024-04-02 13:01:35,380] {task_command.py:370} INFO - Running <TaskInstance: get_stocks_dag.AAPL scheduled__2024-01-25T00:00:00+00:00 [running]> on host alexmend-virtual-machine
[2024-04-02 13:01:35,453] {taskinstance.py:1569} INFO - Exporting the following env vars:
AIRFLOW_CTX_DAG_OWNER=airflow
AIRFLOW_CTX_DAG_ID=get_stocks_dag
AIRFLOW_CTX_TASK_ID=AAPL
AIRFLOW_CTX_EXECUTION_DATE=2024-01-25T00:00:00+00:00
AIRFLOW_CTX_TRY_NUMBER=1
AIRFLOW_CTX_DAG_RUN_ID=scheduled__2024-01-25T00:00:00+00:00
[2024-04-02 13:01:36,187] {python.py:173} INFO - Done. Returned value was: None
[2024-04-02 13:01:36,198] {taskinstance.py:1395} INFO - Marking task as SUCCESS. dag_id=get_stocks_dag, task_id=AAPL, execution_date=20240125T000000, start_date=20240402T160135, end_date=20240402T160136
[2024-04-02 13:01:36,245] {local_task_job.py:156} INFO - Task exited with return code 0
[2024-04-02 13:01:36,288] {local_task_job.py:273} INFO - 0 downstream tasks scheduled from follow-on schedule check
[2024-04-02 17:17:52,196] {taskinstance.py:1159} INFO - Dependencies all met for <TaskInstance: get_stocks_dag.AAPL scheduled__2024-01-25T00:00:00+00:00 [queued]>
[2024-04-02 17:17:52,418] {taskinstance.py:1159} INFO - Dependencies all met for <TaskInstance: get_stocks_dag.AAPL scheduled__2024-01-25T00:00:00+00:00 [queued]>
[2024-04-02 17:17:52,418] {taskinstance.py:1356} INFO - 
--------------------------------------------------------------------------------
[2024-04-02 17:17:52,418] {taskinstance.py:1357} INFO - Starting attempt 1 of 1
[2024-04-02 17:17:52,444] {taskinstance.py:1358} INFO - 
--------------------------------------------------------------------------------
[2024-04-02 17:17:52,623] {taskinstance.py:1377} INFO - Executing <Task(_PythonDecoratedOperator): AAPL> on 2024-01-25 00:00:00+00:00
[2024-04-02 17:17:52,747] {standard_task_runner.py:52} INFO - Started process 5338 to run task
[2024-04-02 17:17:52,795] {standard_task_runner.py:79} INFO - Running: ['airflow', 'tasks', 'run', 'get_stocks_dag', 'AAPL', 'scheduled__2024-01-25T00:00:00+00:00', '--job-id', '60', '--raw', '--subdir', 'DAGS_FOLDER/get_stocks.py', '--cfg-path', '/tmp/tmpnq_9lpdo', '--error-file', '/tmp/tmp852snvhx']
[2024-04-02 17:17:52,798] {standard_task_runner.py:80} INFO - Job 60: Subtask AAPL
[2024-04-02 17:17:53,581] {task_command.py:370} INFO - Running <TaskInstance: get_stocks_dag.AAPL scheduled__2024-01-25T00:00:00+00:00 [running]> on host alexmend-virtual-machine
[2024-04-02 17:17:54,337] {taskinstance.py:1569} INFO - Exporting the following env vars:
AIRFLOW_CTX_DAG_OWNER=airflow
AIRFLOW_CTX_DAG_ID=get_stocks_dag
AIRFLOW_CTX_TASK_ID=AAPL
AIRFLOW_CTX_EXECUTION_DATE=2024-01-25T00:00:00+00:00
AIRFLOW_CTX_TRY_NUMBER=1
AIRFLOW_CTX_DAG_RUN_ID=scheduled__2024-01-25T00:00:00+00:00
[2024-04-02 17:17:56,245] {python.py:173} INFO - Done. Returned value was: None
[2024-04-02 17:17:56,371] {taskinstance.py:1395} INFO - Marking task as SUCCESS. dag_id=get_stocks_dag, task_id=AAPL, execution_date=20240125T000000, start_date=20240402T201752, end_date=20240402T201756
[2024-04-02 17:17:56,535] {local_task_job.py:156} INFO - Task exited with return code 0
[2024-04-02 17:17:56,729] {local_task_job.py:273} INFO - 0 downstream tasks scheduled from follow-on schedule check
[2024-04-02 17:43:24,404] {taskinstance.py:1159} INFO - Dependencies all met for <TaskInstance: get_stocks_dag.AAPL scheduled__2024-01-25T00:00:00+00:00 [queued]>
[2024-04-02 17:43:24,417] {taskinstance.py:1159} INFO - Dependencies all met for <TaskInstance: get_stocks_dag.AAPL scheduled__2024-01-25T00:00:00+00:00 [queued]>
[2024-04-02 17:43:24,417] {taskinstance.py:1356} INFO - 
--------------------------------------------------------------------------------
[2024-04-02 17:43:24,417] {taskinstance.py:1357} INFO - Starting attempt 1 of 1
[2024-04-02 17:43:24,417] {taskinstance.py:1358} INFO - 
--------------------------------------------------------------------------------
[2024-04-02 17:43:24,440] {taskinstance.py:1377} INFO - Executing <Task(_PythonDecoratedOperator): AAPL> on 2024-01-25 00:00:00+00:00
[2024-04-02 17:43:24,445] {standard_task_runner.py:52} INFO - Started process 19784 to run task
[2024-04-02 17:43:24,452] {standard_task_runner.py:79} INFO - Running: ['airflow', 'tasks', 'run', 'get_stocks_dag', 'AAPL', 'scheduled__2024-01-25T00:00:00+00:00', '--job-id', '320', '--raw', '--subdir', 'DAGS_FOLDER/get_stocks.py', '--cfg-path', '/tmp/tmpvbno9dxy', '--error-file', '/tmp/tmpaxryuxdw']
[2024-04-02 17:43:24,453] {standard_task_runner.py:80} INFO - Job 320: Subtask AAPL
[2024-04-02 17:43:24,569] {task_command.py:370} INFO - Running <TaskInstance: get_stocks_dag.AAPL scheduled__2024-01-25T00:00:00+00:00 [running]> on host alexmend-virtual-machine
[2024-04-02 17:43:24,690] {taskinstance.py:1569} INFO - Exporting the following env vars:
AIRFLOW_CTX_DAG_OWNER=airflow
AIRFLOW_CTX_DAG_ID=get_stocks_dag
AIRFLOW_CTX_TASK_ID=AAPL
AIRFLOW_CTX_EXECUTION_DATE=2024-01-25T00:00:00+00:00
AIRFLOW_CTX_TRY_NUMBER=1
AIRFLOW_CTX_DAG_RUN_ID=scheduled__2024-01-25T00:00:00+00:00
[2024-04-02 17:43:25,778] {python.py:173} INFO - Done. Returned value was: None
[2024-04-02 17:43:25,806] {taskinstance.py:1395} INFO - Marking task as SUCCESS. dag_id=get_stocks_dag, task_id=AAPL, execution_date=20240125T000000, start_date=20240402T204324, end_date=20240402T204325
[2024-04-02 17:43:25,856] {local_task_job.py:156} INFO - Task exited with return code 0
[2024-04-02 17:43:26,088] {local_task_job.py:273} INFO - 0 downstream tasks scheduled from follow-on schedule check
