[2024-04-02 12:59:21,836] {taskinstance.py:1159} INFO - Dependencies all met for <TaskInstance: get_stocks_dag.TSLA scheduled__2024-01-12T00:00:00+00:00 [queued]>
[2024-04-02 12:59:21,845] {taskinstance.py:1159} INFO - Dependencies all met for <TaskInstance: get_stocks_dag.TSLA scheduled__2024-01-12T00:00:00+00:00 [queued]>
[2024-04-02 12:59:21,845] {taskinstance.py:1356} INFO - 
--------------------------------------------------------------------------------
[2024-04-02 12:59:21,845] {taskinstance.py:1357} INFO - Starting attempt 1 of 1
[2024-04-02 12:59:21,845] {taskinstance.py:1358} INFO - 
--------------------------------------------------------------------------------
[2024-04-02 12:59:21,865] {taskinstance.py:1377} INFO - Executing <Task(_PythonDecoratedOperator): TSLA> on 2024-01-12 00:00:00+00:00
[2024-04-02 12:59:21,875] {standard_task_runner.py:52} INFO - Started process 8641 to run task
[2024-04-02 12:59:21,884] {standard_task_runner.py:79} INFO - Running: ['airflow', 'tasks', 'run', 'get_stocks_dag', 'TSLA', 'scheduled__2024-01-12T00:00:00+00:00', '--job-id', '42', '--raw', '--subdir', 'DAGS_FOLDER/get_stocks.py', '--cfg-path', '/tmp/tmp57et3f8f', '--error-file', '/tmp/tmppbck6n1b']
[2024-04-02 12:59:21,886] {standard_task_runner.py:80} INFO - Job 42: Subtask TSLA
[2024-04-02 12:59:22,019] {task_command.py:370} INFO - Running <TaskInstance: get_stocks_dag.TSLA scheduled__2024-01-12T00:00:00+00:00 [running]> on host alexmend-virtual-machine
[2024-04-02 12:59:22,134] {taskinstance.py:1569} INFO - Exporting the following env vars:
AIRFLOW_CTX_DAG_OWNER=airflow
AIRFLOW_CTX_DAG_ID=get_stocks_dag
AIRFLOW_CTX_TASK_ID=TSLA
AIRFLOW_CTX_EXECUTION_DATE=2024-01-12T00:00:00+00:00
AIRFLOW_CTX_TRY_NUMBER=1
AIRFLOW_CTX_DAG_RUN_ID=scheduled__2024-01-12T00:00:00+00:00
[2024-04-02 12:59:22,811] {python.py:173} INFO - Done. Returned value was: None
[2024-04-02 12:59:22,820] {taskinstance.py:1395} INFO - Marking task as SUCCESS. dag_id=get_stocks_dag, task_id=TSLA, execution_date=20240112T000000, start_date=20240402T155921, end_date=20240402T155922
[2024-04-02 12:59:22,871] {local_task_job.py:156} INFO - Task exited with return code 0
[2024-04-02 12:59:22,905] {local_task_job.py:273} INFO - 0 downstream tasks scheduled from follow-on schedule check
[2024-04-02 17:17:13,543] {taskinstance.py:1159} INFO - Dependencies all met for <TaskInstance: get_stocks_dag.TSLA scheduled__2024-01-12T00:00:00+00:00 [queued]>
[2024-04-02 17:17:13,633] {taskinstance.py:1159} INFO - Dependencies all met for <TaskInstance: get_stocks_dag.TSLA scheduled__2024-01-12T00:00:00+00:00 [queued]>
[2024-04-02 17:17:13,633] {taskinstance.py:1356} INFO - 
--------------------------------------------------------------------------------
[2024-04-02 17:17:13,633] {taskinstance.py:1357} INFO - Starting attempt 1 of 1
[2024-04-02 17:17:13,633] {taskinstance.py:1358} INFO - 
--------------------------------------------------------------------------------
[2024-04-02 17:17:13,922] {taskinstance.py:1377} INFO - Executing <Task(_PythonDecoratedOperator): TSLA> on 2024-01-12 00:00:00+00:00
[2024-04-02 17:17:14,335] {standard_task_runner.py:52} INFO - Started process 4459 to run task
[2024-04-02 17:17:15,511] {standard_task_runner.py:79} INFO - Running: ['airflow', 'tasks', 'run', 'get_stocks_dag', 'TSLA', 'scheduled__2024-01-12T00:00:00+00:00', '--job-id', '32', '--raw', '--subdir', 'DAGS_FOLDER/get_stocks.py', '--cfg-path', '/tmp/tmptso1rg2k', '--error-file', '/tmp/tmp0mo0c7ar']
[2024-04-02 17:17:15,513] {standard_task_runner.py:80} INFO - Job 32: Subtask TSLA
[2024-04-02 17:17:17,003] {task_command.py:370} INFO - Running <TaskInstance: get_stocks_dag.TSLA scheduled__2024-01-12T00:00:00+00:00 [running]> on host alexmend-virtual-machine
[2024-04-02 17:17:17,689] {taskinstance.py:1569} INFO - Exporting the following env vars:
AIRFLOW_CTX_DAG_OWNER=airflow
AIRFLOW_CTX_DAG_ID=get_stocks_dag
AIRFLOW_CTX_TASK_ID=TSLA
AIRFLOW_CTX_EXECUTION_DATE=2024-01-12T00:00:00+00:00
AIRFLOW_CTX_TRY_NUMBER=1
AIRFLOW_CTX_DAG_RUN_ID=scheduled__2024-01-12T00:00:00+00:00
[2024-04-02 17:17:20,765] {python.py:173} INFO - Done. Returned value was: None
[2024-04-02 17:17:20,935] {taskinstance.py:1395} INFO - Marking task as SUCCESS. dag_id=get_stocks_dag, task_id=TSLA, execution_date=20240112T000000, start_date=20240402T201713, end_date=20240402T201720
[2024-04-02 17:17:21,221] {local_task_job.py:156} INFO - Task exited with return code 0
[2024-04-02 17:17:21,602] {local_task_job.py:273} INFO - 0 downstream tasks scheduled from follow-on schedule check
[2024-04-02 17:42:38,491] {taskinstance.py:1159} INFO - Dependencies all met for <TaskInstance: get_stocks_dag.TSLA scheduled__2024-01-12T00:00:00+00:00 [queued]>
[2024-04-02 17:42:38,523] {taskinstance.py:1159} INFO - Dependencies all met for <TaskInstance: get_stocks_dag.TSLA scheduled__2024-01-12T00:00:00+00:00 [queued]>
[2024-04-02 17:42:38,523] {taskinstance.py:1356} INFO - 
--------------------------------------------------------------------------------
[2024-04-02 17:42:38,523] {taskinstance.py:1357} INFO - Starting attempt 1 of 1
[2024-04-02 17:42:38,523] {taskinstance.py:1358} INFO - 
--------------------------------------------------------------------------------
[2024-04-02 17:42:38,547] {taskinstance.py:1377} INFO - Executing <Task(_PythonDecoratedOperator): TSLA> on 2024-01-12 00:00:00+00:00
[2024-04-02 17:42:38,555] {standard_task_runner.py:52} INFO - Started process 18907 to run task
[2024-04-02 17:42:38,563] {standard_task_runner.py:79} INFO - Running: ['airflow', 'tasks', 'run', 'get_stocks_dag', 'TSLA', 'scheduled__2024-01-12T00:00:00+00:00', '--job-id', '286', '--raw', '--subdir', 'DAGS_FOLDER/get_stocks.py', '--cfg-path', '/tmp/tmp82epq4qf', '--error-file', '/tmp/tmpw4msuspo']
[2024-04-02 17:42:38,564] {standard_task_runner.py:80} INFO - Job 286: Subtask TSLA
[2024-04-02 17:42:38,672] {task_command.py:370} INFO - Running <TaskInstance: get_stocks_dag.TSLA scheduled__2024-01-12T00:00:00+00:00 [running]> on host alexmend-virtual-machine
[2024-04-02 17:42:38,793] {taskinstance.py:1569} INFO - Exporting the following env vars:
AIRFLOW_CTX_DAG_OWNER=airflow
AIRFLOW_CTX_DAG_ID=get_stocks_dag
AIRFLOW_CTX_TASK_ID=TSLA
AIRFLOW_CTX_EXECUTION_DATE=2024-01-12T00:00:00+00:00
AIRFLOW_CTX_TRY_NUMBER=1
AIRFLOW_CTX_DAG_RUN_ID=scheduled__2024-01-12T00:00:00+00:00
[2024-04-02 17:42:39,464] {python.py:173} INFO - Done. Returned value was: None
[2024-04-02 17:42:39,483] {taskinstance.py:1395} INFO - Marking task as SUCCESS. dag_id=get_stocks_dag, task_id=TSLA, execution_date=20240112T000000, start_date=20240402T204238, end_date=20240402T204239
[2024-04-02 17:42:39,551] {local_task_job.py:156} INFO - Task exited with return code 0
[2024-04-02 17:42:39,641] {local_task_job.py:273} INFO - 0 downstream tasks scheduled from follow-on schedule check
