[2024-04-02 21:47:26,923] {taskinstance.py:1159} INFO - Dependencies all met for <TaskInstance: get_crypto_dag.ETH scheduled__2024-03-03T00:00:00+00:00 [queued]>
[2024-04-02 21:47:27,009] {taskinstance.py:1159} INFO - Dependencies all met for <TaskInstance: get_crypto_dag.ETH scheduled__2024-03-03T00:00:00+00:00 [queued]>
[2024-04-02 21:47:27,009] {taskinstance.py:1356} INFO - 
--------------------------------------------------------------------------------
[2024-04-02 21:47:27,009] {taskinstance.py:1357} INFO - Starting attempt 1 of 1
[2024-04-02 21:47:27,010] {taskinstance.py:1358} INFO - 
--------------------------------------------------------------------------------
[2024-04-02 21:47:27,123] {taskinstance.py:1377} INFO - Executing <Task(_PythonDecoratedOperator): ETH> on 2024-03-03 00:00:00+00:00
[2024-04-02 21:47:27,142] {standard_task_runner.py:52} INFO - Started process 48942 to run task
[2024-04-02 21:47:27,185] {standard_task_runner.py:79} INFO - Running: ['airflow', 'tasks', 'run', 'get_crypto_dag', 'ETH', 'scheduled__2024-03-03T00:00:00+00:00', '--job-id', '772', '--raw', '--subdir', 'DAGS_FOLDER/get_crypto.py', '--cfg-path', '/tmp/tmpzji1omgf', '--error-file', '/tmp/tmp6su3cjpu']
[2024-04-02 21:47:27,193] {standard_task_runner.py:80} INFO - Job 772: Subtask ETH
[2024-04-02 21:47:27,587] {task_command.py:370} INFO - Running <TaskInstance: get_crypto_dag.ETH scheduled__2024-03-03T00:00:00+00:00 [running]> on host alexmend-virtual-machine
[2024-04-02 21:47:28,159] {taskinstance.py:1569} INFO - Exporting the following env vars:
AIRFLOW_CTX_DAG_OWNER=airflow
AIRFLOW_CTX_DAG_ID=get_crypto_dag
AIRFLOW_CTX_TASK_ID=ETH
AIRFLOW_CTX_EXECUTION_DATE=2024-03-03T00:00:00+00:00
AIRFLOW_CTX_TRY_NUMBER=1
AIRFLOW_CTX_DAG_RUN_ID=scheduled__2024-03-03T00:00:00+00:00
[2024-04-02 21:47:32,522] {history.py:90} ERROR - ETH: No timezone found, symbol may be delisted
[2024-04-02 21:47:42,565] {python.py:173} INFO - Done. Returned value was: None
[2024-04-02 21:47:42,655] {taskinstance.py:1395} INFO - Marking task as SUCCESS. dag_id=get_crypto_dag, task_id=ETH, execution_date=20240303T000000, start_date=20240403T004726, end_date=20240403T004742
[2024-04-02 21:47:42,792] {local_task_job.py:156} INFO - Task exited with return code 0
[2024-04-02 21:47:43,063] {local_task_job.py:273} INFO - 0 downstream tasks scheduled from follow-on schedule check
[2024-04-02 22:52:35,222] {taskinstance.py:1159} INFO - Dependencies all met for <TaskInstance: get_crypto_dag.ETH scheduled__2024-03-03T00:00:00+00:00 [queued]>
[2024-04-02 22:52:35,260] {taskinstance.py:1159} INFO - Dependencies all met for <TaskInstance: get_crypto_dag.ETH scheduled__2024-03-03T00:00:00+00:00 [queued]>
[2024-04-02 22:52:35,261] {taskinstance.py:1356} INFO - 
--------------------------------------------------------------------------------
[2024-04-02 22:52:35,262] {taskinstance.py:1357} INFO - Starting attempt 1 of 1
[2024-04-02 22:52:35,263] {taskinstance.py:1358} INFO - 
--------------------------------------------------------------------------------
[2024-04-02 22:52:35,311] {taskinstance.py:1377} INFO - Executing <Task(_PythonDecoratedOperator): ETH> on 2024-03-03 00:00:00+00:00
[2024-04-02 22:52:35,328] {standard_task_runner.py:52} INFO - Started process 72157 to run task
[2024-04-02 22:52:35,344] {standard_task_runner.py:79} INFO - Running: ['airflow', 'tasks', 'run', 'get_crypto_dag', 'ETH', 'scheduled__2024-03-03T00:00:00+00:00', '--job-id', '1014', '--raw', '--subdir', 'DAGS_FOLDER/get_crypto.py', '--cfg-path', '/tmp/tmp8cgvlplg', '--error-file', '/tmp/tmp417hftyv']
[2024-04-02 22:52:35,346] {standard_task_runner.py:80} INFO - Job 1014: Subtask ETH
[2024-04-02 22:52:35,562] {task_command.py:370} INFO - Running <TaskInstance: get_crypto_dag.ETH scheduled__2024-03-03T00:00:00+00:00 [running]> on host alexmend-virtual-machine
[2024-04-02 22:52:35,861] {taskinstance.py:1569} INFO - Exporting the following env vars:
AIRFLOW_CTX_DAG_OWNER=airflow
AIRFLOW_CTX_DAG_ID=get_crypto_dag
AIRFLOW_CTX_TASK_ID=ETH
AIRFLOW_CTX_EXECUTION_DATE=2024-03-03T00:00:00+00:00
AIRFLOW_CTX_TRY_NUMBER=1
AIRFLOW_CTX_DAG_RUN_ID=scheduled__2024-03-03T00:00:00+00:00
[2024-04-02 22:52:39,709] {history.py:90} ERROR - ETH: No timezone found, symbol may be delisted
[2024-04-02 22:52:49,740] {python.py:173} INFO - Done. Returned value was: None
[2024-04-02 22:52:49,786] {taskinstance.py:1395} INFO - Marking task as SUCCESS. dag_id=get_crypto_dag, task_id=ETH, execution_date=20240303T000000, start_date=20240403T015235, end_date=20240403T015249
[2024-04-02 22:52:49,852] {local_task_job.py:156} INFO - Task exited with return code 0
[2024-04-02 22:52:49,965] {local_task_job.py:273} INFO - 0 downstream tasks scheduled from follow-on schedule check
