[2024-04-02 13:00:23,883] {taskinstance.py:1159} INFO - Dependencies all met for <TaskInstance: get_stocks_dag.GOOG scheduled__2024-01-18T00:00:00+00:00 [queued]>
[2024-04-02 13:00:23,892] {taskinstance.py:1159} INFO - Dependencies all met for <TaskInstance: get_stocks_dag.GOOG scheduled__2024-01-18T00:00:00+00:00 [queued]>
[2024-04-02 13:00:23,893] {taskinstance.py:1356} INFO - 
--------------------------------------------------------------------------------
[2024-04-02 13:00:23,893] {taskinstance.py:1357} INFO - Starting attempt 1 of 1
[2024-04-02 13:00:23,894] {taskinstance.py:1358} INFO - 
--------------------------------------------------------------------------------
[2024-04-02 13:00:23,920] {taskinstance.py:1377} INFO - Executing <Task(_PythonDecoratedOperator): GOOG> on 2024-01-18 00:00:00+00:00
[2024-04-02 13:00:23,926] {standard_task_runner.py:52} INFO - Started process 9013 to run task
[2024-04-02 13:00:23,932] {standard_task_runner.py:79} INFO - Running: ['airflow', 'tasks', 'run', 'get_stocks_dag', 'GOOG', 'scheduled__2024-01-18T00:00:00+00:00', '--job-id', '57', '--raw', '--subdir', 'DAGS_FOLDER/get_stocks.py', '--cfg-path', '/tmp/tmppr3z4cb9', '--error-file', '/tmp/tmp2rsheqp1']
[2024-04-02 13:00:23,933] {standard_task_runner.py:80} INFO - Job 57: Subtask GOOG
[2024-04-02 13:00:23,995] {task_command.py:370} INFO - Running <TaskInstance: get_stocks_dag.GOOG scheduled__2024-01-18T00:00:00+00:00 [running]> on host alexmend-virtual-machine
[2024-04-02 13:00:24,076] {taskinstance.py:1569} INFO - Exporting the following env vars:
AIRFLOW_CTX_DAG_OWNER=airflow
AIRFLOW_CTX_DAG_ID=get_stocks_dag
AIRFLOW_CTX_TASK_ID=GOOG
AIRFLOW_CTX_EXECUTION_DATE=2024-01-18T00:00:00+00:00
AIRFLOW_CTX_TRY_NUMBER=1
AIRFLOW_CTX_DAG_RUN_ID=scheduled__2024-01-18T00:00:00+00:00
[2024-04-02 13:00:24,762] {python.py:173} INFO - Done. Returned value was: None
[2024-04-02 13:00:24,773] {taskinstance.py:1395} INFO - Marking task as SUCCESS. dag_id=get_stocks_dag, task_id=GOOG, execution_date=20240118T000000, start_date=20240402T160023, end_date=20240402T160024
[2024-04-02 13:00:24,792] {local_task_job.py:156} INFO - Task exited with return code 0
[2024-04-02 13:00:24,819] {local_task_job.py:273} INFO - 0 downstream tasks scheduled from follow-on schedule check
[2024-04-02 17:17:32,807] {taskinstance.py:1159} INFO - Dependencies all met for <TaskInstance: get_stocks_dag.GOOG scheduled__2024-01-18T00:00:00+00:00 [queued]>
[2024-04-02 17:17:32,848] {taskinstance.py:1159} INFO - Dependencies all met for <TaskInstance: get_stocks_dag.GOOG scheduled__2024-01-18T00:00:00+00:00 [queued]>
[2024-04-02 17:17:32,849] {taskinstance.py:1356} INFO - 
--------------------------------------------------------------------------------
[2024-04-02 17:17:32,849] {taskinstance.py:1357} INFO - Starting attempt 1 of 1
[2024-04-02 17:17:32,850] {taskinstance.py:1358} INFO - 
--------------------------------------------------------------------------------
[2024-04-02 17:17:32,921] {taskinstance.py:1377} INFO - Executing <Task(_PythonDecoratedOperator): GOOG> on 2024-01-18 00:00:00+00:00
[2024-04-02 17:17:33,191] {standard_task_runner.py:79} INFO - Running: ['airflow', 'tasks', 'run', 'get_stocks_dag', 'GOOG', 'scheduled__2024-01-18T00:00:00+00:00', '--job-id', '38', '--raw', '--subdir', 'DAGS_FOLDER/get_stocks.py', '--cfg-path', '/tmp/tmpj13b1gl8', '--error-file', '/tmp/tmpl86dz95y']
[2024-04-02 17:17:33,193] {standard_task_runner.py:80} INFO - Job 38: Subtask GOOG
[2024-04-02 17:17:33,080] {standard_task_runner.py:52} INFO - Started process 4804 to run task
[2024-04-02 17:17:34,796] {task_command.py:370} INFO - Running <TaskInstance: get_stocks_dag.GOOG scheduled__2024-01-18T00:00:00+00:00 [running]> on host alexmend-virtual-machine
[2024-04-02 17:17:36,044] {taskinstance.py:1569} INFO - Exporting the following env vars:
AIRFLOW_CTX_DAG_OWNER=airflow
AIRFLOW_CTX_DAG_ID=get_stocks_dag
AIRFLOW_CTX_TASK_ID=GOOG
AIRFLOW_CTX_EXECUTION_DATE=2024-01-18T00:00:00+00:00
AIRFLOW_CTX_TRY_NUMBER=1
AIRFLOW_CTX_DAG_RUN_ID=scheduled__2024-01-18T00:00:00+00:00
[2024-04-02 17:17:37,527] {python.py:173} INFO - Done. Returned value was: None
[2024-04-02 17:17:37,580] {taskinstance.py:1395} INFO - Marking task as SUCCESS. dag_id=get_stocks_dag, task_id=GOOG, execution_date=20240118T000000, start_date=20240402T201732, end_date=20240402T201737
[2024-04-02 17:17:37,692] {local_task_job.py:156} INFO - Task exited with return code 0
[2024-04-02 17:17:38,286] {local_task_job.py:273} INFO - 0 downstream tasks scheduled from follow-on schedule check
[2024-04-02 17:42:58,880] {taskinstance.py:1159} INFO - Dependencies all met for <TaskInstance: get_stocks_dag.GOOG scheduled__2024-01-18T00:00:00+00:00 [queued]>
[2024-04-02 17:42:58,895] {taskinstance.py:1159} INFO - Dependencies all met for <TaskInstance: get_stocks_dag.GOOG scheduled__2024-01-18T00:00:00+00:00 [queued]>
[2024-04-02 17:42:58,896] {taskinstance.py:1356} INFO - 
--------------------------------------------------------------------------------
[2024-04-02 17:42:58,896] {taskinstance.py:1357} INFO - Starting attempt 1 of 1
[2024-04-02 17:42:58,896] {taskinstance.py:1358} INFO - 
--------------------------------------------------------------------------------
[2024-04-02 17:42:58,910] {taskinstance.py:1377} INFO - Executing <Task(_PythonDecoratedOperator): GOOG> on 2024-01-18 00:00:00+00:00
[2024-04-02 17:42:58,916] {standard_task_runner.py:52} INFO - Started process 19256 to run task
[2024-04-02 17:42:58,924] {standard_task_runner.py:79} INFO - Running: ['airflow', 'tasks', 'run', 'get_stocks_dag', 'GOOG', 'scheduled__2024-01-18T00:00:00+00:00', '--job-id', '301', '--raw', '--subdir', 'DAGS_FOLDER/get_stocks.py', '--cfg-path', '/tmp/tmpy8ultrun', '--error-file', '/tmp/tmp7i5m052r']
[2024-04-02 17:42:58,925] {standard_task_runner.py:80} INFO - Job 301: Subtask GOOG
[2024-04-02 17:42:59,021] {task_command.py:370} INFO - Running <TaskInstance: get_stocks_dag.GOOG scheduled__2024-01-18T00:00:00+00:00 [running]> on host alexmend-virtual-machine
[2024-04-02 17:42:59,151] {taskinstance.py:1569} INFO - Exporting the following env vars:
AIRFLOW_CTX_DAG_OWNER=airflow
AIRFLOW_CTX_DAG_ID=get_stocks_dag
AIRFLOW_CTX_TASK_ID=GOOG
AIRFLOW_CTX_EXECUTION_DATE=2024-01-18T00:00:00+00:00
AIRFLOW_CTX_TRY_NUMBER=1
AIRFLOW_CTX_DAG_RUN_ID=scheduled__2024-01-18T00:00:00+00:00
[2024-04-02 17:42:59,864] {python.py:173} INFO - Done. Returned value was: None
[2024-04-02 17:42:59,884] {taskinstance.py:1395} INFO - Marking task as SUCCESS. dag_id=get_stocks_dag, task_id=GOOG, execution_date=20240118T000000, start_date=20240402T204258, end_date=20240402T204259
[2024-04-02 17:42:59,944] {local_task_job.py:156} INFO - Task exited with return code 0
[2024-04-02 17:42:59,998] {local_task_job.py:273} INFO - 0 downstream tasks scheduled from follow-on schedule check
