[2024-04-02 12:57:31,957] {taskinstance.py:1159} INFO - Dependencies all met for <TaskInstance: get_stocks_dag.MSFT scheduled__2024-01-06T00:00:00+00:00 [queued]>
[2024-04-02 12:57:31,991] {taskinstance.py:1159} INFO - Dependencies all met for <TaskInstance: get_stocks_dag.MSFT scheduled__2024-01-06T00:00:00+00:00 [queued]>
[2024-04-02 12:57:31,991] {taskinstance.py:1356} INFO - 
--------------------------------------------------------------------------------
[2024-04-02 12:57:31,992] {taskinstance.py:1357} INFO - Starting attempt 1 of 1
[2024-04-02 12:57:31,993] {taskinstance.py:1358} INFO - 
--------------------------------------------------------------------------------
[2024-04-02 12:57:32,146] {taskinstance.py:1377} INFO - Executing <Task(_PythonDecoratedOperator): MSFT> on 2024-01-06 00:00:00+00:00
[2024-04-02 12:57:32,358] {standard_task_runner.py:79} INFO - Running: ['airflow', 'tasks', 'run', 'get_stocks_dag', 'MSFT', 'scheduled__2024-01-06T00:00:00+00:00', '--job-id', '24', '--raw', '--subdir', 'DAGS_FOLDER/get_stocks.py', '--cfg-path', '/tmp/tmpwnk0aekq', '--error-file', '/tmp/tmp6de9uo_z']
[2024-04-02 12:57:32,434] {standard_task_runner.py:80} INFO - Job 24: Subtask MSFT
[2024-04-02 12:57:32,367] {standard_task_runner.py:52} INFO - Started process 8171 to run task
[2024-04-02 12:57:32,943] {task_command.py:370} INFO - Running <TaskInstance: get_stocks_dag.MSFT scheduled__2024-01-06T00:00:00+00:00 [running]> on host alexmend-virtual-machine
[2024-04-02 12:57:33,176] {taskinstance.py:1569} INFO - Exporting the following env vars:
AIRFLOW_CTX_DAG_OWNER=airflow
AIRFLOW_CTX_DAG_ID=get_stocks_dag
AIRFLOW_CTX_TASK_ID=MSFT
AIRFLOW_CTX_EXECUTION_DATE=2024-01-06T00:00:00+00:00
AIRFLOW_CTX_TRY_NUMBER=1
AIRFLOW_CTX_DAG_RUN_ID=scheduled__2024-01-06T00:00:00+00:00
[2024-04-02 12:57:34,372] {python.py:173} INFO - Done. Returned value was: None
[2024-04-02 12:57:34,391] {taskinstance.py:1395} INFO - Marking task as SUCCESS. dag_id=get_stocks_dag, task_id=MSFT, execution_date=20240106T000000, start_date=20240402T155731, end_date=20240402T155734
[2024-04-02 12:57:34,475] {local_task_job.py:156} INFO - Task exited with return code 0
[2024-04-02 12:57:34,531] {local_task_job.py:273} INFO - 0 downstream tasks scheduled from follow-on schedule check
[2024-04-02 13:47:41,567] {taskinstance.py:1159} INFO - Dependencies all met for <TaskInstance: get_stocks_dag.MSFT scheduled__2024-01-06T00:00:00+00:00 [queued]>
[2024-04-02 13:47:41,938] {taskinstance.py:1159} INFO - Dependencies all met for <TaskInstance: get_stocks_dag.MSFT scheduled__2024-01-06T00:00:00+00:00 [queued]>
[2024-04-02 13:47:42,035] {taskinstance.py:1356} INFO - 
--------------------------------------------------------------------------------
[2024-04-02 13:47:42,036] {taskinstance.py:1357} INFO - Starting attempt 1 of 1
[2024-04-02 13:47:42,038] {taskinstance.py:1358} INFO - 
--------------------------------------------------------------------------------
[2024-04-02 13:47:42,478] {taskinstance.py:1377} INFO - Executing <Task(_PythonDecoratedOperator): MSFT> on 2024-01-06 00:00:00+00:00
[2024-04-02 13:47:43,324] {standard_task_runner.py:52} INFO - Started process 26888 to run task
[2024-04-02 13:47:44,426] {standard_task_runner.py:79} INFO - Running: ['airflow', 'tasks', 'run', 'get_stocks_dag', 'MSFT', 'scheduled__2024-01-06T00:00:00+00:00', '--job-id', '12', '--raw', '--subdir', 'DAGS_FOLDER/get_stocks.py', '--cfg-path', '/tmp/tmph_oihjqw', '--error-file', '/tmp/tmp96msavui']
[2024-04-02 13:47:44,428] {standard_task_runner.py:80} INFO - Job 12: Subtask MSFT
[2024-04-02 13:47:53,150] {task_command.py:370} INFO - Running <TaskInstance: get_stocks_dag.MSFT scheduled__2024-01-06T00:00:00+00:00 [running]> on host alexmend-virtual-machine
[2024-04-02 13:48:23,574] {taskinstance.py:1569} INFO - Exporting the following env vars:
AIRFLOW_CTX_DAG_OWNER=airflow
AIRFLOW_CTX_DAG_ID=get_stocks_dag
AIRFLOW_CTX_TASK_ID=MSFT
AIRFLOW_CTX_EXECUTION_DATE=2024-01-06T00:00:00+00:00
AIRFLOW_CTX_TRY_NUMBER=1
AIRFLOW_CTX_DAG_RUN_ID=scheduled__2024-01-06T00:00:00+00:00
[2024-04-02 17:42:00,191] {taskinstance.py:1159} INFO - Dependencies all met for <TaskInstance: get_stocks_dag.MSFT scheduled__2024-01-06T00:00:00+00:00 [queued]>
[2024-04-02 17:42:00,246] {taskinstance.py:1159} INFO - Dependencies all met for <TaskInstance: get_stocks_dag.MSFT scheduled__2024-01-06T00:00:00+00:00 [queued]>
[2024-04-02 17:42:00,246] {taskinstance.py:1356} INFO - 
--------------------------------------------------------------------------------
[2024-04-02 17:42:00,246] {taskinstance.py:1357} INFO - Starting attempt 1 of 1
[2024-04-02 17:42:00,246] {taskinstance.py:1358} INFO - 
--------------------------------------------------------------------------------
[2024-04-02 17:42:00,287] {taskinstance.py:1377} INFO - Executing <Task(_PythonDecoratedOperator): MSFT> on 2024-01-06 00:00:00+00:00
[2024-04-02 17:42:00,307] {standard_task_runner.py:52} INFO - Started process 18232 to run task
[2024-04-02 17:42:00,344] {standard_task_runner.py:79} INFO - Running: ['airflow', 'tasks', 'run', 'get_stocks_dag', 'MSFT', 'scheduled__2024-01-06T00:00:00+00:00', '--job-id', '268', '--raw', '--subdir', 'DAGS_FOLDER/get_stocks.py', '--cfg-path', '/tmp/tmpj684iug2', '--error-file', '/tmp/tmpeae8f5nz']
[2024-04-02 17:42:00,347] {standard_task_runner.py:80} INFO - Job 268: Subtask MSFT
[2024-04-02 17:42:00,562] {task_command.py:370} INFO - Running <TaskInstance: get_stocks_dag.MSFT scheduled__2024-01-06T00:00:00+00:00 [running]> on host alexmend-virtual-machine
[2024-04-02 17:42:00,784] {taskinstance.py:1569} INFO - Exporting the following env vars:
AIRFLOW_CTX_DAG_OWNER=airflow
AIRFLOW_CTX_DAG_ID=get_stocks_dag
AIRFLOW_CTX_TASK_ID=MSFT
AIRFLOW_CTX_EXECUTION_DATE=2024-01-06T00:00:00+00:00
AIRFLOW_CTX_TRY_NUMBER=1
AIRFLOW_CTX_DAG_RUN_ID=scheduled__2024-01-06T00:00:00+00:00
[2024-04-02 17:42:01,627] {python.py:173} INFO - Done. Returned value was: None
[2024-04-02 17:42:01,658] {taskinstance.py:1395} INFO - Marking task as SUCCESS. dag_id=get_stocks_dag, task_id=MSFT, execution_date=20240106T000000, start_date=20240402T204200, end_date=20240402T204201
[2024-04-02 17:42:01,709] {local_task_job.py:156} INFO - Task exited with return code 0
[2024-04-02 17:42:01,806] {local_task_job.py:273} INFO - 0 downstream tasks scheduled from follow-on schedule check
