[2024-04-02 13:03:43,051] {taskinstance.py:1159} INFO - Dependencies all met for <TaskInstance: get_stocks_dag.GOOG scheduled__2024-02-03T00:00:00+00:00 [queued]>
[2024-04-02 13:03:43,062] {taskinstance.py:1159} INFO - Dependencies all met for <TaskInstance: get_stocks_dag.GOOG scheduled__2024-02-03T00:00:00+00:00 [queued]>
[2024-04-02 13:03:43,062] {taskinstance.py:1356} INFO - 
--------------------------------------------------------------------------------
[2024-04-02 13:03:43,062] {taskinstance.py:1357} INFO - Starting attempt 1 of 1
[2024-04-02 13:03:43,062] {taskinstance.py:1358} INFO - 
--------------------------------------------------------------------------------
[2024-04-02 13:03:43,084] {taskinstance.py:1377} INFO - Executing <Task(_PythonDecoratedOperator): GOOG> on 2024-02-03 00:00:00+00:00
[2024-04-02 13:03:43,090] {standard_task_runner.py:52} INFO - Started process 10132 to run task
[2024-04-02 13:03:43,096] {standard_task_runner.py:79} INFO - Running: ['airflow', 'tasks', 'run', 'get_stocks_dag', 'GOOG', 'scheduled__2024-02-03T00:00:00+00:00', '--job-id', '105', '--raw', '--subdir', 'DAGS_FOLDER/get_stocks.py', '--cfg-path', '/tmp/tmplp8ecgkh', '--error-file', '/tmp/tmp3db_vkto']
[2024-04-02 13:03:43,097] {standard_task_runner.py:80} INFO - Job 105: Subtask GOOG
[2024-04-02 13:03:43,190] {task_command.py:370} INFO - Running <TaskInstance: get_stocks_dag.GOOG scheduled__2024-02-03T00:00:00+00:00 [running]> on host alexmend-virtual-machine
[2024-04-02 13:03:43,277] {taskinstance.py:1569} INFO - Exporting the following env vars:
AIRFLOW_CTX_DAG_OWNER=airflow
AIRFLOW_CTX_DAG_ID=get_stocks_dag
AIRFLOW_CTX_TASK_ID=GOOG
AIRFLOW_CTX_EXECUTION_DATE=2024-02-03T00:00:00+00:00
AIRFLOW_CTX_TRY_NUMBER=1
AIRFLOW_CTX_DAG_RUN_ID=scheduled__2024-02-03T00:00:00+00:00
[2024-04-02 13:03:44,062] {python.py:173} INFO - Done. Returned value was: None
[2024-04-02 13:03:44,072] {taskinstance.py:1395} INFO - Marking task as SUCCESS. dag_id=get_stocks_dag, task_id=GOOG, execution_date=20240203T000000, start_date=20240402T160343, end_date=20240402T160344
[2024-04-02 13:03:44,116] {local_task_job.py:156} INFO - Task exited with return code 0
[2024-04-02 13:03:44,148] {local_task_job.py:273} INFO - 0 downstream tasks scheduled from follow-on schedule check
[2024-04-02 17:18:13,353] {taskinstance.py:1159} INFO - Dependencies all met for <TaskInstance: get_stocks_dag.GOOG scheduled__2024-02-03T00:00:00+00:00 [queued]>
[2024-04-02 17:18:13,438] {taskinstance.py:1159} INFO - Dependencies all met for <TaskInstance: get_stocks_dag.GOOG scheduled__2024-02-03T00:00:00+00:00 [queued]>
[2024-04-02 17:18:13,443] {taskinstance.py:1356} INFO - 
--------------------------------------------------------------------------------
[2024-04-02 17:18:13,444] {taskinstance.py:1357} INFO - Starting attempt 1 of 1
[2024-04-02 17:18:13,444] {taskinstance.py:1358} INFO - 
--------------------------------------------------------------------------------
[2024-04-02 17:18:13,557] {taskinstance.py:1377} INFO - Executing <Task(_PythonDecoratedOperator): GOOG> on 2024-02-03 00:00:00+00:00
[2024-04-02 17:18:13,630] {standard_task_runner.py:52} INFO - Started process 5954 to run task
[2024-04-02 17:18:13,763] {standard_task_runner.py:79} INFO - Running: ['airflow', 'tasks', 'run', 'get_stocks_dag', 'GOOG', 'scheduled__2024-02-03T00:00:00+00:00', '--job-id', '88', '--raw', '--subdir', 'DAGS_FOLDER/get_stocks.py', '--cfg-path', '/tmp/tmptl6k_xvq', '--error-file', '/tmp/tmpzm5kprhm']
[2024-04-02 17:18:13,795] {standard_task_runner.py:80} INFO - Job 88: Subtask GOOG
[2024-04-02 17:18:14,862] {task_command.py:370} INFO - Running <TaskInstance: get_stocks_dag.GOOG scheduled__2024-02-03T00:00:00+00:00 [running]> on host alexmend-virtual-machine
[2024-04-02 17:18:16,393] {taskinstance.py:1569} INFO - Exporting the following env vars:
AIRFLOW_CTX_DAG_OWNER=airflow
AIRFLOW_CTX_DAG_ID=get_stocks_dag
AIRFLOW_CTX_TASK_ID=GOOG
AIRFLOW_CTX_EXECUTION_DATE=2024-02-03T00:00:00+00:00
AIRFLOW_CTX_TRY_NUMBER=1
AIRFLOW_CTX_DAG_RUN_ID=scheduled__2024-02-03T00:00:00+00:00
[2024-04-02 17:18:18,174] {python.py:173} INFO - Done. Returned value was: None
[2024-04-02 17:18:18,936] {taskinstance.py:1395} INFO - Marking task as SUCCESS. dag_id=get_stocks_dag, task_id=GOOG, execution_date=20240203T000000, start_date=20240402T201813, end_date=20240402T201818
[2024-04-02 17:18:19,102] {local_task_job.py:156} INFO - Task exited with return code 0
[2024-04-02 17:18:19,261] {local_task_job.py:273} INFO - 0 downstream tasks scheduled from follow-on schedule check
[2024-04-02 17:44:11,136] {taskinstance.py:1159} INFO - Dependencies all met for <TaskInstance: get_stocks_dag.GOOG scheduled__2024-02-03T00:00:00+00:00 [queued]>
[2024-04-02 17:44:11,163] {taskinstance.py:1159} INFO - Dependencies all met for <TaskInstance: get_stocks_dag.GOOG scheduled__2024-02-03T00:00:00+00:00 [queued]>
[2024-04-02 17:44:11,163] {taskinstance.py:1356} INFO - 
--------------------------------------------------------------------------------
[2024-04-02 17:44:11,164] {taskinstance.py:1357} INFO - Starting attempt 1 of 1
[2024-04-02 17:44:11,164] {taskinstance.py:1358} INFO - 
--------------------------------------------------------------------------------
[2024-04-02 17:44:11,187] {taskinstance.py:1377} INFO - Executing <Task(_PythonDecoratedOperator): GOOG> on 2024-02-03 00:00:00+00:00
[2024-04-02 17:44:11,197] {standard_task_runner.py:52} INFO - Started process 20751 to run task
[2024-04-02 17:44:11,207] {standard_task_runner.py:79} INFO - Running: ['airflow', 'tasks', 'run', 'get_stocks_dag', 'GOOG', 'scheduled__2024-02-03T00:00:00+00:00', '--job-id', '349', '--raw', '--subdir', 'DAGS_FOLDER/get_stocks.py', '--cfg-path', '/tmp/tmp0tkx9scc', '--error-file', '/tmp/tmp60zz2b7z']
[2024-04-02 17:44:11,209] {standard_task_runner.py:80} INFO - Job 349: Subtask GOOG
[2024-04-02 17:44:11,341] {task_command.py:370} INFO - Running <TaskInstance: get_stocks_dag.GOOG scheduled__2024-02-03T00:00:00+00:00 [running]> on host alexmend-virtual-machine
[2024-04-02 17:44:11,486] {taskinstance.py:1569} INFO - Exporting the following env vars:
AIRFLOW_CTX_DAG_OWNER=airflow
AIRFLOW_CTX_DAG_ID=get_stocks_dag
AIRFLOW_CTX_TASK_ID=GOOG
AIRFLOW_CTX_EXECUTION_DATE=2024-02-03T00:00:00+00:00
AIRFLOW_CTX_TRY_NUMBER=1
AIRFLOW_CTX_DAG_RUN_ID=scheduled__2024-02-03T00:00:00+00:00
[2024-04-02 17:44:12,187] {python.py:173} INFO - Done. Returned value was: None
[2024-04-02 17:44:12,253] {taskinstance.py:1395} INFO - Marking task as SUCCESS. dag_id=get_stocks_dag, task_id=GOOG, execution_date=20240203T000000, start_date=20240402T204411, end_date=20240402T204412
[2024-04-02 17:44:12,308] {local_task_job.py:156} INFO - Task exited with return code 0
[2024-04-02 17:44:12,355] {local_task_job.py:273} INFO - 0 downstream tasks scheduled from follow-on schedule check
