[2024-04-02 13:05:23,679] {taskinstance.py:1159} INFO - Dependencies all met for <TaskInstance: get_stocks_dag.MSFT scheduled__2024-02-13T00:00:00+00:00 [queued]>
[2024-04-02 13:05:23,687] {taskinstance.py:1159} INFO - Dependencies all met for <TaskInstance: get_stocks_dag.MSFT scheduled__2024-02-13T00:00:00+00:00 [queued]>
[2024-04-02 13:05:23,687] {taskinstance.py:1356} INFO - 
--------------------------------------------------------------------------------
[2024-04-02 13:05:23,687] {taskinstance.py:1357} INFO - Starting attempt 1 of 1
[2024-04-02 13:05:23,687] {taskinstance.py:1358} INFO - 
--------------------------------------------------------------------------------
[2024-04-02 13:05:23,705] {taskinstance.py:1377} INFO - Executing <Task(_PythonDecoratedOperator): MSFT> on 2024-02-13 00:00:00+00:00
[2024-04-02 13:05:23,711] {standard_task_runner.py:52} INFO - Started process 10777 to run task
[2024-04-02 13:05:23,715] {standard_task_runner.py:79} INFO - Running: ['airflow', 'tasks', 'run', 'get_stocks_dag', 'MSFT', 'scheduled__2024-02-13T00:00:00+00:00', '--job-id', '128', '--raw', '--subdir', 'DAGS_FOLDER/get_stocks.py', '--cfg-path', '/tmp/tmp1t_a941b', '--error-file', '/tmp/tmpizg460uq']
[2024-04-02 13:05:23,716] {standard_task_runner.py:80} INFO - Job 128: Subtask MSFT
[2024-04-02 13:05:23,777] {task_command.py:370} INFO - Running <TaskInstance: get_stocks_dag.MSFT scheduled__2024-02-13T00:00:00+00:00 [running]> on host alexmend-virtual-machine
[2024-04-02 13:05:23,859] {taskinstance.py:1569} INFO - Exporting the following env vars:
AIRFLOW_CTX_DAG_OWNER=airflow
AIRFLOW_CTX_DAG_ID=get_stocks_dag
AIRFLOW_CTX_TASK_ID=MSFT
AIRFLOW_CTX_EXECUTION_DATE=2024-02-13T00:00:00+00:00
AIRFLOW_CTX_TRY_NUMBER=1
AIRFLOW_CTX_DAG_RUN_ID=scheduled__2024-02-13T00:00:00+00:00
[2024-04-02 13:05:24,678] {python.py:173} INFO - Done. Returned value was: None
[2024-04-02 13:05:24,709] {taskinstance.py:1395} INFO - Marking task as SUCCESS. dag_id=get_stocks_dag, task_id=MSFT, execution_date=20240213T000000, start_date=20240402T160523, end_date=20240402T160524
[2024-04-02 13:05:24,774] {local_task_job.py:156} INFO - Task exited with return code 0
[2024-04-02 13:05:24,805] {local_task_job.py:273} INFO - 0 downstream tasks scheduled from follow-on schedule check
[2024-04-02 17:18:31,951] {taskinstance.py:1159} INFO - Dependencies all met for <TaskInstance: get_stocks_dag.MSFT scheduled__2024-02-13T00:00:00+00:00 [queued]>
[2024-04-02 17:18:32,026] {taskinstance.py:1159} INFO - Dependencies all met for <TaskInstance: get_stocks_dag.MSFT scheduled__2024-02-13T00:00:00+00:00 [queued]>
[2024-04-02 17:18:32,026] {taskinstance.py:1356} INFO - 
--------------------------------------------------------------------------------
[2024-04-02 17:18:32,026] {taskinstance.py:1357} INFO - Starting attempt 1 of 1
[2024-04-02 17:18:32,026] {taskinstance.py:1358} INFO - 
--------------------------------------------------------------------------------
[2024-04-02 17:18:32,069] {taskinstance.py:1377} INFO - Executing <Task(_PythonDecoratedOperator): MSFT> on 2024-02-13 00:00:00+00:00
[2024-04-02 17:18:32,133] {standard_task_runner.py:52} INFO - Started process 6562 to run task
[2024-04-02 17:18:32,195] {standard_task_runner.py:79} INFO - Running: ['airflow', 'tasks', 'run', 'get_stocks_dag', 'MSFT', 'scheduled__2024-02-13T00:00:00+00:00', '--job-id', '110', '--raw', '--subdir', 'DAGS_FOLDER/get_stocks.py', '--cfg-path', '/tmp/tmpyyqrrvo5', '--error-file', '/tmp/tmprgp78do7']
[2024-04-02 17:18:32,197] {standard_task_runner.py:80} INFO - Job 110: Subtask MSFT
[2024-04-02 17:18:32,937] {task_command.py:370} INFO - Running <TaskInstance: get_stocks_dag.MSFT scheduled__2024-02-13T00:00:00+00:00 [running]> on host alexmend-virtual-machine
[2024-04-02 17:18:33,723] {taskinstance.py:1569} INFO - Exporting the following env vars:
AIRFLOW_CTX_DAG_OWNER=airflow
AIRFLOW_CTX_DAG_ID=get_stocks_dag
AIRFLOW_CTX_TASK_ID=MSFT
AIRFLOW_CTX_EXECUTION_DATE=2024-02-13T00:00:00+00:00
AIRFLOW_CTX_TRY_NUMBER=1
AIRFLOW_CTX_DAG_RUN_ID=scheduled__2024-02-13T00:00:00+00:00
[2024-04-02 17:18:35,203] {python.py:173} INFO - Done. Returned value was: None
[2024-04-02 17:18:35,567] {taskinstance.py:1395} INFO - Marking task as SUCCESS. dag_id=get_stocks_dag, task_id=MSFT, execution_date=20240213T000000, start_date=20240402T201831, end_date=20240402T201835
[2024-04-02 17:18:35,747] {local_task_job.py:156} INFO - Task exited with return code 0
[2024-04-02 17:18:36,035] {local_task_job.py:273} INFO - 0 downstream tasks scheduled from follow-on schedule check
[2024-04-02 17:44:42,930] {taskinstance.py:1159} INFO - Dependencies all met for <TaskInstance: get_stocks_dag.MSFT scheduled__2024-02-13T00:00:00+00:00 [queued]>
[2024-04-02 17:44:42,942] {taskinstance.py:1159} INFO - Dependencies all met for <TaskInstance: get_stocks_dag.MSFT scheduled__2024-02-13T00:00:00+00:00 [queued]>
[2024-04-02 17:44:42,943] {taskinstance.py:1356} INFO - 
--------------------------------------------------------------------------------
[2024-04-02 17:44:42,943] {taskinstance.py:1357} INFO - Starting attempt 1 of 1
[2024-04-02 17:44:42,943] {taskinstance.py:1358} INFO - 
--------------------------------------------------------------------------------
[2024-04-02 17:44:42,964] {taskinstance.py:1377} INFO - Executing <Task(_PythonDecoratedOperator): MSFT> on 2024-02-13 00:00:00+00:00
[2024-04-02 17:44:42,971] {standard_task_runner.py:52} INFO - Started process 21381 to run task
[2024-04-02 17:44:42,979] {standard_task_runner.py:79} INFO - Running: ['airflow', 'tasks', 'run', 'get_stocks_dag', 'MSFT', 'scheduled__2024-02-13T00:00:00+00:00', '--job-id', '371', '--raw', '--subdir', 'DAGS_FOLDER/get_stocks.py', '--cfg-path', '/tmp/tmp_1mtm7su', '--error-file', '/tmp/tmpop2jdhy8']
[2024-04-02 17:44:42,981] {standard_task_runner.py:80} INFO - Job 371: Subtask MSFT
[2024-04-02 17:44:43,112] {task_command.py:370} INFO - Running <TaskInstance: get_stocks_dag.MSFT scheduled__2024-02-13T00:00:00+00:00 [running]> on host alexmend-virtual-machine
[2024-04-02 17:44:43,224] {taskinstance.py:1569} INFO - Exporting the following env vars:
AIRFLOW_CTX_DAG_OWNER=airflow
AIRFLOW_CTX_DAG_ID=get_stocks_dag
AIRFLOW_CTX_TASK_ID=MSFT
AIRFLOW_CTX_EXECUTION_DATE=2024-02-13T00:00:00+00:00
AIRFLOW_CTX_TRY_NUMBER=1
AIRFLOW_CTX_DAG_RUN_ID=scheduled__2024-02-13T00:00:00+00:00
[2024-04-02 17:44:43,989] {python.py:173} INFO - Done. Returned value was: None
[2024-04-02 17:44:44,012] {taskinstance.py:1395} INFO - Marking task as SUCCESS. dag_id=get_stocks_dag, task_id=MSFT, execution_date=20240213T000000, start_date=20240402T204442, end_date=20240402T204444
[2024-04-02 17:44:44,039] {local_task_job.py:156} INFO - Task exited with return code 0
[2024-04-02 17:44:44,109] {local_task_job.py:273} INFO - 0 downstream tasks scheduled from follow-on schedule check
