[2024-04-02 21:45:49,425] {taskinstance.py:1159} INFO - Dependencies all met for <TaskInstance: get_crypto_dag.ETH scheduled__2024-02-29T00:00:00+00:00 [queued]>
[2024-04-02 21:45:49,450] {taskinstance.py:1159} INFO - Dependencies all met for <TaskInstance: get_crypto_dag.ETH scheduled__2024-02-29T00:00:00+00:00 [queued]>
[2024-04-02 21:45:49,450] {taskinstance.py:1356} INFO - 
--------------------------------------------------------------------------------
[2024-04-02 21:45:49,451] {taskinstance.py:1357} INFO - Starting attempt 1 of 1
[2024-04-02 21:45:49,451] {taskinstance.py:1358} INFO - 
--------------------------------------------------------------------------------
[2024-04-02 21:45:49,485] {taskinstance.py:1377} INFO - Executing <Task(_PythonDecoratedOperator): ETH> on 2024-02-29 00:00:00+00:00
[2024-04-02 21:45:49,498] {standard_task_runner.py:52} INFO - Started process 47744 to run task
[2024-04-02 21:45:49,512] {standard_task_runner.py:79} INFO - Running: ['airflow', 'tasks', 'run', 'get_crypto_dag', 'ETH', 'scheduled__2024-02-29T00:00:00+00:00', '--job-id', '751', '--raw', '--subdir', 'DAGS_FOLDER/get_crypto.py', '--cfg-path', '/tmp/tmp_kmp_1fh', '--error-file', '/tmp/tmp7_qwpdrl']
[2024-04-02 21:45:49,521] {standard_task_runner.py:80} INFO - Job 751: Subtask ETH
[2024-04-02 21:45:49,732] {task_command.py:370} INFO - Running <TaskInstance: get_crypto_dag.ETH scheduled__2024-02-29T00:00:00+00:00 [running]> on host alexmend-virtual-machine
[2024-04-02 21:45:49,950] {taskinstance.py:1569} INFO - Exporting the following env vars:
AIRFLOW_CTX_DAG_OWNER=airflow
AIRFLOW_CTX_DAG_ID=get_crypto_dag
AIRFLOW_CTX_TASK_ID=ETH
AIRFLOW_CTX_EXECUTION_DATE=2024-02-29T00:00:00+00:00
AIRFLOW_CTX_TRY_NUMBER=1
AIRFLOW_CTX_DAG_RUN_ID=scheduled__2024-02-29T00:00:00+00:00
[2024-04-02 21:45:53,772] {history.py:90} ERROR - ETH: No timezone found, symbol may be delisted
[2024-04-02 21:46:03,790] {python.py:173} INFO - Done. Returned value was: None
[2024-04-02 21:46:03,832] {taskinstance.py:1395} INFO - Marking task as SUCCESS. dag_id=get_crypto_dag, task_id=ETH, execution_date=20240229T000000, start_date=20240403T004549, end_date=20240403T004603
[2024-04-02 21:46:03,980] {local_task_job.py:156} INFO - Task exited with return code 0
[2024-04-02 21:46:04,109] {local_task_job.py:273} INFO - 0 downstream tasks scheduled from follow-on schedule check
[2024-04-02 22:49:18,965] {taskinstance.py:1159} INFO - Dependencies all met for <TaskInstance: get_crypto_dag.ETH scheduled__2024-02-29T00:00:00+00:00 [queued]>
[2024-04-02 22:49:18,990] {taskinstance.py:1159} INFO - Dependencies all met for <TaskInstance: get_crypto_dag.ETH scheduled__2024-02-29T00:00:00+00:00 [queued]>
[2024-04-02 22:49:18,991] {taskinstance.py:1356} INFO - 
--------------------------------------------------------------------------------
[2024-04-02 22:49:18,991] {taskinstance.py:1357} INFO - Starting attempt 1 of 1
[2024-04-02 22:49:18,991] {taskinstance.py:1358} INFO - 
--------------------------------------------------------------------------------
[2024-04-02 22:49:19,027] {taskinstance.py:1377} INFO - Executing <Task(_PythonDecoratedOperator): ETH> on 2024-02-29 00:00:00+00:00
[2024-04-02 22:49:19,044] {standard_task_runner.py:52} INFO - Started process 70394 to run task
[2024-04-02 22:49:19,059] {standard_task_runner.py:79} INFO - Running: ['airflow', 'tasks', 'run', 'get_crypto_dag', 'ETH', 'scheduled__2024-02-29T00:00:00+00:00', '--job-id', '990', '--raw', '--subdir', 'DAGS_FOLDER/get_crypto.py', '--cfg-path', '/tmp/tmp0k1osm6n', '--error-file', '/tmp/tmpjcj1pr2x']
[2024-04-02 22:49:19,062] {standard_task_runner.py:80} INFO - Job 990: Subtask ETH
[2024-04-02 22:49:19,293] {task_command.py:370} INFO - Running <TaskInstance: get_crypto_dag.ETH scheduled__2024-02-29T00:00:00+00:00 [running]> on host alexmend-virtual-machine
[2024-04-02 22:49:19,550] {taskinstance.py:1569} INFO - Exporting the following env vars:
AIRFLOW_CTX_DAG_OWNER=airflow
AIRFLOW_CTX_DAG_ID=get_crypto_dag
AIRFLOW_CTX_TASK_ID=ETH
AIRFLOW_CTX_EXECUTION_DATE=2024-02-29T00:00:00+00:00
AIRFLOW_CTX_TRY_NUMBER=1
AIRFLOW_CTX_DAG_RUN_ID=scheduled__2024-02-29T00:00:00+00:00
[2024-04-02 22:49:23,499] {history.py:90} ERROR - ETH: No timezone found, symbol may be delisted
[2024-04-02 22:49:33,536] {python.py:173} INFO - Done. Returned value was: None
[2024-04-02 22:49:33,619] {taskinstance.py:1395} INFO - Marking task as SUCCESS. dag_id=get_crypto_dag, task_id=ETH, execution_date=20240229T000000, start_date=20240403T014918, end_date=20240403T014933
[2024-04-02 22:49:33,701] {local_task_job.py:156} INFO - Task exited with return code 0
[2024-04-02 22:49:33,857] {local_task_job.py:273} INFO - 0 downstream tasks scheduled from follow-on schedule check
