[2024-04-02 21:50:04,132] {taskinstance.py:1159} INFO - Dependencies all met for <TaskInstance: get_crypto_dag.ETH scheduled__2024-03-07T00:00:00+00:00 [queued]>
[2024-04-02 21:50:04,182] {taskinstance.py:1159} INFO - Dependencies all met for <TaskInstance: get_crypto_dag.ETH scheduled__2024-03-07T00:00:00+00:00 [queued]>
[2024-04-02 21:50:04,182] {taskinstance.py:1356} INFO - 
--------------------------------------------------------------------------------
[2024-04-02 21:50:04,182] {taskinstance.py:1357} INFO - Starting attempt 1 of 1
[2024-04-02 21:50:04,183] {taskinstance.py:1358} INFO - 
--------------------------------------------------------------------------------
[2024-04-02 21:50:04,243] {taskinstance.py:1377} INFO - Executing <Task(_PythonDecoratedOperator): ETH> on 2024-03-07 00:00:00+00:00
[2024-04-02 21:50:04,307] {standard_task_runner.py:52} INFO - Started process 50872 to run task
[2024-04-02 21:50:04,332] {standard_task_runner.py:79} INFO - Running: ['airflow', 'tasks', 'run', 'get_crypto_dag', 'ETH', 'scheduled__2024-03-07T00:00:00+00:00', '--job-id', '808', '--raw', '--subdir', 'DAGS_FOLDER/get_crypto.py', '--cfg-path', '/tmp/tmpnytynz8d', '--error-file', '/tmp/tmpwa8un8gs']
[2024-04-02 21:50:04,347] {standard_task_runner.py:80} INFO - Job 808: Subtask ETH
[2024-04-02 21:50:04,727] {task_command.py:370} INFO - Running <TaskInstance: get_crypto_dag.ETH scheduled__2024-03-07T00:00:00+00:00 [running]> on host alexmend-virtual-machine
[2024-04-02 21:50:05,043] {taskinstance.py:1569} INFO - Exporting the following env vars:
AIRFLOW_CTX_DAG_OWNER=airflow
AIRFLOW_CTX_DAG_ID=get_crypto_dag
AIRFLOW_CTX_TASK_ID=ETH
AIRFLOW_CTX_EXECUTION_DATE=2024-03-07T00:00:00+00:00
AIRFLOW_CTX_TRY_NUMBER=1
AIRFLOW_CTX_DAG_RUN_ID=scheduled__2024-03-07T00:00:00+00:00
[2024-04-02 21:50:10,208] {history.py:90} ERROR - ETH: No timezone found, symbol may be delisted
[2024-04-02 21:50:20,230] {python.py:173} INFO - Done. Returned value was: None
[2024-04-02 21:50:20,271] {taskinstance.py:1395} INFO - Marking task as SUCCESS. dag_id=get_crypto_dag, task_id=ETH, execution_date=20240307T000000, start_date=20240403T005004, end_date=20240403T005020
[2024-04-02 21:50:20,310] {local_task_job.py:156} INFO - Task exited with return code 0
[2024-04-02 21:50:20,369] {local_task_job.py:273} INFO - 0 downstream tasks scheduled from follow-on schedule check
[2024-04-02 22:56:24,976] {taskinstance.py:1159} INFO - Dependencies all met for <TaskInstance: get_crypto_dag.ETH scheduled__2024-03-07T00:00:00+00:00 [queued]>
[2024-04-02 22:56:25,019] {taskinstance.py:1159} INFO - Dependencies all met for <TaskInstance: get_crypto_dag.ETH scheduled__2024-03-07T00:00:00+00:00 [queued]>
[2024-04-02 22:56:25,020] {taskinstance.py:1356} INFO - 
--------------------------------------------------------------------------------
[2024-04-02 22:56:25,020] {taskinstance.py:1357} INFO - Starting attempt 1 of 1
[2024-04-02 22:56:25,020] {taskinstance.py:1358} INFO - 
--------------------------------------------------------------------------------
[2024-04-02 22:56:25,068] {taskinstance.py:1377} INFO - Executing <Task(_PythonDecoratedOperator): ETH> on 2024-03-07 00:00:00+00:00
[2024-04-02 22:56:25,093] {standard_task_runner.py:52} INFO - Started process 74204 to run task
[2024-04-02 22:56:25,128] {standard_task_runner.py:79} INFO - Running: ['airflow', 'tasks', 'run', 'get_crypto_dag', 'ETH', 'scheduled__2024-03-07T00:00:00+00:00', '--job-id', '1039', '--raw', '--subdir', 'DAGS_FOLDER/get_crypto.py', '--cfg-path', '/tmp/tmp40xqwk26', '--error-file', '/tmp/tmpp1t0kgvq']
[2024-04-02 22:56:25,143] {standard_task_runner.py:80} INFO - Job 1039: Subtask ETH
[2024-04-02 22:56:25,693] {task_command.py:370} INFO - Running <TaskInstance: get_crypto_dag.ETH scheduled__2024-03-07T00:00:00+00:00 [running]> on host alexmend-virtual-machine
[2024-04-02 22:56:26,389] {taskinstance.py:1569} INFO - Exporting the following env vars:
AIRFLOW_CTX_DAG_OWNER=airflow
AIRFLOW_CTX_DAG_ID=get_crypto_dag
AIRFLOW_CTX_TASK_ID=ETH
AIRFLOW_CTX_EXECUTION_DATE=2024-03-07T00:00:00+00:00
AIRFLOW_CTX_TRY_NUMBER=1
AIRFLOW_CTX_DAG_RUN_ID=scheduled__2024-03-07T00:00:00+00:00
[2024-04-02 22:56:31,393] {history.py:90} ERROR - ETH: No timezone found, symbol may be delisted
[2024-04-02 22:56:41,428] {python.py:173} INFO - Done. Returned value was: None
[2024-04-02 22:56:42,287] {taskinstance.py:1395} INFO - Marking task as SUCCESS. dag_id=get_crypto_dag, task_id=ETH, execution_date=20240307T000000, start_date=20240403T015624, end_date=20240403T015642
[2024-04-02 22:56:42,566] {local_task_job.py:156} INFO - Task exited with return code 0
[2024-04-02 22:56:42,840] {local_task_job.py:273} INFO - 0 downstream tasks scheduled from follow-on schedule check
