[2024-04-02 13:01:59,233] {taskinstance.py:1159} INFO - Dependencies all met for <TaskInstance: get_stocks_dag.GOOG scheduled__2024-01-26T00:00:00+00:00 [queued]>
[2024-04-02 13:01:59,242] {taskinstance.py:1159} INFO - Dependencies all met for <TaskInstance: get_stocks_dag.GOOG scheduled__2024-01-26T00:00:00+00:00 [queued]>
[2024-04-02 13:01:59,242] {taskinstance.py:1356} INFO - 
--------------------------------------------------------------------------------
[2024-04-02 13:01:59,242] {taskinstance.py:1357} INFO - Starting attempt 1 of 1
[2024-04-02 13:01:59,242] {taskinstance.py:1358} INFO - 
--------------------------------------------------------------------------------
[2024-04-02 13:01:59,265] {taskinstance.py:1377} INFO - Executing <Task(_PythonDecoratedOperator): GOOG> on 2024-01-26 00:00:00+00:00
[2024-04-02 13:01:59,275] {standard_task_runner.py:52} INFO - Started process 9573 to run task
[2024-04-02 13:01:59,280] {standard_task_runner.py:79} INFO - Running: ['airflow', 'tasks', 'run', 'get_stocks_dag', 'GOOG', 'scheduled__2024-01-26T00:00:00+00:00', '--job-id', '81', '--raw', '--subdir', 'DAGS_FOLDER/get_stocks.py', '--cfg-path', '/tmp/tmputc4zbxr', '--error-file', '/tmp/tmpqldjixh2']
[2024-04-02 13:01:59,282] {standard_task_runner.py:80} INFO - Job 81: Subtask GOOG
[2024-04-02 13:01:59,351] {task_command.py:370} INFO - Running <TaskInstance: get_stocks_dag.GOOG scheduled__2024-01-26T00:00:00+00:00 [running]> on host alexmend-virtual-machine
[2024-04-02 13:01:59,439] {taskinstance.py:1569} INFO - Exporting the following env vars:
AIRFLOW_CTX_DAG_OWNER=airflow
AIRFLOW_CTX_DAG_ID=get_stocks_dag
AIRFLOW_CTX_TASK_ID=GOOG
AIRFLOW_CTX_EXECUTION_DATE=2024-01-26T00:00:00+00:00
AIRFLOW_CTX_TRY_NUMBER=1
AIRFLOW_CTX_DAG_RUN_ID=scheduled__2024-01-26T00:00:00+00:00
[2024-04-02 13:02:00,159] {python.py:173} INFO - Done. Returned value was: None
[2024-04-02 13:02:00,176] {taskinstance.py:1395} INFO - Marking task as SUCCESS. dag_id=get_stocks_dag, task_id=GOOG, execution_date=20240126T000000, start_date=20240402T160159, end_date=20240402T160200
[2024-04-02 13:02:00,228] {local_task_job.py:156} INFO - Task exited with return code 0
[2024-04-02 13:02:00,256] {local_task_job.py:273} INFO - 0 downstream tasks scheduled from follow-on schedule check
[2024-04-02 17:17:53,107] {taskinstance.py:1159} INFO - Dependencies all met for <TaskInstance: get_stocks_dag.GOOG scheduled__2024-01-26T00:00:00+00:00 [queued]>
[2024-04-02 17:17:53,330] {taskinstance.py:1159} INFO - Dependencies all met for <TaskInstance: get_stocks_dag.GOOG scheduled__2024-01-26T00:00:00+00:00 [queued]>
[2024-04-02 17:17:53,330] {taskinstance.py:1356} INFO - 
--------------------------------------------------------------------------------
[2024-04-02 17:17:53,331] {taskinstance.py:1357} INFO - Starting attempt 1 of 1
[2024-04-02 17:17:53,331] {taskinstance.py:1358} INFO - 
--------------------------------------------------------------------------------
[2024-04-02 17:17:53,610] {taskinstance.py:1377} INFO - Executing <Task(_PythonDecoratedOperator): GOOG> on 2024-01-26 00:00:00+00:00
[2024-04-02 17:17:53,667] {standard_task_runner.py:52} INFO - Started process 5378 to run task
[2024-04-02 17:17:53,889] {standard_task_runner.py:79} INFO - Running: ['airflow', 'tasks', 'run', 'get_stocks_dag', 'GOOG', 'scheduled__2024-01-26T00:00:00+00:00', '--job-id', '61', '--raw', '--subdir', 'DAGS_FOLDER/get_stocks.py', '--cfg-path', '/tmp/tmp6m66zv8f', '--error-file', '/tmp/tmp2ari39z_']
[2024-04-02 17:17:53,891] {standard_task_runner.py:80} INFO - Job 61: Subtask GOOG
[2024-04-02 17:17:54,354] {task_command.py:370} INFO - Running <TaskInstance: get_stocks_dag.GOOG scheduled__2024-01-26T00:00:00+00:00 [running]> on host alexmend-virtual-machine
[2024-04-02 17:17:54,837] {taskinstance.py:1569} INFO - Exporting the following env vars:
AIRFLOW_CTX_DAG_OWNER=airflow
AIRFLOW_CTX_DAG_ID=get_stocks_dag
AIRFLOW_CTX_TASK_ID=GOOG
AIRFLOW_CTX_EXECUTION_DATE=2024-01-26T00:00:00+00:00
AIRFLOW_CTX_TRY_NUMBER=1
AIRFLOW_CTX_DAG_RUN_ID=scheduled__2024-01-26T00:00:00+00:00
[2024-04-02 17:17:56,405] {python.py:173} INFO - Done. Returned value was: None
[2024-04-02 17:17:56,490] {taskinstance.py:1395} INFO - Marking task as SUCCESS. dag_id=get_stocks_dag, task_id=GOOG, execution_date=20240126T000000, start_date=20240402T201753, end_date=20240402T201756
[2024-04-02 17:17:56,661] {local_task_job.py:156} INFO - Task exited with return code 0
[2024-04-02 17:17:56,851] {local_task_job.py:273} INFO - 0 downstream tasks scheduled from follow-on schedule check
[2024-04-02 17:43:32,675] {taskinstance.py:1159} INFO - Dependencies all met for <TaskInstance: get_stocks_dag.GOOG scheduled__2024-01-26T00:00:00+00:00 [queued]>
[2024-04-02 17:43:32,714] {taskinstance.py:1159} INFO - Dependencies all met for <TaskInstance: get_stocks_dag.GOOG scheduled__2024-01-26T00:00:00+00:00 [queued]>
[2024-04-02 17:43:32,714] {taskinstance.py:1356} INFO - 
--------------------------------------------------------------------------------
[2024-04-02 17:43:32,714] {taskinstance.py:1357} INFO - Starting attempt 1 of 1
[2024-04-02 17:43:32,715] {taskinstance.py:1358} INFO - 
--------------------------------------------------------------------------------
[2024-04-02 17:43:32,744] {taskinstance.py:1377} INFO - Executing <Task(_PythonDecoratedOperator): GOOG> on 2024-01-26 00:00:00+00:00
[2024-04-02 17:43:32,754] {standard_task_runner.py:52} INFO - Started process 19999 to run task
[2024-04-02 17:43:32,762] {standard_task_runner.py:79} INFO - Running: ['airflow', 'tasks', 'run', 'get_stocks_dag', 'GOOG', 'scheduled__2024-01-26T00:00:00+00:00', '--job-id', '325', '--raw', '--subdir', 'DAGS_FOLDER/get_stocks.py', '--cfg-path', '/tmp/tmp6kv909xw', '--error-file', '/tmp/tmpr817dr39']
[2024-04-02 17:43:32,764] {standard_task_runner.py:80} INFO - Job 325: Subtask GOOG
[2024-04-02 17:43:32,928] {task_command.py:370} INFO - Running <TaskInstance: get_stocks_dag.GOOG scheduled__2024-01-26T00:00:00+00:00 [running]> on host alexmend-virtual-machine
[2024-04-02 17:43:33,089] {taskinstance.py:1569} INFO - Exporting the following env vars:
AIRFLOW_CTX_DAG_OWNER=airflow
AIRFLOW_CTX_DAG_ID=get_stocks_dag
AIRFLOW_CTX_TASK_ID=GOOG
AIRFLOW_CTX_EXECUTION_DATE=2024-01-26T00:00:00+00:00
AIRFLOW_CTX_TRY_NUMBER=1
AIRFLOW_CTX_DAG_RUN_ID=scheduled__2024-01-26T00:00:00+00:00
[2024-04-02 17:43:33,819] {python.py:173} INFO - Done. Returned value was: None
[2024-04-02 17:43:33,851] {taskinstance.py:1395} INFO - Marking task as SUCCESS. dag_id=get_stocks_dag, task_id=GOOG, execution_date=20240126T000000, start_date=20240402T204332, end_date=20240402T204333
[2024-04-02 17:43:33,903] {local_task_job.py:156} INFO - Task exited with return code 0
[2024-04-02 17:43:33,970] {local_task_job.py:273} INFO - 0 downstream tasks scheduled from follow-on schedule check
