[2024-04-02 13:13:04,995] {taskinstance.py:1159} INFO - Dependencies all met for <TaskInstance: get_stocks_dag.MSFT scheduled__2024-03-23T00:00:00+00:00 [queued]>
[2024-04-02 13:13:05,003] {taskinstance.py:1159} INFO - Dependencies all met for <TaskInstance: get_stocks_dag.MSFT scheduled__2024-03-23T00:00:00+00:00 [queued]>
[2024-04-02 13:13:05,003] {taskinstance.py:1356} INFO - 
--------------------------------------------------------------------------------
[2024-04-02 13:13:05,004] {taskinstance.py:1357} INFO - Starting attempt 1 of 1
[2024-04-02 13:13:05,004] {taskinstance.py:1358} INFO - 
--------------------------------------------------------------------------------
[2024-04-02 13:13:05,024] {taskinstance.py:1377} INFO - Executing <Task(_PythonDecoratedOperator): MSFT> on 2024-03-23 00:00:00+00:00
[2024-04-02 13:13:05,031] {standard_task_runner.py:52} INFO - Started process 13475 to run task
[2024-04-02 13:13:05,037] {standard_task_runner.py:79} INFO - Running: ['airflow', 'tasks', 'run', 'get_stocks_dag', 'MSFT', 'scheduled__2024-03-23T00:00:00+00:00', '--job-id', '244', '--raw', '--subdir', 'DAGS_FOLDER/get_stocks.py', '--cfg-path', '/tmp/tmpslln0e2m', '--error-file', '/tmp/tmpkpag2988']
[2024-04-02 13:13:05,038] {standard_task_runner.py:80} INFO - Job 244: Subtask MSFT
[2024-04-02 13:13:05,112] {task_command.py:370} INFO - Running <TaskInstance: get_stocks_dag.MSFT scheduled__2024-03-23T00:00:00+00:00 [running]> on host alexmend-virtual-machine
[2024-04-02 13:13:05,190] {taskinstance.py:1569} INFO - Exporting the following env vars:
AIRFLOW_CTX_DAG_OWNER=airflow
AIRFLOW_CTX_DAG_ID=get_stocks_dag
AIRFLOW_CTX_TASK_ID=MSFT
AIRFLOW_CTX_EXECUTION_DATE=2024-03-23T00:00:00+00:00
AIRFLOW_CTX_TRY_NUMBER=1
AIRFLOW_CTX_DAG_RUN_ID=scheduled__2024-03-23T00:00:00+00:00
[2024-04-02 13:13:05,855] {python.py:173} INFO - Done. Returned value was: None
[2024-04-02 13:13:05,870] {taskinstance.py:1395} INFO - Marking task as SUCCESS. dag_id=get_stocks_dag, task_id=MSFT, execution_date=20240323T000000, start_date=20240402T161304, end_date=20240402T161305
[2024-04-02 13:13:05,899] {local_task_job.py:156} INFO - Task exited with return code 0
[2024-04-02 13:13:05,926] {local_task_job.py:273} INFO - 0 downstream tasks scheduled from follow-on schedule check
[2024-04-02 17:20:08,345] {taskinstance.py:1159} INFO - Dependencies all met for <TaskInstance: get_stocks_dag.MSFT scheduled__2024-03-23T00:00:00+00:00 [queued]>
[2024-04-02 17:20:08,488] {taskinstance.py:1159} INFO - Dependencies all met for <TaskInstance: get_stocks_dag.MSFT scheduled__2024-03-23T00:00:00+00:00 [queued]>
[2024-04-02 17:20:08,489] {taskinstance.py:1356} INFO - 
--------------------------------------------------------------------------------
[2024-04-02 17:20:08,489] {taskinstance.py:1357} INFO - Starting attempt 1 of 1
[2024-04-02 17:20:08,489] {taskinstance.py:1358} INFO - 
--------------------------------------------------------------------------------
[2024-04-02 17:20:08,696] {taskinstance.py:1377} INFO - Executing <Task(_PythonDecoratedOperator): MSFT> on 2024-03-23 00:00:00+00:00
[2024-04-02 17:20:08,721] {standard_task_runner.py:52} INFO - Started process 9378 to run task
[2024-04-02 17:20:08,847] {standard_task_runner.py:79} INFO - Running: ['airflow', 'tasks', 'run', 'get_stocks_dag', 'MSFT', 'scheduled__2024-03-23T00:00:00+00:00', '--job-id', '224', '--raw', '--subdir', 'DAGS_FOLDER/get_stocks.py', '--cfg-path', '/tmp/tmph4s8et_g', '--error-file', '/tmp/tmp45st8jj0']
[2024-04-02 17:20:08,850] {standard_task_runner.py:80} INFO - Job 224: Subtask MSFT
[2024-04-02 17:20:09,283] {task_command.py:370} INFO - Running <TaskInstance: get_stocks_dag.MSFT scheduled__2024-03-23T00:00:00+00:00 [running]> on host alexmend-virtual-machine
[2024-04-02 17:20:10,011] {taskinstance.py:1569} INFO - Exporting the following env vars:
AIRFLOW_CTX_DAG_OWNER=airflow
AIRFLOW_CTX_DAG_ID=get_stocks_dag
AIRFLOW_CTX_TASK_ID=MSFT
AIRFLOW_CTX_EXECUTION_DATE=2024-03-23T00:00:00+00:00
AIRFLOW_CTX_TRY_NUMBER=1
AIRFLOW_CTX_DAG_RUN_ID=scheduled__2024-03-23T00:00:00+00:00
[2024-04-02 17:20:11,278] {python.py:173} INFO - Done. Returned value was: None
[2024-04-02 17:20:11,354] {taskinstance.py:1395} INFO - Marking task as SUCCESS. dag_id=get_stocks_dag, task_id=MSFT, execution_date=20240323T000000, start_date=20240402T202008, end_date=20240402T202011
[2024-04-02 17:20:11,556] {local_task_job.py:156} INFO - Task exited with return code 0
[2024-04-02 17:20:11,796] {local_task_job.py:273} INFO - 0 downstream tasks scheduled from follow-on schedule check
[2024-04-02 17:47:43,788] {taskinstance.py:1159} INFO - Dependencies all met for <TaskInstance: get_stocks_dag.MSFT scheduled__2024-03-23T00:00:00+00:00 [queued]>
[2024-04-02 17:47:43,806] {taskinstance.py:1159} INFO - Dependencies all met for <TaskInstance: get_stocks_dag.MSFT scheduled__2024-03-23T00:00:00+00:00 [queued]>
[2024-04-02 17:47:43,807] {taskinstance.py:1356} INFO - 
--------------------------------------------------------------------------------
[2024-04-02 17:47:43,807] {taskinstance.py:1357} INFO - Starting attempt 1 of 1
[2024-04-02 17:47:43,807] {taskinstance.py:1358} INFO - 
--------------------------------------------------------------------------------
[2024-04-02 17:47:43,838] {taskinstance.py:1377} INFO - Executing <Task(_PythonDecoratedOperator): MSFT> on 2024-03-23 00:00:00+00:00
[2024-04-02 17:47:43,848] {standard_task_runner.py:52} INFO - Started process 24888 to run task
[2024-04-02 17:47:43,862] {standard_task_runner.py:79} INFO - Running: ['airflow', 'tasks', 'run', 'get_stocks_dag', 'MSFT', 'scheduled__2024-03-23T00:00:00+00:00', '--job-id', '488', '--raw', '--subdir', 'DAGS_FOLDER/get_stocks.py', '--cfg-path', '/tmp/tmp12fracso', '--error-file', '/tmp/tmpd2scztco']
[2024-04-02 17:47:43,864] {standard_task_runner.py:80} INFO - Job 488: Subtask MSFT
[2024-04-02 17:47:44,071] {task_command.py:370} INFO - Running <TaskInstance: get_stocks_dag.MSFT scheduled__2024-03-23T00:00:00+00:00 [running]> on host alexmend-virtual-machine
[2024-04-02 17:47:44,371] {taskinstance.py:1569} INFO - Exporting the following env vars:
AIRFLOW_CTX_DAG_OWNER=airflow
AIRFLOW_CTX_DAG_ID=get_stocks_dag
AIRFLOW_CTX_TASK_ID=MSFT
AIRFLOW_CTX_EXECUTION_DATE=2024-03-23T00:00:00+00:00
AIRFLOW_CTX_TRY_NUMBER=1
AIRFLOW_CTX_DAG_RUN_ID=scheduled__2024-03-23T00:00:00+00:00
[2024-04-02 17:47:45,299] {python.py:173} INFO - Done. Returned value was: None
[2024-04-02 17:47:45,344] {taskinstance.py:1395} INFO - Marking task as SUCCESS. dag_id=get_stocks_dag, task_id=MSFT, execution_date=20240323T000000, start_date=20240402T204743, end_date=20240402T204745
[2024-04-02 17:47:45,420] {local_task_job.py:156} INFO - Task exited with return code 0
[2024-04-02 17:47:45,617] {local_task_job.py:273} INFO - 0 downstream tasks scheduled from follow-on schedule check
[2024-04-02 19:16:22,878] {taskinstance.py:1159} INFO - Dependencies all met for <TaskInstance: get_stocks_dag.MSFT scheduled__2024-03-23T00:00:00+00:00 [queued]>
[2024-04-02 19:16:22,892] {taskinstance.py:1159} INFO - Dependencies all met for <TaskInstance: get_stocks_dag.MSFT scheduled__2024-03-23T00:00:00+00:00 [queued]>
[2024-04-02 19:16:22,893] {taskinstance.py:1356} INFO - 
--------------------------------------------------------------------------------
[2024-04-02 19:16:22,893] {taskinstance.py:1357} INFO - Starting attempt 1 of 1
[2024-04-02 19:16:22,893] {taskinstance.py:1358} INFO - 
--------------------------------------------------------------------------------
[2024-04-02 19:16:22,918] {taskinstance.py:1377} INFO - Executing <Task(_PythonDecoratedOperator): MSFT> on 2024-03-23 00:00:00+00:00
[2024-04-02 19:16:22,925] {standard_task_runner.py:52} INFO - Started process 15942 to run task
[2024-04-02 19:16:22,934] {standard_task_runner.py:79} INFO - Running: ['airflow', 'tasks', 'run', 'get_stocks_dag', 'MSFT', 'scheduled__2024-03-23T00:00:00+00:00', '--job-id', '589', '--raw', '--subdir', 'DAGS_FOLDER/get_stocks.py', '--cfg-path', '/tmp/tmpu9t_rcea', '--error-file', '/tmp/tmp9gj7yng_']
[2024-04-02 19:16:22,937] {standard_task_runner.py:80} INFO - Job 589: Subtask MSFT
[2024-04-02 19:16:23,044] {task_command.py:370} INFO - Running <TaskInstance: get_stocks_dag.MSFT scheduled__2024-03-23T00:00:00+00:00 [running]> on host alexmend-virtual-machine
[2024-04-02 19:16:23,154] {taskinstance.py:1569} INFO - Exporting the following env vars:
AIRFLOW_CTX_DAG_OWNER=airflow
AIRFLOW_CTX_DAG_ID=get_stocks_dag
AIRFLOW_CTX_TASK_ID=MSFT
AIRFLOW_CTX_EXECUTION_DATE=2024-03-23T00:00:00+00:00
AIRFLOW_CTX_TRY_NUMBER=1
AIRFLOW_CTX_DAG_RUN_ID=scheduled__2024-03-23T00:00:00+00:00
[2024-04-02 19:16:23,844] {python.py:173} INFO - Done. Returned value was: None
[2024-04-02 19:16:23,898] {taskinstance.py:1395} INFO - Marking task as SUCCESS. dag_id=get_stocks_dag, task_id=MSFT, execution_date=20240323T000000, start_date=20240402T221622, end_date=20240402T221623
[2024-04-02 19:16:23,957] {local_task_job.py:156} INFO - Task exited with return code 0
[2024-04-02 19:16:24,013] {local_task_job.py:273} INFO - 0 downstream tasks scheduled from follow-on schedule check
[2024-04-02 20:40:30,572] {taskinstance.py:1159} INFO - Dependencies all met for <TaskInstance: get_stocks_dag.MSFT scheduled__2024-03-23T00:00:00+00:00 [queued]>
[2024-04-02 20:40:30,593] {taskinstance.py:1159} INFO - Dependencies all met for <TaskInstance: get_stocks_dag.MSFT scheduled__2024-03-23T00:00:00+00:00 [queued]>
[2024-04-02 20:40:30,593] {taskinstance.py:1356} INFO - 
--------------------------------------------------------------------------------
[2024-04-02 20:40:30,594] {taskinstance.py:1357} INFO - Starting attempt 1 of 1
[2024-04-02 20:40:30,594] {taskinstance.py:1358} INFO - 
--------------------------------------------------------------------------------
[2024-04-02 20:40:30,618] {taskinstance.py:1377} INFO - Executing <Task(_PythonDecoratedOperator): MSFT> on 2024-03-23 00:00:00+00:00
[2024-04-02 20:40:30,628] {standard_task_runner.py:52} INFO - Started process 27465 to run task
[2024-04-02 20:40:30,637] {standard_task_runner.py:79} INFO - Running: ['airflow', 'tasks', 'run', 'get_stocks_dag', 'MSFT', 'scheduled__2024-03-23T00:00:00+00:00', '--job-id', '691', '--raw', '--subdir', 'DAGS_FOLDER/get_stocks.py', '--cfg-path', '/tmp/tmp2x1z6ggh', '--error-file', '/tmp/tmpnx_6eqfm']
[2024-04-02 20:40:30,639] {standard_task_runner.py:80} INFO - Job 691: Subtask MSFT
[2024-04-02 20:40:30,784] {task_command.py:370} INFO - Running <TaskInstance: get_stocks_dag.MSFT scheduled__2024-03-23T00:00:00+00:00 [running]> on host alexmend-virtual-machine
[2024-04-02 20:40:31,039] {taskinstance.py:1569} INFO - Exporting the following env vars:
AIRFLOW_CTX_DAG_OWNER=airflow
AIRFLOW_CTX_DAG_ID=get_stocks_dag
AIRFLOW_CTX_TASK_ID=MSFT
AIRFLOW_CTX_EXECUTION_DATE=2024-03-23T00:00:00+00:00
AIRFLOW_CTX_TRY_NUMBER=1
AIRFLOW_CTX_DAG_RUN_ID=scheduled__2024-03-23T00:00:00+00:00
[2024-04-02 20:40:31,720] {python.py:173} INFO - Done. Returned value was: None
[2024-04-02 20:40:31,744] {taskinstance.py:1395} INFO - Marking task as SUCCESS. dag_id=get_stocks_dag, task_id=MSFT, execution_date=20240323T000000, start_date=20240402T234030, end_date=20240402T234031
[2024-04-02 20:40:31,776] {local_task_job.py:156} INFO - Task exited with return code 0
[2024-04-02 20:40:31,842] {local_task_job.py:273} INFO - 0 downstream tasks scheduled from follow-on schedule check
[2024-04-02 21:54:55,783] {taskinstance.py:1159} INFO - Dependencies all met for <TaskInstance: get_stocks_dag.MSFT scheduled__2024-03-23T00:00:00+00:00 [queued]>
[2024-04-02 21:54:55,802] {taskinstance.py:1159} INFO - Dependencies all met for <TaskInstance: get_stocks_dag.MSFT scheduled__2024-03-23T00:00:00+00:00 [queued]>
[2024-04-02 21:54:55,802] {taskinstance.py:1356} INFO - 
--------------------------------------------------------------------------------
[2024-04-02 21:54:55,803] {taskinstance.py:1357} INFO - Starting attempt 1 of 1
[2024-04-02 21:54:55,803] {taskinstance.py:1358} INFO - 
--------------------------------------------------------------------------------
[2024-04-02 21:54:55,835] {taskinstance.py:1377} INFO - Executing <Task(_PythonDecoratedOperator): MSFT> on 2024-03-23 00:00:00+00:00
[2024-04-02 21:54:55,852] {standard_task_runner.py:52} INFO - Started process 53882 to run task
[2024-04-02 21:54:55,861] {standard_task_runner.py:79} INFO - Running: ['airflow', 'tasks', 'run', 'get_stocks_dag', 'MSFT', 'scheduled__2024-03-23T00:00:00+00:00', '--job-id', '861', '--raw', '--subdir', 'DAGS_FOLDER/get_stocks.py', '--cfg-path', '/tmp/tmpmx7th8ni', '--error-file', '/tmp/tmp2_530flv']
[2024-04-02 21:54:55,863] {standard_task_runner.py:80} INFO - Job 861: Subtask MSFT
[2024-04-02 21:54:56,011] {task_command.py:370} INFO - Running <TaskInstance: get_stocks_dag.MSFT scheduled__2024-03-23T00:00:00+00:00 [running]> on host alexmend-virtual-machine
[2024-04-02 21:54:56,169] {taskinstance.py:1569} INFO - Exporting the following env vars:
AIRFLOW_CTX_DAG_OWNER=airflow
AIRFLOW_CTX_DAG_ID=get_stocks_dag
AIRFLOW_CTX_TASK_ID=MSFT
AIRFLOW_CTX_EXECUTION_DATE=2024-03-23T00:00:00+00:00
AIRFLOW_CTX_TRY_NUMBER=1
AIRFLOW_CTX_DAG_RUN_ID=scheduled__2024-03-23T00:00:00+00:00
[2024-04-02 21:55:06,898] {python.py:173} INFO - Done. Returned value was: None
[2024-04-02 21:55:06,929] {taskinstance.py:1395} INFO - Marking task as SUCCESS. dag_id=get_stocks_dag, task_id=MSFT, execution_date=20240323T000000, start_date=20240403T005455, end_date=20240403T005506
[2024-04-02 21:55:07,002] {local_task_job.py:156} INFO - Task exited with return code 0
[2024-04-02 21:55:07,067] {local_task_job.py:273} INFO - 0 downstream tasks scheduled from follow-on schedule check
[2024-04-02 23:12:25,623] {taskinstance.py:1159} INFO - Dependencies all met for <TaskInstance: get_stocks_dag.MSFT scheduled__2024-03-23T00:00:00+00:00 [queued]>
[2024-04-02 23:12:25,655] {taskinstance.py:1159} INFO - Dependencies all met for <TaskInstance: get_stocks_dag.MSFT scheduled__2024-03-23T00:00:00+00:00 [queued]>
[2024-04-02 23:12:25,661] {taskinstance.py:1356} INFO - 
--------------------------------------------------------------------------------
[2024-04-02 23:12:25,665] {taskinstance.py:1357} INFO - Starting attempt 1 of 1
[2024-04-02 23:12:25,666] {taskinstance.py:1358} INFO - 
--------------------------------------------------------------------------------
[2024-04-02 23:12:25,701] {taskinstance.py:1377} INFO - Executing <Task(_PythonDecoratedOperator): MSFT> on 2024-03-23 00:00:00+00:00
[2024-04-02 23:12:25,711] {standard_task_runner.py:52} INFO - Started process 82768 to run task
[2024-04-02 23:12:25,721] {standard_task_runner.py:79} INFO - Running: ['airflow', 'tasks', 'run', 'get_stocks_dag', 'MSFT', 'scheduled__2024-03-23T00:00:00+00:00', '--job-id', '1152', '--raw', '--subdir', 'DAGS_FOLDER/get_stocks.py', '--cfg-path', '/tmp/tmphylpbl_g', '--error-file', '/tmp/tmpnp_63t9m']
[2024-04-02 23:12:25,723] {standard_task_runner.py:80} INFO - Job 1152: Subtask MSFT
[2024-04-02 23:12:25,931] {task_command.py:370} INFO - Running <TaskInstance: get_stocks_dag.MSFT scheduled__2024-03-23T00:00:00+00:00 [running]> on host alexmend-virtual-machine
[2024-04-02 23:12:26,140] {taskinstance.py:1569} INFO - Exporting the following env vars:
AIRFLOW_CTX_DAG_OWNER=airflow
AIRFLOW_CTX_DAG_ID=get_stocks_dag
AIRFLOW_CTX_TASK_ID=MSFT
AIRFLOW_CTX_EXECUTION_DATE=2024-03-23T00:00:00+00:00
AIRFLOW_CTX_TRY_NUMBER=1
AIRFLOW_CTX_DAG_RUN_ID=scheduled__2024-03-23T00:00:00+00:00
[2024-04-02 23:12:37,059] {python.py:173} INFO - Done. Returned value was: None
[2024-04-02 23:12:37,093] {taskinstance.py:1395} INFO - Marking task as SUCCESS. dag_id=get_stocks_dag, task_id=MSFT, execution_date=20240323T000000, start_date=20240403T021225, end_date=20240403T021237
[2024-04-02 23:12:37,167] {local_task_job.py:156} INFO - Task exited with return code 0
[2024-04-02 23:12:37,242] {local_task_job.py:273} INFO - 0 downstream tasks scheduled from follow-on schedule check
