[2024-04-02 22:04:22,835] {taskinstance.py:1159} INFO - Dependencies all met for <TaskInstance: get_crypto_dag.DOGE scheduled__2024-03-31T00:00:00+00:00 [queued]>
[2024-04-02 22:04:22,851] {taskinstance.py:1159} INFO - Dependencies all met for <TaskInstance: get_crypto_dag.DOGE scheduled__2024-03-31T00:00:00+00:00 [queued]>
[2024-04-02 22:04:22,851] {taskinstance.py:1356} INFO - 
--------------------------------------------------------------------------------
[2024-04-02 22:04:22,851] {taskinstance.py:1357} INFO - Starting attempt 1 of 1
[2024-04-02 22:04:22,851] {taskinstance.py:1358} INFO - 
--------------------------------------------------------------------------------
[2024-04-02 22:04:22,869] {taskinstance.py:1377} INFO - Executing <Task(_PythonDecoratedOperator): DOGE> on 2024-03-31 00:00:00+00:00
[2024-04-02 22:04:22,881] {standard_task_runner.py:52} INFO - Started process 60414 to run task
[2024-04-02 22:04:22,896] {standard_task_runner.py:79} INFO - Running: ['airflow', 'tasks', 'run', 'get_crypto_dag', 'DOGE', 'scheduled__2024-03-31T00:00:00+00:00', '--job-id', '959', '--raw', '--subdir', 'DAGS_FOLDER/get_crypto.py', '--cfg-path', '/tmp/tmpp1s98eyt', '--error-file', '/tmp/tmpjtul8rh1']
[2024-04-02 22:04:22,898] {standard_task_runner.py:80} INFO - Job 959: Subtask DOGE
[2024-04-02 22:04:23,015] {task_command.py:370} INFO - Running <TaskInstance: get_crypto_dag.DOGE scheduled__2024-03-31T00:00:00+00:00 [running]> on host alexmend-virtual-machine
[2024-04-02 22:04:23,123] {taskinstance.py:1569} INFO - Exporting the following env vars:
AIRFLOW_CTX_DAG_OWNER=airflow
AIRFLOW_CTX_DAG_ID=get_crypto_dag
AIRFLOW_CTX_TASK_ID=DOGE
AIRFLOW_CTX_EXECUTION_DATE=2024-03-31T00:00:00+00:00
AIRFLOW_CTX_TRY_NUMBER=1
AIRFLOW_CTX_DAG_RUN_ID=scheduled__2024-03-31T00:00:00+00:00
[2024-04-02 22:04:27,124] {history.py:90} ERROR - DOGE: No timezone found, symbol may be delisted
[2024-04-02 22:04:37,149] {python.py:173} INFO - Done. Returned value was: None
[2024-04-02 22:04:37,198] {taskinstance.py:1395} INFO - Marking task as SUCCESS. dag_id=get_crypto_dag, task_id=DOGE, execution_date=20240331T000000, start_date=20240403T010422, end_date=20240403T010437
[2024-04-02 22:04:37,244] {local_task_job.py:156} INFO - Task exited with return code 0
[2024-04-02 22:04:37,343] {local_task_job.py:273} INFO - 0 downstream tasks scheduled from follow-on schedule check
[2024-04-02 23:20:35,344] {taskinstance.py:1159} INFO - Dependencies all met for <TaskInstance: get_crypto_dag.DOGE scheduled__2024-03-31T00:00:00+00:00 [queued]>
[2024-04-02 23:20:35,362] {taskinstance.py:1159} INFO - Dependencies all met for <TaskInstance: get_crypto_dag.DOGE scheduled__2024-03-31T00:00:00+00:00 [queued]>
[2024-04-02 23:20:35,362] {taskinstance.py:1356} INFO - 
--------------------------------------------------------------------------------
[2024-04-02 23:20:35,363] {taskinstance.py:1357} INFO - Starting attempt 1 of 1
[2024-04-02 23:20:35,363] {taskinstance.py:1358} INFO - 
--------------------------------------------------------------------------------
[2024-04-02 23:20:35,389] {taskinstance.py:1377} INFO - Executing <Task(_PythonDecoratedOperator): DOGE> on 2024-03-31 00:00:00+00:00
[2024-04-02 23:20:35,399] {standard_task_runner.py:52} INFO - Started process 87193 to run task
[2024-04-02 23:20:35,406] {standard_task_runner.py:79} INFO - Running: ['airflow', 'tasks', 'run', 'get_crypto_dag', 'DOGE', 'scheduled__2024-03-31T00:00:00+00:00', '--job-id', '1208', '--raw', '--subdir', 'DAGS_FOLDER/get_crypto.py', '--cfg-path', '/tmp/tmpjnk57_8t', '--error-file', '/tmp/tmpw0qmo5lo']
[2024-04-02 23:20:35,409] {standard_task_runner.py:80} INFO - Job 1208: Subtask DOGE
[2024-04-02 23:20:35,568] {task_command.py:370} INFO - Running <TaskInstance: get_crypto_dag.DOGE scheduled__2024-03-31T00:00:00+00:00 [running]> on host alexmend-virtual-machine
[2024-04-02 23:20:35,747] {taskinstance.py:1569} INFO - Exporting the following env vars:
AIRFLOW_CTX_DAG_OWNER=airflow
AIRFLOW_CTX_DAG_ID=get_crypto_dag
AIRFLOW_CTX_TASK_ID=DOGE
AIRFLOW_CTX_EXECUTION_DATE=2024-03-31T00:00:00+00:00
AIRFLOW_CTX_TRY_NUMBER=1
AIRFLOW_CTX_DAG_RUN_ID=scheduled__2024-03-31T00:00:00+00:00
[2024-04-02 23:20:40,002] {history.py:90} ERROR - DOGE: No timezone found, symbol may be delisted
[2024-04-02 23:20:50,023] {python.py:173} INFO - Done. Returned value was: None
[2024-04-02 23:20:50,052] {taskinstance.py:1395} INFO - Marking task as SUCCESS. dag_id=get_crypto_dag, task_id=DOGE, execution_date=20240331T000000, start_date=20240403T022035, end_date=20240403T022050
[2024-04-02 23:20:50,143] {local_task_job.py:156} INFO - Task exited with return code 0
[2024-04-02 23:20:50,213] {local_task_job.py:273} INFO - 0 downstream tasks scheduled from follow-on schedule check
