[2024-04-02 13:02:02,793] {taskinstance.py:1159} INFO - Dependencies all met for <TaskInstance: get_stocks_dag.TSLA scheduled__2024-01-26T00:00:00+00:00 [queued]>
[2024-04-02 13:02:02,801] {taskinstance.py:1159} INFO - Dependencies all met for <TaskInstance: get_stocks_dag.TSLA scheduled__2024-01-26T00:00:00+00:00 [queued]>
[2024-04-02 13:02:02,801] {taskinstance.py:1356} INFO - 
--------------------------------------------------------------------------------
[2024-04-02 13:02:02,801] {taskinstance.py:1357} INFO - Starting attempt 1 of 1
[2024-04-02 13:02:02,802] {taskinstance.py:1358} INFO - 
--------------------------------------------------------------------------------
[2024-04-02 13:02:02,827] {taskinstance.py:1377} INFO - Executing <Task(_PythonDecoratedOperator): TSLA> on 2024-01-26 00:00:00+00:00
[2024-04-02 13:02:02,834] {standard_task_runner.py:52} INFO - Started process 9596 to run task
[2024-04-02 13:02:02,840] {standard_task_runner.py:79} INFO - Running: ['airflow', 'tasks', 'run', 'get_stocks_dag', 'TSLA', 'scheduled__2024-01-26T00:00:00+00:00', '--job-id', '82', '--raw', '--subdir', 'DAGS_FOLDER/get_stocks.py', '--cfg-path', '/tmp/tmp3d1meldy', '--error-file', '/tmp/tmpw31c6f7c']
[2024-04-02 13:02:02,841] {standard_task_runner.py:80} INFO - Job 82: Subtask TSLA
[2024-04-02 13:02:02,911] {task_command.py:370} INFO - Running <TaskInstance: get_stocks_dag.TSLA scheduled__2024-01-26T00:00:00+00:00 [running]> on host alexmend-virtual-machine
[2024-04-02 13:02:02,998] {taskinstance.py:1569} INFO - Exporting the following env vars:
AIRFLOW_CTX_DAG_OWNER=airflow
AIRFLOW_CTX_DAG_ID=get_stocks_dag
AIRFLOW_CTX_TASK_ID=TSLA
AIRFLOW_CTX_EXECUTION_DATE=2024-01-26T00:00:00+00:00
AIRFLOW_CTX_TRY_NUMBER=1
AIRFLOW_CTX_DAG_RUN_ID=scheduled__2024-01-26T00:00:00+00:00
[2024-04-02 13:02:03,666] {python.py:173} INFO - Done. Returned value was: None
[2024-04-02 13:02:03,689] {taskinstance.py:1395} INFO - Marking task as SUCCESS. dag_id=get_stocks_dag, task_id=TSLA, execution_date=20240126T000000, start_date=20240402T160202, end_date=20240402T160203
[2024-04-02 13:02:03,744] {local_task_job.py:156} INFO - Task exited with return code 0
[2024-04-02 13:02:03,772] {local_task_job.py:273} INFO - 0 downstream tasks scheduled from follow-on schedule check
[2024-04-02 17:17:52,757] {taskinstance.py:1159} INFO - Dependencies all met for <TaskInstance: get_stocks_dag.TSLA scheduled__2024-01-26T00:00:00+00:00 [queued]>
[2024-04-02 17:17:52,909] {taskinstance.py:1159} INFO - Dependencies all met for <TaskInstance: get_stocks_dag.TSLA scheduled__2024-01-26T00:00:00+00:00 [queued]>
[2024-04-02 17:17:52,930] {taskinstance.py:1356} INFO - 
--------------------------------------------------------------------------------
[2024-04-02 17:17:52,932] {taskinstance.py:1357} INFO - Starting attempt 1 of 1
[2024-04-02 17:17:52,932] {taskinstance.py:1358} INFO - 
--------------------------------------------------------------------------------
[2024-04-02 17:17:53,011] {taskinstance.py:1377} INFO - Executing <Task(_PythonDecoratedOperator): TSLA> on 2024-01-26 00:00:00+00:00
[2024-04-02 17:17:53,045] {standard_task_runner.py:52} INFO - Started process 5351 to run task
[2024-04-02 17:17:53,180] {standard_task_runner.py:79} INFO - Running: ['airflow', 'tasks', 'run', 'get_stocks_dag', 'TSLA', 'scheduled__2024-01-26T00:00:00+00:00', '--job-id', '63', '--raw', '--subdir', 'DAGS_FOLDER/get_stocks.py', '--cfg-path', '/tmp/tmp90dboplh', '--error-file', '/tmp/tmpcc3ltp4t']
[2024-04-02 17:17:53,182] {standard_task_runner.py:80} INFO - Job 63: Subtask TSLA
[2024-04-02 17:17:54,099] {task_command.py:370} INFO - Running <TaskInstance: get_stocks_dag.TSLA scheduled__2024-01-26T00:00:00+00:00 [running]> on host alexmend-virtual-machine
[2024-04-02 17:17:54,955] {taskinstance.py:1569} INFO - Exporting the following env vars:
AIRFLOW_CTX_DAG_OWNER=airflow
AIRFLOW_CTX_DAG_ID=get_stocks_dag
AIRFLOW_CTX_TASK_ID=TSLA
AIRFLOW_CTX_EXECUTION_DATE=2024-01-26T00:00:00+00:00
AIRFLOW_CTX_TRY_NUMBER=1
AIRFLOW_CTX_DAG_RUN_ID=scheduled__2024-01-26T00:00:00+00:00
[2024-04-02 17:17:56,653] {python.py:173} INFO - Done. Returned value was: None
[2024-04-02 17:17:56,820] {taskinstance.py:1395} INFO - Marking task as SUCCESS. dag_id=get_stocks_dag, task_id=TSLA, execution_date=20240126T000000, start_date=20240402T201752, end_date=20240402T201756
[2024-04-02 17:17:56,984] {local_task_job.py:156} INFO - Task exited with return code 0
[2024-04-02 17:17:57,135] {local_task_job.py:273} INFO - 0 downstream tasks scheduled from follow-on schedule check
[2024-04-02 17:43:32,769] {taskinstance.py:1159} INFO - Dependencies all met for <TaskInstance: get_stocks_dag.TSLA scheduled__2024-01-26T00:00:00+00:00 [queued]>
[2024-04-02 17:43:32,787] {taskinstance.py:1159} INFO - Dependencies all met for <TaskInstance: get_stocks_dag.TSLA scheduled__2024-01-26T00:00:00+00:00 [queued]>
[2024-04-02 17:43:32,788] {taskinstance.py:1356} INFO - 
--------------------------------------------------------------------------------
[2024-04-02 17:43:32,788] {taskinstance.py:1357} INFO - Starting attempt 1 of 1
[2024-04-02 17:43:32,789] {taskinstance.py:1358} INFO - 
--------------------------------------------------------------------------------
[2024-04-02 17:43:32,819] {taskinstance.py:1377} INFO - Executing <Task(_PythonDecoratedOperator): TSLA> on 2024-01-26 00:00:00+00:00
[2024-04-02 17:43:32,827] {standard_task_runner.py:52} INFO - Started process 20006 to run task
[2024-04-02 17:43:32,835] {standard_task_runner.py:79} INFO - Running: ['airflow', 'tasks', 'run', 'get_stocks_dag', 'TSLA', 'scheduled__2024-01-26T00:00:00+00:00', '--job-id', '326', '--raw', '--subdir', 'DAGS_FOLDER/get_stocks.py', '--cfg-path', '/tmp/tmpqlciionf', '--error-file', '/tmp/tmpta9wock7']
[2024-04-02 17:43:32,838] {standard_task_runner.py:80} INFO - Job 326: Subtask TSLA
[2024-04-02 17:43:33,012] {task_command.py:370} INFO - Running <TaskInstance: get_stocks_dag.TSLA scheduled__2024-01-26T00:00:00+00:00 [running]> on host alexmend-virtual-machine
[2024-04-02 17:43:33,178] {taskinstance.py:1569} INFO - Exporting the following env vars:
AIRFLOW_CTX_DAG_OWNER=airflow
AIRFLOW_CTX_DAG_ID=get_stocks_dag
AIRFLOW_CTX_TASK_ID=TSLA
AIRFLOW_CTX_EXECUTION_DATE=2024-01-26T00:00:00+00:00
AIRFLOW_CTX_TRY_NUMBER=1
AIRFLOW_CTX_DAG_RUN_ID=scheduled__2024-01-26T00:00:00+00:00
[2024-04-02 17:43:33,893] {python.py:173} INFO - Done. Returned value was: None
[2024-04-02 17:43:33,920] {taskinstance.py:1395} INFO - Marking task as SUCCESS. dag_id=get_stocks_dag, task_id=TSLA, execution_date=20240126T000000, start_date=20240402T204332, end_date=20240402T204333
[2024-04-02 17:43:33,983] {local_task_job.py:156} INFO - Task exited with return code 0
[2024-04-02 17:43:34,059] {local_task_job.py:273} INFO - 0 downstream tasks scheduled from follow-on schedule check
