[2024-04-02 12:59:12,995] {taskinstance.py:1159} INFO - Dependencies all met for <TaskInstance: get_stocks_dag.MSFT scheduled__2024-01-12T00:00:00+00:00 [queued]>
[2024-04-02 12:59:13,006] {taskinstance.py:1159} INFO - Dependencies all met for <TaskInstance: get_stocks_dag.MSFT scheduled__2024-01-12T00:00:00+00:00 [queued]>
[2024-04-02 12:59:13,006] {taskinstance.py:1356} INFO - 
--------------------------------------------------------------------------------
[2024-04-02 12:59:13,007] {taskinstance.py:1357} INFO - Starting attempt 1 of 1
[2024-04-02 12:59:13,007] {taskinstance.py:1358} INFO - 
--------------------------------------------------------------------------------
[2024-04-02 12:59:13,029] {taskinstance.py:1377} INFO - Executing <Task(_PythonDecoratedOperator): MSFT> on 2024-01-12 00:00:00+00:00
[2024-04-02 12:59:13,040] {standard_task_runner.py:79} INFO - Running: ['airflow', 'tasks', 'run', 'get_stocks_dag', 'MSFT', 'scheduled__2024-01-12T00:00:00+00:00', '--job-id', '40', '--raw', '--subdir', 'DAGS_FOLDER/get_stocks.py', '--cfg-path', '/tmp/tmpytyp343n', '--error-file', '/tmp/tmpbq5tqt5k']
[2024-04-02 12:59:13,035] {standard_task_runner.py:52} INFO - Started process 8601 to run task
[2024-04-02 12:59:13,043] {standard_task_runner.py:80} INFO - Job 40: Subtask MSFT
[2024-04-02 12:59:13,110] {task_command.py:370} INFO - Running <TaskInstance: get_stocks_dag.MSFT scheduled__2024-01-12T00:00:00+00:00 [running]> on host alexmend-virtual-machine
[2024-04-02 12:59:13,202] {taskinstance.py:1569} INFO - Exporting the following env vars:
AIRFLOW_CTX_DAG_OWNER=airflow
AIRFLOW_CTX_DAG_ID=get_stocks_dag
AIRFLOW_CTX_TASK_ID=MSFT
AIRFLOW_CTX_EXECUTION_DATE=2024-01-12T00:00:00+00:00
AIRFLOW_CTX_TRY_NUMBER=1
AIRFLOW_CTX_DAG_RUN_ID=scheduled__2024-01-12T00:00:00+00:00
[2024-04-02 12:59:13,970] {python.py:173} INFO - Done. Returned value was: None
[2024-04-02 12:59:13,984] {taskinstance.py:1395} INFO - Marking task as SUCCESS. dag_id=get_stocks_dag, task_id=MSFT, execution_date=20240112T000000, start_date=20240402T155912, end_date=20240402T155913
[2024-04-02 12:59:14,008] {local_task_job.py:156} INFO - Task exited with return code 0
[2024-04-02 12:59:14,034] {local_task_job.py:273} INFO - 0 downstream tasks scheduled from follow-on schedule check
[2024-04-02 17:17:04,377] {taskinstance.py:1159} INFO - Dependencies all met for <TaskInstance: get_stocks_dag.MSFT scheduled__2024-01-12T00:00:00+00:00 [queued]>
[2024-04-02 17:17:04,710] {taskinstance.py:1159} INFO - Dependencies all met for <TaskInstance: get_stocks_dag.MSFT scheduled__2024-01-12T00:00:00+00:00 [queued]>
[2024-04-02 17:17:04,711] {taskinstance.py:1356} INFO - 
--------------------------------------------------------------------------------
[2024-04-02 17:17:04,711] {taskinstance.py:1357} INFO - Starting attempt 1 of 1
[2024-04-02 17:17:04,711] {taskinstance.py:1358} INFO - 
--------------------------------------------------------------------------------
[2024-04-02 17:17:05,361] {taskinstance.py:1377} INFO - Executing <Task(_PythonDecoratedOperator): MSFT> on 2024-01-12 00:00:00+00:00
[2024-04-02 17:17:07,743] {standard_task_runner.py:79} INFO - Running: ['airflow', 'tasks', 'run', 'get_stocks_dag', 'MSFT', 'scheduled__2024-01-12T00:00:00+00:00', '--job-id', '26', '--raw', '--subdir', 'DAGS_FOLDER/get_stocks.py', '--cfg-path', '/tmp/tmpnvwu7p43', '--error-file', '/tmp/tmpb54c3iyq']
[2024-04-02 17:17:07,785] {standard_task_runner.py:80} INFO - Job 26: Subtask MSFT
[2024-04-02 17:17:06,333] {standard_task_runner.py:52} INFO - Started process 4380 to run task
[2024-04-02 17:17:13,824] {task_command.py:370} INFO - Running <TaskInstance: get_stocks_dag.MSFT scheduled__2024-01-12T00:00:00+00:00 [running]> on host alexmend-virtual-machine
[2024-04-02 17:17:17,305] {taskinstance.py:1569} INFO - Exporting the following env vars:
AIRFLOW_CTX_DAG_OWNER=airflow
AIRFLOW_CTX_DAG_ID=get_stocks_dag
AIRFLOW_CTX_TASK_ID=MSFT
AIRFLOW_CTX_EXECUTION_DATE=2024-01-12T00:00:00+00:00
AIRFLOW_CTX_TRY_NUMBER=1
AIRFLOW_CTX_DAG_RUN_ID=scheduled__2024-01-12T00:00:00+00:00
[2024-04-02 17:17:21,247] {python.py:173} INFO - Done. Returned value was: None
[2024-04-02 17:17:21,329] {taskinstance.py:1395} INFO - Marking task as SUCCESS. dag_id=get_stocks_dag, task_id=MSFT, execution_date=20240112T000000, start_date=20240402T201704, end_date=20240402T201721
[2024-04-02 17:17:21,479] {local_task_job.py:156} INFO - Task exited with return code 0
[2024-04-02 17:17:21,791] {local_task_job.py:273} INFO - 0 downstream tasks scheduled from follow-on schedule check
[2024-04-02 17:42:35,306] {taskinstance.py:1159} INFO - Dependencies all met for <TaskInstance: get_stocks_dag.MSFT scheduled__2024-01-12T00:00:00+00:00 [queued]>
[2024-04-02 17:42:35,322] {taskinstance.py:1159} INFO - Dependencies all met for <TaskInstance: get_stocks_dag.MSFT scheduled__2024-01-12T00:00:00+00:00 [queued]>
[2024-04-02 17:42:35,322] {taskinstance.py:1356} INFO - 
--------------------------------------------------------------------------------
[2024-04-02 17:42:35,322] {taskinstance.py:1357} INFO - Starting attempt 1 of 1
[2024-04-02 17:42:35,322] {taskinstance.py:1358} INFO - 
--------------------------------------------------------------------------------
[2024-04-02 17:42:35,342] {taskinstance.py:1377} INFO - Executing <Task(_PythonDecoratedOperator): MSFT> on 2024-01-12 00:00:00+00:00
[2024-04-02 17:42:35,348] {standard_task_runner.py:52} INFO - Started process 18859 to run task
[2024-04-02 17:42:35,356] {standard_task_runner.py:79} INFO - Running: ['airflow', 'tasks', 'run', 'get_stocks_dag', 'MSFT', 'scheduled__2024-01-12T00:00:00+00:00', '--job-id', '283', '--raw', '--subdir', 'DAGS_FOLDER/get_stocks.py', '--cfg-path', '/tmp/tmpt9anijno', '--error-file', '/tmp/tmp0qn9h6hy']
[2024-04-02 17:42:35,358] {standard_task_runner.py:80} INFO - Job 283: Subtask MSFT
[2024-04-02 17:42:35,471] {task_command.py:370} INFO - Running <TaskInstance: get_stocks_dag.MSFT scheduled__2024-01-12T00:00:00+00:00 [running]> on host alexmend-virtual-machine
[2024-04-02 17:42:35,589] {taskinstance.py:1569} INFO - Exporting the following env vars:
AIRFLOW_CTX_DAG_OWNER=airflow
AIRFLOW_CTX_DAG_ID=get_stocks_dag
AIRFLOW_CTX_TASK_ID=MSFT
AIRFLOW_CTX_EXECUTION_DATE=2024-01-12T00:00:00+00:00
AIRFLOW_CTX_TRY_NUMBER=1
AIRFLOW_CTX_DAG_RUN_ID=scheduled__2024-01-12T00:00:00+00:00
[2024-04-02 17:42:36,610] {python.py:173} INFO - Done. Returned value was: None
[2024-04-02 17:42:36,665] {taskinstance.py:1395} INFO - Marking task as SUCCESS. dag_id=get_stocks_dag, task_id=MSFT, execution_date=20240112T000000, start_date=20240402T204235, end_date=20240402T204236
[2024-04-02 17:42:36,717] {local_task_job.py:156} INFO - Task exited with return code 0
[2024-04-02 17:42:36,774] {local_task_job.py:273} INFO - 0 downstream tasks scheduled from follow-on schedule check
