[2024-04-02 21:56:59,851] {taskinstance.py:1159} INFO - Dependencies all met for <TaskInstance: get_crypto_dag.ETH scheduled__2024-03-17T00:00:00+00:00 [queued]>
[2024-04-02 21:56:59,879] {taskinstance.py:1159} INFO - Dependencies all met for <TaskInstance: get_crypto_dag.ETH scheduled__2024-03-17T00:00:00+00:00 [queued]>
[2024-04-02 21:56:59,879] {taskinstance.py:1356} INFO - 
--------------------------------------------------------------------------------
[2024-04-02 21:56:59,879] {taskinstance.py:1357} INFO - Starting attempt 1 of 1
[2024-04-02 21:56:59,879] {taskinstance.py:1358} INFO - 
--------------------------------------------------------------------------------
[2024-04-02 21:56:59,907] {taskinstance.py:1377} INFO - Executing <Task(_PythonDecoratedOperator): ETH> on 2024-03-17 00:00:00+00:00
[2024-04-02 21:56:59,922] {standard_task_runner.py:52} INFO - Started process 55601 to run task
[2024-04-02 21:56:59,933] {standard_task_runner.py:79} INFO - Running: ['airflow', 'tasks', 'run', 'get_crypto_dag', 'ETH', 'scheduled__2024-03-17T00:00:00+00:00', '--job-id', '892', '--raw', '--subdir', 'DAGS_FOLDER/get_crypto.py', '--cfg-path', '/tmp/tmpemz_hnuy', '--error-file', '/tmp/tmpa1w0_vi1']
[2024-04-02 21:56:59,936] {standard_task_runner.py:80} INFO - Job 892: Subtask ETH
[2024-04-02 21:57:00,195] {task_command.py:370} INFO - Running <TaskInstance: get_crypto_dag.ETH scheduled__2024-03-17T00:00:00+00:00 [running]> on host alexmend-virtual-machine
[2024-04-02 21:57:00,665] {taskinstance.py:1569} INFO - Exporting the following env vars:
AIRFLOW_CTX_DAG_OWNER=airflow
AIRFLOW_CTX_DAG_ID=get_crypto_dag
AIRFLOW_CTX_TASK_ID=ETH
AIRFLOW_CTX_EXECUTION_DATE=2024-03-17T00:00:00+00:00
AIRFLOW_CTX_TRY_NUMBER=1
AIRFLOW_CTX_DAG_RUN_ID=scheduled__2024-03-17T00:00:00+00:00
[2024-04-02 21:57:04,532] {history.py:90} ERROR - ETH: No timezone found, symbol may be delisted
[2024-04-02 21:57:14,546] {python.py:173} INFO - Done. Returned value was: None
[2024-04-02 21:57:14,609] {taskinstance.py:1395} INFO - Marking task as SUCCESS. dag_id=get_crypto_dag, task_id=ETH, execution_date=20240317T000000, start_date=20240403T005659, end_date=20240403T005714
[2024-04-02 21:57:14,710] {local_task_job.py:156} INFO - Task exited with return code 0
[2024-04-02 21:57:14,758] {local_task_job.py:273} INFO - 0 downstream tasks scheduled from follow-on schedule check
[2024-04-02 23:06:47,363] {taskinstance.py:1159} INFO - Dependencies all met for <TaskInstance: get_crypto_dag.ETH scheduled__2024-03-17T00:00:00+00:00 [queued]>
[2024-04-02 23:06:47,383] {taskinstance.py:1159} INFO - Dependencies all met for <TaskInstance: get_crypto_dag.ETH scheduled__2024-03-17T00:00:00+00:00 [queued]>
[2024-04-02 23:06:47,384] {taskinstance.py:1356} INFO - 
--------------------------------------------------------------------------------
[2024-04-02 23:06:47,385] {taskinstance.py:1357} INFO - Starting attempt 1 of 1
[2024-04-02 23:06:47,385] {taskinstance.py:1358} INFO - 
--------------------------------------------------------------------------------
[2024-04-02 23:06:47,420] {taskinstance.py:1377} INFO - Executing <Task(_PythonDecoratedOperator): ETH> on 2024-03-17 00:00:00+00:00
[2024-04-02 23:06:47,429] {standard_task_runner.py:52} INFO - Started process 79548 to run task
[2024-04-02 23:06:47,441] {standard_task_runner.py:79} INFO - Running: ['airflow', 'tasks', 'run', 'get_crypto_dag', 'ETH', 'scheduled__2024-03-17T00:00:00+00:00', '--job-id', '1110', '--raw', '--subdir', 'DAGS_FOLDER/get_crypto.py', '--cfg-path', '/tmp/tmp5z7f6er_', '--error-file', '/tmp/tmph8gvri_r']
[2024-04-02 23:06:47,445] {standard_task_runner.py:80} INFO - Job 1110: Subtask ETH
[2024-04-02 23:06:47,598] {task_command.py:370} INFO - Running <TaskInstance: get_crypto_dag.ETH scheduled__2024-03-17T00:00:00+00:00 [running]> on host alexmend-virtual-machine
[2024-04-02 23:06:47,756] {taskinstance.py:1569} INFO - Exporting the following env vars:
AIRFLOW_CTX_DAG_OWNER=airflow
AIRFLOW_CTX_DAG_ID=get_crypto_dag
AIRFLOW_CTX_TASK_ID=ETH
AIRFLOW_CTX_EXECUTION_DATE=2024-03-17T00:00:00+00:00
AIRFLOW_CTX_TRY_NUMBER=1
AIRFLOW_CTX_DAG_RUN_ID=scheduled__2024-03-17T00:00:00+00:00
[2024-04-02 23:06:51,241] {history.py:90} ERROR - ETH: No timezone found, symbol may be delisted
[2024-04-02 23:07:01,271] {python.py:173} INFO - Done. Returned value was: None
[2024-04-02 23:07:01,303] {taskinstance.py:1395} INFO - Marking task as SUCCESS. dag_id=get_crypto_dag, task_id=ETH, execution_date=20240317T000000, start_date=20240403T020647, end_date=20240403T020701
[2024-04-02 23:07:01,388] {local_task_job.py:156} INFO - Task exited with return code 0
[2024-04-02 23:07:01,469] {local_task_job.py:273} INFO - 0 downstream tasks scheduled from follow-on schedule check
