[2024-04-02 13:00:38,920] {taskinstance.py:1159} INFO - Dependencies all met for <TaskInstance: get_stocks_dag.GOOG scheduled__2024-01-19T00:00:00+00:00 [queued]>
[2024-04-02 13:00:38,933] {taskinstance.py:1159} INFO - Dependencies all met for <TaskInstance: get_stocks_dag.GOOG scheduled__2024-01-19T00:00:00+00:00 [queued]>
[2024-04-02 13:00:38,933] {taskinstance.py:1356} INFO - 
--------------------------------------------------------------------------------
[2024-04-02 13:00:38,933] {taskinstance.py:1357} INFO - Starting attempt 1 of 1
[2024-04-02 13:00:38,933] {taskinstance.py:1358} INFO - 
--------------------------------------------------------------------------------
[2024-04-02 13:00:38,949] {taskinstance.py:1377} INFO - Executing <Task(_PythonDecoratedOperator): GOOG> on 2024-01-19 00:00:00+00:00
[2024-04-02 13:00:38,956] {standard_task_runner.py:52} INFO - Started process 9097 to run task
[2024-04-02 13:00:38,961] {standard_task_runner.py:79} INFO - Running: ['airflow', 'tasks', 'run', 'get_stocks_dag', 'GOOG', 'scheduled__2024-01-19T00:00:00+00:00', '--job-id', '61', '--raw', '--subdir', 'DAGS_FOLDER/get_stocks.py', '--cfg-path', '/tmp/tmpdkw9ft7k', '--error-file', '/tmp/tmpn1ozckfe']
[2024-04-02 13:00:38,963] {standard_task_runner.py:80} INFO - Job 61: Subtask GOOG
[2024-04-02 13:00:39,032] {task_command.py:370} INFO - Running <TaskInstance: get_stocks_dag.GOOG scheduled__2024-01-19T00:00:00+00:00 [running]> on host alexmend-virtual-machine
[2024-04-02 13:00:39,112] {taskinstance.py:1569} INFO - Exporting the following env vars:
AIRFLOW_CTX_DAG_OWNER=airflow
AIRFLOW_CTX_DAG_ID=get_stocks_dag
AIRFLOW_CTX_TASK_ID=GOOG
AIRFLOW_CTX_EXECUTION_DATE=2024-01-19T00:00:00+00:00
AIRFLOW_CTX_TRY_NUMBER=1
AIRFLOW_CTX_DAG_RUN_ID=scheduled__2024-01-19T00:00:00+00:00
[2024-04-02 13:00:39,820] {python.py:173} INFO - Done. Returned value was: None
[2024-04-02 13:00:39,835] {taskinstance.py:1395} INFO - Marking task as SUCCESS. dag_id=get_stocks_dag, task_id=GOOG, execution_date=20240119T000000, start_date=20240402T160038, end_date=20240402T160039
[2024-04-02 13:00:39,865] {local_task_job.py:156} INFO - Task exited with return code 0
[2024-04-02 13:00:39,893] {local_task_job.py:273} INFO - 0 downstream tasks scheduled from follow-on schedule check
[2024-04-02 17:17:37,639] {taskinstance.py:1159} INFO - Dependencies all met for <TaskInstance: get_stocks_dag.GOOG scheduled__2024-01-19T00:00:00+00:00 [queued]>
[2024-04-02 17:17:37,752] {taskinstance.py:1159} INFO - Dependencies all met for <TaskInstance: get_stocks_dag.GOOG scheduled__2024-01-19T00:00:00+00:00 [queued]>
[2024-04-02 17:17:37,752] {taskinstance.py:1356} INFO - 
--------------------------------------------------------------------------------
[2024-04-02 17:17:37,752] {taskinstance.py:1357} INFO - Starting attempt 1 of 1
[2024-04-02 17:17:37,752] {taskinstance.py:1358} INFO - 
--------------------------------------------------------------------------------
[2024-04-02 17:17:38,094] {taskinstance.py:1377} INFO - Executing <Task(_PythonDecoratedOperator): GOOG> on 2024-01-19 00:00:00+00:00
[2024-04-02 17:17:38,113] {standard_task_runner.py:52} INFO - Started process 4943 to run task
[2024-04-02 17:17:38,144] {standard_task_runner.py:79} INFO - Running: ['airflow', 'tasks', 'run', 'get_stocks_dag', 'GOOG', 'scheduled__2024-01-19T00:00:00+00:00', '--job-id', '48', '--raw', '--subdir', 'DAGS_FOLDER/get_stocks.py', '--cfg-path', '/tmp/tmpphd9q1dt', '--error-file', '/tmp/tmph1vkbctr']
[2024-04-02 17:17:38,153] {standard_task_runner.py:80} INFO - Job 48: Subtask GOOG
[2024-04-02 17:17:39,001] {task_command.py:370} INFO - Running <TaskInstance: get_stocks_dag.GOOG scheduled__2024-01-19T00:00:00+00:00 [running]> on host alexmend-virtual-machine
[2024-04-02 17:17:40,289] {taskinstance.py:1569} INFO - Exporting the following env vars:
AIRFLOW_CTX_DAG_OWNER=airflow
AIRFLOW_CTX_DAG_ID=get_stocks_dag
AIRFLOW_CTX_TASK_ID=GOOG
AIRFLOW_CTX_EXECUTION_DATE=2024-01-19T00:00:00+00:00
AIRFLOW_CTX_TRY_NUMBER=1
AIRFLOW_CTX_DAG_RUN_ID=scheduled__2024-01-19T00:00:00+00:00
[2024-04-02 17:17:42,355] {python.py:173} INFO - Done. Returned value was: None
[2024-04-02 17:17:42,473] {taskinstance.py:1395} INFO - Marking task as SUCCESS. dag_id=get_stocks_dag, task_id=GOOG, execution_date=20240119T000000, start_date=20240402T201737, end_date=20240402T201742
[2024-04-02 17:17:42,695] {local_task_job.py:156} INFO - Task exited with return code 0
[2024-04-02 17:17:43,115] {local_task_job.py:273} INFO - 0 downstream tasks scheduled from follow-on schedule check
[2024-04-02 17:43:06,562] {taskinstance.py:1159} INFO - Dependencies all met for <TaskInstance: get_stocks_dag.GOOG scheduled__2024-01-19T00:00:00+00:00 [queued]>
[2024-04-02 17:43:06,577] {taskinstance.py:1159} INFO - Dependencies all met for <TaskInstance: get_stocks_dag.GOOG scheduled__2024-01-19T00:00:00+00:00 [queued]>
[2024-04-02 17:43:06,578] {taskinstance.py:1356} INFO - 
--------------------------------------------------------------------------------
[2024-04-02 17:43:06,579] {taskinstance.py:1357} INFO - Starting attempt 1 of 1
[2024-04-02 17:43:06,579] {taskinstance.py:1358} INFO - 
--------------------------------------------------------------------------------
[2024-04-02 17:43:06,601] {taskinstance.py:1377} INFO - Executing <Task(_PythonDecoratedOperator): GOOG> on 2024-01-19 00:00:00+00:00
[2024-04-02 17:43:06,608] {standard_task_runner.py:52} INFO - Started process 19492 to run task
[2024-04-02 17:43:06,617] {standard_task_runner.py:79} INFO - Running: ['airflow', 'tasks', 'run', 'get_stocks_dag', 'GOOG', 'scheduled__2024-01-19T00:00:00+00:00', '--job-id', '305', '--raw', '--subdir', 'DAGS_FOLDER/get_stocks.py', '--cfg-path', '/tmp/tmprl_17nuh', '--error-file', '/tmp/tmprd35kt2q']
[2024-04-02 17:43:06,618] {standard_task_runner.py:80} INFO - Job 305: Subtask GOOG
[2024-04-02 17:43:06,734] {task_command.py:370} INFO - Running <TaskInstance: get_stocks_dag.GOOG scheduled__2024-01-19T00:00:00+00:00 [running]> on host alexmend-virtual-machine
[2024-04-02 17:43:06,853] {taskinstance.py:1569} INFO - Exporting the following env vars:
AIRFLOW_CTX_DAG_OWNER=airflow
AIRFLOW_CTX_DAG_ID=get_stocks_dag
AIRFLOW_CTX_TASK_ID=GOOG
AIRFLOW_CTX_EXECUTION_DATE=2024-01-19T00:00:00+00:00
AIRFLOW_CTX_TRY_NUMBER=1
AIRFLOW_CTX_DAG_RUN_ID=scheduled__2024-01-19T00:00:00+00:00
[2024-04-02 17:43:07,469] {python.py:173} INFO - Done. Returned value was: None
[2024-04-02 17:43:07,489] {taskinstance.py:1395} INFO - Marking task as SUCCESS. dag_id=get_stocks_dag, task_id=GOOG, execution_date=20240119T000000, start_date=20240402T204306, end_date=20240402T204307
[2024-04-02 17:43:07,530] {local_task_job.py:156} INFO - Task exited with return code 0
[2024-04-02 17:43:07,586] {local_task_job.py:273} INFO - 0 downstream tasks scheduled from follow-on schedule check
