[2024-04-02 21:00:21,348] {taskinstance.py:1159} INFO - Dependencies all met for <TaskInstance: get_stocks_dag.TSLA scheduled__2024-04-02T00:00:00+00:00 [queued]>
[2024-04-02 21:00:21,381] {taskinstance.py:1159} INFO - Dependencies all met for <TaskInstance: get_stocks_dag.TSLA scheduled__2024-04-02T00:00:00+00:00 [queued]>
[2024-04-02 21:00:21,382] {taskinstance.py:1356} INFO - 
--------------------------------------------------------------------------------
[2024-04-02 21:00:21,382] {taskinstance.py:1357} INFO - Starting attempt 1 of 1
[2024-04-02 21:00:21,382] {taskinstance.py:1358} INFO - 
--------------------------------------------------------------------------------
[2024-04-02 21:00:21,415] {taskinstance.py:1377} INFO - Executing <Task(_PythonDecoratedOperator): TSLA> on 2024-04-02 00:00:00+00:00
[2024-04-02 21:00:21,440] {standard_task_runner.py:52} INFO - Started process 33463 to run task
[2024-04-02 21:00:21,460] {standard_task_runner.py:79} INFO - Running: ['airflow', 'tasks', 'run', 'get_stocks_dag', 'TSLA', 'scheduled__2024-04-02T00:00:00+00:00', '--job-id', '715', '--raw', '--subdir', 'DAGS_FOLDER/get_stocks.py', '--cfg-path', '/tmp/tmpb0ksjpdm', '--error-file', '/tmp/tmps2o32ans']
[2024-04-02 21:00:21,468] {standard_task_runner.py:80} INFO - Job 715: Subtask TSLA
[2024-04-02 21:00:21,620] {task_command.py:370} INFO - Running <TaskInstance: get_stocks_dag.TSLA scheduled__2024-04-02T00:00:00+00:00 [running]> on host alexmend-virtual-machine
[2024-04-02 21:00:21,831] {taskinstance.py:1569} INFO - Exporting the following env vars:
AIRFLOW_CTX_DAG_OWNER=airflow
AIRFLOW_CTX_DAG_ID=get_stocks_dag
AIRFLOW_CTX_TASK_ID=TSLA
AIRFLOW_CTX_EXECUTION_DATE=2024-04-02T00:00:00+00:00
AIRFLOW_CTX_TRY_NUMBER=1
AIRFLOW_CTX_DAG_RUN_ID=scheduled__2024-04-02T00:00:00+00:00
[2024-04-02 21:00:22,471] {python.py:173} INFO - Done. Returned value was: None
[2024-04-02 21:00:22,509] {taskinstance.py:1395} INFO - Marking task as SUCCESS. dag_id=get_stocks_dag, task_id=TSLA, execution_date=20240402T000000, start_date=20240403T000021, end_date=20240403T000022
[2024-04-02 21:00:22,575] {local_task_job.py:156} INFO - Task exited with return code 0
[2024-04-02 21:00:22,720] {local_task_job.py:273} INFO - 0 downstream tasks scheduled from follow-on schedule check
[2024-04-02 21:57:52,336] {taskinstance.py:1159} INFO - Dependencies all met for <TaskInstance: get_stocks_dag.TSLA scheduled__2024-04-02T00:00:00+00:00 [queued]>
[2024-04-02 21:57:52,354] {taskinstance.py:1159} INFO - Dependencies all met for <TaskInstance: get_stocks_dag.TSLA scheduled__2024-04-02T00:00:00+00:00 [queued]>
[2024-04-02 21:57:52,354] {taskinstance.py:1356} INFO - 
--------------------------------------------------------------------------------
[2024-04-02 21:57:52,354] {taskinstance.py:1357} INFO - Starting attempt 1 of 1
[2024-04-02 21:57:52,354] {taskinstance.py:1358} INFO - 
--------------------------------------------------------------------------------
[2024-04-02 21:57:52,378] {taskinstance.py:1377} INFO - Executing <Task(_PythonDecoratedOperator): TSLA> on 2024-04-02 00:00:00+00:00
[2024-04-02 21:57:52,388] {standard_task_runner.py:52} INFO - Started process 56371 to run task
[2024-04-02 21:57:52,397] {standard_task_runner.py:79} INFO - Running: ['airflow', 'tasks', 'run', 'get_stocks_dag', 'TSLA', 'scheduled__2024-04-02T00:00:00+00:00', '--job-id', '906', '--raw', '--subdir', 'DAGS_FOLDER/get_stocks.py', '--cfg-path', '/tmp/tmpo4h_nwcr', '--error-file', '/tmp/tmpoctus_et']
[2024-04-02 21:57:52,400] {standard_task_runner.py:80} INFO - Job 906: Subtask TSLA
[2024-04-02 21:57:52,632] {task_command.py:370} INFO - Running <TaskInstance: get_stocks_dag.TSLA scheduled__2024-04-02T00:00:00+00:00 [running]> on host alexmend-virtual-machine
[2024-04-02 21:57:52,957] {taskinstance.py:1569} INFO - Exporting the following env vars:
AIRFLOW_CTX_DAG_OWNER=airflow
AIRFLOW_CTX_DAG_ID=get_stocks_dag
AIRFLOW_CTX_TASK_ID=TSLA
AIRFLOW_CTX_EXECUTION_DATE=2024-04-02T00:00:00+00:00
AIRFLOW_CTX_TRY_NUMBER=1
AIRFLOW_CTX_DAG_RUN_ID=scheduled__2024-04-02T00:00:00+00:00
[2024-04-02 21:58:03,830] {python.py:173} INFO - Done. Returned value was: None
[2024-04-02 21:58:03,877] {taskinstance.py:1395} INFO - Marking task as SUCCESS. dag_id=get_stocks_dag, task_id=TSLA, execution_date=20240402T000000, start_date=20240403T005752, end_date=20240403T005803
[2024-04-02 21:58:03,979] {local_task_job.py:156} INFO - Task exited with return code 0
[2024-04-02 21:58:04,061] {local_task_job.py:273} INFO - 0 downstream tasks scheduled from follow-on schedule check
[2024-04-02 23:21:38,596] {taskinstance.py:1159} INFO - Dependencies all met for <TaskInstance: get_stocks_dag.TSLA scheduled__2024-04-02T00:00:00+00:00 [queued]>
[2024-04-02 23:21:38,626] {taskinstance.py:1159} INFO - Dependencies all met for <TaskInstance: get_stocks_dag.TSLA scheduled__2024-04-02T00:00:00+00:00 [queued]>
[2024-04-02 23:21:38,626] {taskinstance.py:1356} INFO - 
--------------------------------------------------------------------------------
[2024-04-02 23:21:38,627] {taskinstance.py:1357} INFO - Starting attempt 1 of 1
[2024-04-02 23:21:38,627] {taskinstance.py:1358} INFO - 
--------------------------------------------------------------------------------
[2024-04-02 23:21:38,649] {taskinstance.py:1377} INFO - Executing <Task(_PythonDecoratedOperator): TSLA> on 2024-04-02 00:00:00+00:00
[2024-04-02 23:21:38,661] {standard_task_runner.py:52} INFO - Started process 87802 to run task
[2024-04-02 23:21:38,671] {standard_task_runner.py:79} INFO - Running: ['airflow', 'tasks', 'run', 'get_stocks_dag', 'TSLA', 'scheduled__2024-04-02T00:00:00+00:00', '--job-id', '1216', '--raw', '--subdir', 'DAGS_FOLDER/get_stocks.py', '--cfg-path', '/tmp/tmp1bpu2rq5', '--error-file', '/tmp/tmpwtt5ie7y']
[2024-04-02 23:21:38,675] {standard_task_runner.py:80} INFO - Job 1216: Subtask TSLA
[2024-04-02 23:21:38,816] {task_command.py:370} INFO - Running <TaskInstance: get_stocks_dag.TSLA scheduled__2024-04-02T00:00:00+00:00 [running]> on host alexmend-virtual-machine
[2024-04-02 23:21:38,984] {taskinstance.py:1569} INFO - Exporting the following env vars:
AIRFLOW_CTX_DAG_OWNER=airflow
AIRFLOW_CTX_DAG_ID=get_stocks_dag
AIRFLOW_CTX_TASK_ID=TSLA
AIRFLOW_CTX_EXECUTION_DATE=2024-04-02T00:00:00+00:00
AIRFLOW_CTX_TRY_NUMBER=1
AIRFLOW_CTX_DAG_RUN_ID=scheduled__2024-04-02T00:00:00+00:00
[2024-04-02 23:21:49,675] {python.py:173} INFO - Done. Returned value was: None
[2024-04-02 23:21:49,708] {taskinstance.py:1395} INFO - Marking task as SUCCESS. dag_id=get_stocks_dag, task_id=TSLA, execution_date=20240402T000000, start_date=20240403T022138, end_date=20240403T022149
[2024-04-02 23:21:49,761] {local_task_job.py:156} INFO - Task exited with return code 0
[2024-04-02 23:21:49,841] {local_task_job.py:273} INFO - 0 downstream tasks scheduled from follow-on schedule check
