[2024-04-02 13:09:56,859] {taskinstance.py:1159} INFO - Dependencies all met for <TaskInstance: get_stocks_dag.MSFT scheduled__2024-03-07T00:00:00+00:00 [queued]>
[2024-04-02 13:09:56,868] {taskinstance.py:1159} INFO - Dependencies all met for <TaskInstance: get_stocks_dag.MSFT scheduled__2024-03-07T00:00:00+00:00 [queued]>
[2024-04-02 13:09:56,868] {taskinstance.py:1356} INFO - 
--------------------------------------------------------------------------------
[2024-04-02 13:09:56,869] {taskinstance.py:1357} INFO - Starting attempt 1 of 1
[2024-04-02 13:09:56,869] {taskinstance.py:1358} INFO - 
--------------------------------------------------------------------------------
[2024-04-02 13:09:56,889] {taskinstance.py:1377} INFO - Executing <Task(_PythonDecoratedOperator): MSFT> on 2024-03-07 00:00:00+00:00
[2024-04-02 13:09:56,895] {standard_task_runner.py:52} INFO - Started process 12367 to run task
[2024-04-02 13:09:56,900] {standard_task_runner.py:79} INFO - Running: ['airflow', 'tasks', 'run', 'get_stocks_dag', 'MSFT', 'scheduled__2024-03-07T00:00:00+00:00', '--job-id', '196', '--raw', '--subdir', 'DAGS_FOLDER/get_stocks.py', '--cfg-path', '/tmp/tmpci27nhhs', '--error-file', '/tmp/tmpzxvo5ppj']
[2024-04-02 13:09:56,901] {standard_task_runner.py:80} INFO - Job 196: Subtask MSFT
[2024-04-02 13:09:56,966] {task_command.py:370} INFO - Running <TaskInstance: get_stocks_dag.MSFT scheduled__2024-03-07T00:00:00+00:00 [running]> on host alexmend-virtual-machine
[2024-04-02 13:09:57,042] {taskinstance.py:1569} INFO - Exporting the following env vars:
AIRFLOW_CTX_DAG_OWNER=airflow
AIRFLOW_CTX_DAG_ID=get_stocks_dag
AIRFLOW_CTX_TASK_ID=MSFT
AIRFLOW_CTX_EXECUTION_DATE=2024-03-07T00:00:00+00:00
AIRFLOW_CTX_TRY_NUMBER=1
AIRFLOW_CTX_DAG_RUN_ID=scheduled__2024-03-07T00:00:00+00:00
[2024-04-02 13:09:57,797] {python.py:173} INFO - Done. Returned value was: None
[2024-04-02 13:09:57,811] {taskinstance.py:1395} INFO - Marking task as SUCCESS. dag_id=get_stocks_dag, task_id=MSFT, execution_date=20240307T000000, start_date=20240402T160956, end_date=20240402T160957
[2024-04-02 13:09:57,837] {local_task_job.py:156} INFO - Task exited with return code 0
[2024-04-02 13:09:57,869] {local_task_job.py:273} INFO - 0 downstream tasks scheduled from follow-on schedule check
[2024-04-02 17:19:29,047] {taskinstance.py:1159} INFO - Dependencies all met for <TaskInstance: get_stocks_dag.MSFT scheduled__2024-03-07T00:00:00+00:00 [queued]>
[2024-04-02 17:19:29,110] {taskinstance.py:1159} INFO - Dependencies all met for <TaskInstance: get_stocks_dag.MSFT scheduled__2024-03-07T00:00:00+00:00 [queued]>
[2024-04-02 17:19:29,111] {taskinstance.py:1356} INFO - 
--------------------------------------------------------------------------------
[2024-04-02 17:19:29,111] {taskinstance.py:1357} INFO - Starting attempt 1 of 1
[2024-04-02 17:19:29,111] {taskinstance.py:1358} INFO - 
--------------------------------------------------------------------------------
[2024-04-02 17:19:29,168] {taskinstance.py:1377} INFO - Executing <Task(_PythonDecoratedOperator): MSFT> on 2024-03-07 00:00:00+00:00
[2024-04-02 17:19:29,179] {standard_task_runner.py:52} INFO - Started process 8206 to run task
[2024-04-02 17:19:29,199] {standard_task_runner.py:79} INFO - Running: ['airflow', 'tasks', 'run', 'get_stocks_dag', 'MSFT', 'scheduled__2024-03-07T00:00:00+00:00', '--job-id', '177', '--raw', '--subdir', 'DAGS_FOLDER/get_stocks.py', '--cfg-path', '/tmp/tmplqq304m5', '--error-file', '/tmp/tmpmhbgi3xk']
[2024-04-02 17:19:29,201] {standard_task_runner.py:80} INFO - Job 177: Subtask MSFT
[2024-04-02 17:19:29,579] {task_command.py:370} INFO - Running <TaskInstance: get_stocks_dag.MSFT scheduled__2024-03-07T00:00:00+00:00 [running]> on host alexmend-virtual-machine
[2024-04-02 17:19:30,081] {taskinstance.py:1569} INFO - Exporting the following env vars:
AIRFLOW_CTX_DAG_OWNER=airflow
AIRFLOW_CTX_DAG_ID=get_stocks_dag
AIRFLOW_CTX_TASK_ID=MSFT
AIRFLOW_CTX_EXECUTION_DATE=2024-03-07T00:00:00+00:00
AIRFLOW_CTX_TRY_NUMBER=1
AIRFLOW_CTX_DAG_RUN_ID=scheduled__2024-03-07T00:00:00+00:00
[2024-04-02 17:19:31,452] {python.py:173} INFO - Done. Returned value was: None
[2024-04-02 17:19:31,544] {taskinstance.py:1395} INFO - Marking task as SUCCESS. dag_id=get_stocks_dag, task_id=MSFT, execution_date=20240307T000000, start_date=20240402T201929, end_date=20240402T201931
[2024-04-02 17:19:31,634] {local_task_job.py:156} INFO - Task exited with return code 0
[2024-04-02 17:19:31,824] {local_task_job.py:273} INFO - 0 downstream tasks scheduled from follow-on schedule check
[2024-04-02 17:46:13,478] {taskinstance.py:1159} INFO - Dependencies all met for <TaskInstance: get_stocks_dag.MSFT scheduled__2024-03-07T00:00:00+00:00 [queued]>
[2024-04-02 17:46:13,491] {taskinstance.py:1159} INFO - Dependencies all met for <TaskInstance: get_stocks_dag.MSFT scheduled__2024-03-07T00:00:00+00:00 [queued]>
[2024-04-02 17:46:13,491] {taskinstance.py:1356} INFO - 
--------------------------------------------------------------------------------
[2024-04-02 17:46:13,491] {taskinstance.py:1357} INFO - Starting attempt 1 of 1
[2024-04-02 17:46:13,491] {taskinstance.py:1358} INFO - 
--------------------------------------------------------------------------------
[2024-04-02 17:46:13,504] {taskinstance.py:1377} INFO - Executing <Task(_PythonDecoratedOperator): MSFT> on 2024-03-07 00:00:00+00:00
[2024-04-02 17:46:13,511] {standard_task_runner.py:52} INFO - Started process 23333 to run task
[2024-04-02 17:46:13,519] {standard_task_runner.py:79} INFO - Running: ['airflow', 'tasks', 'run', 'get_stocks_dag', 'MSFT', 'scheduled__2024-03-07T00:00:00+00:00', '--job-id', '440', '--raw', '--subdir', 'DAGS_FOLDER/get_stocks.py', '--cfg-path', '/tmp/tmp2rqqzuci', '--error-file', '/tmp/tmpjkx3xyx6']
[2024-04-02 17:46:13,520] {standard_task_runner.py:80} INFO - Job 440: Subtask MSFT
[2024-04-02 17:46:13,644] {task_command.py:370} INFO - Running <TaskInstance: get_stocks_dag.MSFT scheduled__2024-03-07T00:00:00+00:00 [running]> on host alexmend-virtual-machine
[2024-04-02 17:46:13,763] {taskinstance.py:1569} INFO - Exporting the following env vars:
AIRFLOW_CTX_DAG_OWNER=airflow
AIRFLOW_CTX_DAG_ID=get_stocks_dag
AIRFLOW_CTX_TASK_ID=MSFT
AIRFLOW_CTX_EXECUTION_DATE=2024-03-07T00:00:00+00:00
AIRFLOW_CTX_TRY_NUMBER=1
AIRFLOW_CTX_DAG_RUN_ID=scheduled__2024-03-07T00:00:00+00:00
[2024-04-02 17:46:14,466] {python.py:173} INFO - Done. Returned value was: None
[2024-04-02 17:46:14,488] {taskinstance.py:1395} INFO - Marking task as SUCCESS. dag_id=get_stocks_dag, task_id=MSFT, execution_date=20240307T000000, start_date=20240402T204613, end_date=20240402T204614
[2024-04-02 17:46:14,544] {local_task_job.py:156} INFO - Task exited with return code 0
[2024-04-02 17:46:14,627] {local_task_job.py:273} INFO - 0 downstream tasks scheduled from follow-on schedule check
[2024-04-02 19:15:04,257] {taskinstance.py:1159} INFO - Dependencies all met for <TaskInstance: get_stocks_dag.MSFT scheduled__2024-03-07T00:00:00+00:00 [queued]>
[2024-04-02 19:15:04,279] {taskinstance.py:1159} INFO - Dependencies all met for <TaskInstance: get_stocks_dag.MSFT scheduled__2024-03-07T00:00:00+00:00 [queued]>
[2024-04-02 19:15:04,279] {taskinstance.py:1356} INFO - 
--------------------------------------------------------------------------------
[2024-04-02 19:15:04,279] {taskinstance.py:1357} INFO - Starting attempt 1 of 1
[2024-04-02 19:15:04,279] {taskinstance.py:1358} INFO - 
--------------------------------------------------------------------------------
[2024-04-02 19:15:04,325] {taskinstance.py:1377} INFO - Executing <Task(_PythonDecoratedOperator): MSFT> on 2024-03-07 00:00:00+00:00
[2024-04-02 19:15:04,336] {standard_task_runner.py:52} INFO - Started process 14281 to run task
[2024-04-02 19:15:04,348] {standard_task_runner.py:79} INFO - Running: ['airflow', 'tasks', 'run', 'get_stocks_dag', 'MSFT', 'scheduled__2024-03-07T00:00:00+00:00', '--job-id', '541', '--raw', '--subdir', 'DAGS_FOLDER/get_stocks.py', '--cfg-path', '/tmp/tmpq8srk9x4', '--error-file', '/tmp/tmpi323915z']
[2024-04-02 19:15:04,350] {standard_task_runner.py:80} INFO - Job 541: Subtask MSFT
[2024-04-02 19:15:04,509] {task_command.py:370} INFO - Running <TaskInstance: get_stocks_dag.MSFT scheduled__2024-03-07T00:00:00+00:00 [running]> on host alexmend-virtual-machine
[2024-04-02 19:15:04,710] {taskinstance.py:1569} INFO - Exporting the following env vars:
AIRFLOW_CTX_DAG_OWNER=airflow
AIRFLOW_CTX_DAG_ID=get_stocks_dag
AIRFLOW_CTX_TASK_ID=MSFT
AIRFLOW_CTX_EXECUTION_DATE=2024-03-07T00:00:00+00:00
AIRFLOW_CTX_TRY_NUMBER=1
AIRFLOW_CTX_DAG_RUN_ID=scheduled__2024-03-07T00:00:00+00:00
[2024-04-02 19:15:05,424] {python.py:173} INFO - Done. Returned value was: None
[2024-04-02 19:15:05,450] {taskinstance.py:1395} INFO - Marking task as SUCCESS. dag_id=get_stocks_dag, task_id=MSFT, execution_date=20240307T000000, start_date=20240402T221504, end_date=20240402T221505
[2024-04-02 19:15:05,500] {local_task_job.py:156} INFO - Task exited with return code 0
[2024-04-02 19:15:05,605] {local_task_job.py:273} INFO - 0 downstream tasks scheduled from follow-on schedule check
[2024-04-02 20:38:45,456] {taskinstance.py:1159} INFO - Dependencies all met for <TaskInstance: get_stocks_dag.MSFT scheduled__2024-03-07T00:00:00+00:00 [queued]>
[2024-04-02 20:38:45,474] {taskinstance.py:1159} INFO - Dependencies all met for <TaskInstance: get_stocks_dag.MSFT scheduled__2024-03-07T00:00:00+00:00 [queued]>
[2024-04-02 20:38:45,475] {taskinstance.py:1356} INFO - 
--------------------------------------------------------------------------------
[2024-04-02 20:38:45,475] {taskinstance.py:1357} INFO - Starting attempt 1 of 1
[2024-04-02 20:38:45,475] {taskinstance.py:1358} INFO - 
--------------------------------------------------------------------------------
[2024-04-02 20:38:45,503] {taskinstance.py:1377} INFO - Executing <Task(_PythonDecoratedOperator): MSFT> on 2024-03-07 00:00:00+00:00
[2024-04-02 20:38:45,512] {standard_task_runner.py:52} INFO - Started process 25588 to run task
[2024-04-02 20:38:45,526] {standard_task_runner.py:79} INFO - Running: ['airflow', 'tasks', 'run', 'get_stocks_dag', 'MSFT', 'scheduled__2024-03-07T00:00:00+00:00', '--job-id', '642', '--raw', '--subdir', 'DAGS_FOLDER/get_stocks.py', '--cfg-path', '/tmp/tmpbdjg9fux', '--error-file', '/tmp/tmp7rd75j5o']
[2024-04-02 20:38:45,529] {standard_task_runner.py:80} INFO - Job 642: Subtask MSFT
[2024-04-02 20:38:45,715] {task_command.py:370} INFO - Running <TaskInstance: get_stocks_dag.MSFT scheduled__2024-03-07T00:00:00+00:00 [running]> on host alexmend-virtual-machine
[2024-04-02 20:38:45,917] {taskinstance.py:1569} INFO - Exporting the following env vars:
AIRFLOW_CTX_DAG_OWNER=airflow
AIRFLOW_CTX_DAG_ID=get_stocks_dag
AIRFLOW_CTX_TASK_ID=MSFT
AIRFLOW_CTX_EXECUTION_DATE=2024-03-07T00:00:00+00:00
AIRFLOW_CTX_TRY_NUMBER=1
AIRFLOW_CTX_DAG_RUN_ID=scheduled__2024-03-07T00:00:00+00:00
[2024-04-02 20:38:46,596] {python.py:173} INFO - Done. Returned value was: None
[2024-04-02 20:38:46,635] {taskinstance.py:1395} INFO - Marking task as SUCCESS. dag_id=get_stocks_dag, task_id=MSFT, execution_date=20240307T000000, start_date=20240402T233845, end_date=20240402T233846
[2024-04-02 20:38:46,692] {local_task_job.py:156} INFO - Task exited with return code 0
[2024-04-02 20:38:46,753] {local_task_job.py:273} INFO - 0 downstream tasks scheduled from follow-on schedule check
[2024-04-02 21:47:31,191] {taskinstance.py:1159} INFO - Dependencies all met for <TaskInstance: get_stocks_dag.MSFT scheduled__2024-03-07T00:00:00+00:00 [queued]>
[2024-04-02 21:47:31,239] {taskinstance.py:1159} INFO - Dependencies all met for <TaskInstance: get_stocks_dag.MSFT scheduled__2024-03-07T00:00:00+00:00 [queued]>
[2024-04-02 21:47:31,240] {taskinstance.py:1356} INFO - 
--------------------------------------------------------------------------------
[2024-04-02 21:47:31,240] {taskinstance.py:1357} INFO - Starting attempt 1 of 1
[2024-04-02 21:47:31,240] {taskinstance.py:1358} INFO - 
--------------------------------------------------------------------------------
[2024-04-02 21:47:31,315] {taskinstance.py:1377} INFO - Executing <Task(_PythonDecoratedOperator): MSFT> on 2024-03-07 00:00:00+00:00
[2024-04-02 21:47:31,331] {standard_task_runner.py:52} INFO - Started process 49007 to run task
[2024-04-02 21:47:31,349] {standard_task_runner.py:79} INFO - Running: ['airflow', 'tasks', 'run', 'get_stocks_dag', 'MSFT', 'scheduled__2024-03-07T00:00:00+00:00', '--job-id', '775', '--raw', '--subdir', 'DAGS_FOLDER/get_stocks.py', '--cfg-path', '/tmp/tmpmg4ay8ee', '--error-file', '/tmp/tmpsxjibf9_']
[2024-04-02 21:47:31,351] {standard_task_runner.py:80} INFO - Job 775: Subtask MSFT
[2024-04-02 21:47:31,549] {task_command.py:370} INFO - Running <TaskInstance: get_stocks_dag.MSFT scheduled__2024-03-07T00:00:00+00:00 [running]> on host alexmend-virtual-machine
[2024-04-02 21:47:31,774] {taskinstance.py:1569} INFO - Exporting the following env vars:
AIRFLOW_CTX_DAG_OWNER=airflow
AIRFLOW_CTX_DAG_ID=get_stocks_dag
AIRFLOW_CTX_TASK_ID=MSFT
AIRFLOW_CTX_EXECUTION_DATE=2024-03-07T00:00:00+00:00
AIRFLOW_CTX_TRY_NUMBER=1
AIRFLOW_CTX_DAG_RUN_ID=scheduled__2024-03-07T00:00:00+00:00
[2024-04-02 21:47:42,605] {python.py:173} INFO - Done. Returned value was: None
[2024-04-02 21:47:42,728] {taskinstance.py:1395} INFO - Marking task as SUCCESS. dag_id=get_stocks_dag, task_id=MSFT, execution_date=20240307T000000, start_date=20240403T004731, end_date=20240403T004742
[2024-04-02 21:47:42,962] {local_task_job.py:156} INFO - Task exited with return code 0
[2024-04-02 21:47:43,215] {local_task_job.py:273} INFO - 0 downstream tasks scheduled from follow-on schedule check
[2024-04-02 22:56:12,457] {taskinstance.py:1159} INFO - Dependencies all met for <TaskInstance: get_stocks_dag.MSFT scheduled__2024-03-07T00:00:00+00:00 [queued]>
[2024-04-02 22:56:12,602] {taskinstance.py:1159} INFO - Dependencies all met for <TaskInstance: get_stocks_dag.MSFT scheduled__2024-03-07T00:00:00+00:00 [queued]>
[2024-04-02 22:56:12,602] {taskinstance.py:1356} INFO - 
--------------------------------------------------------------------------------
[2024-04-02 22:56:12,603] {taskinstance.py:1357} INFO - Starting attempt 1 of 1
[2024-04-02 22:56:12,604] {taskinstance.py:1358} INFO - 
--------------------------------------------------------------------------------
[2024-04-02 22:56:12,824] {taskinstance.py:1377} INFO - Executing <Task(_PythonDecoratedOperator): MSFT> on 2024-03-07 00:00:00+00:00
[2024-04-02 22:56:12,861] {standard_task_runner.py:52} INFO - Started process 74071 to run task
[2024-04-02 22:56:12,924] {standard_task_runner.py:79} INFO - Running: ['airflow', 'tasks', 'run', 'get_stocks_dag', 'MSFT', 'scheduled__2024-03-07T00:00:00+00:00', '--job-id', '1038', '--raw', '--subdir', 'DAGS_FOLDER/get_stocks.py', '--cfg-path', '/tmp/tmphrs9vqup', '--error-file', '/tmp/tmpr6n0cmsv']
[2024-04-02 22:56:12,935] {standard_task_runner.py:80} INFO - Job 1038: Subtask MSFT
[2024-04-02 22:56:13,440] {task_command.py:370} INFO - Running <TaskInstance: get_stocks_dag.MSFT scheduled__2024-03-07T00:00:00+00:00 [running]> on host alexmend-virtual-machine
[2024-04-02 22:56:13,962] {taskinstance.py:1569} INFO - Exporting the following env vars:
AIRFLOW_CTX_DAG_OWNER=airflow
AIRFLOW_CTX_DAG_ID=get_stocks_dag
AIRFLOW_CTX_TASK_ID=MSFT
AIRFLOW_CTX_EXECUTION_DATE=2024-03-07T00:00:00+00:00
AIRFLOW_CTX_TRY_NUMBER=1
AIRFLOW_CTX_DAG_RUN_ID=scheduled__2024-03-07T00:00:00+00:00
[2024-04-02 22:56:25,444] {python.py:173} INFO - Done. Returned value was: None
[2024-04-02 22:56:25,601] {taskinstance.py:1395} INFO - Marking task as SUCCESS. dag_id=get_stocks_dag, task_id=MSFT, execution_date=20240307T000000, start_date=20240403T015612, end_date=20240403T015625
[2024-04-02 22:56:25,828] {local_task_job.py:156} INFO - Task exited with return code 0
[2024-04-02 22:56:27,141] {local_task_job.py:273} INFO - 0 downstream tasks scheduled from follow-on schedule check
