[2024-04-02 13:10:32,033] {taskinstance.py:1159} INFO - Dependencies all met for <TaskInstance: get_stocks_dag.GOOG scheduled__2024-03-09T00:00:00+00:00 [queued]>
[2024-04-02 13:10:32,040] {taskinstance.py:1159} INFO - Dependencies all met for <TaskInstance: get_stocks_dag.GOOG scheduled__2024-03-09T00:00:00+00:00 [queued]>
[2024-04-02 13:10:32,041] {taskinstance.py:1356} INFO - 
--------------------------------------------------------------------------------
[2024-04-02 13:10:32,041] {taskinstance.py:1357} INFO - Starting attempt 1 of 1
[2024-04-02 13:10:32,041] {taskinstance.py:1358} INFO - 
--------------------------------------------------------------------------------
[2024-04-02 13:10:32,083] {taskinstance.py:1377} INFO - Executing <Task(_PythonDecoratedOperator): GOOG> on 2024-03-09 00:00:00+00:00
[2024-04-02 13:10:32,089] {standard_task_runner.py:52} INFO - Started process 12570 to run task
[2024-04-02 13:10:32,094] {standard_task_runner.py:79} INFO - Running: ['airflow', 'tasks', 'run', 'get_stocks_dag', 'GOOG', 'scheduled__2024-03-09T00:00:00+00:00', '--job-id', '205', '--raw', '--subdir', 'DAGS_FOLDER/get_stocks.py', '--cfg-path', '/tmp/tmplth83jmr', '--error-file', '/tmp/tmpikbpowxd']
[2024-04-02 13:10:32,096] {standard_task_runner.py:80} INFO - Job 205: Subtask GOOG
[2024-04-02 13:10:32,159] {task_command.py:370} INFO - Running <TaskInstance: get_stocks_dag.GOOG scheduled__2024-03-09T00:00:00+00:00 [running]> on host alexmend-virtual-machine
[2024-04-02 13:10:32,240] {taskinstance.py:1569} INFO - Exporting the following env vars:
AIRFLOW_CTX_DAG_OWNER=airflow
AIRFLOW_CTX_DAG_ID=get_stocks_dag
AIRFLOW_CTX_TASK_ID=GOOG
AIRFLOW_CTX_EXECUTION_DATE=2024-03-09T00:00:00+00:00
AIRFLOW_CTX_TRY_NUMBER=1
AIRFLOW_CTX_DAG_RUN_ID=scheduled__2024-03-09T00:00:00+00:00
[2024-04-02 13:10:33,005] {python.py:173} INFO - Done. Returned value was: None
[2024-04-02 13:10:33,023] {taskinstance.py:1395} INFO - Marking task as SUCCESS. dag_id=get_stocks_dag, task_id=GOOG, execution_date=20240309T000000, start_date=20240402T161032, end_date=20240402T161033
[2024-04-02 13:10:33,081] {local_task_job.py:156} INFO - Task exited with return code 0
[2024-04-02 13:10:33,109] {local_task_job.py:273} INFO - 0 downstream tasks scheduled from follow-on schedule check
[2024-04-02 17:19:40,502] {taskinstance.py:1159} INFO - Dependencies all met for <TaskInstance: get_stocks_dag.GOOG scheduled__2024-03-09T00:00:00+00:00 [queued]>
[2024-04-02 17:19:40,533] {taskinstance.py:1159} INFO - Dependencies all met for <TaskInstance: get_stocks_dag.GOOG scheduled__2024-03-09T00:00:00+00:00 [queued]>
[2024-04-02 17:19:40,533] {taskinstance.py:1356} INFO - 
--------------------------------------------------------------------------------
[2024-04-02 17:19:40,534] {taskinstance.py:1357} INFO - Starting attempt 1 of 1
[2024-04-02 17:19:40,534] {taskinstance.py:1358} INFO - 
--------------------------------------------------------------------------------
[2024-04-02 17:19:40,612] {taskinstance.py:1377} INFO - Executing <Task(_PythonDecoratedOperator): GOOG> on 2024-03-09 00:00:00+00:00
[2024-04-02 17:19:40,694] {standard_task_runner.py:79} INFO - Running: ['airflow', 'tasks', 'run', 'get_stocks_dag', 'GOOG', 'scheduled__2024-03-09T00:00:00+00:00', '--job-id', '187', '--raw', '--subdir', 'DAGS_FOLDER/get_stocks.py', '--cfg-path', '/tmp/tmpgokh97zf', '--error-file', '/tmp/tmpt_0wvmh6']
[2024-04-02 17:19:40,699] {standard_task_runner.py:80} INFO - Job 187: Subtask GOOG
[2024-04-02 17:19:40,659] {standard_task_runner.py:52} INFO - Started process 8539 to run task
[2024-04-02 17:19:41,123] {task_command.py:370} INFO - Running <TaskInstance: get_stocks_dag.GOOG scheduled__2024-03-09T00:00:00+00:00 [running]> on host alexmend-virtual-machine
[2024-04-02 17:19:41,748] {taskinstance.py:1569} INFO - Exporting the following env vars:
AIRFLOW_CTX_DAG_OWNER=airflow
AIRFLOW_CTX_DAG_ID=get_stocks_dag
AIRFLOW_CTX_TASK_ID=GOOG
AIRFLOW_CTX_EXECUTION_DATE=2024-03-09T00:00:00+00:00
AIRFLOW_CTX_TRY_NUMBER=1
AIRFLOW_CTX_DAG_RUN_ID=scheduled__2024-03-09T00:00:00+00:00
[2024-04-02 17:19:43,558] {python.py:173} INFO - Done. Returned value was: None
[2024-04-02 17:19:43,696] {taskinstance.py:1395} INFO - Marking task as SUCCESS. dag_id=get_stocks_dag, task_id=GOOG, execution_date=20240309T000000, start_date=20240402T201940, end_date=20240402T201943
[2024-04-02 17:19:43,874] {local_task_job.py:156} INFO - Task exited with return code 0
[2024-04-02 17:19:44,292] {local_task_job.py:273} INFO - 0 downstream tasks scheduled from follow-on schedule check
[2024-04-02 17:46:23,889] {taskinstance.py:1159} INFO - Dependencies all met for <TaskInstance: get_stocks_dag.GOOG scheduled__2024-03-09T00:00:00+00:00 [queued]>
[2024-04-02 17:46:23,914] {taskinstance.py:1159} INFO - Dependencies all met for <TaskInstance: get_stocks_dag.GOOG scheduled__2024-03-09T00:00:00+00:00 [queued]>
[2024-04-02 17:46:23,915] {taskinstance.py:1356} INFO - 
--------------------------------------------------------------------------------
[2024-04-02 17:46:23,915] {taskinstance.py:1357} INFO - Starting attempt 1 of 1
[2024-04-02 17:46:23,915] {taskinstance.py:1358} INFO - 
--------------------------------------------------------------------------------
[2024-04-02 17:46:23,950] {taskinstance.py:1377} INFO - Executing <Task(_PythonDecoratedOperator): GOOG> on 2024-03-09 00:00:00+00:00
[2024-04-02 17:46:23,958] {standard_task_runner.py:52} INFO - Started process 23507 to run task
[2024-04-02 17:46:23,977] {standard_task_runner.py:79} INFO - Running: ['airflow', 'tasks', 'run', 'get_stocks_dag', 'GOOG', 'scheduled__2024-03-09T00:00:00+00:00', '--job-id', '449', '--raw', '--subdir', 'DAGS_FOLDER/get_stocks.py', '--cfg-path', '/tmp/tmppa8rcdi8', '--error-file', '/tmp/tmp46tl7si7']
[2024-04-02 17:46:23,979] {standard_task_runner.py:80} INFO - Job 449: Subtask GOOG
[2024-04-02 17:46:24,148] {task_command.py:370} INFO - Running <TaskInstance: get_stocks_dag.GOOG scheduled__2024-03-09T00:00:00+00:00 [running]> on host alexmend-virtual-machine
[2024-04-02 17:46:24,293] {taskinstance.py:1569} INFO - Exporting the following env vars:
AIRFLOW_CTX_DAG_OWNER=airflow
AIRFLOW_CTX_DAG_ID=get_stocks_dag
AIRFLOW_CTX_TASK_ID=GOOG
AIRFLOW_CTX_EXECUTION_DATE=2024-03-09T00:00:00+00:00
AIRFLOW_CTX_TRY_NUMBER=1
AIRFLOW_CTX_DAG_RUN_ID=scheduled__2024-03-09T00:00:00+00:00
[2024-04-02 17:46:24,986] {python.py:173} INFO - Done. Returned value was: None
[2024-04-02 17:46:25,008] {taskinstance.py:1395} INFO - Marking task as SUCCESS. dag_id=get_stocks_dag, task_id=GOOG, execution_date=20240309T000000, start_date=20240402T204623, end_date=20240402T204625
[2024-04-02 17:46:25,043] {local_task_job.py:156} INFO - Task exited with return code 0
[2024-04-02 17:46:25,106] {local_task_job.py:273} INFO - 0 downstream tasks scheduled from follow-on schedule check
[2024-04-02 19:15:21,195] {taskinstance.py:1159} INFO - Dependencies all met for <TaskInstance: get_stocks_dag.GOOG scheduled__2024-03-09T00:00:00+00:00 [queued]>
[2024-04-02 19:15:21,217] {taskinstance.py:1159} INFO - Dependencies all met for <TaskInstance: get_stocks_dag.GOOG scheduled__2024-03-09T00:00:00+00:00 [queued]>
[2024-04-02 19:15:21,217] {taskinstance.py:1356} INFO - 
--------------------------------------------------------------------------------
[2024-04-02 19:15:21,217] {taskinstance.py:1357} INFO - Starting attempt 1 of 1
[2024-04-02 19:15:21,217] {taskinstance.py:1358} INFO - 
--------------------------------------------------------------------------------
[2024-04-02 19:15:21,245] {taskinstance.py:1377} INFO - Executing <Task(_PythonDecoratedOperator): GOOG> on 2024-03-09 00:00:00+00:00
[2024-04-02 19:15:21,253] {standard_task_runner.py:52} INFO - Started process 14599 to run task
[2024-04-02 19:15:21,259] {standard_task_runner.py:79} INFO - Running: ['airflow', 'tasks', 'run', 'get_stocks_dag', 'GOOG', 'scheduled__2024-03-09T00:00:00+00:00', '--job-id', '549', '--raw', '--subdir', 'DAGS_FOLDER/get_stocks.py', '--cfg-path', '/tmp/tmpzxydr23e', '--error-file', '/tmp/tmpood4ravw']
[2024-04-02 19:15:21,261] {standard_task_runner.py:80} INFO - Job 549: Subtask GOOG
[2024-04-02 19:15:21,369] {task_command.py:370} INFO - Running <TaskInstance: get_stocks_dag.GOOG scheduled__2024-03-09T00:00:00+00:00 [running]> on host alexmend-virtual-machine
[2024-04-02 19:15:21,502] {taskinstance.py:1569} INFO - Exporting the following env vars:
AIRFLOW_CTX_DAG_OWNER=airflow
AIRFLOW_CTX_DAG_ID=get_stocks_dag
AIRFLOW_CTX_TASK_ID=GOOG
AIRFLOW_CTX_EXECUTION_DATE=2024-03-09T00:00:00+00:00
AIRFLOW_CTX_TRY_NUMBER=1
AIRFLOW_CTX_DAG_RUN_ID=scheduled__2024-03-09T00:00:00+00:00
[2024-04-02 19:15:22,147] {python.py:173} INFO - Done. Returned value was: None
[2024-04-02 19:15:22,173] {taskinstance.py:1395} INFO - Marking task as SUCCESS. dag_id=get_stocks_dag, task_id=GOOG, execution_date=20240309T000000, start_date=20240402T221521, end_date=20240402T221522
[2024-04-02 19:15:22,211] {local_task_job.py:156} INFO - Task exited with return code 0
[2024-04-02 19:15:22,279] {local_task_job.py:273} INFO - 0 downstream tasks scheduled from follow-on schedule check
[2024-04-02 20:39:07,951] {taskinstance.py:1159} INFO - Dependencies all met for <TaskInstance: get_stocks_dag.GOOG scheduled__2024-03-09T00:00:00+00:00 [queued]>
[2024-04-02 20:39:07,978] {taskinstance.py:1159} INFO - Dependencies all met for <TaskInstance: get_stocks_dag.GOOG scheduled__2024-03-09T00:00:00+00:00 [queued]>
[2024-04-02 20:39:07,980] {taskinstance.py:1356} INFO - 
--------------------------------------------------------------------------------
[2024-04-02 20:39:07,981] {taskinstance.py:1357} INFO - Starting attempt 1 of 1
[2024-04-02 20:39:07,982] {taskinstance.py:1358} INFO - 
--------------------------------------------------------------------------------
[2024-04-02 20:39:08,029] {taskinstance.py:1377} INFO - Executing <Task(_PythonDecoratedOperator): GOOG> on 2024-03-09 00:00:00+00:00
[2024-04-02 20:39:08,055] {standard_task_runner.py:52} INFO - Started process 25979 to run task
[2024-04-02 20:39:08,076] {standard_task_runner.py:79} INFO - Running: ['airflow', 'tasks', 'run', 'get_stocks_dag', 'GOOG', 'scheduled__2024-03-09T00:00:00+00:00', '--job-id', '651', '--raw', '--subdir', 'DAGS_FOLDER/get_stocks.py', '--cfg-path', '/tmp/tmp2o43tawi', '--error-file', '/tmp/tmp5b6_4xn2']
[2024-04-02 20:39:08,097] {standard_task_runner.py:80} INFO - Job 651: Subtask GOOG
[2024-04-02 20:39:08,343] {task_command.py:370} INFO - Running <TaskInstance: get_stocks_dag.GOOG scheduled__2024-03-09T00:00:00+00:00 [running]> on host alexmend-virtual-machine
[2024-04-02 20:39:08,558] {taskinstance.py:1569} INFO - Exporting the following env vars:
AIRFLOW_CTX_DAG_OWNER=airflow
AIRFLOW_CTX_DAG_ID=get_stocks_dag
AIRFLOW_CTX_TASK_ID=GOOG
AIRFLOW_CTX_EXECUTION_DATE=2024-03-09T00:00:00+00:00
AIRFLOW_CTX_TRY_NUMBER=1
AIRFLOW_CTX_DAG_RUN_ID=scheduled__2024-03-09T00:00:00+00:00
[2024-04-02 20:39:09,407] {python.py:173} INFO - Done. Returned value was: None
[2024-04-02 20:39:09,516] {taskinstance.py:1395} INFO - Marking task as SUCCESS. dag_id=get_stocks_dag, task_id=GOOG, execution_date=20240309T000000, start_date=20240402T233907, end_date=20240402T233909
[2024-04-02 20:39:09,597] {local_task_job.py:156} INFO - Task exited with return code 0
[2024-04-02 20:39:09,719] {local_task_job.py:273} INFO - 0 downstream tasks scheduled from follow-on schedule check
[2024-04-02 21:48:38,020] {taskinstance.py:1159} INFO - Dependencies all met for <TaskInstance: get_stocks_dag.GOOG scheduled__2024-03-09T00:00:00+00:00 [queued]>
[2024-04-02 21:48:38,048] {taskinstance.py:1159} INFO - Dependencies all met for <TaskInstance: get_stocks_dag.GOOG scheduled__2024-03-09T00:00:00+00:00 [queued]>
[2024-04-02 21:48:38,048] {taskinstance.py:1356} INFO - 
--------------------------------------------------------------------------------
[2024-04-02 21:48:38,049] {taskinstance.py:1357} INFO - Starting attempt 1 of 1
[2024-04-02 21:48:38,049] {taskinstance.py:1358} INFO - 
--------------------------------------------------------------------------------
[2024-04-02 21:48:38,079] {taskinstance.py:1377} INFO - Executing <Task(_PythonDecoratedOperator): GOOG> on 2024-03-09 00:00:00+00:00
[2024-04-02 21:48:38,091] {standard_task_runner.py:52} INFO - Started process 49812 to run task
[2024-04-02 21:48:38,116] {standard_task_runner.py:79} INFO - Running: ['airflow', 'tasks', 'run', 'get_stocks_dag', 'GOOG', 'scheduled__2024-03-09T00:00:00+00:00', '--job-id', '789', '--raw', '--subdir', 'DAGS_FOLDER/get_stocks.py', '--cfg-path', '/tmp/tmp1y9vzpmw', '--error-file', '/tmp/tmpqv961dwh']
[2024-04-02 21:48:38,120] {standard_task_runner.py:80} INFO - Job 789: Subtask GOOG
[2024-04-02 21:48:38,311] {task_command.py:370} INFO - Running <TaskInstance: get_stocks_dag.GOOG scheduled__2024-03-09T00:00:00+00:00 [running]> on host alexmend-virtual-machine
[2024-04-02 21:48:38,560] {taskinstance.py:1569} INFO - Exporting the following env vars:
AIRFLOW_CTX_DAG_OWNER=airflow
AIRFLOW_CTX_DAG_ID=get_stocks_dag
AIRFLOW_CTX_TASK_ID=GOOG
AIRFLOW_CTX_EXECUTION_DATE=2024-03-09T00:00:00+00:00
AIRFLOW_CTX_TRY_NUMBER=1
AIRFLOW_CTX_DAG_RUN_ID=scheduled__2024-03-09T00:00:00+00:00
[2024-04-02 21:48:49,494] {python.py:173} INFO - Done. Returned value was: None
[2024-04-02 21:48:49,532] {taskinstance.py:1395} INFO - Marking task as SUCCESS. dag_id=get_stocks_dag, task_id=GOOG, execution_date=20240309T000000, start_date=20240403T004838, end_date=20240403T004849
[2024-04-02 21:48:49,610] {local_task_job.py:156} INFO - Task exited with return code 0
[2024-04-02 21:48:49,691] {local_task_job.py:273} INFO - 0 downstream tasks scheduled from follow-on schedule check
[2024-04-02 22:59:15,713] {taskinstance.py:1159} INFO - Dependencies all met for <TaskInstance: get_stocks_dag.GOOG scheduled__2024-03-09T00:00:00+00:00 [queued]>
[2024-04-02 22:59:15,743] {taskinstance.py:1159} INFO - Dependencies all met for <TaskInstance: get_stocks_dag.GOOG scheduled__2024-03-09T00:00:00+00:00 [queued]>
[2024-04-02 22:59:15,743] {taskinstance.py:1356} INFO - 
--------------------------------------------------------------------------------
[2024-04-02 22:59:15,743] {taskinstance.py:1357} INFO - Starting attempt 1 of 1
[2024-04-02 22:59:15,744] {taskinstance.py:1358} INFO - 
--------------------------------------------------------------------------------
[2024-04-02 22:59:15,790] {taskinstance.py:1377} INFO - Executing <Task(_PythonDecoratedOperator): GOOG> on 2024-03-09 00:00:00+00:00
[2024-04-02 22:59:15,817] {standard_task_runner.py:52} INFO - Started process 75275 to run task
[2024-04-02 22:59:15,848] {standard_task_runner.py:79} INFO - Running: ['airflow', 'tasks', 'run', 'get_stocks_dag', 'GOOG', 'scheduled__2024-03-09T00:00:00+00:00', '--job-id', '1053', '--raw', '--subdir', 'DAGS_FOLDER/get_stocks.py', '--cfg-path', '/tmp/tmpcgb1n6x9', '--error-file', '/tmp/tmp8sb5c363']
[2024-04-02 22:59:15,858] {standard_task_runner.py:80} INFO - Job 1053: Subtask GOOG
[2024-04-02 22:59:16,060] {task_command.py:370} INFO - Running <TaskInstance: get_stocks_dag.GOOG scheduled__2024-03-09T00:00:00+00:00 [running]> on host alexmend-virtual-machine
[2024-04-02 22:59:16,326] {taskinstance.py:1569} INFO - Exporting the following env vars:
AIRFLOW_CTX_DAG_OWNER=airflow
AIRFLOW_CTX_DAG_ID=get_stocks_dag
AIRFLOW_CTX_TASK_ID=GOOG
AIRFLOW_CTX_EXECUTION_DATE=2024-03-09T00:00:00+00:00
AIRFLOW_CTX_TRY_NUMBER=1
AIRFLOW_CTX_DAG_RUN_ID=scheduled__2024-03-09T00:00:00+00:00
[2024-04-02 22:59:27,057] {python.py:173} INFO - Done. Returned value was: None
[2024-04-02 22:59:27,118] {taskinstance.py:1395} INFO - Marking task as SUCCESS. dag_id=get_stocks_dag, task_id=GOOG, execution_date=20240309T000000, start_date=20240403T015915, end_date=20240403T015927
[2024-04-02 22:59:27,225] {local_task_job.py:156} INFO - Task exited with return code 0
[2024-04-02 22:59:27,316] {local_task_job.py:273} INFO - 0 downstream tasks scheduled from follow-on schedule check
