[2024-04-02 13:10:16,991] {taskinstance.py:1159} INFO - Dependencies all met for <TaskInstance: get_stocks_dag.GOOG scheduled__2024-03-08T00:00:00+00:00 [queued]>
[2024-04-02 13:10:16,999] {taskinstance.py:1159} INFO - Dependencies all met for <TaskInstance: get_stocks_dag.GOOG scheduled__2024-03-08T00:00:00+00:00 [queued]>
[2024-04-02 13:10:16,999] {taskinstance.py:1356} INFO - 
--------------------------------------------------------------------------------
[2024-04-02 13:10:16,999] {taskinstance.py:1357} INFO - Starting attempt 1 of 1
[2024-04-02 13:10:16,999] {taskinstance.py:1358} INFO - 
--------------------------------------------------------------------------------
[2024-04-02 13:10:17,018] {taskinstance.py:1377} INFO - Executing <Task(_PythonDecoratedOperator): GOOG> on 2024-03-08 00:00:00+00:00
[2024-04-02 13:10:17,024] {standard_task_runner.py:52} INFO - Started process 12491 to run task
[2024-04-02 13:10:17,030] {standard_task_runner.py:79} INFO - Running: ['airflow', 'tasks', 'run', 'get_stocks_dag', 'GOOG', 'scheduled__2024-03-08T00:00:00+00:00', '--job-id', '201', '--raw', '--subdir', 'DAGS_FOLDER/get_stocks.py', '--cfg-path', '/tmp/tmpnhdt1fh_', '--error-file', '/tmp/tmplw22hy60']
[2024-04-02 13:10:17,032] {standard_task_runner.py:80} INFO - Job 201: Subtask GOOG
[2024-04-02 13:10:17,090] {task_command.py:370} INFO - Running <TaskInstance: get_stocks_dag.GOOG scheduled__2024-03-08T00:00:00+00:00 [running]> on host alexmend-virtual-machine
[2024-04-02 13:10:17,163] {taskinstance.py:1569} INFO - Exporting the following env vars:
AIRFLOW_CTX_DAG_OWNER=airflow
AIRFLOW_CTX_DAG_ID=get_stocks_dag
AIRFLOW_CTX_TASK_ID=GOOG
AIRFLOW_CTX_EXECUTION_DATE=2024-03-08T00:00:00+00:00
AIRFLOW_CTX_TRY_NUMBER=1
AIRFLOW_CTX_DAG_RUN_ID=scheduled__2024-03-08T00:00:00+00:00
[2024-04-02 13:10:18,037] {python.py:173} INFO - Done. Returned value was: None
[2024-04-02 13:10:18,055] {taskinstance.py:1395} INFO - Marking task as SUCCESS. dag_id=get_stocks_dag, task_id=GOOG, execution_date=20240308T000000, start_date=20240402T161016, end_date=20240402T161018
[2024-04-02 13:10:18,113] {local_task_job.py:156} INFO - Task exited with return code 0
[2024-04-02 13:10:18,158] {local_task_job.py:273} INFO - 0 downstream tasks scheduled from follow-on schedule check
[2024-04-02 17:19:31,841] {taskinstance.py:1159} INFO - Dependencies all met for <TaskInstance: get_stocks_dag.GOOG scheduled__2024-03-08T00:00:00+00:00 [queued]>
[2024-04-02 17:19:31,945] {taskinstance.py:1159} INFO - Dependencies all met for <TaskInstance: get_stocks_dag.GOOG scheduled__2024-03-08T00:00:00+00:00 [queued]>
[2024-04-02 17:19:31,945] {taskinstance.py:1356} INFO - 
--------------------------------------------------------------------------------
[2024-04-02 17:19:31,945] {taskinstance.py:1357} INFO - Starting attempt 1 of 1
[2024-04-02 17:19:31,945] {taskinstance.py:1358} INFO - 
--------------------------------------------------------------------------------
[2024-04-02 17:19:32,136] {taskinstance.py:1377} INFO - Executing <Task(_PythonDecoratedOperator): GOOG> on 2024-03-08 00:00:00+00:00
[2024-04-02 17:19:32,162] {standard_task_runner.py:52} INFO - Started process 8336 to run task
[2024-04-02 17:19:32,194] {standard_task_runner.py:79} INFO - Running: ['airflow', 'tasks', 'run', 'get_stocks_dag', 'GOOG', 'scheduled__2024-03-08T00:00:00+00:00', '--job-id', '183', '--raw', '--subdir', 'DAGS_FOLDER/get_stocks.py', '--cfg-path', '/tmp/tmp4bysdqmj', '--error-file', '/tmp/tmpp49amwj0']
[2024-04-02 17:19:32,216] {standard_task_runner.py:80} INFO - Job 183: Subtask GOOG
[2024-04-02 17:19:32,528] {task_command.py:370} INFO - Running <TaskInstance: get_stocks_dag.GOOG scheduled__2024-03-08T00:00:00+00:00 [running]> on host alexmend-virtual-machine
[2024-04-02 17:19:32,914] {taskinstance.py:1569} INFO - Exporting the following env vars:
AIRFLOW_CTX_DAG_OWNER=airflow
AIRFLOW_CTX_DAG_ID=get_stocks_dag
AIRFLOW_CTX_TASK_ID=GOOG
AIRFLOW_CTX_EXECUTION_DATE=2024-03-08T00:00:00+00:00
AIRFLOW_CTX_TRY_NUMBER=1
AIRFLOW_CTX_DAG_RUN_ID=scheduled__2024-03-08T00:00:00+00:00
[2024-04-02 17:19:34,991] {python.py:173} INFO - Done. Returned value was: None
[2024-04-02 17:19:35,602] {taskinstance.py:1395} INFO - Marking task as SUCCESS. dag_id=get_stocks_dag, task_id=GOOG, execution_date=20240308T000000, start_date=20240402T201931, end_date=20240402T201935
[2024-04-02 17:19:35,749] {local_task_job.py:156} INFO - Task exited with return code 0
[2024-04-02 17:19:36,119] {local_task_job.py:273} INFO - 0 downstream tasks scheduled from follow-on schedule check
[2024-04-02 17:46:18,892] {taskinstance.py:1159} INFO - Dependencies all met for <TaskInstance: get_stocks_dag.GOOG scheduled__2024-03-08T00:00:00+00:00 [queued]>
[2024-04-02 17:46:18,905] {taskinstance.py:1159} INFO - Dependencies all met for <TaskInstance: get_stocks_dag.GOOG scheduled__2024-03-08T00:00:00+00:00 [queued]>
[2024-04-02 17:46:18,906] {taskinstance.py:1356} INFO - 
--------------------------------------------------------------------------------
[2024-04-02 17:46:18,906] {taskinstance.py:1357} INFO - Starting attempt 1 of 1
[2024-04-02 17:46:18,906] {taskinstance.py:1358} INFO - 
--------------------------------------------------------------------------------
[2024-04-02 17:46:18,938] {taskinstance.py:1377} INFO - Executing <Task(_PythonDecoratedOperator): GOOG> on 2024-03-08 00:00:00+00:00
[2024-04-02 17:46:18,944] {standard_task_runner.py:52} INFO - Started process 23409 to run task
[2024-04-02 17:46:18,952] {standard_task_runner.py:79} INFO - Running: ['airflow', 'tasks', 'run', 'get_stocks_dag', 'GOOG', 'scheduled__2024-03-08T00:00:00+00:00', '--job-id', '444', '--raw', '--subdir', 'DAGS_FOLDER/get_stocks.py', '--cfg-path', '/tmp/tmp6rv_u08_', '--error-file', '/tmp/tmp43_t8i2o']
[2024-04-02 17:46:18,954] {standard_task_runner.py:80} INFO - Job 444: Subtask GOOG
[2024-04-02 17:46:19,069] {task_command.py:370} INFO - Running <TaskInstance: get_stocks_dag.GOOG scheduled__2024-03-08T00:00:00+00:00 [running]> on host alexmend-virtual-machine
[2024-04-02 17:46:19,210] {taskinstance.py:1569} INFO - Exporting the following env vars:
AIRFLOW_CTX_DAG_OWNER=airflow
AIRFLOW_CTX_DAG_ID=get_stocks_dag
AIRFLOW_CTX_TASK_ID=GOOG
AIRFLOW_CTX_EXECUTION_DATE=2024-03-08T00:00:00+00:00
AIRFLOW_CTX_TRY_NUMBER=1
AIRFLOW_CTX_DAG_RUN_ID=scheduled__2024-03-08T00:00:00+00:00
[2024-04-02 17:46:19,961] {python.py:173} INFO - Done. Returned value was: None
[2024-04-02 17:46:20,032] {taskinstance.py:1395} INFO - Marking task as SUCCESS. dag_id=get_stocks_dag, task_id=GOOG, execution_date=20240308T000000, start_date=20240402T204618, end_date=20240402T204620
[2024-04-02 17:46:20,090] {local_task_job.py:156} INFO - Task exited with return code 0
[2024-04-02 17:46:20,151] {local_task_job.py:273} INFO - 0 downstream tasks scheduled from follow-on schedule check
[2024-04-02 19:15:12,947] {taskinstance.py:1159} INFO - Dependencies all met for <TaskInstance: get_stocks_dag.GOOG scheduled__2024-03-08T00:00:00+00:00 [queued]>
[2024-04-02 19:15:12,971] {taskinstance.py:1159} INFO - Dependencies all met for <TaskInstance: get_stocks_dag.GOOG scheduled__2024-03-08T00:00:00+00:00 [queued]>
[2024-04-02 19:15:12,971] {taskinstance.py:1356} INFO - 
--------------------------------------------------------------------------------
[2024-04-02 19:15:12,972] {taskinstance.py:1357} INFO - Starting attempt 1 of 1
[2024-04-02 19:15:12,972] {taskinstance.py:1358} INFO - 
--------------------------------------------------------------------------------
[2024-04-02 19:15:12,998] {taskinstance.py:1377} INFO - Executing <Task(_PythonDecoratedOperator): GOOG> on 2024-03-08 00:00:00+00:00
[2024-04-02 19:15:13,009] {standard_task_runner.py:52} INFO - Started process 14460 to run task
[2024-04-02 19:15:13,016] {standard_task_runner.py:79} INFO - Running: ['airflow', 'tasks', 'run', 'get_stocks_dag', 'GOOG', 'scheduled__2024-03-08T00:00:00+00:00', '--job-id', '545', '--raw', '--subdir', 'DAGS_FOLDER/get_stocks.py', '--cfg-path', '/tmp/tmpx8wsfv3o', '--error-file', '/tmp/tmpxi9w7jy5']
[2024-04-02 19:15:13,034] {standard_task_runner.py:80} INFO - Job 545: Subtask GOOG
[2024-04-02 19:15:13,229] {task_command.py:370} INFO - Running <TaskInstance: get_stocks_dag.GOOG scheduled__2024-03-08T00:00:00+00:00 [running]> on host alexmend-virtual-machine
[2024-04-02 19:15:13,408] {taskinstance.py:1569} INFO - Exporting the following env vars:
AIRFLOW_CTX_DAG_OWNER=airflow
AIRFLOW_CTX_DAG_ID=get_stocks_dag
AIRFLOW_CTX_TASK_ID=GOOG
AIRFLOW_CTX_EXECUTION_DATE=2024-03-08T00:00:00+00:00
AIRFLOW_CTX_TRY_NUMBER=1
AIRFLOW_CTX_DAG_RUN_ID=scheduled__2024-03-08T00:00:00+00:00
[2024-04-02 19:15:14,229] {python.py:173} INFO - Done. Returned value was: None
[2024-04-02 19:15:14,312] {taskinstance.py:1395} INFO - Marking task as SUCCESS. dag_id=get_stocks_dag, task_id=GOOG, execution_date=20240308T000000, start_date=20240402T221512, end_date=20240402T221514
[2024-04-02 19:15:14,384] {local_task_job.py:156} INFO - Task exited with return code 0
[2024-04-02 19:15:14,459] {local_task_job.py:273} INFO - 0 downstream tasks scheduled from follow-on schedule check
[2024-04-02 20:38:57,836] {taskinstance.py:1159} INFO - Dependencies all met for <TaskInstance: get_stocks_dag.GOOG scheduled__2024-03-08T00:00:00+00:00 [queued]>
[2024-04-02 20:38:57,858] {taskinstance.py:1159} INFO - Dependencies all met for <TaskInstance: get_stocks_dag.GOOG scheduled__2024-03-08T00:00:00+00:00 [queued]>
[2024-04-02 20:38:57,858] {taskinstance.py:1356} INFO - 
--------------------------------------------------------------------------------
[2024-04-02 20:38:57,858] {taskinstance.py:1357} INFO - Starting attempt 1 of 1
[2024-04-02 20:38:57,858] {taskinstance.py:1358} INFO - 
--------------------------------------------------------------------------------
[2024-04-02 20:38:57,890] {taskinstance.py:1377} INFO - Executing <Task(_PythonDecoratedOperator): GOOG> on 2024-03-08 00:00:00+00:00
[2024-04-02 20:38:57,900] {standard_task_runner.py:52} INFO - Started process 25836 to run task
[2024-04-02 20:38:57,907] {standard_task_runner.py:79} INFO - Running: ['airflow', 'tasks', 'run', 'get_stocks_dag', 'GOOG', 'scheduled__2024-03-08T00:00:00+00:00', '--job-id', '648', '--raw', '--subdir', 'DAGS_FOLDER/get_stocks.py', '--cfg-path', '/tmp/tmp303f4b8r', '--error-file', '/tmp/tmpixe33wtd']
[2024-04-02 20:38:57,915] {standard_task_runner.py:80} INFO - Job 648: Subtask GOOG
[2024-04-02 20:38:58,051] {task_command.py:370} INFO - Running <TaskInstance: get_stocks_dag.GOOG scheduled__2024-03-08T00:00:00+00:00 [running]> on host alexmend-virtual-machine
[2024-04-02 20:38:58,288] {taskinstance.py:1569} INFO - Exporting the following env vars:
AIRFLOW_CTX_DAG_OWNER=airflow
AIRFLOW_CTX_DAG_ID=get_stocks_dag
AIRFLOW_CTX_TASK_ID=GOOG
AIRFLOW_CTX_EXECUTION_DATE=2024-03-08T00:00:00+00:00
AIRFLOW_CTX_TRY_NUMBER=1
AIRFLOW_CTX_DAG_RUN_ID=scheduled__2024-03-08T00:00:00+00:00
[2024-04-02 20:38:59,039] {python.py:173} INFO - Done. Returned value was: None
[2024-04-02 20:38:59,065] {taskinstance.py:1395} INFO - Marking task as SUCCESS. dag_id=get_stocks_dag, task_id=GOOG, execution_date=20240308T000000, start_date=20240402T233857, end_date=20240402T233859
[2024-04-02 20:38:59,102] {local_task_job.py:156} INFO - Task exited with return code 0
[2024-04-02 20:38:59,169] {local_task_job.py:273} INFO - 0 downstream tasks scheduled from follow-on schedule check
[2024-04-02 21:48:06,537] {taskinstance.py:1159} INFO - Dependencies all met for <TaskInstance: get_stocks_dag.GOOG scheduled__2024-03-08T00:00:00+00:00 [queued]>
[2024-04-02 21:48:06,577] {taskinstance.py:1159} INFO - Dependencies all met for <TaskInstance: get_stocks_dag.GOOG scheduled__2024-03-08T00:00:00+00:00 [queued]>
[2024-04-02 21:48:06,581] {taskinstance.py:1356} INFO - 
--------------------------------------------------------------------------------
[2024-04-02 21:48:06,581] {taskinstance.py:1357} INFO - Starting attempt 1 of 1
[2024-04-02 21:48:06,582] {taskinstance.py:1358} INFO - 
--------------------------------------------------------------------------------
[2024-04-02 21:48:06,629] {taskinstance.py:1377} INFO - Executing <Task(_PythonDecoratedOperator): GOOG> on 2024-03-08 00:00:00+00:00
[2024-04-02 21:48:06,651] {standard_task_runner.py:52} INFO - Started process 49408 to run task
[2024-04-02 21:48:06,683] {standard_task_runner.py:79} INFO - Running: ['airflow', 'tasks', 'run', 'get_stocks_dag', 'GOOG', 'scheduled__2024-03-08T00:00:00+00:00', '--job-id', '781', '--raw', '--subdir', 'DAGS_FOLDER/get_stocks.py', '--cfg-path', '/tmp/tmplr40r7km', '--error-file', '/tmp/tmpizg1cnmy']
[2024-04-02 21:48:06,708] {standard_task_runner.py:80} INFO - Job 781: Subtask GOOG
[2024-04-02 21:48:07,245] {task_command.py:370} INFO - Running <TaskInstance: get_stocks_dag.GOOG scheduled__2024-03-08T00:00:00+00:00 [running]> on host alexmend-virtual-machine
[2024-04-02 21:48:07,613] {taskinstance.py:1569} INFO - Exporting the following env vars:
AIRFLOW_CTX_DAG_OWNER=airflow
AIRFLOW_CTX_DAG_ID=get_stocks_dag
AIRFLOW_CTX_TASK_ID=GOOG
AIRFLOW_CTX_EXECUTION_DATE=2024-03-08T00:00:00+00:00
AIRFLOW_CTX_TRY_NUMBER=1
AIRFLOW_CTX_DAG_RUN_ID=scheduled__2024-03-08T00:00:00+00:00
[2024-04-02 21:48:19,704] {python.py:173} INFO - Done. Returned value was: None
[2024-04-02 21:48:19,743] {taskinstance.py:1395} INFO - Marking task as SUCCESS. dag_id=get_stocks_dag, task_id=GOOG, execution_date=20240308T000000, start_date=20240403T004806, end_date=20240403T004819
[2024-04-02 21:48:19,804] {local_task_job.py:156} INFO - Task exited with return code 0
[2024-04-02 21:48:19,910] {local_task_job.py:273} INFO - 0 downstream tasks scheduled from follow-on schedule check
[2024-04-02 22:58:27,887] {taskinstance.py:1159} INFO - Dependencies all met for <TaskInstance: get_stocks_dag.GOOG scheduled__2024-03-08T00:00:00+00:00 [queued]>
[2024-04-02 22:58:27,919] {taskinstance.py:1159} INFO - Dependencies all met for <TaskInstance: get_stocks_dag.GOOG scheduled__2024-03-08T00:00:00+00:00 [queued]>
[2024-04-02 22:58:27,923] {taskinstance.py:1356} INFO - 
--------------------------------------------------------------------------------
[2024-04-02 22:58:27,925] {taskinstance.py:1357} INFO - Starting attempt 1 of 1
[2024-04-02 22:58:27,926] {taskinstance.py:1358} INFO - 
--------------------------------------------------------------------------------
[2024-04-02 22:58:27,984] {taskinstance.py:1377} INFO - Executing <Task(_PythonDecoratedOperator): GOOG> on 2024-03-08 00:00:00+00:00
[2024-04-02 22:58:27,997] {standard_task_runner.py:52} INFO - Started process 74847 to run task
[2024-04-02 22:58:28,010] {standard_task_runner.py:79} INFO - Running: ['airflow', 'tasks', 'run', 'get_stocks_dag', 'GOOG', 'scheduled__2024-03-08T00:00:00+00:00', '--job-id', '1047', '--raw', '--subdir', 'DAGS_FOLDER/get_stocks.py', '--cfg-path', '/tmp/tmpxvodrieu', '--error-file', '/tmp/tmpkp10hkzm']
[2024-04-02 22:58:28,013] {standard_task_runner.py:80} INFO - Job 1047: Subtask GOOG
[2024-04-02 22:58:28,361] {task_command.py:370} INFO - Running <TaskInstance: get_stocks_dag.GOOG scheduled__2024-03-08T00:00:00+00:00 [running]> on host alexmend-virtual-machine
[2024-04-02 22:58:28,589] {taskinstance.py:1569} INFO - Exporting the following env vars:
AIRFLOW_CTX_DAG_OWNER=airflow
AIRFLOW_CTX_DAG_ID=get_stocks_dag
AIRFLOW_CTX_TASK_ID=GOOG
AIRFLOW_CTX_EXECUTION_DATE=2024-03-08T00:00:00+00:00
AIRFLOW_CTX_TRY_NUMBER=1
AIRFLOW_CTX_DAG_RUN_ID=scheduled__2024-03-08T00:00:00+00:00
[2024-04-02 22:58:39,359] {python.py:173} INFO - Done. Returned value was: None
[2024-04-02 22:58:39,630] {taskinstance.py:1395} INFO - Marking task as SUCCESS. dag_id=get_stocks_dag, task_id=GOOG, execution_date=20240308T000000, start_date=20240403T015827, end_date=20240403T015839
[2024-04-02 22:58:39,740] {local_task_job.py:156} INFO - Task exited with return code 0
[2024-04-02 22:58:39,869] {local_task_job.py:273} INFO - 0 downstream tasks scheduled from follow-on schedule check
