[2024-04-02 13:06:27,865] {taskinstance.py:1159} INFO - Dependencies all met for <TaskInstance: get_stocks_dag.MSFT scheduled__2024-02-17T00:00:00+00:00 [queued]>
[2024-04-02 13:06:27,873] {taskinstance.py:1159} INFO - Dependencies all met for <TaskInstance: get_stocks_dag.MSFT scheduled__2024-02-17T00:00:00+00:00 [queued]>
[2024-04-02 13:06:27,874] {taskinstance.py:1356} INFO - 
--------------------------------------------------------------------------------
[2024-04-02 13:06:27,874] {taskinstance.py:1357} INFO - Starting attempt 1 of 1
[2024-04-02 13:06:27,875] {taskinstance.py:1358} INFO - 
--------------------------------------------------------------------------------
[2024-04-02 13:06:27,898] {taskinstance.py:1377} INFO - Executing <Task(_PythonDecoratedOperator): MSFT> on 2024-02-17 00:00:00+00:00
[2024-04-02 13:06:27,904] {standard_task_runner.py:52} INFO - Started process 11143 to run task
[2024-04-02 13:06:27,909] {standard_task_runner.py:79} INFO - Running: ['airflow', 'tasks', 'run', 'get_stocks_dag', 'MSFT', 'scheduled__2024-02-17T00:00:00+00:00', '--job-id', '144', '--raw', '--subdir', 'DAGS_FOLDER/get_stocks.py', '--cfg-path', '/tmp/tmpsvtxb3l0', '--error-file', '/tmp/tmpu3hh_lmg']
[2024-04-02 13:06:27,910] {standard_task_runner.py:80} INFO - Job 144: Subtask MSFT
[2024-04-02 13:06:27,973] {task_command.py:370} INFO - Running <TaskInstance: get_stocks_dag.MSFT scheduled__2024-02-17T00:00:00+00:00 [running]> on host alexmend-virtual-machine
[2024-04-02 13:06:28,050] {taskinstance.py:1569} INFO - Exporting the following env vars:
AIRFLOW_CTX_DAG_OWNER=airflow
AIRFLOW_CTX_DAG_ID=get_stocks_dag
AIRFLOW_CTX_TASK_ID=MSFT
AIRFLOW_CTX_EXECUTION_DATE=2024-02-17T00:00:00+00:00
AIRFLOW_CTX_TRY_NUMBER=1
AIRFLOW_CTX_DAG_RUN_ID=scheduled__2024-02-17T00:00:00+00:00
[2024-04-02 13:06:28,770] {python.py:173} INFO - Done. Returned value was: None
[2024-04-02 13:06:28,782] {taskinstance.py:1395} INFO - Marking task as SUCCESS. dag_id=get_stocks_dag, task_id=MSFT, execution_date=20240217T000000, start_date=20240402T160627, end_date=20240402T160628
[2024-04-02 13:06:28,849] {local_task_job.py:156} INFO - Task exited with return code 0
[2024-04-02 13:06:28,878] {local_task_job.py:273} INFO - 0 downstream tasks scheduled from follow-on schedule check
[2024-04-02 17:18:42,981] {taskinstance.py:1159} INFO - Dependencies all met for <TaskInstance: get_stocks_dag.MSFT scheduled__2024-02-17T00:00:00+00:00 [queued]>
[2024-04-02 17:18:43,020] {taskinstance.py:1159} INFO - Dependencies all met for <TaskInstance: get_stocks_dag.MSFT scheduled__2024-02-17T00:00:00+00:00 [queued]>
[2024-04-02 17:18:43,021] {taskinstance.py:1356} INFO - 
--------------------------------------------------------------------------------
[2024-04-02 17:18:43,022] {taskinstance.py:1357} INFO - Starting attempt 1 of 1
[2024-04-02 17:18:43,023] {taskinstance.py:1358} INFO - 
--------------------------------------------------------------------------------
[2024-04-02 17:18:43,122] {taskinstance.py:1377} INFO - Executing <Task(_PythonDecoratedOperator): MSFT> on 2024-02-17 00:00:00+00:00
[2024-04-02 17:18:43,142] {standard_task_runner.py:52} INFO - Started process 6873 to run task
[2024-04-02 17:18:43,172] {standard_task_runner.py:79} INFO - Running: ['airflow', 'tasks', 'run', 'get_stocks_dag', 'MSFT', 'scheduled__2024-02-17T00:00:00+00:00', '--job-id', '124', '--raw', '--subdir', 'DAGS_FOLDER/get_stocks.py', '--cfg-path', '/tmp/tmpawhgizi5', '--error-file', '/tmp/tmp_7m_gvl1']
[2024-04-02 17:18:43,175] {standard_task_runner.py:80} INFO - Job 124: Subtask MSFT
[2024-04-02 17:18:43,662] {task_command.py:370} INFO - Running <TaskInstance: get_stocks_dag.MSFT scheduled__2024-02-17T00:00:00+00:00 [running]> on host alexmend-virtual-machine
[2024-04-02 17:18:44,116] {taskinstance.py:1569} INFO - Exporting the following env vars:
AIRFLOW_CTX_DAG_OWNER=airflow
AIRFLOW_CTX_DAG_ID=get_stocks_dag
AIRFLOW_CTX_TASK_ID=MSFT
AIRFLOW_CTX_EXECUTION_DATE=2024-02-17T00:00:00+00:00
AIRFLOW_CTX_TRY_NUMBER=1
AIRFLOW_CTX_DAG_RUN_ID=scheduled__2024-02-17T00:00:00+00:00
[2024-04-02 17:18:45,682] {python.py:173} INFO - Done. Returned value was: None
[2024-04-02 17:18:45,721] {taskinstance.py:1395} INFO - Marking task as SUCCESS. dag_id=get_stocks_dag, task_id=MSFT, execution_date=20240217T000000, start_date=20240402T201842, end_date=20240402T201845
[2024-04-02 17:18:45,794] {local_task_job.py:156} INFO - Task exited with return code 0
[2024-04-02 17:18:46,004] {local_task_job.py:273} INFO - 0 downstream tasks scheduled from follow-on schedule check
[2024-04-02 17:45:04,844] {taskinstance.py:1159} INFO - Dependencies all met for <TaskInstance: get_stocks_dag.MSFT scheduled__2024-02-17T00:00:00+00:00 [queued]>
[2024-04-02 17:45:04,873] {taskinstance.py:1159} INFO - Dependencies all met for <TaskInstance: get_stocks_dag.MSFT scheduled__2024-02-17T00:00:00+00:00 [queued]>
[2024-04-02 17:45:04,873] {taskinstance.py:1356} INFO - 
--------------------------------------------------------------------------------
[2024-04-02 17:45:04,873] {taskinstance.py:1357} INFO - Starting attempt 1 of 1
[2024-04-02 17:45:04,873] {taskinstance.py:1358} INFO - 
--------------------------------------------------------------------------------
[2024-04-02 17:45:04,896] {taskinstance.py:1377} INFO - Executing <Task(_PythonDecoratedOperator): MSFT> on 2024-02-17 00:00:00+00:00
[2024-04-02 17:45:04,903] {standard_task_runner.py:52} INFO - Started process 21863 to run task
[2024-04-02 17:45:04,908] {standard_task_runner.py:79} INFO - Running: ['airflow', 'tasks', 'run', 'get_stocks_dag', 'MSFT', 'scheduled__2024-02-17T00:00:00+00:00', '--job-id', '388', '--raw', '--subdir', 'DAGS_FOLDER/get_stocks.py', '--cfg-path', '/tmp/tmp5wlnrpjc', '--error-file', '/tmp/tmp_3vnozcu']
[2024-04-02 17:45:04,910] {standard_task_runner.py:80} INFO - Job 388: Subtask MSFT
[2024-04-02 17:45:05,024] {task_command.py:370} INFO - Running <TaskInstance: get_stocks_dag.MSFT scheduled__2024-02-17T00:00:00+00:00 [running]> on host alexmend-virtual-machine
[2024-04-02 17:45:05,143] {taskinstance.py:1569} INFO - Exporting the following env vars:
AIRFLOW_CTX_DAG_OWNER=airflow
AIRFLOW_CTX_DAG_ID=get_stocks_dag
AIRFLOW_CTX_TASK_ID=MSFT
AIRFLOW_CTX_EXECUTION_DATE=2024-02-17T00:00:00+00:00
AIRFLOW_CTX_TRY_NUMBER=1
AIRFLOW_CTX_DAG_RUN_ID=scheduled__2024-02-17T00:00:00+00:00
[2024-04-02 17:45:05,823] {python.py:173} INFO - Done. Returned value was: None
[2024-04-02 17:45:05,857] {taskinstance.py:1395} INFO - Marking task as SUCCESS. dag_id=get_stocks_dag, task_id=MSFT, execution_date=20240217T000000, start_date=20240402T204504, end_date=20240402T204505
[2024-04-02 17:45:05,898] {local_task_job.py:156} INFO - Task exited with return code 0
[2024-04-02 17:45:05,959] {local_task_job.py:273} INFO - 0 downstream tasks scheduled from follow-on schedule check
