[2024-04-02 13:11:48,163] {taskinstance.py:1159} INFO - Dependencies all met for <TaskInstance: get_stocks_dag.MSFT scheduled__2024-03-16T00:00:00+00:00 [queued]>
[2024-04-02 13:11:48,169] {taskinstance.py:1159} INFO - Dependencies all met for <TaskInstance: get_stocks_dag.MSFT scheduled__2024-03-16T00:00:00+00:00 [queued]>
[2024-04-02 13:11:48,169] {taskinstance.py:1356} INFO - 
--------------------------------------------------------------------------------
[2024-04-02 13:11:48,170] {taskinstance.py:1357} INFO - Starting attempt 1 of 1
[2024-04-02 13:11:48,170] {taskinstance.py:1358} INFO - 
--------------------------------------------------------------------------------
[2024-04-02 13:11:48,188] {taskinstance.py:1377} INFO - Executing <Task(_PythonDecoratedOperator): MSFT> on 2024-03-16 00:00:00+00:00
[2024-04-02 13:11:48,194] {standard_task_runner.py:52} INFO - Started process 13020 to run task
[2024-04-02 13:11:48,199] {standard_task_runner.py:79} INFO - Running: ['airflow', 'tasks', 'run', 'get_stocks_dag', 'MSFT', 'scheduled__2024-03-16T00:00:00+00:00', '--job-id', '224', '--raw', '--subdir', 'DAGS_FOLDER/get_stocks.py', '--cfg-path', '/tmp/tmpy9fekoke', '--error-file', '/tmp/tmp9kg062s1']
[2024-04-02 13:11:48,200] {standard_task_runner.py:80} INFO - Job 224: Subtask MSFT
[2024-04-02 13:11:48,260] {task_command.py:370} INFO - Running <TaskInstance: get_stocks_dag.MSFT scheduled__2024-03-16T00:00:00+00:00 [running]> on host alexmend-virtual-machine
[2024-04-02 13:11:48,340] {taskinstance.py:1569} INFO - Exporting the following env vars:
AIRFLOW_CTX_DAG_OWNER=airflow
AIRFLOW_CTX_DAG_ID=get_stocks_dag
AIRFLOW_CTX_TASK_ID=MSFT
AIRFLOW_CTX_EXECUTION_DATE=2024-03-16T00:00:00+00:00
AIRFLOW_CTX_TRY_NUMBER=1
AIRFLOW_CTX_DAG_RUN_ID=scheduled__2024-03-16T00:00:00+00:00
[2024-04-02 13:11:49,036] {python.py:173} INFO - Done. Returned value was: None
[2024-04-02 13:11:49,048] {taskinstance.py:1395} INFO - Marking task as SUCCESS. dag_id=get_stocks_dag, task_id=MSFT, execution_date=20240316T000000, start_date=20240402T161148, end_date=20240402T161149
[2024-04-02 13:11:49,096] {local_task_job.py:156} INFO - Task exited with return code 0
[2024-04-02 13:11:49,124] {local_task_job.py:273} INFO - 0 downstream tasks scheduled from follow-on schedule check
[2024-04-02 17:19:52,328] {taskinstance.py:1159} INFO - Dependencies all met for <TaskInstance: get_stocks_dag.MSFT scheduled__2024-03-16T00:00:00+00:00 [queued]>
[2024-04-02 17:19:52,369] {taskinstance.py:1159} INFO - Dependencies all met for <TaskInstance: get_stocks_dag.MSFT scheduled__2024-03-16T00:00:00+00:00 [queued]>
[2024-04-02 17:19:52,370] {taskinstance.py:1356} INFO - 
--------------------------------------------------------------------------------
[2024-04-02 17:19:52,371] {taskinstance.py:1357} INFO - Starting attempt 1 of 1
[2024-04-02 17:19:52,372] {taskinstance.py:1358} INFO - 
--------------------------------------------------------------------------------
[2024-04-02 17:19:52,415] {taskinstance.py:1377} INFO - Executing <Task(_PythonDecoratedOperator): MSFT> on 2024-03-16 00:00:00+00:00
[2024-04-02 17:19:52,427] {standard_task_runner.py:52} INFO - Started process 8880 to run task
[2024-04-02 17:19:52,477] {standard_task_runner.py:79} INFO - Running: ['airflow', 'tasks', 'run', 'get_stocks_dag', 'MSFT', 'scheduled__2024-03-16T00:00:00+00:00', '--job-id', '204', '--raw', '--subdir', 'DAGS_FOLDER/get_stocks.py', '--cfg-path', '/tmp/tmp9hb0msiv', '--error-file', '/tmp/tmpozc0tlbh']
[2024-04-02 17:19:52,479] {standard_task_runner.py:80} INFO - Job 204: Subtask MSFT
[2024-04-02 17:19:52,997] {task_command.py:370} INFO - Running <TaskInstance: get_stocks_dag.MSFT scheduled__2024-03-16T00:00:00+00:00 [running]> on host alexmend-virtual-machine
[2024-04-02 17:19:53,503] {taskinstance.py:1569} INFO - Exporting the following env vars:
AIRFLOW_CTX_DAG_OWNER=airflow
AIRFLOW_CTX_DAG_ID=get_stocks_dag
AIRFLOW_CTX_TASK_ID=MSFT
AIRFLOW_CTX_EXECUTION_DATE=2024-03-16T00:00:00+00:00
AIRFLOW_CTX_TRY_NUMBER=1
AIRFLOW_CTX_DAG_RUN_ID=scheduled__2024-03-16T00:00:00+00:00
[2024-04-02 17:19:54,884] {python.py:173} INFO - Done. Returned value was: None
[2024-04-02 17:19:55,028] {taskinstance.py:1395} INFO - Marking task as SUCCESS. dag_id=get_stocks_dag, task_id=MSFT, execution_date=20240316T000000, start_date=20240402T201952, end_date=20240402T201955
[2024-04-02 17:19:55,188] {local_task_job.py:156} INFO - Task exited with return code 0
[2024-04-02 17:19:55,601] {local_task_job.py:273} INFO - 0 downstream tasks scheduled from follow-on schedule check
[2024-04-02 17:47:00,222] {taskinstance.py:1159} INFO - Dependencies all met for <TaskInstance: get_stocks_dag.MSFT scheduled__2024-03-16T00:00:00+00:00 [queued]>
[2024-04-02 17:47:00,268] {taskinstance.py:1159} INFO - Dependencies all met for <TaskInstance: get_stocks_dag.MSFT scheduled__2024-03-16T00:00:00+00:00 [queued]>
[2024-04-02 17:47:00,268] {taskinstance.py:1356} INFO - 
--------------------------------------------------------------------------------
[2024-04-02 17:47:00,268] {taskinstance.py:1357} INFO - Starting attempt 1 of 1
[2024-04-02 17:47:00,268] {taskinstance.py:1358} INFO - 
--------------------------------------------------------------------------------
[2024-04-02 17:47:00,316] {taskinstance.py:1377} INFO - Executing <Task(_PythonDecoratedOperator): MSFT> on 2024-03-16 00:00:00+00:00
[2024-04-02 17:47:00,335] {standard_task_runner.py:52} INFO - Started process 24131 to run task
[2024-04-02 17:47:00,356] {standard_task_runner.py:79} INFO - Running: ['airflow', 'tasks', 'run', 'get_stocks_dag', 'MSFT', 'scheduled__2024-03-16T00:00:00+00:00', '--job-id', '468', '--raw', '--subdir', 'DAGS_FOLDER/get_stocks.py', '--cfg-path', '/tmp/tmp8385gpon', '--error-file', '/tmp/tmpskaq7lw7']
[2024-04-02 17:47:00,358] {standard_task_runner.py:80} INFO - Job 468: Subtask MSFT
[2024-04-02 17:47:00,601] {task_command.py:370} INFO - Running <TaskInstance: get_stocks_dag.MSFT scheduled__2024-03-16T00:00:00+00:00 [running]> on host alexmend-virtual-machine
[2024-04-02 17:47:00,818] {taskinstance.py:1569} INFO - Exporting the following env vars:
AIRFLOW_CTX_DAG_OWNER=airflow
AIRFLOW_CTX_DAG_ID=get_stocks_dag
AIRFLOW_CTX_TASK_ID=MSFT
AIRFLOW_CTX_EXECUTION_DATE=2024-03-16T00:00:00+00:00
AIRFLOW_CTX_TRY_NUMBER=1
AIRFLOW_CTX_DAG_RUN_ID=scheduled__2024-03-16T00:00:00+00:00
[2024-04-02 17:47:01,552] {python.py:173} INFO - Done. Returned value was: None
[2024-04-02 17:47:01,589] {taskinstance.py:1395} INFO - Marking task as SUCCESS. dag_id=get_stocks_dag, task_id=MSFT, execution_date=20240316T000000, start_date=20240402T204700, end_date=20240402T204701
[2024-04-02 17:47:01,662] {local_task_job.py:156} INFO - Task exited with return code 0
[2024-04-02 17:47:01,758] {local_task_job.py:273} INFO - 0 downstream tasks scheduled from follow-on schedule check
[2024-04-02 19:15:52,255] {taskinstance.py:1159} INFO - Dependencies all met for <TaskInstance: get_stocks_dag.MSFT scheduled__2024-03-16T00:00:00+00:00 [queued]>
[2024-04-02 19:15:52,272] {taskinstance.py:1159} INFO - Dependencies all met for <TaskInstance: get_stocks_dag.MSFT scheduled__2024-03-16T00:00:00+00:00 [queued]>
[2024-04-02 19:15:52,273] {taskinstance.py:1356} INFO - 
--------------------------------------------------------------------------------
[2024-04-02 19:15:52,273] {taskinstance.py:1357} INFO - Starting attempt 1 of 1
[2024-04-02 19:15:52,273] {taskinstance.py:1358} INFO - 
--------------------------------------------------------------------------------
[2024-04-02 19:15:52,317] {taskinstance.py:1377} INFO - Executing <Task(_PythonDecoratedOperator): MSFT> on 2024-03-16 00:00:00+00:00
[2024-04-02 19:15:52,326] {standard_task_runner.py:52} INFO - Started process 15285 to run task
[2024-04-02 19:15:52,339] {standard_task_runner.py:79} INFO - Running: ['airflow', 'tasks', 'run', 'get_stocks_dag', 'MSFT', 'scheduled__2024-03-16T00:00:00+00:00', '--job-id', '570', '--raw', '--subdir', 'DAGS_FOLDER/get_stocks.py', '--cfg-path', '/tmp/tmpek7hkbg6', '--error-file', '/tmp/tmp9taa8mxa']
[2024-04-02 19:15:52,340] {standard_task_runner.py:80} INFO - Job 570: Subtask MSFT
[2024-04-02 19:15:52,461] {task_command.py:370} INFO - Running <TaskInstance: get_stocks_dag.MSFT scheduled__2024-03-16T00:00:00+00:00 [running]> on host alexmend-virtual-machine
[2024-04-02 19:15:52,578] {taskinstance.py:1569} INFO - Exporting the following env vars:
AIRFLOW_CTX_DAG_OWNER=airflow
AIRFLOW_CTX_DAG_ID=get_stocks_dag
AIRFLOW_CTX_TASK_ID=MSFT
AIRFLOW_CTX_EXECUTION_DATE=2024-03-16T00:00:00+00:00
AIRFLOW_CTX_TRY_NUMBER=1
AIRFLOW_CTX_DAG_RUN_ID=scheduled__2024-03-16T00:00:00+00:00
[2024-04-02 19:15:53,278] {python.py:173} INFO - Done. Returned value was: None
[2024-04-02 19:15:53,298] {taskinstance.py:1395} INFO - Marking task as SUCCESS. dag_id=get_stocks_dag, task_id=MSFT, execution_date=20240316T000000, start_date=20240402T221552, end_date=20240402T221553
[2024-04-02 19:15:53,358] {local_task_job.py:156} INFO - Task exited with return code 0
[2024-04-02 19:15:53,460] {local_task_job.py:273} INFO - 0 downstream tasks scheduled from follow-on schedule check
[2024-04-02 20:39:46,749] {taskinstance.py:1159} INFO - Dependencies all met for <TaskInstance: get_stocks_dag.MSFT scheduled__2024-03-16T00:00:00+00:00 [queued]>
[2024-04-02 20:39:46,767] {taskinstance.py:1159} INFO - Dependencies all met for <TaskInstance: get_stocks_dag.MSFT scheduled__2024-03-16T00:00:00+00:00 [queued]>
[2024-04-02 20:39:46,769] {taskinstance.py:1356} INFO - 
--------------------------------------------------------------------------------
[2024-04-02 20:39:46,769] {taskinstance.py:1357} INFO - Starting attempt 1 of 1
[2024-04-02 20:39:46,770] {taskinstance.py:1358} INFO - 
--------------------------------------------------------------------------------
[2024-04-02 20:39:46,792] {taskinstance.py:1377} INFO - Executing <Task(_PythonDecoratedOperator): MSFT> on 2024-03-16 00:00:00+00:00
[2024-04-02 20:39:46,800] {standard_task_runner.py:52} INFO - Started process 26672 to run task
[2024-04-02 20:39:46,808] {standard_task_runner.py:79} INFO - Running: ['airflow', 'tasks', 'run', 'get_stocks_dag', 'MSFT', 'scheduled__2024-03-16T00:00:00+00:00', '--job-id', '670', '--raw', '--subdir', 'DAGS_FOLDER/get_stocks.py', '--cfg-path', '/tmp/tmp9mte6ry_', '--error-file', '/tmp/tmp3iz4ty1p']
[2024-04-02 20:39:46,810] {standard_task_runner.py:80} INFO - Job 670: Subtask MSFT
[2024-04-02 20:39:46,943] {task_command.py:370} INFO - Running <TaskInstance: get_stocks_dag.MSFT scheduled__2024-03-16T00:00:00+00:00 [running]> on host alexmend-virtual-machine
[2024-04-02 20:39:47,098] {taskinstance.py:1569} INFO - Exporting the following env vars:
AIRFLOW_CTX_DAG_OWNER=airflow
AIRFLOW_CTX_DAG_ID=get_stocks_dag
AIRFLOW_CTX_TASK_ID=MSFT
AIRFLOW_CTX_EXECUTION_DATE=2024-03-16T00:00:00+00:00
AIRFLOW_CTX_TRY_NUMBER=1
AIRFLOW_CTX_DAG_RUN_ID=scheduled__2024-03-16T00:00:00+00:00
[2024-04-02 20:39:47,905] {python.py:173} INFO - Done. Returned value was: None
[2024-04-02 20:39:47,953] {taskinstance.py:1395} INFO - Marking task as SUCCESS. dag_id=get_stocks_dag, task_id=MSFT, execution_date=20240316T000000, start_date=20240402T233946, end_date=20240402T233947
[2024-04-02 20:39:47,995] {local_task_job.py:156} INFO - Task exited with return code 0
[2024-04-02 20:39:48,074] {local_task_job.py:273} INFO - 0 downstream tasks scheduled from follow-on schedule check
[2024-04-02 21:51:14,079] {taskinstance.py:1159} INFO - Dependencies all met for <TaskInstance: get_stocks_dag.MSFT scheduled__2024-03-16T00:00:00+00:00 [queued]>
[2024-04-02 21:51:14,125] {taskinstance.py:1159} INFO - Dependencies all met for <TaskInstance: get_stocks_dag.MSFT scheduled__2024-03-16T00:00:00+00:00 [queued]>
[2024-04-02 21:51:14,126] {taskinstance.py:1356} INFO - 
--------------------------------------------------------------------------------
[2024-04-02 21:51:14,126] {taskinstance.py:1357} INFO - Starting attempt 1 of 1
[2024-04-02 21:51:14,126] {taskinstance.py:1358} INFO - 
--------------------------------------------------------------------------------
[2024-04-02 21:51:14,198] {taskinstance.py:1377} INFO - Executing <Task(_PythonDecoratedOperator): MSFT> on 2024-03-16 00:00:00+00:00
[2024-04-02 21:51:14,220] {standard_task_runner.py:52} INFO - Started process 51876 to run task
[2024-04-02 21:51:14,270] {standard_task_runner.py:79} INFO - Running: ['airflow', 'tasks', 'run', 'get_stocks_dag', 'MSFT', 'scheduled__2024-03-16T00:00:00+00:00', '--job-id', '827', '--raw', '--subdir', 'DAGS_FOLDER/get_stocks.py', '--cfg-path', '/tmp/tmpwawx10o8', '--error-file', '/tmp/tmpofpwt6gj']
[2024-04-02 21:51:14,274] {standard_task_runner.py:80} INFO - Job 827: Subtask MSFT
[2024-04-02 21:51:14,605] {task_command.py:370} INFO - Running <TaskInstance: get_stocks_dag.MSFT scheduled__2024-03-16T00:00:00+00:00 [running]> on host alexmend-virtual-machine
[2024-04-02 21:51:14,918] {taskinstance.py:1569} INFO - Exporting the following env vars:
AIRFLOW_CTX_DAG_OWNER=airflow
AIRFLOW_CTX_DAG_ID=get_stocks_dag
AIRFLOW_CTX_TASK_ID=MSFT
AIRFLOW_CTX_EXECUTION_DATE=2024-03-16T00:00:00+00:00
AIRFLOW_CTX_TRY_NUMBER=1
AIRFLOW_CTX_DAG_RUN_ID=scheduled__2024-03-16T00:00:00+00:00
[2024-04-02 21:51:25,642] {python.py:173} INFO - Done. Returned value was: None
[2024-04-02 21:51:25,685] {taskinstance.py:1395} INFO - Marking task as SUCCESS. dag_id=get_stocks_dag, task_id=MSFT, execution_date=20240316T000000, start_date=20240403T005114, end_date=20240403T005125
[2024-04-02 21:51:25,767] {local_task_job.py:156} INFO - Task exited with return code 0
[2024-04-02 21:51:25,851] {local_task_job.py:273} INFO - 0 downstream tasks scheduled from follow-on schedule check
[2024-04-02 23:06:16,522] {taskinstance.py:1159} INFO - Dependencies all met for <TaskInstance: get_stocks_dag.MSFT scheduled__2024-03-16T00:00:00+00:00 [queued]>
[2024-04-02 23:06:16,577] {taskinstance.py:1159} INFO - Dependencies all met for <TaskInstance: get_stocks_dag.MSFT scheduled__2024-03-16T00:00:00+00:00 [queued]>
[2024-04-02 23:06:16,577] {taskinstance.py:1356} INFO - 
--------------------------------------------------------------------------------
[2024-04-02 23:06:16,578] {taskinstance.py:1357} INFO - Starting attempt 1 of 1
[2024-04-02 23:06:16,578] {taskinstance.py:1358} INFO - 
--------------------------------------------------------------------------------
[2024-04-02 23:06:16,656] {taskinstance.py:1377} INFO - Executing <Task(_PythonDecoratedOperator): MSFT> on 2024-03-16 00:00:00+00:00
[2024-04-02 23:06:16,667] {standard_task_runner.py:52} INFO - Started process 79259 to run task
[2024-04-02 23:06:16,687] {standard_task_runner.py:79} INFO - Running: ['airflow', 'tasks', 'run', 'get_stocks_dag', 'MSFT', 'scheduled__2024-03-16T00:00:00+00:00', '--job-id', '1106', '--raw', '--subdir', 'DAGS_FOLDER/get_stocks.py', '--cfg-path', '/tmp/tmpomk_om_u', '--error-file', '/tmp/tmps81u2b1s']
[2024-04-02 23:06:16,718] {standard_task_runner.py:80} INFO - Job 1106: Subtask MSFT
[2024-04-02 23:06:16,916] {task_command.py:370} INFO - Running <TaskInstance: get_stocks_dag.MSFT scheduled__2024-03-16T00:00:00+00:00 [running]> on host alexmend-virtual-machine
[2024-04-02 23:06:17,149] {taskinstance.py:1569} INFO - Exporting the following env vars:
AIRFLOW_CTX_DAG_OWNER=airflow
AIRFLOW_CTX_DAG_ID=get_stocks_dag
AIRFLOW_CTX_TASK_ID=MSFT
AIRFLOW_CTX_EXECUTION_DATE=2024-03-16T00:00:00+00:00
AIRFLOW_CTX_TRY_NUMBER=1
AIRFLOW_CTX_DAG_RUN_ID=scheduled__2024-03-16T00:00:00+00:00
[2024-04-02 23:06:27,923] {python.py:173} INFO - Done. Returned value was: None
[2024-04-02 23:06:27,955] {taskinstance.py:1395} INFO - Marking task as SUCCESS. dag_id=get_stocks_dag, task_id=MSFT, execution_date=20240316T000000, start_date=20240403T020616, end_date=20240403T020627
[2024-04-02 23:06:28,023] {local_task_job.py:156} INFO - Task exited with return code 0
[2024-04-02 23:06:28,084] {local_task_job.py:273} INFO - 0 downstream tasks scheduled from follow-on schedule check
