[2024-04-02 22:03:37,918] {taskinstance.py:1159} INFO - Dependencies all met for <TaskInstance: get_crypto_dag.AVAX scheduled__2024-03-30T00:00:00+00:00 [queued]>
[2024-04-02 22:03:37,936] {taskinstance.py:1159} INFO - Dependencies all met for <TaskInstance: get_crypto_dag.AVAX scheduled__2024-03-30T00:00:00+00:00 [queued]>
[2024-04-02 22:03:37,936] {taskinstance.py:1356} INFO - 
--------------------------------------------------------------------------------
[2024-04-02 22:03:37,937] {taskinstance.py:1357} INFO - Starting attempt 1 of 1
[2024-04-02 22:03:37,937] {taskinstance.py:1358} INFO - 
--------------------------------------------------------------------------------
[2024-04-02 22:03:37,962] {taskinstance.py:1377} INFO - Executing <Task(_PythonDecoratedOperator): AVAX> on 2024-03-30 00:00:00+00:00
[2024-04-02 22:03:37,971] {standard_task_runner.py:52} INFO - Started process 59982 to run task
[2024-04-02 22:03:37,979] {standard_task_runner.py:79} INFO - Running: ['airflow', 'tasks', 'run', 'get_crypto_dag', 'AVAX', 'scheduled__2024-03-30T00:00:00+00:00', '--job-id', '953', '--raw', '--subdir', 'DAGS_FOLDER/get_crypto.py', '--cfg-path', '/tmp/tmpxfyz_uzz', '--error-file', '/tmp/tmpsa9f5ph1']
[2024-04-02 22:03:37,980] {standard_task_runner.py:80} INFO - Job 953: Subtask AVAX
[2024-04-02 22:03:38,125] {task_command.py:370} INFO - Running <TaskInstance: get_crypto_dag.AVAX scheduled__2024-03-30T00:00:00+00:00 [running]> on host alexmend-virtual-machine
[2024-04-02 22:03:38,279] {taskinstance.py:1569} INFO - Exporting the following env vars:
AIRFLOW_CTX_DAG_OWNER=airflow
AIRFLOW_CTX_DAG_ID=get_crypto_dag
AIRFLOW_CTX_TASK_ID=AVAX
AIRFLOW_CTX_EXECUTION_DATE=2024-03-30T00:00:00+00:00
AIRFLOW_CTX_TRY_NUMBER=1
AIRFLOW_CTX_DAG_RUN_ID=scheduled__2024-03-30T00:00:00+00:00
[2024-04-02 22:03:42,014] {history.py:90} ERROR - AVAX: No timezone found, symbol may be delisted
[2024-04-02 22:03:52,033] {python.py:173} INFO - Done. Returned value was: None
[2024-04-02 22:03:52,060] {taskinstance.py:1395} INFO - Marking task as SUCCESS. dag_id=get_crypto_dag, task_id=AVAX, execution_date=20240330T000000, start_date=20240403T010337, end_date=20240403T010352
[2024-04-02 22:03:52,125] {local_task_job.py:156} INFO - Task exited with return code 0
[2024-04-02 22:03:52,198] {local_task_job.py:273} INFO - 0 downstream tasks scheduled from follow-on schedule check
[2024-04-02 23:20:04,425] {taskinstance.py:1159} INFO - Dependencies all met for <TaskInstance: get_crypto_dag.AVAX scheduled__2024-03-30T00:00:00+00:00 [queued]>
[2024-04-02 23:20:04,454] {taskinstance.py:1159} INFO - Dependencies all met for <TaskInstance: get_crypto_dag.AVAX scheduled__2024-03-30T00:00:00+00:00 [queued]>
[2024-04-02 23:20:04,455] {taskinstance.py:1356} INFO - 
--------------------------------------------------------------------------------
[2024-04-02 23:20:04,456] {taskinstance.py:1357} INFO - Starting attempt 1 of 1
[2024-04-02 23:20:04,456] {taskinstance.py:1358} INFO - 
--------------------------------------------------------------------------------
[2024-04-02 23:20:04,491] {taskinstance.py:1377} INFO - Executing <Task(_PythonDecoratedOperator): AVAX> on 2024-03-30 00:00:00+00:00
[2024-04-02 23:20:04,511] {standard_task_runner.py:52} INFO - Started process 86901 to run task
[2024-04-02 23:20:04,518] {standard_task_runner.py:79} INFO - Running: ['airflow', 'tasks', 'run', 'get_crypto_dag', 'AVAX', 'scheduled__2024-03-30T00:00:00+00:00', '--job-id', '1204', '--raw', '--subdir', 'DAGS_FOLDER/get_crypto.py', '--cfg-path', '/tmp/tmph3j4lz8q', '--error-file', '/tmp/tmp1j9glgk3']
[2024-04-02 23:20:04,523] {standard_task_runner.py:80} INFO - Job 1204: Subtask AVAX
[2024-04-02 23:20:04,720] {task_command.py:370} INFO - Running <TaskInstance: get_crypto_dag.AVAX scheduled__2024-03-30T00:00:00+00:00 [running]> on host alexmend-virtual-machine
[2024-04-02 23:20:04,919] {taskinstance.py:1569} INFO - Exporting the following env vars:
AIRFLOW_CTX_DAG_OWNER=airflow
AIRFLOW_CTX_DAG_ID=get_crypto_dag
AIRFLOW_CTX_TASK_ID=AVAX
AIRFLOW_CTX_EXECUTION_DATE=2024-03-30T00:00:00+00:00
AIRFLOW_CTX_TRY_NUMBER=1
AIRFLOW_CTX_DAG_RUN_ID=scheduled__2024-03-30T00:00:00+00:00
[2024-04-02 23:20:08,787] {history.py:90} ERROR - AVAX: No timezone found, symbol may be delisted
[2024-04-02 23:20:18,824] {python.py:173} INFO - Done. Returned value was: None
[2024-04-02 23:20:18,852] {taskinstance.py:1395} INFO - Marking task as SUCCESS. dag_id=get_crypto_dag, task_id=AVAX, execution_date=20240330T000000, start_date=20240403T022004, end_date=20240403T022018
[2024-04-02 23:20:18,891] {local_task_job.py:156} INFO - Task exited with return code 0
[2024-04-02 23:20:18,959] {local_task_job.py:273} INFO - 0 downstream tasks scheduled from follow-on schedule check
