[2024-04-02 21:45:02,756] {taskinstance.py:1159} INFO - Dependencies all met for <TaskInstance: get_crypto_dag.DOGE scheduled__2024-02-28T00:00:00+00:00 [queued]>
[2024-04-02 21:45:02,794] {taskinstance.py:1159} INFO - Dependencies all met for <TaskInstance: get_crypto_dag.DOGE scheduled__2024-02-28T00:00:00+00:00 [queued]>
[2024-04-02 21:45:02,796] {taskinstance.py:1356} INFO - 
--------------------------------------------------------------------------------
[2024-04-02 21:45:02,796] {taskinstance.py:1357} INFO - Starting attempt 1 of 1
[2024-04-02 21:45:02,797] {taskinstance.py:1358} INFO - 
--------------------------------------------------------------------------------
[2024-04-02 21:45:02,838] {taskinstance.py:1377} INFO - Executing <Task(_PythonDecoratedOperator): DOGE> on 2024-02-28 00:00:00+00:00
[2024-04-02 21:45:02,860] {standard_task_runner.py:52} INFO - Started process 47068 to run task
[2024-04-02 21:45:02,888] {standard_task_runner.py:79} INFO - Running: ['airflow', 'tasks', 'run', 'get_crypto_dag', 'DOGE', 'scheduled__2024-02-28T00:00:00+00:00', '--job-id', '741', '--raw', '--subdir', 'DAGS_FOLDER/get_crypto.py', '--cfg-path', '/tmp/tmp55w0u3s3', '--error-file', '/tmp/tmpkzj895wj']
[2024-04-02 21:45:02,891] {standard_task_runner.py:80} INFO - Job 741: Subtask DOGE
[2024-04-02 21:45:03,174] {task_command.py:370} INFO - Running <TaskInstance: get_crypto_dag.DOGE scheduled__2024-02-28T00:00:00+00:00 [running]> on host alexmend-virtual-machine
[2024-04-02 21:45:03,561] {taskinstance.py:1569} INFO - Exporting the following env vars:
AIRFLOW_CTX_DAG_OWNER=airflow
AIRFLOW_CTX_DAG_ID=get_crypto_dag
AIRFLOW_CTX_TASK_ID=DOGE
AIRFLOW_CTX_EXECUTION_DATE=2024-02-28T00:00:00+00:00
AIRFLOW_CTX_TRY_NUMBER=1
AIRFLOW_CTX_DAG_RUN_ID=scheduled__2024-02-28T00:00:00+00:00
[2024-04-02 21:45:07,968] {history.py:90} ERROR - DOGE: No timezone found, symbol may be delisted
[2024-04-02 21:45:18,006] {python.py:173} INFO - Done. Returned value was: None
[2024-04-02 21:45:18,051] {taskinstance.py:1395} INFO - Marking task as SUCCESS. dag_id=get_crypto_dag, task_id=DOGE, execution_date=20240228T000000, start_date=20240403T004502, end_date=20240403T004518
[2024-04-02 21:45:18,146] {local_task_job.py:156} INFO - Task exited with return code 0
[2024-04-02 21:45:18,310] {local_task_job.py:273} INFO - 0 downstream tasks scheduled from follow-on schedule check
[2024-04-02 22:48:44,337] {taskinstance.py:1159} INFO - Dependencies all met for <TaskInstance: get_crypto_dag.DOGE scheduled__2024-02-28T00:00:00+00:00 [queued]>
[2024-04-02 22:48:44,381] {taskinstance.py:1159} INFO - Dependencies all met for <TaskInstance: get_crypto_dag.DOGE scheduled__2024-02-28T00:00:00+00:00 [queued]>
[2024-04-02 22:48:44,383] {taskinstance.py:1356} INFO - 
--------------------------------------------------------------------------------
[2024-04-02 22:48:44,384] {taskinstance.py:1357} INFO - Starting attempt 1 of 1
[2024-04-02 22:48:44,385] {taskinstance.py:1358} INFO - 
--------------------------------------------------------------------------------
[2024-04-02 22:48:44,429] {taskinstance.py:1377} INFO - Executing <Task(_PythonDecoratedOperator): DOGE> on 2024-02-28 00:00:00+00:00
[2024-04-02 22:48:44,444] {standard_task_runner.py:52} INFO - Started process 70092 to run task
[2024-04-02 22:48:44,454] {standard_task_runner.py:79} INFO - Running: ['airflow', 'tasks', 'run', 'get_crypto_dag', 'DOGE', 'scheduled__2024-02-28T00:00:00+00:00', '--job-id', '986', '--raw', '--subdir', 'DAGS_FOLDER/get_crypto.py', '--cfg-path', '/tmp/tmpcf3jpg28', '--error-file', '/tmp/tmp2thnh19y']
[2024-04-02 22:48:44,463] {standard_task_runner.py:80} INFO - Job 986: Subtask DOGE
[2024-04-02 22:48:44,686] {task_command.py:370} INFO - Running <TaskInstance: get_crypto_dag.DOGE scheduled__2024-02-28T00:00:00+00:00 [running]> on host alexmend-virtual-machine
[2024-04-02 22:48:44,910] {taskinstance.py:1569} INFO - Exporting the following env vars:
AIRFLOW_CTX_DAG_OWNER=airflow
AIRFLOW_CTX_DAG_ID=get_crypto_dag
AIRFLOW_CTX_TASK_ID=DOGE
AIRFLOW_CTX_EXECUTION_DATE=2024-02-28T00:00:00+00:00
AIRFLOW_CTX_TRY_NUMBER=1
AIRFLOW_CTX_DAG_RUN_ID=scheduled__2024-02-28T00:00:00+00:00
[2024-04-02 22:48:48,549] {history.py:90} ERROR - DOGE: No timezone found, symbol may be delisted
[2024-04-02 22:48:58,572] {python.py:173} INFO - Done. Returned value was: None
[2024-04-02 22:48:58,687] {taskinstance.py:1395} INFO - Marking task as SUCCESS. dag_id=get_crypto_dag, task_id=DOGE, execution_date=20240228T000000, start_date=20240403T014844, end_date=20240403T014858
[2024-04-02 22:48:58,830] {local_task_job.py:156} INFO - Task exited with return code 0
[2024-04-02 22:48:59,092] {local_task_job.py:273} INFO - 0 downstream tasks scheduled from follow-on schedule check
