[2024-04-02 12:59:30,341] {taskinstance.py:1159} INFO - Dependencies all met for <TaskInstance: get_stocks_dag.MSFT scheduled__2024-01-13T00:00:00+00:00 [queued]>
[2024-04-02 12:59:30,349] {taskinstance.py:1159} INFO - Dependencies all met for <TaskInstance: get_stocks_dag.MSFT scheduled__2024-01-13T00:00:00+00:00 [queued]>
[2024-04-02 12:59:30,349] {taskinstance.py:1356} INFO - 
--------------------------------------------------------------------------------
[2024-04-02 12:59:30,350] {taskinstance.py:1357} INFO - Starting attempt 1 of 1
[2024-04-02 12:59:30,350] {taskinstance.py:1358} INFO - 
--------------------------------------------------------------------------------
[2024-04-02 12:59:30,378] {taskinstance.py:1377} INFO - Executing <Task(_PythonDecoratedOperator): MSFT> on 2024-01-13 00:00:00+00:00
[2024-04-02 12:59:30,386] {standard_task_runner.py:52} INFO - Started process 8693 to run task
[2024-04-02 12:59:30,393] {standard_task_runner.py:79} INFO - Running: ['airflow', 'tasks', 'run', 'get_stocks_dag', 'MSFT', 'scheduled__2024-01-13T00:00:00+00:00', '--job-id', '44', '--raw', '--subdir', 'DAGS_FOLDER/get_stocks.py', '--cfg-path', '/tmp/tmpgx9qsth3', '--error-file', '/tmp/tmpm9n5d2ih']
[2024-04-02 12:59:30,394] {standard_task_runner.py:80} INFO - Job 44: Subtask MSFT
[2024-04-02 12:59:30,470] {task_command.py:370} INFO - Running <TaskInstance: get_stocks_dag.MSFT scheduled__2024-01-13T00:00:00+00:00 [running]> on host alexmend-virtual-machine
[2024-04-02 12:59:30,565] {taskinstance.py:1569} INFO - Exporting the following env vars:
AIRFLOW_CTX_DAG_OWNER=airflow
AIRFLOW_CTX_DAG_ID=get_stocks_dag
AIRFLOW_CTX_TASK_ID=MSFT
AIRFLOW_CTX_EXECUTION_DATE=2024-01-13T00:00:00+00:00
AIRFLOW_CTX_TRY_NUMBER=1
AIRFLOW_CTX_DAG_RUN_ID=scheduled__2024-01-13T00:00:00+00:00
[2024-04-02 12:59:31,321] {python.py:173} INFO - Done. Returned value was: None
[2024-04-02 12:59:31,331] {taskinstance.py:1395} INFO - Marking task as SUCCESS. dag_id=get_stocks_dag, task_id=MSFT, execution_date=20240113T000000, start_date=20240402T155930, end_date=20240402T155931
[2024-04-02 12:59:31,376] {local_task_job.py:156} INFO - Task exited with return code 0
[2024-04-02 12:59:31,405] {local_task_job.py:273} INFO - 0 downstream tasks scheduled from follow-on schedule check
[2024-04-02 17:17:04,477] {taskinstance.py:1159} INFO - Dependencies all met for <TaskInstance: get_stocks_dag.MSFT scheduled__2024-01-13T00:00:00+00:00 [queued]>
[2024-04-02 17:17:04,772] {taskinstance.py:1159} INFO - Dependencies all met for <TaskInstance: get_stocks_dag.MSFT scheduled__2024-01-13T00:00:00+00:00 [queued]>
[2024-04-02 17:17:04,772] {taskinstance.py:1356} INFO - 
--------------------------------------------------------------------------------
[2024-04-02 17:17:04,772] {taskinstance.py:1357} INFO - Starting attempt 1 of 1
[2024-04-02 17:17:04,772] {taskinstance.py:1358} INFO - 
--------------------------------------------------------------------------------
[2024-04-02 17:17:04,912] {taskinstance.py:1377} INFO - Executing <Task(_PythonDecoratedOperator): MSFT> on 2024-01-13 00:00:00+00:00
[2024-04-02 17:17:04,999] {standard_task_runner.py:52} INFO - Started process 4373 to run task
[2024-04-02 17:17:06,018] {standard_task_runner.py:79} INFO - Running: ['airflow', 'tasks', 'run', 'get_stocks_dag', 'MSFT', 'scheduled__2024-01-13T00:00:00+00:00', '--job-id', '28', '--raw', '--subdir', 'DAGS_FOLDER/get_stocks.py', '--cfg-path', '/tmp/tmpkgyfp1y2', '--error-file', '/tmp/tmp53b1wjqz']
[2024-04-02 17:17:06,019] {standard_task_runner.py:80} INFO - Job 28: Subtask MSFT
[2024-04-02 17:17:12,219] {task_command.py:370} INFO - Running <TaskInstance: get_stocks_dag.MSFT scheduled__2024-01-13T00:00:00+00:00 [running]> on host alexmend-virtual-machine
[2024-04-02 17:17:14,813] {taskinstance.py:1569} INFO - Exporting the following env vars:
AIRFLOW_CTX_DAG_OWNER=airflow
AIRFLOW_CTX_DAG_ID=get_stocks_dag
AIRFLOW_CTX_TASK_ID=MSFT
AIRFLOW_CTX_EXECUTION_DATE=2024-01-13T00:00:00+00:00
AIRFLOW_CTX_TRY_NUMBER=1
AIRFLOW_CTX_DAG_RUN_ID=scheduled__2024-01-13T00:00:00+00:00
[2024-04-02 17:17:20,998] {python.py:173} INFO - Done. Returned value was: None
[2024-04-02 17:17:21,319] {taskinstance.py:1395} INFO - Marking task as SUCCESS. dag_id=get_stocks_dag, task_id=MSFT, execution_date=20240113T000000, start_date=20240402T201704, end_date=20240402T201721
[2024-04-02 17:17:21,800] {local_task_job.py:156} INFO - Task exited with return code 0
[2024-04-02 17:17:22,069] {local_task_job.py:273} INFO - 0 downstream tasks scheduled from follow-on schedule check
[2024-04-02 17:42:40,993] {taskinstance.py:1159} INFO - Dependencies all met for <TaskInstance: get_stocks_dag.MSFT scheduled__2024-01-13T00:00:00+00:00 [queued]>
[2024-04-02 17:42:41,007] {taskinstance.py:1159} INFO - Dependencies all met for <TaskInstance: get_stocks_dag.MSFT scheduled__2024-01-13T00:00:00+00:00 [queued]>
[2024-04-02 17:42:41,008] {taskinstance.py:1356} INFO - 
--------------------------------------------------------------------------------
[2024-04-02 17:42:41,008] {taskinstance.py:1357} INFO - Starting attempt 1 of 1
[2024-04-02 17:42:41,008] {taskinstance.py:1358} INFO - 
--------------------------------------------------------------------------------
[2024-04-02 17:42:41,035] {taskinstance.py:1377} INFO - Executing <Task(_PythonDecoratedOperator): MSFT> on 2024-01-13 00:00:00+00:00
[2024-04-02 17:42:41,042] {standard_task_runner.py:52} INFO - Started process 18954 to run task
[2024-04-02 17:42:41,050] {standard_task_runner.py:79} INFO - Running: ['airflow', 'tasks', 'run', 'get_stocks_dag', 'MSFT', 'scheduled__2024-01-13T00:00:00+00:00', '--job-id', '288', '--raw', '--subdir', 'DAGS_FOLDER/get_stocks.py', '--cfg-path', '/tmp/tmp2apkdzjo', '--error-file', '/tmp/tmpcghdgb6s']
[2024-04-02 17:42:41,052] {standard_task_runner.py:80} INFO - Job 288: Subtask MSFT
[2024-04-02 17:42:41,163] {task_command.py:370} INFO - Running <TaskInstance: get_stocks_dag.MSFT scheduled__2024-01-13T00:00:00+00:00 [running]> on host alexmend-virtual-machine
[2024-04-02 17:42:41,320] {taskinstance.py:1569} INFO - Exporting the following env vars:
AIRFLOW_CTX_DAG_OWNER=airflow
AIRFLOW_CTX_DAG_ID=get_stocks_dag
AIRFLOW_CTX_TASK_ID=MSFT
AIRFLOW_CTX_EXECUTION_DATE=2024-01-13T00:00:00+00:00
AIRFLOW_CTX_TRY_NUMBER=1
AIRFLOW_CTX_DAG_RUN_ID=scheduled__2024-01-13T00:00:00+00:00
[2024-04-02 17:42:41,924] {python.py:173} INFO - Done. Returned value was: None
[2024-04-02 17:42:41,948] {taskinstance.py:1395} INFO - Marking task as SUCCESS. dag_id=get_stocks_dag, task_id=MSFT, execution_date=20240113T000000, start_date=20240402T204240, end_date=20240402T204241
[2024-04-02 17:42:41,987] {local_task_job.py:156} INFO - Task exited with return code 0
[2024-04-02 17:42:42,056] {local_task_job.py:273} INFO - 0 downstream tasks scheduled from follow-on schedule check
