[2024-04-02 13:10:59,490] {taskinstance.py:1159} INFO - Dependencies all met for <TaskInstance: get_stocks_dag.MSFT scheduled__2024-03-13T00:00:00+00:00 [queued]>
[2024-04-02 13:10:59,498] {taskinstance.py:1159} INFO - Dependencies all met for <TaskInstance: get_stocks_dag.MSFT scheduled__2024-03-13T00:00:00+00:00 [queued]>
[2024-04-02 13:10:59,498] {taskinstance.py:1356} INFO - 
--------------------------------------------------------------------------------
[2024-04-02 13:10:59,498] {taskinstance.py:1357} INFO - Starting attempt 1 of 1
[2024-04-02 13:10:59,498] {taskinstance.py:1358} INFO - 
--------------------------------------------------------------------------------
[2024-04-02 13:10:59,518] {taskinstance.py:1377} INFO - Executing <Task(_PythonDecoratedOperator): MSFT> on 2024-03-13 00:00:00+00:00
[2024-04-02 13:10:59,525] {standard_task_runner.py:52} INFO - Started process 12729 to run task
[2024-04-02 13:10:59,533] {standard_task_runner.py:79} INFO - Running: ['airflow', 'tasks', 'run', 'get_stocks_dag', 'MSFT', 'scheduled__2024-03-13T00:00:00+00:00', '--job-id', '212', '--raw', '--subdir', 'DAGS_FOLDER/get_stocks.py', '--cfg-path', '/tmp/tmpaot6nean', '--error-file', '/tmp/tmpmlri9qow']
[2024-04-02 13:10:59,534] {standard_task_runner.py:80} INFO - Job 212: Subtask MSFT
[2024-04-02 13:10:59,617] {task_command.py:370} INFO - Running <TaskInstance: get_stocks_dag.MSFT scheduled__2024-03-13T00:00:00+00:00 [running]> on host alexmend-virtual-machine
[2024-04-02 13:10:59,710] {taskinstance.py:1569} INFO - Exporting the following env vars:
AIRFLOW_CTX_DAG_OWNER=airflow
AIRFLOW_CTX_DAG_ID=get_stocks_dag
AIRFLOW_CTX_TASK_ID=MSFT
AIRFLOW_CTX_EXECUTION_DATE=2024-03-13T00:00:00+00:00
AIRFLOW_CTX_TRY_NUMBER=1
AIRFLOW_CTX_DAG_RUN_ID=scheduled__2024-03-13T00:00:00+00:00
[2024-04-02 13:11:00,413] {python.py:173} INFO - Done. Returned value was: None
[2024-04-02 13:11:00,426] {taskinstance.py:1395} INFO - Marking task as SUCCESS. dag_id=get_stocks_dag, task_id=MSFT, execution_date=20240313T000000, start_date=20240402T161059, end_date=20240402T161100
[2024-04-02 13:11:00,469] {local_task_job.py:156} INFO - Task exited with return code 0
[2024-04-02 13:11:00,498] {local_task_job.py:273} INFO - 0 downstream tasks scheduled from follow-on schedule check
[2024-04-02 17:19:42,262] {taskinstance.py:1159} INFO - Dependencies all met for <TaskInstance: get_stocks_dag.MSFT scheduled__2024-03-13T00:00:00+00:00 [queued]>
[2024-04-02 17:19:42,318] {taskinstance.py:1159} INFO - Dependencies all met for <TaskInstance: get_stocks_dag.MSFT scheduled__2024-03-13T00:00:00+00:00 [queued]>
[2024-04-02 17:19:42,319] {taskinstance.py:1356} INFO - 
--------------------------------------------------------------------------------
[2024-04-02 17:19:42,319] {taskinstance.py:1357} INFO - Starting attempt 1 of 1
[2024-04-02 17:19:42,319] {taskinstance.py:1358} INFO - 
--------------------------------------------------------------------------------
[2024-04-02 17:19:42,522] {taskinstance.py:1377} INFO - Executing <Task(_PythonDecoratedOperator): MSFT> on 2024-03-13 00:00:00+00:00
[2024-04-02 17:19:42,564] {standard_task_runner.py:52} INFO - Started process 8611 to run task
[2024-04-02 17:19:42,629] {standard_task_runner.py:79} INFO - Running: ['airflow', 'tasks', 'run', 'get_stocks_dag', 'MSFT', 'scheduled__2024-03-13T00:00:00+00:00', '--job-id', '194', '--raw', '--subdir', 'DAGS_FOLDER/get_stocks.py', '--cfg-path', '/tmp/tmp4_yxxheu', '--error-file', '/tmp/tmpfzkhordb']
[2024-04-02 17:19:42,631] {standard_task_runner.py:80} INFO - Job 194: Subtask MSFT
[2024-04-02 17:19:43,268] {task_command.py:370} INFO - Running <TaskInstance: get_stocks_dag.MSFT scheduled__2024-03-13T00:00:00+00:00 [running]> on host alexmend-virtual-machine
[2024-04-02 17:19:43,742] {taskinstance.py:1569} INFO - Exporting the following env vars:
AIRFLOW_CTX_DAG_OWNER=airflow
AIRFLOW_CTX_DAG_ID=get_stocks_dag
AIRFLOW_CTX_TASK_ID=MSFT
AIRFLOW_CTX_EXECUTION_DATE=2024-03-13T00:00:00+00:00
AIRFLOW_CTX_TRY_NUMBER=1
AIRFLOW_CTX_DAG_RUN_ID=scheduled__2024-03-13T00:00:00+00:00
[2024-04-02 17:19:45,015] {python.py:173} INFO - Done. Returned value was: None
[2024-04-02 17:19:45,160] {taskinstance.py:1395} INFO - Marking task as SUCCESS. dag_id=get_stocks_dag, task_id=MSFT, execution_date=20240313T000000, start_date=20240402T201942, end_date=20240402T201945
[2024-04-02 17:19:45,295] {local_task_job.py:156} INFO - Task exited with return code 0
[2024-04-02 17:19:45,610] {local_task_job.py:273} INFO - 0 downstream tasks scheduled from follow-on schedule check
[2024-04-02 17:46:38,264] {taskinstance.py:1159} INFO - Dependencies all met for <TaskInstance: get_stocks_dag.MSFT scheduled__2024-03-13T00:00:00+00:00 [queued]>
[2024-04-02 17:46:38,292] {taskinstance.py:1159} INFO - Dependencies all met for <TaskInstance: get_stocks_dag.MSFT scheduled__2024-03-13T00:00:00+00:00 [queued]>
[2024-04-02 17:46:38,293] {taskinstance.py:1356} INFO - 
--------------------------------------------------------------------------------
[2024-04-02 17:46:38,293] {taskinstance.py:1357} INFO - Starting attempt 1 of 1
[2024-04-02 17:46:38,293] {taskinstance.py:1358} INFO - 
--------------------------------------------------------------------------------
[2024-04-02 17:46:38,338] {taskinstance.py:1377} INFO - Executing <Task(_PythonDecoratedOperator): MSFT> on 2024-03-13 00:00:00+00:00
[2024-04-02 17:46:38,347] {standard_task_runner.py:52} INFO - Started process 23829 to run task
[2024-04-02 17:46:38,368] {standard_task_runner.py:79} INFO - Running: ['airflow', 'tasks', 'run', 'get_stocks_dag', 'MSFT', 'scheduled__2024-03-13T00:00:00+00:00', '--job-id', '457', '--raw', '--subdir', 'DAGS_FOLDER/get_stocks.py', '--cfg-path', '/tmp/tmpi2ustfmi', '--error-file', '/tmp/tmpvt8kdgs3']
[2024-04-02 17:46:38,388] {standard_task_runner.py:80} INFO - Job 457: Subtask MSFT
[2024-04-02 17:46:38,582] {task_command.py:370} INFO - Running <TaskInstance: get_stocks_dag.MSFT scheduled__2024-03-13T00:00:00+00:00 [running]> on host alexmend-virtual-machine
[2024-04-02 17:46:38,847] {taskinstance.py:1569} INFO - Exporting the following env vars:
AIRFLOW_CTX_DAG_OWNER=airflow
AIRFLOW_CTX_DAG_ID=get_stocks_dag
AIRFLOW_CTX_TASK_ID=MSFT
AIRFLOW_CTX_EXECUTION_DATE=2024-03-13T00:00:00+00:00
AIRFLOW_CTX_TRY_NUMBER=1
AIRFLOW_CTX_DAG_RUN_ID=scheduled__2024-03-13T00:00:00+00:00
[2024-04-02 17:46:39,762] {python.py:173} INFO - Done. Returned value was: None
[2024-04-02 17:46:39,817] {taskinstance.py:1395} INFO - Marking task as SUCCESS. dag_id=get_stocks_dag, task_id=MSFT, execution_date=20240313T000000, start_date=20240402T204638, end_date=20240402T204639
[2024-04-02 17:46:39,865] {local_task_job.py:156} INFO - Task exited with return code 0
[2024-04-02 17:46:39,967] {local_task_job.py:273} INFO - 0 downstream tasks scheduled from follow-on schedule check
[2024-04-02 19:15:33,306] {taskinstance.py:1159} INFO - Dependencies all met for <TaskInstance: get_stocks_dag.MSFT scheduled__2024-03-13T00:00:00+00:00 [queued]>
[2024-04-02 19:15:33,322] {taskinstance.py:1159} INFO - Dependencies all met for <TaskInstance: get_stocks_dag.MSFT scheduled__2024-03-13T00:00:00+00:00 [queued]>
[2024-04-02 19:15:33,323] {taskinstance.py:1356} INFO - 
--------------------------------------------------------------------------------
[2024-04-02 19:15:33,323] {taskinstance.py:1357} INFO - Starting attempt 1 of 1
[2024-04-02 19:15:33,323] {taskinstance.py:1358} INFO - 
--------------------------------------------------------------------------------
[2024-04-02 19:15:33,342] {taskinstance.py:1377} INFO - Executing <Task(_PythonDecoratedOperator): MSFT> on 2024-03-13 00:00:00+00:00
[2024-04-02 19:15:33,351] {standard_task_runner.py:52} INFO - Started process 14860 to run task
[2024-04-02 19:15:33,360] {standard_task_runner.py:79} INFO - Running: ['airflow', 'tasks', 'run', 'get_stocks_dag', 'MSFT', 'scheduled__2024-03-13T00:00:00+00:00', '--job-id', '558', '--raw', '--subdir', 'DAGS_FOLDER/get_stocks.py', '--cfg-path', '/tmp/tmpyhavknz0', '--error-file', '/tmp/tmp3mzv8bwj']
[2024-04-02 19:15:33,362] {standard_task_runner.py:80} INFO - Job 558: Subtask MSFT
[2024-04-02 19:15:33,512] {task_command.py:370} INFO - Running <TaskInstance: get_stocks_dag.MSFT scheduled__2024-03-13T00:00:00+00:00 [running]> on host alexmend-virtual-machine
[2024-04-02 19:15:33,635] {taskinstance.py:1569} INFO - Exporting the following env vars:
AIRFLOW_CTX_DAG_OWNER=airflow
AIRFLOW_CTX_DAG_ID=get_stocks_dag
AIRFLOW_CTX_TASK_ID=MSFT
AIRFLOW_CTX_EXECUTION_DATE=2024-03-13T00:00:00+00:00
AIRFLOW_CTX_TRY_NUMBER=1
AIRFLOW_CTX_DAG_RUN_ID=scheduled__2024-03-13T00:00:00+00:00
[2024-04-02 19:15:34,283] {python.py:173} INFO - Done. Returned value was: None
[2024-04-02 19:15:34,312] {taskinstance.py:1395} INFO - Marking task as SUCCESS. dag_id=get_stocks_dag, task_id=MSFT, execution_date=20240313T000000, start_date=20240402T221533, end_date=20240402T221534
[2024-04-02 19:15:34,351] {local_task_job.py:156} INFO - Task exited with return code 0
[2024-04-02 19:15:34,429] {local_task_job.py:273} INFO - 0 downstream tasks scheduled from follow-on schedule check
[2024-04-02 20:39:23,471] {taskinstance.py:1159} INFO - Dependencies all met for <TaskInstance: get_stocks_dag.MSFT scheduled__2024-03-13T00:00:00+00:00 [queued]>
[2024-04-02 20:39:23,484] {taskinstance.py:1159} INFO - Dependencies all met for <TaskInstance: get_stocks_dag.MSFT scheduled__2024-03-13T00:00:00+00:00 [queued]>
[2024-04-02 20:39:23,484] {taskinstance.py:1356} INFO - 
--------------------------------------------------------------------------------
[2024-04-02 20:39:23,484] {taskinstance.py:1357} INFO - Starting attempt 1 of 1
[2024-04-02 20:39:23,484] {taskinstance.py:1358} INFO - 
--------------------------------------------------------------------------------
[2024-04-02 20:39:23,509] {taskinstance.py:1377} INFO - Executing <Task(_PythonDecoratedOperator): MSFT> on 2024-03-13 00:00:00+00:00
[2024-04-02 20:39:23,521] {standard_task_runner.py:52} INFO - Started process 26247 to run task
[2024-04-02 20:39:23,528] {standard_task_runner.py:79} INFO - Running: ['airflow', 'tasks', 'run', 'get_stocks_dag', 'MSFT', 'scheduled__2024-03-13T00:00:00+00:00', '--job-id', '658', '--raw', '--subdir', 'DAGS_FOLDER/get_stocks.py', '--cfg-path', '/tmp/tmpytbp9d3c', '--error-file', '/tmp/tmpg1kkq91z']
[2024-04-02 20:39:23,529] {standard_task_runner.py:80} INFO - Job 658: Subtask MSFT
[2024-04-02 20:39:23,650] {task_command.py:370} INFO - Running <TaskInstance: get_stocks_dag.MSFT scheduled__2024-03-13T00:00:00+00:00 [running]> on host alexmend-virtual-machine
[2024-04-02 20:39:23,846] {taskinstance.py:1569} INFO - Exporting the following env vars:
AIRFLOW_CTX_DAG_OWNER=airflow
AIRFLOW_CTX_DAG_ID=get_stocks_dag
AIRFLOW_CTX_TASK_ID=MSFT
AIRFLOW_CTX_EXECUTION_DATE=2024-03-13T00:00:00+00:00
AIRFLOW_CTX_TRY_NUMBER=1
AIRFLOW_CTX_DAG_RUN_ID=scheduled__2024-03-13T00:00:00+00:00
[2024-04-02 20:39:24,570] {python.py:173} INFO - Done. Returned value was: None
[2024-04-02 20:39:24,750] {taskinstance.py:1395} INFO - Marking task as SUCCESS. dag_id=get_stocks_dag, task_id=MSFT, execution_date=20240313T000000, start_date=20240402T233923, end_date=20240402T233924
[2024-04-02 20:39:24,795] {local_task_job.py:156} INFO - Task exited with return code 0
[2024-04-02 20:39:24,860] {local_task_job.py:273} INFO - 0 downstream tasks scheduled from follow-on schedule check
[2024-04-02 21:49:43,823] {taskinstance.py:1159} INFO - Dependencies all met for <TaskInstance: get_stocks_dag.MSFT scheduled__2024-03-13T00:00:00+00:00 [queued]>
[2024-04-02 21:49:43,879] {taskinstance.py:1159} INFO - Dependencies all met for <TaskInstance: get_stocks_dag.MSFT scheduled__2024-03-13T00:00:00+00:00 [queued]>
[2024-04-02 21:49:43,879] {taskinstance.py:1356} INFO - 
--------------------------------------------------------------------------------
[2024-04-02 21:49:43,880] {taskinstance.py:1357} INFO - Starting attempt 1 of 1
[2024-04-02 21:49:43,880] {taskinstance.py:1358} INFO - 
--------------------------------------------------------------------------------
[2024-04-02 21:49:43,925] {taskinstance.py:1377} INFO - Executing <Task(_PythonDecoratedOperator): MSFT> on 2024-03-13 00:00:00+00:00
[2024-04-02 21:49:43,951] {standard_task_runner.py:52} INFO - Started process 50640 to run task
[2024-04-02 21:49:43,971] {standard_task_runner.py:79} INFO - Running: ['airflow', 'tasks', 'run', 'get_stocks_dag', 'MSFT', 'scheduled__2024-03-13T00:00:00+00:00', '--job-id', '804', '--raw', '--subdir', 'DAGS_FOLDER/get_stocks.py', '--cfg-path', '/tmp/tmp7qveakfi', '--error-file', '/tmp/tmpxx5rx20n']
[2024-04-02 21:49:43,977] {standard_task_runner.py:80} INFO - Job 804: Subtask MSFT
[2024-04-02 21:49:44,343] {task_command.py:370} INFO - Running <TaskInstance: get_stocks_dag.MSFT scheduled__2024-03-13T00:00:00+00:00 [running]> on host alexmend-virtual-machine
[2024-04-02 21:49:44,818] {taskinstance.py:1569} INFO - Exporting the following env vars:
AIRFLOW_CTX_DAG_OWNER=airflow
AIRFLOW_CTX_DAG_ID=get_stocks_dag
AIRFLOW_CTX_TASK_ID=MSFT
AIRFLOW_CTX_EXECUTION_DATE=2024-03-13T00:00:00+00:00
AIRFLOW_CTX_TRY_NUMBER=1
AIRFLOW_CTX_DAG_RUN_ID=scheduled__2024-03-13T00:00:00+00:00
[2024-04-02 21:49:55,862] {python.py:173} INFO - Done. Returned value was: None
[2024-04-02 21:49:55,977] {taskinstance.py:1395} INFO - Marking task as SUCCESS. dag_id=get_stocks_dag, task_id=MSFT, execution_date=20240313T000000, start_date=20240403T004943, end_date=20240403T004955
[2024-04-02 21:49:56,052] {local_task_job.py:156} INFO - Task exited with return code 0
[2024-04-02 21:49:56,168] {local_task_job.py:273} INFO - 0 downstream tasks scheduled from follow-on schedule check
[2024-04-02 23:02:43,269] {taskinstance.py:1159} INFO - Dependencies all met for <TaskInstance: get_stocks_dag.MSFT scheduled__2024-03-13T00:00:00+00:00 [queued]>
[2024-04-02 23:02:43,297] {taskinstance.py:1159} INFO - Dependencies all met for <TaskInstance: get_stocks_dag.MSFT scheduled__2024-03-13T00:00:00+00:00 [queued]>
[2024-04-02 23:02:43,298] {taskinstance.py:1356} INFO - 
--------------------------------------------------------------------------------
[2024-04-02 23:02:43,298] {taskinstance.py:1357} INFO - Starting attempt 1 of 1
[2024-04-02 23:02:43,298] {taskinstance.py:1358} INFO - 
--------------------------------------------------------------------------------
[2024-04-02 23:02:43,332] {taskinstance.py:1377} INFO - Executing <Task(_PythonDecoratedOperator): MSFT> on 2024-03-13 00:00:00+00:00
[2024-04-02 23:02:43,344] {standard_task_runner.py:52} INFO - Started process 77216 to run task
[2024-04-02 23:02:43,355] {standard_task_runner.py:79} INFO - Running: ['airflow', 'tasks', 'run', 'get_stocks_dag', 'MSFT', 'scheduled__2024-03-13T00:00:00+00:00', '--job-id', '1079', '--raw', '--subdir', 'DAGS_FOLDER/get_stocks.py', '--cfg-path', '/tmp/tmppikcjz6z', '--error-file', '/tmp/tmpexiskojh']
[2024-04-02 23:02:43,359] {standard_task_runner.py:80} INFO - Job 1079: Subtask MSFT
[2024-04-02 23:02:43,531] {task_command.py:370} INFO - Running <TaskInstance: get_stocks_dag.MSFT scheduled__2024-03-13T00:00:00+00:00 [running]> on host alexmend-virtual-machine
[2024-04-02 23:02:43,779] {taskinstance.py:1569} INFO - Exporting the following env vars:
AIRFLOW_CTX_DAG_OWNER=airflow
AIRFLOW_CTX_DAG_ID=get_stocks_dag
AIRFLOW_CTX_TASK_ID=MSFT
AIRFLOW_CTX_EXECUTION_DATE=2024-03-13T00:00:00+00:00
AIRFLOW_CTX_TRY_NUMBER=1
AIRFLOW_CTX_DAG_RUN_ID=scheduled__2024-03-13T00:00:00+00:00
[2024-04-02 23:02:54,775] {python.py:173} INFO - Done. Returned value was: None
[2024-04-02 23:02:54,830] {taskinstance.py:1395} INFO - Marking task as SUCCESS. dag_id=get_stocks_dag, task_id=MSFT, execution_date=20240313T000000, start_date=20240403T020243, end_date=20240403T020254
[2024-04-02 23:02:54,929] {local_task_job.py:156} INFO - Task exited with return code 0
[2024-04-02 23:02:55,031] {local_task_job.py:273} INFO - 0 downstream tasks scheduled from follow-on schedule check
