[2024-04-02 13:02:19,076] {taskinstance.py:1159} INFO - Dependencies all met for <TaskInstance: get_stocks_dag.TSLA scheduled__2024-01-27T00:00:00+00:00 [queued]>
[2024-04-02 13:02:19,085] {taskinstance.py:1159} INFO - Dependencies all met for <TaskInstance: get_stocks_dag.TSLA scheduled__2024-01-27T00:00:00+00:00 [queued]>
[2024-04-02 13:02:19,085] {taskinstance.py:1356} INFO - 
--------------------------------------------------------------------------------
[2024-04-02 13:02:19,086] {taskinstance.py:1357} INFO - Starting attempt 1 of 1
[2024-04-02 13:02:19,086] {taskinstance.py:1358} INFO - 
--------------------------------------------------------------------------------
[2024-04-02 13:02:19,104] {taskinstance.py:1377} INFO - Executing <Task(_PythonDecoratedOperator): TSLA> on 2024-01-27 00:00:00+00:00
[2024-04-02 13:02:19,121] {standard_task_runner.py:52} INFO - Started process 9689 to run task
[2024-04-02 13:02:19,127] {standard_task_runner.py:79} INFO - Running: ['airflow', 'tasks', 'run', 'get_stocks_dag', 'TSLA', 'scheduled__2024-01-27T00:00:00+00:00', '--job-id', '86', '--raw', '--subdir', 'DAGS_FOLDER/get_stocks.py', '--cfg-path', '/tmp/tmp59xteqfs', '--error-file', '/tmp/tmphjit70o3']
[2024-04-02 13:02:19,128] {standard_task_runner.py:80} INFO - Job 86: Subtask TSLA
[2024-04-02 13:02:19,230] {task_command.py:370} INFO - Running <TaskInstance: get_stocks_dag.TSLA scheduled__2024-01-27T00:00:00+00:00 [running]> on host alexmend-virtual-machine
[2024-04-02 13:02:19,319] {taskinstance.py:1569} INFO - Exporting the following env vars:
AIRFLOW_CTX_DAG_OWNER=airflow
AIRFLOW_CTX_DAG_ID=get_stocks_dag
AIRFLOW_CTX_TASK_ID=TSLA
AIRFLOW_CTX_EXECUTION_DATE=2024-01-27T00:00:00+00:00
AIRFLOW_CTX_TRY_NUMBER=1
AIRFLOW_CTX_DAG_RUN_ID=scheduled__2024-01-27T00:00:00+00:00
[2024-04-02 13:02:19,974] {python.py:173} INFO - Done. Returned value was: None
[2024-04-02 13:02:19,985] {taskinstance.py:1395} INFO - Marking task as SUCCESS. dag_id=get_stocks_dag, task_id=TSLA, execution_date=20240127T000000, start_date=20240402T160219, end_date=20240402T160219
[2024-04-02 13:02:20,027] {local_task_job.py:156} INFO - Task exited with return code 0
[2024-04-02 13:02:20,053] {local_task_job.py:273} INFO - 0 downstream tasks scheduled from follow-on schedule check
[2024-04-02 17:17:53,686] {taskinstance.py:1159} INFO - Dependencies all met for <TaskInstance: get_stocks_dag.TSLA scheduled__2024-01-27T00:00:00+00:00 [queued]>
[2024-04-02 17:17:53,702] {taskinstance.py:1159} INFO - Dependencies all met for <TaskInstance: get_stocks_dag.TSLA scheduled__2024-01-27T00:00:00+00:00 [queued]>
[2024-04-02 17:17:53,702] {taskinstance.py:1356} INFO - 
--------------------------------------------------------------------------------
[2024-04-02 17:17:53,708] {taskinstance.py:1357} INFO - Starting attempt 1 of 1
[2024-04-02 17:17:53,708] {taskinstance.py:1358} INFO - 
--------------------------------------------------------------------------------
[2024-04-02 17:17:53,743] {taskinstance.py:1377} INFO - Executing <Task(_PythonDecoratedOperator): TSLA> on 2024-01-27 00:00:00+00:00
[2024-04-02 17:17:53,760] {standard_task_runner.py:52} INFO - Started process 5380 to run task
[2024-04-02 17:17:53,901] {standard_task_runner.py:79} INFO - Running: ['airflow', 'tasks', 'run', 'get_stocks_dag', 'TSLA', 'scheduled__2024-01-27T00:00:00+00:00', '--job-id', '64', '--raw', '--subdir', 'DAGS_FOLDER/get_stocks.py', '--cfg-path', '/tmp/tmpve4gbn1j', '--error-file', '/tmp/tmphcyqqttt']
[2024-04-02 17:17:53,902] {standard_task_runner.py:80} INFO - Job 64: Subtask TSLA
[2024-04-02 17:17:54,476] {task_command.py:370} INFO - Running <TaskInstance: get_stocks_dag.TSLA scheduled__2024-01-27T00:00:00+00:00 [running]> on host alexmend-virtual-machine
[2024-04-02 17:17:55,132] {taskinstance.py:1569} INFO - Exporting the following env vars:
AIRFLOW_CTX_DAG_OWNER=airflow
AIRFLOW_CTX_DAG_ID=get_stocks_dag
AIRFLOW_CTX_TASK_ID=TSLA
AIRFLOW_CTX_EXECUTION_DATE=2024-01-27T00:00:00+00:00
AIRFLOW_CTX_TRY_NUMBER=1
AIRFLOW_CTX_DAG_RUN_ID=scheduled__2024-01-27T00:00:00+00:00
[2024-04-02 17:17:56,579] {python.py:173} INFO - Done. Returned value was: None
[2024-04-02 17:17:56,631] {taskinstance.py:1395} INFO - Marking task as SUCCESS. dag_id=get_stocks_dag, task_id=TSLA, execution_date=20240127T000000, start_date=20240402T201753, end_date=20240402T201756
[2024-04-02 17:17:56,836] {local_task_job.py:156} INFO - Task exited with return code 0
[2024-04-02 17:17:57,028] {local_task_job.py:273} INFO - 0 downstream tasks scheduled from follow-on schedule check
[2024-04-02 17:43:40,051] {taskinstance.py:1159} INFO - Dependencies all met for <TaskInstance: get_stocks_dag.TSLA scheduled__2024-01-27T00:00:00+00:00 [queued]>
[2024-04-02 17:43:40,070] {taskinstance.py:1159} INFO - Dependencies all met for <TaskInstance: get_stocks_dag.TSLA scheduled__2024-01-27T00:00:00+00:00 [queued]>
[2024-04-02 17:43:40,071] {taskinstance.py:1356} INFO - 
--------------------------------------------------------------------------------
[2024-04-02 17:43:40,071] {taskinstance.py:1357} INFO - Starting attempt 1 of 1
[2024-04-02 17:43:40,071] {taskinstance.py:1358} INFO - 
--------------------------------------------------------------------------------
[2024-04-02 17:43:40,095] {taskinstance.py:1377} INFO - Executing <Task(_PythonDecoratedOperator): TSLA> on 2024-01-27 00:00:00+00:00
[2024-04-02 17:43:40,101] {standard_task_runner.py:52} INFO - Started process 20162 to run task
[2024-04-02 17:43:40,109] {standard_task_runner.py:79} INFO - Running: ['airflow', 'tasks', 'run', 'get_stocks_dag', 'TSLA', 'scheduled__2024-01-27T00:00:00+00:00', '--job-id', '330', '--raw', '--subdir', 'DAGS_FOLDER/get_stocks.py', '--cfg-path', '/tmp/tmpche4zg5y', '--error-file', '/tmp/tmpv_q4o8_l']
[2024-04-02 17:43:40,110] {standard_task_runner.py:80} INFO - Job 330: Subtask TSLA
[2024-04-02 17:43:40,244] {task_command.py:370} INFO - Running <TaskInstance: get_stocks_dag.TSLA scheduled__2024-01-27T00:00:00+00:00 [running]> on host alexmend-virtual-machine
[2024-04-02 17:43:40,376] {taskinstance.py:1569} INFO - Exporting the following env vars:
AIRFLOW_CTX_DAG_OWNER=airflow
AIRFLOW_CTX_DAG_ID=get_stocks_dag
AIRFLOW_CTX_TASK_ID=TSLA
AIRFLOW_CTX_EXECUTION_DATE=2024-01-27T00:00:00+00:00
AIRFLOW_CTX_TRY_NUMBER=1
AIRFLOW_CTX_DAG_RUN_ID=scheduled__2024-01-27T00:00:00+00:00
[2024-04-02 17:43:41,236] {python.py:173} INFO - Done. Returned value was: None
[2024-04-02 17:43:41,265] {taskinstance.py:1395} INFO - Marking task as SUCCESS. dag_id=get_stocks_dag, task_id=TSLA, execution_date=20240127T000000, start_date=20240402T204340, end_date=20240402T204341
[2024-04-02 17:43:41,303] {local_task_job.py:156} INFO - Task exited with return code 0
[2024-04-02 17:43:41,373] {local_task_job.py:273} INFO - 0 downstream tasks scheduled from follow-on schedule check
