[2024-04-02 21:59:41,682] {taskinstance.py:1159} INFO - Dependencies all met for <TaskInstance: get_crypto_dag.DOGE scheduled__2024-03-22T00:00:00+00:00 [queued]>
[2024-04-02 21:59:41,695] {taskinstance.py:1159} INFO - Dependencies all met for <TaskInstance: get_crypto_dag.DOGE scheduled__2024-03-22T00:00:00+00:00 [queued]>
[2024-04-02 21:59:41,696] {taskinstance.py:1356} INFO - 
--------------------------------------------------------------------------------
[2024-04-02 21:59:41,696] {taskinstance.py:1357} INFO - Starting attempt 1 of 1
[2024-04-02 21:59:41,696] {taskinstance.py:1358} INFO - 
--------------------------------------------------------------------------------
[2024-04-02 21:59:41,712] {taskinstance.py:1377} INFO - Executing <Task(_PythonDecoratedOperator): DOGE> on 2024-03-22 00:00:00+00:00
[2024-04-02 21:59:41,721] {standard_task_runner.py:52} INFO - Started process 57563 to run task
[2024-04-02 21:59:41,730] {standard_task_runner.py:79} INFO - Running: ['airflow', 'tasks', 'run', 'get_crypto_dag', 'DOGE', 'scheduled__2024-03-22T00:00:00+00:00', '--job-id', '923', '--raw', '--subdir', 'DAGS_FOLDER/get_crypto.py', '--cfg-path', '/tmp/tmp7zjxhzfx', '--error-file', '/tmp/tmpik7ejwa7']
[2024-04-02 21:59:41,732] {standard_task_runner.py:80} INFO - Job 923: Subtask DOGE
[2024-04-02 21:59:41,852] {task_command.py:370} INFO - Running <TaskInstance: get_crypto_dag.DOGE scheduled__2024-03-22T00:00:00+00:00 [running]> on host alexmend-virtual-machine
[2024-04-02 21:59:42,012] {taskinstance.py:1569} INFO - Exporting the following env vars:
AIRFLOW_CTX_DAG_OWNER=airflow
AIRFLOW_CTX_DAG_ID=get_crypto_dag
AIRFLOW_CTX_TASK_ID=DOGE
AIRFLOW_CTX_EXECUTION_DATE=2024-03-22T00:00:00+00:00
AIRFLOW_CTX_TRY_NUMBER=1
AIRFLOW_CTX_DAG_RUN_ID=scheduled__2024-03-22T00:00:00+00:00
[2024-04-02 21:59:45,298] {history.py:90} ERROR - DOGE: No timezone found, symbol may be delisted
[2024-04-02 21:59:55,317] {python.py:173} INFO - Done. Returned value was: None
[2024-04-02 21:59:55,350] {taskinstance.py:1395} INFO - Marking task as SUCCESS. dag_id=get_crypto_dag, task_id=DOGE, execution_date=20240322T000000, start_date=20240403T005941, end_date=20240403T005955
[2024-04-02 21:59:55,455] {local_task_job.py:156} INFO - Task exited with return code 0
[2024-04-02 21:59:55,542] {local_task_job.py:273} INFO - 0 downstream tasks scheduled from follow-on schedule check
[2024-04-02 23:10:57,482] {taskinstance.py:1159} INFO - Dependencies all met for <TaskInstance: get_crypto_dag.DOGE scheduled__2024-03-22T00:00:00+00:00 [queued]>
[2024-04-02 23:10:57,500] {taskinstance.py:1159} INFO - Dependencies all met for <TaskInstance: get_crypto_dag.DOGE scheduled__2024-03-22T00:00:00+00:00 [queued]>
[2024-04-02 23:10:57,501] {taskinstance.py:1356} INFO - 
--------------------------------------------------------------------------------
[2024-04-02 23:10:57,501] {taskinstance.py:1357} INFO - Starting attempt 1 of 1
[2024-04-02 23:10:57,501] {taskinstance.py:1358} INFO - 
--------------------------------------------------------------------------------
[2024-04-02 23:10:57,538] {taskinstance.py:1377} INFO - Executing <Task(_PythonDecoratedOperator): DOGE> on 2024-03-22 00:00:00+00:00
[2024-04-02 23:10:57,547] {standard_task_runner.py:52} INFO - Started process 81973 to run task
[2024-04-02 23:10:57,555] {standard_task_runner.py:79} INFO - Running: ['airflow', 'tasks', 'run', 'get_crypto_dag', 'DOGE', 'scheduled__2024-03-22T00:00:00+00:00', '--job-id', '1142', '--raw', '--subdir', 'DAGS_FOLDER/get_crypto.py', '--cfg-path', '/tmp/tmpy79veamv', '--error-file', '/tmp/tmpagp7id91']
[2024-04-02 23:10:57,557] {standard_task_runner.py:80} INFO - Job 1142: Subtask DOGE
[2024-04-02 23:10:57,753] {task_command.py:370} INFO - Running <TaskInstance: get_crypto_dag.DOGE scheduled__2024-03-22T00:00:00+00:00 [running]> on host alexmend-virtual-machine
[2024-04-02 23:10:57,958] {taskinstance.py:1569} INFO - Exporting the following env vars:
AIRFLOW_CTX_DAG_OWNER=airflow
AIRFLOW_CTX_DAG_ID=get_crypto_dag
AIRFLOW_CTX_TASK_ID=DOGE
AIRFLOW_CTX_EXECUTION_DATE=2024-03-22T00:00:00+00:00
AIRFLOW_CTX_TRY_NUMBER=1
AIRFLOW_CTX_DAG_RUN_ID=scheduled__2024-03-22T00:00:00+00:00
[2024-04-02 23:11:01,480] {history.py:90} ERROR - DOGE: No timezone found, symbol may be delisted
[2024-04-02 23:11:11,507] {python.py:173} INFO - Done. Returned value was: None
[2024-04-02 23:11:11,548] {taskinstance.py:1395} INFO - Marking task as SUCCESS. dag_id=get_crypto_dag, task_id=DOGE, execution_date=20240322T000000, start_date=20240403T021057, end_date=20240403T021111
[2024-04-02 23:11:11,661] {local_task_job.py:156} INFO - Task exited with return code 0
[2024-04-02 23:11:11,881] {local_task_job.py:273} INFO - 0 downstream tasks scheduled from follow-on schedule check
