[2024-04-02 13:06:24,092] {taskinstance.py:1159} INFO - Dependencies all met for <TaskInstance: get_stocks_dag.AAPL scheduled__2024-02-17T00:00:00+00:00 [queued]>
[2024-04-02 13:06:24,105] {taskinstance.py:1159} INFO - Dependencies all met for <TaskInstance: get_stocks_dag.AAPL scheduled__2024-02-17T00:00:00+00:00 [queued]>
[2024-04-02 13:06:24,106] {taskinstance.py:1356} INFO - 
--------------------------------------------------------------------------------
[2024-04-02 13:06:24,106] {taskinstance.py:1357} INFO - Starting attempt 1 of 1
[2024-04-02 13:06:24,107] {taskinstance.py:1358} INFO - 
--------------------------------------------------------------------------------
[2024-04-02 13:06:24,135] {taskinstance.py:1377} INFO - Executing <Task(_PythonDecoratedOperator): AAPL> on 2024-02-17 00:00:00+00:00
[2024-04-02 13:06:24,140] {standard_task_runner.py:52} INFO - Started process 11120 to run task
[2024-04-02 13:06:24,147] {standard_task_runner.py:79} INFO - Running: ['airflow', 'tasks', 'run', 'get_stocks_dag', 'AAPL', 'scheduled__2024-02-17T00:00:00+00:00', '--job-id', '143', '--raw', '--subdir', 'DAGS_FOLDER/get_stocks.py', '--cfg-path', '/tmp/tmp36ot1xk0', '--error-file', '/tmp/tmp6zwv58lq']
[2024-04-02 13:06:24,148] {standard_task_runner.py:80} INFO - Job 143: Subtask AAPL
[2024-04-02 13:06:24,200] {task_command.py:370} INFO - Running <TaskInstance: get_stocks_dag.AAPL scheduled__2024-02-17T00:00:00+00:00 [running]> on host alexmend-virtual-machine
[2024-04-02 13:06:24,276] {taskinstance.py:1569} INFO - Exporting the following env vars:
AIRFLOW_CTX_DAG_OWNER=airflow
AIRFLOW_CTX_DAG_ID=get_stocks_dag
AIRFLOW_CTX_TASK_ID=AAPL
AIRFLOW_CTX_EXECUTION_DATE=2024-02-17T00:00:00+00:00
AIRFLOW_CTX_TRY_NUMBER=1
AIRFLOW_CTX_DAG_RUN_ID=scheduled__2024-02-17T00:00:00+00:00
[2024-04-02 13:06:25,182] {python.py:173} INFO - Done. Returned value was: None
[2024-04-02 13:06:25,192] {taskinstance.py:1395} INFO - Marking task as SUCCESS. dag_id=get_stocks_dag, task_id=AAPL, execution_date=20240217T000000, start_date=20240402T160624, end_date=20240402T160625
[2024-04-02 13:06:25,214] {local_task_job.py:156} INFO - Task exited with return code 0
[2024-04-02 13:06:25,233] {local_task_job.py:273} INFO - 0 downstream tasks scheduled from follow-on schedule check
[2024-04-02 17:18:43,857] {taskinstance.py:1159} INFO - Dependencies all met for <TaskInstance: get_stocks_dag.AAPL scheduled__2024-02-17T00:00:00+00:00 [queued]>
[2024-04-02 17:18:44,028] {taskinstance.py:1159} INFO - Dependencies all met for <TaskInstance: get_stocks_dag.AAPL scheduled__2024-02-17T00:00:00+00:00 [queued]>
[2024-04-02 17:18:44,033] {taskinstance.py:1356} INFO - 
--------------------------------------------------------------------------------
[2024-04-02 17:18:44,034] {taskinstance.py:1357} INFO - Starting attempt 1 of 1
[2024-04-02 17:18:44,035] {taskinstance.py:1358} INFO - 
--------------------------------------------------------------------------------
[2024-04-02 17:18:44,124] {taskinstance.py:1377} INFO - Executing <Task(_PythonDecoratedOperator): AAPL> on 2024-02-17 00:00:00+00:00
[2024-04-02 17:18:44,169] {standard_task_runner.py:52} INFO - Started process 6917 to run task
[2024-04-02 17:18:44,293] {standard_task_runner.py:79} INFO - Running: ['airflow', 'tasks', 'run', 'get_stocks_dag', 'AAPL', 'scheduled__2024-02-17T00:00:00+00:00', '--job-id', '126', '--raw', '--subdir', 'DAGS_FOLDER/get_stocks.py', '--cfg-path', '/tmp/tmphv_jduzv', '--error-file', '/tmp/tmpefokk_fd']
[2024-04-02 17:18:44,310] {standard_task_runner.py:80} INFO - Job 126: Subtask AAPL
[2024-04-02 17:18:44,985] {task_command.py:370} INFO - Running <TaskInstance: get_stocks_dag.AAPL scheduled__2024-02-17T00:00:00+00:00 [running]> on host alexmend-virtual-machine
[2024-04-02 17:18:45,884] {taskinstance.py:1569} INFO - Exporting the following env vars:
AIRFLOW_CTX_DAG_OWNER=airflow
AIRFLOW_CTX_DAG_ID=get_stocks_dag
AIRFLOW_CTX_TASK_ID=AAPL
AIRFLOW_CTX_EXECUTION_DATE=2024-02-17T00:00:00+00:00
AIRFLOW_CTX_TRY_NUMBER=1
AIRFLOW_CTX_DAG_RUN_ID=scheduled__2024-02-17T00:00:00+00:00
[2024-04-02 17:18:47,095] {python.py:173} INFO - Done. Returned value was: None
[2024-04-02 17:18:47,227] {taskinstance.py:1395} INFO - Marking task as SUCCESS. dag_id=get_stocks_dag, task_id=AAPL, execution_date=20240217T000000, start_date=20240402T201843, end_date=20240402T201847
[2024-04-02 17:18:47,597] {local_task_job.py:156} INFO - Task exited with return code 0
[2024-04-02 17:18:48,086] {local_task_job.py:273} INFO - 0 downstream tasks scheduled from follow-on schedule check
[2024-04-02 17:45:03,448] {taskinstance.py:1159} INFO - Dependencies all met for <TaskInstance: get_stocks_dag.AAPL scheduled__2024-02-17T00:00:00+00:00 [queued]>
[2024-04-02 17:45:03,460] {taskinstance.py:1159} INFO - Dependencies all met for <TaskInstance: get_stocks_dag.AAPL scheduled__2024-02-17T00:00:00+00:00 [queued]>
[2024-04-02 17:45:03,461] {taskinstance.py:1356} INFO - 
--------------------------------------------------------------------------------
[2024-04-02 17:45:03,461] {taskinstance.py:1357} INFO - Starting attempt 1 of 1
[2024-04-02 17:45:03,462] {taskinstance.py:1358} INFO - 
--------------------------------------------------------------------------------
[2024-04-02 17:45:03,491] {taskinstance.py:1377} INFO - Executing <Task(_PythonDecoratedOperator): AAPL> on 2024-02-17 00:00:00+00:00
[2024-04-02 17:45:03,498] {standard_task_runner.py:52} INFO - Started process 21785 to run task
[2024-04-02 17:45:03,520] {standard_task_runner.py:79} INFO - Running: ['airflow', 'tasks', 'run', 'get_stocks_dag', 'AAPL', 'scheduled__2024-02-17T00:00:00+00:00', '--job-id', '387', '--raw', '--subdir', 'DAGS_FOLDER/get_stocks.py', '--cfg-path', '/tmp/tmplaslge00', '--error-file', '/tmp/tmp2ksdbj1z']
[2024-04-02 17:45:03,521] {standard_task_runner.py:80} INFO - Job 387: Subtask AAPL
[2024-04-02 17:45:03,670] {task_command.py:370} INFO - Running <TaskInstance: get_stocks_dag.AAPL scheduled__2024-02-17T00:00:00+00:00 [running]> on host alexmend-virtual-machine
[2024-04-02 17:45:03,899] {taskinstance.py:1569} INFO - Exporting the following env vars:
AIRFLOW_CTX_DAG_OWNER=airflow
AIRFLOW_CTX_DAG_ID=get_stocks_dag
AIRFLOW_CTX_TASK_ID=AAPL
AIRFLOW_CTX_EXECUTION_DATE=2024-02-17T00:00:00+00:00
AIRFLOW_CTX_TRY_NUMBER=1
AIRFLOW_CTX_DAG_RUN_ID=scheduled__2024-02-17T00:00:00+00:00
[2024-04-02 17:45:04,567] {python.py:173} INFO - Done. Returned value was: None
[2024-04-02 17:45:04,590] {taskinstance.py:1395} INFO - Marking task as SUCCESS. dag_id=get_stocks_dag, task_id=AAPL, execution_date=20240217T000000, start_date=20240402T204503, end_date=20240402T204504
[2024-04-02 17:45:04,649] {local_task_job.py:156} INFO - Task exited with return code 0
[2024-04-02 17:45:04,703] {local_task_job.py:273} INFO - 0 downstream tasks scheduled from follow-on schedule check
