[2024-04-02 22:05:38,809] {taskinstance.py:1159} INFO - Dependencies all met for <TaskInstance: get_crypto_dag.AVAX scheduled__2024-04-02T00:00:00+00:00 [queued]>
[2024-04-02 22:05:38,826] {taskinstance.py:1159} INFO - Dependencies all met for <TaskInstance: get_crypto_dag.AVAX scheduled__2024-04-02T00:00:00+00:00 [queued]>
[2024-04-02 22:05:38,826] {taskinstance.py:1356} INFO - 
--------------------------------------------------------------------------------
[2024-04-02 22:05:38,826] {taskinstance.py:1357} INFO - Starting attempt 1 of 1
[2024-04-02 22:05:38,826] {taskinstance.py:1358} INFO - 
--------------------------------------------------------------------------------
[2024-04-02 22:05:38,853] {taskinstance.py:1377} INFO - Executing <Task(_PythonDecoratedOperator): AVAX> on 2024-04-02 00:00:00+00:00
[2024-04-02 22:05:38,863] {standard_task_runner.py:52} INFO - Started process 61220 to run task
[2024-04-02 22:05:38,893] {standard_task_runner.py:79} INFO - Running: ['airflow', 'tasks', 'run', 'get_crypto_dag', 'AVAX', 'scheduled__2024-04-02T00:00:00+00:00', '--job-id', '968', '--raw', '--subdir', 'DAGS_FOLDER/get_crypto.py', '--cfg-path', '/tmp/tmpyjeaclgm', '--error-file', '/tmp/tmp5yv9mokd']
[2024-04-02 22:05:38,896] {standard_task_runner.py:80} INFO - Job 968: Subtask AVAX
[2024-04-02 22:05:39,119] {task_command.py:370} INFO - Running <TaskInstance: get_crypto_dag.AVAX scheduled__2024-04-02T00:00:00+00:00 [running]> on host alexmend-virtual-machine
[2024-04-02 22:05:39,298] {taskinstance.py:1569} INFO - Exporting the following env vars:
AIRFLOW_CTX_DAG_OWNER=airflow
AIRFLOW_CTX_DAG_ID=get_crypto_dag
AIRFLOW_CTX_TASK_ID=AVAX
AIRFLOW_CTX_EXECUTION_DATE=2024-04-02T00:00:00+00:00
AIRFLOW_CTX_TRY_NUMBER=1
AIRFLOW_CTX_DAG_RUN_ID=scheduled__2024-04-02T00:00:00+00:00
[2024-04-02 22:05:42,946] {history.py:90} ERROR - AVAX: No timezone found, symbol may be delisted
[2024-04-02 22:05:52,962] {python.py:173} INFO - Done. Returned value was: None
[2024-04-02 22:05:53,023] {taskinstance.py:1395} INFO - Marking task as SUCCESS. dag_id=get_crypto_dag, task_id=AVAX, execution_date=20240402T000000, start_date=20240403T010538, end_date=20240403T010553
[2024-04-02 22:05:53,117] {local_task_job.py:156} INFO - Task exited with return code 0
[2024-04-02 22:05:53,178] {local_task_job.py:273} INFO - 0 downstream tasks scheduled from follow-on schedule check
[2024-04-02 23:22:08,474] {taskinstance.py:1159} INFO - Dependencies all met for <TaskInstance: get_crypto_dag.AVAX scheduled__2024-04-02T00:00:00+00:00 [queued]>
[2024-04-02 23:22:08,501] {taskinstance.py:1159} INFO - Dependencies all met for <TaskInstance: get_crypto_dag.AVAX scheduled__2024-04-02T00:00:00+00:00 [queued]>
[2024-04-02 23:22:08,502] {taskinstance.py:1356} INFO - 
--------------------------------------------------------------------------------
[2024-04-02 23:22:08,502] {taskinstance.py:1357} INFO - Starting attempt 1 of 1
[2024-04-02 23:22:08,502] {taskinstance.py:1358} INFO - 
--------------------------------------------------------------------------------
[2024-04-02 23:22:08,526] {taskinstance.py:1377} INFO - Executing <Task(_PythonDecoratedOperator): AVAX> on 2024-04-02 00:00:00+00:00
[2024-04-02 23:22:08,536] {standard_task_runner.py:52} INFO - Started process 88104 to run task
[2024-04-02 23:22:08,543] {standard_task_runner.py:79} INFO - Running: ['airflow', 'tasks', 'run', 'get_crypto_dag', 'AVAX', 'scheduled__2024-04-02T00:00:00+00:00', '--job-id', '1220', '--raw', '--subdir', 'DAGS_FOLDER/get_crypto.py', '--cfg-path', '/tmp/tmpn9rttoyk', '--error-file', '/tmp/tmp6guuy9j2']
[2024-04-02 23:22:08,546] {standard_task_runner.py:80} INFO - Job 1220: Subtask AVAX
[2024-04-02 23:22:08,697] {task_command.py:370} INFO - Running <TaskInstance: get_crypto_dag.AVAX scheduled__2024-04-02T00:00:00+00:00 [running]> on host alexmend-virtual-machine
[2024-04-02 23:22:08,868] {taskinstance.py:1569} INFO - Exporting the following env vars:
AIRFLOW_CTX_DAG_OWNER=airflow
AIRFLOW_CTX_DAG_ID=get_crypto_dag
AIRFLOW_CTX_TASK_ID=AVAX
AIRFLOW_CTX_EXECUTION_DATE=2024-04-02T00:00:00+00:00
AIRFLOW_CTX_TRY_NUMBER=1
AIRFLOW_CTX_DAG_RUN_ID=scheduled__2024-04-02T00:00:00+00:00
[2024-04-02 23:22:12,874] {history.py:90} ERROR - AVAX: No timezone found, symbol may be delisted
[2024-04-02 23:22:22,891] {python.py:173} INFO - Done. Returned value was: None
[2024-04-02 23:22:22,930] {taskinstance.py:1395} INFO - Marking task as SUCCESS. dag_id=get_crypto_dag, task_id=AVAX, execution_date=20240402T000000, start_date=20240403T022208, end_date=20240403T022222
[2024-04-02 23:22:22,983] {local_task_job.py:156} INFO - Task exited with return code 0
[2024-04-02 23:22:23,044] {local_task_job.py:273} INFO - 0 downstream tasks scheduled from follow-on schedule check
