[2024-04-02 21:59:28,763] {taskinstance.py:1159} INFO - Dependencies all met for <TaskInstance: get_crypto_dag.BTC scheduled__2024-03-22T00:00:00+00:00 [queued]>
[2024-04-02 21:59:28,775] {taskinstance.py:1159} INFO - Dependencies all met for <TaskInstance: get_crypto_dag.BTC scheduled__2024-03-22T00:00:00+00:00 [queued]>
[2024-04-02 21:59:28,775] {taskinstance.py:1356} INFO - 
--------------------------------------------------------------------------------
[2024-04-02 21:59:28,775] {taskinstance.py:1357} INFO - Starting attempt 1 of 1
[2024-04-02 21:59:28,775] {taskinstance.py:1358} INFO - 
--------------------------------------------------------------------------------
[2024-04-02 21:59:28,794] {taskinstance.py:1377} INFO - Executing <Task(_PythonDecoratedOperator): BTC> on 2024-03-22 00:00:00+00:00
[2024-04-02 21:59:28,803] {standard_task_runner.py:52} INFO - Started process 57466 to run task
[2024-04-02 21:59:28,809] {standard_task_runner.py:79} INFO - Running: ['airflow', 'tasks', 'run', 'get_crypto_dag', 'BTC', 'scheduled__2024-03-22T00:00:00+00:00', '--job-id', '921', '--raw', '--subdir', 'DAGS_FOLDER/get_crypto.py', '--cfg-path', '/tmp/tmple_1tfjg', '--error-file', '/tmp/tmpszrow_em']
[2024-04-02 21:59:28,811] {standard_task_runner.py:80} INFO - Job 921: Subtask BTC
[2024-04-02 21:59:28,953] {task_command.py:370} INFO - Running <TaskInstance: get_crypto_dag.BTC scheduled__2024-03-22T00:00:00+00:00 [running]> on host alexmend-virtual-machine
[2024-04-02 21:59:29,105] {taskinstance.py:1569} INFO - Exporting the following env vars:
AIRFLOW_CTX_DAG_OWNER=airflow
AIRFLOW_CTX_DAG_ID=get_crypto_dag
AIRFLOW_CTX_TASK_ID=BTC
AIRFLOW_CTX_EXECUTION_DATE=2024-03-22T00:00:00+00:00
AIRFLOW_CTX_TRY_NUMBER=1
AIRFLOW_CTX_DAG_RUN_ID=scheduled__2024-03-22T00:00:00+00:00
[2024-04-02 21:59:29,980] {history.py:222} ERROR - BTC: No price data found, symbol may be delisted (1h 2024-03-21 -> 2024-03-22)
[2024-04-02 21:59:39,998] {python.py:173} INFO - Done. Returned value was: None
[2024-04-02 21:59:40,031] {taskinstance.py:1395} INFO - Marking task as SUCCESS. dag_id=get_crypto_dag, task_id=BTC, execution_date=20240322T000000, start_date=20240403T005928, end_date=20240403T005940
[2024-04-02 21:59:40,093] {local_task_job.py:156} INFO - Task exited with return code 0
[2024-04-02 21:59:40,142] {local_task_job.py:273} INFO - 0 downstream tasks scheduled from follow-on schedule check
[2024-04-02 23:11:37,699] {taskinstance.py:1159} INFO - Dependencies all met for <TaskInstance: get_crypto_dag.BTC scheduled__2024-03-22T00:00:00+00:00 [queued]>
[2024-04-02 23:11:37,820] {taskinstance.py:1159} INFO - Dependencies all met for <TaskInstance: get_crypto_dag.BTC scheduled__2024-03-22T00:00:00+00:00 [queued]>
[2024-04-02 23:11:37,820] {taskinstance.py:1356} INFO - 
--------------------------------------------------------------------------------
[2024-04-02 23:11:37,821] {taskinstance.py:1357} INFO - Starting attempt 1 of 1
[2024-04-02 23:11:37,821] {taskinstance.py:1358} INFO - 
--------------------------------------------------------------------------------
[2024-04-02 23:11:37,931] {taskinstance.py:1377} INFO - Executing <Task(_PythonDecoratedOperator): BTC> on 2024-03-22 00:00:00+00:00
[2024-04-02 23:11:37,994] {standard_task_runner.py:52} INFO - Started process 82358 to run task
[2024-04-02 23:11:38,039] {standard_task_runner.py:79} INFO - Running: ['airflow', 'tasks', 'run', 'get_crypto_dag', 'BTC', 'scheduled__2024-03-22T00:00:00+00:00', '--job-id', '1147', '--raw', '--subdir', 'DAGS_FOLDER/get_crypto.py', '--cfg-path', '/tmp/tmpt770jn9e', '--error-file', '/tmp/tmpbarqyban']
[2024-04-02 23:11:38,060] {standard_task_runner.py:80} INFO - Job 1147: Subtask BTC
[2024-04-02 23:11:38,583] {task_command.py:370} INFO - Running <TaskInstance: get_crypto_dag.BTC scheduled__2024-03-22T00:00:00+00:00 [running]> on host alexmend-virtual-machine
[2024-04-02 23:11:39,446] {taskinstance.py:1569} INFO - Exporting the following env vars:
AIRFLOW_CTX_DAG_OWNER=airflow
AIRFLOW_CTX_DAG_ID=get_crypto_dag
AIRFLOW_CTX_TASK_ID=BTC
AIRFLOW_CTX_EXECUTION_DATE=2024-03-22T00:00:00+00:00
AIRFLOW_CTX_TRY_NUMBER=1
AIRFLOW_CTX_DAG_RUN_ID=scheduled__2024-03-22T00:00:00+00:00
[2024-04-02 23:11:40,649] {history.py:222} ERROR - BTC: No price data found, symbol may be delisted (1h 2024-03-21 -> 2024-03-22)
[2024-04-02 23:11:50,679] {python.py:173} INFO - Done. Returned value was: None
[2024-04-02 23:11:50,779] {taskinstance.py:1395} INFO - Marking task as SUCCESS. dag_id=get_crypto_dag, task_id=BTC, execution_date=20240322T000000, start_date=20240403T021137, end_date=20240403T021150
[2024-04-02 23:11:50,875] {local_task_job.py:156} INFO - Task exited with return code 0
[2024-04-02 23:11:50,939] {local_task_job.py:273} INFO - 0 downstream tasks scheduled from follow-on schedule check
