[2024-04-02 22:00:42,474] {taskinstance.py:1159} INFO - Dependencies all met for <TaskInstance: get_crypto_dag.ETH scheduled__2024-03-24T00:00:00+00:00 [queued]>
[2024-04-02 22:00:42,495] {taskinstance.py:1159} INFO - Dependencies all met for <TaskInstance: get_crypto_dag.ETH scheduled__2024-03-24T00:00:00+00:00 [queued]>
[2024-04-02 22:00:42,495] {taskinstance.py:1356} INFO - 
--------------------------------------------------------------------------------
[2024-04-02 22:00:42,495] {taskinstance.py:1357} INFO - Starting attempt 1 of 1
[2024-04-02 22:00:42,496] {taskinstance.py:1358} INFO - 
--------------------------------------------------------------------------------
[2024-04-02 22:00:42,519] {taskinstance.py:1377} INFO - Executing <Task(_PythonDecoratedOperator): ETH> on 2024-03-24 00:00:00+00:00
[2024-04-02 22:00:42,528] {standard_task_runner.py:52} INFO - Started process 58174 to run task
[2024-04-02 22:00:42,537] {standard_task_runner.py:79} INFO - Running: ['airflow', 'tasks', 'run', 'get_crypto_dag', 'ETH', 'scheduled__2024-03-24T00:00:00+00:00', '--job-id', '930', '--raw', '--subdir', 'DAGS_FOLDER/get_crypto.py', '--cfg-path', '/tmp/tmph3ysdol6', '--error-file', '/tmp/tmpfiqmy4g5']
[2024-04-02 22:00:42,539] {standard_task_runner.py:80} INFO - Job 930: Subtask ETH
[2024-04-02 22:00:42,653] {task_command.py:370} INFO - Running <TaskInstance: get_crypto_dag.ETH scheduled__2024-03-24T00:00:00+00:00 [running]> on host alexmend-virtual-machine
[2024-04-02 22:00:42,790] {taskinstance.py:1569} INFO - Exporting the following env vars:
AIRFLOW_CTX_DAG_OWNER=airflow
AIRFLOW_CTX_DAG_ID=get_crypto_dag
AIRFLOW_CTX_TASK_ID=ETH
AIRFLOW_CTX_EXECUTION_DATE=2024-03-24T00:00:00+00:00
AIRFLOW_CTX_TRY_NUMBER=1
AIRFLOW_CTX_DAG_RUN_ID=scheduled__2024-03-24T00:00:00+00:00
[2024-04-02 22:00:46,770] {history.py:90} ERROR - ETH: No timezone found, symbol may be delisted
[2024-04-02 22:00:56,785] {python.py:173} INFO - Done. Returned value was: None
[2024-04-02 22:00:56,820] {taskinstance.py:1395} INFO - Marking task as SUCCESS. dag_id=get_crypto_dag, task_id=ETH, execution_date=20240324T000000, start_date=20240403T010042, end_date=20240403T010056
[2024-04-02 22:00:56,894] {local_task_job.py:156} INFO - Task exited with return code 0
[2024-04-02 22:00:56,961] {local_task_job.py:273} INFO - 0 downstream tasks scheduled from follow-on schedule check
[2024-04-02 23:13:20,342] {taskinstance.py:1159} INFO - Dependencies all met for <TaskInstance: get_crypto_dag.ETH scheduled__2024-03-24T00:00:00+00:00 [queued]>
[2024-04-02 23:13:20,367] {taskinstance.py:1159} INFO - Dependencies all met for <TaskInstance: get_crypto_dag.ETH scheduled__2024-03-24T00:00:00+00:00 [queued]>
[2024-04-02 23:13:20,367] {taskinstance.py:1356} INFO - 
--------------------------------------------------------------------------------
[2024-04-02 23:13:20,367] {taskinstance.py:1357} INFO - Starting attempt 1 of 1
[2024-04-02 23:13:20,367] {taskinstance.py:1358} INFO - 
--------------------------------------------------------------------------------
[2024-04-02 23:13:20,408] {taskinstance.py:1377} INFO - Executing <Task(_PythonDecoratedOperator): ETH> on 2024-03-24 00:00:00+00:00
[2024-04-02 23:13:20,425] {standard_task_runner.py:52} INFO - Started process 83323 to run task
[2024-04-02 23:13:20,438] {standard_task_runner.py:79} INFO - Running: ['airflow', 'tasks', 'run', 'get_crypto_dag', 'ETH', 'scheduled__2024-03-24T00:00:00+00:00', '--job-id', '1159', '--raw', '--subdir', 'DAGS_FOLDER/get_crypto.py', '--cfg-path', '/tmp/tmp8854vl6d', '--error-file', '/tmp/tmpbck8soxy']
[2024-04-02 23:13:20,445] {standard_task_runner.py:80} INFO - Job 1159: Subtask ETH
[2024-04-02 23:13:20,627] {task_command.py:370} INFO - Running <TaskInstance: get_crypto_dag.ETH scheduled__2024-03-24T00:00:00+00:00 [running]> on host alexmend-virtual-machine
[2024-04-02 23:13:20,860] {taskinstance.py:1569} INFO - Exporting the following env vars:
AIRFLOW_CTX_DAG_OWNER=airflow
AIRFLOW_CTX_DAG_ID=get_crypto_dag
AIRFLOW_CTX_TASK_ID=ETH
AIRFLOW_CTX_EXECUTION_DATE=2024-03-24T00:00:00+00:00
AIRFLOW_CTX_TRY_NUMBER=1
AIRFLOW_CTX_DAG_RUN_ID=scheduled__2024-03-24T00:00:00+00:00
[2024-04-02 23:13:24,458] {history.py:90} ERROR - ETH: No timezone found, symbol may be delisted
[2024-04-02 23:13:34,491] {python.py:173} INFO - Done. Returned value was: None
[2024-04-02 23:13:34,541] {taskinstance.py:1395} INFO - Marking task as SUCCESS. dag_id=get_crypto_dag, task_id=ETH, execution_date=20240324T000000, start_date=20240403T021320, end_date=20240403T021334
[2024-04-02 23:13:34,666] {local_task_job.py:156} INFO - Task exited with return code 0
[2024-04-02 23:13:34,800] {local_task_job.py:273} INFO - 0 downstream tasks scheduled from follow-on schedule check
