[2024-04-02 22:02:49,577] {taskinstance.py:1159} INFO - Dependencies all met for <TaskInstance: get_crypto_dag.DOGE scheduled__2024-03-28T00:00:00+00:00 [queued]>
[2024-04-02 22:02:49,614] {taskinstance.py:1159} INFO - Dependencies all met for <TaskInstance: get_crypto_dag.DOGE scheduled__2024-03-28T00:00:00+00:00 [queued]>
[2024-04-02 22:02:49,614] {taskinstance.py:1356} INFO - 
--------------------------------------------------------------------------------
[2024-04-02 22:02:49,614] {taskinstance.py:1357} INFO - Starting attempt 1 of 1
[2024-04-02 22:02:49,614] {taskinstance.py:1358} INFO - 
--------------------------------------------------------------------------------
[2024-04-02 22:02:49,635] {taskinstance.py:1377} INFO - Executing <Task(_PythonDecoratedOperator): DOGE> on 2024-03-28 00:00:00+00:00
[2024-04-02 22:02:49,643] {standard_task_runner.py:52} INFO - Started process 59457 to run task
[2024-04-02 22:02:49,650] {standard_task_runner.py:79} INFO - Running: ['airflow', 'tasks', 'run', 'get_crypto_dag', 'DOGE', 'scheduled__2024-03-28T00:00:00+00:00', '--job-id', '947', '--raw', '--subdir', 'DAGS_FOLDER/get_crypto.py', '--cfg-path', '/tmp/tmp8e625lel', '--error-file', '/tmp/tmp66pz1yml']
[2024-04-02 22:02:49,651] {standard_task_runner.py:80} INFO - Job 947: Subtask DOGE
[2024-04-02 22:02:49,781] {task_command.py:370} INFO - Running <TaskInstance: get_crypto_dag.DOGE scheduled__2024-03-28T00:00:00+00:00 [running]> on host alexmend-virtual-machine
[2024-04-02 22:02:49,893] {taskinstance.py:1569} INFO - Exporting the following env vars:
AIRFLOW_CTX_DAG_OWNER=airflow
AIRFLOW_CTX_DAG_ID=get_crypto_dag
AIRFLOW_CTX_TASK_ID=DOGE
AIRFLOW_CTX_EXECUTION_DATE=2024-03-28T00:00:00+00:00
AIRFLOW_CTX_TRY_NUMBER=1
AIRFLOW_CTX_DAG_RUN_ID=scheduled__2024-03-28T00:00:00+00:00
[2024-04-02 22:02:53,465] {history.py:90} ERROR - DOGE: No timezone found, symbol may be delisted
[2024-04-02 22:03:03,481] {python.py:173} INFO - Done. Returned value was: None
[2024-04-02 22:03:03,527] {taskinstance.py:1395} INFO - Marking task as SUCCESS. dag_id=get_crypto_dag, task_id=DOGE, execution_date=20240328T000000, start_date=20240403T010249, end_date=20240403T010303
[2024-04-02 22:03:03,581] {local_task_job.py:156} INFO - Task exited with return code 0
[2024-04-02 22:03:03,642] {local_task_job.py:273} INFO - 0 downstream tasks scheduled from follow-on schedule check
[2024-04-02 23:17:45,063] {taskinstance.py:1159} INFO - Dependencies all met for <TaskInstance: get_crypto_dag.DOGE scheduled__2024-03-28T00:00:00+00:00 [queued]>
[2024-04-02 23:17:45,077] {taskinstance.py:1159} INFO - Dependencies all met for <TaskInstance: get_crypto_dag.DOGE scheduled__2024-03-28T00:00:00+00:00 [queued]>
[2024-04-02 23:17:45,077] {taskinstance.py:1356} INFO - 
--------------------------------------------------------------------------------
[2024-04-02 23:17:45,077] {taskinstance.py:1357} INFO - Starting attempt 1 of 1
[2024-04-02 23:17:45,078] {taskinstance.py:1358} INFO - 
--------------------------------------------------------------------------------
[2024-04-02 23:17:45,105] {taskinstance.py:1377} INFO - Executing <Task(_PythonDecoratedOperator): DOGE> on 2024-03-28 00:00:00+00:00
[2024-04-02 23:17:45,122] {standard_task_runner.py:52} INFO - Started process 85483 to run task
[2024-04-02 23:17:45,130] {standard_task_runner.py:79} INFO - Running: ['airflow', 'tasks', 'run', 'get_crypto_dag', 'DOGE', 'scheduled__2024-03-28T00:00:00+00:00', '--job-id', '1186', '--raw', '--subdir', 'DAGS_FOLDER/get_crypto.py', '--cfg-path', '/tmp/tmp6k5riw7x', '--error-file', '/tmp/tmpkyu9gkw_']
[2024-04-02 23:17:45,132] {standard_task_runner.py:80} INFO - Job 1186: Subtask DOGE
[2024-04-02 23:17:45,254] {task_command.py:370} INFO - Running <TaskInstance: get_crypto_dag.DOGE scheduled__2024-03-28T00:00:00+00:00 [running]> on host alexmend-virtual-machine
[2024-04-02 23:17:45,379] {taskinstance.py:1569} INFO - Exporting the following env vars:
AIRFLOW_CTX_DAG_OWNER=airflow
AIRFLOW_CTX_DAG_ID=get_crypto_dag
AIRFLOW_CTX_TASK_ID=DOGE
AIRFLOW_CTX_EXECUTION_DATE=2024-03-28T00:00:00+00:00
AIRFLOW_CTX_TRY_NUMBER=1
AIRFLOW_CTX_DAG_RUN_ID=scheduled__2024-03-28T00:00:00+00:00
[2024-04-02 23:17:48,968] {history.py:90} ERROR - DOGE: No timezone found, symbol may be delisted
[2024-04-02 23:17:58,983] {python.py:173} INFO - Done. Returned value was: None
[2024-04-02 23:17:59,030] {taskinstance.py:1395} INFO - Marking task as SUCCESS. dag_id=get_crypto_dag, task_id=DOGE, execution_date=20240328T000000, start_date=20240403T021745, end_date=20240403T021759
[2024-04-02 23:17:59,096] {local_task_job.py:156} INFO - Task exited with return code 0
[2024-04-02 23:17:59,257] {local_task_job.py:273} INFO - 0 downstream tasks scheduled from follow-on schedule check
