[2024-04-02 12:59:16,826] {taskinstance.py:1159} INFO - Dependencies all met for <TaskInstance: get_stocks_dag.GOOG scheduled__2024-01-12T00:00:00+00:00 [queued]>
[2024-04-02 12:59:16,837] {taskinstance.py:1159} INFO - Dependencies all met for <TaskInstance: get_stocks_dag.GOOG scheduled__2024-01-12T00:00:00+00:00 [queued]>
[2024-04-02 12:59:16,838] {taskinstance.py:1356} INFO - 
--------------------------------------------------------------------------------
[2024-04-02 12:59:16,838] {taskinstance.py:1357} INFO - Starting attempt 1 of 1
[2024-04-02 12:59:16,839] {taskinstance.py:1358} INFO - 
--------------------------------------------------------------------------------
[2024-04-02 12:59:16,862] {taskinstance.py:1377} INFO - Executing <Task(_PythonDecoratedOperator): GOOG> on 2024-01-12 00:00:00+00:00
[2024-04-02 12:59:16,886] {standard_task_runner.py:52} INFO - Started process 8621 to run task
[2024-04-02 12:59:16,895] {standard_task_runner.py:79} INFO - Running: ['airflow', 'tasks', 'run', 'get_stocks_dag', 'GOOG', 'scheduled__2024-01-12T00:00:00+00:00', '--job-id', '41', '--raw', '--subdir', 'DAGS_FOLDER/get_stocks.py', '--cfg-path', '/tmp/tmp1nl386kl', '--error-file', '/tmp/tmpdjrr4l_y']
[2024-04-02 12:59:16,900] {standard_task_runner.py:80} INFO - Job 41: Subtask GOOG
[2024-04-02 12:59:16,957] {task_command.py:370} INFO - Running <TaskInstance: get_stocks_dag.GOOG scheduled__2024-01-12T00:00:00+00:00 [running]> on host alexmend-virtual-machine
[2024-04-02 12:59:17,032] {taskinstance.py:1569} INFO - Exporting the following env vars:
AIRFLOW_CTX_DAG_OWNER=airflow
AIRFLOW_CTX_DAG_ID=get_stocks_dag
AIRFLOW_CTX_TASK_ID=GOOG
AIRFLOW_CTX_EXECUTION_DATE=2024-01-12T00:00:00+00:00
AIRFLOW_CTX_TRY_NUMBER=1
AIRFLOW_CTX_DAG_RUN_ID=scheduled__2024-01-12T00:00:00+00:00
[2024-04-02 12:59:18,077] {python.py:173} INFO - Done. Returned value was: None
[2024-04-02 12:59:18,091] {taskinstance.py:1395} INFO - Marking task as SUCCESS. dag_id=get_stocks_dag, task_id=GOOG, execution_date=20240112T000000, start_date=20240402T155916, end_date=20240402T155918
[2024-04-02 12:59:18,125] {local_task_job.py:156} INFO - Task exited with return code 0
[2024-04-02 12:59:18,159] {local_task_job.py:273} INFO - 0 downstream tasks scheduled from follow-on schedule check
[2024-04-02 17:17:02,157] {taskinstance.py:1159} INFO - Dependencies all met for <TaskInstance: get_stocks_dag.GOOG scheduled__2024-01-12T00:00:00+00:00 [queued]>
[2024-04-02 17:17:02,245] {taskinstance.py:1159} INFO - Dependencies all met for <TaskInstance: get_stocks_dag.GOOG scheduled__2024-01-12T00:00:00+00:00 [queued]>
[2024-04-02 17:17:02,246] {taskinstance.py:1356} INFO - 
--------------------------------------------------------------------------------
[2024-04-02 17:17:02,247] {taskinstance.py:1357} INFO - Starting attempt 1 of 1
[2024-04-02 17:17:02,248] {taskinstance.py:1358} INFO - 
--------------------------------------------------------------------------------
[2024-04-02 17:17:02,537] {taskinstance.py:1377} INFO - Executing <Task(_PythonDecoratedOperator): GOOG> on 2024-01-12 00:00:00+00:00
[2024-04-02 17:17:02,846] {standard_task_runner.py:52} INFO - Started process 4330 to run task
[2024-04-02 17:17:02,926] {standard_task_runner.py:79} INFO - Running: ['airflow', 'tasks', 'run', 'get_stocks_dag', 'GOOG', 'scheduled__2024-01-12T00:00:00+00:00', '--job-id', '23', '--raw', '--subdir', 'DAGS_FOLDER/get_stocks.py', '--cfg-path', '/tmp/tmpdo98009b', '--error-file', '/tmp/tmp21ppap89']
[2024-04-02 17:17:03,009] {standard_task_runner.py:80} INFO - Job 23: Subtask GOOG
[2024-04-02 17:17:09,513] {task_command.py:370} INFO - Running <TaskInstance: get_stocks_dag.GOOG scheduled__2024-01-12T00:00:00+00:00 [running]> on host alexmend-virtual-machine
[2024-04-02 17:17:11,689] {taskinstance.py:1569} INFO - Exporting the following env vars:
AIRFLOW_CTX_DAG_OWNER=airflow
AIRFLOW_CTX_DAG_ID=get_stocks_dag
AIRFLOW_CTX_TASK_ID=GOOG
AIRFLOW_CTX_EXECUTION_DATE=2024-01-12T00:00:00+00:00
AIRFLOW_CTX_TRY_NUMBER=1
AIRFLOW_CTX_DAG_RUN_ID=scheduled__2024-01-12T00:00:00+00:00
[2024-04-02 17:17:18,832] {python.py:173} INFO - Done. Returned value was: None
[2024-04-02 17:17:18,911] {taskinstance.py:1395} INFO - Marking task as SUCCESS. dag_id=get_stocks_dag, task_id=GOOG, execution_date=20240112T000000, start_date=20240402T201702, end_date=20240402T201718
[2024-04-02 17:17:19,001] {local_task_job.py:156} INFO - Task exited with return code 0
[2024-04-02 17:17:19,376] {local_task_job.py:273} INFO - 0 downstream tasks scheduled from follow-on schedule check
[2024-04-02 17:42:37,433] {taskinstance.py:1159} INFO - Dependencies all met for <TaskInstance: get_stocks_dag.GOOG scheduled__2024-01-12T00:00:00+00:00 [queued]>
[2024-04-02 17:42:37,448] {taskinstance.py:1159} INFO - Dependencies all met for <TaskInstance: get_stocks_dag.GOOG scheduled__2024-01-12T00:00:00+00:00 [queued]>
[2024-04-02 17:42:37,449] {taskinstance.py:1356} INFO - 
--------------------------------------------------------------------------------
[2024-04-02 17:42:37,449] {taskinstance.py:1357} INFO - Starting attempt 1 of 1
[2024-04-02 17:42:37,450] {taskinstance.py:1358} INFO - 
--------------------------------------------------------------------------------
[2024-04-02 17:42:37,469] {taskinstance.py:1377} INFO - Executing <Task(_PythonDecoratedOperator): GOOG> on 2024-01-12 00:00:00+00:00
[2024-04-02 17:42:37,475] {standard_task_runner.py:52} INFO - Started process 18890 to run task
[2024-04-02 17:42:37,482] {standard_task_runner.py:79} INFO - Running: ['airflow', 'tasks', 'run', 'get_stocks_dag', 'GOOG', 'scheduled__2024-01-12T00:00:00+00:00', '--job-id', '285', '--raw', '--subdir', 'DAGS_FOLDER/get_stocks.py', '--cfg-path', '/tmp/tmpwewy5h82', '--error-file', '/tmp/tmpgm5a69ql']
[2024-04-02 17:42:37,483] {standard_task_runner.py:80} INFO - Job 285: Subtask GOOG
[2024-04-02 17:42:37,673] {task_command.py:370} INFO - Running <TaskInstance: get_stocks_dag.GOOG scheduled__2024-01-12T00:00:00+00:00 [running]> on host alexmend-virtual-machine
[2024-04-02 17:42:37,798] {taskinstance.py:1569} INFO - Exporting the following env vars:
AIRFLOW_CTX_DAG_OWNER=airflow
AIRFLOW_CTX_DAG_ID=get_stocks_dag
AIRFLOW_CTX_TASK_ID=GOOG
AIRFLOW_CTX_EXECUTION_DATE=2024-01-12T00:00:00+00:00
AIRFLOW_CTX_TRY_NUMBER=1
AIRFLOW_CTX_DAG_RUN_ID=scheduled__2024-01-12T00:00:00+00:00
[2024-04-02 17:42:38,416] {python.py:173} INFO - Done. Returned value was: None
[2024-04-02 17:42:38,443] {taskinstance.py:1395} INFO - Marking task as SUCCESS. dag_id=get_stocks_dag, task_id=GOOG, execution_date=20240112T000000, start_date=20240402T204237, end_date=20240402T204238
[2024-04-02 17:42:38,476] {local_task_job.py:156} INFO - Task exited with return code 0
[2024-04-02 17:42:38,564] {local_task_job.py:273} INFO - 0 downstream tasks scheduled from follow-on schedule check
