[2024-04-02 21:58:22,636] {taskinstance.py:1159} INFO - Dependencies all met for <TaskInstance: get_crypto_dag.DOGE scheduled__2024-03-20T00:00:00+00:00 [queued]>
[2024-04-02 21:58:22,670] {taskinstance.py:1159} INFO - Dependencies all met for <TaskInstance: get_crypto_dag.DOGE scheduled__2024-03-20T00:00:00+00:00 [queued]>
[2024-04-02 21:58:22,671] {taskinstance.py:1356} INFO - 
--------------------------------------------------------------------------------
[2024-04-02 21:58:22,671] {taskinstance.py:1357} INFO - Starting attempt 1 of 1
[2024-04-02 21:58:22,672] {taskinstance.py:1358} INFO - 
--------------------------------------------------------------------------------
[2024-04-02 21:58:22,743] {taskinstance.py:1377} INFO - Executing <Task(_PythonDecoratedOperator): DOGE> on 2024-03-20 00:00:00+00:00
[2024-04-02 21:58:22,756] {standard_task_runner.py:52} INFO - Started process 56769 to run task
[2024-04-02 21:58:22,765] {standard_task_runner.py:79} INFO - Running: ['airflow', 'tasks', 'run', 'get_crypto_dag', 'DOGE', 'scheduled__2024-03-20T00:00:00+00:00', '--job-id', '913', '--raw', '--subdir', 'DAGS_FOLDER/get_crypto.py', '--cfg-path', '/tmp/tmpdocoara1', '--error-file', '/tmp/tmp2t1av_vj']
[2024-04-02 21:58:22,767] {standard_task_runner.py:80} INFO - Job 913: Subtask DOGE
[2024-04-02 21:58:22,895] {task_command.py:370} INFO - Running <TaskInstance: get_crypto_dag.DOGE scheduled__2024-03-20T00:00:00+00:00 [running]> on host alexmend-virtual-machine
[2024-04-02 21:58:23,050] {taskinstance.py:1569} INFO - Exporting the following env vars:
AIRFLOW_CTX_DAG_OWNER=airflow
AIRFLOW_CTX_DAG_ID=get_crypto_dag
AIRFLOW_CTX_TASK_ID=DOGE
AIRFLOW_CTX_EXECUTION_DATE=2024-03-20T00:00:00+00:00
AIRFLOW_CTX_TRY_NUMBER=1
AIRFLOW_CTX_DAG_RUN_ID=scheduled__2024-03-20T00:00:00+00:00
[2024-04-02 21:58:28,692] {history.py:90} ERROR - DOGE: No timezone found, symbol may be delisted
[2024-04-02 21:58:38,710] {python.py:173} INFO - Done. Returned value was: None
[2024-04-02 21:58:38,788] {taskinstance.py:1395} INFO - Marking task as SUCCESS. dag_id=get_crypto_dag, task_id=DOGE, execution_date=20240320T000000, start_date=20240403T005822, end_date=20240403T005838
[2024-04-02 21:58:38,867] {local_task_job.py:156} INFO - Task exited with return code 0
[2024-04-02 21:58:38,917] {local_task_job.py:273} INFO - 0 downstream tasks scheduled from follow-on schedule check
[2024-04-02 23:09:23,096] {taskinstance.py:1159} INFO - Dependencies all met for <TaskInstance: get_crypto_dag.DOGE scheduled__2024-03-20T00:00:00+00:00 [queued]>
[2024-04-02 23:09:23,125] {taskinstance.py:1159} INFO - Dependencies all met for <TaskInstance: get_crypto_dag.DOGE scheduled__2024-03-20T00:00:00+00:00 [queued]>
[2024-04-02 23:09:23,126] {taskinstance.py:1356} INFO - 
--------------------------------------------------------------------------------
[2024-04-02 23:09:23,127] {taskinstance.py:1357} INFO - Starting attempt 1 of 1
[2024-04-02 23:09:23,128] {taskinstance.py:1358} INFO - 
--------------------------------------------------------------------------------
[2024-04-02 23:09:23,155] {taskinstance.py:1377} INFO - Executing <Task(_PythonDecoratedOperator): DOGE> on 2024-03-20 00:00:00+00:00
[2024-04-02 23:09:23,178] {standard_task_runner.py:52} INFO - Started process 81055 to run task
[2024-04-02 23:09:23,189] {standard_task_runner.py:79} INFO - Running: ['airflow', 'tasks', 'run', 'get_crypto_dag', 'DOGE', 'scheduled__2024-03-20T00:00:00+00:00', '--job-id', '1130', '--raw', '--subdir', 'DAGS_FOLDER/get_crypto.py', '--cfg-path', '/tmp/tmpxnx2i08_', '--error-file', '/tmp/tmp8h04p317']
[2024-04-02 23:09:23,194] {standard_task_runner.py:80} INFO - Job 1130: Subtask DOGE
[2024-04-02 23:09:23,341] {task_command.py:370} INFO - Running <TaskInstance: get_crypto_dag.DOGE scheduled__2024-03-20T00:00:00+00:00 [running]> on host alexmend-virtual-machine
[2024-04-02 23:09:23,503] {taskinstance.py:1569} INFO - Exporting the following env vars:
AIRFLOW_CTX_DAG_OWNER=airflow
AIRFLOW_CTX_DAG_ID=get_crypto_dag
AIRFLOW_CTX_TASK_ID=DOGE
AIRFLOW_CTX_EXECUTION_DATE=2024-03-20T00:00:00+00:00
AIRFLOW_CTX_TRY_NUMBER=1
AIRFLOW_CTX_DAG_RUN_ID=scheduled__2024-03-20T00:00:00+00:00
[2024-04-02 23:09:27,163] {history.py:90} ERROR - DOGE: No timezone found, symbol may be delisted
[2024-04-02 23:09:37,183] {python.py:173} INFO - Done. Returned value was: None
[2024-04-02 23:09:37,218] {taskinstance.py:1395} INFO - Marking task as SUCCESS. dag_id=get_crypto_dag, task_id=DOGE, execution_date=20240320T000000, start_date=20240403T020923, end_date=20240403T020937
[2024-04-02 23:09:37,291] {local_task_job.py:156} INFO - Task exited with return code 0
[2024-04-02 23:09:37,365] {local_task_job.py:273} INFO - 0 downstream tasks scheduled from follow-on schedule check
