[2024-04-02 21:58:04,373] {taskinstance.py:1159} INFO - Dependencies all met for <TaskInstance: get_crypto_dag.ETH scheduled__2024-03-19T00:00:00+00:00 [queued]>
[2024-04-02 21:58:04,423] {taskinstance.py:1159} INFO - Dependencies all met for <TaskInstance: get_crypto_dag.ETH scheduled__2024-03-19T00:00:00+00:00 [queued]>
[2024-04-02 21:58:04,423] {taskinstance.py:1356} INFO - 
--------------------------------------------------------------------------------
[2024-04-02 21:58:04,423] {taskinstance.py:1357} INFO - Starting attempt 1 of 1
[2024-04-02 21:58:04,423] {taskinstance.py:1358} INFO - 
--------------------------------------------------------------------------------
[2024-04-02 21:58:04,473] {taskinstance.py:1377} INFO - Executing <Task(_PythonDecoratedOperator): ETH> on 2024-03-19 00:00:00+00:00
[2024-04-02 21:58:04,505] {standard_task_runner.py:79} INFO - Running: ['airflow', 'tasks', 'run', 'get_crypto_dag', 'ETH', 'scheduled__2024-03-19T00:00:00+00:00', '--job-id', '908', '--raw', '--subdir', 'DAGS_FOLDER/get_crypto.py', '--cfg-path', '/tmp/tmpdh49iupe', '--error-file', '/tmp/tmp91xf8ouv']
[2024-04-02 21:58:04,508] {standard_task_runner.py:80} INFO - Job 908: Subtask ETH
[2024-04-02 21:58:04,487] {standard_task_runner.py:52} INFO - Started process 56544 to run task
[2024-04-02 21:58:04,851] {task_command.py:370} INFO - Running <TaskInstance: get_crypto_dag.ETH scheduled__2024-03-19T00:00:00+00:00 [running]> on host alexmend-virtual-machine
[2024-04-02 21:58:05,059] {taskinstance.py:1569} INFO - Exporting the following env vars:
AIRFLOW_CTX_DAG_OWNER=airflow
AIRFLOW_CTX_DAG_ID=get_crypto_dag
AIRFLOW_CTX_TASK_ID=ETH
AIRFLOW_CTX_EXECUTION_DATE=2024-03-19T00:00:00+00:00
AIRFLOW_CTX_TRY_NUMBER=1
AIRFLOW_CTX_DAG_RUN_ID=scheduled__2024-03-19T00:00:00+00:00
[2024-04-02 21:58:08,889] {history.py:90} ERROR - ETH: No timezone found, symbol may be delisted
[2024-04-02 21:58:18,913] {python.py:173} INFO - Done. Returned value was: None
[2024-04-02 21:58:18,961] {taskinstance.py:1395} INFO - Marking task as SUCCESS. dag_id=get_crypto_dag, task_id=ETH, execution_date=20240319T000000, start_date=20240403T005804, end_date=20240403T005818
[2024-04-02 21:58:19,098] {local_task_job.py:156} INFO - Task exited with return code 0
[2024-04-02 21:58:19,177] {local_task_job.py:273} INFO - 0 downstream tasks scheduled from follow-on schedule check
[2024-04-02 23:08:23,654] {taskinstance.py:1159} INFO - Dependencies all met for <TaskInstance: get_crypto_dag.ETH scheduled__2024-03-19T00:00:00+00:00 [queued]>
[2024-04-02 23:08:23,723] {taskinstance.py:1159} INFO - Dependencies all met for <TaskInstance: get_crypto_dag.ETH scheduled__2024-03-19T00:00:00+00:00 [queued]>
[2024-04-02 23:08:23,725] {taskinstance.py:1356} INFO - 
--------------------------------------------------------------------------------
[2024-04-02 23:08:23,727] {taskinstance.py:1357} INFO - Starting attempt 1 of 1
[2024-04-02 23:08:23,728] {taskinstance.py:1358} INFO - 
--------------------------------------------------------------------------------
[2024-04-02 23:08:23,796] {taskinstance.py:1377} INFO - Executing <Task(_PythonDecoratedOperator): ETH> on 2024-03-19 00:00:00+00:00
[2024-04-02 23:08:23,829] {standard_task_runner.py:52} INFO - Started process 80478 to run task
[2024-04-02 23:08:23,866] {standard_task_runner.py:79} INFO - Running: ['airflow', 'tasks', 'run', 'get_crypto_dag', 'ETH', 'scheduled__2024-03-19T00:00:00+00:00', '--job-id', '1122', '--raw', '--subdir', 'DAGS_FOLDER/get_crypto.py', '--cfg-path', '/tmp/tmpk9dlc3sn', '--error-file', '/tmp/tmpnmk8uuvv']
[2024-04-02 23:08:23,869] {standard_task_runner.py:80} INFO - Job 1122: Subtask ETH
[2024-04-02 23:08:24,220] {task_command.py:370} INFO - Running <TaskInstance: get_crypto_dag.ETH scheduled__2024-03-19T00:00:00+00:00 [running]> on host alexmend-virtual-machine
[2024-04-02 23:08:24,491] {taskinstance.py:1569} INFO - Exporting the following env vars:
AIRFLOW_CTX_DAG_OWNER=airflow
AIRFLOW_CTX_DAG_ID=get_crypto_dag
AIRFLOW_CTX_TASK_ID=ETH
AIRFLOW_CTX_EXECUTION_DATE=2024-03-19T00:00:00+00:00
AIRFLOW_CTX_TRY_NUMBER=1
AIRFLOW_CTX_DAG_RUN_ID=scheduled__2024-03-19T00:00:00+00:00
[2024-04-02 23:08:27,998] {history.py:90} ERROR - ETH: No timezone found, symbol may be delisted
[2024-04-02 23:08:38,019] {python.py:173} INFO - Done. Returned value was: None
[2024-04-02 23:08:38,065] {taskinstance.py:1395} INFO - Marking task as SUCCESS. dag_id=get_crypto_dag, task_id=ETH, execution_date=20240319T000000, start_date=20240403T020823, end_date=20240403T020838
[2024-04-02 23:08:38,169] {local_task_job.py:156} INFO - Task exited with return code 0
[2024-04-02 23:08:38,271] {local_task_job.py:273} INFO - 0 downstream tasks scheduled from follow-on schedule check
