[2024-04-02 13:08:18,113] {taskinstance.py:1159} INFO - Dependencies all met for <TaskInstance: get_stocks_dag.AAPL scheduled__2024-02-28T00:00:00+00:00 [queued]>
[2024-04-02 13:08:18,124] {taskinstance.py:1159} INFO - Dependencies all met for <TaskInstance: get_stocks_dag.AAPL scheduled__2024-02-28T00:00:00+00:00 [queued]>
[2024-04-02 13:08:18,124] {taskinstance.py:1356} INFO - 
--------------------------------------------------------------------------------
[2024-04-02 13:08:18,124] {taskinstance.py:1357} INFO - Starting attempt 1 of 1
[2024-04-02 13:08:18,125] {taskinstance.py:1358} INFO - 
--------------------------------------------------------------------------------
[2024-04-02 13:08:18,142] {taskinstance.py:1377} INFO - Executing <Task(_PythonDecoratedOperator): AAPL> on 2024-02-28 00:00:00+00:00
[2024-04-02 13:08:18,149] {standard_task_runner.py:52} INFO - Started process 11791 to run task
[2024-04-02 13:08:18,156] {standard_task_runner.py:79} INFO - Running: ['airflow', 'tasks', 'run', 'get_stocks_dag', 'AAPL', 'scheduled__2024-02-28T00:00:00+00:00', '--job-id', '171', '--raw', '--subdir', 'DAGS_FOLDER/get_stocks.py', '--cfg-path', '/tmp/tmpt6ju8xo5', '--error-file', '/tmp/tmpvuii7hp4']
[2024-04-02 13:08:18,157] {standard_task_runner.py:80} INFO - Job 171: Subtask AAPL
[2024-04-02 13:08:18,239] {task_command.py:370} INFO - Running <TaskInstance: get_stocks_dag.AAPL scheduled__2024-02-28T00:00:00+00:00 [running]> on host alexmend-virtual-machine
[2024-04-02 13:08:18,309] {taskinstance.py:1569} INFO - Exporting the following env vars:
AIRFLOW_CTX_DAG_OWNER=airflow
AIRFLOW_CTX_DAG_ID=get_stocks_dag
AIRFLOW_CTX_TASK_ID=AAPL
AIRFLOW_CTX_EXECUTION_DATE=2024-02-28T00:00:00+00:00
AIRFLOW_CTX_TRY_NUMBER=1
AIRFLOW_CTX_DAG_RUN_ID=scheduled__2024-02-28T00:00:00+00:00
[2024-04-02 13:08:19,213] {python.py:173} INFO - Done. Returned value was: None
[2024-04-02 13:08:19,225] {taskinstance.py:1395} INFO - Marking task as SUCCESS. dag_id=get_stocks_dag, task_id=AAPL, execution_date=20240228T000000, start_date=20240402T160818, end_date=20240402T160819
[2024-04-02 13:08:19,255] {local_task_job.py:156} INFO - Task exited with return code 0
[2024-04-02 13:08:19,280] {local_task_job.py:273} INFO - 0 downstream tasks scheduled from follow-on schedule check
[2024-04-02 17:19:14,723] {taskinstance.py:1159} INFO - Dependencies all met for <TaskInstance: get_stocks_dag.AAPL scheduled__2024-02-28T00:00:00+00:00 [queued]>
[2024-04-02 17:19:15,023] {taskinstance.py:1159} INFO - Dependencies all met for <TaskInstance: get_stocks_dag.AAPL scheduled__2024-02-28T00:00:00+00:00 [queued]>
[2024-04-02 17:19:15,023] {taskinstance.py:1356} INFO - 
--------------------------------------------------------------------------------
[2024-04-02 17:19:15,023] {taskinstance.py:1357} INFO - Starting attempt 1 of 1
[2024-04-02 17:19:15,023] {taskinstance.py:1358} INFO - 
--------------------------------------------------------------------------------
[2024-04-02 17:19:15,302] {taskinstance.py:1377} INFO - Executing <Task(_PythonDecoratedOperator): AAPL> on 2024-02-28 00:00:00+00:00
[2024-04-02 17:19:15,394] {standard_task_runner.py:52} INFO - Started process 7813 to run task
[2024-04-02 17:19:16,169] {standard_task_runner.py:79} INFO - Running: ['airflow', 'tasks', 'run', 'get_stocks_dag', 'AAPL', 'scheduled__2024-02-28T00:00:00+00:00', '--job-id', '167', '--raw', '--subdir', 'DAGS_FOLDER/get_stocks.py', '--cfg-path', '/tmp/tmp2ikt65fs', '--error-file', '/tmp/tmp53uqxro1']
[2024-04-02 17:19:16,170] {standard_task_runner.py:80} INFO - Job 167: Subtask AAPL
[2024-04-02 17:19:17,313] {task_command.py:370} INFO - Running <TaskInstance: get_stocks_dag.AAPL scheduled__2024-02-28T00:00:00+00:00 [running]> on host alexmend-virtual-machine
[2024-04-02 17:19:18,707] {taskinstance.py:1569} INFO - Exporting the following env vars:
AIRFLOW_CTX_DAG_OWNER=airflow
AIRFLOW_CTX_DAG_ID=get_stocks_dag
AIRFLOW_CTX_TASK_ID=AAPL
AIRFLOW_CTX_EXECUTION_DATE=2024-02-28T00:00:00+00:00
AIRFLOW_CTX_TRY_NUMBER=1
AIRFLOW_CTX_DAG_RUN_ID=scheduled__2024-02-28T00:00:00+00:00
[2024-04-02 17:19:20,392] {python.py:173} INFO - Done. Returned value was: None
[2024-04-02 17:19:20,558] {taskinstance.py:1395} INFO - Marking task as SUCCESS. dag_id=get_stocks_dag, task_id=AAPL, execution_date=20240228T000000, start_date=20240402T201914, end_date=20240402T201920
[2024-04-02 17:19:20,772] {local_task_job.py:156} INFO - Task exited with return code 0
[2024-04-02 17:19:21,068] {local_task_job.py:273} INFO - 0 downstream tasks scheduled from follow-on schedule check
[2024-04-02 17:45:39,079] {taskinstance.py:1159} INFO - Dependencies all met for <TaskInstance: get_stocks_dag.AAPL scheduled__2024-02-28T00:00:00+00:00 [queued]>
[2024-04-02 17:45:39,094] {taskinstance.py:1159} INFO - Dependencies all met for <TaskInstance: get_stocks_dag.AAPL scheduled__2024-02-28T00:00:00+00:00 [queued]>
[2024-04-02 17:45:39,094] {taskinstance.py:1356} INFO - 
--------------------------------------------------------------------------------
[2024-04-02 17:45:39,094] {taskinstance.py:1357} INFO - Starting attempt 1 of 1
[2024-04-02 17:45:39,095] {taskinstance.py:1358} INFO - 
--------------------------------------------------------------------------------
[2024-04-02 17:45:39,110] {taskinstance.py:1377} INFO - Executing <Task(_PythonDecoratedOperator): AAPL> on 2024-02-28 00:00:00+00:00
[2024-04-02 17:45:39,118] {standard_task_runner.py:52} INFO - Started process 22634 to run task
[2024-04-02 17:45:39,125] {standard_task_runner.py:79} INFO - Running: ['airflow', 'tasks', 'run', 'get_stocks_dag', 'AAPL', 'scheduled__2024-02-28T00:00:00+00:00', '--job-id', '415', '--raw', '--subdir', 'DAGS_FOLDER/get_stocks.py', '--cfg-path', '/tmp/tmpvwoe3qv9', '--error-file', '/tmp/tmpsufnu0ka']
[2024-04-02 17:45:39,127] {standard_task_runner.py:80} INFO - Job 415: Subtask AAPL
[2024-04-02 17:45:39,225] {task_command.py:370} INFO - Running <TaskInstance: get_stocks_dag.AAPL scheduled__2024-02-28T00:00:00+00:00 [running]> on host alexmend-virtual-machine
[2024-04-02 17:45:39,325] {taskinstance.py:1569} INFO - Exporting the following env vars:
AIRFLOW_CTX_DAG_OWNER=airflow
AIRFLOW_CTX_DAG_ID=get_stocks_dag
AIRFLOW_CTX_TASK_ID=AAPL
AIRFLOW_CTX_EXECUTION_DATE=2024-02-28T00:00:00+00:00
AIRFLOW_CTX_TRY_NUMBER=1
AIRFLOW_CTX_DAG_RUN_ID=scheduled__2024-02-28T00:00:00+00:00
[2024-04-02 17:45:39,982] {python.py:173} INFO - Done. Returned value was: None
[2024-04-02 17:45:40,009] {taskinstance.py:1395} INFO - Marking task as SUCCESS. dag_id=get_stocks_dag, task_id=AAPL, execution_date=20240228T000000, start_date=20240402T204539, end_date=20240402T204540
[2024-04-02 17:45:40,064] {local_task_job.py:156} INFO - Task exited with return code 0
[2024-04-02 17:45:40,150] {local_task_job.py:273} INFO - 0 downstream tasks scheduled from follow-on schedule check
[2024-04-02 19:13:57,424] {taskinstance.py:1159} INFO - Dependencies all met for <TaskInstance: get_stocks_dag.AAPL scheduled__2024-02-28T00:00:00+00:00 [queued]>
[2024-04-02 19:13:57,449] {taskinstance.py:1159} INFO - Dependencies all met for <TaskInstance: get_stocks_dag.AAPL scheduled__2024-02-28T00:00:00+00:00 [queued]>
[2024-04-02 19:13:57,450] {taskinstance.py:1356} INFO - 
--------------------------------------------------------------------------------
[2024-04-02 19:13:57,451] {taskinstance.py:1357} INFO - Starting attempt 1 of 1
[2024-04-02 19:13:57,452] {taskinstance.py:1358} INFO - 
--------------------------------------------------------------------------------
[2024-04-02 19:13:57,478] {taskinstance.py:1377} INFO - Executing <Task(_PythonDecoratedOperator): AAPL> on 2024-02-28 00:00:00+00:00
[2024-04-02 19:13:57,490] {standard_task_runner.py:52} INFO - Started process 13248 to run task
[2024-04-02 19:13:57,504] {standard_task_runner.py:79} INFO - Running: ['airflow', 'tasks', 'run', 'get_stocks_dag', 'AAPL', 'scheduled__2024-02-28T00:00:00+00:00', '--job-id', '516', '--raw', '--subdir', 'DAGS_FOLDER/get_stocks.py', '--cfg-path', '/tmp/tmpbzpq5xtz', '--error-file', '/tmp/tmp3s_t5s0n']
[2024-04-02 19:13:57,507] {standard_task_runner.py:80} INFO - Job 516: Subtask AAPL
[2024-04-02 19:13:57,691] {task_command.py:370} INFO - Running <TaskInstance: get_stocks_dag.AAPL scheduled__2024-02-28T00:00:00+00:00 [running]> on host alexmend-virtual-machine
[2024-04-02 19:13:57,968] {taskinstance.py:1569} INFO - Exporting the following env vars:
AIRFLOW_CTX_DAG_OWNER=airflow
AIRFLOW_CTX_DAG_ID=get_stocks_dag
AIRFLOW_CTX_TASK_ID=AAPL
AIRFLOW_CTX_EXECUTION_DATE=2024-02-28T00:00:00+00:00
AIRFLOW_CTX_TRY_NUMBER=1
AIRFLOW_CTX_DAG_RUN_ID=scheduled__2024-02-28T00:00:00+00:00
[2024-04-02 19:13:59,342] {python.py:173} INFO - Done. Returned value was: None
[2024-04-02 19:13:59,442] {taskinstance.py:1395} INFO - Marking task as SUCCESS. dag_id=get_stocks_dag, task_id=AAPL, execution_date=20240228T000000, start_date=20240402T221357, end_date=20240402T221359
[2024-04-02 19:13:59,797] {local_task_job.py:156} INFO - Task exited with return code 0
[2024-04-02 19:13:59,946] {local_task_job.py:273} INFO - 0 downstream tasks scheduled from follow-on schedule check
[2024-04-02 20:37:44,256] {taskinstance.py:1159} INFO - Dependencies all met for <TaskInstance: get_stocks_dag.AAPL scheduled__2024-02-28T00:00:00+00:00 [queued]>
[2024-04-02 20:37:44,289] {taskinstance.py:1159} INFO - Dependencies all met for <TaskInstance: get_stocks_dag.AAPL scheduled__2024-02-28T00:00:00+00:00 [queued]>
[2024-04-02 20:37:44,290] {taskinstance.py:1356} INFO - 
--------------------------------------------------------------------------------
[2024-04-02 20:37:44,290] {taskinstance.py:1357} INFO - Starting attempt 1 of 1
[2024-04-02 20:37:44,290] {taskinstance.py:1358} INFO - 
--------------------------------------------------------------------------------
[2024-04-02 20:37:44,326] {taskinstance.py:1377} INFO - Executing <Task(_PythonDecoratedOperator): AAPL> on 2024-02-28 00:00:00+00:00
[2024-04-02 20:37:44,348] {standard_task_runner.py:52} INFO - Started process 24610 to run task
[2024-04-02 20:37:44,373] {standard_task_runner.py:79} INFO - Running: ['airflow', 'tasks', 'run', 'get_stocks_dag', 'AAPL', 'scheduled__2024-02-28T00:00:00+00:00', '--job-id', '618', '--raw', '--subdir', 'DAGS_FOLDER/get_stocks.py', '--cfg-path', '/tmp/tmp4opryj50', '--error-file', '/tmp/tmpgot18gp6']
[2024-04-02 20:37:44,376] {standard_task_runner.py:80} INFO - Job 618: Subtask AAPL
[2024-04-02 20:37:44,818] {task_command.py:370} INFO - Running <TaskInstance: get_stocks_dag.AAPL scheduled__2024-02-28T00:00:00+00:00 [running]> on host alexmend-virtual-machine
[2024-04-02 20:37:45,278] {taskinstance.py:1569} INFO - Exporting the following env vars:
AIRFLOW_CTX_DAG_OWNER=airflow
AIRFLOW_CTX_DAG_ID=get_stocks_dag
AIRFLOW_CTX_TASK_ID=AAPL
AIRFLOW_CTX_EXECUTION_DATE=2024-02-28T00:00:00+00:00
AIRFLOW_CTX_TRY_NUMBER=1
AIRFLOW_CTX_DAG_RUN_ID=scheduled__2024-02-28T00:00:00+00:00
[2024-04-02 20:37:46,189] {python.py:173} INFO - Done. Returned value was: None
[2024-04-02 20:37:46,388] {taskinstance.py:1395} INFO - Marking task as SUCCESS. dag_id=get_stocks_dag, task_id=AAPL, execution_date=20240228T000000, start_date=20240402T233744, end_date=20240402T233746
[2024-04-02 20:37:46,762] {local_task_job.py:156} INFO - Task exited with return code 0
[2024-04-02 20:37:47,115] {local_task_job.py:273} INFO - 0 downstream tasks scheduled from follow-on schedule check
[2024-04-02 21:43:49,029] {taskinstance.py:1159} INFO - Dependencies all met for <TaskInstance: get_stocks_dag.AAPL scheduled__2024-02-28T00:00:00+00:00 [queued]>
[2024-04-02 21:43:49,049] {taskinstance.py:1159} INFO - Dependencies all met for <TaskInstance: get_stocks_dag.AAPL scheduled__2024-02-28T00:00:00+00:00 [queued]>
[2024-04-02 21:43:49,049] {taskinstance.py:1356} INFO - 
--------------------------------------------------------------------------------
[2024-04-02 21:43:49,050] {taskinstance.py:1357} INFO - Starting attempt 1 of 1
[2024-04-02 21:43:49,050] {taskinstance.py:1358} INFO - 
--------------------------------------------------------------------------------
[2024-04-02 21:43:49,076] {taskinstance.py:1377} INFO - Executing <Task(_PythonDecoratedOperator): AAPL> on 2024-02-28 00:00:00+00:00
[2024-04-02 21:43:49,163] {standard_task_runner.py:79} INFO - Running: ['airflow', 'tasks', 'run', 'get_stocks_dag', 'AAPL', 'scheduled__2024-02-28T00:00:00+00:00', '--job-id', '726', '--raw', '--subdir', 'DAGS_FOLDER/get_stocks.py', '--cfg-path', '/tmp/tmpy1wk36v0', '--error-file', '/tmp/tmpx94un9xf']
[2024-04-02 21:43:49,258] {standard_task_runner.py:80} INFO - Job 726: Subtask AAPL
[2024-04-02 21:43:49,163] {standard_task_runner.py:52} INFO - Started process 46189 to run task
[2024-04-02 21:43:50,405] {task_command.py:370} INFO - Running <TaskInstance: get_stocks_dag.AAPL scheduled__2024-02-28T00:00:00+00:00 [running]> on host alexmend-virtual-machine
[2024-04-02 21:43:50,591] {taskinstance.py:1569} INFO - Exporting the following env vars:
AIRFLOW_CTX_DAG_OWNER=airflow
AIRFLOW_CTX_DAG_ID=get_stocks_dag
AIRFLOW_CTX_TASK_ID=AAPL
AIRFLOW_CTX_EXECUTION_DATE=2024-02-28T00:00:00+00:00
AIRFLOW_CTX_TRY_NUMBER=1
AIRFLOW_CTX_DAG_RUN_ID=scheduled__2024-02-28T00:00:00+00:00
[2024-04-02 21:44:01,566] {python.py:173} INFO - Done. Returned value was: None
[2024-04-02 21:44:01,613] {taskinstance.py:1395} INFO - Marking task as SUCCESS. dag_id=get_stocks_dag, task_id=AAPL, execution_date=20240228T000000, start_date=20240403T004349, end_date=20240403T004401
[2024-04-02 21:44:01,710] {local_task_job.py:156} INFO - Task exited with return code 0
[2024-04-02 21:44:01,892] {local_task_job.py:273} INFO - 0 downstream tasks scheduled from follow-on schedule check
[2024-04-02 22:49:04,599] {taskinstance.py:1159} INFO - Dependencies all met for <TaskInstance: get_stocks_dag.AAPL scheduled__2024-02-28T00:00:00+00:00 [queued]>
[2024-04-02 22:49:04,631] {taskinstance.py:1159} INFO - Dependencies all met for <TaskInstance: get_stocks_dag.AAPL scheduled__2024-02-28T00:00:00+00:00 [queued]>
[2024-04-02 22:49:04,632] {taskinstance.py:1356} INFO - 
--------------------------------------------------------------------------------
[2024-04-02 22:49:04,632] {taskinstance.py:1357} INFO - Starting attempt 1 of 1
[2024-04-02 22:49:04,632] {taskinstance.py:1358} INFO - 
--------------------------------------------------------------------------------
[2024-04-02 22:49:04,682] {taskinstance.py:1377} INFO - Executing <Task(_PythonDecoratedOperator): AAPL> on 2024-02-28 00:00:00+00:00
[2024-04-02 22:49:04,702] {standard_task_runner.py:52} INFO - Started process 70301 to run task
[2024-04-02 22:49:04,718] {standard_task_runner.py:79} INFO - Running: ['airflow', 'tasks', 'run', 'get_stocks_dag', 'AAPL', 'scheduled__2024-02-28T00:00:00+00:00', '--job-id', '988', '--raw', '--subdir', 'DAGS_FOLDER/get_stocks.py', '--cfg-path', '/tmp/tmpwoo56qdi', '--error-file', '/tmp/tmpkdfr7n3s']
[2024-04-02 22:49:04,722] {standard_task_runner.py:80} INFO - Job 988: Subtask AAPL
[2024-04-02 22:49:05,101] {task_command.py:370} INFO - Running <TaskInstance: get_stocks_dag.AAPL scheduled__2024-02-28T00:00:00+00:00 [running]> on host alexmend-virtual-machine
[2024-04-02 22:49:05,434] {taskinstance.py:1569} INFO - Exporting the following env vars:
AIRFLOW_CTX_DAG_OWNER=airflow
AIRFLOW_CTX_DAG_ID=get_stocks_dag
AIRFLOW_CTX_TASK_ID=AAPL
AIRFLOW_CTX_EXECUTION_DATE=2024-02-28T00:00:00+00:00
AIRFLOW_CTX_TRY_NUMBER=1
AIRFLOW_CTX_DAG_RUN_ID=scheduled__2024-02-28T00:00:00+00:00
[2024-04-02 22:49:16,263] {python.py:173} INFO - Done. Returned value was: None
[2024-04-02 22:49:16,310] {taskinstance.py:1395} INFO - Marking task as SUCCESS. dag_id=get_stocks_dag, task_id=AAPL, execution_date=20240228T000000, start_date=20240403T014904, end_date=20240403T014916
[2024-04-02 22:49:16,454] {local_task_job.py:156} INFO - Task exited with return code 0
[2024-04-02 22:49:16,612] {local_task_job.py:273} INFO - 0 downstream tasks scheduled from follow-on schedule check
