[2024-04-02 22:02:19,601] {taskinstance.py:1159} INFO - Dependencies all met for <TaskInstance: get_crypto_dag.BTC scheduled__2024-03-27T00:00:00+00:00 [queued]>
[2024-04-02 22:02:19,616] {taskinstance.py:1159} INFO - Dependencies all met for <TaskInstance: get_crypto_dag.BTC scheduled__2024-03-27T00:00:00+00:00 [queued]>
[2024-04-02 22:02:19,616] {taskinstance.py:1356} INFO - 
--------------------------------------------------------------------------------
[2024-04-02 22:02:19,617] {taskinstance.py:1357} INFO - Starting attempt 1 of 1
[2024-04-02 22:02:19,617] {taskinstance.py:1358} INFO - 
--------------------------------------------------------------------------------
[2024-04-02 22:02:19,636] {taskinstance.py:1377} INFO - Executing <Task(_PythonDecoratedOperator): BTC> on 2024-03-27 00:00:00+00:00
[2024-04-02 22:02:19,645] {standard_task_runner.py:52} INFO - Started process 59150 to run task
[2024-04-02 22:02:19,655] {standard_task_runner.py:79} INFO - Running: ['airflow', 'tasks', 'run', 'get_crypto_dag', 'BTC', 'scheduled__2024-03-27T00:00:00+00:00', '--job-id', '943', '--raw', '--subdir', 'DAGS_FOLDER/get_crypto.py', '--cfg-path', '/tmp/tmp5fe_bk8t', '--error-file', '/tmp/tmpjfxh17rv']
[2024-04-02 22:02:19,657] {standard_task_runner.py:80} INFO - Job 943: Subtask BTC
[2024-04-02 22:02:19,780] {task_command.py:370} INFO - Running <TaskInstance: get_crypto_dag.BTC scheduled__2024-03-27T00:00:00+00:00 [running]> on host alexmend-virtual-machine
[2024-04-02 22:02:19,932] {taskinstance.py:1569} INFO - Exporting the following env vars:
AIRFLOW_CTX_DAG_OWNER=airflow
AIRFLOW_CTX_DAG_ID=get_crypto_dag
AIRFLOW_CTX_TASK_ID=BTC
AIRFLOW_CTX_EXECUTION_DATE=2024-03-27T00:00:00+00:00
AIRFLOW_CTX_TRY_NUMBER=1
AIRFLOW_CTX_DAG_RUN_ID=scheduled__2024-03-27T00:00:00+00:00
[2024-04-02 22:02:20,793] {history.py:222} ERROR - BTC: No price data found, symbol may be delisted (1h 2024-03-26 -> 2024-03-27)
[2024-04-02 22:02:30,805] {python.py:173} INFO - Done. Returned value was: None
[2024-04-02 22:02:30,844] {taskinstance.py:1395} INFO - Marking task as SUCCESS. dag_id=get_crypto_dag, task_id=BTC, execution_date=20240327T000000, start_date=20240403T010219, end_date=20240403T010230
[2024-04-02 22:02:30,925] {local_task_job.py:156} INFO - Task exited with return code 0
[2024-04-02 22:02:31,030] {local_task_job.py:273} INFO - 0 downstream tasks scheduled from follow-on schedule check
[2024-04-02 23:17:04,623] {taskinstance.py:1159} INFO - Dependencies all met for <TaskInstance: get_crypto_dag.BTC scheduled__2024-03-27T00:00:00+00:00 [queued]>
[2024-04-02 23:17:04,641] {taskinstance.py:1159} INFO - Dependencies all met for <TaskInstance: get_crypto_dag.BTC scheduled__2024-03-27T00:00:00+00:00 [queued]>
[2024-04-02 23:17:04,642] {taskinstance.py:1356} INFO - 
--------------------------------------------------------------------------------
[2024-04-02 23:17:04,642] {taskinstance.py:1357} INFO - Starting attempt 1 of 1
[2024-04-02 23:17:04,643] {taskinstance.py:1358} INFO - 
--------------------------------------------------------------------------------
[2024-04-02 23:17:04,668] {taskinstance.py:1377} INFO - Executing <Task(_PythonDecoratedOperator): BTC> on 2024-03-27 00:00:00+00:00
[2024-04-02 23:17:04,684] {standard_task_runner.py:52} INFO - Started process 85070 to run task
[2024-04-02 23:17:04,696] {standard_task_runner.py:79} INFO - Running: ['airflow', 'tasks', 'run', 'get_crypto_dag', 'BTC', 'scheduled__2024-03-27T00:00:00+00:00', '--job-id', '1180', '--raw', '--subdir', 'DAGS_FOLDER/get_crypto.py', '--cfg-path', '/tmp/tmp85bgyh_i', '--error-file', '/tmp/tmpn640eoz1']
[2024-04-02 23:17:04,699] {standard_task_runner.py:80} INFO - Job 1180: Subtask BTC
[2024-04-02 23:17:04,879] {task_command.py:370} INFO - Running <TaskInstance: get_crypto_dag.BTC scheduled__2024-03-27T00:00:00+00:00 [running]> on host alexmend-virtual-machine
[2024-04-02 23:17:05,078] {taskinstance.py:1569} INFO - Exporting the following env vars:
AIRFLOW_CTX_DAG_OWNER=airflow
AIRFLOW_CTX_DAG_ID=get_crypto_dag
AIRFLOW_CTX_TASK_ID=BTC
AIRFLOW_CTX_EXECUTION_DATE=2024-03-27T00:00:00+00:00
AIRFLOW_CTX_TRY_NUMBER=1
AIRFLOW_CTX_DAG_RUN_ID=scheduled__2024-03-27T00:00:00+00:00
[2024-04-02 23:17:05,919] {history.py:222} ERROR - BTC: No price data found, symbol may be delisted (1h 2024-03-26 -> 2024-03-27)
[2024-04-02 23:17:15,950] {python.py:173} INFO - Done. Returned value was: None
[2024-04-02 23:17:15,981] {taskinstance.py:1395} INFO - Marking task as SUCCESS. dag_id=get_crypto_dag, task_id=BTC, execution_date=20240327T000000, start_date=20240403T021704, end_date=20240403T021715
[2024-04-02 23:17:16,032] {local_task_job.py:156} INFO - Task exited with return code 0
[2024-04-02 23:17:16,179] {local_task_job.py:273} INFO - 0 downstream tasks scheduled from follow-on schedule check
