[2024-04-02 13:02:10,658] {taskinstance.py:1159} INFO - Dependencies all met for <TaskInstance: get_stocks_dag.MSFT scheduled__2024-01-27T00:00:00+00:00 [queued]>
[2024-04-02 13:02:10,668] {taskinstance.py:1159} INFO - Dependencies all met for <TaskInstance: get_stocks_dag.MSFT scheduled__2024-01-27T00:00:00+00:00 [queued]>
[2024-04-02 13:02:10,668] {taskinstance.py:1356} INFO - 
--------------------------------------------------------------------------------
[2024-04-02 13:02:10,668] {taskinstance.py:1357} INFO - Starting attempt 1 of 1
[2024-04-02 13:02:10,669] {taskinstance.py:1358} INFO - 
--------------------------------------------------------------------------------
[2024-04-02 13:02:10,693] {taskinstance.py:1377} INFO - Executing <Task(_PythonDecoratedOperator): MSFT> on 2024-01-27 00:00:00+00:00
[2024-04-02 13:02:10,697] {standard_task_runner.py:52} INFO - Started process 9649 to run task
[2024-04-02 13:02:10,705] {standard_task_runner.py:79} INFO - Running: ['airflow', 'tasks', 'run', 'get_stocks_dag', 'MSFT', 'scheduled__2024-01-27T00:00:00+00:00', '--job-id', '84', '--raw', '--subdir', 'DAGS_FOLDER/get_stocks.py', '--cfg-path', '/tmp/tmprx3gi4xu', '--error-file', '/tmp/tmpdm6cfxx4']
[2024-04-02 13:02:10,707] {standard_task_runner.py:80} INFO - Job 84: Subtask MSFT
[2024-04-02 13:02:10,763] {task_command.py:370} INFO - Running <TaskInstance: get_stocks_dag.MSFT scheduled__2024-01-27T00:00:00+00:00 [running]> on host alexmend-virtual-machine
[2024-04-02 13:02:10,825] {taskinstance.py:1569} INFO - Exporting the following env vars:
AIRFLOW_CTX_DAG_OWNER=airflow
AIRFLOW_CTX_DAG_ID=get_stocks_dag
AIRFLOW_CTX_TASK_ID=MSFT
AIRFLOW_CTX_EXECUTION_DATE=2024-01-27T00:00:00+00:00
AIRFLOW_CTX_TRY_NUMBER=1
AIRFLOW_CTX_DAG_RUN_ID=scheduled__2024-01-27T00:00:00+00:00
[2024-04-02 13:02:11,523] {python.py:173} INFO - Done. Returned value was: None
[2024-04-02 13:02:11,530] {taskinstance.py:1395} INFO - Marking task as SUCCESS. dag_id=get_stocks_dag, task_id=MSFT, execution_date=20240127T000000, start_date=20240402T160210, end_date=20240402T160211
[2024-04-02 13:02:11,575] {local_task_job.py:156} INFO - Task exited with return code 0
[2024-04-02 13:02:11,601] {local_task_job.py:273} INFO - 0 downstream tasks scheduled from follow-on schedule check
[2024-04-02 17:17:56,252] {taskinstance.py:1159} INFO - Dependencies all met for <TaskInstance: get_stocks_dag.MSFT scheduled__2024-01-27T00:00:00+00:00 [queued]>
[2024-04-02 17:17:56,336] {taskinstance.py:1159} INFO - Dependencies all met for <TaskInstance: get_stocks_dag.MSFT scheduled__2024-01-27T00:00:00+00:00 [queued]>
[2024-04-02 17:17:56,336] {taskinstance.py:1356} INFO - 
--------------------------------------------------------------------------------
[2024-04-02 17:17:56,337] {taskinstance.py:1357} INFO - Starting attempt 1 of 1
[2024-04-02 17:17:56,337] {taskinstance.py:1358} INFO - 
--------------------------------------------------------------------------------
[2024-04-02 17:17:56,492] {taskinstance.py:1377} INFO - Executing <Task(_PythonDecoratedOperator): MSFT> on 2024-01-27 00:00:00+00:00
[2024-04-02 17:17:56,505] {standard_task_runner.py:52} INFO - Started process 5486 to run task
[2024-04-02 17:17:56,520] {standard_task_runner.py:79} INFO - Running: ['airflow', 'tasks', 'run', 'get_stocks_dag', 'MSFT', 'scheduled__2024-01-27T00:00:00+00:00', '--job-id', '68', '--raw', '--subdir', 'DAGS_FOLDER/get_stocks.py', '--cfg-path', '/tmp/tmp7olwk5v8', '--error-file', '/tmp/tmpc2m1sncw']
[2024-04-02 17:17:56,522] {standard_task_runner.py:80} INFO - Job 68: Subtask MSFT
[2024-04-02 17:17:57,041] {task_command.py:370} INFO - Running <TaskInstance: get_stocks_dag.MSFT scheduled__2024-01-27T00:00:00+00:00 [running]> on host alexmend-virtual-machine
[2024-04-02 17:17:57,531] {taskinstance.py:1569} INFO - Exporting the following env vars:
AIRFLOW_CTX_DAG_OWNER=airflow
AIRFLOW_CTX_DAG_ID=get_stocks_dag
AIRFLOW_CTX_TASK_ID=MSFT
AIRFLOW_CTX_EXECUTION_DATE=2024-01-27T00:00:00+00:00
AIRFLOW_CTX_TRY_NUMBER=1
AIRFLOW_CTX_DAG_RUN_ID=scheduled__2024-01-27T00:00:00+00:00
[2024-04-02 17:17:58,356] {python.py:173} INFO - Done. Returned value was: None
[2024-04-02 17:17:58,444] {taskinstance.py:1395} INFO - Marking task as SUCCESS. dag_id=get_stocks_dag, task_id=MSFT, execution_date=20240127T000000, start_date=20240402T201756, end_date=20240402T201758
[2024-04-02 17:17:58,571] {local_task_job.py:156} INFO - Task exited with return code 0
[2024-04-02 17:17:58,701] {local_task_job.py:273} INFO - 0 downstream tasks scheduled from follow-on schedule check
[2024-04-02 17:43:36,372] {taskinstance.py:1159} INFO - Dependencies all met for <TaskInstance: get_stocks_dag.MSFT scheduled__2024-01-27T00:00:00+00:00 [queued]>
[2024-04-02 17:43:36,391] {taskinstance.py:1159} INFO - Dependencies all met for <TaskInstance: get_stocks_dag.MSFT scheduled__2024-01-27T00:00:00+00:00 [queued]>
[2024-04-02 17:43:36,391] {taskinstance.py:1356} INFO - 
--------------------------------------------------------------------------------
[2024-04-02 17:43:36,391] {taskinstance.py:1357} INFO - Starting attempt 1 of 1
[2024-04-02 17:43:36,391] {taskinstance.py:1358} INFO - 
--------------------------------------------------------------------------------
[2024-04-02 17:43:36,409] {taskinstance.py:1377} INFO - Executing <Task(_PythonDecoratedOperator): MSFT> on 2024-01-27 00:00:00+00:00
[2024-04-02 17:43:36,416] {standard_task_runner.py:52} INFO - Started process 20124 to run task
[2024-04-02 17:43:36,425] {standard_task_runner.py:79} INFO - Running: ['airflow', 'tasks', 'run', 'get_stocks_dag', 'MSFT', 'scheduled__2024-01-27T00:00:00+00:00', '--job-id', '328', '--raw', '--subdir', 'DAGS_FOLDER/get_stocks.py', '--cfg-path', '/tmp/tmptxfl75_6', '--error-file', '/tmp/tmp2s9v2745']
[2024-04-02 17:43:36,427] {standard_task_runner.py:80} INFO - Job 328: Subtask MSFT
[2024-04-02 17:43:36,578] {task_command.py:370} INFO - Running <TaskInstance: get_stocks_dag.MSFT scheduled__2024-01-27T00:00:00+00:00 [running]> on host alexmend-virtual-machine
[2024-04-02 17:43:36,751] {taskinstance.py:1569} INFO - Exporting the following env vars:
AIRFLOW_CTX_DAG_OWNER=airflow
AIRFLOW_CTX_DAG_ID=get_stocks_dag
AIRFLOW_CTX_TASK_ID=MSFT
AIRFLOW_CTX_EXECUTION_DATE=2024-01-27T00:00:00+00:00
AIRFLOW_CTX_TRY_NUMBER=1
AIRFLOW_CTX_DAG_RUN_ID=scheduled__2024-01-27T00:00:00+00:00
[2024-04-02 17:43:37,516] {python.py:173} INFO - Done. Returned value was: None
[2024-04-02 17:43:37,590] {taskinstance.py:1395} INFO - Marking task as SUCCESS. dag_id=get_stocks_dag, task_id=MSFT, execution_date=20240127T000000, start_date=20240402T204336, end_date=20240402T204337
[2024-04-02 17:43:37,694] {local_task_job.py:156} INFO - Task exited with return code 0
[2024-04-02 17:43:37,789] {local_task_job.py:273} INFO - 0 downstream tasks scheduled from follow-on schedule check
