[2024-04-02 21:50:35,121] {taskinstance.py:1159} INFO - Dependencies all met for <TaskInstance: get_crypto_dag.ETH scheduled__2024-03-08T00:00:00+00:00 [queued]>
[2024-04-02 21:50:35,153] {taskinstance.py:1159} INFO - Dependencies all met for <TaskInstance: get_crypto_dag.ETH scheduled__2024-03-08T00:00:00+00:00 [queued]>
[2024-04-02 21:50:35,153] {taskinstance.py:1356} INFO - 
--------------------------------------------------------------------------------
[2024-04-02 21:50:35,153] {taskinstance.py:1357} INFO - Starting attempt 1 of 1
[2024-04-02 21:50:35,153] {taskinstance.py:1358} INFO - 
--------------------------------------------------------------------------------
[2024-04-02 21:50:35,192] {taskinstance.py:1377} INFO - Executing <Task(_PythonDecoratedOperator): ETH> on 2024-03-08 00:00:00+00:00
[2024-04-02 21:50:35,213] {standard_task_runner.py:79} INFO - Running: ['airflow', 'tasks', 'run', 'get_crypto_dag', 'ETH', 'scheduled__2024-03-08T00:00:00+00:00', '--job-id', '816', '--raw', '--subdir', 'DAGS_FOLDER/get_crypto.py', '--cfg-path', '/tmp/tmpw1rg2s7p', '--error-file', '/tmp/tmpsmwnn_k2']
[2024-04-02 21:50:35,216] {standard_task_runner.py:80} INFO - Job 816: Subtask ETH
[2024-04-02 21:50:35,205] {standard_task_runner.py:52} INFO - Started process 51280 to run task
[2024-04-02 21:50:35,460] {task_command.py:370} INFO - Running <TaskInstance: get_crypto_dag.ETH scheduled__2024-03-08T00:00:00+00:00 [running]> on host alexmend-virtual-machine
[2024-04-02 21:50:35,666] {taskinstance.py:1569} INFO - Exporting the following env vars:
AIRFLOW_CTX_DAG_OWNER=airflow
AIRFLOW_CTX_DAG_ID=get_crypto_dag
AIRFLOW_CTX_TASK_ID=ETH
AIRFLOW_CTX_EXECUTION_DATE=2024-03-08T00:00:00+00:00
AIRFLOW_CTX_TRY_NUMBER=1
AIRFLOW_CTX_DAG_RUN_ID=scheduled__2024-03-08T00:00:00+00:00
[2024-04-02 21:50:39,511] {history.py:90} ERROR - ETH: No timezone found, symbol may be delisted
[2024-04-02 21:50:49,530] {python.py:173} INFO - Done. Returned value was: None
[2024-04-02 21:50:49,571] {taskinstance.py:1395} INFO - Marking task as SUCCESS. dag_id=get_crypto_dag, task_id=ETH, execution_date=20240308T000000, start_date=20240403T005035, end_date=20240403T005049
[2024-04-02 21:50:49,641] {local_task_job.py:156} INFO - Task exited with return code 0
[2024-04-02 21:50:49,705] {local_task_job.py:273} INFO - 0 downstream tasks scheduled from follow-on schedule check
[2024-04-02 22:58:57,453] {taskinstance.py:1159} INFO - Dependencies all met for <TaskInstance: get_crypto_dag.ETH scheduled__2024-03-08T00:00:00+00:00 [queued]>
[2024-04-02 22:58:57,471] {taskinstance.py:1159} INFO - Dependencies all met for <TaskInstance: get_crypto_dag.ETH scheduled__2024-03-08T00:00:00+00:00 [queued]>
[2024-04-02 22:58:57,472] {taskinstance.py:1356} INFO - 
--------------------------------------------------------------------------------
[2024-04-02 22:58:57,472] {taskinstance.py:1357} INFO - Starting attempt 1 of 1
[2024-04-02 22:58:57,472] {taskinstance.py:1358} INFO - 
--------------------------------------------------------------------------------
[2024-04-02 22:58:57,504] {taskinstance.py:1377} INFO - Executing <Task(_PythonDecoratedOperator): ETH> on 2024-03-08 00:00:00+00:00
[2024-04-02 22:58:57,514] {standard_task_runner.py:52} INFO - Started process 75123 to run task
[2024-04-02 22:58:57,527] {standard_task_runner.py:79} INFO - Running: ['airflow', 'tasks', 'run', 'get_crypto_dag', 'ETH', 'scheduled__2024-03-08T00:00:00+00:00', '--job-id', '1051', '--raw', '--subdir', 'DAGS_FOLDER/get_crypto.py', '--cfg-path', '/tmp/tmpgnyvgk6_', '--error-file', '/tmp/tmpvpw04ji6']
[2024-04-02 22:58:57,529] {standard_task_runner.py:80} INFO - Job 1051: Subtask ETH
[2024-04-02 22:58:57,755] {task_command.py:370} INFO - Running <TaskInstance: get_crypto_dag.ETH scheduled__2024-03-08T00:00:00+00:00 [running]> on host alexmend-virtual-machine
[2024-04-02 22:58:58,008] {taskinstance.py:1569} INFO - Exporting the following env vars:
AIRFLOW_CTX_DAG_OWNER=airflow
AIRFLOW_CTX_DAG_ID=get_crypto_dag
AIRFLOW_CTX_TASK_ID=ETH
AIRFLOW_CTX_EXECUTION_DATE=2024-03-08T00:00:00+00:00
AIRFLOW_CTX_TRY_NUMBER=1
AIRFLOW_CTX_DAG_RUN_ID=scheduled__2024-03-08T00:00:00+00:00
[2024-04-02 22:59:01,745] {history.py:90} ERROR - ETH: No timezone found, symbol may be delisted
[2024-04-02 22:59:11,759] {python.py:173} INFO - Done. Returned value was: None
[2024-04-02 22:59:11,889] {taskinstance.py:1395} INFO - Marking task as SUCCESS. dag_id=get_crypto_dag, task_id=ETH, execution_date=20240308T000000, start_date=20240403T015857, end_date=20240403T015911
[2024-04-02 22:59:11,949] {local_task_job.py:156} INFO - Task exited with return code 0
[2024-04-02 22:59:12,041] {local_task_job.py:273} INFO - 0 downstream tasks scheduled from follow-on schedule check
