[2024-04-02 21:58:04,602] {taskinstance.py:1159} INFO - Dependencies all met for <TaskInstance: get_crypto_dag.DOGE scheduled__2024-03-19T00:00:00+00:00 [queued]>
[2024-04-02 21:58:04,619] {taskinstance.py:1159} INFO - Dependencies all met for <TaskInstance: get_crypto_dag.DOGE scheduled__2024-03-19T00:00:00+00:00 [queued]>
[2024-04-02 21:58:04,619] {taskinstance.py:1356} INFO - 
--------------------------------------------------------------------------------
[2024-04-02 21:58:04,620] {taskinstance.py:1357} INFO - Starting attempt 1 of 1
[2024-04-02 21:58:04,620] {taskinstance.py:1358} INFO - 
--------------------------------------------------------------------------------
[2024-04-02 21:58:04,668] {taskinstance.py:1377} INFO - Executing <Task(_PythonDecoratedOperator): DOGE> on 2024-03-19 00:00:00+00:00
[2024-04-02 21:58:04,696] {standard_task_runner.py:52} INFO - Started process 56548 to run task
[2024-04-02 21:58:04,729] {standard_task_runner.py:79} INFO - Running: ['airflow', 'tasks', 'run', 'get_crypto_dag', 'DOGE', 'scheduled__2024-03-19T00:00:00+00:00', '--job-id', '909', '--raw', '--subdir', 'DAGS_FOLDER/get_crypto.py', '--cfg-path', '/tmp/tmprejonbfi', '--error-file', '/tmp/tmptk9txia6']
[2024-04-02 21:58:04,733] {standard_task_runner.py:80} INFO - Job 909: Subtask DOGE
[2024-04-02 21:58:04,940] {task_command.py:370} INFO - Running <TaskInstance: get_crypto_dag.DOGE scheduled__2024-03-19T00:00:00+00:00 [running]> on host alexmend-virtual-machine
[2024-04-02 21:58:05,153] {taskinstance.py:1569} INFO - Exporting the following env vars:
AIRFLOW_CTX_DAG_OWNER=airflow
AIRFLOW_CTX_DAG_ID=get_crypto_dag
AIRFLOW_CTX_TASK_ID=DOGE
AIRFLOW_CTX_EXECUTION_DATE=2024-03-19T00:00:00+00:00
AIRFLOW_CTX_TRY_NUMBER=1
AIRFLOW_CTX_DAG_RUN_ID=scheduled__2024-03-19T00:00:00+00:00
[2024-04-02 21:58:08,875] {history.py:90} ERROR - DOGE: No timezone found, symbol may be delisted
[2024-04-02 21:58:18,897] {python.py:173} INFO - Done. Returned value was: None
[2024-04-02 21:58:18,994] {taskinstance.py:1395} INFO - Marking task as SUCCESS. dag_id=get_crypto_dag, task_id=DOGE, execution_date=20240319T000000, start_date=20240403T005804, end_date=20240403T005818
[2024-04-02 21:58:19,122] {local_task_job.py:156} INFO - Task exited with return code 0
[2024-04-02 21:58:19,214] {local_task_job.py:273} INFO - 0 downstream tasks scheduled from follow-on schedule check
[2024-04-02 23:08:08,865] {taskinstance.py:1159} INFO - Dependencies all met for <TaskInstance: get_crypto_dag.DOGE scheduled__2024-03-19T00:00:00+00:00 [queued]>
[2024-04-02 23:08:08,890] {taskinstance.py:1159} INFO - Dependencies all met for <TaskInstance: get_crypto_dag.DOGE scheduled__2024-03-19T00:00:00+00:00 [queued]>
[2024-04-02 23:08:08,890] {taskinstance.py:1356} INFO - 
--------------------------------------------------------------------------------
[2024-04-02 23:08:08,891] {taskinstance.py:1357} INFO - Starting attempt 1 of 1
[2024-04-02 23:08:08,891] {taskinstance.py:1358} INFO - 
--------------------------------------------------------------------------------
[2024-04-02 23:08:08,933] {taskinstance.py:1377} INFO - Executing <Task(_PythonDecoratedOperator): DOGE> on 2024-03-19 00:00:00+00:00
[2024-04-02 23:08:08,947] {standard_task_runner.py:52} INFO - Started process 80379 to run task
[2024-04-02 23:08:08,956] {standard_task_runner.py:79} INFO - Running: ['airflow', 'tasks', 'run', 'get_crypto_dag', 'DOGE', 'scheduled__2024-03-19T00:00:00+00:00', '--job-id', '1121', '--raw', '--subdir', 'DAGS_FOLDER/get_crypto.py', '--cfg-path', '/tmp/tmpyxl9rqqh', '--error-file', '/tmp/tmptj_9jc5w']
[2024-04-02 23:08:08,960] {standard_task_runner.py:80} INFO - Job 1121: Subtask DOGE
[2024-04-02 23:08:09,172] {task_command.py:370} INFO - Running <TaskInstance: get_crypto_dag.DOGE scheduled__2024-03-19T00:00:00+00:00 [running]> on host alexmend-virtual-machine
[2024-04-02 23:08:09,350] {taskinstance.py:1569} INFO - Exporting the following env vars:
AIRFLOW_CTX_DAG_OWNER=airflow
AIRFLOW_CTX_DAG_ID=get_crypto_dag
AIRFLOW_CTX_TASK_ID=DOGE
AIRFLOW_CTX_EXECUTION_DATE=2024-03-19T00:00:00+00:00
AIRFLOW_CTX_TRY_NUMBER=1
AIRFLOW_CTX_DAG_RUN_ID=scheduled__2024-03-19T00:00:00+00:00
[2024-04-02 23:08:12,878] {history.py:90} ERROR - DOGE: No timezone found, symbol may be delisted
[2024-04-02 23:08:22,900] {python.py:173} INFO - Done. Returned value was: None
[2024-04-02 23:08:22,937] {taskinstance.py:1395} INFO - Marking task as SUCCESS. dag_id=get_crypto_dag, task_id=DOGE, execution_date=20240319T000000, start_date=20240403T020808, end_date=20240403T020822
[2024-04-02 23:08:23,007] {local_task_job.py:156} INFO - Task exited with return code 0
[2024-04-02 23:08:23,097] {local_task_job.py:273} INFO - 0 downstream tasks scheduled from follow-on schedule check
