[2024-04-02 21:57:01,680] {taskinstance.py:1159} INFO - Dependencies all met for <TaskInstance: get_crypto_dag.DOGE scheduled__2024-03-17T00:00:00+00:00 [queued]>
[2024-04-02 21:57:01,709] {taskinstance.py:1159} INFO - Dependencies all met for <TaskInstance: get_crypto_dag.DOGE scheduled__2024-03-17T00:00:00+00:00 [queued]>
[2024-04-02 21:57:01,709] {taskinstance.py:1356} INFO - 
--------------------------------------------------------------------------------
[2024-04-02 21:57:01,710] {taskinstance.py:1357} INFO - Starting attempt 1 of 1
[2024-04-02 21:57:01,710] {taskinstance.py:1358} INFO - 
--------------------------------------------------------------------------------
[2024-04-02 21:57:01,729] {taskinstance.py:1377} INFO - Executing <Task(_PythonDecoratedOperator): DOGE> on 2024-03-17 00:00:00+00:00
[2024-04-02 21:57:01,738] {standard_task_runner.py:52} INFO - Started process 55626 to run task
[2024-04-02 21:57:01,746] {standard_task_runner.py:79} INFO - Running: ['airflow', 'tasks', 'run', 'get_crypto_dag', 'DOGE', 'scheduled__2024-03-17T00:00:00+00:00', '--job-id', '893', '--raw', '--subdir', 'DAGS_FOLDER/get_crypto.py', '--cfg-path', '/tmp/tmprt58g2g4', '--error-file', '/tmp/tmp4b2uszh8']
[2024-04-02 21:57:01,751] {standard_task_runner.py:80} INFO - Job 893: Subtask DOGE
[2024-04-02 21:57:01,943] {task_command.py:370} INFO - Running <TaskInstance: get_crypto_dag.DOGE scheduled__2024-03-17T00:00:00+00:00 [running]> on host alexmend-virtual-machine
[2024-04-02 21:57:02,113] {taskinstance.py:1569} INFO - Exporting the following env vars:
AIRFLOW_CTX_DAG_OWNER=airflow
AIRFLOW_CTX_DAG_ID=get_crypto_dag
AIRFLOW_CTX_TASK_ID=DOGE
AIRFLOW_CTX_EXECUTION_DATE=2024-03-17T00:00:00+00:00
AIRFLOW_CTX_TRY_NUMBER=1
AIRFLOW_CTX_DAG_RUN_ID=scheduled__2024-03-17T00:00:00+00:00
[2024-04-02 21:57:05,420] {history.py:90} ERROR - DOGE: No timezone found, symbol may be delisted
[2024-04-02 21:57:15,433] {python.py:173} INFO - Done. Returned value was: None
[2024-04-02 21:57:15,461] {taskinstance.py:1395} INFO - Marking task as SUCCESS. dag_id=get_crypto_dag, task_id=DOGE, execution_date=20240317T000000, start_date=20240403T005701, end_date=20240403T005715
[2024-04-02 21:57:15,527] {local_task_job.py:156} INFO - Task exited with return code 0
[2024-04-02 21:57:15,590] {local_task_job.py:273} INFO - 0 downstream tasks scheduled from follow-on schedule check
[2024-04-02 23:06:51,474] {taskinstance.py:1159} INFO - Dependencies all met for <TaskInstance: get_crypto_dag.DOGE scheduled__2024-03-17T00:00:00+00:00 [queued]>
[2024-04-02 23:06:51,495] {taskinstance.py:1159} INFO - Dependencies all met for <TaskInstance: get_crypto_dag.DOGE scheduled__2024-03-17T00:00:00+00:00 [queued]>
[2024-04-02 23:06:51,496] {taskinstance.py:1356} INFO - 
--------------------------------------------------------------------------------
[2024-04-02 23:06:51,496] {taskinstance.py:1357} INFO - Starting attempt 1 of 1
[2024-04-02 23:06:51,496] {taskinstance.py:1358} INFO - 
--------------------------------------------------------------------------------
[2024-04-02 23:06:51,524] {taskinstance.py:1377} INFO - Executing <Task(_PythonDecoratedOperator): DOGE> on 2024-03-17 00:00:00+00:00
[2024-04-02 23:06:51,539] {standard_task_runner.py:52} INFO - Started process 79585 to run task
[2024-04-02 23:06:51,553] {standard_task_runner.py:79} INFO - Running: ['airflow', 'tasks', 'run', 'get_crypto_dag', 'DOGE', 'scheduled__2024-03-17T00:00:00+00:00', '--job-id', '1111', '--raw', '--subdir', 'DAGS_FOLDER/get_crypto.py', '--cfg-path', '/tmp/tmp3x4o_eu2', '--error-file', '/tmp/tmpidvnsul9']
[2024-04-02 23:06:51,554] {standard_task_runner.py:80} INFO - Job 1111: Subtask DOGE
[2024-04-02 23:06:51,696] {task_command.py:370} INFO - Running <TaskInstance: get_crypto_dag.DOGE scheduled__2024-03-17T00:00:00+00:00 [running]> on host alexmend-virtual-machine
[2024-04-02 23:06:51,852] {taskinstance.py:1569} INFO - Exporting the following env vars:
AIRFLOW_CTX_DAG_OWNER=airflow
AIRFLOW_CTX_DAG_ID=get_crypto_dag
AIRFLOW_CTX_TASK_ID=DOGE
AIRFLOW_CTX_EXECUTION_DATE=2024-03-17T00:00:00+00:00
AIRFLOW_CTX_TRY_NUMBER=1
AIRFLOW_CTX_DAG_RUN_ID=scheduled__2024-03-17T00:00:00+00:00
[2024-04-02 23:06:55,408] {history.py:90} ERROR - DOGE: No timezone found, symbol may be delisted
[2024-04-02 23:07:05,427] {python.py:173} INFO - Done. Returned value was: None
[2024-04-02 23:07:05,466] {taskinstance.py:1395} INFO - Marking task as SUCCESS. dag_id=get_crypto_dag, task_id=DOGE, execution_date=20240317T000000, start_date=20240403T020651, end_date=20240403T020705
[2024-04-02 23:07:05,534] {local_task_job.py:156} INFO - Task exited with return code 0
[2024-04-02 23:07:05,620] {local_task_job.py:273} INFO - 0 downstream tasks scheduled from follow-on schedule check
