[2024-04-02 13:00:16,169] {taskinstance.py:1159} INFO - Dependencies all met for <TaskInstance: get_stocks_dag.AAPL scheduled__2024-01-18T00:00:00+00:00 [queued]>
[2024-04-02 13:00:16,177] {taskinstance.py:1159} INFO - Dependencies all met for <TaskInstance: get_stocks_dag.AAPL scheduled__2024-01-18T00:00:00+00:00 [queued]>
[2024-04-02 13:00:16,177] {taskinstance.py:1356} INFO - 
--------------------------------------------------------------------------------
[2024-04-02 13:00:16,177] {taskinstance.py:1357} INFO - Starting attempt 1 of 1
[2024-04-02 13:00:16,177] {taskinstance.py:1358} INFO - 
--------------------------------------------------------------------------------
[2024-04-02 13:00:16,194] {taskinstance.py:1377} INFO - Executing <Task(_PythonDecoratedOperator): AAPL> on 2024-01-18 00:00:00+00:00
[2024-04-02 13:00:16,200] {standard_task_runner.py:52} INFO - Started process 8969 to run task
[2024-04-02 13:00:16,205] {standard_task_runner.py:79} INFO - Running: ['airflow', 'tasks', 'run', 'get_stocks_dag', 'AAPL', 'scheduled__2024-01-18T00:00:00+00:00', '--job-id', '55', '--raw', '--subdir', 'DAGS_FOLDER/get_stocks.py', '--cfg-path', '/tmp/tmp77gcosa4', '--error-file', '/tmp/tmprzprekfa']
[2024-04-02 13:00:16,205] {standard_task_runner.py:80} INFO - Job 55: Subtask AAPL
[2024-04-02 13:00:16,265] {task_command.py:370} INFO - Running <TaskInstance: get_stocks_dag.AAPL scheduled__2024-01-18T00:00:00+00:00 [running]> on host alexmend-virtual-machine
[2024-04-02 13:00:16,366] {taskinstance.py:1569} INFO - Exporting the following env vars:
AIRFLOW_CTX_DAG_OWNER=airflow
AIRFLOW_CTX_DAG_ID=get_stocks_dag
AIRFLOW_CTX_TASK_ID=AAPL
AIRFLOW_CTX_EXECUTION_DATE=2024-01-18T00:00:00+00:00
AIRFLOW_CTX_TRY_NUMBER=1
AIRFLOW_CTX_DAG_RUN_ID=scheduled__2024-01-18T00:00:00+00:00
[2024-04-02 13:00:17,397] {python.py:173} INFO - Done. Returned value was: None
[2024-04-02 13:00:17,405] {taskinstance.py:1395} INFO - Marking task as SUCCESS. dag_id=get_stocks_dag, task_id=AAPL, execution_date=20240118T000000, start_date=20240402T160016, end_date=20240402T160017
[2024-04-02 13:00:17,464] {local_task_job.py:156} INFO - Task exited with return code 0
[2024-04-02 13:00:17,487] {local_task_job.py:273} INFO - 0 downstream tasks scheduled from follow-on schedule check
[2024-04-02 17:17:33,528] {taskinstance.py:1159} INFO - Dependencies all met for <TaskInstance: get_stocks_dag.AAPL scheduled__2024-01-18T00:00:00+00:00 [queued]>
[2024-04-02 17:17:33,784] {taskinstance.py:1159} INFO - Dependencies all met for <TaskInstance: get_stocks_dag.AAPL scheduled__2024-01-18T00:00:00+00:00 [queued]>
[2024-04-02 17:17:33,789] {taskinstance.py:1356} INFO - 
--------------------------------------------------------------------------------
[2024-04-02 17:17:33,793] {taskinstance.py:1357} INFO - Starting attempt 1 of 1
[2024-04-02 17:17:33,797] {taskinstance.py:1358} INFO - 
--------------------------------------------------------------------------------
[2024-04-02 17:17:33,957] {taskinstance.py:1377} INFO - Executing <Task(_PythonDecoratedOperator): AAPL> on 2024-01-18 00:00:00+00:00
[2024-04-02 17:17:33,977] {standard_task_runner.py:52} INFO - Started process 4820 to run task
[2024-04-02 17:17:34,184] {standard_task_runner.py:79} INFO - Running: ['airflow', 'tasks', 'run', 'get_stocks_dag', 'AAPL', 'scheduled__2024-01-18T00:00:00+00:00', '--job-id', '41', '--raw', '--subdir', 'DAGS_FOLDER/get_stocks.py', '--cfg-path', '/tmp/tmp2weza_uu', '--error-file', '/tmp/tmpeyy_1e6c']
[2024-04-02 17:17:34,194] {standard_task_runner.py:80} INFO - Job 41: Subtask AAPL
[2024-04-02 17:17:35,056] {task_command.py:370} INFO - Running <TaskInstance: get_stocks_dag.AAPL scheduled__2024-01-18T00:00:00+00:00 [running]> on host alexmend-virtual-machine
[2024-04-02 17:17:36,009] {taskinstance.py:1569} INFO - Exporting the following env vars:
AIRFLOW_CTX_DAG_OWNER=airflow
AIRFLOW_CTX_DAG_ID=get_stocks_dag
AIRFLOW_CTX_TASK_ID=AAPL
AIRFLOW_CTX_EXECUTION_DATE=2024-01-18T00:00:00+00:00
AIRFLOW_CTX_TRY_NUMBER=1
AIRFLOW_CTX_DAG_RUN_ID=scheduled__2024-01-18T00:00:00+00:00
[2024-04-02 17:17:38,123] {python.py:173} INFO - Done. Returned value was: None
[2024-04-02 17:17:38,317] {taskinstance.py:1395} INFO - Marking task as SUCCESS. dag_id=get_stocks_dag, task_id=AAPL, execution_date=20240118T000000, start_date=20240402T201733, end_date=20240402T201738
[2024-04-02 17:17:38,554] {local_task_job.py:156} INFO - Task exited with return code 0
[2024-04-02 17:17:38,955] {local_task_job.py:273} INFO - 0 downstream tasks scheduled from follow-on schedule check
[2024-04-02 17:42:56,509] {taskinstance.py:1159} INFO - Dependencies all met for <TaskInstance: get_stocks_dag.AAPL scheduled__2024-01-18T00:00:00+00:00 [queued]>
[2024-04-02 17:42:56,534] {taskinstance.py:1159} INFO - Dependencies all met for <TaskInstance: get_stocks_dag.AAPL scheduled__2024-01-18T00:00:00+00:00 [queued]>
[2024-04-02 17:42:56,534] {taskinstance.py:1356} INFO - 
--------------------------------------------------------------------------------
[2024-04-02 17:42:56,534] {taskinstance.py:1357} INFO - Starting attempt 1 of 1
[2024-04-02 17:42:56,534] {taskinstance.py:1358} INFO - 
--------------------------------------------------------------------------------
[2024-04-02 17:42:56,560] {taskinstance.py:1377} INFO - Executing <Task(_PythonDecoratedOperator): AAPL> on 2024-01-18 00:00:00+00:00
[2024-04-02 17:42:56,567] {standard_task_runner.py:52} INFO - Started process 19210 to run task
[2024-04-02 17:42:56,575] {standard_task_runner.py:79} INFO - Running: ['airflow', 'tasks', 'run', 'get_stocks_dag', 'AAPL', 'scheduled__2024-01-18T00:00:00+00:00', '--job-id', '299', '--raw', '--subdir', 'DAGS_FOLDER/get_stocks.py', '--cfg-path', '/tmp/tmp2max7j_k', '--error-file', '/tmp/tmpbf77nm_p']
[2024-04-02 17:42:56,576] {standard_task_runner.py:80} INFO - Job 299: Subtask AAPL
[2024-04-02 17:42:56,690] {task_command.py:370} INFO - Running <TaskInstance: get_stocks_dag.AAPL scheduled__2024-01-18T00:00:00+00:00 [running]> on host alexmend-virtual-machine
[2024-04-02 17:42:56,834] {taskinstance.py:1569} INFO - Exporting the following env vars:
AIRFLOW_CTX_DAG_OWNER=airflow
AIRFLOW_CTX_DAG_ID=get_stocks_dag
AIRFLOW_CTX_TASK_ID=AAPL
AIRFLOW_CTX_EXECUTION_DATE=2024-01-18T00:00:00+00:00
AIRFLOW_CTX_TRY_NUMBER=1
AIRFLOW_CTX_DAG_RUN_ID=scheduled__2024-01-18T00:00:00+00:00
[2024-04-02 17:42:57,443] {python.py:173} INFO - Done. Returned value was: None
[2024-04-02 17:42:57,465] {taskinstance.py:1395} INFO - Marking task as SUCCESS. dag_id=get_stocks_dag, task_id=AAPL, execution_date=20240118T000000, start_date=20240402T204256, end_date=20240402T204257
[2024-04-02 17:42:57,516] {local_task_job.py:156} INFO - Task exited with return code 0
[2024-04-02 17:42:57,569] {local_task_job.py:273} INFO - 0 downstream tasks scheduled from follow-on schedule check
