[2024-04-02 21:53:00,014] {taskinstance.py:1159} INFO - Dependencies all met for <TaskInstance: get_crypto_dag.ETH scheduled__2024-03-11T00:00:00+00:00 [queued]>
[2024-04-02 21:53:00,160] {taskinstance.py:1159} INFO - Dependencies all met for <TaskInstance: get_crypto_dag.ETH scheduled__2024-03-11T00:00:00+00:00 [queued]>
[2024-04-02 21:53:00,161] {taskinstance.py:1356} INFO - 
--------------------------------------------------------------------------------
[2024-04-02 21:53:00,161] {taskinstance.py:1357} INFO - Starting attempt 1 of 1
[2024-04-02 21:53:00,162] {taskinstance.py:1358} INFO - 
--------------------------------------------------------------------------------
[2024-04-02 21:53:00,537] {taskinstance.py:1377} INFO - Executing <Task(_PythonDecoratedOperator): ETH> on 2024-03-11 00:00:00+00:00
[2024-04-02 21:53:00,632] {standard_task_runner.py:52} INFO - Started process 52978 to run task
[2024-04-02 21:53:00,815] {standard_task_runner.py:79} INFO - Running: ['airflow', 'tasks', 'run', 'get_crypto_dag', 'ETH', 'scheduled__2024-03-11T00:00:00+00:00', '--job-id', '846', '--raw', '--subdir', 'DAGS_FOLDER/get_crypto.py', '--cfg-path', '/tmp/tmps976_wt2', '--error-file', '/tmp/tmp5flr1l3s']
[2024-04-02 21:53:00,825] {standard_task_runner.py:80} INFO - Job 846: Subtask ETH
[2024-04-02 21:53:01,444] {task_command.py:370} INFO - Running <TaskInstance: get_crypto_dag.ETH scheduled__2024-03-11T00:00:00+00:00 [running]> on host alexmend-virtual-machine
[2024-04-02 21:53:02,131] {taskinstance.py:1569} INFO - Exporting the following env vars:
AIRFLOW_CTX_DAG_OWNER=airflow
AIRFLOW_CTX_DAG_ID=get_crypto_dag
AIRFLOW_CTX_TASK_ID=ETH
AIRFLOW_CTX_EXECUTION_DATE=2024-03-11T00:00:00+00:00
AIRFLOW_CTX_TRY_NUMBER=1
AIRFLOW_CTX_DAG_RUN_ID=scheduled__2024-03-11T00:00:00+00:00
[2024-04-02 21:53:08,721] {history.py:90} ERROR - ETH: No timezone found, symbol may be delisted
[2024-04-02 21:53:18,872] {python.py:173} INFO - Done. Returned value was: None
[2024-04-02 21:53:20,305] {taskinstance.py:1395} INFO - Marking task as SUCCESS. dag_id=get_crypto_dag, task_id=ETH, execution_date=20240311T000000, start_date=20240403T005300, end_date=20240403T005320
[2024-04-02 21:53:20,855] {local_task_job.py:156} INFO - Task exited with return code 0
[2024-04-02 21:53:22,423] {local_task_job.py:273} INFO - 0 downstream tasks scheduled from follow-on schedule check
[2024-04-02 23:01:12,636] {taskinstance.py:1159} INFO - Dependencies all met for <TaskInstance: get_crypto_dag.ETH scheduled__2024-03-11T00:00:00+00:00 [queued]>
[2024-04-02 23:01:12,660] {taskinstance.py:1159} INFO - Dependencies all met for <TaskInstance: get_crypto_dag.ETH scheduled__2024-03-11T00:00:00+00:00 [queued]>
[2024-04-02 23:01:12,661] {taskinstance.py:1356} INFO - 
--------------------------------------------------------------------------------
[2024-04-02 23:01:12,661] {taskinstance.py:1357} INFO - Starting attempt 1 of 1
[2024-04-02 23:01:12,661] {taskinstance.py:1358} INFO - 
--------------------------------------------------------------------------------
[2024-04-02 23:01:12,687] {taskinstance.py:1377} INFO - Executing <Task(_PythonDecoratedOperator): ETH> on 2024-03-11 00:00:00+00:00
[2024-04-02 23:01:12,697] {standard_task_runner.py:52} INFO - Started process 76332 to run task
[2024-04-02 23:01:12,707] {standard_task_runner.py:79} INFO - Running: ['airflow', 'tasks', 'run', 'get_crypto_dag', 'ETH', 'scheduled__2024-03-11T00:00:00+00:00', '--job-id', '1067', '--raw', '--subdir', 'DAGS_FOLDER/get_crypto.py', '--cfg-path', '/tmp/tmpkgrwv47q', '--error-file', '/tmp/tmpp7k272z6']
[2024-04-02 23:01:12,718] {standard_task_runner.py:80} INFO - Job 1067: Subtask ETH
[2024-04-02 23:01:12,868] {task_command.py:370} INFO - Running <TaskInstance: get_crypto_dag.ETH scheduled__2024-03-11T00:00:00+00:00 [running]> on host alexmend-virtual-machine
[2024-04-02 23:01:13,077] {taskinstance.py:1569} INFO - Exporting the following env vars:
AIRFLOW_CTX_DAG_OWNER=airflow
AIRFLOW_CTX_DAG_ID=get_crypto_dag
AIRFLOW_CTX_TASK_ID=ETH
AIRFLOW_CTX_EXECUTION_DATE=2024-03-11T00:00:00+00:00
AIRFLOW_CTX_TRY_NUMBER=1
AIRFLOW_CTX_DAG_RUN_ID=scheduled__2024-03-11T00:00:00+00:00
[2024-04-02 23:01:16,609] {history.py:90} ERROR - ETH: No timezone found, symbol may be delisted
[2024-04-02 23:01:26,626] {python.py:173} INFO - Done. Returned value was: None
[2024-04-02 23:01:26,685] {taskinstance.py:1395} INFO - Marking task as SUCCESS. dag_id=get_crypto_dag, task_id=ETH, execution_date=20240311T000000, start_date=20240403T020112, end_date=20240403T020126
[2024-04-02 23:01:26,804] {local_task_job.py:156} INFO - Task exited with return code 0
[2024-04-02 23:01:26,929] {local_task_job.py:273} INFO - 0 downstream tasks scheduled from follow-on schedule check
