[2024-04-02 21:57:47,574] {taskinstance.py:1159} INFO - Dependencies all met for <TaskInstance: get_crypto_dag.AVAX scheduled__2024-03-18T00:00:00+00:00 [queued]>
[2024-04-02 21:57:47,594] {taskinstance.py:1159} INFO - Dependencies all met for <TaskInstance: get_crypto_dag.AVAX scheduled__2024-03-18T00:00:00+00:00 [queued]>
[2024-04-02 21:57:47,595] {taskinstance.py:1356} INFO - 
--------------------------------------------------------------------------------
[2024-04-02 21:57:47,595] {taskinstance.py:1357} INFO - Starting attempt 1 of 1
[2024-04-02 21:57:47,595] {taskinstance.py:1358} INFO - 
--------------------------------------------------------------------------------
[2024-04-02 21:57:47,633] {taskinstance.py:1377} INFO - Executing <Task(_PythonDecoratedOperator): AVAX> on 2024-03-18 00:00:00+00:00
[2024-04-02 21:57:47,646] {standard_task_runner.py:52} INFO - Started process 56242 to run task
[2024-04-02 21:57:47,673] {standard_task_runner.py:79} INFO - Running: ['airflow', 'tasks', 'run', 'get_crypto_dag', 'AVAX', 'scheduled__2024-03-18T00:00:00+00:00', '--job-id', '904', '--raw', '--subdir', 'DAGS_FOLDER/get_crypto.py', '--cfg-path', '/tmp/tmp0v8pk7yu', '--error-file', '/tmp/tmpyh99f4_h']
[2024-04-02 21:57:47,675] {standard_task_runner.py:80} INFO - Job 904: Subtask AVAX
[2024-04-02 21:57:47,949] {task_command.py:370} INFO - Running <TaskInstance: get_crypto_dag.AVAX scheduled__2024-03-18T00:00:00+00:00 [running]> on host alexmend-virtual-machine
[2024-04-02 21:57:48,261] {taskinstance.py:1569} INFO - Exporting the following env vars:
AIRFLOW_CTX_DAG_OWNER=airflow
AIRFLOW_CTX_DAG_ID=get_crypto_dag
AIRFLOW_CTX_TASK_ID=AVAX
AIRFLOW_CTX_EXECUTION_DATE=2024-03-18T00:00:00+00:00
AIRFLOW_CTX_TRY_NUMBER=1
AIRFLOW_CTX_DAG_RUN_ID=scheduled__2024-03-18T00:00:00+00:00
[2024-04-02 21:57:52,144] {history.py:90} ERROR - AVAX: No timezone found, symbol may be delisted
[2024-04-02 21:58:02,170] {python.py:173} INFO - Done. Returned value was: None
[2024-04-02 21:58:02,234] {taskinstance.py:1395} INFO - Marking task as SUCCESS. dag_id=get_crypto_dag, task_id=AVAX, execution_date=20240318T000000, start_date=20240403T005747, end_date=20240403T005802
[2024-04-02 21:58:02,293] {local_task_job.py:156} INFO - Task exited with return code 0
[2024-04-02 21:58:02,418] {local_task_job.py:273} INFO - 0 downstream tasks scheduled from follow-on schedule check
[2024-04-02 23:07:38,678] {taskinstance.py:1159} INFO - Dependencies all met for <TaskInstance: get_crypto_dag.AVAX scheduled__2024-03-18T00:00:00+00:00 [queued]>
[2024-04-02 23:07:38,711] {taskinstance.py:1159} INFO - Dependencies all met for <TaskInstance: get_crypto_dag.AVAX scheduled__2024-03-18T00:00:00+00:00 [queued]>
[2024-04-02 23:07:38,713] {taskinstance.py:1356} INFO - 
--------------------------------------------------------------------------------
[2024-04-02 23:07:38,713] {taskinstance.py:1357} INFO - Starting attempt 1 of 1
[2024-04-02 23:07:38,713] {taskinstance.py:1358} INFO - 
--------------------------------------------------------------------------------
[2024-04-02 23:07:38,759] {taskinstance.py:1377} INFO - Executing <Task(_PythonDecoratedOperator): AVAX> on 2024-03-18 00:00:00+00:00
[2024-04-02 23:07:38,773] {standard_task_runner.py:52} INFO - Started process 80075 to run task
[2024-04-02 23:07:38,793] {standard_task_runner.py:79} INFO - Running: ['airflow', 'tasks', 'run', 'get_crypto_dag', 'AVAX', 'scheduled__2024-03-18T00:00:00+00:00', '--job-id', '1116', '--raw', '--subdir', 'DAGS_FOLDER/get_crypto.py', '--cfg-path', '/tmp/tmpq760rsqq', '--error-file', '/tmp/tmpaow8z6w0']
[2024-04-02 23:07:38,795] {standard_task_runner.py:80} INFO - Job 1116: Subtask AVAX
[2024-04-02 23:07:38,954] {task_command.py:370} INFO - Running <TaskInstance: get_crypto_dag.AVAX scheduled__2024-03-18T00:00:00+00:00 [running]> on host alexmend-virtual-machine
[2024-04-02 23:07:39,246] {taskinstance.py:1569} INFO - Exporting the following env vars:
AIRFLOW_CTX_DAG_OWNER=airflow
AIRFLOW_CTX_DAG_ID=get_crypto_dag
AIRFLOW_CTX_TASK_ID=AVAX
AIRFLOW_CTX_EXECUTION_DATE=2024-03-18T00:00:00+00:00
AIRFLOW_CTX_TRY_NUMBER=1
AIRFLOW_CTX_DAG_RUN_ID=scheduled__2024-03-18T00:00:00+00:00
[2024-04-02 23:07:42,637] {history.py:90} ERROR - AVAX: No timezone found, symbol may be delisted
[2024-04-02 23:07:52,648] {python.py:173} INFO - Done. Returned value was: None
[2024-04-02 23:07:52,753] {taskinstance.py:1395} INFO - Marking task as SUCCESS. dag_id=get_crypto_dag, task_id=AVAX, execution_date=20240318T000000, start_date=20240403T020738, end_date=20240403T020752
[2024-04-02 23:07:52,901] {local_task_job.py:156} INFO - Task exited with return code 0
[2024-04-02 23:07:53,071] {local_task_job.py:273} INFO - 0 downstream tasks scheduled from follow-on schedule check
