[2024-04-02 13:10:24,953] {taskinstance.py:1159} INFO - Dependencies all met for <TaskInstance: get_stocks_dag.AAPL scheduled__2024-03-09T00:00:00+00:00 [queued]>
[2024-04-02 13:10:24,959] {taskinstance.py:1159} INFO - Dependencies all met for <TaskInstance: get_stocks_dag.AAPL scheduled__2024-03-09T00:00:00+00:00 [queued]>
[2024-04-02 13:10:24,959] {taskinstance.py:1356} INFO - 
--------------------------------------------------------------------------------
[2024-04-02 13:10:24,959] {taskinstance.py:1357} INFO - Starting attempt 1 of 1
[2024-04-02 13:10:24,959] {taskinstance.py:1358} INFO - 
--------------------------------------------------------------------------------
[2024-04-02 13:10:24,978] {taskinstance.py:1377} INFO - Executing <Task(_PythonDecoratedOperator): AAPL> on 2024-03-09 00:00:00+00:00
[2024-04-02 13:10:24,982] {standard_task_runner.py:52} INFO - Started process 12534 to run task
[2024-04-02 13:10:24,988] {standard_task_runner.py:79} INFO - Running: ['airflow', 'tasks', 'run', 'get_stocks_dag', 'AAPL', 'scheduled__2024-03-09T00:00:00+00:00', '--job-id', '203', '--raw', '--subdir', 'DAGS_FOLDER/get_stocks.py', '--cfg-path', '/tmp/tmp_9bqmubf', '--error-file', '/tmp/tmponovbimh']
[2024-04-02 13:10:24,990] {standard_task_runner.py:80} INFO - Job 203: Subtask AAPL
[2024-04-02 13:10:25,046] {task_command.py:370} INFO - Running <TaskInstance: get_stocks_dag.AAPL scheduled__2024-03-09T00:00:00+00:00 [running]> on host alexmend-virtual-machine
[2024-04-02 13:10:25,130] {taskinstance.py:1569} INFO - Exporting the following env vars:
AIRFLOW_CTX_DAG_OWNER=airflow
AIRFLOW_CTX_DAG_ID=get_stocks_dag
AIRFLOW_CTX_TASK_ID=AAPL
AIRFLOW_CTX_EXECUTION_DATE=2024-03-09T00:00:00+00:00
AIRFLOW_CTX_TRY_NUMBER=1
AIRFLOW_CTX_DAG_RUN_ID=scheduled__2024-03-09T00:00:00+00:00
[2024-04-02 13:10:25,896] {python.py:173} INFO - Done. Returned value was: None
[2024-04-02 13:10:25,910] {taskinstance.py:1395} INFO - Marking task as SUCCESS. dag_id=get_stocks_dag, task_id=AAPL, execution_date=20240309T000000, start_date=20240402T161024, end_date=20240402T161025
[2024-04-02 13:10:25,966] {local_task_job.py:156} INFO - Task exited with return code 0
[2024-04-02 13:10:25,986] {local_task_job.py:273} INFO - 0 downstream tasks scheduled from follow-on schedule check
[2024-04-02 17:19:35,649] {taskinstance.py:1159} INFO - Dependencies all met for <TaskInstance: get_stocks_dag.AAPL scheduled__2024-03-09T00:00:00+00:00 [queued]>
[2024-04-02 17:19:35,737] {taskinstance.py:1159} INFO - Dependencies all met for <TaskInstance: get_stocks_dag.AAPL scheduled__2024-03-09T00:00:00+00:00 [queued]>
[2024-04-02 17:19:35,744] {taskinstance.py:1356} INFO - 
--------------------------------------------------------------------------------
[2024-04-02 17:19:35,745] {taskinstance.py:1357} INFO - Starting attempt 1 of 1
[2024-04-02 17:19:35,746] {taskinstance.py:1358} INFO - 
--------------------------------------------------------------------------------
[2024-04-02 17:19:35,989] {taskinstance.py:1377} INFO - Executing <Task(_PythonDecoratedOperator): AAPL> on 2024-03-09 00:00:00+00:00
[2024-04-02 17:19:36,058] {standard_task_runner.py:52} INFO - Started process 8450 to run task
[2024-04-02 17:19:36,166] {standard_task_runner.py:79} INFO - Running: ['airflow', 'tasks', 'run', 'get_stocks_dag', 'AAPL', 'scheduled__2024-03-09T00:00:00+00:00', '--job-id', '185', '--raw', '--subdir', 'DAGS_FOLDER/get_stocks.py', '--cfg-path', '/tmp/tmpxixtnuqu', '--error-file', '/tmp/tmpsj7pumwg']
[2024-04-02 17:19:36,189] {standard_task_runner.py:80} INFO - Job 185: Subtask AAPL
[2024-04-02 17:19:36,833] {task_command.py:370} INFO - Running <TaskInstance: get_stocks_dag.AAPL scheduled__2024-03-09T00:00:00+00:00 [running]> on host alexmend-virtual-machine
[2024-04-02 17:19:37,500] {taskinstance.py:1569} INFO - Exporting the following env vars:
AIRFLOW_CTX_DAG_OWNER=airflow
AIRFLOW_CTX_DAG_ID=get_stocks_dag
AIRFLOW_CTX_TASK_ID=AAPL
AIRFLOW_CTX_EXECUTION_DATE=2024-03-09T00:00:00+00:00
AIRFLOW_CTX_TRY_NUMBER=1
AIRFLOW_CTX_DAG_RUN_ID=scheduled__2024-03-09T00:00:00+00:00
[2024-04-02 17:19:39,067] {python.py:173} INFO - Done. Returned value was: None
[2024-04-02 17:19:39,205] {taskinstance.py:1395} INFO - Marking task as SUCCESS. dag_id=get_stocks_dag, task_id=AAPL, execution_date=20240309T000000, start_date=20240402T201935, end_date=20240402T201939
[2024-04-02 17:19:39,376] {local_task_job.py:156} INFO - Task exited with return code 0
[2024-04-02 17:19:40,137] {local_task_job.py:273} INFO - 0 downstream tasks scheduled from follow-on schedule check
[2024-04-02 17:46:21,373] {taskinstance.py:1159} INFO - Dependencies all met for <TaskInstance: get_stocks_dag.AAPL scheduled__2024-03-09T00:00:00+00:00 [queued]>
[2024-04-02 17:46:21,388] {taskinstance.py:1159} INFO - Dependencies all met for <TaskInstance: get_stocks_dag.AAPL scheduled__2024-03-09T00:00:00+00:00 [queued]>
[2024-04-02 17:46:21,388] {taskinstance.py:1356} INFO - 
--------------------------------------------------------------------------------
[2024-04-02 17:46:21,389] {taskinstance.py:1357} INFO - Starting attempt 1 of 1
[2024-04-02 17:46:21,389] {taskinstance.py:1358} INFO - 
--------------------------------------------------------------------------------
[2024-04-02 17:46:21,404] {taskinstance.py:1377} INFO - Executing <Task(_PythonDecoratedOperator): AAPL> on 2024-03-09 00:00:00+00:00
[2024-04-02 17:46:21,409] {standard_task_runner.py:52} INFO - Started process 23455 to run task
[2024-04-02 17:46:21,418] {standard_task_runner.py:79} INFO - Running: ['airflow', 'tasks', 'run', 'get_stocks_dag', 'AAPL', 'scheduled__2024-03-09T00:00:00+00:00', '--job-id', '447', '--raw', '--subdir', 'DAGS_FOLDER/get_stocks.py', '--cfg-path', '/tmp/tmps9ccqmdu', '--error-file', '/tmp/tmprafiibzj']
[2024-04-02 17:46:21,419] {standard_task_runner.py:80} INFO - Job 447: Subtask AAPL
[2024-04-02 17:46:21,564] {task_command.py:370} INFO - Running <TaskInstance: get_stocks_dag.AAPL scheduled__2024-03-09T00:00:00+00:00 [running]> on host alexmend-virtual-machine
[2024-04-02 17:46:21,676] {taskinstance.py:1569} INFO - Exporting the following env vars:
AIRFLOW_CTX_DAG_OWNER=airflow
AIRFLOW_CTX_DAG_ID=get_stocks_dag
AIRFLOW_CTX_TASK_ID=AAPL
AIRFLOW_CTX_EXECUTION_DATE=2024-03-09T00:00:00+00:00
AIRFLOW_CTX_TRY_NUMBER=1
AIRFLOW_CTX_DAG_RUN_ID=scheduled__2024-03-09T00:00:00+00:00
[2024-04-02 17:46:22,533] {python.py:173} INFO - Done. Returned value was: None
[2024-04-02 17:46:22,596] {taskinstance.py:1395} INFO - Marking task as SUCCESS. dag_id=get_stocks_dag, task_id=AAPL, execution_date=20240309T000000, start_date=20240402T204621, end_date=20240402T204622
[2024-04-02 17:46:22,678] {local_task_job.py:156} INFO - Task exited with return code 0
[2024-04-02 17:46:22,761] {local_task_job.py:273} INFO - 0 downstream tasks scheduled from follow-on schedule check
[2024-04-02 19:15:16,452] {taskinstance.py:1159} INFO - Dependencies all met for <TaskInstance: get_stocks_dag.AAPL scheduled__2024-03-09T00:00:00+00:00 [queued]>
[2024-04-02 19:15:16,499] {taskinstance.py:1159} INFO - Dependencies all met for <TaskInstance: get_stocks_dag.AAPL scheduled__2024-03-09T00:00:00+00:00 [queued]>
[2024-04-02 19:15:16,501] {taskinstance.py:1356} INFO - 
--------------------------------------------------------------------------------
[2024-04-02 19:15:16,502] {taskinstance.py:1357} INFO - Starting attempt 1 of 1
[2024-04-02 19:15:16,502] {taskinstance.py:1358} INFO - 
--------------------------------------------------------------------------------
[2024-04-02 19:15:16,529] {taskinstance.py:1377} INFO - Executing <Task(_PythonDecoratedOperator): AAPL> on 2024-03-09 00:00:00+00:00
[2024-04-02 19:15:16,538] {standard_task_runner.py:52} INFO - Started process 14533 to run task
[2024-04-02 19:15:16,548] {standard_task_runner.py:79} INFO - Running: ['airflow', 'tasks', 'run', 'get_stocks_dag', 'AAPL', 'scheduled__2024-03-09T00:00:00+00:00', '--job-id', '547', '--raw', '--subdir', 'DAGS_FOLDER/get_stocks.py', '--cfg-path', '/tmp/tmp93kc5mc7', '--error-file', '/tmp/tmp_s9tc53p']
[2024-04-02 19:15:16,550] {standard_task_runner.py:80} INFO - Job 547: Subtask AAPL
[2024-04-02 19:15:16,701] {task_command.py:370} INFO - Running <TaskInstance: get_stocks_dag.AAPL scheduled__2024-03-09T00:00:00+00:00 [running]> on host alexmend-virtual-machine
[2024-04-02 19:15:16,828] {taskinstance.py:1569} INFO - Exporting the following env vars:
AIRFLOW_CTX_DAG_OWNER=airflow
AIRFLOW_CTX_DAG_ID=get_stocks_dag
AIRFLOW_CTX_TASK_ID=AAPL
AIRFLOW_CTX_EXECUTION_DATE=2024-03-09T00:00:00+00:00
AIRFLOW_CTX_TRY_NUMBER=1
AIRFLOW_CTX_DAG_RUN_ID=scheduled__2024-03-09T00:00:00+00:00
[2024-04-02 19:15:18,724] {python.py:173} INFO - Done. Returned value was: None
[2024-04-02 19:15:18,760] {taskinstance.py:1395} INFO - Marking task as SUCCESS. dag_id=get_stocks_dag, task_id=AAPL, execution_date=20240309T000000, start_date=20240402T221516, end_date=20240402T221518
[2024-04-02 19:15:18,824] {local_task_job.py:156} INFO - Task exited with return code 0
[2024-04-02 19:15:18,893] {local_task_job.py:273} INFO - 0 downstream tasks scheduled from follow-on schedule check
[2024-04-02 20:39:01,861] {taskinstance.py:1159} INFO - Dependencies all met for <TaskInstance: get_stocks_dag.AAPL scheduled__2024-03-09T00:00:00+00:00 [queued]>
[2024-04-02 20:39:01,890] {taskinstance.py:1159} INFO - Dependencies all met for <TaskInstance: get_stocks_dag.AAPL scheduled__2024-03-09T00:00:00+00:00 [queued]>
[2024-04-02 20:39:01,890] {taskinstance.py:1356} INFO - 
--------------------------------------------------------------------------------
[2024-04-02 20:39:01,891] {taskinstance.py:1357} INFO - Starting attempt 1 of 1
[2024-04-02 20:39:01,891] {taskinstance.py:1358} INFO - 
--------------------------------------------------------------------------------
[2024-04-02 20:39:01,924] {taskinstance.py:1377} INFO - Executing <Task(_PythonDecoratedOperator): AAPL> on 2024-03-09 00:00:00+00:00
[2024-04-02 20:39:01,936] {standard_task_runner.py:52} INFO - Started process 25912 to run task
[2024-04-02 20:39:01,949] {standard_task_runner.py:79} INFO - Running: ['airflow', 'tasks', 'run', 'get_stocks_dag', 'AAPL', 'scheduled__2024-03-09T00:00:00+00:00', '--job-id', '649', '--raw', '--subdir', 'DAGS_FOLDER/get_stocks.py', '--cfg-path', '/tmp/tmptbwtxai_', '--error-file', '/tmp/tmpf299orhs']
[2024-04-02 20:39:01,957] {standard_task_runner.py:80} INFO - Job 649: Subtask AAPL
[2024-04-02 20:39:02,187] {task_command.py:370} INFO - Running <TaskInstance: get_stocks_dag.AAPL scheduled__2024-03-09T00:00:00+00:00 [running]> on host alexmend-virtual-machine
[2024-04-02 20:39:02,458] {taskinstance.py:1569} INFO - Exporting the following env vars:
AIRFLOW_CTX_DAG_OWNER=airflow
AIRFLOW_CTX_DAG_ID=get_stocks_dag
AIRFLOW_CTX_TASK_ID=AAPL
AIRFLOW_CTX_EXECUTION_DATE=2024-03-09T00:00:00+00:00
AIRFLOW_CTX_TRY_NUMBER=1
AIRFLOW_CTX_DAG_RUN_ID=scheduled__2024-03-09T00:00:00+00:00
[2024-04-02 20:39:03,325] {python.py:173} INFO - Done. Returned value was: None
[2024-04-02 20:39:03,383] {taskinstance.py:1395} INFO - Marking task as SUCCESS. dag_id=get_stocks_dag, task_id=AAPL, execution_date=20240309T000000, start_date=20240402T233901, end_date=20240402T233903
[2024-04-02 20:39:03,463] {local_task_job.py:156} INFO - Task exited with return code 0
[2024-04-02 20:39:03,605] {local_task_job.py:273} INFO - 0 downstream tasks scheduled from follow-on schedule check
[2024-04-02 21:48:22,939] {taskinstance.py:1159} INFO - Dependencies all met for <TaskInstance: get_stocks_dag.AAPL scheduled__2024-03-09T00:00:00+00:00 [queued]>
[2024-04-02 21:48:22,993] {taskinstance.py:1159} INFO - Dependencies all met for <TaskInstance: get_stocks_dag.AAPL scheduled__2024-03-09T00:00:00+00:00 [queued]>
[2024-04-02 21:48:22,995] {taskinstance.py:1356} INFO - 
--------------------------------------------------------------------------------
[2024-04-02 21:48:22,995] {taskinstance.py:1357} INFO - Starting attempt 1 of 1
[2024-04-02 21:48:22,995] {taskinstance.py:1358} INFO - 
--------------------------------------------------------------------------------
[2024-04-02 21:48:23,036] {taskinstance.py:1377} INFO - Executing <Task(_PythonDecoratedOperator): AAPL> on 2024-03-09 00:00:00+00:00
[2024-04-02 21:48:23,054] {standard_task_runner.py:52} INFO - Started process 49554 to run task
[2024-04-02 21:48:23,056] {standard_task_runner.py:79} INFO - Running: ['airflow', 'tasks', 'run', 'get_stocks_dag', 'AAPL', 'scheduled__2024-03-09T00:00:00+00:00', '--job-id', '785', '--raw', '--subdir', 'DAGS_FOLDER/get_stocks.py', '--cfg-path', '/tmp/tmpmr70gttm', '--error-file', '/tmp/tmperdr1ar6']
[2024-04-02 21:48:23,060] {standard_task_runner.py:80} INFO - Job 785: Subtask AAPL
[2024-04-02 21:48:23,325] {task_command.py:370} INFO - Running <TaskInstance: get_stocks_dag.AAPL scheduled__2024-03-09T00:00:00+00:00 [running]> on host alexmend-virtual-machine
[2024-04-02 21:48:23,604] {taskinstance.py:1569} INFO - Exporting the following env vars:
AIRFLOW_CTX_DAG_OWNER=airflow
AIRFLOW_CTX_DAG_ID=get_stocks_dag
AIRFLOW_CTX_TASK_ID=AAPL
AIRFLOW_CTX_EXECUTION_DATE=2024-03-09T00:00:00+00:00
AIRFLOW_CTX_TRY_NUMBER=1
AIRFLOW_CTX_DAG_RUN_ID=scheduled__2024-03-09T00:00:00+00:00
[2024-04-02 21:48:34,713] {python.py:173} INFO - Done. Returned value was: None
[2024-04-02 21:48:34,764] {taskinstance.py:1395} INFO - Marking task as SUCCESS. dag_id=get_stocks_dag, task_id=AAPL, execution_date=20240309T000000, start_date=20240403T004822, end_date=20240403T004834
[2024-04-02 21:48:34,836] {local_task_job.py:156} INFO - Task exited with return code 0
[2024-04-02 21:48:34,947] {local_task_job.py:273} INFO - 0 downstream tasks scheduled from follow-on schedule check
[2024-04-02 23:00:08,928] {taskinstance.py:1159} INFO - Dependencies all met for <TaskInstance: get_stocks_dag.AAPL scheduled__2024-03-09T00:00:00+00:00 [queued]>
[2024-04-02 23:00:08,947] {taskinstance.py:1159} INFO - Dependencies all met for <TaskInstance: get_stocks_dag.AAPL scheduled__2024-03-09T00:00:00+00:00 [queued]>
[2024-04-02 23:00:08,947] {taskinstance.py:1356} INFO - 
--------------------------------------------------------------------------------
[2024-04-02 23:00:08,947] {taskinstance.py:1357} INFO - Starting attempt 1 of 1
[2024-04-02 23:00:08,947] {taskinstance.py:1358} INFO - 
--------------------------------------------------------------------------------
[2024-04-02 23:00:08,990] {taskinstance.py:1377} INFO - Executing <Task(_PythonDecoratedOperator): AAPL> on 2024-03-09 00:00:00+00:00
[2024-04-02 23:00:09,001] {standard_task_runner.py:52} INFO - Started process 75724 to run task
[2024-04-02 23:00:09,021] {standard_task_runner.py:79} INFO - Running: ['airflow', 'tasks', 'run', 'get_stocks_dag', 'AAPL', 'scheduled__2024-03-09T00:00:00+00:00', '--job-id', '1058', '--raw', '--subdir', 'DAGS_FOLDER/get_stocks.py', '--cfg-path', '/tmp/tmp0ka3rwr6', '--error-file', '/tmp/tmphslhljmc']
[2024-04-02 23:00:09,023] {standard_task_runner.py:80} INFO - Job 1058: Subtask AAPL
[2024-04-02 23:00:09,221] {task_command.py:370} INFO - Running <TaskInstance: get_stocks_dag.AAPL scheduled__2024-03-09T00:00:00+00:00 [running]> on host alexmend-virtual-machine
[2024-04-02 23:00:09,411] {taskinstance.py:1569} INFO - Exporting the following env vars:
AIRFLOW_CTX_DAG_OWNER=airflow
AIRFLOW_CTX_DAG_ID=get_stocks_dag
AIRFLOW_CTX_TASK_ID=AAPL
AIRFLOW_CTX_EXECUTION_DATE=2024-03-09T00:00:00+00:00
AIRFLOW_CTX_TRY_NUMBER=1
AIRFLOW_CTX_DAG_RUN_ID=scheduled__2024-03-09T00:00:00+00:00
[2024-04-02 23:00:20,119] {python.py:173} INFO - Done. Returned value was: None
[2024-04-02 23:00:20,152] {taskinstance.py:1395} INFO - Marking task as SUCCESS. dag_id=get_stocks_dag, task_id=AAPL, execution_date=20240309T000000, start_date=20240403T020008, end_date=20240403T020020
[2024-04-02 23:00:20,224] {local_task_job.py:156} INFO - Task exited with return code 0
[2024-04-02 23:00:20,303] {local_task_job.py:273} INFO - 0 downstream tasks scheduled from follow-on schedule check
