[2024-04-02 12:56:31,539] {taskinstance.py:1159} INFO - Dependencies all met for <TaskInstance: get_stocks_dag.MSFT scheduled__2024-01-03T00:00:00+00:00 [queued]>
[2024-04-02 12:56:31,553] {taskinstance.py:1159} INFO - Dependencies all met for <TaskInstance: get_stocks_dag.MSFT scheduled__2024-01-03T00:00:00+00:00 [queued]>
[2024-04-02 12:56:31,553] {taskinstance.py:1356} INFO - 
--------------------------------------------------------------------------------
[2024-04-02 12:56:31,553] {taskinstance.py:1357} INFO - Starting attempt 1 of 1
[2024-04-02 12:56:31,553] {taskinstance.py:1358} INFO - 
--------------------------------------------------------------------------------
[2024-04-02 12:56:31,581] {taskinstance.py:1377} INFO - Executing <Task(_PythonDecoratedOperator): MSFT> on 2024-01-03 00:00:00+00:00
[2024-04-02 12:56:31,589] {standard_task_runner.py:52} INFO - Started process 7884 to run task
[2024-04-02 12:56:31,612] {standard_task_runner.py:79} INFO - Running: ['airflow', 'tasks', 'run', 'get_stocks_dag', 'MSFT', 'scheduled__2024-01-03T00:00:00+00:00', '--job-id', '12', '--raw', '--subdir', 'DAGS_FOLDER/get_stocks.py', '--cfg-path', '/tmp/tmpd1k9b1m5', '--error-file', '/tmp/tmpoxdu7ajq']
[2024-04-02 12:56:31,614] {standard_task_runner.py:80} INFO - Job 12: Subtask MSFT
[2024-04-02 12:56:31,705] {task_command.py:370} INFO - Running <TaskInstance: get_stocks_dag.MSFT scheduled__2024-01-03T00:00:00+00:00 [running]> on host alexmend-virtual-machine
[2024-04-02 12:56:31,802] {taskinstance.py:1569} INFO - Exporting the following env vars:
AIRFLOW_CTX_DAG_OWNER=airflow
AIRFLOW_CTX_DAG_ID=get_stocks_dag
AIRFLOW_CTX_TASK_ID=MSFT
AIRFLOW_CTX_EXECUTION_DATE=2024-01-03T00:00:00+00:00
AIRFLOW_CTX_TRY_NUMBER=1
AIRFLOW_CTX_DAG_RUN_ID=scheduled__2024-01-03T00:00:00+00:00
[2024-04-02 12:56:32,882] {python.py:173} INFO - Done. Returned value was: None
[2024-04-02 12:56:32,909] {taskinstance.py:1395} INFO - Marking task as SUCCESS. dag_id=get_stocks_dag, task_id=MSFT, execution_date=20240103T000000, start_date=20240402T155631, end_date=20240402T155632
[2024-04-02 12:56:32,976] {local_task_job.py:156} INFO - Task exited with return code 0
[2024-04-02 12:56:33,065] {local_task_job.py:273} INFO - 0 downstream tasks scheduled from follow-on schedule check
[2024-04-02 17:41:37,045] {taskinstance.py:1159} INFO - Dependencies all met for <TaskInstance: get_stocks_dag.MSFT scheduled__2024-01-03T00:00:00+00:00 [queued]>
[2024-04-02 17:41:37,069] {taskinstance.py:1159} INFO - Dependencies all met for <TaskInstance: get_stocks_dag.MSFT scheduled__2024-01-03T00:00:00+00:00 [queued]>
[2024-04-02 17:41:37,069] {taskinstance.py:1356} INFO - 
--------------------------------------------------------------------------------
[2024-04-02 17:41:37,070] {taskinstance.py:1357} INFO - Starting attempt 1 of 1
[2024-04-02 17:41:37,070] {taskinstance.py:1358} INFO - 
--------------------------------------------------------------------------------
[2024-04-02 17:41:37,102] {taskinstance.py:1377} INFO - Executing <Task(_PythonDecoratedOperator): MSFT> on 2024-01-03 00:00:00+00:00
[2024-04-02 17:41:37,108] {standard_task_runner.py:52} INFO - Started process 17907 to run task
[2024-04-02 17:41:37,123] {standard_task_runner.py:79} INFO - Running: ['airflow', 'tasks', 'run', 'get_stocks_dag', 'MSFT', 'scheduled__2024-01-03T00:00:00+00:00', '--job-id', '255', '--raw', '--subdir', 'DAGS_FOLDER/get_stocks.py', '--cfg-path', '/tmp/tmpd2nogr1l', '--error-file', '/tmp/tmpd6q9lx22']
[2024-04-02 17:41:37,125] {standard_task_runner.py:80} INFO - Job 255: Subtask MSFT
[2024-04-02 17:41:37,292] {task_command.py:370} INFO - Running <TaskInstance: get_stocks_dag.MSFT scheduled__2024-01-03T00:00:00+00:00 [running]> on host alexmend-virtual-machine
[2024-04-02 17:41:37,430] {taskinstance.py:1569} INFO - Exporting the following env vars:
AIRFLOW_CTX_DAG_OWNER=airflow
AIRFLOW_CTX_DAG_ID=get_stocks_dag
AIRFLOW_CTX_TASK_ID=MSFT
AIRFLOW_CTX_EXECUTION_DATE=2024-01-03T00:00:00+00:00
AIRFLOW_CTX_TRY_NUMBER=1
AIRFLOW_CTX_DAG_RUN_ID=scheduled__2024-01-03T00:00:00+00:00
[2024-04-02 17:41:38,320] {python.py:173} INFO - Done. Returned value was: None
[2024-04-02 17:41:38,352] {taskinstance.py:1395} INFO - Marking task as SUCCESS. dag_id=get_stocks_dag, task_id=MSFT, execution_date=20240103T000000, start_date=20240402T204137, end_date=20240402T204138
[2024-04-02 17:41:38,424] {local_task_job.py:156} INFO - Task exited with return code 0
[2024-04-02 17:41:38,497] {local_task_job.py:273} INFO - 0 downstream tasks scheduled from follow-on schedule check
