[2024-04-02 21:57:33,740] {taskinstance.py:1159} INFO - Dependencies all met for <TaskInstance: get_crypto_dag.DOGE scheduled__2024-03-18T00:00:00+00:00 [queued]>
[2024-04-02 21:57:33,757] {taskinstance.py:1159} INFO - Dependencies all met for <TaskInstance: get_crypto_dag.DOGE scheduled__2024-03-18T00:00:00+00:00 [queued]>
[2024-04-02 21:57:33,757] {taskinstance.py:1356} INFO - 
--------------------------------------------------------------------------------
[2024-04-02 21:57:33,758] {taskinstance.py:1357} INFO - Starting attempt 1 of 1
[2024-04-02 21:57:33,758] {taskinstance.py:1358} INFO - 
--------------------------------------------------------------------------------
[2024-04-02 21:57:33,780] {taskinstance.py:1377} INFO - Executing <Task(_PythonDecoratedOperator): DOGE> on 2024-03-18 00:00:00+00:00
[2024-04-02 21:57:33,790] {standard_task_runner.py:52} INFO - Started process 56080 to run task
[2024-04-02 21:57:33,796] {standard_task_runner.py:79} INFO - Running: ['airflow', 'tasks', 'run', 'get_crypto_dag', 'DOGE', 'scheduled__2024-03-18T00:00:00+00:00', '--job-id', '901', '--raw', '--subdir', 'DAGS_FOLDER/get_crypto.py', '--cfg-path', '/tmp/tmpssxwywae', '--error-file', '/tmp/tmptye2vern']
[2024-04-02 21:57:33,798] {standard_task_runner.py:80} INFO - Job 901: Subtask DOGE
[2024-04-02 21:57:33,927] {task_command.py:370} INFO - Running <TaskInstance: get_crypto_dag.DOGE scheduled__2024-03-18T00:00:00+00:00 [running]> on host alexmend-virtual-machine
[2024-04-02 21:57:34,064] {taskinstance.py:1569} INFO - Exporting the following env vars:
AIRFLOW_CTX_DAG_OWNER=airflow
AIRFLOW_CTX_DAG_ID=get_crypto_dag
AIRFLOW_CTX_TASK_ID=DOGE
AIRFLOW_CTX_EXECUTION_DATE=2024-03-18T00:00:00+00:00
AIRFLOW_CTX_TRY_NUMBER=1
AIRFLOW_CTX_DAG_RUN_ID=scheduled__2024-03-18T00:00:00+00:00
[2024-04-02 21:57:37,685] {history.py:90} ERROR - DOGE: No timezone found, symbol may be delisted
[2024-04-02 21:57:47,699] {python.py:173} INFO - Done. Returned value was: None
[2024-04-02 21:57:47,806] {taskinstance.py:1395} INFO - Marking task as SUCCESS. dag_id=get_crypto_dag, task_id=DOGE, execution_date=20240318T000000, start_date=20240403T005733, end_date=20240403T005747
[2024-04-02 21:57:47,896] {local_task_job.py:156} INFO - Task exited with return code 0
[2024-04-02 21:57:48,096] {local_task_job.py:273} INFO - 0 downstream tasks scheduled from follow-on schedule check
[2024-04-02 23:07:21,384] {taskinstance.py:1159} INFO - Dependencies all met for <TaskInstance: get_crypto_dag.DOGE scheduled__2024-03-18T00:00:00+00:00 [queued]>
[2024-04-02 23:07:21,405] {taskinstance.py:1159} INFO - Dependencies all met for <TaskInstance: get_crypto_dag.DOGE scheduled__2024-03-18T00:00:00+00:00 [queued]>
[2024-04-02 23:07:21,405] {taskinstance.py:1356} INFO - 
--------------------------------------------------------------------------------
[2024-04-02 23:07:21,405] {taskinstance.py:1357} INFO - Starting attempt 1 of 1
[2024-04-02 23:07:21,405] {taskinstance.py:1358} INFO - 
--------------------------------------------------------------------------------
[2024-04-02 23:07:21,430] {taskinstance.py:1377} INFO - Executing <Task(_PythonDecoratedOperator): DOGE> on 2024-03-18 00:00:00+00:00
[2024-04-02 23:07:21,441] {standard_task_runner.py:52} INFO - Started process 79881 to run task
[2024-04-02 23:07:21,456] {standard_task_runner.py:79} INFO - Running: ['airflow', 'tasks', 'run', 'get_crypto_dag', 'DOGE', 'scheduled__2024-03-18T00:00:00+00:00', '--job-id', '1114', '--raw', '--subdir', 'DAGS_FOLDER/get_crypto.py', '--cfg-path', '/tmp/tmp7928ckuo', '--error-file', '/tmp/tmpex46j9eq']
[2024-04-02 23:07:21,458] {standard_task_runner.py:80} INFO - Job 1114: Subtask DOGE
[2024-04-02 23:07:21,660] {task_command.py:370} INFO - Running <TaskInstance: get_crypto_dag.DOGE scheduled__2024-03-18T00:00:00+00:00 [running]> on host alexmend-virtual-machine
[2024-04-02 23:07:21,916] {taskinstance.py:1569} INFO - Exporting the following env vars:
AIRFLOW_CTX_DAG_OWNER=airflow
AIRFLOW_CTX_DAG_ID=get_crypto_dag
AIRFLOW_CTX_TASK_ID=DOGE
AIRFLOW_CTX_EXECUTION_DATE=2024-03-18T00:00:00+00:00
AIRFLOW_CTX_TRY_NUMBER=1
AIRFLOW_CTX_DAG_RUN_ID=scheduled__2024-03-18T00:00:00+00:00
[2024-04-02 23:07:25,900] {history.py:90} ERROR - DOGE: No timezone found, symbol may be delisted
[2024-04-02 23:07:35,923] {python.py:173} INFO - Done. Returned value was: None
[2024-04-02 23:07:36,022] {taskinstance.py:1395} INFO - Marking task as SUCCESS. dag_id=get_crypto_dag, task_id=DOGE, execution_date=20240318T000000, start_date=20240403T020721, end_date=20240403T020736
[2024-04-02 23:07:36,105] {local_task_job.py:156} INFO - Task exited with return code 0
[2024-04-02 23:07:36,289] {local_task_job.py:273} INFO - 0 downstream tasks scheduled from follow-on schedule check
