[2024-04-02 21:58:22,469] {taskinstance.py:1159} INFO - Dependencies all met for <TaskInstance: get_crypto_dag.AVAX scheduled__2024-03-19T00:00:00+00:00 [queued]>
[2024-04-02 21:58:22,491] {taskinstance.py:1159} INFO - Dependencies all met for <TaskInstance: get_crypto_dag.AVAX scheduled__2024-03-19T00:00:00+00:00 [queued]>
[2024-04-02 21:58:22,491] {taskinstance.py:1356} INFO - 
--------------------------------------------------------------------------------
[2024-04-02 21:58:22,492] {taskinstance.py:1357} INFO - Starting attempt 1 of 1
[2024-04-02 21:58:22,492] {taskinstance.py:1358} INFO - 
--------------------------------------------------------------------------------
[2024-04-02 21:58:22,529] {taskinstance.py:1377} INFO - Executing <Task(_PythonDecoratedOperator): AVAX> on 2024-03-19 00:00:00+00:00
[2024-04-02 21:58:22,545] {standard_task_runner.py:52} INFO - Started process 56763 to run task
[2024-04-02 21:58:22,565] {standard_task_runner.py:79} INFO - Running: ['airflow', 'tasks', 'run', 'get_crypto_dag', 'AVAX', 'scheduled__2024-03-19T00:00:00+00:00', '--job-id', '912', '--raw', '--subdir', 'DAGS_FOLDER/get_crypto.py', '--cfg-path', '/tmp/tmppmetmz95', '--error-file', '/tmp/tmpoy0f22r8']
[2024-04-02 21:58:22,568] {standard_task_runner.py:80} INFO - Job 912: Subtask AVAX
[2024-04-02 21:58:22,764] {task_command.py:370} INFO - Running <TaskInstance: get_crypto_dag.AVAX scheduled__2024-03-19T00:00:00+00:00 [running]> on host alexmend-virtual-machine
[2024-04-02 21:58:22,918] {taskinstance.py:1569} INFO - Exporting the following env vars:
AIRFLOW_CTX_DAG_OWNER=airflow
AIRFLOW_CTX_DAG_ID=get_crypto_dag
AIRFLOW_CTX_TASK_ID=AVAX
AIRFLOW_CTX_EXECUTION_DATE=2024-03-19T00:00:00+00:00
AIRFLOW_CTX_TRY_NUMBER=1
AIRFLOW_CTX_DAG_RUN_ID=scheduled__2024-03-19T00:00:00+00:00
[2024-04-02 21:58:28,844] {history.py:90} ERROR - AVAX: No timezone found, symbol may be delisted
[2024-04-02 21:58:38,869] {python.py:173} INFO - Done. Returned value was: None
[2024-04-02 21:58:38,895] {taskinstance.py:1395} INFO - Marking task as SUCCESS. dag_id=get_crypto_dag, task_id=AVAX, execution_date=20240319T000000, start_date=20240403T005822, end_date=20240403T005838
[2024-04-02 21:58:38,974] {local_task_job.py:156} INFO - Task exited with return code 0
[2024-04-02 21:58:39,042] {local_task_job.py:273} INFO - 0 downstream tasks scheduled from follow-on schedule check
[2024-04-02 23:08:07,040] {taskinstance.py:1159} INFO - Dependencies all met for <TaskInstance: get_crypto_dag.AVAX scheduled__2024-03-19T00:00:00+00:00 [queued]>
[2024-04-02 23:08:07,093] {taskinstance.py:1159} INFO - Dependencies all met for <TaskInstance: get_crypto_dag.AVAX scheduled__2024-03-19T00:00:00+00:00 [queued]>
[2024-04-02 23:08:07,098] {taskinstance.py:1356} INFO - 
--------------------------------------------------------------------------------
[2024-04-02 23:08:07,098] {taskinstance.py:1357} INFO - Starting attempt 1 of 1
[2024-04-02 23:08:07,098] {taskinstance.py:1358} INFO - 
--------------------------------------------------------------------------------
[2024-04-02 23:08:07,182] {taskinstance.py:1377} INFO - Executing <Task(_PythonDecoratedOperator): AVAX> on 2024-03-19 00:00:00+00:00
[2024-04-02 23:08:07,202] {standard_task_runner.py:52} INFO - Started process 80359 to run task
[2024-04-02 23:08:07,241] {standard_task_runner.py:79} INFO - Running: ['airflow', 'tasks', 'run', 'get_crypto_dag', 'AVAX', 'scheduled__2024-03-19T00:00:00+00:00', '--job-id', '1120', '--raw', '--subdir', 'DAGS_FOLDER/get_crypto.py', '--cfg-path', '/tmp/tmpxf242j2o', '--error-file', '/tmp/tmp48mgcnfr']
[2024-04-02 23:08:07,258] {standard_task_runner.py:80} INFO - Job 1120: Subtask AVAX
[2024-04-02 23:08:07,495] {task_command.py:370} INFO - Running <TaskInstance: get_crypto_dag.AVAX scheduled__2024-03-19T00:00:00+00:00 [running]> on host alexmend-virtual-machine
[2024-04-02 23:08:07,763] {taskinstance.py:1569} INFO - Exporting the following env vars:
AIRFLOW_CTX_DAG_OWNER=airflow
AIRFLOW_CTX_DAG_ID=get_crypto_dag
AIRFLOW_CTX_TASK_ID=AVAX
AIRFLOW_CTX_EXECUTION_DATE=2024-03-19T00:00:00+00:00
AIRFLOW_CTX_TRY_NUMBER=1
AIRFLOW_CTX_DAG_RUN_ID=scheduled__2024-03-19T00:00:00+00:00
[2024-04-02 23:08:11,306] {history.py:90} ERROR - AVAX: No timezone found, symbol may be delisted
[2024-04-02 23:08:21,323] {python.py:173} INFO - Done. Returned value was: None
[2024-04-02 23:08:21,355] {taskinstance.py:1395} INFO - Marking task as SUCCESS. dag_id=get_crypto_dag, task_id=AVAX, execution_date=20240319T000000, start_date=20240403T020807, end_date=20240403T020821
[2024-04-02 23:08:21,427] {local_task_job.py:156} INFO - Task exited with return code 0
[2024-04-02 23:08:21,487] {local_task_job.py:273} INFO - 0 downstream tasks scheduled from follow-on schedule check
