[2024-04-02 21:50:22,889] {taskinstance.py:1159} INFO - Dependencies all met for <TaskInstance: get_crypto_dag.AVAX scheduled__2024-03-08T00:00:00+00:00 [queued]>
[2024-04-02 21:50:22,918] {taskinstance.py:1159} INFO - Dependencies all met for <TaskInstance: get_crypto_dag.AVAX scheduled__2024-03-08T00:00:00+00:00 [queued]>
[2024-04-02 21:50:22,919] {taskinstance.py:1356} INFO - 
--------------------------------------------------------------------------------
[2024-04-02 21:50:22,919] {taskinstance.py:1357} INFO - Starting attempt 1 of 1
[2024-04-02 21:50:22,919] {taskinstance.py:1358} INFO - 
--------------------------------------------------------------------------------
[2024-04-02 21:50:22,956] {taskinstance.py:1377} INFO - Executing <Task(_PythonDecoratedOperator): AVAX> on 2024-03-08 00:00:00+00:00
[2024-04-02 21:50:22,970] {standard_task_runner.py:52} INFO - Started process 51122 to run task
[2024-04-02 21:50:22,982] {standard_task_runner.py:79} INFO - Running: ['airflow', 'tasks', 'run', 'get_crypto_dag', 'AVAX', 'scheduled__2024-03-08T00:00:00+00:00', '--job-id', '813', '--raw', '--subdir', 'DAGS_FOLDER/get_crypto.py', '--cfg-path', '/tmp/tmpo66qxatz', '--error-file', '/tmp/tmph7ub8qyq']
[2024-04-02 21:50:22,990] {standard_task_runner.py:80} INFO - Job 813: Subtask AVAX
[2024-04-02 21:50:23,220] {task_command.py:370} INFO - Running <TaskInstance: get_crypto_dag.AVAX scheduled__2024-03-08T00:00:00+00:00 [running]> on host alexmend-virtual-machine
[2024-04-02 21:50:23,418] {taskinstance.py:1569} INFO - Exporting the following env vars:
AIRFLOW_CTX_DAG_OWNER=airflow
AIRFLOW_CTX_DAG_ID=get_crypto_dag
AIRFLOW_CTX_TASK_ID=AVAX
AIRFLOW_CTX_EXECUTION_DATE=2024-03-08T00:00:00+00:00
AIRFLOW_CTX_TRY_NUMBER=1
AIRFLOW_CTX_DAG_RUN_ID=scheduled__2024-03-08T00:00:00+00:00
[2024-04-02 21:50:26,971] {history.py:90} ERROR - AVAX: No timezone found, symbol may be delisted
[2024-04-02 21:50:37,009] {python.py:173} INFO - Done. Returned value was: None
[2024-04-02 21:50:37,048] {taskinstance.py:1395} INFO - Marking task as SUCCESS. dag_id=get_crypto_dag, task_id=AVAX, execution_date=20240308T000000, start_date=20240403T005022, end_date=20240403T005037
[2024-04-02 21:50:37,098] {local_task_job.py:156} INFO - Task exited with return code 0
[2024-04-02 21:50:37,278] {local_task_job.py:273} INFO - 0 downstream tasks scheduled from follow-on schedule check
[2024-04-02 22:59:15,265] {taskinstance.py:1159} INFO - Dependencies all met for <TaskInstance: get_crypto_dag.AVAX scheduled__2024-03-08T00:00:00+00:00 [queued]>
[2024-04-02 22:59:15,286] {taskinstance.py:1159} INFO - Dependencies all met for <TaskInstance: get_crypto_dag.AVAX scheduled__2024-03-08T00:00:00+00:00 [queued]>
[2024-04-02 22:59:15,286] {taskinstance.py:1356} INFO - 
--------------------------------------------------------------------------------
[2024-04-02 22:59:15,286] {taskinstance.py:1357} INFO - Starting attempt 1 of 1
[2024-04-02 22:59:15,287] {taskinstance.py:1358} INFO - 
--------------------------------------------------------------------------------
[2024-04-02 22:59:15,320] {taskinstance.py:1377} INFO - Executing <Task(_PythonDecoratedOperator): AVAX> on 2024-03-08 00:00:00+00:00
[2024-04-02 22:59:15,336] {standard_task_runner.py:52} INFO - Started process 75263 to run task
[2024-04-02 22:59:15,356] {standard_task_runner.py:79} INFO - Running: ['airflow', 'tasks', 'run', 'get_crypto_dag', 'AVAX', 'scheduled__2024-03-08T00:00:00+00:00', '--job-id', '1052', '--raw', '--subdir', 'DAGS_FOLDER/get_crypto.py', '--cfg-path', '/tmp/tmpjgryiwi3', '--error-file', '/tmp/tmptydu3wm7']
[2024-04-02 22:59:15,360] {standard_task_runner.py:80} INFO - Job 1052: Subtask AVAX
[2024-04-02 22:59:15,551] {task_command.py:370} INFO - Running <TaskInstance: get_crypto_dag.AVAX scheduled__2024-03-08T00:00:00+00:00 [running]> on host alexmend-virtual-machine
[2024-04-02 22:59:15,859] {taskinstance.py:1569} INFO - Exporting the following env vars:
AIRFLOW_CTX_DAG_OWNER=airflow
AIRFLOW_CTX_DAG_ID=get_crypto_dag
AIRFLOW_CTX_TASK_ID=AVAX
AIRFLOW_CTX_EXECUTION_DATE=2024-03-08T00:00:00+00:00
AIRFLOW_CTX_TRY_NUMBER=1
AIRFLOW_CTX_DAG_RUN_ID=scheduled__2024-03-08T00:00:00+00:00
[2024-04-02 22:59:20,045] {history.py:90} ERROR - AVAX: No timezone found, symbol may be delisted
[2024-04-02 22:59:30,184] {python.py:173} INFO - Done. Returned value was: None
[2024-04-02 22:59:30,235] {taskinstance.py:1395} INFO - Marking task as SUCCESS. dag_id=get_crypto_dag, task_id=AVAX, execution_date=20240308T000000, start_date=20240403T015915, end_date=20240403T015930
[2024-04-02 22:59:30,341] {local_task_job.py:156} INFO - Task exited with return code 0
[2024-04-02 22:59:30,453] {local_task_job.py:273} INFO - 0 downstream tasks scheduled from follow-on schedule check
